2021-12-28 11:31:13.810 | INFO     | __main__:<module>:77 - | start training .... |
2021-12-28 11:31:25.183 | INFO     | __main__:<module>:105 - | epoch : 0 | training done |
2021-12-28 11:31:26.245 | CRITICAL | __main__:<module>:131 - | epoch : 0 | best_val_dice_score : 0.6033138905907522 |
2021-12-28 11:31:37.641 | INFO     | __main__:<module>:105 - | epoch : 1 | training done |
2021-12-28 11:31:38.750 | CRITICAL | __main__:<module>:131 - | epoch : 1 | best_val_dice_score : 0.6826061563771252 |
2021-12-28 11:31:50.365 | INFO     | __main__:<module>:105 - | epoch : 2 | training done |
2021-12-28 11:31:51.432 | CRITICAL | __main__:<module>:131 - | epoch : 2 | best_val_dice_score : 0.7205484387500377 |
2021-12-28 11:32:07.808 | INFO     | __main__:<module>:105 - | epoch : 3 | training done |
2021-12-28 11:32:09.029 | CRITICAL | __main__:<module>:131 - | epoch : 3 | best_val_dice_score : 0.7314849513081201 |
2021-12-28 11:32:28.207 | INFO     | __main__:<module>:105 - | epoch : 4 | training done |
2021-12-28 11:32:29.476 | CRITICAL | __main__:<module>:131 - | epoch : 4 | best_val_dice_score : 0.7523632473190707 |
2021-12-28 11:32:48.417 | INFO     | __main__:<module>:105 - | epoch : 5 | training done |
2021-12-28 11:32:49.655 | CRITICAL | __main__:<module>:131 - | epoch : 5 | best_val_dice_score : 0.7784090464457518 |
2021-12-28 11:33:08.672 | INFO     | __main__:<module>:105 - | epoch : 6 | training done |
2021-12-28 11:33:09.911 | CRITICAL | __main__:<module>:131 - | epoch : 6 | best_val_dice_score : 0.8021212552748573 |
2021-12-28 11:33:29.152 | INFO     | __main__:<module>:105 - | epoch : 7 | training done |
2021-12-28 11:33:30.402 | INFO     | __main__:<module>:134 - | epoch : 7 | val done |
2021-12-28 11:33:49.105 | INFO     | __main__:<module>:105 - | epoch : 8 | training done |
2021-12-28 11:33:50.344 | INFO     | __main__:<module>:134 - | epoch : 8 | val done |
2021-12-28 11:34:09.232 | INFO     | __main__:<module>:105 - | epoch : 9 | training done |
2021-12-28 11:34:10.465 | INFO     | __main__:<module>:134 - | epoch : 9 | val done |
2021-12-28 11:34:29.188 | INFO     | __main__:<module>:105 - | epoch : 10 | training done |
2021-12-28 11:34:30.396 | CRITICAL | __main__:<module>:131 - | epoch : 10 | best_val_dice_score : 0.8073451552548555 |
2021-12-28 11:34:49.542 | INFO     | __main__:<module>:105 - | epoch : 11 | training done |
2021-12-28 11:34:50.842 | CRITICAL | __main__:<module>:131 - | epoch : 11 | best_val_dice_score : 0.821170739342802 |
2021-12-28 11:35:09.967 | INFO     | __main__:<module>:105 - | epoch : 12 | training done |
2021-12-28 11:35:11.193 | CRITICAL | __main__:<module>:131 - | epoch : 12 | best_val_dice_score : 0.8305749286127004 |
2021-12-28 11:35:30.216 | INFO     | __main__:<module>:105 - | epoch : 13 | training done |
2021-12-28 11:35:31.480 | CRITICAL | __main__:<module>:131 - | epoch : 13 | best_val_dice_score : 0.8610582201035415 |
2021-12-28 11:35:50.409 | INFO     | __main__:<module>:105 - | epoch : 14 | training done |
2021-12-28 11:35:51.625 | INFO     | __main__:<module>:134 - | epoch : 14 | val done |
2021-12-28 11:36:10.552 | INFO     | __main__:<module>:105 - | epoch : 15 | training done |
2021-12-28 11:36:11.792 | INFO     | __main__:<module>:134 - | epoch : 15 | val done |
2021-12-28 11:36:31.276 | INFO     | __main__:<module>:105 - | epoch : 16 | training done |
2021-12-28 11:36:32.671 | CRITICAL | __main__:<module>:131 - | epoch : 16 | best_val_dice_score : 0.8748734652066814 |
2021-12-28 11:36:52.726 | INFO     | __main__:<module>:105 - | epoch : 17 | training done |
2021-12-28 11:36:54.037 | INFO     | __main__:<module>:134 - | epoch : 17 | val done |
2021-12-28 11:37:13.664 | INFO     | __main__:<module>:105 - | epoch : 18 | training done |
2021-12-28 11:37:14.830 | INFO     | __main__:<module>:134 - | epoch : 18 | val done |
2021-12-28 11:37:34.762 | INFO     | __main__:<module>:105 - | epoch : 19 | training done |
2021-12-28 11:37:35.976 | INFO     | __main__:<module>:134 - | epoch : 19 | val done |
2021-12-28 11:37:56.081 | INFO     | __main__:<module>:105 - | epoch : 20 | training done |
2021-12-28 11:37:57.203 | INFO     | __main__:<module>:134 - | epoch : 20 | val done |
2021-12-28 11:38:16.806 | INFO     | __main__:<module>:105 - | epoch : 21 | training done |
2021-12-28 11:38:18.058 | INFO     | __main__:<module>:134 - | epoch : 21 | val done |
2021-12-28 11:38:37.270 | INFO     | __main__:<module>:105 - | epoch : 22 | training done |
2021-12-28 11:38:38.529 | CRITICAL | __main__:<module>:131 - | epoch : 22 | best_val_dice_score : 0.8913811227455006 |
2021-12-28 11:38:57.734 | INFO     | __main__:<module>:105 - | epoch : 23 | training done |
2021-12-28 11:38:58.972 | INFO     | __main__:<module>:134 - | epoch : 23 | val done |
2021-12-28 11:39:17.730 | INFO     | __main__:<module>:105 - | epoch : 24 | training done |
2021-12-28 11:39:18.972 | CRITICAL | __main__:<module>:131 - | epoch : 24 | best_val_dice_score : 0.9056447717212338 |
2021-12-28 11:39:38.181 | INFO     | __main__:<module>:105 - | epoch : 25 | training done |
2021-12-28 11:39:39.415 | INFO     | __main__:<module>:134 - | epoch : 25 | val done |
2021-12-28 11:39:58.395 | INFO     | __main__:<module>:105 - | epoch : 26 | training done |
2021-12-28 11:39:59.621 | INFO     | __main__:<module>:134 - | epoch : 26 | val done |
2021-12-28 11:40:18.440 | INFO     | __main__:<module>:105 - | epoch : 27 | training done |
2021-12-28 11:40:19.708 | INFO     | __main__:<module>:134 - | epoch : 27 | val done |
2021-12-28 11:40:38.844 | INFO     | __main__:<module>:105 - | epoch : 28 | training done |
2021-12-28 11:40:40.100 | CRITICAL | __main__:<module>:131 - | epoch : 28 | best_val_dice_score : 0.9111432050077952 |
2021-12-28 11:40:59.245 | INFO     | __main__:<module>:105 - | epoch : 29 | training done |
2021-12-28 11:41:00.522 | INFO     | __main__:<module>:134 - | epoch : 29 | val done |
2021-12-28 11:41:19.303 | INFO     | __main__:<module>:105 - | epoch : 30 | training done |
2021-12-28 11:41:20.583 | CRITICAL | __main__:<module>:131 - | epoch : 30 | best_val_dice_score : 0.9121677621267863 |
2021-12-28 11:41:40.184 | INFO     | __main__:<module>:105 - | epoch : 31 | training done |
2021-12-28 11:41:41.448 | INFO     | __main__:<module>:134 - | epoch : 31 | val done |
2021-12-28 11:42:00.264 | INFO     | __main__:<module>:105 - | epoch : 32 | training done |
2021-12-28 11:42:01.562 | CRITICAL | __main__:<module>:131 - | epoch : 32 | best_val_dice_score : 0.9144176796703619 |
2021-12-28 11:42:20.670 | INFO     | __main__:<module>:105 - | epoch : 33 | training done |
2021-12-28 11:42:21.909 | CRITICAL | __main__:<module>:131 - | epoch : 33 | best_val_dice_score : 0.9213260773320275 |
2021-12-28 11:42:41.164 | INFO     | __main__:<module>:105 - | epoch : 34 | training done |
2021-12-28 11:42:42.439 | INFO     | __main__:<module>:134 - | epoch : 34 | val done |
2021-12-28 11:43:01.363 | INFO     | __main__:<module>:105 - | epoch : 35 | training done |
2021-12-28 11:43:02.629 | INFO     | __main__:<module>:134 - | epoch : 35 | val done |
2021-12-28 11:43:21.647 | INFO     | __main__:<module>:105 - | epoch : 36 | training done |
2021-12-28 11:43:22.886 | INFO     | __main__:<module>:134 - | epoch : 36 | val done |
2021-12-28 11:43:41.840 | INFO     | __main__:<module>:105 - | epoch : 37 | training done |
2021-12-28 11:43:43.067 | CRITICAL | __main__:<module>:131 - | epoch : 37 | best_val_dice_score : 0.9305676469890032 |
2021-12-28 11:44:02.006 | INFO     | __main__:<module>:105 - | epoch : 38 | training done |
2021-12-28 11:44:03.245 | INFO     | __main__:<module>:134 - | epoch : 38 | val done |
2021-12-28 11:44:22.082 | INFO     | __main__:<module>:105 - | epoch : 39 | training done |
2021-12-28 11:44:23.332 | CRITICAL | __main__:<module>:131 - | epoch : 39 | best_val_dice_score : 0.9354136255088945 |
2021-12-28 11:44:43.894 | INFO     | __main__:<module>:105 - | epoch : 40 | training done |
2021-12-28 11:44:45.285 | INFO     | __main__:<module>:134 - | epoch : 40 | val done |
2021-12-28 11:45:03.978 | INFO     | __main__:<module>:105 - | epoch : 41 | training done |
2021-12-28 11:45:05.212 | INFO     | __main__:<module>:134 - | epoch : 41 | val done |
2021-12-28 11:45:24.483 | INFO     | __main__:<module>:105 - | epoch : 42 | training done |
2021-12-28 11:45:25.748 | INFO     | __main__:<module>:134 - | epoch : 42 | val done |
2021-12-28 11:45:45.320 | INFO     | __main__:<module>:105 - | epoch : 43 | training done |
2021-12-28 11:45:46.675 | INFO     | __main__:<module>:134 - | epoch : 43 | val done |
2021-12-28 11:46:07.168 | INFO     | __main__:<module>:105 - | epoch : 44 | training done |
2021-12-28 11:46:08.639 | INFO     | __main__:<module>:134 - | epoch : 44 | val done |
2021-12-28 11:46:29.258 | INFO     | __main__:<module>:105 - | epoch : 45 | training done |
2021-12-28 11:46:30.424 | INFO     | __main__:<module>:134 - | epoch : 45 | val done |
2021-12-28 11:46:50.492 | INFO     | __main__:<module>:105 - | epoch : 46 | training done |
2021-12-28 11:46:51.711 | INFO     | __main__:<module>:134 - | epoch : 46 | val done |
2021-12-28 11:47:11.807 | INFO     | __main__:<module>:105 - | epoch : 47 | training done |
2021-12-28 11:47:12.938 | INFO     | __main__:<module>:134 - | epoch : 47 | val done |
2021-12-28 11:47:32.457 | INFO     | __main__:<module>:105 - | epoch : 48 | training done |
2021-12-28 11:47:33.699 | INFO     | __main__:<module>:134 - | epoch : 48 | val done |
2021-12-28 11:47:53.016 | INFO     | __main__:<module>:105 - | epoch : 49 | training done |
2021-12-28 11:47:54.284 | INFO     | __main__:<module>:134 - | epoch : 49 | val done |
2021-12-28 11:48:13.727 | INFO     | __main__:<module>:105 - | epoch : 50 | training done |
2021-12-28 11:48:14.947 | INFO     | __main__:<module>:134 - | epoch : 50 | val done |
2021-12-28 11:48:33.900 | INFO     | __main__:<module>:105 - | epoch : 51 | training done |
2021-12-28 11:48:35.129 | INFO     | __main__:<module>:134 - | epoch : 51 | val done |
2021-12-28 11:48:55.966 | INFO     | __main__:<module>:105 - | epoch : 52 | training done |
2021-12-28 11:48:57.389 | INFO     | __main__:<module>:134 - | epoch : 52 | val done |
2021-12-28 11:49:16.265 | INFO     | __main__:<module>:105 - | epoch : 53 | training done |
2021-12-28 11:49:17.529 | INFO     | __main__:<module>:134 - | epoch : 53 | val done |
2021-12-28 11:49:38.226 | INFO     | __main__:<module>:105 - | epoch : 54 | training done |
2021-12-28 11:49:39.442 | INFO     | __main__:<module>:134 - | epoch : 54 | val done |
2021-12-28 11:49:57.999 | INFO     | __main__:<module>:105 - | epoch : 55 | training done |
2021-12-28 11:49:59.259 | INFO     | __main__:<module>:134 - | epoch : 55 | val done |
2021-12-28 11:50:18.017 | INFO     | __main__:<module>:105 - | epoch : 56 | training done |
2021-12-28 11:50:19.241 | CRITICAL | __main__:<module>:131 - | epoch : 56 | best_val_dice_score : 0.9378671443791423 |
2021-12-28 11:50:38.434 | INFO     | __main__:<module>:105 - | epoch : 57 | training done |
2021-12-28 11:50:39.662 | INFO     | __main__:<module>:134 - | epoch : 57 | val done |
2021-12-28 11:50:59.303 | INFO     | __main__:<module>:105 - | epoch : 58 | training done |
2021-12-28 11:51:00.722 | INFO     | __main__:<module>:134 - | epoch : 58 | val done |
2021-12-28 11:51:19.567 | INFO     | __main__:<module>:105 - | epoch : 59 | training done |
2021-12-28 11:51:20.788 | INFO     | __main__:<module>:134 - | epoch : 59 | val done |
2021-12-28 11:51:39.675 | INFO     | __main__:<module>:105 - | epoch : 60 | training done |
2021-12-28 11:51:40.943 | INFO     | __main__:<module>:134 - | epoch : 60 | val done |
2021-12-28 11:51:59.783 | INFO     | __main__:<module>:105 - | epoch : 61 | training done |
2021-12-28 11:52:01.057 | INFO     | __main__:<module>:134 - | epoch : 61 | val done |
2021-12-28 11:52:19.937 | INFO     | __main__:<module>:105 - | epoch : 62 | training done |
2021-12-28 11:52:21.210 | INFO     | __main__:<module>:134 - | epoch : 62 | val done |
2021-12-28 11:52:40.173 | INFO     | __main__:<module>:105 - | epoch : 63 | training done |
2021-12-28 11:52:41.386 | INFO     | __main__:<module>:134 - | epoch : 63 | val done |
2021-12-28 11:53:00.284 | INFO     | __main__:<module>:105 - | epoch : 64 | training done |
2021-12-28 11:53:01.555 | CRITICAL | __main__:<module>:131 - | epoch : 64 | best_val_dice_score : 0.9397007212604693 |
2021-12-28 11:53:20.689 | INFO     | __main__:<module>:105 - | epoch : 65 | training done |
2021-12-28 11:53:21.913 | INFO     | __main__:<module>:134 - | epoch : 65 | val done |
2021-12-28 11:53:40.800 | INFO     | __main__:<module>:105 - | epoch : 66 | training done |
2021-12-28 11:53:42.035 | CRITICAL | __main__:<module>:131 - | epoch : 66 | best_val_dice_score : 0.9406148766693084 |
2021-12-28 11:54:01.182 | INFO     | __main__:<module>:105 - | epoch : 67 | training done |
2021-12-28 11:54:02.415 | INFO     | __main__:<module>:134 - | epoch : 67 | val done |
2021-12-28 11:54:21.751 | INFO     | __main__:<module>:105 - | epoch : 68 | training done |
2021-12-28 11:54:23.063 | INFO     | __main__:<module>:134 - | epoch : 68 | val done |
2021-12-28 11:54:42.506 | INFO     | __main__:<module>:105 - | epoch : 69 | training done |
2021-12-28 11:54:43.639 | INFO     | __main__:<module>:134 - | epoch : 69 | val done |
2021-12-28 11:55:03.552 | INFO     | __main__:<module>:105 - | epoch : 70 | training done |
2021-12-28 11:55:04.732 | INFO     | __main__:<module>:134 - | epoch : 70 | val done |
2021-12-28 11:55:24.732 | INFO     | __main__:<module>:105 - | epoch : 71 | training done |
2021-12-28 11:55:25.908 | INFO     | __main__:<module>:134 - | epoch : 71 | val done |
2021-12-28 11:55:45.865 | INFO     | __main__:<module>:105 - | epoch : 72 | training done |
2021-12-28 11:55:47.024 | INFO     | __main__:<module>:134 - | epoch : 72 | val done |
2021-12-28 11:56:06.532 | INFO     | __main__:<module>:105 - | epoch : 73 | training done |
2021-12-28 11:56:07.752 | INFO     | __main__:<module>:134 - | epoch : 73 | val done |
2021-12-28 11:56:27.159 | INFO     | __main__:<module>:105 - | epoch : 74 | training done |
2021-12-28 11:56:28.402 | CRITICAL | __main__:<module>:131 - | epoch : 74 | best_val_dice_score : 0.9450545262099317 |
2021-12-28 11:56:47.730 | INFO     | __main__:<module>:105 - | epoch : 75 | training done |
2021-12-28 11:56:48.999 | INFO     | __main__:<module>:134 - | epoch : 75 | val done |
2021-12-28 11:57:07.861 | INFO     | __main__:<module>:105 - | epoch : 76 | training done |
2021-12-28 11:57:09.124 | INFO     | __main__:<module>:134 - | epoch : 76 | val done |
2021-12-28 11:57:27.961 | INFO     | __main__:<module>:105 - | epoch : 77 | training done |
2021-12-28 11:57:29.195 | INFO     | __main__:<module>:134 - | epoch : 77 | val done |
2021-12-28 11:57:48.166 | INFO     | __main__:<module>:105 - | epoch : 78 | training done |
2021-12-28 11:57:49.410 | INFO     | __main__:<module>:134 - | epoch : 78 | val done |
2021-12-28 11:58:08.408 | INFO     | __main__:<module>:105 - | epoch : 79 | training done |
2021-12-28 11:58:09.668 | INFO     | __main__:<module>:134 - | epoch : 79 | val done |
2021-12-28 11:58:28.570 | INFO     | __main__:<module>:105 - | epoch : 80 | training done |
2021-12-28 11:58:29.824 | INFO     | __main__:<module>:134 - | epoch : 80 | val done |
2021-12-28 11:58:48.686 | INFO     | __main__:<module>:105 - | epoch : 81 | training done |
2021-12-28 11:58:49.984 | INFO     | __main__:<module>:134 - | epoch : 81 | val done |
2021-12-28 11:59:08.657 | INFO     | __main__:<module>:105 - | epoch : 82 | training done |
2021-12-28 11:59:09.936 | INFO     | __main__:<module>:134 - | epoch : 82 | val done |
2021-12-28 11:59:28.866 | INFO     | __main__:<module>:105 - | epoch : 83 | training done |
2021-12-28 11:59:30.133 | INFO     | __main__:<module>:134 - | epoch : 83 | val done |
2021-12-28 11:59:48.969 | INFO     | __main__:<module>:105 - | epoch : 84 | training done |
2021-12-28 11:59:50.181 | INFO     | __main__:<module>:134 - | epoch : 84 | val done |
2021-12-28 12:00:09.200 | INFO     | __main__:<module>:105 - | epoch : 85 | training done |
2021-12-28 12:00:10.421 | INFO     | __main__:<module>:134 - | epoch : 85 | val done |
2021-12-28 12:00:29.370 | INFO     | __main__:<module>:105 - | epoch : 86 | training done |
2021-12-28 12:00:30.610 | INFO     | __main__:<module>:134 - | epoch : 86 | val done |
2021-12-28 12:00:49.278 | INFO     | __main__:<module>:105 - | epoch : 87 | training done |
2021-12-28 12:00:50.545 | INFO     | __main__:<module>:134 - | epoch : 87 | val done |
2021-12-28 12:01:09.522 | INFO     | __main__:<module>:105 - | epoch : 88 | training done |
2021-12-28 12:01:10.780 | INFO     | __main__:<module>:134 - | epoch : 88 | val done |
2021-12-28 12:01:29.705 | INFO     | __main__:<module>:105 - | epoch : 89 | training done |
2021-12-28 12:01:30.931 | INFO     | __main__:<module>:134 - | epoch : 89 | val done |
2021-12-28 12:01:49.894 | INFO     | __main__:<module>:105 - | epoch : 90 | training done |
2021-12-28 12:01:51.155 | INFO     | __main__:<module>:134 - | epoch : 90 | val done |
2021-12-28 12:02:10.097 | INFO     | __main__:<module>:105 - | epoch : 91 | training done |
2021-12-28 12:02:11.294 | INFO     | __main__:<module>:134 - | epoch : 91 | val done |
2021-12-28 12:02:30.256 | INFO     | __main__:<module>:105 - | epoch : 92 | training done |
2021-12-28 12:02:31.464 | INFO     | __main__:<module>:134 - | epoch : 92 | val done |
2021-12-28 12:02:50.429 | INFO     | __main__:<module>:105 - | epoch : 93 | training done |
2021-12-28 12:02:51.677 | INFO     | __main__:<module>:134 - | epoch : 93 | val done |
2021-12-28 12:03:11.087 | INFO     | __main__:<module>:105 - | epoch : 94 | training done |
2021-12-28 12:03:12.393 | INFO     | __main__:<module>:134 - | epoch : 94 | val done |
2021-12-28 12:03:31.845 | INFO     | __main__:<module>:105 - | epoch : 95 | training done |
2021-12-28 12:03:32.990 | INFO     | __main__:<module>:134 - | epoch : 95 | val done |
2021-12-28 12:03:52.896 | INFO     | __main__:<module>:105 - | epoch : 96 | training done |
2021-12-28 12:03:54.209 | INFO     | __main__:<module>:134 - | epoch : 96 | val done |
2021-12-28 12:04:14.129 | INFO     | __main__:<module>:105 - | epoch : 97 | training done |
2021-12-28 12:04:15.213 | INFO     | __main__:<module>:134 - | epoch : 97 | val done |
2021-12-28 12:04:34.946 | INFO     | __main__:<module>:105 - | epoch : 98 | training done |
2021-12-28 12:04:36.157 | INFO     | __main__:<module>:134 - | epoch : 98 | val done |
2021-12-28 12:04:55.570 | INFO     | __main__:<module>:105 - | epoch : 99 | training done |
2021-12-28 12:04:56.815 | INFO     | __main__:<module>:134 - | epoch : 99 | val done |
2021-12-28 12:05:15.893 | INFO     | __main__:<module>:105 - | epoch : 100 | training done |
2021-12-28 12:05:17.124 | INFO     | __main__:<module>:134 - | epoch : 100 | val done |
2021-12-28 12:05:36.015 | INFO     | __main__:<module>:105 - | epoch : 101 | training done |
2021-12-28 12:05:37.273 | INFO     | __main__:<module>:134 - | epoch : 101 | val done |
2021-12-28 12:05:56.252 | INFO     | __main__:<module>:105 - | epoch : 102 | training done |
2021-12-28 12:05:57.481 | INFO     | __main__:<module>:134 - | epoch : 102 | val done |
2021-12-28 12:06:16.302 | INFO     | __main__:<module>:105 - | epoch : 103 | training done |
2021-12-28 12:06:17.566 | INFO     | __main__:<module>:134 - | epoch : 103 | val done |
2021-12-28 12:06:36.510 | INFO     | __main__:<module>:105 - | epoch : 104 | training done |
2021-12-28 12:06:37.750 | INFO     | __main__:<module>:134 - | epoch : 104 | val done |
2021-12-28 12:06:56.560 | INFO     | __main__:<module>:105 - | epoch : 105 | training done |
2021-12-28 12:06:57.788 | INFO     | __main__:<module>:134 - | epoch : 105 | val done |
2021-12-28 12:07:16.766 | INFO     | __main__:<module>:105 - | epoch : 106 | training done |
2021-12-28 12:07:17.987 | INFO     | __main__:<module>:134 - | epoch : 106 | val done |
2021-12-28 12:07:36.864 | INFO     | __main__:<module>:105 - | epoch : 107 | training done |
2021-12-28 12:07:38.068 | INFO     | __main__:<module>:134 - | epoch : 107 | val done |
2021-12-28 12:07:56.964 | INFO     | __main__:<module>:105 - | epoch : 108 | training done |
2021-12-28 12:07:58.238 | INFO     | __main__:<module>:134 - | epoch : 108 | val done |
2021-12-28 12:08:17.117 | INFO     | __main__:<module>:105 - | epoch : 109 | training done |
2021-12-28 12:08:18.360 | INFO     | __main__:<module>:134 - | epoch : 109 | val done |
2021-12-28 12:08:37.267 | INFO     | __main__:<module>:105 - | epoch : 110 | training done |
2021-12-28 12:08:38.499 | INFO     | __main__:<module>:134 - | epoch : 110 | val done |
2021-12-28 12:08:57.465 | INFO     | __main__:<module>:105 - | epoch : 111 | training done |
2021-12-28 12:08:58.722 | INFO     | __main__:<module>:134 - | epoch : 111 | val done |
2021-12-28 12:09:17.741 | INFO     | __main__:<module>:105 - | epoch : 112 | training done |
2021-12-28 12:09:18.943 | INFO     | __main__:<module>:134 - | epoch : 112 | val done |
2021-12-28 12:09:37.843 | INFO     | __main__:<module>:105 - | epoch : 113 | training done |
2021-12-28 12:09:39.118 | CRITICAL | __main__:<module>:131 - | epoch : 113 | best_val_dice_score : 0.945250494230051 |
2021-12-28 12:09:58.323 | INFO     | __main__:<module>:105 - | epoch : 114 | training done |
2021-12-28 12:09:59.538 | INFO     | __main__:<module>:134 - | epoch : 114 | val done |
2021-12-28 12:10:18.480 | INFO     | __main__:<module>:105 - | epoch : 115 | training done |
2021-12-28 12:10:19.760 | CRITICAL | __main__:<module>:131 - | epoch : 115 | best_val_dice_score : 0.9465222977333866 |
2021-12-28 12:10:38.943 | INFO     | __main__:<module>:105 - | epoch : 116 | training done |
2021-12-28 12:10:40.257 | INFO     | __main__:<module>:134 - | epoch : 116 | val done |
2021-12-28 12:10:59.135 | INFO     | __main__:<module>:105 - | epoch : 117 | training done |
2021-12-28 12:11:00.359 | INFO     | __main__:<module>:134 - | epoch : 117 | val done |
2021-12-28 12:11:19.061 | INFO     | __main__:<module>:105 - | epoch : 118 | training done |
2021-12-28 12:11:20.278 | INFO     | __main__:<module>:134 - | epoch : 118 | val done |
2021-12-28 12:11:39.147 | INFO     | __main__:<module>:105 - | epoch : 119 | training done |
2021-12-28 12:11:40.422 | INFO     | __main__:<module>:134 - | epoch : 119 | val done |
2021-12-28 12:11:59.403 | INFO     | __main__:<module>:105 - | epoch : 120 | training done |
2021-12-28 12:12:00.694 | INFO     | __main__:<module>:134 - | epoch : 120 | val done |
2021-12-28 12:12:19.792 | INFO     | __main__:<module>:105 - | epoch : 121 | training done |
2021-12-28 12:12:21.019 | INFO     | __main__:<module>:134 - | epoch : 121 | val done |
2021-12-28 12:12:40.336 | INFO     | __main__:<module>:105 - | epoch : 122 | training done |
2021-12-28 12:12:41.700 | INFO     | __main__:<module>:134 - | epoch : 122 | val done |
2021-12-28 12:13:01.281 | INFO     | __main__:<module>:105 - | epoch : 123 | training done |
2021-12-28 12:13:02.431 | INFO     | __main__:<module>:134 - | epoch : 123 | val done |
2021-12-28 12:13:22.357 | INFO     | __main__:<module>:105 - | epoch : 124 | training done |
2021-12-28 12:13:23.591 | INFO     | __main__:<module>:134 - | epoch : 124 | val done |
2021-12-28 12:13:43.453 | INFO     | __main__:<module>:105 - | epoch : 125 | training done |
2021-12-28 12:13:44.585 | INFO     | __main__:<module>:134 - | epoch : 125 | val done |
2021-12-28 12:14:04.261 | INFO     | __main__:<module>:105 - | epoch : 126 | training done |
2021-12-28 12:14:05.530 | INFO     | __main__:<module>:134 - | epoch : 126 | val done |
2021-12-28 12:14:24.874 | INFO     | __main__:<module>:105 - | epoch : 127 | training done |
2021-12-28 12:14:26.122 | INFO     | __main__:<module>:134 - | epoch : 127 | val done |
2021-12-28 12:14:45.185 | INFO     | __main__:<module>:105 - | epoch : 128 | training done |
2021-12-28 12:14:46.395 | INFO     | __main__:<module>:134 - | epoch : 128 | val done |
2021-12-28 12:15:05.278 | INFO     | __main__:<module>:105 - | epoch : 129 | training done |
2021-12-28 12:15:06.493 | INFO     | __main__:<module>:134 - | epoch : 129 | val done |
2021-12-28 12:15:25.443 | INFO     | __main__:<module>:105 - | epoch : 130 | training done |
2021-12-28 12:15:26.696 | INFO     | __main__:<module>:134 - | epoch : 130 | val done |
2021-12-28 12:15:45.595 | INFO     | __main__:<module>:105 - | epoch : 131 | training done |
2021-12-28 12:15:46.837 | INFO     | __main__:<module>:134 - | epoch : 131 | val done |
2021-12-28 12:16:05.815 | INFO     | __main__:<module>:105 - | epoch : 132 | training done |
2021-12-28 12:16:07.070 | INFO     | __main__:<module>:134 - | epoch : 132 | val done |
2021-12-28 12:16:25.987 | INFO     | __main__:<module>:105 - | epoch : 133 | training done |
2021-12-28 12:16:27.245 | INFO     | __main__:<module>:134 - | epoch : 133 | val done |
2021-12-28 12:16:46.291 | INFO     | __main__:<module>:105 - | epoch : 134 | training done |
2021-12-28 12:16:47.552 | INFO     | __main__:<module>:134 - | epoch : 134 | val done |
2021-12-28 12:17:06.410 | INFO     | __main__:<module>:105 - | epoch : 135 | training done |
2021-12-28 12:17:07.632 | INFO     | __main__:<module>:134 - | epoch : 135 | val done |
2021-12-28 12:17:26.654 | INFO     | __main__:<module>:105 - | epoch : 136 | training done |
2021-12-28 12:17:27.866 | INFO     | __main__:<module>:134 - | epoch : 136 | val done |
2021-12-28 12:17:46.438 | INFO     | __main__:<module>:105 - | epoch : 137 | training done |
2021-12-28 12:17:47.660 | INFO     | __main__:<module>:134 - | epoch : 137 | val done |
2021-12-28 12:18:06.612 | INFO     | __main__:<module>:105 - | epoch : 138 | training done |
2021-12-28 12:18:07.857 | INFO     | __main__:<module>:134 - | epoch : 138 | val done |
2021-12-28 12:18:26.778 | INFO     | __main__:<module>:105 - | epoch : 139 | training done |
2021-12-28 12:18:28.110 | INFO     | __main__:<module>:134 - | epoch : 139 | val done |
2021-12-28 12:18:33.024 | INFO     | __main__:<module>:77 - | start training .... |
2021-12-28 12:18:48.031 | INFO     | __main__:<module>:105 - | epoch : 140 | training done |
2021-12-28 12:18:49.292 | INFO     | __main__:<module>:134 - | epoch : 140 | val done |
2021-12-28 12:19:08.402 | INFO     | __main__:<module>:105 - | epoch : 141 | training done |
2021-12-28 12:19:09.719 | INFO     | __main__:<module>:134 - | epoch : 141 | val done |
2021-12-28 12:19:28.728 | INFO     | __main__:<module>:105 - | epoch : 142 | training done |
2021-12-28 12:19:29.999 | INFO     | __main__:<module>:134 - | epoch : 142 | val done |
2021-12-28 12:19:49.414 | INFO     | __main__:<module>:105 - | epoch : 143 | training done |
2021-12-28 12:19:50.778 | INFO     | __main__:<module>:134 - | epoch : 143 | val done |
2021-12-28 12:20:09.995 | INFO     | __main__:<module>:105 - | epoch : 144 | training done |
2021-12-28 12:20:11.220 | INFO     | __main__:<module>:134 - | epoch : 144 | val done |
2021-12-28 12:20:30.076 | INFO     | __main__:<module>:105 - | epoch : 145 | training done |
2021-12-28 12:20:31.306 | INFO     | __main__:<module>:134 - | epoch : 145 | val done |
2021-12-28 12:20:50.261 | INFO     | __main__:<module>:105 - | epoch : 146 | training done |
2021-12-28 12:20:51.471 | INFO     | __main__:<module>:134 - | epoch : 146 | val done |
2021-12-28 12:21:10.741 | INFO     | __main__:<module>:105 - | epoch : 147 | training done |
2021-12-28 12:21:11.985 | INFO     | __main__:<module>:134 - | epoch : 147 | val done |
2021-12-28 12:21:31.505 | INFO     | __main__:<module>:105 - | epoch : 148 | training done |
2021-12-28 12:21:32.675 | INFO     | __main__:<module>:134 - | epoch : 148 | val done |
2021-12-28 12:21:52.549 | INFO     | __main__:<module>:105 - | epoch : 149 | training done |
2021-12-28 12:21:53.774 | INFO     | __main__:<module>:134 - | epoch : 149 | val done |
2021-12-28 12:22:13.878 | INFO     | __main__:<module>:105 - | epoch : 150 | training done |
2021-12-28 12:22:15.054 | INFO     | __main__:<module>:134 - | epoch : 150 | val done |
2021-12-28 12:22:37.478 | INFO     | __main__:<module>:105 - | epoch : 151 | training done |
2021-12-28 12:22:38.721 | INFO     | __main__:<module>:134 - | epoch : 151 | val done |
2021-12-28 12:22:58.813 | INFO     | __main__:<module>:105 - | epoch : 152 | training done |
2021-12-28 12:23:00.090 | INFO     | __main__:<module>:134 - | epoch : 152 | val done |
2021-12-28 12:23:20.632 | INFO     | __main__:<module>:105 - | epoch : 153 | training done |
2021-12-28 12:23:21.997 | INFO     | __main__:<module>:134 - | epoch : 153 | val done |
2021-12-28 12:23:41.287 | INFO     | __main__:<module>:105 - | epoch : 154 | training done |
2021-12-28 12:23:42.711 | INFO     | __main__:<module>:134 - | epoch : 154 | val done |
2021-12-28 12:24:02.888 | INFO     | __main__:<module>:105 - | epoch : 155 | training done |
2021-12-28 12:24:04.107 | INFO     | __main__:<module>:134 - | epoch : 155 | val done |
2021-12-28 12:24:23.529 | INFO     | __main__:<module>:105 - | epoch : 156 | training done |
2021-12-28 12:24:24.806 | INFO     | __main__:<module>:134 - | epoch : 156 | val done |
2021-12-28 12:24:44.448 | INFO     | __main__:<module>:105 - | epoch : 157 | training done |
2021-12-28 12:24:45.716 | INFO     | __main__:<module>:134 - | epoch : 157 | val done |
2021-12-28 12:25:04.993 | INFO     | __main__:<module>:105 - | epoch : 158 | training done |
2021-12-28 12:25:06.223 | INFO     | __main__:<module>:134 - | epoch : 158 | val done |
2021-12-28 12:25:25.134 | INFO     | __main__:<module>:105 - | epoch : 159 | training done |
2021-12-28 12:25:26.379 | INFO     | __main__:<module>:134 - | epoch : 159 | val done |
2021-12-28 12:25:46.135 | INFO     | __main__:<module>:105 - | epoch : 160 | training done |
2021-12-28 12:25:47.566 | INFO     | __main__:<module>:134 - | epoch : 160 | val done |
2021-12-28 12:26:07.252 | INFO     | __main__:<module>:105 - | epoch : 161 | training done |
2021-12-28 12:26:08.766 | INFO     | __main__:<module>:134 - | epoch : 161 | val done |
2021-12-28 12:26:29.973 | INFO     | __main__:<module>:105 - | epoch : 162 | training done |
2021-12-28 12:26:31.294 | INFO     | __main__:<module>:134 - | epoch : 162 | val done |
2021-12-28 12:26:50.557 | INFO     | __main__:<module>:105 - | epoch : 163 | training done |
2021-12-28 12:26:51.788 | INFO     | __main__:<module>:134 - | epoch : 163 | val done |
2021-12-28 12:27:10.710 | INFO     | __main__:<module>:105 - | epoch : 164 | training done |
2021-12-28 12:27:11.984 | INFO     | __main__:<module>:134 - | epoch : 164 | val done |
2021-12-28 12:27:30.911 | INFO     | __main__:<module>:105 - | epoch : 165 | training done |
2021-12-28 12:27:32.169 | INFO     | __main__:<module>:134 - | epoch : 165 | val done |
2021-12-28 12:27:51.111 | INFO     | __main__:<module>:105 - | epoch : 166 | training done |
2021-12-28 12:27:52.353 | INFO     | __main__:<module>:134 - | epoch : 166 | val done |
2021-12-28 12:28:11.193 | INFO     | __main__:<module>:105 - | epoch : 167 | training done |
2021-12-28 12:28:12.413 | INFO     | __main__:<module>:134 - | epoch : 167 | val done |
2021-12-28 12:28:31.353 | INFO     | __main__:<module>:105 - | epoch : 168 | training done |
2021-12-28 12:28:32.646 | INFO     | __main__:<module>:134 - | epoch : 168 | val done |
2021-12-28 12:28:51.498 | INFO     | __main__:<module>:105 - | epoch : 169 | training done |
2021-12-28 12:28:52.763 | INFO     | __main__:<module>:134 - | epoch : 169 | val done |
2021-12-28 12:29:11.721 | INFO     | __main__:<module>:105 - | epoch : 170 | training done |
2021-12-28 12:29:12.994 | INFO     | __main__:<module>:134 - | epoch : 170 | val done |
2021-12-28 12:29:31.844 | INFO     | __main__:<module>:105 - | epoch : 171 | training done |
2021-12-28 12:29:33.113 | INFO     | __main__:<module>:134 - | epoch : 171 | val done |
2021-12-28 12:29:52.464 | INFO     | __main__:<module>:105 - | epoch : 172 | training done |
2021-12-28 12:29:53.745 | INFO     | __main__:<module>:134 - | epoch : 172 | val done |
2021-12-28 12:30:13.217 | INFO     | __main__:<module>:105 - | epoch : 173 | training done |
2021-12-28 12:30:14.481 | INFO     | __main__:<module>:134 - | epoch : 173 | val done |
2021-12-28 12:30:34.291 | INFO     | __main__:<module>:105 - | epoch : 174 | training done |
2021-12-28 12:30:35.462 | INFO     | __main__:<module>:134 - | epoch : 174 | val done |
2021-12-28 12:30:55.691 | INFO     | __main__:<module>:105 - | epoch : 175 | training done |
2021-12-28 12:30:56.979 | INFO     | __main__:<module>:134 - | epoch : 175 | val done |
2021-12-28 12:31:17.427 | INFO     | __main__:<module>:105 - | epoch : 176 | training done |
2021-12-28 12:31:18.587 | INFO     | __main__:<module>:134 - | epoch : 176 | val done |
2021-12-28 12:31:38.411 | INFO     | __main__:<module>:105 - | epoch : 177 | training done |
2021-12-28 12:31:39.713 | INFO     | __main__:<module>:134 - | epoch : 177 | val done |
2021-12-28 12:31:59.110 | INFO     | __main__:<module>:105 - | epoch : 178 | training done |
2021-12-28 12:32:00.375 | INFO     | __main__:<module>:134 - | epoch : 178 | val done |
2021-12-28 12:32:19.297 | INFO     | __main__:<module>:105 - | epoch : 179 | training done |
2021-12-28 12:32:20.589 | INFO     | __main__:<module>:134 - | epoch : 179 | val done |
2021-12-28 12:32:40.283 | INFO     | __main__:<module>:105 - | epoch : 180 | training done |
2021-12-28 12:32:41.539 | INFO     | __main__:<module>:134 - | epoch : 180 | val done |
2021-12-28 12:33:00.364 | INFO     | __main__:<module>:105 - | epoch : 181 | training done |
2021-12-28 12:33:01.573 | INFO     | __main__:<module>:134 - | epoch : 181 | val done |
2021-12-28 12:33:20.449 | INFO     | __main__:<module>:105 - | epoch : 182 | training done |
2021-12-28 12:33:21.687 | INFO     | __main__:<module>:134 - | epoch : 182 | val done |
2021-12-28 12:33:40.839 | INFO     | __main__:<module>:105 - | epoch : 183 | training done |
2021-12-28 12:33:42.104 | INFO     | __main__:<module>:134 - | epoch : 183 | val done |
2021-12-28 12:34:01.117 | INFO     | __main__:<module>:105 - | epoch : 184 | training done |
2021-12-28 12:34:02.481 | INFO     | __main__:<module>:134 - | epoch : 184 | val done |
2021-12-28 12:34:21.725 | INFO     | __main__:<module>:105 - | epoch : 185 | training done |
2021-12-28 12:34:23.068 | INFO     | __main__:<module>:134 - | epoch : 185 | val done |
2021-12-28 12:34:42.059 | INFO     | __main__:<module>:105 - | epoch : 186 | training done |
2021-12-28 12:34:43.392 | INFO     | __main__:<module>:134 - | epoch : 186 | val done |
2021-12-28 12:35:02.426 | INFO     | __main__:<module>:105 - | epoch : 187 | training done |
2021-12-28 12:35:03.658 | INFO     | __main__:<module>:134 - | epoch : 187 | val done |
2021-12-28 12:35:22.281 | INFO     | __main__:<module>:105 - | epoch : 188 | training done |
2021-12-28 12:35:23.507 | INFO     | __main__:<module>:134 - | epoch : 188 | val done |
2021-12-28 12:35:42.423 | INFO     | __main__:<module>:105 - | epoch : 189 | training done |
2021-12-28 12:35:43.677 | INFO     | __main__:<module>:134 - | epoch : 189 | val done |
2021-12-28 12:36:02.693 | INFO     | __main__:<module>:105 - | epoch : 190 | training done |
2021-12-28 12:36:03.917 | INFO     | __main__:<module>:134 - | epoch : 190 | val done |
2021-12-28 12:36:22.837 | INFO     | __main__:<module>:105 - | epoch : 191 | training done |
2021-12-28 12:36:24.105 | INFO     | __main__:<module>:134 - | epoch : 191 | val done |
2021-12-28 12:36:43.095 | INFO     | __main__:<module>:105 - | epoch : 192 | training done |
2021-12-28 12:36:44.311 | INFO     | __main__:<module>:134 - | epoch : 192 | val done |
2021-12-28 12:37:03.259 | INFO     | __main__:<module>:105 - | epoch : 193 | training done |
2021-12-28 12:37:04.551 | INFO     | __main__:<module>:134 - | epoch : 193 | val done |
2021-12-28 12:37:23.432 | INFO     | __main__:<module>:105 - | epoch : 194 | training done |
2021-12-28 12:37:24.670 | INFO     | __main__:<module>:134 - | epoch : 194 | val done |
2021-12-28 12:37:43.642 | INFO     | __main__:<module>:105 - | epoch : 195 | training done |
2021-12-28 12:37:44.898 | INFO     | __main__:<module>:134 - | epoch : 195 | val done |
2021-12-28 12:38:03.826 | INFO     | __main__:<module>:105 - | epoch : 196 | training done |
2021-12-28 12:38:05.068 | INFO     | __main__:<module>:134 - | epoch : 196 | val done |
2021-12-28 12:38:24.014 | INFO     | __main__:<module>:105 - | epoch : 197 | training done |
2021-12-28 12:38:25.234 | INFO     | __main__:<module>:134 - | epoch : 197 | val done |
2021-12-28 12:38:44.297 | INFO     | __main__:<module>:105 - | epoch : 198 | training done |
2021-12-28 12:38:45.532 | INFO     | __main__:<module>:134 - | epoch : 198 | val done |
2021-12-28 12:39:04.831 | INFO     | __main__:<module>:105 - | epoch : 199 | training done |
2021-12-28 12:39:06.088 | INFO     | __main__:<module>:134 - | epoch : 199 | val done |
2021-12-28 12:39:25.566 | INFO     | __main__:<module>:105 - | epoch : 200 | training done |
2021-12-28 12:39:26.767 | INFO     | __main__:<module>:134 - | epoch : 200 | val done |
2021-12-28 12:39:46.677 | INFO     | __main__:<module>:105 - | epoch : 201 | training done |
2021-12-28 12:39:47.897 | INFO     | __main__:<module>:134 - | epoch : 201 | val done |
2021-12-28 12:40:07.885 | INFO     | __main__:<module>:105 - | epoch : 202 | training done |
2021-12-28 12:40:09.020 | INFO     | __main__:<module>:134 - | epoch : 202 | val done |
2021-12-28 12:40:28.661 | INFO     | __main__:<module>:105 - | epoch : 203 | training done |
2021-12-28 12:40:29.897 | INFO     | __main__:<module>:134 - | epoch : 203 | val done |
2021-12-28 12:40:49.352 | INFO     | __main__:<module>:105 - | epoch : 204 | training done |
2021-12-28 12:40:50.594 | INFO     | __main__:<module>:134 - | epoch : 204 | val done |
2021-12-28 12:41:09.610 | INFO     | __main__:<module>:105 - | epoch : 205 | training done |
2021-12-28 12:41:10.828 | INFO     | __main__:<module>:134 - | epoch : 205 | val done |
2021-12-28 12:41:29.790 | INFO     | __main__:<module>:105 - | epoch : 206 | training done |
2021-12-28 12:41:31.055 | INFO     | __main__:<module>:134 - | epoch : 206 | val done |
2021-12-28 12:41:49.953 | INFO     | __main__:<module>:105 - | epoch : 207 | training done |
2021-12-28 12:41:51.214 | INFO     | __main__:<module>:134 - | epoch : 207 | val done |
2021-12-28 12:42:09.998 | INFO     | __main__:<module>:105 - | epoch : 208 | training done |
2021-12-28 12:42:11.255 | INFO     | __main__:<module>:134 - | epoch : 208 | val done |
2021-12-28 12:42:30.085 | INFO     | __main__:<module>:105 - | epoch : 209 | training done |
2021-12-28 12:42:31.346 | INFO     | __main__:<module>:134 - | epoch : 209 | val done |
2021-12-28 12:42:50.267 | INFO     | __main__:<module>:105 - | epoch : 210 | training done |
2021-12-28 12:42:51.525 | INFO     | __main__:<module>:134 - | epoch : 210 | val done |
2021-12-28 12:43:10.500 | INFO     | __main__:<module>:105 - | epoch : 211 | training done |
2021-12-28 12:43:11.772 | INFO     | __main__:<module>:134 - | epoch : 211 | val done |
2021-12-28 12:43:30.747 | INFO     | __main__:<module>:105 - | epoch : 212 | training done |
2021-12-28 12:43:32.013 | INFO     | __main__:<module>:134 - | epoch : 212 | val done |
2021-12-28 12:43:50.852 | INFO     | __main__:<module>:105 - | epoch : 213 | training done |
2021-12-28 12:43:52.085 | INFO     | __main__:<module>:134 - | epoch : 213 | val done |
2021-12-28 12:44:11.000 | INFO     | __main__:<module>:105 - | epoch : 214 | training done |
2021-12-28 12:44:12.269 | INFO     | __main__:<module>:134 - | epoch : 214 | val done |
2021-12-28 12:44:31.042 | INFO     | __main__:<module>:105 - | epoch : 215 | training done |
2021-12-28 12:44:32.275 | INFO     | __main__:<module>:134 - | epoch : 215 | val done |
2021-12-28 12:44:50.908 | INFO     | __main__:<module>:105 - | epoch : 216 | training done |
2021-12-28 12:44:52.124 | INFO     | __main__:<module>:134 - | epoch : 216 | val done |
2021-12-28 12:45:11.017 | INFO     | __main__:<module>:105 - | epoch : 217 | training done |
2021-12-28 12:45:12.272 | INFO     | __main__:<module>:134 - | epoch : 217 | val done |
2021-12-28 12:45:31.406 | INFO     | __main__:<module>:105 - | epoch : 218 | training done |
2021-12-28 12:45:32.665 | INFO     | __main__:<module>:134 - | epoch : 218 | val done |
2021-12-28 12:45:51.564 | INFO     | __main__:<module>:105 - | epoch : 219 | training done |
2021-12-28 12:45:52.795 | INFO     | __main__:<module>:134 - | epoch : 219 | val done |
2021-12-28 12:46:11.718 | INFO     | __main__:<module>:105 - | epoch : 220 | training done |
2021-12-28 12:46:13.003 | INFO     | __main__:<module>:134 - | epoch : 220 | val done |
2021-12-28 12:46:31.840 | INFO     | __main__:<module>:105 - | epoch : 221 | training done |
2021-12-28 12:46:33.089 | INFO     | __main__:<module>:134 - | epoch : 221 | val done |
2021-12-28 12:46:51.923 | INFO     | __main__:<module>:105 - | epoch : 222 | training done |
2021-12-28 12:46:53.173 | INFO     | __main__:<module>:134 - | epoch : 222 | val done |
2021-12-28 12:47:12.079 | INFO     | __main__:<module>:105 - | epoch : 223 | training done |
2021-12-28 12:47:13.348 | INFO     | __main__:<module>:134 - | epoch : 223 | val done |
2021-12-28 12:47:32.519 | INFO     | __main__:<module>:105 - | epoch : 224 | training done |
2021-12-28 12:47:33.903 | INFO     | __main__:<module>:134 - | epoch : 224 | val done |
2021-12-28 12:47:53.284 | INFO     | __main__:<module>:105 - | epoch : 225 | training done |
2021-12-28 12:47:54.571 | INFO     | __main__:<module>:134 - | epoch : 225 | val done |
2021-12-28 12:48:14.191 | INFO     | __main__:<module>:105 - | epoch : 226 | training done |
2021-12-28 12:48:15.332 | INFO     | __main__:<module>:134 - | epoch : 226 | val done |
2021-12-28 12:48:35.253 | INFO     | __main__:<module>:105 - | epoch : 227 | training done |
2021-12-28 12:48:36.510 | INFO     | __main__:<module>:134 - | epoch : 227 | val done |
2021-12-28 12:48:56.520 | INFO     | __main__:<module>:105 - | epoch : 228 | training done |
2021-12-28 12:48:57.672 | INFO     | __main__:<module>:134 - | epoch : 228 | val done |
2021-12-28 12:49:17.217 | INFO     | __main__:<module>:105 - | epoch : 229 | training done |
2021-12-28 12:49:18.444 | INFO     | __main__:<module>:134 - | epoch : 229 | val done |
2021-12-28 12:49:37.917 | INFO     | __main__:<module>:105 - | epoch : 230 | training done |
2021-12-28 12:49:39.165 | INFO     | __main__:<module>:134 - | epoch : 230 | val done |
2021-12-28 12:49:58.110 | INFO     | __main__:<module>:105 - | epoch : 231 | training done |
2021-12-28 12:49:59.350 | INFO     | __main__:<module>:134 - | epoch : 231 | val done |
2021-12-28 12:50:18.316 | INFO     | __main__:<module>:105 - | epoch : 232 | training done |
2021-12-28 12:50:19.533 | INFO     | __main__:<module>:134 - | epoch : 232 | val done |
2021-12-28 12:50:38.400 | INFO     | __main__:<module>:105 - | epoch : 233 | training done |
2021-12-28 12:50:39.641 | INFO     | __main__:<module>:134 - | epoch : 233 | val done |
2021-12-28 12:50:58.610 | INFO     | __main__:<module>:105 - | epoch : 234 | training done |
2021-12-28 12:50:59.846 | INFO     | __main__:<module>:134 - | epoch : 234 | val done |
2021-12-28 12:51:18.757 | INFO     | __main__:<module>:105 - | epoch : 235 | training done |
2021-12-28 12:51:20.020 | INFO     | __main__:<module>:134 - | epoch : 235 | val done |
2021-12-28 12:51:39.040 | INFO     | __main__:<module>:105 - | epoch : 236 | training done |
2021-12-28 12:51:40.341 | INFO     | __main__:<module>:134 - | epoch : 236 | val done |
2021-12-28 12:51:59.726 | INFO     | __main__:<module>:105 - | epoch : 237 | training done |
2021-12-28 12:52:00.998 | INFO     | __main__:<module>:134 - | epoch : 237 | val done |
2021-12-28 12:52:20.165 | INFO     | __main__:<module>:105 - | epoch : 238 | training done |
2021-12-28 12:52:21.617 | INFO     | __main__:<module>:134 - | epoch : 238 | val done |
2021-12-28 12:52:41.161 | INFO     | __main__:<module>:105 - | epoch : 239 | training done |
2021-12-28 12:52:42.420 | INFO     | __main__:<module>:134 - | epoch : 239 | val done |
2021-12-28 12:53:01.370 | INFO     | __main__:<module>:105 - | epoch : 240 | training done |
2021-12-28 12:53:02.616 | INFO     | __main__:<module>:134 - | epoch : 240 | val done |
2021-12-28 12:53:21.619 | INFO     | __main__:<module>:105 - | epoch : 241 | training done |
2021-12-28 12:53:22.895 | CRITICAL | __main__:<module>:131 - | epoch : 241 | best_val_dice_score : 0.9477265469801575 |
2021-12-28 12:53:42.220 | INFO     | __main__:<module>:105 - | epoch : 242 | training done |
2021-12-28 12:53:43.452 | INFO     | __main__:<module>:134 - | epoch : 242 | val done |
2021-12-28 12:54:02.372 | INFO     | __main__:<module>:105 - | epoch : 243 | training done |
2021-12-28 12:54:03.638 | INFO     | __main__:<module>:134 - | epoch : 243 | val done |
2021-12-28 12:54:22.633 | INFO     | __main__:<module>:105 - | epoch : 244 | training done |
2021-12-28 12:54:23.852 | INFO     | __main__:<module>:134 - | epoch : 244 | val done |
2021-12-28 12:54:42.780 | INFO     | __main__:<module>:105 - | epoch : 245 | training done |
2021-12-28 12:54:43.998 | INFO     | __main__:<module>:134 - | epoch : 245 | val done |
2021-12-28 12:55:02.981 | INFO     | __main__:<module>:105 - | epoch : 246 | training done |
2021-12-28 12:55:04.241 | INFO     | __main__:<module>:134 - | epoch : 246 | val done |
2021-12-28 12:55:23.083 | INFO     | __main__:<module>:105 - | epoch : 247 | training done |
2021-12-28 12:55:24.318 | INFO     | __main__:<module>:134 - | epoch : 247 | val done |
2021-12-28 12:55:43.177 | INFO     | __main__:<module>:105 - | epoch : 248 | training done |
2021-12-28 12:55:44.380 | INFO     | __main__:<module>:134 - | epoch : 248 | val done |
2021-12-28 12:56:03.178 | INFO     | __main__:<module>:105 - | epoch : 249 | training done |
2021-12-28 12:56:04.435 | INFO     | __main__:<module>:134 - | epoch : 249 | val done |
2021-12-28 12:56:23.369 | INFO     | __main__:<module>:105 - | epoch : 250 | training done |
2021-12-28 12:56:24.587 | INFO     | __main__:<module>:134 - | epoch : 250 | val done |
2021-12-28 12:56:43.498 | INFO     | __main__:<module>:105 - | epoch : 251 | training done |
2021-12-28 12:56:44.758 | INFO     | __main__:<module>:134 - | epoch : 251 | val done |
2021-12-28 12:57:03.948 | INFO     | __main__:<module>:105 - | epoch : 252 | training done |
2021-12-28 12:57:05.203 | INFO     | __main__:<module>:134 - | epoch : 252 | val done |
2021-12-28 12:57:24.592 | INFO     | __main__:<module>:105 - | epoch : 253 | training done |
2021-12-28 12:57:25.837 | INFO     | __main__:<module>:134 - | epoch : 253 | val done |
2021-12-28 12:57:45.653 | INFO     | __main__:<module>:105 - | epoch : 254 | training done |
2021-12-28 12:57:46.787 | INFO     | __main__:<module>:134 - | epoch : 254 | val done |
2021-12-28 12:58:06.726 | INFO     | __main__:<module>:105 - | epoch : 255 | training done |
2021-12-28 12:58:07.951 | INFO     | __main__:<module>:134 - | epoch : 255 | val done |
2021-12-28 12:58:28.015 | INFO     | __main__:<module>:105 - | epoch : 256 | training done |
2021-12-28 12:58:29.162 | INFO     | __main__:<module>:134 - | epoch : 256 | val done |
2021-12-28 12:58:48.634 | INFO     | __main__:<module>:105 - | epoch : 257 | training done |
2021-12-28 12:58:49.912 | INFO     | __main__:<module>:134 - | epoch : 257 | val done |
2021-12-28 12:59:09.354 | INFO     | __main__:<module>:105 - | epoch : 258 | training done |
2021-12-28 12:59:10.609 | INFO     | __main__:<module>:134 - | epoch : 258 | val done |
2021-12-28 12:59:29.598 | INFO     | __main__:<module>:105 - | epoch : 259 | training done |
2021-12-28 12:59:30.873 | INFO     | __main__:<module>:134 - | epoch : 259 | val done |
2021-12-28 12:59:49.840 | INFO     | __main__:<module>:105 - | epoch : 260 | training done |
2021-12-28 12:59:51.107 | INFO     | __main__:<module>:134 - | epoch : 260 | val done |
2021-12-28 13:00:09.957 | INFO     | __main__:<module>:105 - | epoch : 261 | training done |
2021-12-28 13:00:11.186 | INFO     | __main__:<module>:134 - | epoch : 261 | val done |
2021-12-28 13:00:30.192 | INFO     | __main__:<module>:105 - | epoch : 262 | training done |
2021-12-28 13:00:31.462 | INFO     | __main__:<module>:134 - | epoch : 262 | val done |
2021-12-28 13:00:50.378 | INFO     | __main__:<module>:105 - | epoch : 263 | training done |
2021-12-28 13:00:51.601 | INFO     | __main__:<module>:134 - | epoch : 263 | val done |
2021-12-28 13:01:10.539 | INFO     | __main__:<module>:105 - | epoch : 264 | training done |
2021-12-28 13:01:11.818 | INFO     | __main__:<module>:134 - | epoch : 264 | val done |
2021-12-28 13:01:30.673 | INFO     | __main__:<module>:105 - | epoch : 265 | training done |
2021-12-28 13:01:31.986 | INFO     | __main__:<module>:134 - | epoch : 265 | val done |
2021-12-28 13:01:50.941 | INFO     | __main__:<module>:105 - | epoch : 266 | training done |
2021-12-28 13:01:52.160 | INFO     | __main__:<module>:134 - | epoch : 266 | val done |
2021-12-28 13:02:11.022 | INFO     | __main__:<module>:105 - | epoch : 267 | training done |
2021-12-28 13:02:12.335 | INFO     | __main__:<module>:134 - | epoch : 267 | val done |
2021-12-28 13:02:31.223 | INFO     | __main__:<module>:105 - | epoch : 268 | training done |
2021-12-28 13:02:32.485 | INFO     | __main__:<module>:134 - | epoch : 268 | val done |
2021-12-28 13:02:51.375 | INFO     | __main__:<module>:105 - | epoch : 269 | training done |
2021-12-28 13:02:52.594 | INFO     | __main__:<module>:134 - | epoch : 269 | val done |
2021-12-28 13:03:11.541 | INFO     | __main__:<module>:105 - | epoch : 270 | training done |
2021-12-28 13:03:12.766 | INFO     | __main__:<module>:134 - | epoch : 270 | val done |
2021-12-28 13:03:31.642 | INFO     | __main__:<module>:105 - | epoch : 271 | training done |
2021-12-28 13:03:32.871 | INFO     | __main__:<module>:134 - | epoch : 271 | val done |
2021-12-28 13:03:51.779 | INFO     | __main__:<module>:105 - | epoch : 272 | training done |
2021-12-28 13:03:53.042 | INFO     | __main__:<module>:134 - | epoch : 272 | val done |
2021-12-28 13:04:11.982 | INFO     | __main__:<module>:105 - | epoch : 273 | training done |
2021-12-28 13:04:13.217 | INFO     | __main__:<module>:134 - | epoch : 273 | val done |
2021-12-28 13:04:32.125 | INFO     | __main__:<module>:105 - | epoch : 274 | training done |
2021-12-28 13:04:33.422 | INFO     | __main__:<module>:134 - | epoch : 274 | val done |
2021-12-28 13:04:52.352 | INFO     | __main__:<module>:105 - | epoch : 275 | training done |
2021-12-28 13:04:53.596 | INFO     | __main__:<module>:134 - | epoch : 275 | val done |
2021-12-28 13:05:12.560 | INFO     | __main__:<module>:105 - | epoch : 276 | training done |
2021-12-28 13:05:13.792 | INFO     | __main__:<module>:134 - | epoch : 276 | val done |
2021-12-28 13:05:32.730 | INFO     | __main__:<module>:105 - | epoch : 277 | training done |
2021-12-28 13:05:33.919 | INFO     | __main__:<module>:134 - | epoch : 277 | val done |
2021-12-28 13:05:52.874 | INFO     | __main__:<module>:105 - | epoch : 278 | training done |
2021-12-28 13:05:54.118 | INFO     | __main__:<module>:134 - | epoch : 278 | val done |
2021-12-28 13:06:13.181 | INFO     | __main__:<module>:105 - | epoch : 279 | training done |
2021-12-28 13:06:14.429 | INFO     | __main__:<module>:134 - | epoch : 279 | val done |
2021-12-28 13:06:33.796 | INFO     | __main__:<module>:105 - | epoch : 280 | training done |
2021-12-28 13:06:35.070 | INFO     | __main__:<module>:134 - | epoch : 280 | val done |
2021-12-28 13:06:54.781 | INFO     | __main__:<module>:105 - | epoch : 281 | training done |
2021-12-28 13:06:55.936 | INFO     | __main__:<module>:134 - | epoch : 281 | val done |
2021-12-28 13:07:15.944 | INFO     | __main__:<module>:105 - | epoch : 282 | training done |
2021-12-28 13:07:17.285 | INFO     | __main__:<module>:134 - | epoch : 282 | val done |
2021-12-28 13:07:37.233 | INFO     | __main__:<module>:105 - | epoch : 283 | training done |
2021-12-28 13:07:38.341 | INFO     | __main__:<module>:134 - | epoch : 283 | val done |
2021-12-28 13:07:57.939 | INFO     | __main__:<module>:105 - | epoch : 284 | training done |
2021-12-28 13:07:59.151 | INFO     | __main__:<module>:134 - | epoch : 284 | val done |
2021-12-28 13:08:18.519 | INFO     | __main__:<module>:105 - | epoch : 285 | training done |
2021-12-28 13:08:19.744 | INFO     | __main__:<module>:134 - | epoch : 285 | val done |
2021-12-28 13:08:38.614 | INFO     | __main__:<module>:105 - | epoch : 286 | training done |
2021-12-28 13:08:39.884 | INFO     | __main__:<module>:134 - | epoch : 286 | val done |
2021-12-28 13:08:58.784 | INFO     | __main__:<module>:105 - | epoch : 287 | training done |
2021-12-28 13:09:00.059 | INFO     | __main__:<module>:134 - | epoch : 287 | val done |
2021-12-28 13:09:19.039 | INFO     | __main__:<module>:105 - | epoch : 288 | training done |
2021-12-28 13:09:20.307 | INFO     | __main__:<module>:134 - | epoch : 288 | val done |
2021-12-28 13:09:39.083 | INFO     | __main__:<module>:105 - | epoch : 289 | training done |
2021-12-28 13:09:40.306 | INFO     | __main__:<module>:134 - | epoch : 289 | val done |
2021-12-28 13:09:59.134 | INFO     | __main__:<module>:105 - | epoch : 290 | training done |
2021-12-28 13:10:00.384 | INFO     | __main__:<module>:134 - | epoch : 290 | val done |
2021-12-28 13:10:19.245 | INFO     | __main__:<module>:105 - | epoch : 291 | training done |
2021-12-28 13:10:20.505 | INFO     | __main__:<module>:134 - | epoch : 291 | val done |
2021-12-28 13:10:39.374 | INFO     | __main__:<module>:105 - | epoch : 292 | training done |
2021-12-28 13:10:40.630 | INFO     | __main__:<module>:134 - | epoch : 292 | val done |
2021-12-28 13:10:59.524 | INFO     | __main__:<module>:105 - | epoch : 293 | training done |
2021-12-28 13:11:00.752 | INFO     | __main__:<module>:134 - | epoch : 293 | val done |
2021-12-28 13:11:19.688 | INFO     | __main__:<module>:105 - | epoch : 294 | training done |
2021-12-28 13:11:20.930 | INFO     | __main__:<module>:134 - | epoch : 294 | val done |
2021-12-28 13:11:39.782 | INFO     | __main__:<module>:105 - | epoch : 295 | training done |
2021-12-28 13:11:41.086 | INFO     | __main__:<module>:134 - | epoch : 295 | val done |
2021-12-28 13:12:00.258 | INFO     | __main__:<module>:105 - | epoch : 296 | training done |
2021-12-28 13:12:01.536 | INFO     | __main__:<module>:134 - | epoch : 296 | val done |
2021-12-28 13:12:20.910 | INFO     | __main__:<module>:105 - | epoch : 297 | training done |
2021-12-28 13:12:22.196 | INFO     | __main__:<module>:134 - | epoch : 297 | val done |
2021-12-28 13:12:41.836 | INFO     | __main__:<module>:105 - | epoch : 298 | training done |
2021-12-28 13:12:43.134 | INFO     | __main__:<module>:134 - | epoch : 298 | val done |
2021-12-28 13:13:02.586 | INFO     | __main__:<module>:105 - | epoch : 299 | training done |
2021-12-28 13:13:03.917 | INFO     | __main__:<module>:134 - | epoch : 299 | val done |
2021-12-28 13:13:23.665 | INFO     | __main__:<module>:105 - | epoch : 300 | training done |
2021-12-28 13:13:24.979 | INFO     | __main__:<module>:134 - | epoch : 300 | val done |
2021-12-28 13:13:43.919 | INFO     | __main__:<module>:105 - | epoch : 301 | training done |
2021-12-28 13:13:45.198 | INFO     | __main__:<module>:134 - | epoch : 301 | val done |
2021-12-28 13:14:03.986 | INFO     | __main__:<module>:105 - | epoch : 302 | training done |
2021-12-28 13:14:05.273 | INFO     | __main__:<module>:134 - | epoch : 302 | val done |
2021-12-28 13:14:24.085 | INFO     | __main__:<module>:105 - | epoch : 303 | training done |
2021-12-28 13:14:25.320 | INFO     | __main__:<module>:134 - | epoch : 303 | val done |
2021-12-28 13:14:44.300 | INFO     | __main__:<module>:105 - | epoch : 304 | training done |
2021-12-28 13:14:45.528 | INFO     | __main__:<module>:134 - | epoch : 304 | val done |
2021-12-28 13:15:04.675 | INFO     | __main__:<module>:105 - | epoch : 305 | training done |
2021-12-28 13:15:06.008 | INFO     | __main__:<module>:134 - | epoch : 305 | val done |
2021-12-28 13:15:25.413 | INFO     | __main__:<module>:105 - | epoch : 306 | training done |
2021-12-28 13:15:26.722 | INFO     | __main__:<module>:134 - | epoch : 306 | val done |
2021-12-28 13:15:46.223 | INFO     | __main__:<module>:105 - | epoch : 307 | training done |
2021-12-28 13:15:47.389 | INFO     | __main__:<module>:134 - | epoch : 307 | val done |
2021-12-28 13:16:07.337 | INFO     | __main__:<module>:105 - | epoch : 308 | training done |
2021-12-28 13:16:08.504 | INFO     | __main__:<module>:134 - | epoch : 308 | val done |
2021-12-28 13:16:28.413 | INFO     | __main__:<module>:105 - | epoch : 309 | training done |
2021-12-28 13:16:29.542 | INFO     | __main__:<module>:134 - | epoch : 309 | val done |
2021-12-28 13:16:49.366 | INFO     | __main__:<module>:105 - | epoch : 310 | training done |
2021-12-28 13:16:50.555 | INFO     | __main__:<module>:134 - | epoch : 310 | val done |
2021-12-28 13:17:10.010 | INFO     | __main__:<module>:105 - | epoch : 311 | training done |
2021-12-28 13:17:11.228 | INFO     | __main__:<module>:134 - | epoch : 311 | val done |
2021-12-28 13:17:30.557 | INFO     | __main__:<module>:105 - | epoch : 312 | training done |
2021-12-28 13:17:31.819 | INFO     | __main__:<module>:134 - | epoch : 312 | val done |
2021-12-28 13:17:50.765 | INFO     | __main__:<module>:105 - | epoch : 313 | training done |
2021-12-28 13:17:52.076 | INFO     | __main__:<module>:134 - | epoch : 313 | val done |
2021-12-28 13:18:11.090 | INFO     | __main__:<module>:105 - | epoch : 314 | training done |
2021-12-28 13:18:12.318 | INFO     | __main__:<module>:134 - | epoch : 314 | val done |
2021-12-28 13:18:31.216 | INFO     | __main__:<module>:105 - | epoch : 315 | training done |
2021-12-28 13:18:32.460 | INFO     | __main__:<module>:134 - | epoch : 315 | val done |
2021-12-28 13:18:51.325 | INFO     | __main__:<module>:105 - | epoch : 316 | training done |
2021-12-28 13:18:52.586 | INFO     | __main__:<module>:134 - | epoch : 316 | val done |
2021-12-28 13:19:11.507 | INFO     | __main__:<module>:105 - | epoch : 317 | training done |
2021-12-28 13:19:12.736 | INFO     | __main__:<module>:134 - | epoch : 317 | val done |
2021-12-28 13:19:31.758 | INFO     | __main__:<module>:105 - | epoch : 318 | training done |
2021-12-28 13:19:33.011 | INFO     | __main__:<module>:134 - | epoch : 318 | val done |
2021-12-28 13:19:51.798 | INFO     | __main__:<module>:105 - | epoch : 319 | training done |
2021-12-28 13:19:53.057 | INFO     | __main__:<module>:134 - | epoch : 319 | val done |
2021-12-28 13:20:11.947 | INFO     | __main__:<module>:105 - | epoch : 320 | training done |
2021-12-28 13:20:13.207 | INFO     | __main__:<module>:134 - | epoch : 320 | val done |
2021-12-28 13:20:32.793 | INFO     | __main__:<module>:105 - | epoch : 321 | training done |
2021-12-28 13:20:34.123 | INFO     | __main__:<module>:134 - | epoch : 321 | val done |
