2021-12-25 22:25:37.089 | INFO     | __main__:<module>:55 - | start training .... |
2021-12-25 22:27:35.012 | INFO     | __main__:<module>:85 - | epoch : 0 | training done |
2021-12-25 22:27:39.543 | CRITICAL | __main__:<module>:111 - | epoch : 0 | best_val_dice_score : 0.5737664072824025 |
2021-12-25 22:29:37.191 | INFO     | __main__:<module>:85 - | epoch : 1 | training done |
2021-12-25 22:29:41.786 | CRITICAL | __main__:<module>:111 - | epoch : 1 | best_val_dice_score : 0.5938680621958479 |
2021-12-25 22:31:39.714 | INFO     | __main__:<module>:85 - | epoch : 2 | training done |
2021-12-25 22:31:44.095 | CRITICAL | __main__:<module>:111 - | epoch : 2 | best_val_dice_score : 0.6298591969974543 |
2021-12-25 22:33:43.249 | INFO     | __main__:<module>:85 - | epoch : 3 | training done |
2021-12-25 22:33:46.542 | INFO     | __main__:<module>:114 - | epoch : 3 | val done |
2021-12-25 22:35:45.478 | INFO     | __main__:<module>:85 - | epoch : 4 | training done |
2021-12-25 22:35:49.612 | CRITICAL | __main__:<module>:111 - | epoch : 4 | best_val_dice_score : 0.6381871913884053 |
2021-12-25 22:37:48.379 | INFO     | __main__:<module>:85 - | epoch : 5 | training done |
2021-12-25 22:37:52.907 | INFO     | __main__:<module>:114 - | epoch : 5 | val done |
2021-12-25 22:39:51.892 | INFO     | __main__:<module>:85 - | epoch : 6 | training done |
2021-12-25 22:39:56.447 | CRITICAL | __main__:<module>:111 - | epoch : 6 | best_val_dice_score : 0.6567301018651714 |
2021-12-25 22:41:54.402 | INFO     | __main__:<module>:85 - | epoch : 7 | training done |
2021-12-25 22:41:58.874 | CRITICAL | __main__:<module>:111 - | epoch : 7 | best_val_dice_score : 0.6635070184944052 |
2021-12-25 22:43:57.765 | INFO     | __main__:<module>:85 - | epoch : 8 | training done |
2021-12-25 22:44:02.238 | INFO     | __main__:<module>:114 - | epoch : 8 | val done |
2021-12-25 22:46:00.049 | INFO     | __main__:<module>:85 - | epoch : 9 | training done |
2021-12-25 22:46:04.643 | CRITICAL | __main__:<module>:111 - | epoch : 9 | best_val_dice_score : 0.6990429851183115 |
2021-12-25 22:48:03.371 | INFO     | __main__:<module>:85 - | epoch : 10 | training done |
2021-12-25 22:48:07.968 | CRITICAL | __main__:<module>:111 - | epoch : 10 | best_val_dice_score : 0.7160805678373199 |
2021-12-25 22:50:06.002 | INFO     | __main__:<module>:85 - | epoch : 11 | training done |
2021-12-25 22:50:10.550 | INFO     | __main__:<module>:114 - | epoch : 11 | val done |
2021-12-25 22:52:08.218 | INFO     | __main__:<module>:85 - | epoch : 12 | training done |
2021-12-25 22:52:12.813 | CRITICAL | __main__:<module>:111 - | epoch : 12 | best_val_dice_score : 0.7302273710370178 |
2021-12-25 22:54:11.166 | INFO     | __main__:<module>:85 - | epoch : 13 | training done |
2021-12-25 22:54:15.670 | CRITICAL | __main__:<module>:111 - | epoch : 13 | best_val_dice_score : 0.7393476558656779 |
2021-12-25 22:56:14.030 | INFO     | __main__:<module>:85 - | epoch : 14 | training done |
2021-12-25 22:56:18.518 | INFO     | __main__:<module>:114 - | epoch : 14 | val done |
2021-12-25 22:58:16.467 | INFO     | __main__:<module>:85 - | epoch : 15 | training done |
2021-12-25 22:58:21.007 | CRITICAL | __main__:<module>:111 - | epoch : 15 | best_val_dice_score : 0.745238050012255 |
2021-12-25 23:00:19.028 | INFO     | __main__:<module>:85 - | epoch : 16 | training done |
2021-12-25 23:00:23.602 | CRITICAL | __main__:<module>:111 - | epoch : 16 | best_val_dice_score : 0.7669544449814324 |
2021-12-25 23:02:21.814 | INFO     | __main__:<module>:85 - | epoch : 17 | training done |
2021-12-25 23:02:26.419 | INFO     | __main__:<module>:114 - | epoch : 17 | val done |
2021-12-25 23:04:24.330 | INFO     | __main__:<module>:85 - | epoch : 18 | training done |
2021-12-25 23:04:28.868 | INFO     | __main__:<module>:114 - | epoch : 18 | val done |
2021-12-25 23:06:26.804 | INFO     | __main__:<module>:85 - | epoch : 19 | training done |
2021-12-25 23:06:31.393 | INFO     | __main__:<module>:114 - | epoch : 19 | val done |
2021-12-25 23:08:29.002 | INFO     | __main__:<module>:85 - | epoch : 20 | training done |
2021-12-25 23:08:33.560 | CRITICAL | __main__:<module>:111 - | epoch : 20 | best_val_dice_score : 0.7895994440186892 |
2021-12-25 23:10:31.948 | INFO     | __main__:<module>:85 - | epoch : 21 | training done |
2021-12-25 23:10:36.445 | CRITICAL | __main__:<module>:111 - | epoch : 21 | best_val_dice_score : 0.7920971308251773 |
2021-12-25 23:12:34.673 | INFO     | __main__:<module>:85 - | epoch : 22 | training done |
2021-12-25 23:12:38.632 | INFO     | __main__:<module>:114 - | epoch : 22 | val done |
2021-12-25 23:14:37.425 | INFO     | __main__:<module>:85 - | epoch : 23 | training done |
2021-12-25 23:14:40.995 | CRITICAL | __main__:<module>:111 - | epoch : 23 | best_val_dice_score : 0.8092165682429038 |
2021-12-25 23:16:39.302 | INFO     | __main__:<module>:85 - | epoch : 24 | training done |
2021-12-25 23:16:43.877 | INFO     | __main__:<module>:114 - | epoch : 24 | val done |
2021-12-25 23:18:41.790 | INFO     | __main__:<module>:85 - | epoch : 25 | training done |
2021-12-25 23:18:46.294 | CRITICAL | __main__:<module>:111 - | epoch : 25 | best_val_dice_score : 0.8158825083789029 |
2021-12-25 23:20:44.149 | INFO     | __main__:<module>:85 - | epoch : 26 | training done |
2021-12-25 23:20:48.739 | INFO     | __main__:<module>:114 - | epoch : 26 | val done |
2021-12-25 23:22:46.425 | INFO     | __main__:<module>:85 - | epoch : 27 | training done |
2021-12-25 23:22:50.924 | CRITICAL | __main__:<module>:111 - | epoch : 27 | best_val_dice_score : 0.8372917412539281 |
2021-12-25 23:24:49.334 | INFO     | __main__:<module>:85 - | epoch : 28 | training done |
2021-12-25 23:24:53.840 | INFO     | __main__:<module>:114 - | epoch : 28 | val done |
2021-12-25 23:26:51.991 | INFO     | __main__:<module>:85 - | epoch : 29 | training done |
2021-12-25 23:26:56.508 | INFO     | __main__:<module>:114 - | epoch : 29 | val done |
2021-12-25 23:28:54.168 | INFO     | __main__:<module>:85 - | epoch : 30 | training done |
2021-12-25 23:28:58.706 | INFO     | __main__:<module>:114 - | epoch : 30 | val done |
2021-12-25 23:30:56.744 | INFO     | __main__:<module>:85 - | epoch : 31 | training done |
2021-12-25 23:31:01.305 | INFO     | __main__:<module>:114 - | epoch : 31 | val done |
2021-12-25 23:32:59.363 | INFO     | __main__:<module>:85 - | epoch : 32 | training done |
2021-12-25 23:33:03.836 | INFO     | __main__:<module>:114 - | epoch : 32 | val done |
2021-12-25 23:35:01.954 | INFO     | __main__:<module>:85 - | epoch : 33 | training done |
2021-12-25 23:35:06.437 | INFO     | __main__:<module>:114 - | epoch : 33 | val done |
2021-12-25 23:37:04.608 | INFO     | __main__:<module>:85 - | epoch : 34 | training done |
2021-12-25 23:37:09.044 | INFO     | __main__:<module>:114 - | epoch : 34 | val done |
2021-12-25 23:39:06.967 | INFO     | __main__:<module>:85 - | epoch : 35 | training done |
2021-12-25 23:39:11.487 | INFO     | __main__:<module>:114 - | epoch : 35 | val done |
2021-12-25 23:41:09.419 | INFO     | __main__:<module>:85 - | epoch : 36 | training done |
2021-12-25 23:41:13.894 | INFO     | __main__:<module>:114 - | epoch : 36 | val done |
2021-12-25 23:43:11.937 | INFO     | __main__:<module>:85 - | epoch : 37 | training done |
2021-12-25 23:43:16.430 | INFO     | __main__:<module>:114 - | epoch : 37 | val done |
2021-12-25 23:45:13.966 | INFO     | __main__:<module>:85 - | epoch : 38 | training done |
2021-12-25 23:45:18.476 | CRITICAL | __main__:<module>:111 - | epoch : 38 | best_val_dice_score : 0.8381711442769587 |
2021-12-25 23:47:16.684 | INFO     | __main__:<module>:85 - | epoch : 39 | training done |
2021-12-25 23:47:21.202 | CRITICAL | __main__:<module>:111 - | epoch : 39 | best_val_dice_score : 0.8451259704249161 |
2021-12-25 23:49:19.160 | INFO     | __main__:<module>:85 - | epoch : 40 | training done |
2021-12-25 23:49:23.755 | INFO     | __main__:<module>:114 - | epoch : 40 | val done |
2021-12-25 23:51:21.689 | INFO     | __main__:<module>:85 - | epoch : 41 | training done |
2021-12-25 23:51:26.186 | INFO     | __main__:<module>:114 - | epoch : 41 | val done |
2021-12-25 23:53:24.231 | INFO     | __main__:<module>:85 - | epoch : 42 | training done |
2021-12-25 23:53:28.362 | INFO     | __main__:<module>:114 - | epoch : 42 | val done |
2021-12-25 23:55:27.022 | INFO     | __main__:<module>:85 - | epoch : 43 | training done |
2021-12-25 23:55:30.668 | CRITICAL | __main__:<module>:111 - | epoch : 43 | best_val_dice_score : 0.8456564620308362 |
2021-12-25 23:57:29.086 | INFO     | __main__:<module>:85 - | epoch : 44 | training done |
2021-12-25 23:57:33.698 | INFO     | __main__:<module>:114 - | epoch : 44 | val done |
2021-12-25 23:59:31.443 | INFO     | __main__:<module>:85 - | epoch : 45 | training done |
2021-12-25 23:59:35.928 | CRITICAL | __main__:<module>:111 - | epoch : 45 | best_val_dice_score : 0.8476761628819597 |
2021-12-26 00:01:34.183 | INFO     | __main__:<module>:85 - | epoch : 46 | training done |
2021-12-26 00:01:38.725 | INFO     | __main__:<module>:114 - | epoch : 46 | val done |
2021-12-26 00:03:36.804 | INFO     | __main__:<module>:85 - | epoch : 47 | training done |
2021-12-26 00:03:41.357 | INFO     | __main__:<module>:114 - | epoch : 47 | val done |
2021-12-26 00:05:39.262 | INFO     | __main__:<module>:85 - | epoch : 48 | training done |
2021-12-26 00:05:43.781 | INFO     | __main__:<module>:114 - | epoch : 48 | val done |
2021-12-26 00:07:41.587 | INFO     | __main__:<module>:85 - | epoch : 49 | training done |
2021-12-26 00:07:46.095 | INFO     | __main__:<module>:114 - | epoch : 49 | val done |
2021-12-26 00:09:44.120 | INFO     | __main__:<module>:85 - | epoch : 50 | training done |
2021-12-26 00:09:48.627 | CRITICAL | __main__:<module>:111 - | epoch : 50 | best_val_dice_score : 0.8511967704670581 |
2021-12-26 00:11:46.604 | INFO     | __main__:<module>:85 - | epoch : 51 | training done |
2021-12-26 00:11:51.132 | INFO     | __main__:<module>:114 - | epoch : 51 | val done |
2021-12-26 00:13:48.745 | INFO     | __main__:<module>:85 - | epoch : 52 | training done |
2021-12-26 00:13:53.358 | INFO     | __main__:<module>:114 - | epoch : 52 | val done |
2021-12-26 00:15:51.281 | INFO     | __main__:<module>:85 - | epoch : 53 | training done |
2021-12-26 00:15:55.860 | INFO     | __main__:<module>:114 - | epoch : 53 | val done |
2021-12-26 00:17:53.971 | INFO     | __main__:<module>:85 - | epoch : 54 | training done |
2021-12-26 00:17:58.462 | CRITICAL | __main__:<module>:111 - | epoch : 54 | best_val_dice_score : 0.8607579157231484 |
2021-12-26 00:19:56.491 | INFO     | __main__:<module>:85 - | epoch : 55 | training done |
2021-12-26 00:20:01.025 | INFO     | __main__:<module>:114 - | epoch : 55 | val done |
2021-12-26 00:21:59.167 | INFO     | __main__:<module>:85 - | epoch : 56 | training done |
2021-12-26 00:22:03.689 | INFO     | __main__:<module>:114 - | epoch : 56 | val done |
2021-12-26 00:24:01.717 | INFO     | __main__:<module>:85 - | epoch : 57 | training done |
2021-12-26 00:24:06.311 | INFO     | __main__:<module>:114 - | epoch : 57 | val done |
2021-12-26 00:26:04.302 | INFO     | __main__:<module>:85 - | epoch : 58 | training done |
2021-12-26 00:26:08.877 | INFO     | __main__:<module>:114 - | epoch : 58 | val done |
2021-12-26 00:28:06.616 | INFO     | __main__:<module>:85 - | epoch : 59 | training done |
2021-12-26 00:28:11.122 | INFO     | __main__:<module>:114 - | epoch : 59 | val done |
2021-12-26 00:30:09.343 | INFO     | __main__:<module>:85 - | epoch : 60 | training done |
2021-12-26 00:30:13.912 | INFO     | __main__:<module>:114 - | epoch : 60 | val done |
2021-12-26 00:32:11.931 | INFO     | __main__:<module>:85 - | epoch : 61 | training done |
2021-12-26 00:32:16.563 | INFO     | __main__:<module>:114 - | epoch : 61 | val done |
2021-12-26 00:34:14.675 | INFO     | __main__:<module>:85 - | epoch : 62 | training done |
2021-12-26 00:34:18.749 | INFO     | __main__:<module>:114 - | epoch : 62 | val done |
2021-12-26 00:36:17.472 | INFO     | __main__:<module>:85 - | epoch : 63 | training done |
2021-12-26 00:36:21.306 | INFO     | __main__:<module>:114 - | epoch : 63 | val done |
2021-12-26 00:38:20.019 | INFO     | __main__:<module>:85 - | epoch : 64 | training done |
2021-12-26 00:38:24.662 | INFO     | __main__:<module>:114 - | epoch : 64 | val done |
2021-12-26 00:40:22.617 | INFO     | __main__:<module>:85 - | epoch : 65 | training done |
2021-12-26 00:40:27.143 | INFO     | __main__:<module>:114 - | epoch : 65 | val done |
2021-12-26 00:42:25.142 | INFO     | __main__:<module>:85 - | epoch : 66 | training done |
2021-12-26 00:42:29.636 | INFO     | __main__:<module>:114 - | epoch : 66 | val done |
2021-12-26 00:44:27.428 | INFO     | __main__:<module>:85 - | epoch : 67 | training done |
2021-12-26 00:44:31.940 | INFO     | __main__:<module>:114 - | epoch : 67 | val done |
2021-12-26 00:46:30.081 | INFO     | __main__:<module>:85 - | epoch : 68 | training done |
2021-12-26 00:46:34.561 | INFO     | __main__:<module>:114 - | epoch : 68 | val done |
2021-12-26 00:48:32.569 | INFO     | __main__:<module>:85 - | epoch : 69 | training done |
2021-12-26 00:48:37.073 | INFO     | __main__:<module>:114 - | epoch : 69 | val done |
2021-12-26 00:50:35.106 | INFO     | __main__:<module>:85 - | epoch : 70 | training done |
2021-12-26 00:50:39.678 | INFO     | __main__:<module>:114 - | epoch : 70 | val done |
2021-12-26 00:52:37.688 | INFO     | __main__:<module>:85 - | epoch : 71 | training done |
2021-12-26 00:52:42.215 | INFO     | __main__:<module>:114 - | epoch : 71 | val done |
2021-12-26 00:54:40.261 | INFO     | __main__:<module>:85 - | epoch : 72 | training done |
2021-12-26 00:54:44.731 | INFO     | __main__:<module>:114 - | epoch : 72 | val done |
2021-12-26 00:56:42.817 | INFO     | __main__:<module>:85 - | epoch : 73 | training done |
2021-12-26 00:56:47.398 | INFO     | __main__:<module>:114 - | epoch : 73 | val done |
2021-12-26 00:58:45.509 | INFO     | __main__:<module>:85 - | epoch : 74 | training done |
2021-12-26 00:58:50.105 | INFO     | __main__:<module>:114 - | epoch : 74 | val done |
2021-12-26 01:00:48.249 | INFO     | __main__:<module>:85 - | epoch : 75 | training done |
2021-12-26 01:00:52.779 | INFO     | __main__:<module>:114 - | epoch : 75 | val done |
2021-12-26 01:02:50.668 | INFO     | __main__:<module>:85 - | epoch : 76 | training done |
2021-12-26 01:02:55.312 | INFO     | __main__:<module>:114 - | epoch : 76 | val done |
2021-12-26 01:04:53.459 | INFO     | __main__:<module>:85 - | epoch : 77 | training done |
2021-12-26 01:04:58.027 | INFO     | __main__:<module>:114 - | epoch : 77 | val done |
2021-12-26 01:06:56.185 | INFO     | __main__:<module>:85 - | epoch : 78 | training done |
2021-12-26 01:07:00.676 | INFO     | __main__:<module>:114 - | epoch : 78 | val done |
2021-12-26 01:08:58.825 | INFO     | __main__:<module>:85 - | epoch : 79 | training done |
2021-12-26 01:09:03.384 | INFO     | __main__:<module>:114 - | epoch : 79 | val done |
2021-12-26 01:11:01.494 | INFO     | __main__:<module>:85 - | epoch : 80 | training done |
2021-12-26 01:11:06.078 | INFO     | __main__:<module>:114 - | epoch : 80 | val done |
2021-12-26 01:13:03.983 | INFO     | __main__:<module>:85 - | epoch : 81 | training done |
2021-12-26 01:13:08.548 | INFO     | __main__:<module>:114 - | epoch : 81 | val done |
2021-12-26 01:15:06.596 | INFO     | __main__:<module>:85 - | epoch : 82 | training done |
2021-12-26 01:15:10.561 | INFO     | __main__:<module>:114 - | epoch : 82 | val done |
2021-12-26 01:17:09.317 | INFO     | __main__:<module>:85 - | epoch : 83 | training done |
2021-12-26 01:17:13.250 | INFO     | __main__:<module>:114 - | epoch : 83 | val done |
2021-12-26 01:19:12.054 | INFO     | __main__:<module>:85 - | epoch : 84 | training done |
2021-12-26 01:19:16.755 | INFO     | __main__:<module>:114 - | epoch : 84 | val done |
2021-12-26 01:21:14.775 | INFO     | __main__:<module>:85 - | epoch : 85 | training done |
2021-12-26 01:21:19.330 | INFO     | __main__:<module>:114 - | epoch : 85 | val done |
2021-12-26 01:23:17.302 | INFO     | __main__:<module>:85 - | epoch : 86 | training done |
2021-12-26 01:23:21.873 | CRITICAL | __main__:<module>:111 - | epoch : 86 | best_val_dice_score : 0.8622583099211665 |
2021-12-26 01:25:20.094 | INFO     | __main__:<module>:85 - | epoch : 87 | training done |
2021-12-26 01:25:24.671 | INFO     | __main__:<module>:114 - | epoch : 87 | val done |
2021-12-26 01:27:22.660 | INFO     | __main__:<module>:85 - | epoch : 88 | training done |
2021-12-26 01:27:27.228 | CRITICAL | __main__:<module>:111 - | epoch : 88 | best_val_dice_score : 0.8625119268065771 |
2021-12-26 01:29:25.624 | INFO     | __main__:<module>:85 - | epoch : 89 | training done |
2021-12-26 01:29:30.239 | INFO     | __main__:<module>:114 - | epoch : 89 | val done |
2021-12-26 01:31:28.380 | INFO     | __main__:<module>:85 - | epoch : 90 | training done |
2021-12-26 01:31:32.865 | INFO     | __main__:<module>:114 - | epoch : 90 | val done |
2021-12-26 01:33:31.015 | INFO     | __main__:<module>:85 - | epoch : 91 | training done |
2021-12-26 01:33:35.527 | CRITICAL | __main__:<module>:111 - | epoch : 91 | best_val_dice_score : 0.8701871736696682 |
2021-12-26 01:35:33.786 | INFO     | __main__:<module>:85 - | epoch : 92 | training done |
2021-12-26 01:35:38.326 | INFO     | __main__:<module>:114 - | epoch : 92 | val done |
2021-12-26 01:37:36.392 | INFO     | __main__:<module>:85 - | epoch : 93 | training done |
2021-12-26 01:37:40.904 | INFO     | __main__:<module>:114 - | epoch : 93 | val done |
2021-12-26 01:39:39.013 | INFO     | __main__:<module>:85 - | epoch : 94 | training done |
2021-12-26 01:39:43.515 | INFO     | __main__:<module>:114 - | epoch : 94 | val done |
2021-12-26 01:41:41.614 | INFO     | __main__:<module>:85 - | epoch : 95 | training done |
2021-12-26 01:41:46.148 | INFO     | __main__:<module>:114 - | epoch : 95 | val done |
2021-12-26 01:43:43.960 | INFO     | __main__:<module>:85 - | epoch : 96 | training done |
2021-12-26 01:43:48.477 | INFO     | __main__:<module>:114 - | epoch : 96 | val done |
2021-12-26 01:45:46.443 | INFO     | __main__:<module>:85 - | epoch : 97 | training done |
2021-12-26 01:45:51.026 | INFO     | __main__:<module>:114 - | epoch : 97 | val done |
2021-12-26 01:47:48.997 | INFO     | __main__:<module>:85 - | epoch : 98 | training done |
2021-12-26 01:47:53.498 | INFO     | __main__:<module>:114 - | epoch : 98 | val done |
2021-12-26 01:49:51.391 | INFO     | __main__:<module>:85 - | epoch : 99 | training done |
2021-12-26 01:49:55.847 | INFO     | __main__:<module>:114 - | epoch : 99 | val done |
2021-12-26 01:51:53.738 | INFO     | __main__:<module>:85 - | epoch : 100 | training done |
2021-12-26 01:51:58.329 | INFO     | __main__:<module>:114 - | epoch : 100 | val done |
2021-12-26 01:53:56.352 | INFO     | __main__:<module>:85 - | epoch : 101 | training done |
2021-12-26 01:54:00.847 | INFO     | __main__:<module>:114 - | epoch : 101 | val done |
2021-12-26 01:55:58.849 | INFO     | __main__:<module>:85 - | epoch : 102 | training done |
2021-12-26 01:56:02.917 | INFO     | __main__:<module>:114 - | epoch : 102 | val done |
2021-12-26 01:58:01.625 | INFO     | __main__:<module>:85 - | epoch : 103 | training done |
2021-12-26 01:58:05.483 | INFO     | __main__:<module>:114 - | epoch : 103 | val done |
2021-12-26 02:00:03.853 | INFO     | __main__:<module>:85 - | epoch : 104 | training done |
2021-12-26 02:00:08.509 | INFO     | __main__:<module>:114 - | epoch : 104 | val done |
2021-12-26 02:02:06.399 | INFO     | __main__:<module>:85 - | epoch : 105 | training done |
2021-12-26 02:02:10.904 | INFO     | __main__:<module>:114 - | epoch : 105 | val done |
2021-12-26 02:04:09.045 | INFO     | __main__:<module>:85 - | epoch : 106 | training done |
2021-12-26 02:04:13.664 | INFO     | __main__:<module>:114 - | epoch : 106 | val done |
2021-12-26 02:06:11.766 | INFO     | __main__:<module>:85 - | epoch : 107 | training done |
2021-12-26 02:06:16.295 | INFO     | __main__:<module>:114 - | epoch : 107 | val done |
2021-12-26 02:08:14.256 | INFO     | __main__:<module>:85 - | epoch : 108 | training done |
2021-12-26 02:08:18.812 | INFO     | __main__:<module>:114 - | epoch : 108 | val done |
2021-12-26 02:10:16.652 | INFO     | __main__:<module>:85 - | epoch : 109 | training done |
2021-12-26 02:10:21.179 | INFO     | __main__:<module>:114 - | epoch : 109 | val done |
2021-12-26 02:12:19.278 | INFO     | __main__:<module>:85 - | epoch : 110 | training done |
2021-12-26 02:12:23.817 | INFO     | __main__:<module>:114 - | epoch : 110 | val done |
2021-12-26 02:14:21.942 | INFO     | __main__:<module>:85 - | epoch : 111 | training done |
2021-12-26 02:14:26.500 | INFO     | __main__:<module>:114 - | epoch : 111 | val done |
2021-12-26 02:16:24.554 | INFO     | __main__:<module>:85 - | epoch : 112 | training done |
2021-12-26 02:16:29.071 | INFO     | __main__:<module>:114 - | epoch : 112 | val done |
2021-12-26 02:18:26.997 | INFO     | __main__:<module>:85 - | epoch : 113 | training done |
2021-12-26 02:18:31.502 | INFO     | __main__:<module>:114 - | epoch : 113 | val done |
2021-12-26 02:20:29.516 | INFO     | __main__:<module>:85 - | epoch : 114 | training done |
2021-12-26 02:20:34.094 | INFO     | __main__:<module>:114 - | epoch : 114 | val done |
2021-12-26 02:22:32.126 | INFO     | __main__:<module>:85 - | epoch : 115 | training done |
2021-12-26 02:22:36.659 | INFO     | __main__:<module>:114 - | epoch : 115 | val done |
2021-12-26 02:24:34.493 | INFO     | __main__:<module>:85 - | epoch : 116 | training done |
2021-12-26 02:24:39.116 | INFO     | __main__:<module>:114 - | epoch : 116 | val done |
2021-12-26 02:26:37.035 | INFO     | __main__:<module>:85 - | epoch : 117 | training done |
2021-12-26 02:26:41.544 | INFO     | __main__:<module>:114 - | epoch : 117 | val done |
2021-12-26 02:28:39.447 | INFO     | __main__:<module>:85 - | epoch : 118 | training done |
2021-12-26 02:28:43.911 | INFO     | __main__:<module>:114 - | epoch : 118 | val done |
2021-12-26 02:30:41.808 | INFO     | __main__:<module>:85 - | epoch : 119 | training done |
2021-12-26 02:30:46.306 | INFO     | __main__:<module>:114 - | epoch : 119 | val done |
2021-12-26 02:32:44.402 | INFO     | __main__:<module>:85 - | epoch : 120 | training done |
2021-12-26 02:32:48.890 | INFO     | __main__:<module>:114 - | epoch : 120 | val done |
2021-12-26 02:34:46.814 | INFO     | __main__:<module>:85 - | epoch : 121 | training done |
2021-12-26 02:34:51.387 | INFO     | __main__:<module>:114 - | epoch : 121 | val done |
2021-12-26 02:36:49.427 | INFO     | __main__:<module>:85 - | epoch : 122 | training done |
2021-12-26 02:36:53.457 | INFO     | __main__:<module>:114 - | epoch : 122 | val done |
2021-12-26 02:38:52.210 | INFO     | __main__:<module>:85 - | epoch : 123 | training done |
2021-12-26 02:38:55.619 | INFO     | __main__:<module>:114 - | epoch : 123 | val done |
2021-12-26 02:40:54.373 | INFO     | __main__:<module>:85 - | epoch : 124 | training done |
2021-12-26 02:40:59.083 | INFO     | __main__:<module>:114 - | epoch : 124 | val done |
2021-12-26 02:42:57.021 | INFO     | __main__:<module>:85 - | epoch : 125 | training done |
2021-12-26 02:43:01.581 | INFO     | __main__:<module>:114 - | epoch : 125 | val done |
2021-12-26 02:44:59.519 | INFO     | __main__:<module>:85 - | epoch : 126 | training done |
2021-12-26 02:45:04.102 | INFO     | __main__:<module>:114 - | epoch : 126 | val done |
2021-12-26 02:47:01.823 | INFO     | __main__:<module>:85 - | epoch : 127 | training done |
2021-12-26 02:47:06.329 | INFO     | __main__:<module>:114 - | epoch : 127 | val done |
2021-12-26 02:49:04.123 | INFO     | __main__:<module>:85 - | epoch : 128 | training done |
2021-12-26 02:49:08.659 | INFO     | __main__:<module>:114 - | epoch : 128 | val done |
2021-12-26 02:51:06.739 | INFO     | __main__:<module>:85 - | epoch : 129 | training done |
2021-12-26 02:51:11.245 | INFO     | __main__:<module>:114 - | epoch : 129 | val done |
2021-12-26 02:53:09.334 | INFO     | __main__:<module>:85 - | epoch : 130 | training done |
2021-12-26 02:53:13.869 | INFO     | __main__:<module>:114 - | epoch : 130 | val done |
2021-12-26 02:55:11.695 | INFO     | __main__:<module>:85 - | epoch : 131 | training done |
2021-12-26 02:55:16.218 | INFO     | __main__:<module>:114 - | epoch : 131 | val done |
2021-12-26 02:57:14.216 | INFO     | __main__:<module>:85 - | epoch : 132 | training done |
2021-12-26 02:57:18.817 | INFO     | __main__:<module>:114 - | epoch : 132 | val done |
2021-12-26 02:59:16.956 | INFO     | __main__:<module>:85 - | epoch : 133 | training done |
2021-12-26 02:59:21.500 | INFO     | __main__:<module>:114 - | epoch : 133 | val done |
2021-12-26 03:01:19.638 | INFO     | __main__:<module>:85 - | epoch : 134 | training done |
2021-12-26 03:01:24.138 | INFO     | __main__:<module>:114 - | epoch : 134 | val done |
2021-12-26 03:03:22.225 | INFO     | __main__:<module>:85 - | epoch : 135 | training done |
2021-12-26 03:03:26.824 | INFO     | __main__:<module>:114 - | epoch : 135 | val done |
2021-12-26 03:05:24.902 | INFO     | __main__:<module>:85 - | epoch : 136 | training done |
2021-12-26 03:05:29.415 | INFO     | __main__:<module>:114 - | epoch : 136 | val done |
2021-12-26 03:07:27.341 | INFO     | __main__:<module>:85 - | epoch : 137 | training done |
2021-12-26 03:07:31.898 | INFO     | __main__:<module>:114 - | epoch : 137 | val done |
2021-12-26 03:09:29.911 | INFO     | __main__:<module>:85 - | epoch : 138 | training done |
2021-12-26 03:09:34.390 | INFO     | __main__:<module>:114 - | epoch : 138 | val done |
2021-12-26 03:11:32.142 | INFO     | __main__:<module>:85 - | epoch : 139 | training done |
2021-12-26 03:11:36.631 | INFO     | __main__:<module>:114 - | epoch : 139 | val done |
2021-12-26 03:13:34.487 | INFO     | __main__:<module>:85 - | epoch : 140 | training done |
2021-12-26 03:13:39.060 | INFO     | __main__:<module>:114 - | epoch : 140 | val done |
2021-12-26 03:15:37.036 | INFO     | __main__:<module>:85 - | epoch : 141 | training done |
2021-12-26 03:15:41.536 | CRITICAL | __main__:<module>:111 - | epoch : 141 | best_val_dice_score : 0.8752566774591691 |
2021-12-26 03:17:39.637 | INFO     | __main__:<module>:85 - | epoch : 142 | training done |
2021-12-26 03:17:43.700 | INFO     | __main__:<module>:114 - | epoch : 142 | val done |
2021-12-26 03:19:42.116 | INFO     | __main__:<module>:85 - | epoch : 143 | training done |
2021-12-26 03:19:46.016 | INFO     | __main__:<module>:114 - | epoch : 143 | val done |
2021-12-26 03:21:44.530 | INFO     | __main__:<module>:85 - | epoch : 144 | training done |
2021-12-26 03:21:49.216 | INFO     | __main__:<module>:114 - | epoch : 144 | val done |
2021-12-26 03:23:47.058 | INFO     | __main__:<module>:85 - | epoch : 145 | training done |
2021-12-26 03:23:51.596 | INFO     | __main__:<module>:114 - | epoch : 145 | val done |
2021-12-26 03:25:49.760 | INFO     | __main__:<module>:85 - | epoch : 146 | training done |
2021-12-26 03:25:54.310 | INFO     | __main__:<module>:114 - | epoch : 146 | val done |
2021-12-26 03:27:52.319 | INFO     | __main__:<module>:85 - | epoch : 147 | training done |
2021-12-26 03:27:56.875 | INFO     | __main__:<module>:114 - | epoch : 147 | val done |
2021-12-26 03:29:54.703 | INFO     | __main__:<module>:85 - | epoch : 148 | training done |
2021-12-26 03:29:59.256 | INFO     | __main__:<module>:114 - | epoch : 148 | val done |
2021-12-26 03:31:57.140 | INFO     | __main__:<module>:85 - | epoch : 149 | training done |
2021-12-26 03:32:01.587 | INFO     | __main__:<module>:114 - | epoch : 149 | val done |
2021-12-26 03:33:59.462 | INFO     | __main__:<module>:85 - | epoch : 150 | training done |
2021-12-26 03:34:04.007 | INFO     | __main__:<module>:114 - | epoch : 150 | val done |
2021-12-26 03:36:01.847 | INFO     | __main__:<module>:85 - | epoch : 151 | training done |
2021-12-26 03:36:06.404 | INFO     | __main__:<module>:114 - | epoch : 151 | val done |
2021-12-26 03:38:04.258 | INFO     | __main__:<module>:85 - | epoch : 152 | training done |
2021-12-26 03:38:08.883 | INFO     | __main__:<module>:114 - | epoch : 152 | val done |
2021-12-26 03:40:06.644 | INFO     | __main__:<module>:85 - | epoch : 153 | training done |
2021-12-26 03:40:11.238 | INFO     | __main__:<module>:114 - | epoch : 153 | val done |
2021-12-26 03:42:09.223 | INFO     | __main__:<module>:85 - | epoch : 154 | training done |
2021-12-26 03:42:13.801 | INFO     | __main__:<module>:114 - | epoch : 154 | val done |
2021-12-26 03:44:11.678 | INFO     | __main__:<module>:85 - | epoch : 155 | training done |
2021-12-26 03:44:16.169 | INFO     | __main__:<module>:114 - | epoch : 155 | val done |
2021-12-26 03:46:14.111 | INFO     | __main__:<module>:85 - | epoch : 156 | training done |
2021-12-26 03:46:18.600 | INFO     | __main__:<module>:114 - | epoch : 156 | val done |
2021-12-26 03:48:16.516 | INFO     | __main__:<module>:85 - | epoch : 157 | training done |
2021-12-26 03:48:21.143 | INFO     | __main__:<module>:114 - | epoch : 157 | val done |
2021-12-26 03:50:19.010 | INFO     | __main__:<module>:85 - | epoch : 158 | training done |
2021-12-26 03:50:23.676 | INFO     | __main__:<module>:114 - | epoch : 158 | val done |
2021-12-26 03:52:21.082 | INFO     | __main__:<module>:85 - | epoch : 159 | training done |
2021-12-26 03:52:25.649 | INFO     | __main__:<module>:114 - | epoch : 159 | val done |
2021-12-26 03:54:23.368 | INFO     | __main__:<module>:85 - | epoch : 160 | training done |
2021-12-26 03:54:27.830 | INFO     | __main__:<module>:114 - | epoch : 160 | val done |
2021-12-26 03:56:25.584 | INFO     | __main__:<module>:85 - | epoch : 161 | training done |
2021-12-26 03:56:30.147 | INFO     | __main__:<module>:114 - | epoch : 161 | val done |
2021-12-26 03:58:28.079 | INFO     | __main__:<module>:85 - | epoch : 162 | training done |
2021-12-26 03:58:31.618 | INFO     | __main__:<module>:114 - | epoch : 162 | val done |
2021-12-26 04:00:30.138 | INFO     | __main__:<module>:85 - | epoch : 163 | training done |
2021-12-26 04:00:34.144 | INFO     | __main__:<module>:114 - | epoch : 163 | val done |
2021-12-26 04:02:31.620 | INFO     | __main__:<module>:85 - | epoch : 164 | training done |
2021-12-26 04:02:36.102 | INFO     | __main__:<module>:114 - | epoch : 164 | val done |
2021-12-26 04:04:33.951 | INFO     | __main__:<module>:85 - | epoch : 165 | training done |
2021-12-26 04:04:38.539 | INFO     | __main__:<module>:114 - | epoch : 165 | val done |
2021-12-26 04:06:36.296 | INFO     | __main__:<module>:85 - | epoch : 166 | training done |
2021-12-26 04:06:40.860 | INFO     | __main__:<module>:114 - | epoch : 166 | val done |
2021-12-26 04:08:38.741 | INFO     | __main__:<module>:85 - | epoch : 167 | training done |
2021-12-26 04:08:43.204 | INFO     | __main__:<module>:114 - | epoch : 167 | val done |
2021-12-26 04:10:41.044 | INFO     | __main__:<module>:85 - | epoch : 168 | training done |
2021-12-26 04:10:45.545 | INFO     | __main__:<module>:114 - | epoch : 168 | val done |
2021-12-26 04:12:43.546 | INFO     | __main__:<module>:85 - | epoch : 169 | training done |
2021-12-26 04:12:48.044 | INFO     | __main__:<module>:114 - | epoch : 169 | val done |
2021-12-26 04:14:45.981 | INFO     | __main__:<module>:85 - | epoch : 170 | training done |
2021-12-26 04:14:50.583 | INFO     | __main__:<module>:114 - | epoch : 170 | val done |
2021-12-26 04:16:48.693 | INFO     | __main__:<module>:85 - | epoch : 171 | training done |
2021-12-26 04:16:53.223 | INFO     | __main__:<module>:114 - | epoch : 171 | val done |
2021-12-26 04:18:51.375 | INFO     | __main__:<module>:85 - | epoch : 172 | training done |
2021-12-26 04:18:55.977 | INFO     | __main__:<module>:114 - | epoch : 172 | val done |
2021-12-26 04:20:53.868 | INFO     | __main__:<module>:85 - | epoch : 173 | training done |
2021-12-26 04:20:58.386 | INFO     | __main__:<module>:114 - | epoch : 173 | val done |
2021-12-26 04:22:56.293 | INFO     | __main__:<module>:85 - | epoch : 174 | training done |
2021-12-26 04:23:00.798 | INFO     | __main__:<module>:114 - | epoch : 174 | val done |
2021-12-26 04:24:58.519 | INFO     | __main__:<module>:85 - | epoch : 175 | training done |
2021-12-26 04:25:03.040 | INFO     | __main__:<module>:114 - | epoch : 175 | val done |
2021-12-26 04:27:00.770 | INFO     | __main__:<module>:85 - | epoch : 176 | training done |
2021-12-26 04:27:05.278 | INFO     | __main__:<module>:114 - | epoch : 176 | val done |
2021-12-26 04:29:03.090 | INFO     | __main__:<module>:85 - | epoch : 177 | training done |
2021-12-26 04:29:07.602 | INFO     | __main__:<module>:114 - | epoch : 177 | val done |
2021-12-26 04:31:05.643 | INFO     | __main__:<module>:85 - | epoch : 178 | training done |
2021-12-26 04:31:10.297 | INFO     | __main__:<module>:114 - | epoch : 178 | val done |
2021-12-26 04:33:07.962 | INFO     | __main__:<module>:85 - | epoch : 179 | training done |
2021-12-26 04:33:12.479 | INFO     | __main__:<module>:114 - | epoch : 179 | val done |
2021-12-26 04:35:10.003 | INFO     | __main__:<module>:85 - | epoch : 180 | training done |
2021-12-26 04:35:14.571 | INFO     | __main__:<module>:114 - | epoch : 180 | val done |
2021-12-26 04:37:12.322 | INFO     | __main__:<module>:85 - | epoch : 181 | training done |
2021-12-26 04:37:16.833 | INFO     | __main__:<module>:114 - | epoch : 181 | val done |
2021-12-26 04:39:14.578 | INFO     | __main__:<module>:85 - | epoch : 182 | training done |
2021-12-26 04:39:18.307 | INFO     | __main__:<module>:114 - | epoch : 182 | val done |
2021-12-26 04:41:16.932 | INFO     | __main__:<module>:85 - | epoch : 183 | training done |
2021-12-26 04:41:20.419 | INFO     | __main__:<module>:114 - | epoch : 183 | val done |
2021-12-26 04:43:18.073 | INFO     | __main__:<module>:85 - | epoch : 184 | training done |
2021-12-26 04:43:22.689 | INFO     | __main__:<module>:114 - | epoch : 184 | val done |
2021-12-26 04:45:20.223 | INFO     | __main__:<module>:85 - | epoch : 185 | training done |
2021-12-26 04:45:24.816 | INFO     | __main__:<module>:114 - | epoch : 185 | val done |
2021-12-26 04:47:22.684 | INFO     | __main__:<module>:85 - | epoch : 186 | training done |
2021-12-26 04:47:27.277 | INFO     | __main__:<module>:114 - | epoch : 186 | val done |
2021-12-26 04:49:25.341 | INFO     | __main__:<module>:85 - | epoch : 187 | training done |
2021-12-26 04:49:29.918 | INFO     | __main__:<module>:114 - | epoch : 187 | val done |
2021-12-26 04:51:27.777 | INFO     | __main__:<module>:85 - | epoch : 188 | training done |
2021-12-26 04:51:32.303 | INFO     | __main__:<module>:114 - | epoch : 188 | val done |
2021-12-26 04:53:30.097 | INFO     | __main__:<module>:85 - | epoch : 189 | training done |
2021-12-26 04:53:34.674 | INFO     | __main__:<module>:114 - | epoch : 189 | val done |
2021-12-26 04:55:32.590 | INFO     | __main__:<module>:85 - | epoch : 190 | training done |
2021-12-26 04:55:37.127 | INFO     | __main__:<module>:114 - | epoch : 190 | val done |
2021-12-26 04:57:35.145 | INFO     | __main__:<module>:85 - | epoch : 191 | training done |
2021-12-26 04:57:39.691 | INFO     | __main__:<module>:114 - | epoch : 191 | val done |
2021-12-26 04:59:37.439 | INFO     | __main__:<module>:85 - | epoch : 192 | training done |
2021-12-26 04:59:41.986 | INFO     | __main__:<module>:114 - | epoch : 192 | val done |
2021-12-26 05:01:39.891 | INFO     | __main__:<module>:85 - | epoch : 193 | training done |
2021-12-26 05:01:44.414 | INFO     | __main__:<module>:114 - | epoch : 193 | val done |
2021-12-26 05:03:42.324 | INFO     | __main__:<module>:85 - | epoch : 194 | training done |
2021-12-26 05:03:46.837 | INFO     | __main__:<module>:114 - | epoch : 194 | val done |
2021-12-26 05:05:44.606 | INFO     | __main__:<module>:85 - | epoch : 195 | training done |
2021-12-26 05:05:49.088 | INFO     | __main__:<module>:114 - | epoch : 195 | val done |
2021-12-26 05:07:46.864 | INFO     | __main__:<module>:85 - | epoch : 196 | training done |
2021-12-26 05:07:51.426 | INFO     | __main__:<module>:114 - | epoch : 196 | val done |
2021-12-26 05:09:49.211 | INFO     | __main__:<module>:85 - | epoch : 197 | training done |
2021-12-26 05:09:53.781 | INFO     | __main__:<module>:114 - | epoch : 197 | val done |
2021-12-26 05:11:51.733 | INFO     | __main__:<module>:85 - | epoch : 198 | training done |
2021-12-26 05:11:56.331 | INFO     | __main__:<module>:114 - | epoch : 198 | val done |
2021-12-26 05:13:54.363 | INFO     | __main__:<module>:85 - | epoch : 199 | training done |
2021-12-26 05:13:58.862 | INFO     | __main__:<module>:114 - | epoch : 199 | val done |
2021-12-26 05:15:56.765 | INFO     | __main__:<module>:85 - | epoch : 200 | training done |
2021-12-26 05:16:01.244 | INFO     | __main__:<module>:114 - | epoch : 200 | val done |
2021-12-26 05:17:59.097 | INFO     | __main__:<module>:85 - | epoch : 201 | training done |
2021-12-26 05:18:03.664 | INFO     | __main__:<module>:114 - | epoch : 201 | val done |
2021-12-26 05:20:01.493 | INFO     | __main__:<module>:85 - | epoch : 202 | training done |
2021-12-26 05:20:05.229 | INFO     | __main__:<module>:114 - | epoch : 202 | val done |
2021-12-26 05:22:03.775 | INFO     | __main__:<module>:85 - | epoch : 203 | training done |
2021-12-26 05:22:07.702 | INFO     | __main__:<module>:114 - | epoch : 203 | val done |
2021-12-26 05:24:05.329 | INFO     | __main__:<module>:85 - | epoch : 204 | training done |
2021-12-26 05:24:09.962 | INFO     | __main__:<module>:114 - | epoch : 204 | val done |
2021-12-26 05:26:07.835 | INFO     | __main__:<module>:85 - | epoch : 205 | training done |
2021-12-26 05:26:12.307 | INFO     | __main__:<module>:114 - | epoch : 205 | val done |
2021-12-26 05:28:10.145 | INFO     | __main__:<module>:85 - | epoch : 206 | training done |
2021-12-26 05:28:14.753 | INFO     | __main__:<module>:114 - | epoch : 206 | val done |
2021-12-26 05:30:12.561 | INFO     | __main__:<module>:85 - | epoch : 207 | training done |
2021-12-26 05:30:17.055 | INFO     | __main__:<module>:114 - | epoch : 207 | val done |
2021-12-26 05:32:14.867 | INFO     | __main__:<module>:85 - | epoch : 208 | training done |
2021-12-26 05:32:19.374 | INFO     | __main__:<module>:114 - | epoch : 208 | val done |
2021-12-26 05:34:17.456 | INFO     | __main__:<module>:85 - | epoch : 209 | training done |
2021-12-26 05:34:22.083 | INFO     | __main__:<module>:114 - | epoch : 209 | val done |
2021-12-26 05:36:20.126 | INFO     | __main__:<module>:85 - | epoch : 210 | training done |
2021-12-26 05:36:24.645 | INFO     | __main__:<module>:114 - | epoch : 210 | val done |
2021-12-26 05:38:22.677 | INFO     | __main__:<module>:85 - | epoch : 211 | training done |
2021-12-26 05:38:27.158 | INFO     | __main__:<module>:114 - | epoch : 211 | val done |
2021-12-26 05:40:25.223 | INFO     | __main__:<module>:85 - | epoch : 212 | training done |
2021-12-26 05:40:29.717 | INFO     | __main__:<module>:114 - | epoch : 212 | val done |
2021-12-26 05:42:27.735 | INFO     | __main__:<module>:85 - | epoch : 213 | training done |
2021-12-26 05:42:32.329 | INFO     | __main__:<module>:114 - | epoch : 213 | val done |
2021-12-26 05:44:30.389 | INFO     | __main__:<module>:85 - | epoch : 214 | training done |
2021-12-26 05:44:34.870 | INFO     | __main__:<module>:114 - | epoch : 214 | val done |
2021-12-26 05:46:32.938 | INFO     | __main__:<module>:85 - | epoch : 215 | training done |
2021-12-26 05:46:37.451 | INFO     | __main__:<module>:114 - | epoch : 215 | val done |
2021-12-26 05:48:35.473 | INFO     | __main__:<module>:85 - | epoch : 216 | training done |
2021-12-26 05:48:39.998 | INFO     | __main__:<module>:114 - | epoch : 216 | val done |
2021-12-26 05:50:37.936 | INFO     | __main__:<module>:85 - | epoch : 217 | training done |
2021-12-26 05:50:42.520 | INFO     | __main__:<module>:114 - | epoch : 217 | val done |
2021-12-26 05:52:40.573 | INFO     | __main__:<module>:85 - | epoch : 218 | training done |
2021-12-26 05:52:45.074 | INFO     | __main__:<module>:114 - | epoch : 218 | val done |
2021-12-26 05:54:43.026 | INFO     | __main__:<module>:85 - | epoch : 219 | training done |
2021-12-26 05:54:47.632 | INFO     | __main__:<module>:114 - | epoch : 219 | val done |
2021-12-26 05:56:45.610 | INFO     | __main__:<module>:85 - | epoch : 220 | training done |
2021-12-26 05:56:50.064 | INFO     | __main__:<module>:114 - | epoch : 220 | val done |
2021-12-26 05:58:47.980 | INFO     | __main__:<module>:85 - | epoch : 221 | training done |
2021-12-26 05:58:52.479 | INFO     | __main__:<module>:114 - | epoch : 221 | val done |
2021-12-26 06:00:50.607 | INFO     | __main__:<module>:85 - | epoch : 222 | training done |
2021-12-26 06:00:54.337 | INFO     | __main__:<module>:114 - | epoch : 222 | val done |
2021-12-26 06:02:53.038 | INFO     | __main__:<module>:85 - | epoch : 223 | training done |
2021-12-26 06:02:56.793 | INFO     | __main__:<module>:114 - | epoch : 223 | val done |
2021-12-26 06:04:54.675 | INFO     | __main__:<module>:85 - | epoch : 224 | training done |
2021-12-26 06:04:59.212 | INFO     | __main__:<module>:114 - | epoch : 224 | val done |
2021-12-26 06:06:56.909 | INFO     | __main__:<module>:85 - | epoch : 225 | training done |
2021-12-26 06:07:01.431 | INFO     | __main__:<module>:114 - | epoch : 225 | val done |
2021-12-26 06:08:59.272 | INFO     | __main__:<module>:85 - | epoch : 226 | training done |
2021-12-26 06:09:03.748 | INFO     | __main__:<module>:114 - | epoch : 226 | val done |
2021-12-26 06:11:01.591 | INFO     | __main__:<module>:85 - | epoch : 227 | training done |
2021-12-26 06:11:06.165 | INFO     | __main__:<module>:114 - | epoch : 227 | val done |
2021-12-26 06:13:03.816 | INFO     | __main__:<module>:85 - | epoch : 228 | training done |
2021-12-26 06:13:08.356 | INFO     | __main__:<module>:114 - | epoch : 228 | val done |
2021-12-26 06:15:06.155 | INFO     | __main__:<module>:85 - | epoch : 229 | training done |
2021-12-26 06:15:10.694 | INFO     | __main__:<module>:114 - | epoch : 229 | val done |
2021-12-26 06:17:08.494 | INFO     | __main__:<module>:85 - | epoch : 230 | training done |
2021-12-26 06:17:13.004 | INFO     | __main__:<module>:114 - | epoch : 230 | val done |
2021-12-26 06:19:11.106 | INFO     | __main__:<module>:85 - | epoch : 231 | training done |
2021-12-26 06:19:15.573 | INFO     | __main__:<module>:114 - | epoch : 231 | val done |
2021-12-26 06:21:13.104 | INFO     | __main__:<module>:85 - | epoch : 232 | training done |
2021-12-26 06:21:17.615 | INFO     | __main__:<module>:114 - | epoch : 232 | val done |
2021-12-26 06:23:15.675 | INFO     | __main__:<module>:85 - | epoch : 233 | training done |
2021-12-26 06:23:20.199 | INFO     | __main__:<module>:114 - | epoch : 233 | val done |
2021-12-26 06:25:18.142 | INFO     | __main__:<module>:85 - | epoch : 234 | training done |
2021-12-26 06:25:22.681 | INFO     | __main__:<module>:114 - | epoch : 234 | val done |
2021-12-26 06:27:20.635 | INFO     | __main__:<module>:85 - | epoch : 235 | training done |
2021-12-26 06:27:25.210 | INFO     | __main__:<module>:114 - | epoch : 235 | val done |
2021-12-26 06:29:23.294 | INFO     | __main__:<module>:85 - | epoch : 236 | training done |
2021-12-26 06:29:27.784 | INFO     | __main__:<module>:114 - | epoch : 236 | val done |
2021-12-26 06:31:25.726 | INFO     | __main__:<module>:85 - | epoch : 237 | training done |
2021-12-26 06:31:30.203 | INFO     | __main__:<module>:114 - | epoch : 237 | val done |
2021-12-26 06:33:28.122 | INFO     | __main__:<module>:85 - | epoch : 238 | training done |
2021-12-26 06:33:32.666 | INFO     | __main__:<module>:114 - | epoch : 238 | val done |
2021-12-26 06:35:30.591 | INFO     | __main__:<module>:85 - | epoch : 239 | training done |
2021-12-26 06:35:35.086 | INFO     | __main__:<module>:114 - | epoch : 239 | val done |
2021-12-26 06:37:33.020 | INFO     | __main__:<module>:85 - | epoch : 240 | training done |
2021-12-26 06:37:37.516 | INFO     | __main__:<module>:114 - | epoch : 240 | val done |
2021-12-26 06:39:35.319 | INFO     | __main__:<module>:85 - | epoch : 241 | training done |
2021-12-26 06:39:39.769 | INFO     | __main__:<module>:114 - | epoch : 241 | val done |
2021-12-26 06:41:37.703 | INFO     | __main__:<module>:85 - | epoch : 242 | training done |
2021-12-26 06:41:42.256 | INFO     | __main__:<module>:114 - | epoch : 242 | val done |
2021-12-26 06:43:41.095 | INFO     | __main__:<module>:85 - | epoch : 243 | training done |
2021-12-26 06:43:44.940 | INFO     | __main__:<module>:114 - | epoch : 243 | val done |
2021-12-26 06:45:43.795 | INFO     | __main__:<module>:85 - | epoch : 244 | training done |
2021-12-26 06:45:47.990 | INFO     | __main__:<module>:114 - | epoch : 244 | val done |
2021-12-26 06:47:46.035 | INFO     | __main__:<module>:85 - | epoch : 245 | training done |
2021-12-26 06:47:50.544 | INFO     | __main__:<module>:114 - | epoch : 245 | val done |
2021-12-26 06:49:48.435 | INFO     | __main__:<module>:85 - | epoch : 246 | training done |
2021-12-26 06:49:52.984 | INFO     | __main__:<module>:114 - | epoch : 246 | val done |
2021-12-26 06:51:50.949 | INFO     | __main__:<module>:85 - | epoch : 247 | training done |
2021-12-26 06:51:55.508 | INFO     | __main__:<module>:114 - | epoch : 247 | val done |
2021-12-26 06:53:53.468 | INFO     | __main__:<module>:85 - | epoch : 248 | training done |
2021-12-26 06:53:58.019 | INFO     | __main__:<module>:114 - | epoch : 248 | val done |
2021-12-26 06:55:56.128 | INFO     | __main__:<module>:85 - | epoch : 249 | training done |
2021-12-26 06:56:00.636 | INFO     | __main__:<module>:114 - | epoch : 249 | val done |
2021-12-26 06:57:58.630 | INFO     | __main__:<module>:85 - | epoch : 250 | training done |
2021-12-26 06:58:03.187 | INFO     | __main__:<module>:114 - | epoch : 250 | val done |
2021-12-26 07:00:01.084 | INFO     | __main__:<module>:85 - | epoch : 251 | training done |
2021-12-26 07:00:05.612 | INFO     | __main__:<module>:114 - | epoch : 251 | val done |
2021-12-26 07:02:03.642 | INFO     | __main__:<module>:85 - | epoch : 252 | training done |
2021-12-26 07:02:08.166 | INFO     | __main__:<module>:114 - | epoch : 252 | val done |
2021-12-26 07:04:06.148 | INFO     | __main__:<module>:85 - | epoch : 253 | training done |
2021-12-26 07:04:10.651 | INFO     | __main__:<module>:114 - | epoch : 253 | val done |
2021-12-26 07:06:08.649 | INFO     | __main__:<module>:85 - | epoch : 254 | training done |
2021-12-26 07:06:13.182 | INFO     | __main__:<module>:114 - | epoch : 254 | val done |
2021-12-26 07:08:11.188 | INFO     | __main__:<module>:85 - | epoch : 255 | training done |
2021-12-26 07:08:15.659 | INFO     | __main__:<module>:114 - | epoch : 255 | val done |
2021-12-26 07:10:13.569 | INFO     | __main__:<module>:85 - | epoch : 256 | training done |
2021-12-26 07:10:18.059 | INFO     | __main__:<module>:114 - | epoch : 256 | val done |
2021-12-26 07:12:16.100 | INFO     | __main__:<module>:85 - | epoch : 257 | training done |
2021-12-26 07:12:20.615 | INFO     | __main__:<module>:114 - | epoch : 257 | val done |
2021-12-26 07:14:18.425 | INFO     | __main__:<module>:85 - | epoch : 258 | training done |
2021-12-26 07:14:23.005 | INFO     | __main__:<module>:114 - | epoch : 258 | val done |
2021-12-26 07:16:21.007 | INFO     | __main__:<module>:85 - | epoch : 259 | training done |
2021-12-26 07:16:25.520 | INFO     | __main__:<module>:114 - | epoch : 259 | val done |
2021-12-26 07:18:23.463 | INFO     | __main__:<module>:85 - | epoch : 260 | training done |
2021-12-26 07:18:27.949 | INFO     | __main__:<module>:114 - | epoch : 260 | val done |
2021-12-26 07:20:25.837 | INFO     | __main__:<module>:85 - | epoch : 261 | training done |
2021-12-26 07:20:30.344 | INFO     | __main__:<module>:114 - | epoch : 261 | val done |
2021-12-26 07:22:28.385 | INFO     | __main__:<module>:85 - | epoch : 262 | training done |
2021-12-26 07:22:32.839 | INFO     | __main__:<module>:114 - | epoch : 262 | val done |
2021-12-26 07:24:30.674 | INFO     | __main__:<module>:85 - | epoch : 263 | training done |
2021-12-26 07:24:34.682 | INFO     | __main__:<module>:114 - | epoch : 263 | val done |
2021-12-26 07:26:33.134 | INFO     | __main__:<module>:85 - | epoch : 264 | training done |
2021-12-26 07:26:36.692 | INFO     | __main__:<module>:114 - | epoch : 264 | val done |
2021-12-26 07:28:34.589 | INFO     | __main__:<module>:85 - | epoch : 265 | training done |
2021-12-26 07:28:39.204 | INFO     | __main__:<module>:114 - | epoch : 265 | val done |
2021-12-26 07:30:36.964 | INFO     | __main__:<module>:85 - | epoch : 266 | training done |
2021-12-26 07:30:41.514 | INFO     | __main__:<module>:114 - | epoch : 266 | val done |
2021-12-26 07:32:39.603 | INFO     | __main__:<module>:85 - | epoch : 267 | training done |
2021-12-26 07:32:44.163 | INFO     | __main__:<module>:114 - | epoch : 267 | val done |
2021-12-26 07:34:42.096 | INFO     | __main__:<module>:85 - | epoch : 268 | training done |
2021-12-26 07:34:46.564 | INFO     | __main__:<module>:114 - | epoch : 268 | val done |
2021-12-26 07:36:44.294 | INFO     | __main__:<module>:85 - | epoch : 269 | training done |
2021-12-26 07:36:48.868 | INFO     | __main__:<module>:114 - | epoch : 269 | val done |
2021-12-26 07:38:46.977 | INFO     | __main__:<module>:85 - | epoch : 270 | training done |
2021-12-26 07:38:51.564 | INFO     | __main__:<module>:114 - | epoch : 270 | val done |
2021-12-26 07:40:49.544 | INFO     | __main__:<module>:85 - | epoch : 271 | training done |
2021-12-26 07:40:54.112 | INFO     | __main__:<module>:114 - | epoch : 271 | val done |
2021-12-26 07:42:52.078 | INFO     | __main__:<module>:85 - | epoch : 272 | training done |
2021-12-26 07:42:56.713 | INFO     | __main__:<module>:114 - | epoch : 272 | val done |
2021-12-26 07:44:54.889 | INFO     | __main__:<module>:85 - | epoch : 273 | training done |
2021-12-26 07:44:59.493 | INFO     | __main__:<module>:114 - | epoch : 273 | val done |
2021-12-26 07:46:57.284 | INFO     | __main__:<module>:85 - | epoch : 274 | training done |
2021-12-26 07:47:01.904 | INFO     | __main__:<module>:114 - | epoch : 274 | val done |
2021-12-26 07:48:59.751 | INFO     | __main__:<module>:85 - | epoch : 275 | training done |
2021-12-26 07:49:04.305 | INFO     | __main__:<module>:114 - | epoch : 275 | val done |
2021-12-26 07:51:02.038 | INFO     | __main__:<module>:85 - | epoch : 276 | training done |
2021-12-26 07:51:06.603 | INFO     | __main__:<module>:114 - | epoch : 276 | val done |
2021-12-26 07:53:04.592 | INFO     | __main__:<module>:85 - | epoch : 277 | training done |
2021-12-26 07:53:09.224 | INFO     | __main__:<module>:114 - | epoch : 277 | val done |
2021-12-26 07:55:07.075 | INFO     | __main__:<module>:85 - | epoch : 278 | training done |
2021-12-26 07:55:11.668 | INFO     | __main__:<module>:114 - | epoch : 278 | val done |
2021-12-26 07:57:09.413 | INFO     | __main__:<module>:85 - | epoch : 279 | training done |
2021-12-26 07:57:13.977 | INFO     | __main__:<module>:114 - | epoch : 279 | val done |
2021-12-26 07:59:11.715 | INFO     | __main__:<module>:85 - | epoch : 280 | training done |
2021-12-26 07:59:16.215 | INFO     | __main__:<module>:114 - | epoch : 280 | val done |
2021-12-26 08:01:13.872 | INFO     | __main__:<module>:85 - | epoch : 281 | training done |
2021-12-26 08:01:18.460 | INFO     | __main__:<module>:114 - | epoch : 281 | val done |
2021-12-26 08:03:15.755 | INFO     | __main__:<module>:85 - | epoch : 282 | training done |
2021-12-26 08:03:20.273 | INFO     | __main__:<module>:114 - | epoch : 282 | val done |
2021-12-26 08:05:18.138 | INFO     | __main__:<module>:85 - | epoch : 283 | training done |
2021-12-26 08:05:22.095 | INFO     | __main__:<module>:114 - | epoch : 283 | val done |
2021-12-26 08:07:20.638 | INFO     | __main__:<module>:85 - | epoch : 284 | training done |
2021-12-26 08:07:24.316 | INFO     | __main__:<module>:114 - | epoch : 284 | val done |
2021-12-26 08:09:22.294 | INFO     | __main__:<module>:85 - | epoch : 285 | training done |
2021-12-26 08:09:26.810 | INFO     | __main__:<module>:114 - | epoch : 285 | val done |
2021-12-26 08:11:24.504 | INFO     | __main__:<module>:85 - | epoch : 286 | training done |
2021-12-26 08:11:29.083 | INFO     | __main__:<module>:114 - | epoch : 286 | val done |
2021-12-26 08:13:26.919 | INFO     | __main__:<module>:85 - | epoch : 287 | training done |
2021-12-26 08:13:31.554 | INFO     | __main__:<module>:114 - | epoch : 287 | val done |
2021-12-26 08:15:29.358 | INFO     | __main__:<module>:85 - | epoch : 288 | training done |
2021-12-26 08:15:33.985 | INFO     | __main__:<module>:114 - | epoch : 288 | val done |
2021-12-26 08:17:31.731 | INFO     | __main__:<module>:85 - | epoch : 289 | training done |
2021-12-26 08:17:36.302 | INFO     | __main__:<module>:114 - | epoch : 289 | val done |
2021-12-26 08:19:34.124 | INFO     | __main__:<module>:85 - | epoch : 290 | training done |
2021-12-26 08:19:38.680 | INFO     | __main__:<module>:114 - | epoch : 290 | val done |
2021-12-26 08:21:36.514 | INFO     | __main__:<module>:85 - | epoch : 291 | training done |
2021-12-26 08:21:41.112 | INFO     | __main__:<module>:114 - | epoch : 291 | val done |
2021-12-26 08:23:39.039 | INFO     | __main__:<module>:85 - | epoch : 292 | training done |
2021-12-26 08:23:43.599 | INFO     | __main__:<module>:114 - | epoch : 292 | val done |
2021-12-26 08:25:41.461 | INFO     | __main__:<module>:85 - | epoch : 293 | training done |
2021-12-26 08:25:45.969 | INFO     | __main__:<module>:114 - | epoch : 293 | val done |
2021-12-26 08:27:43.978 | INFO     | __main__:<module>:85 - | epoch : 294 | training done |
2021-12-26 08:27:48.485 | INFO     | __main__:<module>:114 - | epoch : 294 | val done |
2021-12-26 08:29:46.089 | INFO     | __main__:<module>:85 - | epoch : 295 | training done |
2021-12-26 08:29:50.676 | INFO     | __main__:<module>:114 - | epoch : 295 | val done |
2021-12-26 08:31:48.661 | INFO     | __main__:<module>:85 - | epoch : 296 | training done |
2021-12-26 08:31:53.167 | INFO     | __main__:<module>:114 - | epoch : 296 | val done |
2021-12-26 08:33:51.231 | INFO     | __main__:<module>:85 - | epoch : 297 | training done |
2021-12-26 08:33:55.752 | INFO     | __main__:<module>:114 - | epoch : 297 | val done |
2021-12-26 08:35:53.697 | INFO     | __main__:<module>:85 - | epoch : 298 | training done |
2021-12-26 08:35:58.238 | INFO     | __main__:<module>:114 - | epoch : 298 | val done |
2021-12-26 08:37:56.143 | INFO     | __main__:<module>:85 - | epoch : 299 | training done |
2021-12-26 08:38:00.756 | INFO     | __main__:<module>:114 - | epoch : 299 | val done |
2021-12-26 08:39:58.778 | INFO     | __main__:<module>:85 - | epoch : 300 | training done |
2021-12-26 08:40:03.340 | INFO     | __main__:<module>:114 - | epoch : 300 | val done |
2021-12-26 08:42:01.047 | INFO     | __main__:<module>:85 - | epoch : 301 | training done |
2021-12-26 08:42:05.561 | INFO     | __main__:<module>:114 - | epoch : 301 | val done |
2021-12-26 08:44:03.260 | INFO     | __main__:<module>:85 - | epoch : 302 | training done |
2021-12-26 08:44:07.768 | INFO     | __main__:<module>:114 - | epoch : 302 | val done |
2021-12-26 08:46:05.547 | INFO     | __main__:<module>:85 - | epoch : 303 | training done |
2021-12-26 08:46:09.483 | INFO     | __main__:<module>:114 - | epoch : 303 | val done |
2021-12-26 08:48:08.244 | INFO     | __main__:<module>:85 - | epoch : 304 | training done |
2021-12-26 08:48:11.902 | INFO     | __main__:<module>:114 - | epoch : 304 | val done |
2021-12-26 08:50:10.220 | INFO     | __main__:<module>:85 - | epoch : 305 | training done |
2021-12-26 08:50:14.832 | INFO     | __main__:<module>:114 - | epoch : 305 | val done |
2021-12-26 08:52:12.974 | INFO     | __main__:<module>:85 - | epoch : 306 | training done |
2021-12-26 08:52:17.564 | INFO     | __main__:<module>:114 - | epoch : 306 | val done |
2021-12-26 08:54:15.717 | INFO     | __main__:<module>:85 - | epoch : 307 | training done |
2021-12-26 08:54:20.231 | INFO     | __main__:<module>:114 - | epoch : 307 | val done |
2021-12-26 08:56:18.246 | INFO     | __main__:<module>:85 - | epoch : 308 | training done |
2021-12-26 08:56:22.783 | INFO     | __main__:<module>:114 - | epoch : 308 | val done |
2021-12-26 08:58:20.842 | INFO     | __main__:<module>:85 - | epoch : 309 | training done |
2021-12-26 08:58:25.408 | INFO     | __main__:<module>:114 - | epoch : 309 | val done |
2021-12-26 09:00:23.452 | INFO     | __main__:<module>:85 - | epoch : 310 | training done |
2021-12-26 09:00:28.040 | INFO     | __main__:<module>:114 - | epoch : 310 | val done |
2021-12-26 09:02:25.997 | INFO     | __main__:<module>:85 - | epoch : 311 | training done |
2021-12-26 09:02:30.588 | INFO     | __main__:<module>:114 - | epoch : 311 | val done |
2021-12-26 09:04:28.624 | INFO     | __main__:<module>:85 - | epoch : 312 | training done |
2021-12-26 09:04:33.201 | INFO     | __main__:<module>:114 - | epoch : 312 | val done |
2021-12-26 09:06:31.201 | INFO     | __main__:<module>:85 - | epoch : 313 | training done |
2021-12-26 09:06:35.795 | INFO     | __main__:<module>:114 - | epoch : 313 | val done |
2021-12-26 09:08:33.786 | INFO     | __main__:<module>:85 - | epoch : 314 | training done |
2021-12-26 09:08:38.364 | INFO     | __main__:<module>:114 - | epoch : 314 | val done |
2021-12-26 09:10:36.191 | INFO     | __main__:<module>:85 - | epoch : 315 | training done |
2021-12-26 09:10:40.793 | INFO     | __main__:<module>:114 - | epoch : 315 | val done |
2021-12-26 09:12:38.627 | INFO     | __main__:<module>:85 - | epoch : 316 | training done |
2021-12-26 09:12:43.129 | INFO     | __main__:<module>:114 - | epoch : 316 | val done |
2021-12-26 09:14:41.206 | INFO     | __main__:<module>:85 - | epoch : 317 | training done |
2021-12-26 09:14:45.782 | INFO     | __main__:<module>:114 - | epoch : 317 | val done |
2021-12-26 09:16:43.941 | INFO     | __main__:<module>:85 - | epoch : 318 | training done |
2021-12-26 09:16:48.542 | INFO     | __main__:<module>:114 - | epoch : 318 | val done |
2021-12-26 09:18:46.436 | INFO     | __main__:<module>:85 - | epoch : 319 | training done |
2021-12-26 09:18:50.974 | INFO     | __main__:<module>:114 - | epoch : 319 | val done |
2021-12-26 09:20:48.931 | INFO     | __main__:<module>:85 - | epoch : 320 | training done |
2021-12-26 09:20:53.550 | INFO     | __main__:<module>:114 - | epoch : 320 | val done |
2021-12-26 09:22:51.560 | INFO     | __main__:<module>:85 - | epoch : 321 | training done |
2021-12-26 09:22:56.136 | INFO     | __main__:<module>:114 - | epoch : 321 | val done |
2021-12-26 09:24:54.030 | INFO     | __main__:<module>:85 - | epoch : 322 | training done |
2021-12-26 09:24:58.563 | INFO     | __main__:<module>:114 - | epoch : 322 | val done |
2021-12-26 09:26:56.382 | INFO     | __main__:<module>:85 - | epoch : 323 | training done |
2021-12-26 09:26:59.932 | INFO     | __main__:<module>:114 - | epoch : 323 | val done |
2021-12-26 09:28:58.644 | INFO     | __main__:<module>:85 - | epoch : 324 | training done |
2021-12-26 09:29:02.326 | INFO     | __main__:<module>:114 - | epoch : 324 | val done |
2021-12-26 09:31:00.191 | INFO     | __main__:<module>:85 - | epoch : 325 | training done |
2021-12-26 09:31:04.768 | INFO     | __main__:<module>:114 - | epoch : 325 | val done |
2021-12-26 09:33:02.786 | INFO     | __main__:<module>:85 - | epoch : 326 | training done |
2021-12-26 09:33:07.281 | INFO     | __main__:<module>:114 - | epoch : 326 | val done |
2021-12-26 09:35:05.287 | INFO     | __main__:<module>:85 - | epoch : 327 | training done |
2021-12-26 09:35:09.892 | INFO     | __main__:<module>:114 - | epoch : 327 | val done |
2021-12-26 09:37:07.803 | INFO     | __main__:<module>:85 - | epoch : 328 | training done |
2021-12-26 09:37:12.292 | INFO     | __main__:<module>:114 - | epoch : 328 | val done |
2021-12-26 09:39:10.200 | INFO     | __main__:<module>:85 - | epoch : 329 | training done |
2021-12-26 09:39:14.760 | INFO     | __main__:<module>:114 - | epoch : 329 | val done |
2021-12-26 09:41:12.705 | INFO     | __main__:<module>:85 - | epoch : 330 | training done |
2021-12-26 09:41:17.280 | INFO     | __main__:<module>:114 - | epoch : 330 | val done |
2021-12-26 09:43:15.233 | INFO     | __main__:<module>:85 - | epoch : 331 | training done |
2021-12-26 09:43:19.851 | INFO     | __main__:<module>:114 - | epoch : 331 | val done |
2021-12-26 09:45:17.846 | INFO     | __main__:<module>:85 - | epoch : 332 | training done |
2021-12-26 09:45:22.395 | INFO     | __main__:<module>:114 - | epoch : 332 | val done |
2021-12-26 09:47:20.392 | INFO     | __main__:<module>:85 - | epoch : 333 | training done |
2021-12-26 09:47:24.990 | INFO     | __main__:<module>:114 - | epoch : 333 | val done |
2021-12-26 09:49:22.902 | INFO     | __main__:<module>:85 - | epoch : 334 | training done |
2021-12-26 09:49:27.452 | INFO     | __main__:<module>:114 - | epoch : 334 | val done |
2021-12-26 09:51:25.204 | INFO     | __main__:<module>:85 - | epoch : 335 | training done |
2021-12-26 09:51:29.747 | INFO     | __main__:<module>:114 - | epoch : 335 | val done |
2021-12-26 09:53:27.769 | INFO     | __main__:<module>:85 - | epoch : 336 | training done |
2021-12-26 09:53:32.370 | INFO     | __main__:<module>:114 - | epoch : 336 | val done |
2021-12-26 09:55:30.232 | INFO     | __main__:<module>:85 - | epoch : 337 | training done |
2021-12-26 09:55:34.822 | INFO     | __main__:<module>:114 - | epoch : 337 | val done |
2021-12-26 09:57:32.871 | INFO     | __main__:<module>:85 - | epoch : 338 | training done |
2021-12-26 09:57:37.345 | INFO     | __main__:<module>:114 - | epoch : 338 | val done |
2021-12-26 09:59:35.359 | INFO     | __main__:<module>:85 - | epoch : 339 | training done |
2021-12-26 09:59:39.853 | INFO     | __main__:<module>:114 - | epoch : 339 | val done |
2021-12-26 10:01:37.710 | INFO     | __main__:<module>:85 - | epoch : 340 | training done |
2021-12-26 10:01:42.315 | INFO     | __main__:<module>:114 - | epoch : 340 | val done |
2021-12-26 10:03:40.182 | INFO     | __main__:<module>:85 - | epoch : 341 | training done |
2021-12-26 10:03:44.702 | INFO     | __main__:<module>:114 - | epoch : 341 | val done |
2021-12-26 10:05:42.657 | INFO     | __main__:<module>:85 - | epoch : 342 | training done |
2021-12-26 10:05:47.158 | INFO     | __main__:<module>:114 - | epoch : 342 | val done |
2021-12-26 10:07:45.245 | INFO     | __main__:<module>:85 - | epoch : 343 | training done |
2021-12-26 10:07:49.391 | INFO     | __main__:<module>:114 - | epoch : 343 | val done |
2021-12-26 10:09:48.270 | INFO     | __main__:<module>:85 - | epoch : 344 | training done |
2021-12-26 10:09:51.834 | INFO     | __main__:<module>:114 - | epoch : 344 | val done |
2021-12-26 10:11:50.209 | INFO     | __main__:<module>:85 - | epoch : 345 | training done |
2021-12-26 10:11:54.927 | INFO     | __main__:<module>:114 - | epoch : 345 | val done |
2021-12-26 10:13:52.770 | INFO     | __main__:<module>:85 - | epoch : 346 | training done |
2021-12-26 10:13:57.377 | INFO     | __main__:<module>:114 - | epoch : 346 | val done |
2021-12-26 10:15:55.528 | INFO     | __main__:<module>:85 - | epoch : 347 | training done |
2021-12-26 10:16:00.049 | INFO     | __main__:<module>:114 - | epoch : 347 | val done |
2021-12-26 10:17:58.163 | INFO     | __main__:<module>:85 - | epoch : 348 | training done |
2021-12-26 10:18:02.726 | INFO     | __main__:<module>:114 - | epoch : 348 | val done |
2021-12-26 10:20:00.820 | INFO     | __main__:<module>:85 - | epoch : 349 | training done |
2021-12-26 10:20:05.361 | INFO     | __main__:<module>:114 - | epoch : 349 | val done |
2021-12-26 10:22:03.155 | INFO     | __main__:<module>:85 - | epoch : 350 | training done |
2021-12-26 10:22:07.661 | INFO     | __main__:<module>:114 - | epoch : 350 | val done |
2021-12-26 10:24:05.720 | INFO     | __main__:<module>:85 - | epoch : 351 | training done |
2021-12-26 10:24:10.290 | INFO     | __main__:<module>:114 - | epoch : 351 | val done |
2021-12-26 10:26:08.080 | INFO     | __main__:<module>:85 - | epoch : 352 | training done |
2021-12-26 10:26:12.586 | INFO     | __main__:<module>:114 - | epoch : 352 | val done |
2021-12-26 10:28:10.667 | INFO     | __main__:<module>:85 - | epoch : 353 | training done |
2021-12-26 10:28:15.136 | INFO     | __main__:<module>:114 - | epoch : 353 | val done |
2021-12-26 10:30:13.195 | INFO     | __main__:<module>:85 - | epoch : 354 | training done |
2021-12-26 10:30:17.686 | INFO     | __main__:<module>:114 - | epoch : 354 | val done |
2021-12-26 10:32:15.803 | INFO     | __main__:<module>:85 - | epoch : 355 | training done |
2021-12-26 10:32:20.340 | INFO     | __main__:<module>:114 - | epoch : 355 | val done |
2021-12-26 10:34:18.492 | INFO     | __main__:<module>:85 - | epoch : 356 | training done |
2021-12-26 10:34:23.042 | INFO     | __main__:<module>:114 - | epoch : 356 | val done |
2021-12-26 10:36:21.082 | INFO     | __main__:<module>:85 - | epoch : 357 | training done |
2021-12-26 10:36:25.686 | INFO     | __main__:<module>:114 - | epoch : 357 | val done |
2021-12-26 10:38:23.658 | INFO     | __main__:<module>:85 - | epoch : 358 | training done |
2021-12-26 10:38:28.178 | INFO     | __main__:<module>:114 - | epoch : 358 | val done |
2021-12-26 10:40:26.126 | INFO     | __main__:<module>:85 - | epoch : 359 | training done |
2021-12-26 10:40:30.650 | INFO     | __main__:<module>:114 - | epoch : 359 | val done |
2021-12-26 10:42:28.503 | INFO     | __main__:<module>:85 - | epoch : 360 | training done |
2021-12-26 10:42:33.044 | INFO     | __main__:<module>:114 - | epoch : 360 | val done |
2021-12-26 10:44:31.169 | INFO     | __main__:<module>:85 - | epoch : 361 | training done |
2021-12-26 10:44:35.737 | INFO     | __main__:<module>:114 - | epoch : 361 | val done |
2021-12-26 10:46:33.610 | INFO     | __main__:<module>:85 - | epoch : 362 | training done |
2021-12-26 10:46:38.160 | INFO     | __main__:<module>:114 - | epoch : 362 | val done |
2021-12-26 10:48:36.131 | INFO     | __main__:<module>:85 - | epoch : 363 | training done |
2021-12-26 10:48:40.029 | INFO     | __main__:<module>:114 - | epoch : 363 | val done |
2021-12-26 10:50:38.746 | INFO     | __main__:<module>:85 - | epoch : 364 | training done |
2021-12-26 10:50:42.514 | INFO     | __main__:<module>:114 - | epoch : 364 | val done |
2021-12-26 10:52:40.837 | INFO     | __main__:<module>:85 - | epoch : 365 | training done |
2021-12-26 10:52:45.525 | INFO     | __main__:<module>:114 - | epoch : 365 | val done |
2021-12-26 10:54:43.687 | INFO     | __main__:<module>:85 - | epoch : 366 | training done |
2021-12-26 10:54:48.262 | INFO     | __main__:<module>:114 - | epoch : 366 | val done |
2021-12-26 10:56:46.262 | INFO     | __main__:<module>:85 - | epoch : 367 | training done |
2021-12-26 10:56:50.835 | INFO     | __main__:<module>:114 - | epoch : 367 | val done |
2021-12-26 10:58:48.899 | INFO     | __main__:<module>:85 - | epoch : 368 | training done |
2021-12-26 10:58:53.446 | INFO     | __main__:<module>:114 - | epoch : 368 | val done |
2021-12-26 11:00:51.561 | INFO     | __main__:<module>:85 - | epoch : 369 | training done |
2021-12-26 11:00:56.102 | INFO     | __main__:<module>:114 - | epoch : 369 | val done |
2021-12-26 11:02:54.113 | INFO     | __main__:<module>:85 - | epoch : 370 | training done |
2021-12-26 11:02:58.628 | INFO     | __main__:<module>:114 - | epoch : 370 | val done |
2021-12-26 11:04:56.623 | INFO     | __main__:<module>:85 - | epoch : 371 | training done |
2021-12-26 11:05:01.180 | INFO     | __main__:<module>:114 - | epoch : 371 | val done |
2021-12-26 11:06:58.916 | INFO     | __main__:<module>:85 - | epoch : 372 | training done |
2021-12-26 11:07:03.520 | INFO     | __main__:<module>:114 - | epoch : 372 | val done |
2021-12-26 11:09:01.470 | INFO     | __main__:<module>:85 - | epoch : 373 | training done |
2021-12-26 11:09:05.988 | INFO     | __main__:<module>:114 - | epoch : 373 | val done |
2021-12-26 11:11:03.764 | INFO     | __main__:<module>:85 - | epoch : 374 | training done |
2021-12-26 11:11:08.352 | INFO     | __main__:<module>:114 - | epoch : 374 | val done |
2021-12-26 11:13:06.421 | INFO     | __main__:<module>:85 - | epoch : 375 | training done |
2021-12-26 11:13:10.948 | INFO     | __main__:<module>:114 - | epoch : 375 | val done |
2021-12-26 11:15:09.013 | INFO     | __main__:<module>:85 - | epoch : 376 | training done |
2021-12-26 11:15:13.507 | INFO     | __main__:<module>:114 - | epoch : 376 | val done |
2021-12-26 11:17:11.266 | INFO     | __main__:<module>:85 - | epoch : 377 | training done |
2021-12-26 11:17:15.877 | INFO     | __main__:<module>:114 - | epoch : 377 | val done |
2021-12-26 11:19:13.806 | INFO     | __main__:<module>:85 - | epoch : 378 | training done |
2021-12-26 11:19:18.327 | INFO     | __main__:<module>:114 - | epoch : 378 | val done |
2021-12-26 11:21:16.329 | INFO     | __main__:<module>:85 - | epoch : 379 | training done |
2021-12-26 11:21:20.808 | INFO     | __main__:<module>:114 - | epoch : 379 | val done |
2021-12-26 11:23:18.826 | INFO     | __main__:<module>:85 - | epoch : 380 | training done |
2021-12-26 11:23:23.431 | INFO     | __main__:<module>:114 - | epoch : 380 | val done |
2021-12-26 11:25:21.460 | INFO     | __main__:<module>:85 - | epoch : 381 | training done |
2021-12-26 11:25:25.979 | INFO     | __main__:<module>:114 - | epoch : 381 | val done |
2021-12-26 11:27:23.778 | INFO     | __main__:<module>:85 - | epoch : 382 | training done |
2021-12-26 11:27:28.284 | INFO     | __main__:<module>:114 - | epoch : 382 | val done |
2021-12-26 11:29:26.374 | INFO     | __main__:<module>:85 - | epoch : 383 | training done |
2021-12-26 11:29:30.440 | INFO     | __main__:<module>:114 - | epoch : 383 | val done |
2021-12-26 11:31:29.220 | INFO     | __main__:<module>:85 - | epoch : 384 | training done |
2021-12-26 11:31:33.374 | INFO     | __main__:<module>:114 - | epoch : 384 | val done |
2021-12-26 11:33:31.814 | INFO     | __main__:<module>:85 - | epoch : 385 | training done |
2021-12-26 11:33:36.459 | INFO     | __main__:<module>:114 - | epoch : 385 | val done |
2021-12-26 11:35:34.502 | INFO     | __main__:<module>:85 - | epoch : 386 | training done |
2021-12-26 11:35:39.092 | INFO     | __main__:<module>:114 - | epoch : 386 | val done |
2021-12-26 11:37:37.292 | INFO     | __main__:<module>:85 - | epoch : 387 | training done |
2021-12-26 11:37:41.814 | INFO     | __main__:<module>:114 - | epoch : 387 | val done |
2021-12-26 11:39:39.890 | INFO     | __main__:<module>:85 - | epoch : 388 | training done |
2021-12-26 11:39:44.447 | INFO     | __main__:<module>:114 - | epoch : 388 | val done |
2021-12-26 11:41:42.629 | INFO     | __main__:<module>:85 - | epoch : 389 | training done |
2021-12-26 11:41:47.149 | INFO     | __main__:<module>:114 - | epoch : 389 | val done |
2021-12-26 11:43:45.266 | INFO     | __main__:<module>:85 - | epoch : 390 | training done |
2021-12-26 11:43:49.848 | INFO     | __main__:<module>:114 - | epoch : 390 | val done |
2021-12-26 11:45:48.017 | INFO     | __main__:<module>:85 - | epoch : 391 | training done |
2021-12-26 11:45:52.587 | INFO     | __main__:<module>:114 - | epoch : 391 | val done |
2021-12-26 11:47:50.567 | INFO     | __main__:<module>:85 - | epoch : 392 | training done |
2021-12-26 11:47:55.070 | INFO     | __main__:<module>:114 - | epoch : 392 | val done |
2021-12-26 11:49:53.100 | INFO     | __main__:<module>:85 - | epoch : 393 | training done |
2021-12-26 11:49:57.589 | INFO     | __main__:<module>:114 - | epoch : 393 | val done |
2021-12-26 11:51:55.831 | INFO     | __main__:<module>:85 - | epoch : 394 | training done |
2021-12-26 11:52:00.376 | INFO     | __main__:<module>:114 - | epoch : 394 | val done |
2021-12-26 11:53:58.618 | INFO     | __main__:<module>:85 - | epoch : 395 | training done |
2021-12-26 11:54:03.196 | INFO     | __main__:<module>:114 - | epoch : 395 | val done |
2021-12-26 11:56:01.284 | INFO     | __main__:<module>:85 - | epoch : 396 | training done |
2021-12-26 11:56:05.806 | INFO     | __main__:<module>:114 - | epoch : 396 | val done |
2021-12-26 11:58:03.812 | INFO     | __main__:<module>:85 - | epoch : 397 | training done |
2021-12-26 11:58:08.475 | INFO     | __main__:<module>:114 - | epoch : 397 | val done |
2021-12-26 12:00:06.520 | INFO     | __main__:<module>:85 - | epoch : 398 | training done |
2021-12-26 12:00:11.061 | INFO     | __main__:<module>:114 - | epoch : 398 | val done |
2021-12-26 12:02:09.226 | INFO     | __main__:<module>:85 - | epoch : 399 | training done |
2021-12-26 12:02:13.731 | INFO     | __main__:<module>:114 - | epoch : 399 | val done |
2021-12-26 12:04:11.772 | INFO     | __main__:<module>:85 - | epoch : 400 | training done |
2021-12-26 12:04:16.293 | INFO     | __main__:<module>:114 - | epoch : 400 | val done |
2021-12-26 12:06:14.326 | INFO     | __main__:<module>:85 - | epoch : 401 | training done |
2021-12-26 12:06:18.901 | INFO     | __main__:<module>:114 - | epoch : 401 | val done |
2021-12-26 12:08:17.029 | INFO     | __main__:<module>:85 - | epoch : 402 | training done |
2021-12-26 12:08:21.553 | INFO     | __main__:<module>:114 - | epoch : 402 | val done |
2021-12-26 12:10:19.735 | INFO     | __main__:<module>:85 - | epoch : 403 | training done |
2021-12-26 12:10:23.802 | INFO     | __main__:<module>:114 - | epoch : 403 | val done |
2021-12-26 12:12:22.551 | INFO     | __main__:<module>:85 - | epoch : 404 | training done |
2021-12-26 12:12:26.204 | INFO     | __main__:<module>:114 - | epoch : 404 | val done |
2021-12-26 12:14:24.311 | INFO     | __main__:<module>:85 - | epoch : 405 | training done |
2021-12-26 12:14:28.814 | INFO     | __main__:<module>:114 - | epoch : 405 | val done |
2021-12-26 12:16:26.597 | INFO     | __main__:<module>:85 - | epoch : 406 | training done |
2021-12-26 12:16:31.205 | INFO     | __main__:<module>:114 - | epoch : 406 | val done |
2021-12-26 12:18:29.402 | INFO     | __main__:<module>:85 - | epoch : 407 | training done |
2021-12-26 12:18:33.916 | INFO     | __main__:<module>:114 - | epoch : 407 | val done |
2021-12-26 12:20:31.832 | INFO     | __main__:<module>:85 - | epoch : 408 | training done |
2021-12-26 12:20:36.412 | INFO     | __main__:<module>:114 - | epoch : 408 | val done |
2021-12-26 12:22:34.415 | INFO     | __main__:<module>:85 - | epoch : 409 | training done |
2021-12-26 12:22:38.949 | INFO     | __main__:<module>:114 - | epoch : 409 | val done |
2021-12-26 12:24:36.915 | INFO     | __main__:<module>:85 - | epoch : 410 | training done |
2021-12-26 12:24:41.437 | INFO     | __main__:<module>:114 - | epoch : 410 | val done |
2021-12-26 12:26:39.391 | INFO     | __main__:<module>:85 - | epoch : 411 | training done |
2021-12-26 12:26:43.998 | INFO     | __main__:<module>:114 - | epoch : 411 | val done |
2021-12-26 12:28:42.128 | INFO     | __main__:<module>:85 - | epoch : 412 | training done |
2021-12-26 12:28:46.691 | INFO     | __main__:<module>:114 - | epoch : 412 | val done |
2021-12-26 12:30:44.623 | INFO     | __main__:<module>:85 - | epoch : 413 | training done |
2021-12-26 12:30:49.209 | INFO     | __main__:<module>:114 - | epoch : 413 | val done |
2021-12-26 12:32:47.411 | INFO     | __main__:<module>:85 - | epoch : 414 | training done |
2021-12-26 12:32:51.986 | INFO     | __main__:<module>:114 - | epoch : 414 | val done |
2021-12-26 12:34:49.918 | INFO     | __main__:<module>:85 - | epoch : 415 | training done |
2021-12-26 12:34:54.415 | INFO     | __main__:<module>:114 - | epoch : 415 | val done |
2021-12-26 12:36:52.448 | INFO     | __main__:<module>:85 - | epoch : 416 | training done |
2021-12-26 12:36:56.980 | INFO     | __main__:<module>:114 - | epoch : 416 | val done |
2021-12-26 12:38:54.939 | INFO     | __main__:<module>:85 - | epoch : 417 | training done |
2021-12-26 12:38:59.450 | INFO     | __main__:<module>:114 - | epoch : 417 | val done |
2021-12-26 12:40:57.378 | INFO     | __main__:<module>:85 - | epoch : 418 | training done |
2021-12-26 12:41:01.915 | INFO     | __main__:<module>:114 - | epoch : 418 | val done |
2021-12-26 12:43:00.003 | INFO     | __main__:<module>:85 - | epoch : 419 | training done |
2021-12-26 12:43:04.582 | INFO     | __main__:<module>:114 - | epoch : 419 | val done |
2021-12-26 12:45:02.443 | INFO     | __main__:<module>:85 - | epoch : 420 | training done |
2021-12-26 12:45:06.950 | CRITICAL | __main__:<module>:111 - | epoch : 420 | best_val_dice_score : 0.8775689202226606 |
2021-12-26 12:47:05.379 | INFO     | __main__:<module>:85 - | epoch : 421 | training done |
2021-12-26 12:47:09.874 | INFO     | __main__:<module>:114 - | epoch : 421 | val done |
2021-12-26 12:49:08.217 | INFO     | __main__:<module>:85 - | epoch : 422 | training done |
2021-12-26 12:49:12.741 | INFO     | __main__:<module>:114 - | epoch : 422 | val done |
2021-12-26 12:51:10.791 | INFO     | __main__:<module>:85 - | epoch : 423 | training done |
2021-12-26 12:51:14.900 | INFO     | __main__:<module>:114 - | epoch : 423 | val done |
2021-12-26 12:53:13.754 | INFO     | __main__:<module>:85 - | epoch : 424 | training done |
2021-12-26 12:53:17.818 | INFO     | __main__:<module>:114 - | epoch : 424 | val done |
2021-12-26 12:55:16.372 | INFO     | __main__:<module>:85 - | epoch : 425 | training done |
2021-12-26 12:55:21.019 | INFO     | __main__:<module>:114 - | epoch : 425 | val done |
2021-12-26 12:57:19.429 | INFO     | __main__:<module>:85 - | epoch : 426 | training done |
2021-12-26 12:57:24.089 | INFO     | __main__:<module>:114 - | epoch : 426 | val done |
2021-12-26 12:59:22.443 | INFO     | __main__:<module>:85 - | epoch : 427 | training done |
2021-12-26 12:59:26.945 | INFO     | __main__:<module>:114 - | epoch : 427 | val done |
2021-12-26 13:01:25.160 | INFO     | __main__:<module>:85 - | epoch : 428 | training done |
2021-12-26 13:01:29.672 | INFO     | __main__:<module>:114 - | epoch : 428 | val done |
2021-12-26 13:03:27.849 | INFO     | __main__:<module>:85 - | epoch : 429 | training done |
2021-12-26 13:03:32.394 | INFO     | __main__:<module>:114 - | epoch : 429 | val done |
2021-12-26 13:05:30.671 | INFO     | __main__:<module>:85 - | epoch : 430 | training done |
2021-12-26 13:05:35.257 | INFO     | __main__:<module>:114 - | epoch : 430 | val done |
2021-12-26 13:07:33.347 | INFO     | __main__:<module>:85 - | epoch : 431 | training done |
2021-12-26 13:07:37.878 | INFO     | __main__:<module>:114 - | epoch : 431 | val done |
2021-12-26 13:09:36.037 | INFO     | __main__:<module>:85 - | epoch : 432 | training done |
2021-12-26 13:09:40.570 | INFO     | __main__:<module>:114 - | epoch : 432 | val done |
2021-12-26 13:11:38.746 | INFO     | __main__:<module>:85 - | epoch : 433 | training done |
2021-12-26 13:11:43.243 | INFO     | __main__:<module>:114 - | epoch : 433 | val done |
2021-12-26 13:13:41.486 | INFO     | __main__:<module>:85 - | epoch : 434 | training done |
2021-12-26 13:13:46.108 | INFO     | __main__:<module>:114 - | epoch : 434 | val done |
2021-12-26 13:15:44.271 | INFO     | __main__:<module>:85 - | epoch : 435 | training done |
2021-12-26 13:15:48.851 | INFO     | __main__:<module>:114 - | epoch : 435 | val done |
2021-12-26 13:17:46.969 | INFO     | __main__:<module>:85 - | epoch : 436 | training done |
2021-12-26 13:17:51.563 | INFO     | __main__:<module>:114 - | epoch : 436 | val done |
2021-12-26 13:19:49.607 | INFO     | __main__:<module>:85 - | epoch : 437 | training done |
2021-12-26 13:19:54.115 | INFO     | __main__:<module>:114 - | epoch : 437 | val done |
2021-12-26 13:21:52.141 | INFO     | __main__:<module>:85 - | epoch : 438 | training done |
2021-12-26 13:21:56.666 | INFO     | __main__:<module>:114 - | epoch : 438 | val done |
2021-12-26 13:23:54.618 | INFO     | __main__:<module>:85 - | epoch : 439 | training done |
2021-12-26 13:23:59.148 | INFO     | __main__:<module>:114 - | epoch : 439 | val done |
2021-12-26 13:25:57.418 | INFO     | __main__:<module>:85 - | epoch : 440 | training done |
2021-12-26 13:26:01.987 | INFO     | __main__:<module>:114 - | epoch : 440 | val done |
2021-12-26 13:28:00.137 | INFO     | __main__:<module>:85 - | epoch : 441 | training done |
2021-12-26 13:28:04.650 | INFO     | __main__:<module>:114 - | epoch : 441 | val done |
2021-12-26 13:30:02.879 | INFO     | __main__:<module>:85 - | epoch : 442 | training done |
2021-12-26 13:30:07.362 | INFO     | __main__:<module>:114 - | epoch : 442 | val done |
2021-12-26 13:32:05.134 | INFO     | __main__:<module>:85 - | epoch : 443 | training done |
2021-12-26 13:32:08.660 | INFO     | __main__:<module>:114 - | epoch : 443 | val done |
2021-12-26 13:34:07.444 | INFO     | __main__:<module>:85 - | epoch : 444 | training done |
2021-12-26 13:34:11.419 | INFO     | __main__:<module>:114 - | epoch : 444 | val done |
2021-12-26 13:36:09.485 | INFO     | __main__:<module>:85 - | epoch : 445 | training done |
2021-12-26 13:36:14.072 | INFO     | __main__:<module>:114 - | epoch : 445 | val done |
2021-12-26 13:38:12.469 | INFO     | __main__:<module>:85 - | epoch : 446 | training done |
2021-12-26 13:38:17.081 | INFO     | __main__:<module>:114 - | epoch : 446 | val done |
2021-12-26 13:40:15.103 | INFO     | __main__:<module>:85 - | epoch : 447 | training done |
2021-12-26 13:40:19.629 | INFO     | __main__:<module>:114 - | epoch : 447 | val done |
2021-12-26 13:42:17.681 | INFO     | __main__:<module>:85 - | epoch : 448 | training done |
2021-12-26 13:42:22.269 | INFO     | __main__:<module>:114 - | epoch : 448 | val done |
2021-12-26 13:44:20.409 | INFO     | __main__:<module>:85 - | epoch : 449 | training done |
2021-12-26 13:44:24.914 | INFO     | __main__:<module>:114 - | epoch : 449 | val done |
2021-12-26 13:46:23.056 | INFO     | __main__:<module>:85 - | epoch : 450 | training done |
2021-12-26 13:46:27.554 | INFO     | __main__:<module>:114 - | epoch : 450 | val done |
2021-12-26 13:48:25.733 | INFO     | __main__:<module>:85 - | epoch : 451 | training done |
2021-12-26 13:48:30.310 | INFO     | __main__:<module>:114 - | epoch : 451 | val done |
2021-12-26 13:50:28.535 | INFO     | __main__:<module>:85 - | epoch : 452 | training done |
2021-12-26 13:50:33.176 | INFO     | __main__:<module>:114 - | epoch : 452 | val done |
2021-12-26 13:52:31.385 | INFO     | __main__:<module>:85 - | epoch : 453 | training done |
2021-12-26 13:52:36.008 | INFO     | __main__:<module>:114 - | epoch : 453 | val done |
2021-12-26 13:54:33.921 | INFO     | __main__:<module>:85 - | epoch : 454 | training done |
2021-12-26 13:54:38.555 | INFO     | __main__:<module>:114 - | epoch : 454 | val done |
2021-12-26 13:56:36.791 | INFO     | __main__:<module>:85 - | epoch : 455 | training done |
2021-12-26 13:56:41.295 | INFO     | __main__:<module>:114 - | epoch : 455 | val done |
2021-12-26 13:58:39.456 | INFO     | __main__:<module>:85 - | epoch : 456 | training done |
2021-12-26 13:58:43.967 | INFO     | __main__:<module>:114 - | epoch : 456 | val done |
2021-12-26 14:00:41.950 | INFO     | __main__:<module>:85 - | epoch : 457 | training done |
2021-12-26 14:00:46.592 | INFO     | __main__:<module>:114 - | epoch : 457 | val done |
2021-12-26 14:02:44.775 | INFO     | __main__:<module>:85 - | epoch : 458 | training done |
2021-12-26 14:02:49.331 | INFO     | __main__:<module>:114 - | epoch : 458 | val done |
2021-12-26 14:04:47.549 | INFO     | __main__:<module>:85 - | epoch : 459 | training done |
2021-12-26 14:04:52.159 | INFO     | __main__:<module>:114 - | epoch : 459 | val done |
2021-12-26 14:06:50.261 | INFO     | __main__:<module>:85 - | epoch : 460 | training done |
2021-12-26 14:06:54.788 | INFO     | __main__:<module>:114 - | epoch : 460 | val done |
2021-12-26 14:08:52.858 | INFO     | __main__:<module>:85 - | epoch : 461 | training done |
2021-12-26 14:08:57.347 | INFO     | __main__:<module>:114 - | epoch : 461 | val done |
2021-12-26 14:10:55.353 | INFO     | __main__:<module>:85 - | epoch : 462 | training done |
2021-12-26 14:10:59.959 | INFO     | __main__:<module>:114 - | epoch : 462 | val done |
2021-12-26 14:12:58.572 | INFO     | __main__:<module>:85 - | epoch : 463 | training done |
2021-12-26 14:13:02.345 | INFO     | __main__:<module>:114 - | epoch : 463 | val done |
2021-12-26 14:15:01.072 | INFO     | __main__:<module>:85 - | epoch : 464 | training done |
2021-12-26 14:15:05.253 | INFO     | __main__:<module>:114 - | epoch : 464 | val done |
2021-12-26 14:17:03.183 | INFO     | __main__:<module>:85 - | epoch : 465 | training done |
2021-12-26 14:17:07.713 | INFO     | __main__:<module>:114 - | epoch : 465 | val done |
2021-12-26 14:19:05.801 | INFO     | __main__:<module>:85 - | epoch : 466 | training done |
2021-12-26 14:19:10.308 | INFO     | __main__:<module>:114 - | epoch : 466 | val done |
2021-12-26 14:21:08.546 | INFO     | __main__:<module>:85 - | epoch : 467 | training done |
2021-12-26 14:21:13.090 | INFO     | __main__:<module>:114 - | epoch : 467 | val done |
2021-12-26 14:23:11.212 | INFO     | __main__:<module>:85 - | epoch : 468 | training done |
2021-12-26 14:23:15.705 | INFO     | __main__:<module>:114 - | epoch : 468 | val done |
2021-12-26 14:25:13.800 | INFO     | __main__:<module>:85 - | epoch : 469 | training done |
2021-12-26 14:25:18.385 | INFO     | __main__:<module>:114 - | epoch : 469 | val done |
2021-12-26 14:27:16.418 | INFO     | __main__:<module>:85 - | epoch : 470 | training done |
2021-12-26 14:27:20.885 | INFO     | __main__:<module>:114 - | epoch : 470 | val done |
2021-12-26 14:29:18.953 | INFO     | __main__:<module>:85 - | epoch : 471 | training done |
2021-12-26 14:29:23.523 | INFO     | __main__:<module>:114 - | epoch : 471 | val done |
2021-12-26 14:31:21.393 | INFO     | __main__:<module>:85 - | epoch : 472 | training done |
2021-12-26 14:31:26.002 | INFO     | __main__:<module>:114 - | epoch : 472 | val done |
2021-12-26 14:33:24.000 | INFO     | __main__:<module>:85 - | epoch : 473 | training done |
2021-12-26 14:33:28.523 | INFO     | __main__:<module>:114 - | epoch : 473 | val done |
2021-12-26 14:35:26.463 | INFO     | __main__:<module>:85 - | epoch : 474 | training done |
2021-12-26 14:35:31.013 | INFO     | __main__:<module>:114 - | epoch : 474 | val done |
2021-12-26 14:37:29.071 | INFO     | __main__:<module>:85 - | epoch : 475 | training done |
2021-12-26 14:37:33.558 | INFO     | __main__:<module>:114 - | epoch : 475 | val done |
2021-12-26 14:39:31.710 | INFO     | __main__:<module>:85 - | epoch : 476 | training done |
2021-12-26 14:39:36.299 | INFO     | __main__:<module>:114 - | epoch : 476 | val done |
2021-12-26 14:41:34.192 | INFO     | __main__:<module>:85 - | epoch : 477 | training done |
2021-12-26 14:41:38.656 | INFO     | __main__:<module>:114 - | epoch : 477 | val done |
2021-12-26 14:43:36.764 | INFO     | __main__:<module>:85 - | epoch : 478 | training done |
2021-12-26 14:43:41.328 | INFO     | __main__:<module>:114 - | epoch : 478 | val done |
2021-12-26 14:45:39.191 | INFO     | __main__:<module>:85 - | epoch : 479 | training done |
2021-12-26 14:45:43.797 | INFO     | __main__:<module>:114 - | epoch : 479 | val done |
2021-12-26 14:47:41.861 | INFO     | __main__:<module>:85 - | epoch : 480 | training done |
2021-12-26 14:47:46.480 | INFO     | __main__:<module>:114 - | epoch : 480 | val done |
2021-12-26 14:49:44.282 | INFO     | __main__:<module>:85 - | epoch : 481 | training done |
2021-12-26 14:49:48.756 | INFO     | __main__:<module>:114 - | epoch : 481 | val done |
2021-12-26 14:51:46.638 | INFO     | __main__:<module>:85 - | epoch : 482 | training done |
2021-12-26 14:51:51.227 | INFO     | __main__:<module>:114 - | epoch : 482 | val done |
2021-12-26 14:53:49.346 | INFO     | __main__:<module>:85 - | epoch : 483 | training done |
2021-12-26 14:53:52.814 | INFO     | __main__:<module>:114 - | epoch : 483 | val done |
2021-12-26 14:55:51.556 | INFO     | __main__:<module>:85 - | epoch : 484 | training done |
2021-12-26 14:55:55.484 | INFO     | __main__:<module>:114 - | epoch : 484 | val done |
2021-12-26 14:57:53.361 | INFO     | __main__:<module>:85 - | epoch : 485 | training done |
2021-12-26 14:57:57.872 | INFO     | __main__:<module>:114 - | epoch : 485 | val done |
2021-12-26 14:59:55.685 | INFO     | __main__:<module>:85 - | epoch : 486 | training done |
2021-12-26 15:00:00.195 | INFO     | __main__:<module>:114 - | epoch : 486 | val done |
2021-12-26 15:01:57.962 | INFO     | __main__:<module>:85 - | epoch : 487 | training done |
2021-12-26 15:02:02.431 | INFO     | __main__:<module>:114 - | epoch : 487 | val done |
2021-12-26 15:04:00.265 | INFO     | __main__:<module>:85 - | epoch : 488 | training done |
2021-12-26 15:04:04.845 | INFO     | __main__:<module>:114 - | epoch : 488 | val done |
2021-12-26 15:06:02.761 | INFO     | __main__:<module>:85 - | epoch : 489 | training done |
2021-12-26 15:06:07.399 | INFO     | __main__:<module>:114 - | epoch : 489 | val done |
2021-12-26 15:08:05.402 | INFO     | __main__:<module>:85 - | epoch : 490 | training done |
2021-12-26 15:08:10.060 | INFO     | __main__:<module>:114 - | epoch : 490 | val done |
2021-12-26 15:10:08.149 | INFO     | __main__:<module>:85 - | epoch : 491 | training done |
2021-12-26 15:10:12.713 | INFO     | __main__:<module>:114 - | epoch : 491 | val done |
2021-12-26 15:12:10.556 | INFO     | __main__:<module>:85 - | epoch : 492 | training done |
2021-12-26 15:12:15.111 | INFO     | __main__:<module>:114 - | epoch : 492 | val done |
2021-12-26 15:14:12.979 | INFO     | __main__:<module>:85 - | epoch : 493 | training done |
2021-12-26 15:14:17.551 | INFO     | __main__:<module>:114 - | epoch : 493 | val done |
2021-12-26 15:16:15.426 | INFO     | __main__:<module>:85 - | epoch : 494 | training done |
2021-12-26 15:16:19.964 | INFO     | __main__:<module>:114 - | epoch : 494 | val done |
2021-12-26 15:18:18.019 | INFO     | __main__:<module>:85 - | epoch : 495 | training done |
2021-12-26 15:18:22.568 | INFO     | __main__:<module>:114 - | epoch : 495 | val done |
2021-12-26 15:20:20.703 | INFO     | __main__:<module>:85 - | epoch : 496 | training done |
2021-12-26 15:20:25.225 | INFO     | __main__:<module>:114 - | epoch : 496 | val done |
2021-12-26 15:22:23.178 | INFO     | __main__:<module>:85 - | epoch : 497 | training done |
2021-12-26 15:22:27.761 | INFO     | __main__:<module>:114 - | epoch : 497 | val done |
2021-12-26 15:24:25.703 | INFO     | __main__:<module>:85 - | epoch : 498 | training done |
2021-12-26 15:24:30.284 | INFO     | __main__:<module>:114 - | epoch : 498 | val done |
2021-12-26 15:26:28.131 | INFO     | __main__:<module>:85 - | epoch : 499 | training done |
2021-12-26 15:26:32.635 | INFO     | __main__:<module>:114 - | epoch : 499 | val done |
2021-12-26 15:28:30.717 | INFO     | __main__:<module>:85 - | epoch : 500 | training done |
2021-12-26 15:28:35.222 | INFO     | __main__:<module>:114 - | epoch : 500 | val done |
2021-12-26 15:30:33.439 | INFO     | __main__:<module>:85 - | epoch : 501 | training done |
2021-12-26 15:30:37.972 | INFO     | __main__:<module>:114 - | epoch : 501 | val done |
2021-12-26 15:32:35.908 | INFO     | __main__:<module>:85 - | epoch : 502 | training done |
2021-12-26 15:32:40.460 | INFO     | __main__:<module>:114 - | epoch : 502 | val done |
2021-12-26 15:34:38.463 | INFO     | __main__:<module>:85 - | epoch : 503 | training done |
2021-12-26 15:34:42.025 | INFO     | __main__:<module>:114 - | epoch : 503 | val done |
2021-12-26 15:36:40.770 | INFO     | __main__:<module>:85 - | epoch : 504 | training done |
2021-12-26 15:36:44.623 | INFO     | __main__:<module>:114 - | epoch : 504 | val done |
2021-12-26 15:38:42.672 | INFO     | __main__:<module>:85 - | epoch : 505 | training done |
2021-12-26 15:38:47.192 | INFO     | __main__:<module>:114 - | epoch : 505 | val done |
2021-12-26 15:40:45.061 | INFO     | __main__:<module>:85 - | epoch : 506 | training done |
2021-12-26 15:40:49.660 | INFO     | __main__:<module>:114 - | epoch : 506 | val done |
2021-12-26 15:42:47.695 | INFO     | __main__:<module>:85 - | epoch : 507 | training done |
2021-12-26 15:42:52.197 | INFO     | __main__:<module>:114 - | epoch : 507 | val done |
2021-12-26 15:44:50.246 | INFO     | __main__:<module>:85 - | epoch : 508 | training done |
2021-12-26 15:44:54.680 | INFO     | __main__:<module>:114 - | epoch : 508 | val done |
2021-12-26 15:46:52.759 | INFO     | __main__:<module>:85 - | epoch : 509 | training done |
2021-12-26 15:46:57.269 | INFO     | __main__:<module>:114 - | epoch : 509 | val done |
2021-12-26 15:48:55.365 | INFO     | __main__:<module>:85 - | epoch : 510 | training done |
2021-12-26 15:48:59.867 | INFO     | __main__:<module>:114 - | epoch : 510 | val done |
2021-12-26 15:50:57.958 | INFO     | __main__:<module>:85 - | epoch : 511 | training done |
2021-12-26 15:51:02.566 | INFO     | __main__:<module>:114 - | epoch : 511 | val done |
2021-12-26 15:53:00.543 | INFO     | __main__:<module>:85 - | epoch : 512 | training done |
2021-12-26 15:53:05.131 | INFO     | __main__:<module>:114 - | epoch : 512 | val done |
2021-12-26 15:55:03.197 | INFO     | __main__:<module>:85 - | epoch : 513 | training done |
2021-12-26 15:55:07.791 | INFO     | __main__:<module>:114 - | epoch : 513 | val done |
2021-12-26 15:57:05.929 | INFO     | __main__:<module>:85 - | epoch : 514 | training done |
2021-12-26 15:57:10.428 | INFO     | __main__:<module>:114 - | epoch : 514 | val done |
2021-12-26 15:59:08.729 | INFO     | __main__:<module>:85 - | epoch : 515 | training done |
2021-12-26 15:59:13.331 | INFO     | __main__:<module>:114 - | epoch : 515 | val done |
2021-12-26 16:01:11.294 | INFO     | __main__:<module>:85 - | epoch : 516 | training done |
2021-12-26 16:01:15.831 | INFO     | __main__:<module>:114 - | epoch : 516 | val done |
2021-12-26 16:03:13.753 | INFO     | __main__:<module>:85 - | epoch : 517 | training done |
2021-12-26 16:03:18.244 | INFO     | __main__:<module>:114 - | epoch : 517 | val done |
2021-12-26 16:05:16.399 | INFO     | __main__:<module>:85 - | epoch : 518 | training done |
2021-12-26 16:05:20.902 | INFO     | __main__:<module>:114 - | epoch : 518 | val done |
