2021-12-28 10:07:37.281 | INFO     | __main__:<module>:77 - | start training .... |
2021-12-28 10:07:39.116 | INFO     | __main__:<module>:106 - | epoch : 0 | training done |
2021-12-28 10:07:39.735 | CRITICAL | __main__:<module>:132 - | epoch : 0 | best_val_dice_score : 0.20075477521413612 |
2021-12-28 10:07:41.602 | INFO     | __main__:<module>:106 - | epoch : 1 | training done |
2021-12-28 10:07:42.185 | CRITICAL | __main__:<module>:132 - | epoch : 1 | best_val_dice_score : 0.2728407237307999 |
2021-12-28 10:07:44.222 | INFO     | __main__:<module>:106 - | epoch : 2 | training done |
2021-12-28 10:07:44.815 | INFO     | __main__:<module>:135 - | epoch : 2 | val done |
2021-12-28 10:07:46.603 | INFO     | __main__:<module>:106 - | epoch : 3 | training done |
2021-12-28 10:07:47.192 | INFO     | __main__:<module>:135 - | epoch : 3 | val done |
2021-12-28 10:07:48.950 | INFO     | __main__:<module>:106 - | epoch : 4 | training done |
2021-12-28 10:07:49.532 | INFO     | __main__:<module>:135 - | epoch : 4 | val done |
2021-12-28 10:07:51.298 | INFO     | __main__:<module>:106 - | epoch : 5 | training done |
2021-12-28 10:07:51.886 | INFO     | __main__:<module>:135 - | epoch : 5 | val done |
2021-12-28 10:07:53.644 | INFO     | __main__:<module>:106 - | epoch : 6 | training done |
2021-12-28 10:07:54.236 | CRITICAL | __main__:<module>:132 - | epoch : 6 | best_val_dice_score : 0.2829846965037882 |
2021-12-28 10:07:56.332 | INFO     | __main__:<module>:106 - | epoch : 7 | training done |
2021-12-28 10:07:56.911 | INFO     | __main__:<module>:135 - | epoch : 7 | val done |
2021-12-28 10:07:58.682 | INFO     | __main__:<module>:106 - | epoch : 8 | training done |
2021-12-28 10:07:59.260 | CRITICAL | __main__:<module>:132 - | epoch : 8 | best_val_dice_score : 0.2887719018641509 |
2021-12-28 10:08:01.434 | INFO     | __main__:<module>:106 - | epoch : 9 | training done |
2021-12-28 10:08:02.029 | INFO     | __main__:<module>:135 - | epoch : 9 | val done |
2021-12-28 10:08:03.801 | INFO     | __main__:<module>:106 - | epoch : 10 | training done |
2021-12-28 10:08:04.430 | INFO     | __main__:<module>:135 - | epoch : 10 | val done |
2021-12-28 10:08:06.183 | INFO     | __main__:<module>:106 - | epoch : 11 | training done |
2021-12-28 10:08:06.804 | INFO     | __main__:<module>:135 - | epoch : 11 | val done |
2021-12-28 10:08:08.573 | INFO     | __main__:<module>:106 - | epoch : 12 | training done |
2021-12-28 10:08:09.166 | INFO     | __main__:<module>:135 - | epoch : 12 | val done |
2021-12-28 10:08:10.910 | INFO     | __main__:<module>:106 - | epoch : 13 | training done |
2021-12-28 10:08:11.517 | CRITICAL | __main__:<module>:132 - | epoch : 13 | best_val_dice_score : 0.29720440700977413 |
2021-12-28 10:08:13.617 | INFO     | __main__:<module>:106 - | epoch : 14 | training done |
2021-12-28 10:08:14.233 | CRITICAL | __main__:<module>:132 - | epoch : 14 | best_val_dice_score : 0.31035801464046775 |
2021-12-28 10:08:16.298 | INFO     | __main__:<module>:106 - | epoch : 15 | training done |
2021-12-28 10:08:16.913 | INFO     | __main__:<module>:135 - | epoch : 15 | val done |
2021-12-28 10:08:18.658 | INFO     | __main__:<module>:106 - | epoch : 16 | training done |
2021-12-28 10:08:19.285 | CRITICAL | __main__:<module>:132 - | epoch : 16 | best_val_dice_score : 0.31303933053599675 |
2021-12-28 10:08:21.331 | INFO     | __main__:<module>:106 - | epoch : 17 | training done |
2021-12-28 10:08:21.962 | INFO     | __main__:<module>:135 - | epoch : 17 | val done |
2021-12-28 10:08:23.717 | INFO     | __main__:<module>:106 - | epoch : 18 | training done |
2021-12-28 10:08:24.302 | INFO     | __main__:<module>:135 - | epoch : 18 | val done |
2021-12-28 10:08:26.089 | INFO     | __main__:<module>:106 - | epoch : 19 | training done |
2021-12-28 10:08:26.694 | CRITICAL | __main__:<module>:132 - | epoch : 19 | best_val_dice_score : 0.31309155404824407 |
2021-12-28 10:08:28.800 | INFO     | __main__:<module>:106 - | epoch : 20 | training done |
2021-12-28 10:08:29.381 | CRITICAL | __main__:<module>:132 - | epoch : 20 | best_val_dice_score : 0.3231491464978219 |
2021-12-28 10:08:31.460 | INFO     | __main__:<module>:106 - | epoch : 21 | training done |
2021-12-28 10:08:32.040 | CRITICAL | __main__:<module>:132 - | epoch : 21 | best_val_dice_score : 0.32541385378414206 |
2021-12-28 10:08:34.080 | INFO     | __main__:<module>:106 - | epoch : 22 | training done |
2021-12-28 10:08:34.670 | INFO     | __main__:<module>:135 - | epoch : 22 | val done |
2021-12-28 10:08:36.415 | INFO     | __main__:<module>:106 - | epoch : 23 | training done |
2021-12-28 10:08:37.039 | INFO     | __main__:<module>:135 - | epoch : 23 | val done |
2021-12-28 10:08:38.782 | INFO     | __main__:<module>:106 - | epoch : 24 | training done |
2021-12-28 10:08:39.375 | INFO     | __main__:<module>:135 - | epoch : 24 | val done |
2021-12-28 10:08:41.131 | INFO     | __main__:<module>:106 - | epoch : 25 | training done |
2021-12-28 10:08:41.737 | INFO     | __main__:<module>:135 - | epoch : 25 | val done |
2021-12-28 10:08:43.496 | INFO     | __main__:<module>:106 - | epoch : 26 | training done |
2021-12-28 10:08:44.089 | INFO     | __main__:<module>:135 - | epoch : 26 | val done |
2021-12-28 10:08:45.838 | INFO     | __main__:<module>:106 - | epoch : 27 | training done |
2021-12-28 10:08:46.448 | INFO     | __main__:<module>:135 - | epoch : 27 | val done |
2021-12-28 10:08:48.217 | INFO     | __main__:<module>:106 - | epoch : 28 | training done |
2021-12-28 10:08:48.855 | INFO     | __main__:<module>:135 - | epoch : 28 | val done |
2021-12-28 10:08:50.611 | INFO     | __main__:<module>:106 - | epoch : 29 | training done |
2021-12-28 10:08:51.216 | INFO     | __main__:<module>:135 - | epoch : 29 | val done |
2021-12-28 10:08:52.964 | INFO     | __main__:<module>:106 - | epoch : 30 | training done |
2021-12-28 10:08:53.583 | CRITICAL | __main__:<module>:132 - | epoch : 30 | best_val_dice_score : 0.3370649009224532 |
2021-12-28 10:08:55.624 | INFO     | __main__:<module>:106 - | epoch : 31 | training done |
2021-12-28 10:08:56.224 | INFO     | __main__:<module>:135 - | epoch : 31 | val done |
2021-12-28 10:08:57.990 | INFO     | __main__:<module>:106 - | epoch : 32 | training done |
2021-12-28 10:08:58.586 | INFO     | __main__:<module>:135 - | epoch : 32 | val done |
2021-12-28 10:09:00.384 | INFO     | __main__:<module>:106 - | epoch : 33 | training done |
2021-12-28 10:09:00.964 | INFO     | __main__:<module>:135 - | epoch : 33 | val done |
2021-12-28 10:09:02.708 | INFO     | __main__:<module>:106 - | epoch : 34 | training done |
2021-12-28 10:09:03.316 | INFO     | __main__:<module>:135 - | epoch : 34 | val done |
2021-12-28 10:09:05.099 | INFO     | __main__:<module>:106 - | epoch : 35 | training done |
2021-12-28 10:09:05.734 | INFO     | __main__:<module>:135 - | epoch : 35 | val done |
2021-12-28 10:09:07.500 | INFO     | __main__:<module>:106 - | epoch : 36 | training done |
2021-12-28 10:09:08.102 | INFO     | __main__:<module>:135 - | epoch : 36 | val done |
2021-12-28 10:09:09.845 | INFO     | __main__:<module>:106 - | epoch : 37 | training done |
2021-12-28 10:09:10.424 | INFO     | __main__:<module>:135 - | epoch : 37 | val done |
2021-12-28 10:09:12.165 | INFO     | __main__:<module>:106 - | epoch : 38 | training done |
2021-12-28 10:09:12.748 | INFO     | __main__:<module>:135 - | epoch : 38 | val done |
2021-12-28 10:09:14.506 | INFO     | __main__:<module>:106 - | epoch : 39 | training done |
2021-12-28 10:09:15.102 | INFO     | __main__:<module>:135 - | epoch : 39 | val done |
2021-12-28 10:09:16.853 | INFO     | __main__:<module>:106 - | epoch : 40 | training done |
2021-12-28 10:09:17.460 | INFO     | __main__:<module>:135 - | epoch : 40 | val done |
2021-12-28 10:09:19.212 | INFO     | __main__:<module>:106 - | epoch : 41 | training done |
2021-12-28 10:09:19.812 | INFO     | __main__:<module>:135 - | epoch : 41 | val done |
2021-12-28 10:09:21.554 | INFO     | __main__:<module>:106 - | epoch : 42 | training done |
2021-12-28 10:09:22.136 | CRITICAL | __main__:<module>:132 - | epoch : 42 | best_val_dice_score : 0.3428039873281589 |
2021-12-28 10:09:24.199 | INFO     | __main__:<module>:106 - | epoch : 43 | training done |
2021-12-28 10:09:24.818 | INFO     | __main__:<module>:135 - | epoch : 43 | val done |
2021-12-28 10:09:26.605 | INFO     | __main__:<module>:106 - | epoch : 44 | training done |
2021-12-28 10:09:27.189 | INFO     | __main__:<module>:135 - | epoch : 44 | val done |
2021-12-28 10:09:28.953 | INFO     | __main__:<module>:106 - | epoch : 45 | training done |
2021-12-28 10:09:29.539 | INFO     | __main__:<module>:135 - | epoch : 45 | val done |
2021-12-28 10:09:31.283 | INFO     | __main__:<module>:106 - | epoch : 46 | training done |
2021-12-28 10:09:31.913 | INFO     | __main__:<module>:135 - | epoch : 46 | val done |
2021-12-28 10:09:33.685 | INFO     | __main__:<module>:106 - | epoch : 47 | training done |
2021-12-28 10:09:34.297 | INFO     | __main__:<module>:135 - | epoch : 47 | val done |
2021-12-28 10:09:36.076 | INFO     | __main__:<module>:106 - | epoch : 48 | training done |
2021-12-28 10:09:36.667 | INFO     | __main__:<module>:135 - | epoch : 48 | val done |
2021-12-28 10:09:38.432 | INFO     | __main__:<module>:106 - | epoch : 49 | training done |
2021-12-28 10:09:39.047 | INFO     | __main__:<module>:135 - | epoch : 49 | val done |
2021-12-28 10:09:40.807 | INFO     | __main__:<module>:106 - | epoch : 50 | training done |
2021-12-28 10:09:41.409 | INFO     | __main__:<module>:135 - | epoch : 50 | val done |
2021-12-28 10:09:43.158 | INFO     | __main__:<module>:106 - | epoch : 51 | training done |
2021-12-28 10:09:43.772 | INFO     | __main__:<module>:135 - | epoch : 51 | val done |
2021-12-28 10:09:45.517 | INFO     | __main__:<module>:106 - | epoch : 52 | training done |
2021-12-28 10:09:46.145 | INFO     | __main__:<module>:135 - | epoch : 52 | val done |
2021-12-28 10:09:47.917 | INFO     | __main__:<module>:106 - | epoch : 53 | training done |
2021-12-28 10:09:48.527 | INFO     | __main__:<module>:135 - | epoch : 53 | val done |
2021-12-28 10:09:50.322 | INFO     | __main__:<module>:106 - | epoch : 54 | training done |
2021-12-28 10:09:50.956 | INFO     | __main__:<module>:135 - | epoch : 54 | val done |
2021-12-28 10:09:52.703 | INFO     | __main__:<module>:106 - | epoch : 55 | training done |
2021-12-28 10:09:53.328 | CRITICAL | __main__:<module>:132 - | epoch : 55 | best_val_dice_score : 0.3461723687408758 |
2021-12-28 10:09:55.416 | INFO     | __main__:<module>:106 - | epoch : 56 | training done |
2021-12-28 10:09:56.001 | INFO     | __main__:<module>:135 - | epoch : 56 | val done |
2021-12-28 10:09:57.769 | INFO     | __main__:<module>:106 - | epoch : 57 | training done |
2021-12-28 10:09:58.389 | INFO     | __main__:<module>:135 - | epoch : 57 | val done |
2021-12-28 10:10:00.167 | INFO     | __main__:<module>:106 - | epoch : 58 | training done |
2021-12-28 10:10:00.752 | INFO     | __main__:<module>:135 - | epoch : 58 | val done |
2021-12-28 10:10:02.506 | INFO     | __main__:<module>:106 - | epoch : 59 | training done |
2021-12-28 10:10:03.098 | INFO     | __main__:<module>:135 - | epoch : 59 | val done |
2021-12-28 10:10:04.877 | INFO     | __main__:<module>:106 - | epoch : 60 | training done |
2021-12-28 10:10:05.467 | INFO     | __main__:<module>:135 - | epoch : 60 | val done |
2021-12-28 10:10:07.213 | INFO     | __main__:<module>:106 - | epoch : 61 | training done |
2021-12-28 10:10:07.810 | INFO     | __main__:<module>:135 - | epoch : 61 | val done |
2021-12-28 10:10:09.552 | INFO     | __main__:<module>:106 - | epoch : 62 | training done |
2021-12-28 10:10:10.174 | INFO     | __main__:<module>:135 - | epoch : 62 | val done |
2021-12-28 10:10:11.920 | INFO     | __main__:<module>:106 - | epoch : 63 | training done |
2021-12-28 10:10:12.513 | INFO     | __main__:<module>:135 - | epoch : 63 | val done |
2021-12-28 10:10:14.254 | INFO     | __main__:<module>:106 - | epoch : 64 | training done |
2021-12-28 10:10:14.870 | INFO     | __main__:<module>:135 - | epoch : 64 | val done |
2021-12-28 10:10:16.642 | INFO     | __main__:<module>:106 - | epoch : 65 | training done |
2021-12-28 10:10:17.228 | INFO     | __main__:<module>:135 - | epoch : 65 | val done |
2021-12-28 10:10:18.986 | INFO     | __main__:<module>:106 - | epoch : 66 | training done |
2021-12-28 10:10:19.615 | CRITICAL | __main__:<module>:132 - | epoch : 66 | best_val_dice_score : 0.34628159628181215 |
2021-12-28 10:10:21.674 | INFO     | __main__:<module>:106 - | epoch : 67 | training done |
2021-12-28 10:10:22.258 | CRITICAL | __main__:<module>:132 - | epoch : 67 | best_val_dice_score : 0.3507217288845345 |
2021-12-28 10:10:24.272 | INFO     | __main__:<module>:106 - | epoch : 68 | training done |
2021-12-28 10:10:24.863 | CRITICAL | __main__:<module>:132 - | epoch : 68 | best_val_dice_score : 0.3563064538392147 |
2021-12-28 10:10:26.902 | INFO     | __main__:<module>:106 - | epoch : 69 | training done |
2021-12-28 10:10:27.492 | INFO     | __main__:<module>:135 - | epoch : 69 | val done |
2021-12-28 10:10:29.267 | INFO     | __main__:<module>:106 - | epoch : 70 | training done |
2021-12-28 10:10:29.858 | INFO     | __main__:<module>:135 - | epoch : 70 | val done |
2021-12-28 10:10:31.616 | INFO     | __main__:<module>:106 - | epoch : 71 | training done |
2021-12-28 10:10:32.224 | INFO     | __main__:<module>:135 - | epoch : 71 | val done |
2021-12-28 10:10:33.979 | INFO     | __main__:<module>:106 - | epoch : 72 | training done |
2021-12-28 10:10:34.563 | INFO     | __main__:<module>:135 - | epoch : 72 | val done |
2021-12-28 10:10:36.310 | INFO     | __main__:<module>:106 - | epoch : 73 | training done |
2021-12-28 10:10:36.888 | INFO     | __main__:<module>:135 - | epoch : 73 | val done |
2021-12-28 10:10:38.658 | INFO     | __main__:<module>:106 - | epoch : 74 | training done |
2021-12-28 10:10:39.275 | INFO     | __main__:<module>:135 - | epoch : 74 | val done |
2021-12-28 10:10:41.015 | INFO     | __main__:<module>:106 - | epoch : 75 | training done |
2021-12-28 10:10:41.606 | INFO     | __main__:<module>:135 - | epoch : 75 | val done |
2021-12-28 10:10:43.370 | INFO     | __main__:<module>:106 - | epoch : 76 | training done |
2021-12-28 10:10:43.971 | CRITICAL | __main__:<module>:132 - | epoch : 76 | best_val_dice_score : 0.3564492017333399 |
2021-12-28 10:10:45.996 | INFO     | __main__:<module>:106 - | epoch : 77 | training done |
2021-12-28 10:10:46.607 | INFO     | __main__:<module>:135 - | epoch : 77 | val done |
2021-12-28 10:10:48.347 | INFO     | __main__:<module>:106 - | epoch : 78 | training done |
2021-12-28 10:10:48.991 | INFO     | __main__:<module>:135 - | epoch : 78 | val done |
2021-12-28 10:10:50.746 | INFO     | __main__:<module>:106 - | epoch : 79 | training done |
2021-12-28 10:10:51.340 | CRITICAL | __main__:<module>:132 - | epoch : 79 | best_val_dice_score : 0.3598490632311529 |
2021-12-28 10:10:53.376 | INFO     | __main__:<module>:106 - | epoch : 80 | training done |
2021-12-28 10:10:54.001 | INFO     | __main__:<module>:135 - | epoch : 80 | val done |
2021-12-28 10:10:55.767 | INFO     | __main__:<module>:106 - | epoch : 81 | training done |
2021-12-28 10:10:56.379 | INFO     | __main__:<module>:135 - | epoch : 81 | val done |
2021-12-28 10:10:58.126 | INFO     | __main__:<module>:106 - | epoch : 82 | training done |
2021-12-28 10:10:58.722 | INFO     | __main__:<module>:135 - | epoch : 82 | val done |
2021-12-28 10:11:00.493 | INFO     | __main__:<module>:106 - | epoch : 83 | training done |
2021-12-28 10:11:01.086 | INFO     | __main__:<module>:135 - | epoch : 83 | val done |
2021-12-28 10:11:02.845 | INFO     | __main__:<module>:106 - | epoch : 84 | training done |
2021-12-28 10:11:03.456 | INFO     | __main__:<module>:135 - | epoch : 84 | val done |
2021-12-28 10:11:05.241 | INFO     | __main__:<module>:106 - | epoch : 85 | training done |
2021-12-28 10:11:05.822 | INFO     | __main__:<module>:135 - | epoch : 85 | val done |
2021-12-28 10:11:07.605 | INFO     | __main__:<module>:106 - | epoch : 86 | training done |
2021-12-28 10:11:08.220 | CRITICAL | __main__:<module>:132 - | epoch : 86 | best_val_dice_score : 0.36269140023120505 |
2021-12-28 10:11:10.191 | INFO     | __main__:<module>:106 - | epoch : 87 | training done |
2021-12-28 10:11:10.809 | INFO     | __main__:<module>:135 - | epoch : 87 | val done |
2021-12-28 10:11:12.547 | INFO     | __main__:<module>:106 - | epoch : 88 | training done |
2021-12-28 10:11:13.136 | INFO     | __main__:<module>:135 - | epoch : 88 | val done |
2021-12-28 10:11:14.899 | INFO     | __main__:<module>:106 - | epoch : 89 | training done |
2021-12-28 10:11:15.502 | INFO     | __main__:<module>:135 - | epoch : 89 | val done |
2021-12-28 10:11:17.285 | INFO     | __main__:<module>:106 - | epoch : 90 | training done |
2021-12-28 10:11:17.879 | INFO     | __main__:<module>:135 - | epoch : 90 | val done |
2021-12-28 10:11:19.639 | INFO     | __main__:<module>:106 - | epoch : 91 | training done |
2021-12-28 10:11:20.265 | INFO     | __main__:<module>:135 - | epoch : 91 | val done |
2021-12-28 10:11:22.023 | INFO     | __main__:<module>:106 - | epoch : 92 | training done |
2021-12-28 10:11:22.642 | CRITICAL | __main__:<module>:132 - | epoch : 92 | best_val_dice_score : 0.36522809333310535 |
2021-12-28 10:11:24.698 | INFO     | __main__:<module>:106 - | epoch : 93 | training done |
2021-12-28 10:11:25.300 | CRITICAL | __main__:<module>:132 - | epoch : 93 | best_val_dice_score : 0.3666569811619207 |
2021-12-28 10:11:27.341 | INFO     | __main__:<module>:106 - | epoch : 94 | training done |
2021-12-28 10:11:27.962 | INFO     | __main__:<module>:135 - | epoch : 94 | val done |
2021-12-28 10:11:29.716 | INFO     | __main__:<module>:106 - | epoch : 95 | training done |
2021-12-28 10:11:30.298 | INFO     | __main__:<module>:135 - | epoch : 95 | val done |
2021-12-28 10:11:32.073 | INFO     | __main__:<module>:106 - | epoch : 96 | training done |
2021-12-28 10:11:32.663 | INFO     | __main__:<module>:135 - | epoch : 96 | val done |
2021-12-28 10:11:34.443 | INFO     | __main__:<module>:106 - | epoch : 97 | training done |
2021-12-28 10:11:35.068 | INFO     | __main__:<module>:135 - | epoch : 97 | val done |
2021-12-28 10:11:36.807 | INFO     | __main__:<module>:106 - | epoch : 98 | training done |
2021-12-28 10:11:37.392 | CRITICAL | __main__:<module>:132 - | epoch : 98 | best_val_dice_score : 0.3673767427060078 |
2021-12-28 10:11:39.381 | INFO     | __main__:<module>:106 - | epoch : 99 | training done |
2021-12-28 10:11:39.967 | CRITICAL | __main__:<module>:132 - | epoch : 99 | best_val_dice_score : 0.3700504481816277 |
2021-12-28 10:11:42.000 | INFO     | __main__:<module>:106 - | epoch : 100 | training done |
2021-12-28 10:11:42.600 | CRITICAL | __main__:<module>:132 - | epoch : 100 | best_val_dice_score : 0.37011439812699226 |
2021-12-28 10:11:44.602 | INFO     | __main__:<module>:106 - | epoch : 101 | training done |
2021-12-28 10:11:45.190 | INFO     | __main__:<module>:135 - | epoch : 101 | val done |
2021-12-28 10:11:46.958 | INFO     | __main__:<module>:106 - | epoch : 102 | training done |
2021-12-28 10:11:47.589 | INFO     | __main__:<module>:135 - | epoch : 102 | val done |
2021-12-28 10:11:49.328 | INFO     | __main__:<module>:106 - | epoch : 103 | training done |
2021-12-28 10:11:49.945 | CRITICAL | __main__:<module>:132 - | epoch : 103 | best_val_dice_score : 0.370314077437169 |
2021-12-28 10:11:51.969 | INFO     | __main__:<module>:106 - | epoch : 104 | training done |
2021-12-28 10:11:52.569 | CRITICAL | __main__:<module>:132 - | epoch : 104 | best_val_dice_score : 0.4001919799470768 |
2021-12-28 10:11:54.608 | INFO     | __main__:<module>:106 - | epoch : 105 | training done |
2021-12-28 10:11:55.215 | INFO     | __main__:<module>:135 - | epoch : 105 | val done |
2021-12-28 10:11:56.977 | INFO     | __main__:<module>:106 - | epoch : 106 | training done |
2021-12-28 10:11:57.600 | INFO     | __main__:<module>:135 - | epoch : 106 | val done |
2021-12-28 10:11:59.394 | INFO     | __main__:<module>:106 - | epoch : 107 | training done |
2021-12-28 10:11:59.997 | INFO     | __main__:<module>:135 - | epoch : 107 | val done |
2021-12-28 10:12:01.796 | INFO     | __main__:<module>:106 - | epoch : 108 | training done |
2021-12-28 10:12:02.412 | INFO     | __main__:<module>:135 - | epoch : 108 | val done |
2021-12-28 10:12:04.167 | INFO     | __main__:<module>:106 - | epoch : 109 | training done |
2021-12-28 10:12:04.760 | INFO     | __main__:<module>:135 - | epoch : 109 | val done |
2021-12-28 10:12:06.500 | INFO     | __main__:<module>:106 - | epoch : 110 | training done |
2021-12-28 10:12:07.124 | INFO     | __main__:<module>:135 - | epoch : 110 | val done |
2021-12-28 10:12:08.891 | INFO     | __main__:<module>:106 - | epoch : 111 | training done |
2021-12-28 10:12:09.485 | INFO     | __main__:<module>:135 - | epoch : 111 | val done |
2021-12-28 10:12:11.281 | INFO     | __main__:<module>:106 - | epoch : 112 | training done |
2021-12-28 10:12:11.870 | INFO     | __main__:<module>:135 - | epoch : 112 | val done |
2021-12-28 10:12:13.616 | INFO     | __main__:<module>:106 - | epoch : 113 | training done |
2021-12-28 10:12:14.213 | INFO     | __main__:<module>:135 - | epoch : 113 | val done |
2021-12-28 10:12:15.953 | INFO     | __main__:<module>:106 - | epoch : 114 | training done |
2021-12-28 10:12:16.553 | INFO     | __main__:<module>:135 - | epoch : 114 | val done |
2021-12-28 10:12:18.293 | INFO     | __main__:<module>:106 - | epoch : 115 | training done |
2021-12-28 10:12:18.887 | INFO     | __main__:<module>:135 - | epoch : 115 | val done |
2021-12-28 10:12:20.639 | INFO     | __main__:<module>:106 - | epoch : 116 | training done |
2021-12-28 10:12:21.231 | INFO     | __main__:<module>:135 - | epoch : 116 | val done |
2021-12-28 10:12:23.033 | INFO     | __main__:<module>:106 - | epoch : 117 | training done |
2021-12-28 10:12:23.630 | INFO     | __main__:<module>:135 - | epoch : 117 | val done |
2021-12-28 10:12:25.397 | INFO     | __main__:<module>:106 - | epoch : 118 | training done |
2021-12-28 10:12:26.010 | INFO     | __main__:<module>:135 - | epoch : 118 | val done |
2021-12-28 10:12:27.771 | INFO     | __main__:<module>:106 - | epoch : 119 | training done |
2021-12-28 10:12:28.351 | INFO     | __main__:<module>:135 - | epoch : 119 | val done |
2021-12-28 10:12:30.092 | INFO     | __main__:<module>:106 - | epoch : 120 | training done |
2021-12-28 10:12:30.680 | INFO     | __main__:<module>:135 - | epoch : 120 | val done |
2021-12-28 10:12:32.419 | INFO     | __main__:<module>:106 - | epoch : 121 | training done |
2021-12-28 10:12:33.031 | INFO     | __main__:<module>:135 - | epoch : 121 | val done |
2021-12-28 10:12:34.785 | INFO     | __main__:<module>:106 - | epoch : 122 | training done |
2021-12-28 10:12:35.392 | INFO     | __main__:<module>:135 - | epoch : 122 | val done |
2021-12-28 10:12:37.131 | INFO     | __main__:<module>:106 - | epoch : 123 | training done |
2021-12-28 10:12:37.782 | INFO     | __main__:<module>:135 - | epoch : 123 | val done |
2021-12-28 10:12:39.547 | INFO     | __main__:<module>:106 - | epoch : 124 | training done |
2021-12-28 10:12:40.141 | INFO     | __main__:<module>:135 - | epoch : 124 | val done |
2021-12-28 10:12:41.887 | INFO     | __main__:<module>:106 - | epoch : 125 | training done |
2021-12-28 10:12:42.518 | INFO     | __main__:<module>:135 - | epoch : 125 | val done |
2021-12-28 10:12:44.281 | INFO     | __main__:<module>:106 - | epoch : 126 | training done |
2021-12-28 10:12:44.870 | INFO     | __main__:<module>:135 - | epoch : 126 | val done |
2021-12-28 10:12:46.630 | INFO     | __main__:<module>:106 - | epoch : 127 | training done |
2021-12-28 10:12:47.232 | INFO     | __main__:<module>:135 - | epoch : 127 | val done |
2021-12-28 10:12:48.992 | INFO     | __main__:<module>:106 - | epoch : 128 | training done |
2021-12-28 10:12:49.582 | INFO     | __main__:<module>:135 - | epoch : 128 | val done |
2021-12-28 10:12:51.330 | INFO     | __main__:<module>:106 - | epoch : 129 | training done |
2021-12-28 10:12:51.908 | INFO     | __main__:<module>:135 - | epoch : 129 | val done |
2021-12-28 10:12:53.653 | INFO     | __main__:<module>:106 - | epoch : 130 | training done |
2021-12-28 10:12:54.241 | INFO     | __main__:<module>:135 - | epoch : 130 | val done |
2021-12-28 10:12:55.990 | INFO     | __main__:<module>:106 - | epoch : 131 | training done |
2021-12-28 10:12:56.582 | INFO     | __main__:<module>:135 - | epoch : 131 | val done |
2021-12-28 10:12:58.338 | INFO     | __main__:<module>:106 - | epoch : 132 | training done |
2021-12-28 10:12:58.933 | INFO     | __main__:<module>:135 - | epoch : 132 | val done |
2021-12-28 10:13:00.700 | INFO     | __main__:<module>:106 - | epoch : 133 | training done |
2021-12-28 10:13:01.305 | INFO     | __main__:<module>:135 - | epoch : 133 | val done |
2021-12-28 10:13:03.064 | INFO     | __main__:<module>:106 - | epoch : 134 | training done |
2021-12-28 10:13:03.665 | INFO     | __main__:<module>:135 - | epoch : 134 | val done |
2021-12-28 10:13:05.489 | INFO     | __main__:<module>:106 - | epoch : 135 | training done |
2021-12-28 10:13:06.080 | INFO     | __main__:<module>:135 - | epoch : 135 | val done |
2021-12-28 10:13:07.864 | INFO     | __main__:<module>:106 - | epoch : 136 | training done |
2021-12-28 10:13:08.480 | INFO     | __main__:<module>:135 - | epoch : 136 | val done |
2021-12-28 10:13:10.232 | INFO     | __main__:<module>:106 - | epoch : 137 | training done |
2021-12-28 10:13:10.819 | INFO     | __main__:<module>:135 - | epoch : 137 | val done |
2021-12-28 10:13:12.576 | INFO     | __main__:<module>:106 - | epoch : 138 | training done |
2021-12-28 10:13:13.188 | INFO     | __main__:<module>:135 - | epoch : 138 | val done |
2021-12-28 10:13:14.947 | INFO     | __main__:<module>:106 - | epoch : 139 | training done |
2021-12-28 10:13:15.567 | INFO     | __main__:<module>:135 - | epoch : 139 | val done |
2021-12-28 10:13:17.343 | INFO     | __main__:<module>:106 - | epoch : 140 | training done |
2021-12-28 10:13:17.956 | INFO     | __main__:<module>:135 - | epoch : 140 | val done |
2021-12-28 10:13:19.718 | INFO     | __main__:<module>:106 - | epoch : 141 | training done |
2021-12-28 10:13:20.302 | INFO     | __main__:<module>:135 - | epoch : 141 | val done |
2021-12-28 10:13:22.044 | INFO     | __main__:<module>:106 - | epoch : 142 | training done |
2021-12-28 10:13:22.642 | INFO     | __main__:<module>:135 - | epoch : 142 | val done |
2021-12-28 10:13:24.423 | INFO     | __main__:<module>:106 - | epoch : 143 | training done |
2021-12-28 10:13:25.043 | INFO     | __main__:<module>:135 - | epoch : 143 | val done |
2021-12-28 10:13:26.805 | INFO     | __main__:<module>:106 - | epoch : 144 | training done |
2021-12-28 10:13:27.392 | INFO     | __main__:<module>:135 - | epoch : 144 | val done |
2021-12-28 10:13:29.198 | INFO     | __main__:<module>:106 - | epoch : 145 | training done |
2021-12-28 10:13:29.784 | INFO     | __main__:<module>:135 - | epoch : 145 | val done |
2021-12-28 10:13:31.558 | INFO     | __main__:<module>:106 - | epoch : 146 | training done |
2021-12-28 10:13:32.163 | INFO     | __main__:<module>:135 - | epoch : 146 | val done |
2021-12-28 10:13:33.909 | INFO     | __main__:<module>:106 - | epoch : 147 | training done |
2021-12-28 10:13:34.536 | INFO     | __main__:<module>:135 - | epoch : 147 | val done |
2021-12-28 10:13:36.313 | INFO     | __main__:<module>:106 - | epoch : 148 | training done |
2021-12-28 10:13:36.906 | INFO     | __main__:<module>:135 - | epoch : 148 | val done |
2021-12-28 10:13:38.802 | INFO     | __main__:<module>:106 - | epoch : 149 | training done |
2021-12-28 10:13:39.448 | INFO     | __main__:<module>:135 - | epoch : 149 | val done |
2021-12-28 10:13:41.404 | INFO     | __main__:<module>:106 - | epoch : 150 | training done |
2021-12-28 10:13:42.051 | INFO     | __main__:<module>:135 - | epoch : 150 | val done |
2021-12-28 10:13:43.822 | INFO     | __main__:<module>:106 - | epoch : 151 | training done |
2021-12-28 10:13:44.409 | INFO     | __main__:<module>:135 - | epoch : 151 | val done |
2021-12-28 10:13:46.205 | INFO     | __main__:<module>:106 - | epoch : 152 | training done |
2021-12-28 10:13:46.828 | INFO     | __main__:<module>:135 - | epoch : 152 | val done |
2021-12-28 10:13:48.585 | INFO     | __main__:<module>:106 - | epoch : 153 | training done |
2021-12-28 10:13:49.200 | INFO     | __main__:<module>:135 - | epoch : 153 | val done |
2021-12-28 10:13:50.969 | INFO     | __main__:<module>:106 - | epoch : 154 | training done |
2021-12-28 10:13:51.596 | INFO     | __main__:<module>:135 - | epoch : 154 | val done |
2021-12-28 10:13:53.344 | INFO     | __main__:<module>:106 - | epoch : 155 | training done |
2021-12-28 10:13:53.929 | INFO     | __main__:<module>:135 - | epoch : 155 | val done |
2021-12-28 10:13:55.689 | INFO     | __main__:<module>:106 - | epoch : 156 | training done |
2021-12-28 10:13:56.318 | INFO     | __main__:<module>:135 - | epoch : 156 | val done |
2021-12-28 10:13:58.065 | INFO     | __main__:<module>:106 - | epoch : 157 | training done |
2021-12-28 10:13:58.681 | CRITICAL | __main__:<module>:132 - | epoch : 157 | best_val_dice_score : 0.45620640653041095 |
2021-12-28 10:14:00.733 | INFO     | __main__:<module>:106 - | epoch : 158 | training done |
2021-12-28 10:14:01.351 | INFO     | __main__:<module>:135 - | epoch : 158 | val done |
2021-12-28 10:14:03.112 | INFO     | __main__:<module>:106 - | epoch : 159 | training done |
2021-12-28 10:14:03.733 | INFO     | __main__:<module>:135 - | epoch : 159 | val done |
2021-12-28 10:14:05.491 | INFO     | __main__:<module>:106 - | epoch : 160 | training done |
2021-12-28 10:14:06.110 | INFO     | __main__:<module>:135 - | epoch : 160 | val done |
2021-12-28 10:14:07.875 | INFO     | __main__:<module>:106 - | epoch : 161 | training done |
2021-12-28 10:14:08.454 | INFO     | __main__:<module>:135 - | epoch : 161 | val done |
2021-12-28 10:14:10.206 | INFO     | __main__:<module>:106 - | epoch : 162 | training done |
2021-12-28 10:14:10.845 | INFO     | __main__:<module>:135 - | epoch : 162 | val done |
2021-12-28 10:14:12.600 | INFO     | __main__:<module>:106 - | epoch : 163 | training done |
2021-12-28 10:14:13.251 | INFO     | __main__:<module>:135 - | epoch : 163 | val done |
2021-12-28 10:14:15.002 | INFO     | __main__:<module>:106 - | epoch : 164 | training done |
2021-12-28 10:14:15.635 | INFO     | __main__:<module>:135 - | epoch : 164 | val done |
2021-12-28 10:14:17.388 | INFO     | __main__:<module>:106 - | epoch : 165 | training done |
2021-12-28 10:14:18.017 | INFO     | __main__:<module>:135 - | epoch : 165 | val done |
2021-12-28 10:14:19.801 | INFO     | __main__:<module>:106 - | epoch : 166 | training done |
2021-12-28 10:14:20.452 | INFO     | __main__:<module>:135 - | epoch : 166 | val done |
2021-12-28 10:14:22.377 | INFO     | __main__:<module>:106 - | epoch : 167 | training done |
2021-12-28 10:14:23.000 | INFO     | __main__:<module>:135 - | epoch : 167 | val done |
2021-12-28 10:14:24.936 | INFO     | __main__:<module>:106 - | epoch : 168 | training done |
2021-12-28 10:14:25.603 | INFO     | __main__:<module>:135 - | epoch : 168 | val done |
2021-12-28 10:14:27.418 | INFO     | __main__:<module>:106 - | epoch : 169 | training done |
2021-12-28 10:14:28.022 | INFO     | __main__:<module>:135 - | epoch : 169 | val done |
2021-12-28 10:14:29.765 | INFO     | __main__:<module>:106 - | epoch : 170 | training done |
2021-12-28 10:14:30.386 | INFO     | __main__:<module>:135 - | epoch : 170 | val done |
2021-12-28 10:14:32.160 | INFO     | __main__:<module>:106 - | epoch : 171 | training done |
2021-12-28 10:14:32.793 | INFO     | __main__:<module>:135 - | epoch : 171 | val done |
2021-12-28 10:14:34.539 | INFO     | __main__:<module>:106 - | epoch : 172 | training done |
2021-12-28 10:14:35.175 | INFO     | __main__:<module>:135 - | epoch : 172 | val done |
2021-12-28 10:14:36.923 | INFO     | __main__:<module>:106 - | epoch : 173 | training done |
2021-12-28 10:14:37.539 | INFO     | __main__:<module>:135 - | epoch : 173 | val done |
2021-12-28 10:14:39.293 | INFO     | __main__:<module>:106 - | epoch : 174 | training done |
2021-12-28 10:14:39.911 | INFO     | __main__:<module>:135 - | epoch : 174 | val done |
2021-12-28 10:14:41.785 | INFO     | __main__:<module>:106 - | epoch : 175 | training done |
2021-12-28 10:14:42.390 | INFO     | __main__:<module>:135 - | epoch : 175 | val done |
2021-12-28 10:14:44.382 | INFO     | __main__:<module>:106 - | epoch : 176 | training done |
2021-12-28 10:14:45.027 | INFO     | __main__:<module>:135 - | epoch : 176 | val done |
2021-12-28 10:14:46.809 | INFO     | __main__:<module>:106 - | epoch : 177 | training done |
2021-12-28 10:14:47.423 | INFO     | __main__:<module>:135 - | epoch : 177 | val done |
2021-12-28 10:14:49.218 | INFO     | __main__:<module>:106 - | epoch : 178 | training done |
2021-12-28 10:14:49.855 | INFO     | __main__:<module>:135 - | epoch : 178 | val done |
2021-12-28 10:14:51.802 | INFO     | __main__:<module>:106 - | epoch : 179 | training done |
2021-12-28 10:14:52.453 | INFO     | __main__:<module>:135 - | epoch : 179 | val done |
2021-12-28 10:14:54.273 | INFO     | __main__:<module>:106 - | epoch : 180 | training done |
2021-12-28 10:14:54.882 | INFO     | __main__:<module>:135 - | epoch : 180 | val done |
2021-12-28 10:14:56.647 | INFO     | __main__:<module>:106 - | epoch : 181 | training done |
2021-12-28 10:14:57.241 | INFO     | __main__:<module>:135 - | epoch : 181 | val done |
2021-12-28 10:14:59.016 | INFO     | __main__:<module>:106 - | epoch : 182 | training done |
2021-12-28 10:14:59.599 | INFO     | __main__:<module>:135 - | epoch : 182 | val done |
2021-12-28 10:15:01.347 | INFO     | __main__:<module>:106 - | epoch : 183 | training done |
2021-12-28 10:15:01.943 | INFO     | __main__:<module>:135 - | epoch : 183 | val done |
2021-12-28 10:15:03.757 | INFO     | __main__:<module>:106 - | epoch : 184 | training done |
2021-12-28 10:15:04.353 | INFO     | __main__:<module>:135 - | epoch : 184 | val done |
2021-12-28 10:15:06.153 | INFO     | __main__:<module>:106 - | epoch : 185 | training done |
2021-12-28 10:15:06.808 | INFO     | __main__:<module>:135 - | epoch : 185 | val done |
2021-12-28 10:15:08.746 | INFO     | __main__:<module>:106 - | epoch : 186 | training done |
2021-12-28 10:15:09.396 | INFO     | __main__:<module>:135 - | epoch : 186 | val done |
2021-12-28 10:15:11.187 | INFO     | __main__:<module>:106 - | epoch : 187 | training done |
2021-12-28 10:15:11.789 | INFO     | __main__:<module>:135 - | epoch : 187 | val done |
2021-12-28 10:15:13.549 | INFO     | __main__:<module>:106 - | epoch : 188 | training done |
2021-12-28 10:15:14.168 | CRITICAL | __main__:<module>:132 - | epoch : 188 | best_val_dice_score : 0.5327804620677814 |
2021-12-28 10:15:16.220 | INFO     | __main__:<module>:106 - | epoch : 189 | training done |
2021-12-28 10:15:16.835 | INFO     | __main__:<module>:135 - | epoch : 189 | val done |
2021-12-28 10:15:18.609 | INFO     | __main__:<module>:106 - | epoch : 190 | training done |
2021-12-28 10:15:19.193 | INFO     | __main__:<module>:135 - | epoch : 190 | val done |
2021-12-28 10:15:20.981 | INFO     | __main__:<module>:106 - | epoch : 191 | training done |
2021-12-28 10:15:21.591 | INFO     | __main__:<module>:135 - | epoch : 191 | val done |
2021-12-28 10:15:23.351 | INFO     | __main__:<module>:106 - | epoch : 192 | training done |
2021-12-28 10:15:23.965 | INFO     | __main__:<module>:135 - | epoch : 192 | val done |
2021-12-28 10:15:25.739 | INFO     | __main__:<module>:106 - | epoch : 193 | training done |
2021-12-28 10:15:26.350 | INFO     | __main__:<module>:135 - | epoch : 193 | val done |
2021-12-28 10:15:28.091 | INFO     | __main__:<module>:106 - | epoch : 194 | training done |
2021-12-28 10:15:28.685 | INFO     | __main__:<module>:135 - | epoch : 194 | val done |
2021-12-28 10:15:30.476 | INFO     | __main__:<module>:106 - | epoch : 195 | training done |
2021-12-28 10:15:31.073 | INFO     | __main__:<module>:135 - | epoch : 195 | val done |
2021-12-28 10:15:32.853 | INFO     | __main__:<module>:106 - | epoch : 196 | training done |
2021-12-28 10:15:33.471 | INFO     | __main__:<module>:135 - | epoch : 196 | val done |
2021-12-28 10:15:35.221 | INFO     | __main__:<module>:106 - | epoch : 197 | training done |
2021-12-28 10:15:35.847 | CRITICAL | __main__:<module>:132 - | epoch : 197 | best_val_dice_score : 0.5368083787582503 |
2021-12-28 10:15:37.911 | INFO     | __main__:<module>:106 - | epoch : 198 | training done |
2021-12-28 10:15:38.505 | INFO     | __main__:<module>:135 - | epoch : 198 | val done |
2021-12-28 10:15:40.287 | INFO     | __main__:<module>:106 - | epoch : 199 | training done |
2021-12-28 10:15:40.899 | INFO     | __main__:<module>:135 - | epoch : 199 | val done |
2021-12-28 10:15:42.682 | INFO     | __main__:<module>:106 - | epoch : 200 | training done |
2021-12-28 10:15:43.292 | INFO     | __main__:<module>:135 - | epoch : 200 | val done |
2021-12-28 10:15:45.102 | INFO     | __main__:<module>:106 - | epoch : 201 | training done |
2021-12-28 10:15:45.696 | CRITICAL | __main__:<module>:132 - | epoch : 201 | best_val_dice_score : 0.5456384232500788 |
2021-12-28 10:15:47.708 | INFO     | __main__:<module>:106 - | epoch : 202 | training done |
2021-12-28 10:15:48.298 | INFO     | __main__:<module>:135 - | epoch : 202 | val done |
2021-12-28 10:15:50.048 | INFO     | __main__:<module>:106 - | epoch : 203 | training done |
2021-12-28 10:15:50.648 | CRITICAL | __main__:<module>:132 - | epoch : 203 | best_val_dice_score : 0.6469138218993116 |
2021-12-28 10:15:52.756 | INFO     | __main__:<module>:106 - | epoch : 204 | training done |
2021-12-28 10:15:53.389 | INFO     | __main__:<module>:135 - | epoch : 204 | val done |
2021-12-28 10:15:55.290 | INFO     | __main__:<module>:106 - | epoch : 205 | training done |
2021-12-28 10:15:55.924 | INFO     | __main__:<module>:135 - | epoch : 205 | val done |
2021-12-28 10:15:57.717 | INFO     | __main__:<module>:106 - | epoch : 206 | training done |
2021-12-28 10:15:58.329 | INFO     | __main__:<module>:135 - | epoch : 206 | val done |
2021-12-28 10:16:00.103 | INFO     | __main__:<module>:106 - | epoch : 207 | training done |
2021-12-28 10:16:00.691 | INFO     | __main__:<module>:135 - | epoch : 207 | val done |
2021-12-28 10:16:02.434 | INFO     | __main__:<module>:106 - | epoch : 208 | training done |
2021-12-28 10:16:03.023 | INFO     | __main__:<module>:135 - | epoch : 208 | val done |
2021-12-28 10:16:04.778 | INFO     | __main__:<module>:106 - | epoch : 209 | training done |
2021-12-28 10:16:05.403 | INFO     | __main__:<module>:135 - | epoch : 209 | val done |
2021-12-28 10:16:07.205 | INFO     | __main__:<module>:106 - | epoch : 210 | training done |
2021-12-28 10:16:07.843 | INFO     | __main__:<module>:135 - | epoch : 210 | val done |
2021-12-28 10:16:09.639 | INFO     | __main__:<module>:106 - | epoch : 211 | training done |
2021-12-28 10:16:10.253 | INFO     | __main__:<module>:135 - | epoch : 211 | val done |
2021-12-28 10:16:12.016 | INFO     | __main__:<module>:106 - | epoch : 212 | training done |
2021-12-28 10:16:12.626 | INFO     | __main__:<module>:135 - | epoch : 212 | val done |
2021-12-28 10:16:14.395 | INFO     | __main__:<module>:106 - | epoch : 213 | training done |
2021-12-28 10:16:15.031 | INFO     | __main__:<module>:135 - | epoch : 213 | val done |
2021-12-28 10:16:16.785 | INFO     | __main__:<module>:106 - | epoch : 214 | training done |
2021-12-28 10:16:17.408 | INFO     | __main__:<module>:135 - | epoch : 214 | val done |
2021-12-28 10:16:19.169 | INFO     | __main__:<module>:106 - | epoch : 215 | training done |
2021-12-28 10:16:19.760 | INFO     | __main__:<module>:135 - | epoch : 215 | val done |
2021-12-28 10:16:21.501 | INFO     | __main__:<module>:106 - | epoch : 216 | training done |
2021-12-28 10:16:22.111 | INFO     | __main__:<module>:135 - | epoch : 216 | val done |
2021-12-28 10:16:23.871 | INFO     | __main__:<module>:106 - | epoch : 217 | training done |
2021-12-28 10:16:24.467 | INFO     | __main__:<module>:135 - | epoch : 217 | val done |
2021-12-28 10:16:26.240 | INFO     | __main__:<module>:106 - | epoch : 218 | training done |
2021-12-28 10:16:26.867 | INFO     | __main__:<module>:135 - | epoch : 218 | val done |
2021-12-28 10:16:28.619 | INFO     | __main__:<module>:106 - | epoch : 219 | training done |
2021-12-28 10:16:29.232 | INFO     | __main__:<module>:135 - | epoch : 219 | val done |
2021-12-28 10:16:31.028 | INFO     | __main__:<module>:106 - | epoch : 220 | training done |
2021-12-28 10:16:31.639 | INFO     | __main__:<module>:135 - | epoch : 220 | val done |
2021-12-28 10:16:33.428 | INFO     | __main__:<module>:106 - | epoch : 221 | training done |
2021-12-28 10:16:34.038 | INFO     | __main__:<module>:135 - | epoch : 221 | val done |
2021-12-28 10:16:35.830 | INFO     | __main__:<module>:106 - | epoch : 222 | training done |
2021-12-28 10:16:36.447 | INFO     | __main__:<module>:135 - | epoch : 222 | val done |
2021-12-28 10:16:38.190 | INFO     | __main__:<module>:106 - | epoch : 223 | training done |
2021-12-28 10:16:38.794 | INFO     | __main__:<module>:135 - | epoch : 223 | val done |
2021-12-28 10:16:40.539 | INFO     | __main__:<module>:106 - | epoch : 224 | training done |
2021-12-28 10:16:41.154 | INFO     | __main__:<module>:135 - | epoch : 224 | val done |
2021-12-28 10:16:42.900 | INFO     | __main__:<module>:106 - | epoch : 225 | training done |
2021-12-28 10:16:43.531 | CRITICAL | __main__:<module>:132 - | epoch : 225 | best_val_dice_score : 0.6673848142607341 |
2021-12-28 10:16:45.596 | INFO     | __main__:<module>:106 - | epoch : 226 | training done |
2021-12-28 10:16:46.189 | INFO     | __main__:<module>:135 - | epoch : 226 | val done |
2021-12-28 10:16:47.935 | INFO     | __main__:<module>:106 - | epoch : 227 | training done |
2021-12-28 10:16:48.538 | INFO     | __main__:<module>:135 - | epoch : 227 | val done |
2021-12-28 10:16:50.287 | INFO     | __main__:<module>:106 - | epoch : 228 | training done |
2021-12-28 10:16:50.887 | INFO     | __main__:<module>:135 - | epoch : 228 | val done |
2021-12-28 10:16:52.658 | INFO     | __main__:<module>:106 - | epoch : 229 | training done |
2021-12-28 10:16:53.255 | INFO     | __main__:<module>:135 - | epoch : 229 | val done |
2021-12-28 10:16:55.026 | INFO     | __main__:<module>:106 - | epoch : 230 | training done |
2021-12-28 10:16:55.614 | INFO     | __main__:<module>:135 - | epoch : 230 | val done |
2021-12-28 10:16:57.381 | INFO     | __main__:<module>:106 - | epoch : 231 | training done |
2021-12-28 10:16:57.980 | CRITICAL | __main__:<module>:132 - | epoch : 231 | best_val_dice_score : 0.6884812937991688 |
2021-12-28 10:17:00.059 | INFO     | __main__:<module>:106 - | epoch : 232 | training done |
2021-12-28 10:17:00.693 | INFO     | __main__:<module>:135 - | epoch : 232 | val done |
2021-12-28 10:17:02.650 | INFO     | __main__:<module>:106 - | epoch : 233 | training done |
2021-12-28 10:17:03.284 | INFO     | __main__:<module>:135 - | epoch : 233 | val done |
2021-12-28 10:17:05.131 | INFO     | __main__:<module>:106 - | epoch : 234 | training done |
2021-12-28 10:17:05.719 | INFO     | __main__:<module>:135 - | epoch : 234 | val done |
2021-12-28 10:17:07.474 | INFO     | __main__:<module>:106 - | epoch : 235 | training done |
2021-12-28 10:17:08.102 | INFO     | __main__:<module>:135 - | epoch : 235 | val done |
2021-12-28 10:17:09.851 | INFO     | __main__:<module>:106 - | epoch : 236 | training done |
2021-12-28 10:17:10.465 | INFO     | __main__:<module>:135 - | epoch : 236 | val done |
2021-12-28 10:17:12.223 | INFO     | __main__:<module>:106 - | epoch : 237 | training done |
2021-12-28 10:17:12.804 | CRITICAL | __main__:<module>:132 - | epoch : 237 | best_val_dice_score : 0.7112584311916331 |
2021-12-28 10:17:14.864 | INFO     | __main__:<module>:106 - | epoch : 238 | training done |
2021-12-28 10:17:15.491 | INFO     | __main__:<module>:135 - | epoch : 238 | val done |
2021-12-28 10:17:17.259 | INFO     | __main__:<module>:106 - | epoch : 239 | training done |
2021-12-28 10:17:17.846 | INFO     | __main__:<module>:135 - | epoch : 239 | val done |
2021-12-28 10:17:19.585 | INFO     | __main__:<module>:106 - | epoch : 240 | training done |
2021-12-28 10:17:20.214 | CRITICAL | __main__:<module>:132 - | epoch : 240 | best_val_dice_score : 0.7237225075221161 |
2021-12-28 10:17:22.288 | INFO     | __main__:<module>:106 - | epoch : 241 | training done |
2021-12-28 10:17:22.895 | INFO     | __main__:<module>:135 - | epoch : 241 | val done |
2021-12-28 10:17:24.640 | INFO     | __main__:<module>:106 - | epoch : 242 | training done |
2021-12-28 10:17:25.260 | INFO     | __main__:<module>:135 - | epoch : 242 | val done |
2021-12-28 10:17:27.016 | INFO     | __main__:<module>:106 - | epoch : 243 | training done |
2021-12-28 10:17:27.599 | INFO     | __main__:<module>:135 - | epoch : 243 | val done |
