2022-01-01 15:30:36.521 | INFO     | __main__:<module>:83 - | start training .... | current model sct_b0_pretrained |
2022-01-01 15:31:30.875 | INFO     | __main__:<module>:111 - | epoch : 0 | training done |
2022-01-01 15:31:45.723 | INFO     | __main__:<module>:240 - | epoch : 0 | CVC-300 : 0.6302742674126034 | CVC-ClinicDB : 0.7059321566948797 | CVC-ColonDB : 0.6065498749337945 | ETIS-LaribPolypDB : 0.6211364083388007 | Kvasir : 0.6615371220096995 |
2022-01-01 15:31:45.723 | CRITICAL | __main__:<module>:241 - | epoch : 0 | best_val_dice_score : 0.6450859658779555 |
2022-01-01 15:32:40.240 | INFO     | __main__:<module>:111 - | epoch : 1 | training done |
2022-01-01 15:32:55.197 | INFO     | __main__:<module>:240 - | epoch : 1 | CVC-300 : 0.6772111831398671 | CVC-ClinicDB : 0.7421069775201253 | CVC-ColonDB : 0.6480057695261213 | ETIS-LaribPolypDB : 0.6598369791569185 | Kvasir : 0.7101185943452429 |
2022-01-01 15:32:55.197 | CRITICAL | __main__:<module>:241 - | epoch : 1 | best_val_dice_score : 0.6874559007376551 |
2022-01-01 15:33:49.628 | INFO     | __main__:<module>:111 - | epoch : 2 | training done |
2022-01-01 15:34:04.442 | INFO     | __main__:<module>:244 - | epoch : 2 | val done |
2022-01-01 15:34:59.044 | INFO     | __main__:<module>:111 - | epoch : 3 | training done |
2022-01-01 15:35:13.972 | INFO     | __main__:<module>:240 - | epoch : 3 | CVC-300 : 0.7625113727318433 | CVC-ClinicDB : 0.8136649177073104 | CVC-ColonDB : 0.7204915028471297 | ETIS-LaribPolypDB : 0.7297270757428833 | Kvasir : 0.7867258012178688 |
2022-01-01 15:35:13.972 | CRITICAL | __main__:<module>:241 - | epoch : 3 | best_val_dice_score : 0.7626241340494071 |
2022-01-01 15:36:08.755 | INFO     | __main__:<module>:111 - | epoch : 4 | training done |
2022-01-01 15:36:23.626 | INFO     | __main__:<module>:240 - | epoch : 4 | CVC-300 : 0.7566597798961057 | CVC-ClinicDB : 0.8352480684310747 | CVC-ColonDB : 0.7308740663079376 | ETIS-LaribPolypDB : 0.7214128622901536 | Kvasir : 0.8037833473924744 |
2022-01-01 15:36:23.627 | CRITICAL | __main__:<module>:241 - | epoch : 4 | best_val_dice_score : 0.7695956248635492 |
2022-01-01 15:37:18.257 | INFO     | __main__:<module>:111 - | epoch : 5 | training done |
2022-01-01 15:37:33.074 | INFO     | __main__:<module>:240 - | epoch : 5 | CVC-300 : 0.7719595958778173 | CVC-ClinicDB : 0.8312371890152653 | CVC-ColonDB : 0.7301476280970204 | ETIS-LaribPolypDB : 0.7135796049992484 | Kvasir : 0.8193053346671154 |
2022-01-01 15:37:33.075 | CRITICAL | __main__:<module>:241 - | epoch : 5 | best_val_dice_score : 0.7732458705312932 |
2022-01-01 15:38:27.433 | INFO     | __main__:<module>:111 - | epoch : 6 | training done |
2022-01-01 15:38:42.364 | INFO     | __main__:<module>:244 - | epoch : 6 | val done |
2022-01-01 15:39:36.518 | INFO     | __main__:<module>:111 - | epoch : 7 | training done |
2022-01-01 15:39:51.348 | INFO     | __main__:<module>:240 - | epoch : 7 | CVC-300 : 0.8321695982064291 | CVC-ClinicDB : 0.8746626353911027 | CVC-ColonDB : 0.7719123483527504 | ETIS-LaribPolypDB : 0.772983161927054 | Kvasir : 0.8723865992364618 |
2022-01-01 15:39:51.348 | CRITICAL | __main__:<module>:241 - | epoch : 7 | best_val_dice_score : 0.8248228686227597 |
2022-01-01 15:40:46.070 | INFO     | __main__:<module>:111 - | epoch : 8 | training done |
2022-01-01 15:41:00.871 | INFO     | __main__:<module>:244 - | epoch : 8 | val done |
2022-01-01 15:41:55.479 | INFO     | __main__:<module>:111 - | epoch : 9 | training done |
2022-01-01 15:42:10.649 | INFO     | __main__:<module>:240 - | epoch : 9 | CVC-300 : 0.842159290855028 | CVC-ClinicDB : 0.8761851762069683 | CVC-ColonDB : 0.7701928961901544 | ETIS-LaribPolypDB : 0.7807443311900247 | Kvasir : 0.8750592007485892 |
2022-01-01 15:42:10.649 | CRITICAL | __main__:<module>:241 - | epoch : 9 | best_val_dice_score : 0.8288681790381529 |
2022-01-01 15:43:05.583 | INFO     | __main__:<module>:111 - | epoch : 10 | training done |
2022-01-01 15:43:20.492 | INFO     | __main__:<module>:244 - | epoch : 10 | val done |
2022-01-01 15:44:17.697 | INFO     | __main__:<module>:111 - | epoch : 11 | training done |
2022-01-01 15:44:33.136 | INFO     | __main__:<module>:244 - | epoch : 11 | val done |
2022-01-01 15:45:30.624 | INFO     | __main__:<module>:111 - | epoch : 12 | training done |
2022-01-01 15:45:46.486 | INFO     | __main__:<module>:240 - | epoch : 12 | CVC-300 : 0.8964878641159909 | CVC-ClinicDB : 0.903029304110295 | CVC-ColonDB : 0.8283022545283775 | ETIS-LaribPolypDB : 0.785600032446089 | Kvasir : 0.8908101457965943 |
2022-01-01 15:45:46.487 | CRITICAL | __main__:<module>:241 - | epoch : 12 | best_val_dice_score : 0.8608459201994693 |
2022-01-01 15:46:44.426 | INFO     | __main__:<module>:111 - | epoch : 13 | training done |
2022-01-01 15:47:00.084 | INFO     | __main__:<module>:244 - | epoch : 13 | val done |
2022-01-01 15:47:58.974 | INFO     | __main__:<module>:111 - | epoch : 14 | training done |
2022-01-01 15:48:14.807 | INFO     | __main__:<module>:244 - | epoch : 14 | val done |
2022-01-01 15:49:19.939 | INFO     | __main__:<module>:111 - | epoch : 15 | training done |
2022-01-01 15:49:37.218 | INFO     | __main__:<module>:240 - | epoch : 15 | CVC-300 : 0.9159116320471667 | CVC-ClinicDB : 0.908834247887934 | CVC-ColonDB : 0.8283060815567457 | ETIS-LaribPolypDB : 0.7761525714930373 | Kvasir : 0.8957421617268096 |
2022-01-01 15:49:37.218 | CRITICAL | __main__:<module>:241 - | epoch : 15 | best_val_dice_score : 0.8649893389423389 |
2022-01-01 15:50:55.385 | INFO     | __main__:<module>:111 - | epoch : 16 | training done |
2022-01-01 15:51:12.802 | INFO     | __main__:<module>:240 - | epoch : 16 | CVC-300 : 0.9097214300814307 | CVC-ClinicDB : 0.9036753245147289 | CVC-ColonDB : 0.8196541457409658 | ETIS-LaribPolypDB : 0.7938910383062886 | Kvasir : 0.8990090506325794 |
2022-01-01 15:51:12.802 | CRITICAL | __main__:<module>:241 - | epoch : 16 | best_val_dice_score : 0.8651901978551987 |
2022-01-01 15:52:30.101 | INFO     | __main__:<module>:111 - | epoch : 17 | training done |
2022-01-01 15:52:47.414 | INFO     | __main__:<module>:244 - | epoch : 17 | val done |
2022-01-01 15:54:05.397 | INFO     | __main__:<module>:111 - | epoch : 18 | training done |
2022-01-01 15:54:22.874 | INFO     | __main__:<module>:244 - | epoch : 18 | val done |
2022-01-01 15:55:42.046 | INFO     | __main__:<module>:111 - | epoch : 19 | training done |
2022-01-01 15:55:59.380 | INFO     | __main__:<module>:244 - | epoch : 19 | val done |
2022-01-01 15:57:19.979 | INFO     | __main__:<module>:111 - | epoch : 20 | training done |
2022-01-01 15:57:37.319 | INFO     | __main__:<module>:240 - | epoch : 20 | CVC-300 : 0.8878894320727675 | CVC-ClinicDB : 0.906343953489478 | CVC-ColonDB : 0.8351067741491827 | ETIS-LaribPolypDB : 0.7999846032445135 | Kvasir : 0.9036618417302124 |
2022-01-01 15:57:37.319 | CRITICAL | __main__:<module>:241 - | epoch : 20 | best_val_dice_score : 0.8665973209372307 |
2022-01-01 15:58:44.366 | INFO     | __main__:<module>:111 - | epoch : 21 | training done |
2022-01-01 15:59:02.272 | INFO     | __main__:<module>:244 - | epoch : 21 | val done |
2022-01-01 16:00:21.949 | INFO     | __main__:<module>:111 - | epoch : 22 | training done |
2022-01-01 16:00:40.812 | INFO     | __main__:<module>:240 - | epoch : 22 | CVC-300 : 0.9127284054335573 | CVC-ClinicDB : 0.9221536322076972 | CVC-ColonDB : 0.8344956063466182 | ETIS-LaribPolypDB : 0.7998740454579423 | Kvasir : 0.9024707636482887 |
2022-01-01 16:00:40.813 | CRITICAL | __main__:<module>:241 - | epoch : 22 | best_val_dice_score : 0.8743444906188207 |
2022-01-01 16:02:16.865 | INFO     | __main__:<module>:111 - | epoch : 23 | training done |
2022-01-01 16:02:36.881 | INFO     | __main__:<module>:240 - | epoch : 23 | CVC-300 : 0.8981876426514255 | CVC-ClinicDB : 0.920859538851221 | CVC-ColonDB : 0.8516505121662267 | ETIS-LaribPolypDB : 0.7995834985533354 | Kvasir : 0.9028536648720834 |
2022-01-01 16:02:36.881 | CRITICAL | __main__:<module>:241 - | epoch : 23 | best_val_dice_score : 0.8746269714188584 |
2022-01-01 16:04:19.330 | INFO     | __main__:<module>:111 - | epoch : 24 | training done |
2022-01-01 16:04:39.226 | INFO     | __main__:<module>:244 - | epoch : 24 | val done |
2022-01-01 16:06:23.320 | INFO     | __main__:<module>:111 - | epoch : 25 | training done |
2022-01-01 16:06:43.156 | INFO     | __main__:<module>:244 - | epoch : 25 | val done |
2022-01-01 16:08:23.551 | INFO     | __main__:<module>:111 - | epoch : 26 | training done |
2022-01-01 16:08:43.768 | INFO     | __main__:<module>:244 - | epoch : 26 | val done |
2022-01-01 16:10:26.654 | INFO     | __main__:<module>:111 - | epoch : 27 | training done |
2022-01-01 16:10:46.796 | INFO     | __main__:<module>:244 - | epoch : 27 | val done |
2022-01-01 16:12:29.107 | INFO     | __main__:<module>:111 - | epoch : 28 | training done |
2022-01-01 16:12:50.196 | INFO     | __main__:<module>:244 - | epoch : 28 | val done |
2022-01-01 16:14:36.013 | INFO     | __main__:<module>:111 - | epoch : 29 | training done |
2022-01-01 16:14:56.120 | INFO     | __main__:<module>:240 - | epoch : 29 | CVC-300 : 0.9131031153778034 | CVC-ClinicDB : 0.9309548481285423 | CVC-ColonDB : 0.8505866992779333 | ETIS-LaribPolypDB : 0.8164631182409052 | Kvasir : 0.9021885309589848 |
2022-01-01 16:14:56.120 | CRITICAL | __main__:<module>:241 - | epoch : 29 | best_val_dice_score : 0.8826592623968338 |
2022-01-01 16:16:37.032 | INFO     | __main__:<module>:111 - | epoch : 30 | training done |
2022-01-01 16:16:57.272 | INFO     | __main__:<module>:244 - | epoch : 30 | val done |
2022-01-01 16:18:39.152 | INFO     | __main__:<module>:111 - | epoch : 31 | training done |
2022-01-01 16:19:00.437 | INFO     | __main__:<module>:244 - | epoch : 31 | val done |
2022-01-01 16:20:45.702 | INFO     | __main__:<module>:111 - | epoch : 32 | training done |
2022-01-01 16:21:06.114 | INFO     | __main__:<module>:244 - | epoch : 32 | val done |
2022-01-01 16:22:46.075 | INFO     | __main__:<module>:111 - | epoch : 33 | training done |
2022-01-01 16:23:06.442 | INFO     | __main__:<module>:244 - | epoch : 33 | val done |
2022-01-01 16:24:52.513 | INFO     | __main__:<module>:111 - | epoch : 34 | training done |
2022-01-01 16:25:12.155 | INFO     | __main__:<module>:244 - | epoch : 34 | val done |
2022-01-01 16:26:51.094 | INFO     | __main__:<module>:111 - | epoch : 35 | training done |
2022-01-01 16:27:11.396 | INFO     | __main__:<module>:244 - | epoch : 35 | val done |
2022-01-01 16:28:54.700 | INFO     | __main__:<module>:111 - | epoch : 36 | training done |
2022-01-01 16:29:14.421 | INFO     | __main__:<module>:244 - | epoch : 36 | val done |
2022-01-01 16:30:55.854 | INFO     | __main__:<module>:111 - | epoch : 37 | training done |
2022-01-01 16:31:16.406 | INFO     | __main__:<module>:244 - | epoch : 37 | val done |
2022-01-01 16:32:59.753 | INFO     | __main__:<module>:111 - | epoch : 38 | training done |
2022-01-01 16:33:19.881 | INFO     | __main__:<module>:240 - | epoch : 38 | CVC-300 : 0.9122194918041673 | CVC-ClinicDB : 0.9194940242704703 | CVC-ColonDB : 0.8492006239087926 | ETIS-LaribPolypDB : 0.8208020288324155 | Kvasir : 0.9132515693083681 |
2022-01-01 16:33:19.882 | CRITICAL | __main__:<module>:241 - | epoch : 38 | best_val_dice_score : 0.8829935476248428 |
2022-01-01 16:35:04.000 | INFO     | __main__:<module>:111 - | epoch : 39 | training done |
2022-01-01 16:35:24.265 | INFO     | __main__:<module>:244 - | epoch : 39 | val done |
2022-01-01 16:37:08.115 | INFO     | __main__:<module>:111 - | epoch : 40 | training done |
2022-01-01 16:37:28.141 | INFO     | __main__:<module>:244 - | epoch : 40 | val done |
2022-01-01 16:39:08.092 | INFO     | __main__:<module>:111 - | epoch : 41 | training done |
2022-01-01 16:39:28.131 | INFO     | __main__:<module>:244 - | epoch : 41 | val done |
2022-01-01 16:41:11.777 | INFO     | __main__:<module>:111 - | epoch : 42 | training done |
2022-01-01 16:41:32.194 | INFO     | __main__:<module>:244 - | epoch : 42 | val done |
2022-01-01 16:43:17.096 | INFO     | __main__:<module>:111 - | epoch : 43 | training done |
2022-01-01 16:43:37.257 | INFO     | __main__:<module>:244 - | epoch : 43 | val done |
2022-01-01 16:45:16.558 | INFO     | __main__:<module>:111 - | epoch : 44 | training done |
2022-01-01 16:45:36.554 | INFO     | __main__:<module>:244 - | epoch : 44 | val done |
2022-01-01 16:47:19.640 | INFO     | __main__:<module>:111 - | epoch : 45 | training done |
2022-01-01 16:47:39.727 | INFO     | __main__:<module>:244 - | epoch : 45 | val done |
2022-01-01 16:49:19.290 | INFO     | __main__:<module>:111 - | epoch : 46 | training done |
2022-01-01 16:49:39.448 | INFO     | __main__:<module>:244 - | epoch : 46 | val done |
2022-01-01 16:51:26.244 | INFO     | __main__:<module>:111 - | epoch : 47 | training done |
2022-01-01 16:51:46.805 | INFO     | __main__:<module>:244 - | epoch : 47 | val done |
2022-01-01 16:53:30.626 | INFO     | __main__:<module>:111 - | epoch : 48 | training done |
2022-01-01 16:53:50.816 | INFO     | __main__:<module>:244 - | epoch : 48 | val done |
2022-01-01 16:55:32.750 | INFO     | __main__:<module>:111 - | epoch : 49 | training done |
2022-01-01 16:55:52.815 | INFO     | __main__:<module>:244 - | epoch : 49 | val done |
2022-01-01 16:57:35.384 | INFO     | __main__:<module>:111 - | epoch : 50 | training done |
2022-01-01 16:57:55.216 | INFO     | __main__:<module>:244 - | epoch : 50 | val done |
2022-01-01 16:59:38.430 | INFO     | __main__:<module>:111 - | epoch : 51 | training done |
2022-01-01 16:59:58.956 | INFO     | __main__:<module>:244 - | epoch : 51 | val done |
2022-01-01 17:01:42.409 | INFO     | __main__:<module>:111 - | epoch : 52 | training done |
2022-01-01 17:02:02.186 | INFO     | __main__:<module>:244 - | epoch : 52 | val done |
2022-01-01 17:03:47.757 | INFO     | __main__:<module>:111 - | epoch : 53 | training done |
2022-01-01 17:04:08.345 | INFO     | __main__:<module>:244 - | epoch : 53 | val done |
2022-01-01 17:05:51.507 | INFO     | __main__:<module>:111 - | epoch : 54 | training done |
2022-01-01 17:06:11.610 | INFO     | __main__:<module>:244 - | epoch : 54 | val done |
2022-01-01 17:07:52.257 | INFO     | __main__:<module>:111 - | epoch : 55 | training done |
2022-01-01 17:08:13.190 | INFO     | __main__:<module>:244 - | epoch : 55 | val done |
2022-01-01 17:09:59.497 | INFO     | __main__:<module>:111 - | epoch : 56 | training done |
2022-01-01 17:10:19.342 | INFO     | __main__:<module>:244 - | epoch : 56 | val done |
2022-01-01 17:11:59.746 | INFO     | __main__:<module>:111 - | epoch : 57 | training done |
2022-01-01 17:12:19.526 | INFO     | __main__:<module>:244 - | epoch : 57 | val done |
2022-01-01 17:14:04.047 | INFO     | __main__:<module>:111 - | epoch : 58 | training done |
2022-01-01 17:14:23.722 | INFO     | __main__:<module>:244 - | epoch : 58 | val done |
2022-01-01 17:16:03.549 | INFO     | __main__:<module>:111 - | epoch : 59 | training done |
2022-01-01 17:16:23.718 | INFO     | __main__:<module>:244 - | epoch : 59 | val done |
2022-01-01 17:18:06.900 | INFO     | __main__:<module>:111 - | epoch : 60 | training done |
2022-01-01 17:18:27.634 | INFO     | __main__:<module>:240 - | epoch : 60 | CVC-300 : 0.9139246588320425 | CVC-ClinicDB : 0.9499788074875453 | CVC-ColonDB : 0.8435203285712145 | ETIS-LaribPolypDB : 0.8075159845969446 | Kvasir : 0.9189597799025531 |
2022-01-01 17:18:27.634 | CRITICAL | __main__:<module>:241 - | epoch : 60 | best_val_dice_score : 0.8867799118780602 |
2022-01-01 17:20:13.601 | INFO     | __main__:<module>:111 - | epoch : 61 | training done |
2022-01-01 17:20:33.473 | INFO     | __main__:<module>:244 - | epoch : 61 | val done |
2022-01-01 17:22:15.728 | INFO     | __main__:<module>:111 - | epoch : 62 | training done |
2022-01-01 17:22:35.815 | INFO     | __main__:<module>:244 - | epoch : 62 | val done |
2022-01-01 17:24:19.402 | INFO     | __main__:<module>:111 - | epoch : 63 | training done |
2022-01-01 17:24:39.488 | INFO     | __main__:<module>:244 - | epoch : 63 | val done |
2022-01-01 17:26:19.270 | INFO     | __main__:<module>:111 - | epoch : 64 | training done |
2022-01-01 17:26:39.171 | INFO     | __main__:<module>:244 - | epoch : 64 | val done |
2022-01-01 17:28:22.305 | INFO     | __main__:<module>:111 - | epoch : 65 | training done |
2022-01-01 17:28:42.846 | INFO     | __main__:<module>:244 - | epoch : 65 | val done |
2022-01-01 17:30:26.163 | INFO     | __main__:<module>:111 - | epoch : 66 | training done |
2022-01-01 17:30:46.522 | INFO     | __main__:<module>:244 - | epoch : 66 | val done |
2022-01-01 17:32:32.212 | INFO     | __main__:<module>:111 - | epoch : 67 | training done |
2022-01-01 17:32:52.433 | INFO     | __main__:<module>:244 - | epoch : 67 | val done |
2022-01-01 17:34:32.665 | INFO     | __main__:<module>:111 - | epoch : 68 | training done |
2022-01-01 17:34:52.758 | INFO     | __main__:<module>:240 - | epoch : 68 | CVC-300 : 0.9126161657371585 | CVC-ClinicDB : 0.9337982016824621 | CVC-ColonDB : 0.8504410285472809 | ETIS-LaribPolypDB : 0.8204752908062825 | Kvasir : 0.9198464725727484 |
2022-01-01 17:34:52.759 | CRITICAL | __main__:<module>:241 - | epoch : 68 | best_val_dice_score : 0.8874354318691866 |
2022-01-01 17:36:34.423 | INFO     | __main__:<module>:111 - | epoch : 69 | training done |
2022-01-01 17:36:55.071 | INFO     | __main__:<module>:244 - | epoch : 69 | val done |
2022-01-01 17:38:40.864 | INFO     | __main__:<module>:111 - | epoch : 70 | training done |
2022-01-01 17:39:00.769 | INFO     | __main__:<module>:240 - | epoch : 70 | CVC-300 : 0.9346196348079661 | CVC-ClinicDB : 0.9363024602373032 | CVC-ColonDB : 0.8475334194875064 | ETIS-LaribPolypDB : 0.8099862253975486 | Kvasir : 0.9229850417406609 |
2022-01-01 17:39:00.770 | CRITICAL | __main__:<module>:241 - | epoch : 70 | best_val_dice_score : 0.890285356334197 |
2022-01-01 17:40:40.565 | INFO     | __main__:<module>:111 - | epoch : 71 | training done |
2022-01-01 17:41:00.470 | INFO     | __main__:<module>:244 - | epoch : 71 | val done |
2022-01-01 17:42:45.108 | INFO     | __main__:<module>:111 - | epoch : 72 | training done |
2022-01-01 17:43:04.799 | INFO     | __main__:<module>:244 - | epoch : 72 | val done |
2022-01-01 17:44:44.086 | INFO     | __main__:<module>:111 - | epoch : 73 | training done |
2022-01-01 17:45:04.053 | INFO     | __main__:<module>:244 - | epoch : 73 | val done |
2022-01-01 17:46:49.498 | INFO     | __main__:<module>:111 - | epoch : 74 | training done |
2022-01-01 17:47:10.383 | INFO     | __main__:<module>:244 - | epoch : 74 | val done |
2022-01-01 17:48:56.217 | INFO     | __main__:<module>:111 - | epoch : 75 | training done |
2022-01-01 17:49:16.502 | INFO     | __main__:<module>:244 - | epoch : 75 | val done |
2022-01-01 17:50:59.924 | INFO     | __main__:<module>:111 - | epoch : 76 | training done |
2022-01-01 17:51:20.241 | INFO     | __main__:<module>:244 - | epoch : 76 | val done |
2022-01-01 17:53:03.256 | INFO     | __main__:<module>:111 - | epoch : 77 | training done |
2022-01-01 17:53:23.174 | INFO     | __main__:<module>:244 - | epoch : 77 | val done |
2022-01-01 17:55:05.667 | INFO     | __main__:<module>:111 - | epoch : 78 | training done |
2022-01-01 17:55:25.342 | INFO     | __main__:<module>:244 - | epoch : 78 | val done |
2022-01-01 17:57:07.599 | INFO     | __main__:<module>:111 - | epoch : 79 | training done |
2022-01-01 17:57:27.558 | INFO     | __main__:<module>:244 - | epoch : 79 | val done |
2022-01-01 17:59:11.545 | INFO     | __main__:<module>:111 - | epoch : 80 | training done |
2022-01-01 17:59:32.426 | INFO     | __main__:<module>:244 - | epoch : 80 | val done |
2022-01-01 18:01:18.538 | INFO     | __main__:<module>:111 - | epoch : 81 | training done |
2022-01-01 18:01:38.581 | INFO     | __main__:<module>:244 - | epoch : 81 | val done |
2022-01-01 18:03:18.187 | INFO     | __main__:<module>:111 - | epoch : 82 | training done |
2022-01-01 18:03:38.272 | INFO     | __main__:<module>:244 - | epoch : 82 | val done |
2022-01-01 18:05:21.784 | INFO     | __main__:<module>:111 - | epoch : 83 | training done |
2022-01-01 18:05:42.052 | INFO     | __main__:<module>:244 - | epoch : 83 | val done |
2022-01-01 18:07:23.269 | INFO     | __main__:<module>:111 - | epoch : 84 | training done |
2022-01-01 18:07:43.407 | INFO     | __main__:<module>:244 - | epoch : 84 | val done |
2022-01-01 18:09:29.299 | INFO     | __main__:<module>:111 - | epoch : 85 | training done |
2022-01-01 18:09:50.418 | INFO     | __main__:<module>:244 - | epoch : 85 | val done |
2022-01-01 18:11:36.643 | INFO     | __main__:<module>:111 - | epoch : 86 | training done |
2022-01-01 18:11:56.538 | INFO     | __main__:<module>:244 - | epoch : 86 | val done |
2022-01-01 18:13:34.467 | INFO     | __main__:<module>:111 - | epoch : 87 | training done |
2022-01-01 18:13:54.359 | INFO     | __main__:<module>:244 - | epoch : 87 | val done |
2022-01-01 18:15:38.599 | INFO     | __main__:<module>:111 - | epoch : 88 | training done |
2022-01-01 18:15:58.862 | INFO     | __main__:<module>:240 - | epoch : 88 | CVC-300 : 0.9306067341035325 | CVC-ClinicDB : 0.9315186361676274 | CVC-ColonDB : 0.8425614296093457 | ETIS-LaribPolypDB : 0.8365961238891344 | Kvasir : 0.911873558343685 |
2022-01-01 18:15:58.863 | CRITICAL | __main__:<module>:241 - | epoch : 88 | best_val_dice_score : 0.890631296422665 |
2022-01-01 18:17:42.019 | INFO     | __main__:<module>:111 - | epoch : 89 | training done |
2022-01-01 18:18:02.140 | INFO     | __main__:<module>:244 - | epoch : 89 | val done |
2022-01-01 18:19:44.947 | INFO     | __main__:<module>:111 - | epoch : 90 | training done |
2022-01-01 18:20:04.799 | INFO     | __main__:<module>:244 - | epoch : 90 | val done |
2022-01-01 18:21:46.052 | INFO     | __main__:<module>:111 - | epoch : 91 | training done |
2022-01-01 18:22:06.337 | INFO     | __main__:<module>:244 - | epoch : 91 | val done |
2022-01-01 18:23:50.149 | INFO     | __main__:<module>:111 - | epoch : 92 | training done |
2022-01-01 18:24:10.262 | INFO     | __main__:<module>:244 - | epoch : 92 | val done |
2022-01-01 18:25:49.542 | INFO     | __main__:<module>:111 - | epoch : 93 | training done |
2022-01-01 18:26:09.772 | INFO     | __main__:<module>:244 - | epoch : 93 | val done |
2022-01-01 18:27:55.775 | INFO     | __main__:<module>:111 - | epoch : 94 | training done |
2022-01-01 18:28:16.395 | INFO     | __main__:<module>:244 - | epoch : 94 | val done |
2022-01-01 18:30:01.555 | INFO     | __main__:<module>:111 - | epoch : 95 | training done |
2022-01-01 18:30:21.481 | INFO     | __main__:<module>:244 - | epoch : 95 | val done |
2022-01-01 18:32:02.088 | INFO     | __main__:<module>:111 - | epoch : 96 | training done |
2022-01-01 18:32:22.513 | INFO     | __main__:<module>:244 - | epoch : 96 | val done |
2022-01-01 18:34:05.197 | INFO     | __main__:<module>:111 - | epoch : 97 | training done |
2022-01-01 18:34:25.201 | INFO     | __main__:<module>:244 - | epoch : 97 | val done |
2022-01-01 18:36:07.204 | INFO     | __main__:<module>:111 - | epoch : 98 | training done |
2022-01-01 18:36:28.405 | INFO     | __main__:<module>:244 - | epoch : 98 | val done |
2022-01-01 18:38:15.168 | INFO     | __main__:<module>:111 - | epoch : 99 | training done |
2022-01-01 18:38:35.101 | INFO     | __main__:<module>:244 - | epoch : 99 | val done |
2022-01-01 18:40:14.727 | INFO     | __main__:<module>:111 - | epoch : 100 | training done |
2022-01-01 18:40:34.836 | INFO     | __main__:<module>:244 - | epoch : 100 | val done |
2022-01-01 18:42:18.603 | INFO     | __main__:<module>:111 - | epoch : 101 | training done |
2022-01-01 18:42:38.915 | INFO     | __main__:<module>:244 - | epoch : 101 | val done |
2022-01-01 18:44:20.086 | INFO     | __main__:<module>:111 - | epoch : 102 | training done |
2022-01-01 18:44:40.076 | INFO     | __main__:<module>:244 - | epoch : 102 | val done |
2022-01-01 18:46:22.798 | INFO     | __main__:<module>:111 - | epoch : 103 | training done |
2022-01-01 18:46:42.827 | INFO     | __main__:<module>:244 - | epoch : 103 | val done |
2022-01-01 18:48:27.178 | INFO     | __main__:<module>:111 - | epoch : 104 | training done |
2022-01-01 18:48:47.319 | INFO     | __main__:<module>:244 - | epoch : 104 | val done |
2022-01-01 18:50:32.249 | INFO     | __main__:<module>:111 - | epoch : 105 | training done |
2022-01-01 18:50:52.092 | INFO     | __main__:<module>:244 - | epoch : 105 | val done |
2022-01-01 18:52:31.232 | INFO     | __main__:<module>:111 - | epoch : 106 | training done |
2022-01-01 18:52:51.326 | INFO     | __main__:<module>:244 - | epoch : 106 | val done |
2022-01-01 18:54:34.193 | INFO     | __main__:<module>:111 - | epoch : 107 | training done |
2022-01-01 18:54:54.795 | INFO     | __main__:<module>:244 - | epoch : 107 | val done |
2022-01-01 18:56:40.776 | INFO     | __main__:<module>:111 - | epoch : 108 | training done |
2022-01-01 18:57:00.381 | INFO     | __main__:<module>:244 - | epoch : 108 | val done |
2022-01-01 18:58:39.500 | INFO     | __main__:<module>:111 - | epoch : 109 | training done |
2022-01-01 18:58:59.697 | INFO     | __main__:<module>:244 - | epoch : 109 | val done |
2022-01-01 19:00:42.406 | INFO     | __main__:<module>:111 - | epoch : 110 | training done |
2022-01-01 19:01:02.101 | INFO     | __main__:<module>:244 - | epoch : 110 | val done |
2022-01-01 19:02:40.591 | INFO     | __main__:<module>:111 - | epoch : 111 | training done |
2022-01-01 19:03:00.719 | INFO     | __main__:<module>:244 - | epoch : 111 | val done |
2022-01-01 19:04:47.131 | INFO     | __main__:<module>:111 - | epoch : 112 | training done |
2022-01-01 19:05:07.528 | INFO     | __main__:<module>:244 - | epoch : 112 | val done |
2022-01-01 19:06:51.623 | INFO     | __main__:<module>:111 - | epoch : 113 | training done |
2022-01-01 19:07:11.794 | INFO     | __main__:<module>:244 - | epoch : 113 | val done |
2022-01-01 19:08:53.981 | INFO     | __main__:<module>:111 - | epoch : 114 | training done |
2022-01-01 19:09:14.242 | INFO     | __main__:<module>:244 - | epoch : 114 | val done |
2022-01-01 19:10:56.494 | INFO     | __main__:<module>:111 - | epoch : 115 | training done |
2022-01-01 19:11:16.321 | INFO     | __main__:<module>:244 - | epoch : 115 | val done |
2022-01-01 19:12:59.056 | INFO     | __main__:<module>:111 - | epoch : 116 | training done |
2022-01-01 19:13:19.556 | INFO     | __main__:<module>:244 - | epoch : 116 | val done |
2022-01-01 19:15:02.685 | INFO     | __main__:<module>:111 - | epoch : 117 | training done |
2022-01-01 19:15:22.863 | INFO     | __main__:<module>:244 - | epoch : 117 | val done |
2022-01-01 19:17:08.313 | INFO     | __main__:<module>:111 - | epoch : 118 | training done |
2022-01-01 19:17:28.706 | INFO     | __main__:<module>:244 - | epoch : 118 | val done |
2022-01-01 19:19:13.500 | INFO     | __main__:<module>:111 - | epoch : 119 | training done |
2022-01-01 19:19:33.332 | INFO     | __main__:<module>:244 - | epoch : 119 | val done |
2022-01-01 19:21:11.977 | INFO     | __main__:<module>:111 - | epoch : 120 | training done |
2022-01-01 19:21:32.104 | INFO     | __main__:<module>:240 - | epoch : 120 | CVC-300 : 0.9167097115159997 | CVC-ClinicDB : 0.9408257557935077 | CVC-ColonDB : 0.8652706401974357 | ETIS-LaribPolypDB : 0.8134131785383417 | Kvasir : 0.917796545561197 |
2022-01-01 19:21:32.104 | CRITICAL | __main__:<module>:241 - | epoch : 120 | best_val_dice_score : 0.8908031663212963 |
2022-01-01 19:23:16.657 | INFO     | __main__:<module>:111 - | epoch : 121 | training done |
2022-01-01 19:23:37.151 | INFO     | __main__:<module>:244 - | epoch : 121 | val done |
2022-01-01 19:25:19.888 | INFO     | __main__:<module>:111 - | epoch : 122 | training done |
2022-01-01 19:25:40.175 | INFO     | __main__:<module>:244 - | epoch : 122 | val done |
2022-01-01 19:27:26.194 | INFO     | __main__:<module>:111 - | epoch : 123 | training done |
2022-01-01 19:27:47.004 | INFO     | __main__:<module>:244 - | epoch : 123 | val done |
2022-01-01 19:29:31.989 | INFO     | __main__:<module>:111 - | epoch : 124 | training done |
2022-01-01 19:29:51.953 | INFO     | __main__:<module>:244 - | epoch : 124 | val done |
2022-01-01 19:31:30.539 | INFO     | __main__:<module>:111 - | epoch : 125 | training done |
2022-01-01 19:31:50.952 | INFO     | __main__:<module>:240 - | epoch : 125 | CVC-300 : 0.9155821696519766 | CVC-ClinicDB : 0.9347490083649336 | CVC-ColonDB : 0.8537870351173114 | ETIS-LaribPolypDB : 0.8377688699173754 | Kvasir : 0.9183879511670816 |
2022-01-01 19:31:50.952 | CRITICAL | __main__:<module>:241 - | epoch : 125 | best_val_dice_score : 0.8920550068437357 |
2022-01-01 19:33:36.247 | INFO     | __main__:<module>:111 - | epoch : 126 | training done |
2022-01-01 19:33:56.108 | INFO     | __main__:<module>:244 - | epoch : 126 | val done |
2022-01-01 19:35:39.783 | INFO     | __main__:<module>:111 - | epoch : 127 | training done |
2022-01-01 19:35:59.790 | INFO     | __main__:<module>:244 - | epoch : 127 | val done |
2022-01-01 19:37:43.650 | INFO     | __main__:<module>:111 - | epoch : 128 | training done |
2022-01-01 19:38:03.686 | INFO     | __main__:<module>:244 - | epoch : 128 | val done |
2022-01-01 19:39:46.021 | INFO     | __main__:<module>:111 - | epoch : 129 | training done |
2022-01-01 19:40:06.403 | INFO     | __main__:<module>:244 - | epoch : 129 | val done |
2022-01-01 19:41:49.770 | INFO     | __main__:<module>:111 - | epoch : 130 | training done |
2022-01-01 19:42:09.911 | INFO     | __main__:<module>:244 - | epoch : 130 | val done |
2022-01-01 19:43:51.067 | INFO     | __main__:<module>:111 - | epoch : 131 | training done |
2022-01-01 19:44:11.607 | INFO     | __main__:<module>:244 - | epoch : 131 | val done |
2022-01-01 19:45:56.146 | INFO     | __main__:<module>:111 - | epoch : 132 | training done |
2022-01-01 19:46:16.419 | INFO     | __main__:<module>:244 - | epoch : 132 | val done |
2022-01-01 19:48:01.080 | INFO     | __main__:<module>:111 - | epoch : 133 | training done |
2022-01-01 19:48:20.921 | INFO     | __main__:<module>:244 - | epoch : 133 | val done |
2022-01-01 19:49:59.165 | INFO     | __main__:<module>:111 - | epoch : 134 | training done |
2022-01-01 19:50:19.464 | INFO     | __main__:<module>:244 - | epoch : 134 | val done |
2022-01-01 19:51:50.153 | INFO     | __main__:<module>:111 - | epoch : 135 | training done |
2022-01-01 19:52:07.312 | INFO     | __main__:<module>:244 - | epoch : 135 | val done |
2022-01-01 19:53:26.249 | INFO     | __main__:<module>:111 - | epoch : 136 | training done |
2022-01-01 19:53:43.743 | INFO     | __main__:<module>:244 - | epoch : 136 | val done |
2022-01-01 19:55:06.315 | INFO     | __main__:<module>:111 - | epoch : 137 | training done |
2022-01-01 19:55:24.846 | INFO     | __main__:<module>:244 - | epoch : 137 | val done |
2022-01-01 19:56:46.640 | INFO     | __main__:<module>:111 - | epoch : 138 | training done |
2022-01-01 19:57:04.000 | INFO     | __main__:<module>:244 - | epoch : 138 | val done |
2022-01-01 19:58:22.844 | INFO     | __main__:<module>:111 - | epoch : 139 | training done |
2022-01-01 19:58:41.460 | INFO     | __main__:<module>:240 - | epoch : 139 | CVC-300 : 0.9188245502595865 | CVC-ClinicDB : 0.9355591617043552 | CVC-ColonDB : 0.8604437067400218 | ETIS-LaribPolypDB : 0.8379264223408015 | Kvasir : 0.9185180633961602 |
2022-01-01 19:58:41.460 | CRITICAL | __main__:<module>:241 - | epoch : 139 | best_val_dice_score : 0.8942543808881851 |
2022-01-01 20:00:01.670 | INFO     | __main__:<module>:111 - | epoch : 140 | training done |
2022-01-01 20:00:19.807 | INFO     | __main__:<module>:244 - | epoch : 140 | val done |
2022-01-01 20:01:38.678 | INFO     | __main__:<module>:111 - | epoch : 141 | training done |
2022-01-01 20:01:56.420 | INFO     | __main__:<module>:244 - | epoch : 141 | val done |
2022-01-01 20:03:15.673 | INFO     | __main__:<module>:111 - | epoch : 142 | training done |
2022-01-01 20:03:33.714 | INFO     | __main__:<module>:244 - | epoch : 142 | val done |
2022-01-01 20:04:50.689 | INFO     | __main__:<module>:111 - | epoch : 143 | training done |
2022-01-01 20:05:06.932 | INFO     | __main__:<module>:244 - | epoch : 143 | val done |
2022-01-01 20:06:08.586 | INFO     | __main__:<module>:111 - | epoch : 144 | training done |
2022-01-01 20:06:24.624 | INFO     | __main__:<module>:244 - | epoch : 144 | val done |
2022-01-01 20:07:25.486 | INFO     | __main__:<module>:111 - | epoch : 145 | training done |
2022-01-01 20:07:41.916 | INFO     | __main__:<module>:244 - | epoch : 145 | val done |
2022-01-01 20:08:43.138 | INFO     | __main__:<module>:111 - | epoch : 146 | training done |
2022-01-01 20:08:59.439 | INFO     | __main__:<module>:244 - | epoch : 146 | val done |
2022-01-01 20:10:01.270 | INFO     | __main__:<module>:111 - | epoch : 147 | training done |
2022-01-01 20:10:17.562 | INFO     | __main__:<module>:244 - | epoch : 147 | val done |
2022-01-01 20:11:19.651 | INFO     | __main__:<module>:111 - | epoch : 148 | training done |
2022-01-01 20:11:35.850 | INFO     | __main__:<module>:244 - | epoch : 148 | val done |
2022-01-01 20:12:36.366 | INFO     | __main__:<module>:111 - | epoch : 149 | training done |
2022-01-01 20:12:51.222 | INFO     | __main__:<module>:244 - | epoch : 149 | val done |
2022-01-01 20:13:45.357 | INFO     | __main__:<module>:111 - | epoch : 150 | training done |
2022-01-01 20:14:00.324 | INFO     | __main__:<module>:244 - | epoch : 150 | val done |
2022-01-01 20:14:54.641 | INFO     | __main__:<module>:111 - | epoch : 151 | training done |
2022-01-01 20:15:09.589 | INFO     | __main__:<module>:244 - | epoch : 151 | val done |
2022-01-01 20:16:02.970 | INFO     | __main__:<module>:111 - | epoch : 152 | training done |
2022-01-01 20:16:17.953 | INFO     | __main__:<module>:244 - | epoch : 152 | val done |
2022-01-01 20:17:12.714 | INFO     | __main__:<module>:111 - | epoch : 153 | training done |
2022-01-01 20:17:27.554 | INFO     | __main__:<module>:244 - | epoch : 153 | val done |
2022-01-01 20:18:22.217 | INFO     | __main__:<module>:111 - | epoch : 154 | training done |
2022-01-01 20:18:37.160 | INFO     | __main__:<module>:244 - | epoch : 154 | val done |
2022-01-01 20:19:31.774 | INFO     | __main__:<module>:111 - | epoch : 155 | training done |
2022-01-01 20:19:46.728 | INFO     | __main__:<module>:244 - | epoch : 155 | val done |
2022-01-01 20:20:41.055 | INFO     | __main__:<module>:111 - | epoch : 156 | training done |
2022-01-01 20:20:56.016 | INFO     | __main__:<module>:244 - | epoch : 156 | val done |
2022-01-01 20:21:50.660 | INFO     | __main__:<module>:111 - | epoch : 157 | training done |
2022-01-01 20:22:05.653 | INFO     | __main__:<module>:244 - | epoch : 157 | val done |
2022-01-01 20:23:00.183 | INFO     | __main__:<module>:111 - | epoch : 158 | training done |
2022-01-01 20:23:15.173 | INFO     | __main__:<module>:244 - | epoch : 158 | val done |
2022-01-01 20:24:09.638 | INFO     | __main__:<module>:111 - | epoch : 159 | training done |
2022-01-01 20:24:24.552 | INFO     | __main__:<module>:244 - | epoch : 159 | val done |
2022-01-01 20:25:19.112 | INFO     | __main__:<module>:111 - | epoch : 160 | training done |
2022-01-01 20:25:34.094 | INFO     | __main__:<module>:244 - | epoch : 160 | val done |
2022-01-01 20:26:28.467 | INFO     | __main__:<module>:111 - | epoch : 161 | training done |
2022-01-01 20:26:43.398 | INFO     | __main__:<module>:244 - | epoch : 161 | val done |
2022-01-01 20:27:37.597 | INFO     | __main__:<module>:111 - | epoch : 162 | training done |
2022-01-01 20:27:52.527 | INFO     | __main__:<module>:244 - | epoch : 162 | val done |
2022-01-01 20:28:47.142 | INFO     | __main__:<module>:111 - | epoch : 163 | training done |
2022-01-01 20:29:02.187 | INFO     | __main__:<module>:244 - | epoch : 163 | val done |
2022-01-01 20:29:56.623 | INFO     | __main__:<module>:111 - | epoch : 164 | training done |
2022-01-01 20:30:11.529 | INFO     | __main__:<module>:244 - | epoch : 164 | val done |
2022-01-01 20:31:05.981 | INFO     | __main__:<module>:111 - | epoch : 165 | training done |
2022-01-01 20:31:20.962 | INFO     | __main__:<module>:244 - | epoch : 165 | val done |
2022-01-01 20:32:15.600 | INFO     | __main__:<module>:111 - | epoch : 166 | training done |
2022-01-01 20:32:30.535 | INFO     | __main__:<module>:244 - | epoch : 166 | val done |
2022-01-01 20:33:25.013 | INFO     | __main__:<module>:111 - | epoch : 167 | training done |
2022-01-01 20:33:39.884 | INFO     | __main__:<module>:244 - | epoch : 167 | val done |
2022-01-01 20:34:34.680 | INFO     | __main__:<module>:111 - | epoch : 168 | training done |
2022-01-01 20:34:49.731 | INFO     | __main__:<module>:244 - | epoch : 168 | val done |
2022-01-01 20:35:44.078 | INFO     | __main__:<module>:111 - | epoch : 169 | training done |
2022-01-01 20:35:59.070 | INFO     | __main__:<module>:244 - | epoch : 169 | val done |
2022-01-01 20:36:53.800 | INFO     | __main__:<module>:111 - | epoch : 170 | training done |
2022-01-01 20:37:08.773 | INFO     | __main__:<module>:244 - | epoch : 170 | val done |
2022-01-01 20:38:03.334 | INFO     | __main__:<module>:111 - | epoch : 171 | training done |
2022-01-01 20:38:18.362 | INFO     | __main__:<module>:244 - | epoch : 171 | val done |
2022-01-01 20:39:12.376 | INFO     | __main__:<module>:111 - | epoch : 172 | training done |
2022-01-01 20:39:27.256 | INFO     | __main__:<module>:244 - | epoch : 172 | val done |
2022-01-01 20:40:21.718 | INFO     | __main__:<module>:111 - | epoch : 173 | training done |
2022-01-01 20:40:36.653 | INFO     | __main__:<module>:244 - | epoch : 173 | val done |
2022-01-01 20:41:31.236 | INFO     | __main__:<module>:111 - | epoch : 174 | training done |
2022-01-01 20:41:46.095 | INFO     | __main__:<module>:244 - | epoch : 174 | val done |
2022-01-01 20:42:41.517 | INFO     | __main__:<module>:111 - | epoch : 175 | training done |
2022-01-01 20:42:56.497 | INFO     | __main__:<module>:244 - | epoch : 175 | val done |
2022-01-01 20:43:58.920 | INFO     | __main__:<module>:111 - | epoch : 176 | training done |
2022-01-01 20:44:14.507 | INFO     | __main__:<module>:244 - | epoch : 176 | val done |
2022-01-01 20:45:16.541 | INFO     | __main__:<module>:111 - | epoch : 177 | training done |
2022-01-01 20:45:32.133 | INFO     | __main__:<module>:244 - | epoch : 177 | val done |
2022-01-01 20:46:34.177 | INFO     | __main__:<module>:111 - | epoch : 178 | training done |
2022-01-01 20:46:49.917 | INFO     | __main__:<module>:244 - | epoch : 178 | val done |
2022-01-01 20:47:51.802 | INFO     | __main__:<module>:111 - | epoch : 179 | training done |
2022-01-01 20:48:07.679 | INFO     | __main__:<module>:244 - | epoch : 179 | val done |
2022-01-01 20:49:09.352 | INFO     | __main__:<module>:111 - | epoch : 180 | training done |
2022-01-01 20:49:25.248 | INFO     | __main__:<module>:244 - | epoch : 180 | val done |
2022-01-01 20:50:26.859 | INFO     | __main__:<module>:111 - | epoch : 181 | training done |
2022-01-01 20:50:42.631 | INFO     | __main__:<module>:244 - | epoch : 181 | val done |
2022-01-01 20:51:44.412 | INFO     | __main__:<module>:111 - | epoch : 182 | training done |
2022-01-01 20:52:00.158 | INFO     | __main__:<module>:244 - | epoch : 182 | val done |
2022-01-01 20:53:01.822 | INFO     | __main__:<module>:111 - | epoch : 183 | training done |
2022-01-01 20:53:17.471 | INFO     | __main__:<module>:244 - | epoch : 183 | val done |
2022-01-01 20:54:19.090 | INFO     | __main__:<module>:111 - | epoch : 184 | training done |
2022-01-01 20:54:34.702 | INFO     | __main__:<module>:244 - | epoch : 184 | val done |
2022-01-01 20:55:36.480 | INFO     | __main__:<module>:111 - | epoch : 185 | training done |
2022-01-01 20:55:52.330 | INFO     | __main__:<module>:244 - | epoch : 185 | val done |
2022-01-01 20:56:54.343 | INFO     | __main__:<module>:111 - | epoch : 186 | training done |
2022-01-01 20:57:10.108 | INFO     | __main__:<module>:244 - | epoch : 186 | val done |
2022-01-01 20:58:11.777 | INFO     | __main__:<module>:111 - | epoch : 187 | training done |
2022-01-01 20:58:27.527 | INFO     | __main__:<module>:244 - | epoch : 187 | val done |
2022-01-01 20:59:29.323 | INFO     | __main__:<module>:111 - | epoch : 188 | training done |
2022-01-01 20:59:45.132 | INFO     | __main__:<module>:244 - | epoch : 188 | val done |
2022-01-01 21:00:46.631 | INFO     | __main__:<module>:111 - | epoch : 189 | training done |
2022-01-01 21:01:02.384 | INFO     | __main__:<module>:244 - | epoch : 189 | val done |
2022-01-01 21:02:04.163 | INFO     | __main__:<module>:111 - | epoch : 190 | training done |
2022-01-01 21:02:19.925 | INFO     | __main__:<module>:244 - | epoch : 190 | val done |
2022-01-01 21:03:21.812 | INFO     | __main__:<module>:111 - | epoch : 191 | training done |
2022-01-01 21:03:37.417 | INFO     | __main__:<module>:244 - | epoch : 191 | val done |
2022-01-01 21:04:39.293 | INFO     | __main__:<module>:111 - | epoch : 192 | training done |
2022-01-01 21:04:55.135 | INFO     | __main__:<module>:244 - | epoch : 192 | val done |
2022-01-01 21:05:57.030 | INFO     | __main__:<module>:111 - | epoch : 193 | training done |
2022-01-01 21:06:12.869 | INFO     | __main__:<module>:244 - | epoch : 193 | val done |
2022-01-01 21:07:14.894 | INFO     | __main__:<module>:111 - | epoch : 194 | training done |
2022-01-01 21:07:30.656 | INFO     | __main__:<module>:240 - | epoch : 194 | CVC-300 : 0.9207935339855219 | CVC-ClinicDB : 0.9339635246724349 | CVC-ColonDB : 0.8704255527881568 | ETIS-LaribPolypDB : 0.8358017692720258 | Kvasir : 0.924397681243816 |
2022-01-01 21:07:30.657 | CRITICAL | __main__:<module>:241 - | epoch : 194 | best_val_dice_score : 0.897076412392391 |
2022-01-01 21:08:32.550 | INFO     | __main__:<module>:111 - | epoch : 195 | training done |
2022-01-01 21:08:48.441 | INFO     | __main__:<module>:240 - | epoch : 195 | CVC-300 : 0.933001540434164 | CVC-ClinicDB : 0.9576843227865062 | CVC-ColonDB : 0.8672078540958071 | ETIS-LaribPolypDB : 0.8456339195764391 | Kvasir : 0.9131125634853433 |
2022-01-01 21:08:48.441 | CRITICAL | __main__:<module>:241 - | epoch : 195 | best_val_dice_score : 0.9033280400756519 |
2022-01-01 21:09:50.006 | INFO     | __main__:<module>:111 - | epoch : 196 | training done |
2022-01-01 21:10:05.675 | INFO     | __main__:<module>:244 - | epoch : 196 | val done |
2022-01-01 21:11:07.435 | INFO     | __main__:<module>:111 - | epoch : 197 | training done |
2022-01-01 21:11:23.178 | INFO     | __main__:<module>:244 - | epoch : 197 | val done |
2022-01-01 21:12:25.144 | INFO     | __main__:<module>:111 - | epoch : 198 | training done |
2022-01-01 21:12:40.655 | INFO     | __main__:<module>:244 - | epoch : 198 | val done |
2022-01-01 21:13:42.240 | INFO     | __main__:<module>:111 - | epoch : 199 | training done |
2022-01-01 21:13:57.887 | INFO     | __main__:<module>:244 - | epoch : 199 | val done |
