2021-12-31 10:37:56.305 | INFO     | __main__:<module>:83 - | start training .... | current model sct_4 |
2021-12-31 10:39:12.951 | INFO     | __main__:<module>:111 - | epoch : 0 | training done |
2021-12-31 10:39:36.736 | INFO     | __main__:<module>:240 - | epoch : 0 | CVC-300 : 0.49159709643842 | CVC-ClinicDB : 0.4790067035104075 | CVC-ColonDB : 0.4804439221709598 | ETIS-LaribPolypDB : 0.4868796342198189 | Kvasir : 0.45475397511287957 |
2021-12-31 10:39:36.736 | CRITICAL | __main__:<module>:241 - | epoch : 0 | best_val_dice_score : 0.47853626629049717 |
2021-12-31 10:41:05.014 | INFO     | __main__:<module>:111 - | epoch : 1 | training done |
2021-12-31 10:41:28.827 | INFO     | __main__:<module>:240 - | epoch : 1 | CVC-300 : 0.49148210183384056 | CVC-ClinicDB : 0.4831927415215215 | CVC-ColonDB : 0.48378777916583465 | ETIS-LaribPolypDB : 0.4879839908911489 | Kvasir : 0.4612252414022197 |
2021-12-31 10:41:28.827 | CRITICAL | __main__:<module>:241 - | epoch : 1 | best_val_dice_score : 0.48153437096291307 |
2021-12-31 10:42:45.771 | INFO     | __main__:<module>:111 - | epoch : 2 | training done |
2021-12-31 10:43:09.460 | INFO     | __main__:<module>:240 - | epoch : 2 | CVC-300 : 0.5319824783669576 | CVC-ClinicDB : 0.602207291096376 | CVC-ColonDB : 0.5163568514209923 | ETIS-LaribPolypDB : 0.4853271474508758 | Kvasir : 0.46240961363532807 |
2021-12-31 10:43:09.460 | CRITICAL | __main__:<module>:241 - | epoch : 2 | best_val_dice_score : 0.519656676394106 |
2021-12-31 10:44:37.693 | INFO     | __main__:<module>:111 - | epoch : 3 | training done |
2021-12-31 10:45:00.901 | INFO     | __main__:<module>:240 - | epoch : 3 | CVC-300 : 0.5368849105831086 | CVC-ClinicDB : 0.6222075417327801 | CVC-ColonDB : 0.535536576889384 | ETIS-LaribPolypDB : 0.4869963543175662 | Kvasir : 0.45509993475745186 |
2021-12-31 10:45:00.901 | CRITICAL | __main__:<module>:241 - | epoch : 3 | best_val_dice_score : 0.5273450636560583 |
2021-12-31 10:46:20.405 | INFO     | __main__:<module>:111 - | epoch : 4 | training done |
2021-12-31 10:46:44.230 | INFO     | __main__:<module>:240 - | epoch : 4 | CVC-300 : 0.5324683299483394 | CVC-ClinicDB : 0.628960217653605 | CVC-ColonDB : 0.5364223662998514 | ETIS-LaribPolypDB : 0.4865721170101807 | Kvasir : 0.47102905742741685 |
2021-12-31 10:46:44.230 | CRITICAL | __main__:<module>:241 - | epoch : 4 | best_val_dice_score : 0.5310904176678787 |
2021-12-31 10:48:12.650 | INFO     | __main__:<module>:111 - | epoch : 5 | training done |
2021-12-31 10:48:34.129 | INFO     | __main__:<module>:244 - | epoch : 5 | val done |
2021-12-31 10:49:56.831 | INFO     | __main__:<module>:111 - | epoch : 6 | training done |
2021-12-31 10:50:20.603 | INFO     | __main__:<module>:240 - | epoch : 6 | CVC-300 : 0.5371416028646233 | CVC-ClinicDB : 0.6443670834905374 | CVC-ColonDB : 0.5338765916149922 | ETIS-LaribPolypDB : 0.4853988457424122 | Kvasir : 0.4823995593228002 |
2021-12-31 10:50:20.603 | CRITICAL | __main__:<module>:241 - | epoch : 6 | best_val_dice_score : 0.536636736607073 |
2021-12-31 10:51:47.128 | INFO     | __main__:<module>:111 - | epoch : 7 | training done |
2021-12-31 10:52:08.448 | INFO     | __main__:<module>:240 - | epoch : 7 | CVC-300 : 0.5449933319747382 | CVC-ClinicDB : 0.6617974848362561 | CVC-ColonDB : 0.5360514952842311 | ETIS-LaribPolypDB : 0.48646649089286914 | Kvasir : 0.5142247768934464 |
2021-12-31 10:52:08.449 | CRITICAL | __main__:<module>:241 - | epoch : 7 | best_val_dice_score : 0.5487067159763082 |
2021-12-31 10:53:36.890 | INFO     | __main__:<module>:111 - | epoch : 8 | training done |
2021-12-31 10:54:00.566 | INFO     | __main__:<module>:240 - | epoch : 8 | CVC-300 : 0.5603966090809769 | CVC-ClinicDB : 0.6611632956092512 | CVC-ColonDB : 0.5385057299885467 | ETIS-LaribPolypDB : 0.48639413921962044 | Kvasir : 0.5260375738879798 |
2021-12-31 10:54:00.566 | CRITICAL | __main__:<module>:241 - | epoch : 8 | best_val_dice_score : 0.554499469557275 |
2021-12-31 10:55:22.736 | INFO     | __main__:<module>:111 - | epoch : 9 | training done |
2021-12-31 10:55:44.588 | INFO     | __main__:<module>:240 - | epoch : 9 | CVC-300 : 0.5708690176907897 | CVC-ClinicDB : 0.6505090437169829 | CVC-ColonDB : 0.5454102960666833 | ETIS-LaribPolypDB : 0.48614903944429677 | Kvasir : 0.5503762234498144 |
2021-12-31 10:55:44.588 | CRITICAL | __main__:<module>:241 - | epoch : 9 | best_val_dice_score : 0.5606627240737134 |
2021-12-31 10:57:13.195 | INFO     | __main__:<module>:111 - | epoch : 10 | training done |
2021-12-31 10:57:36.856 | INFO     | __main__:<module>:240 - | epoch : 10 | CVC-300 : 0.5602603062201315 | CVC-ClinicDB : 0.6777798376815172 | CVC-ColonDB : 0.5512970699252362 | ETIS-LaribPolypDB : 0.48935523207437537 | Kvasir : 0.5697127430546565 |
2021-12-31 10:57:36.856 | CRITICAL | __main__:<module>:241 - | epoch : 10 | best_val_dice_score : 0.5696810377911834 |
2021-12-31 10:58:54.054 | INFO     | __main__:<module>:111 - | epoch : 11 | training done |
2021-12-31 10:59:17.776 | INFO     | __main__:<module>:240 - | epoch : 11 | CVC-300 : 0.5843269561142294 | CVC-ClinicDB : 0.6668843803180442 | CVC-ColonDB : 0.5557130063491865 | ETIS-LaribPolypDB : 0.4891691690915403 | Kvasir : 0.5997099793034979 |
2021-12-31 10:59:17.782 | CRITICAL | __main__:<module>:241 - | epoch : 11 | best_val_dice_score : 0.5791606982352997 |
2021-12-31 11:00:46.233 | INFO     | __main__:<module>:111 - | epoch : 12 | training done |
2021-12-31 11:01:09.849 | INFO     | __main__:<module>:240 - | epoch : 12 | CVC-300 : 0.5894816279264172 | CVC-ClinicDB : 0.6843711575734295 | CVC-ColonDB : 0.5597064911733188 | ETIS-LaribPolypDB : 0.48983904046467336 | Kvasir : 0.5894313328053185 |
2021-12-31 11:01:09.850 | CRITICAL | __main__:<module>:241 - | epoch : 12 | best_val_dice_score : 0.5825659299886314 |
2021-12-31 11:02:26.923 | INFO     | __main__:<module>:111 - | epoch : 13 | training done |
2021-12-31 11:02:50.435 | INFO     | __main__:<module>:240 - | epoch : 13 | CVC-300 : 0.6043200616243987 | CVC-ClinicDB : 0.6807393924322237 | CVC-ColonDB : 0.5649947287515572 | ETIS-LaribPolypDB : 0.5211450383793629 | Kvasir : 0.5928866458800639 |
2021-12-31 11:02:50.436 | CRITICAL | __main__:<module>:241 - | epoch : 13 | best_val_dice_score : 0.5928171734135214 |
2021-12-31 11:04:18.770 | INFO     | __main__:<module>:111 - | epoch : 14 | training done |
2021-12-31 11:04:42.329 | INFO     | __main__:<module>:240 - | epoch : 14 | CVC-300 : 0.5946943908080263 | CVC-ClinicDB : 0.7027844834447858 | CVC-ColonDB : 0.5571358677147153 | ETIS-LaribPolypDB : 0.5093294118031861 | Kvasir : 0.6117674537107564 |
2021-12-31 11:04:42.329 | CRITICAL | __main__:<module>:241 - | epoch : 14 | best_val_dice_score : 0.595142321496294 |
2021-12-31 11:05:59.512 | INFO     | __main__:<module>:111 - | epoch : 15 | training done |
2021-12-31 11:06:23.302 | INFO     | __main__:<module>:240 - | epoch : 15 | CVC-300 : 0.6059467959072543 | CVC-ClinicDB : 0.714009454053743 | CVC-ColonDB : 0.5737232923857752 | ETIS-LaribPolypDB : 0.5080903843792102 | Kvasir : 0.6336821260161088 |
2021-12-31 11:06:23.302 | CRITICAL | __main__:<module>:241 - | epoch : 15 | best_val_dice_score : 0.6070904105484184 |
2021-12-31 11:07:51.805 | INFO     | __main__:<module>:111 - | epoch : 16 | training done |
2021-12-31 11:08:14.992 | INFO     | __main__:<module>:240 - | epoch : 16 | CVC-300 : 0.6146799121397309 | CVC-ClinicDB : 0.7241379205271893 | CVC-ColonDB : 0.5802811031393099 | ETIS-LaribPolypDB : 0.5110327419397978 | Kvasir : 0.6366476200907056 |
2021-12-31 11:08:14.993 | CRITICAL | __main__:<module>:241 - | epoch : 16 | best_val_dice_score : 0.6133558595673467 |
2021-12-31 11:09:33.896 | INFO     | __main__:<module>:111 - | epoch : 17 | training done |
2021-12-31 11:09:57.400 | INFO     | __main__:<module>:244 - | epoch : 17 | val done |
2021-12-31 11:11:25.355 | INFO     | __main__:<module>:111 - | epoch : 18 | training done |
2021-12-31 11:11:47.412 | INFO     | __main__:<module>:244 - | epoch : 18 | val done |
2021-12-31 11:13:09.737 | INFO     | __main__:<module>:111 - | epoch : 19 | training done |
2021-12-31 11:13:33.522 | INFO     | __main__:<module>:240 - | epoch : 19 | CVC-300 : 0.6168117227182115 | CVC-ClinicDB : 0.7349126956084082 | CVC-ColonDB : 0.610472548319195 | ETIS-LaribPolypDB : 0.5043788737307222 | Kvasir : 0.6400464052804455 |
2021-12-31 11:13:33.522 | CRITICAL | __main__:<module>:241 - | epoch : 19 | best_val_dice_score : 0.6213244491313965 |
2021-12-31 11:15:00.884 | INFO     | __main__:<module>:111 - | epoch : 20 | training done |
2021-12-31 11:15:22.836 | INFO     | __main__:<module>:240 - | epoch : 20 | CVC-300 : 0.6190994662306437 | CVC-ClinicDB : 0.7486561621119684 | CVC-ColonDB : 0.5982905070871792 | ETIS-LaribPolypDB : 0.5307265103108659 | Kvasir : 0.6759116489753334 |
2021-12-31 11:15:22.836 | CRITICAL | __main__:<module>:241 - | epoch : 20 | best_val_dice_score : 0.6345368589431981 |
2021-12-31 11:16:51.323 | INFO     | __main__:<module>:111 - | epoch : 21 | training done |
2021-12-31 11:17:14.902 | INFO     | __main__:<module>:244 - | epoch : 21 | val done |
2021-12-31 11:18:37.032 | INFO     | __main__:<module>:111 - | epoch : 22 | training done |
2021-12-31 11:18:58.982 | INFO     | __main__:<module>:244 - | epoch : 22 | val done |
2021-12-31 11:20:26.940 | INFO     | __main__:<module>:111 - | epoch : 23 | training done |
2021-12-31 11:20:50.521 | INFO     | __main__:<module>:240 - | epoch : 23 | CVC-300 : 0.638381311802964 | CVC-ClinicDB : 0.7522088881233073 | CVC-ColonDB : 0.6030562850371722 | ETIS-LaribPolypDB : 0.5396234822568592 | Kvasir : 0.6494447378021957 |
2021-12-31 11:20:50.521 | CRITICAL | __main__:<module>:241 - | epoch : 23 | best_val_dice_score : 0.6365429410044997 |
2021-12-31 11:22:08.292 | INFO     | __main__:<module>:111 - | epoch : 24 | training done |
2021-12-31 11:22:32.172 | INFO     | __main__:<module>:244 - | epoch : 24 | val done |
2021-12-31 11:24:00.359 | INFO     | __main__:<module>:111 - | epoch : 25 | training done |
2021-12-31 11:24:23.889 | INFO     | __main__:<module>:240 - | epoch : 25 | CVC-300 : 0.6378373800904173 | CVC-ClinicDB : 0.7571062386131366 | CVC-ColonDB : 0.6097047185653319 | ETIS-LaribPolypDB : 0.5421081350141138 | Kvasir : 0.6684677588593723 |
2021-12-31 11:24:23.889 | CRITICAL | __main__:<module>:241 - | epoch : 25 | best_val_dice_score : 0.6430448462284745 |
2021-12-31 11:25:40.917 | INFO     | __main__:<module>:111 - | epoch : 26 | training done |
2021-12-31 11:26:04.572 | INFO     | __main__:<module>:240 - | epoch : 26 | CVC-300 : 0.6479849290776725 | CVC-ClinicDB : 0.7757089620595945 | CVC-ColonDB : 0.6206779309247908 | ETIS-LaribPolypDB : 0.5678032272511085 | Kvasir : 0.6615567209331242 |
2021-12-31 11:26:04.572 | CRITICAL | __main__:<module>:241 - | epoch : 26 | best_val_dice_score : 0.6547463540492582 |
2021-12-31 11:27:32.967 | INFO     | __main__:<module>:111 - | epoch : 27 | training done |
2021-12-31 11:27:56.539 | INFO     | __main__:<module>:244 - | epoch : 27 | val done |
2021-12-31 11:29:12.969 | INFO     | __main__:<module>:111 - | epoch : 28 | training done |
2021-12-31 11:29:36.678 | INFO     | __main__:<module>:244 - | epoch : 28 | val done |
2021-12-31 11:31:04.443 | INFO     | __main__:<module>:111 - | epoch : 29 | training done |
2021-12-31 11:31:28.513 | INFO     | __main__:<module>:244 - | epoch : 29 | val done |
2021-12-31 11:32:45.476 | INFO     | __main__:<module>:111 - | epoch : 30 | training done |
2021-12-31 11:33:08.935 | INFO     | __main__:<module>:240 - | epoch : 30 | CVC-300 : 0.6316413054038343 | CVC-ClinicDB : 0.8095870263940295 | CVC-ColonDB : 0.6121893539752407 | ETIS-LaribPolypDB : 0.5682863181660759 | Kvasir : 0.7304391952090721 |
2021-12-31 11:33:08.935 | CRITICAL | __main__:<module>:241 - | epoch : 30 | best_val_dice_score : 0.6704286398296505 |
2021-12-31 11:34:37.535 | INFO     | __main__:<module>:111 - | epoch : 31 | training done |
2021-12-31 11:34:59.984 | INFO     | __main__:<module>:244 - | epoch : 31 | val done |
2021-12-31 11:36:21.684 | INFO     | __main__:<module>:111 - | epoch : 32 | training done |
2021-12-31 11:36:45.428 | INFO     | __main__:<module>:244 - | epoch : 32 | val done |
2021-12-31 11:38:13.443 | INFO     | __main__:<module>:111 - | epoch : 33 | training done |
2021-12-31 11:38:34.025 | INFO     | __main__:<module>:244 - | epoch : 33 | val done |
2021-12-31 11:39:59.354 | INFO     | __main__:<module>:111 - | epoch : 34 | training done |
2021-12-31 11:40:23.036 | INFO     | __main__:<module>:244 - | epoch : 34 | val done |
2021-12-31 11:41:46.938 | INFO     | __main__:<module>:111 - | epoch : 35 | training done |
2021-12-31 11:42:08.201 | INFO     | __main__:<module>:240 - | epoch : 35 | CVC-300 : 0.6660193423830142 | CVC-ClinicDB : 0.8242167894163612 | CVC-ColonDB : 0.6484154008706741 | ETIS-LaribPolypDB : 0.6122599008471187 | Kvasir : 0.7036922140939716 |
2021-12-31 11:42:08.202 | CRITICAL | __main__:<module>:241 - | epoch : 35 | best_val_dice_score : 0.6909207295222279 |
2021-12-31 11:43:36.499 | INFO     | __main__:<module>:111 - | epoch : 36 | training done |
2021-12-31 11:44:00.133 | INFO     | __main__:<module>:240 - | epoch : 36 | CVC-300 : 0.7033705652712043 | CVC-ClinicDB : 0.8299291313155128 | CVC-ColonDB : 0.6477644320387511 | ETIS-LaribPolypDB : 0.5532672982577383 | Kvasir : 0.7345700007433175 |
2021-12-31 11:44:00.133 | CRITICAL | __main__:<module>:241 - | epoch : 36 | best_val_dice_score : 0.6937802855253048 |
2021-12-31 11:45:19.961 | INFO     | __main__:<module>:111 - | epoch : 37 | training done |
2021-12-31 11:45:43.466 | INFO     | __main__:<module>:244 - | epoch : 37 | val done |
2021-12-31 11:47:11.419 | INFO     | __main__:<module>:111 - | epoch : 38 | training done |
2021-12-31 11:47:35.056 | INFO     | __main__:<module>:240 - | epoch : 38 | CVC-300 : 0.6742704810051502 | CVC-ClinicDB : 0.8386191885853518 | CVC-ColonDB : 0.6487099276056155 | ETIS-LaribPolypDB : 0.6072749990648226 | Kvasir : 0.7425540779032833 |
2021-12-31 11:47:35.056 | CRITICAL | __main__:<module>:241 - | epoch : 38 | best_val_dice_score : 0.7022857348328447 |
2021-12-31 11:48:52.187 | INFO     | __main__:<module>:111 - | epoch : 39 | training done |
2021-12-31 11:49:15.932 | INFO     | __main__:<module>:240 - | epoch : 39 | CVC-300 : 0.6897950271834918 | CVC-ClinicDB : 0.848836150008708 | CVC-ColonDB : 0.652763131433162 | ETIS-LaribPolypDB : 0.6422295563805752 | Kvasir : 0.7211240611674297 |
2021-12-31 11:49:15.932 | CRITICAL | __main__:<module>:241 - | epoch : 39 | best_val_dice_score : 0.7109495852346734 |
2021-12-31 11:50:44.303 | INFO     | __main__:<module>:111 - | epoch : 40 | training done |
2021-12-31 11:51:08.199 | INFO     | __main__:<module>:240 - | epoch : 40 | CVC-300 : 0.7119996022837634 | CVC-ClinicDB : 0.848567291101954 | CVC-ColonDB : 0.6576953945676539 | ETIS-LaribPolypDB : 0.6161462600695223 | Kvasir : 0.7526278606873777 |
2021-12-31 11:51:08.199 | CRITICAL | __main__:<module>:241 - | epoch : 40 | best_val_dice_score : 0.7174072817420543 |
2021-12-31 11:52:25.348 | INFO     | __main__:<module>:111 - | epoch : 41 | training done |
2021-12-31 11:52:49.105 | INFO     | __main__:<module>:240 - | epoch : 41 | CVC-300 : 0.7160710352499766 | CVC-ClinicDB : 0.8652666430729012 | CVC-ColonDB : 0.6513161388811386 | ETIS-LaribPolypDB : 0.6511678296573097 | Kvasir : 0.7640428587949791 |
2021-12-31 11:52:49.105 | CRITICAL | __main__:<module>:241 - | epoch : 41 | best_val_dice_score : 0.729572901131261 |
2021-12-31 11:54:17.429 | INFO     | __main__:<module>:111 - | epoch : 42 | training done |
2021-12-31 11:54:40.952 | INFO     | __main__:<module>:240 - | epoch : 42 | CVC-300 : 0.7007058866019593 | CVC-ClinicDB : 0.86383205673914 | CVC-ColonDB : 0.675896242536692 | ETIS-LaribPolypDB : 0.6546364710009772 | Kvasir : 0.7815265317367825 |
2021-12-31 11:54:40.952 | CRITICAL | __main__:<module>:241 - | epoch : 42 | best_val_dice_score : 0.7353194377231103 |
2021-12-31 11:55:57.792 | INFO     | __main__:<module>:111 - | epoch : 43 | training done |
2021-12-31 11:56:21.509 | INFO     | __main__:<module>:240 - | epoch : 43 | CVC-300 : 0.7302831487708665 | CVC-ClinicDB : 0.8556644022524522 | CVC-ColonDB : 0.6748983187273737 | ETIS-LaribPolypDB : 0.6676616409296702 | Kvasir : 0.7564431415642859 |
2021-12-31 11:56:21.509 | CRITICAL | __main__:<module>:241 - | epoch : 43 | best_val_dice_score : 0.7369901304489297 |
2021-12-31 11:57:50.056 | INFO     | __main__:<module>:111 - | epoch : 44 | training done |
2021-12-31 11:58:12.934 | INFO     | __main__:<module>:244 - | epoch : 44 | val done |
2021-12-31 11:59:34.202 | INFO     | __main__:<module>:111 - | epoch : 45 | training done |
2021-12-31 11:59:58.141 | INFO     | __main__:<module>:244 - | epoch : 45 | val done |
2021-12-31 12:01:26.306 | INFO     | __main__:<module>:111 - | epoch : 46 | training done |
2021-12-31 12:01:48.506 | INFO     | __main__:<module>:244 - | epoch : 46 | val done |
2021-12-31 12:03:14.004 | INFO     | __main__:<module>:111 - | epoch : 47 | training done |
2021-12-31 12:03:37.877 | INFO     | __main__:<module>:244 - | epoch : 47 | val done |
2021-12-31 12:05:01.437 | INFO     | __main__:<module>:111 - | epoch : 48 | training done |
2021-12-31 12:05:23.472 | INFO     | __main__:<module>:240 - | epoch : 48 | CVC-300 : 0.7003388035370921 | CVC-ClinicDB : 0.8832451497227451 | CVC-ColonDB : 0.676429319920695 | ETIS-LaribPolypDB : 0.6666294790732488 | Kvasir : 0.7636626381269075 |
2021-12-31 12:05:23.472 | CRITICAL | __main__:<module>:241 - | epoch : 48 | best_val_dice_score : 0.7380610780761377 |
2021-12-31 12:06:52.011 | INFO     | __main__:<module>:111 - | epoch : 49 | training done |
2021-12-31 12:07:15.560 | INFO     | __main__:<module>:244 - | epoch : 49 | val done |
2021-12-31 12:08:34.761 | INFO     | __main__:<module>:111 - | epoch : 50 | training done |
2021-12-31 12:08:58.224 | INFO     | __main__:<module>:240 - | epoch : 50 | CVC-300 : 0.7196533324855126 | CVC-ClinicDB : 0.8776680748924326 | CVC-ColonDB : 0.6629663855920319 | ETIS-LaribPolypDB : 0.6563504333831539 | Kvasir : 0.8064147932319785 |
2021-12-31 12:08:58.225 | CRITICAL | __main__:<module>:241 - | epoch : 50 | best_val_dice_score : 0.7446106039170219 |
2021-12-31 12:10:26.704 | INFO     | __main__:<module>:111 - | epoch : 51 | training done |
2021-12-31 12:10:50.455 | INFO     | __main__:<module>:244 - | epoch : 51 | val done |
2021-12-31 12:12:07.382 | INFO     | __main__:<module>:111 - | epoch : 52 | training done |
2021-12-31 12:12:31.054 | INFO     | __main__:<module>:240 - | epoch : 52 | CVC-300 : 0.7609122375389381 | CVC-ClinicDB : 0.8875252068739137 | CVC-ColonDB : 0.6775740536683857 | ETIS-LaribPolypDB : 0.6386231391644398 | Kvasir : 0.7877287856183244 |
2021-12-31 12:12:31.054 | CRITICAL | __main__:<module>:241 - | epoch : 52 | best_val_dice_score : 0.7504726845728003 |
2021-12-31 12:13:59.484 | INFO     | __main__:<module>:111 - | epoch : 53 | training done |
2021-12-31 12:14:23.129 | INFO     | __main__:<module>:244 - | epoch : 53 | val done |
2021-12-31 12:15:39.800 | INFO     | __main__:<module>:111 - | epoch : 54 | training done |
2021-12-31 12:16:03.593 | INFO     | __main__:<module>:240 - | epoch : 54 | CVC-300 : 0.7587432378439565 | CVC-ClinicDB : 0.8848968079976922 | CVC-ColonDB : 0.6962174913285283 | ETIS-LaribPolypDB : 0.6614135769714176 | Kvasir : 0.807353893713488 |
2021-12-31 12:16:03.593 | CRITICAL | __main__:<module>:241 - | epoch : 54 | best_val_dice_score : 0.7617250015710166 |
2021-12-31 12:17:31.932 | INFO     | __main__:<module>:111 - | epoch : 55 | training done |
2021-12-31 12:17:55.524 | INFO     | __main__:<module>:240 - | epoch : 55 | CVC-300 : 0.7395474169264495 | CVC-ClinicDB : 0.8861530062041386 | CVC-ColonDB : 0.708099650987096 | ETIS-LaribPolypDB : 0.6865355955789397 | Kvasir : 0.7898421609996147 |
2021-12-31 12:17:55.525 | CRITICAL | __main__:<module>:241 - | epoch : 55 | best_val_dice_score : 0.7620355661392477 |
2021-12-31 12:19:12.739 | INFO     | __main__:<module>:111 - | epoch : 56 | training done |
2021-12-31 12:19:36.599 | INFO     | __main__:<module>:244 - | epoch : 56 | val done |
2021-12-31 12:21:04.664 | INFO     | __main__:<module>:111 - | epoch : 57 | training done |
2021-12-31 12:21:27.234 | INFO     | __main__:<module>:240 - | epoch : 57 | CVC-300 : 0.7638381141397477 | CVC-ClinicDB : 0.9030391574879199 | CVC-ColonDB : 0.7156104050825939 | ETIS-LaribPolypDB : 0.6677204986609647 | Kvasir : 0.8298453034027186 |
2021-12-31 12:21:27.235 | CRITICAL | __main__:<module>:241 - | epoch : 57 | best_val_dice_score : 0.776010695754789 |
2021-12-31 12:22:48.709 | INFO     | __main__:<module>:111 - | epoch : 58 | training done |
2021-12-31 12:23:12.403 | INFO     | __main__:<module>:244 - | epoch : 58 | val done |
2021-12-31 12:24:40.382 | INFO     | __main__:<module>:111 - | epoch : 59 | training done |
2021-12-31 12:25:01.414 | INFO     | __main__:<module>:244 - | epoch : 59 | val done |
2021-12-31 12:26:26.458 | INFO     | __main__:<module>:111 - | epoch : 60 | training done |
2021-12-31 12:26:50.388 | INFO     | __main__:<module>:244 - | epoch : 60 | val done |
2021-12-31 12:28:14.608 | INFO     | __main__:<module>:111 - | epoch : 61 | training done |
2021-12-31 12:28:35.870 | INFO     | __main__:<module>:244 - | epoch : 61 | val done |
2021-12-31 12:30:04.009 | INFO     | __main__:<module>:111 - | epoch : 62 | training done |
2021-12-31 12:30:27.998 | INFO     | __main__:<module>:240 - | epoch : 62 | CVC-300 : 0.7618034643368262 | CVC-ClinicDB : 0.8893805807057586 | CVC-ColonDB : 0.7310265899362646 | ETIS-LaribPolypDB : 0.7070832010035067 | Kvasir : 0.791257745232305 |
2021-12-31 12:30:27.998 | CRITICAL | __main__:<module>:241 - | epoch : 62 | best_val_dice_score : 0.7761103162429323 |
2021-12-31 12:31:48.101 | INFO     | __main__:<module>:111 - | epoch : 63 | training done |
2021-12-31 12:32:11.574 | INFO     | __main__:<module>:244 - | epoch : 63 | val done |
2021-12-31 12:33:39.479 | INFO     | __main__:<module>:111 - | epoch : 64 | training done |
2021-12-31 12:34:03.187 | INFO     | __main__:<module>:240 - | epoch : 64 | CVC-300 : 0.8013052238620729 | CVC-ClinicDB : 0.8921992609745409 | CVC-ColonDB : 0.745064370984604 | ETIS-LaribPolypDB : 0.6879041785460646 | Kvasir : 0.8284780350847629 |
2021-12-31 12:34:03.187 | CRITICAL | __main__:<module>:241 - | epoch : 64 | best_val_dice_score : 0.790990213890409 |
2021-12-31 12:35:20.141 | INFO     | __main__:<module>:111 - | epoch : 65 | training done |
2021-12-31 12:35:43.868 | INFO     | __main__:<module>:244 - | epoch : 65 | val done |
2021-12-31 12:37:11.764 | INFO     | __main__:<module>:111 - | epoch : 66 | training done |
2021-12-31 12:37:35.428 | INFO     | __main__:<module>:244 - | epoch : 66 | val done |
2021-12-31 12:38:51.736 | INFO     | __main__:<module>:111 - | epoch : 67 | training done |
2021-12-31 12:39:15.543 | INFO     | __main__:<module>:244 - | epoch : 67 | val done |
2021-12-31 12:40:43.553 | INFO     | __main__:<module>:111 - | epoch : 68 | training done |
2021-12-31 12:41:07.084 | INFO     | __main__:<module>:244 - | epoch : 68 | val done |
2021-12-31 12:42:23.738 | INFO     | __main__:<module>:111 - | epoch : 69 | training done |
2021-12-31 12:42:47.421 | INFO     | __main__:<module>:244 - | epoch : 69 | val done |
2021-12-31 12:44:15.586 | INFO     | __main__:<module>:111 - | epoch : 70 | training done |
2021-12-31 12:44:38.875 | INFO     | __main__:<module>:244 - | epoch : 70 | val done |
2021-12-31 12:45:58.298 | INFO     | __main__:<module>:111 - | epoch : 71 | training done |
2021-12-31 12:46:22.014 | INFO     | __main__:<module>:244 - | epoch : 71 | val done |
2021-12-31 12:47:50.148 | INFO     | __main__:<module>:111 - | epoch : 72 | training done |
2021-12-31 12:48:11.757 | INFO     | __main__:<module>:244 - | epoch : 72 | val done |
2021-12-31 12:49:35.337 | INFO     | __main__:<module>:111 - | epoch : 73 | training done |
2021-12-31 12:49:58.976 | INFO     | __main__:<module>:244 - | epoch : 73 | val done |
2021-12-31 12:51:24.835 | INFO     | __main__:<module>:111 - | epoch : 74 | training done |
2021-12-31 12:51:46.455 | INFO     | __main__:<module>:244 - | epoch : 74 | val done |
2021-12-31 12:53:14.466 | INFO     | __main__:<module>:111 - | epoch : 75 | training done |
2021-12-31 12:53:38.171 | INFO     | __main__:<module>:244 - | epoch : 75 | val done |
2021-12-31 12:55:00.060 | INFO     | __main__:<module>:111 - | epoch : 76 | training done |
2021-12-31 12:55:21.769 | INFO     | __main__:<module>:244 - | epoch : 76 | val done |
2021-12-31 12:56:49.917 | INFO     | __main__:<module>:111 - | epoch : 77 | training done |
2021-12-31 12:57:13.751 | INFO     | __main__:<module>:244 - | epoch : 77 | val done |
2021-12-31 12:58:30.691 | INFO     | __main__:<module>:111 - | epoch : 78 | training done |
2021-12-31 12:58:54.431 | INFO     | __main__:<module>:244 - | epoch : 78 | val done |
2021-12-31 13:00:22.479 | INFO     | __main__:<module>:111 - | epoch : 79 | training done |
2021-12-31 13:00:46.098 | INFO     | __main__:<module>:244 - | epoch : 79 | val done |
2021-12-31 13:02:02.562 | INFO     | __main__:<module>:111 - | epoch : 80 | training done |
2021-12-31 13:02:26.533 | INFO     | __main__:<module>:244 - | epoch : 80 | val done |
2021-12-31 13:03:54.542 | INFO     | __main__:<module>:111 - | epoch : 81 | training done |
2021-12-31 13:04:18.310 | INFO     | __main__:<module>:240 - | epoch : 81 | CVC-300 : 0.814493745357486 | CVC-ClinicDB : 0.9161514367489458 | CVC-ColonDB : 0.7523822661589215 | ETIS-LaribPolypDB : 0.6949835186895899 | Kvasir : 0.8278207459801897 |
2021-12-31 13:04:18.310 | CRITICAL | __main__:<module>:241 - | epoch : 81 | best_val_dice_score : 0.8011663425870266 |
2021-12-31 13:05:35.547 | INFO     | __main__:<module>:111 - | epoch : 82 | training done |
2021-12-31 13:05:59.173 | INFO     | __main__:<module>:244 - | epoch : 82 | val done |
2021-12-31 13:07:27.239 | INFO     | __main__:<module>:111 - | epoch : 83 | training done |
2021-12-31 13:07:50.826 | INFO     | __main__:<module>:240 - | epoch : 83 | CVC-300 : 0.8048476680006147 | CVC-ClinicDB : 0.914685109571735 | CVC-ColonDB : 0.7485990150813399 | ETIS-LaribPolypDB : 0.7296954558561619 | Kvasir : 0.8399905299763288 |
2021-12-31 13:07:50.826 | CRITICAL | __main__:<module>:241 - | epoch : 83 | best_val_dice_score : 0.807563555697236 |
2021-12-31 13:09:09.004 | INFO     | __main__:<module>:111 - | epoch : 84 | training done |
2021-12-31 13:09:32.740 | INFO     | __main__:<module>:244 - | epoch : 84 | val done |
2021-12-31 13:11:00.673 | INFO     | __main__:<module>:111 - | epoch : 85 | training done |
2021-12-31 13:11:23.329 | INFO     | __main__:<module>:244 - | epoch : 85 | val done |
2021-12-31 13:12:45.493 | INFO     | __main__:<module>:111 - | epoch : 86 | training done |
2021-12-31 13:13:09.290 | INFO     | __main__:<module>:244 - | epoch : 86 | val done |
2021-12-31 13:14:36.972 | INFO     | __main__:<module>:111 - | epoch : 87 | training done |
2021-12-31 13:14:58.042 | INFO     | __main__:<module>:240 - | epoch : 87 | CVC-300 : 0.8064670645955054 | CVC-ClinicDB : 0.9309480253678104 | CVC-ColonDB : 0.7492721645995924 | ETIS-LaribPolypDB : 0.7283913070193339 | Kvasir : 0.8317734168902942 |
2021-12-31 13:14:58.042 | CRITICAL | __main__:<module>:241 - | epoch : 87 | best_val_dice_score : 0.8093703956945072 |
2021-12-31 13:16:25.437 | INFO     | __main__:<module>:111 - | epoch : 88 | training done |
2021-12-31 13:16:49.299 | INFO     | __main__:<module>:244 - | epoch : 88 | val done |
2021-12-31 13:18:12.097 | INFO     | __main__:<module>:111 - | epoch : 89 | training done |
2021-12-31 13:18:34.204 | INFO     | __main__:<module>:244 - | epoch : 89 | val done |
2021-12-31 13:20:02.254 | INFO     | __main__:<module>:111 - | epoch : 90 | training done |
2021-12-31 13:20:25.947 | INFO     | __main__:<module>:244 - | epoch : 90 | val done |
2021-12-31 13:21:44.174 | INFO     | __main__:<module>:111 - | epoch : 91 | training done |
2021-12-31 13:22:07.733 | INFO     | __main__:<module>:244 - | epoch : 91 | val done |
2021-12-31 13:23:35.754 | INFO     | __main__:<module>:111 - | epoch : 92 | training done |
2021-12-31 13:23:59.517 | INFO     | __main__:<module>:244 - | epoch : 92 | val done |
2021-12-31 13:25:16.215 | INFO     | __main__:<module>:111 - | epoch : 93 | training done |
2021-12-31 13:25:39.891 | INFO     | __main__:<module>:244 - | epoch : 93 | val done |
2021-12-31 13:27:07.803 | INFO     | __main__:<module>:111 - | epoch : 94 | training done |
2021-12-31 13:27:31.645 | INFO     | __main__:<module>:244 - | epoch : 94 | val done |
2021-12-31 13:28:48.236 | INFO     | __main__:<module>:111 - | epoch : 95 | training done |
2021-12-31 13:29:11.927 | INFO     | __main__:<module>:244 - | epoch : 95 | val done |
2021-12-31 13:30:40.223 | INFO     | __main__:<module>:111 - | epoch : 96 | training done |
2021-12-31 13:31:04.028 | INFO     | __main__:<module>:240 - | epoch : 96 | CVC-300 : 0.807688131787371 | CVC-ClinicDB : 0.9238963554779615 | CVC-ColonDB : 0.7564228925656935 | ETIS-LaribPolypDB : 0.7459030833836257 | Kvasir : 0.8544141562127845 |
2021-12-31 13:31:04.028 | CRITICAL | __main__:<module>:241 - | epoch : 96 | best_val_dice_score : 0.8176649238854872 |
2021-12-31 13:32:21.133 | INFO     | __main__:<module>:111 - | epoch : 97 | training done |
2021-12-31 13:32:44.786 | INFO     | __main__:<module>:244 - | epoch : 97 | val done |
2021-12-31 13:34:12.664 | INFO     | __main__:<module>:111 - | epoch : 98 | training done |
2021-12-31 13:34:34.732 | INFO     | __main__:<module>:244 - | epoch : 98 | val done |
2021-12-31 13:35:55.382 | INFO     | __main__:<module>:111 - | epoch : 99 | training done |
2021-12-31 13:36:19.222 | INFO     | __main__:<module>:244 - | epoch : 99 | val done |
2021-12-31 13:37:47.275 | INFO     | __main__:<module>:111 - | epoch : 100 | training done |
2021-12-31 13:38:08.065 | INFO     | __main__:<module>:244 - | epoch : 100 | val done |
2021-12-31 13:39:32.964 | INFO     | __main__:<module>:111 - | epoch : 101 | training done |
2021-12-31 13:39:56.794 | INFO     | __main__:<module>:244 - | epoch : 101 | val done |
2021-12-31 13:41:21.639 | INFO     | __main__:<module>:111 - | epoch : 102 | training done |
2021-12-31 13:41:43.039 | INFO     | __main__:<module>:244 - | epoch : 102 | val done |
2021-12-31 13:43:11.001 | INFO     | __main__:<module>:111 - | epoch : 103 | training done |
2021-12-31 13:43:34.733 | INFO     | __main__:<module>:244 - | epoch : 103 | val done |
2021-12-31 13:44:55.334 | INFO     | __main__:<module>:111 - | epoch : 104 | training done |
2021-12-31 13:45:18.006 | INFO     | __main__:<module>:240 - | epoch : 104 | CVC-300 : 0.8195686167665017 | CVC-ClinicDB : 0.9318782669929129 | CVC-ColonDB : 0.7708495277610122 | ETIS-LaribPolypDB : 0.7414819127769656 | Kvasir : 0.8396233438013904 |
2021-12-31 13:45:18.006 | CRITICAL | __main__:<module>:241 - | epoch : 104 | best_val_dice_score : 0.8206803336197567 |
2021-12-31 13:46:46.406 | INFO     | __main__:<module>:111 - | epoch : 105 | training done |
2021-12-31 13:47:10.173 | INFO     | __main__:<module>:240 - | epoch : 105 | CVC-300 : 0.826139815076874 | CVC-ClinicDB : 0.9272044152367571 | CVC-ColonDB : 0.7507037252163201 | ETIS-LaribPolypDB : 0.7496016646652482 | Kvasir : 0.8518208531748083 |
2021-12-31 13:47:10.173 | CRITICAL | __main__:<module>:241 - | epoch : 105 | best_val_dice_score : 0.8210940946740015 |
2021-12-31 13:48:27.492 | INFO     | __main__:<module>:111 - | epoch : 106 | training done |
2021-12-31 13:48:51.144 | INFO     | __main__:<module>:244 - | epoch : 106 | val done |
2021-12-31 13:50:19.177 | INFO     | __main__:<module>:111 - | epoch : 107 | training done |
2021-12-31 13:50:43.067 | INFO     | __main__:<module>:244 - | epoch : 107 | val done |
2021-12-31 13:51:59.990 | INFO     | __main__:<module>:111 - | epoch : 108 | training done |
2021-12-31 13:52:23.779 | INFO     | __main__:<module>:244 - | epoch : 108 | val done |
2021-12-31 13:53:51.797 | INFO     | __main__:<module>:111 - | epoch : 109 | training done |
2021-12-31 13:54:15.364 | INFO     | __main__:<module>:244 - | epoch : 109 | val done |
2021-12-31 13:55:32.013 | INFO     | __main__:<module>:111 - | epoch : 110 | training done |
2021-12-31 13:55:55.714 | INFO     | __main__:<module>:244 - | epoch : 110 | val done |
2021-12-31 13:57:23.400 | INFO     | __main__:<module>:111 - | epoch : 111 | training done |
2021-12-31 13:57:46.545 | INFO     | __main__:<module>:240 - | epoch : 111 | CVC-300 : 0.8023090513144692 | CVC-ClinicDB : 0.9169535826186869 | CVC-ColonDB : 0.7648600212106151 | ETIS-LaribPolypDB : 0.7635257316238026 | Kvasir : 0.863994355886192 |
2021-12-31 13:57:46.545 | CRITICAL | __main__:<module>:241 - | epoch : 111 | best_val_dice_score : 0.8223285485307532 |
2021-12-31 13:59:05.869 | INFO     | __main__:<module>:111 - | epoch : 112 | training done |
2021-12-31 13:59:29.683 | INFO     | __main__:<module>:244 - | epoch : 112 | val done |
2021-12-31 14:00:57.695 | INFO     | __main__:<module>:111 - | epoch : 113 | training done |
2021-12-31 14:01:19.334 | INFO     | __main__:<module>:244 - | epoch : 113 | val done |
2021-12-31 14:02:42.108 | INFO     | __main__:<module>:111 - | epoch : 114 | training done |
2021-12-31 14:03:05.701 | INFO     | __main__:<module>:240 - | epoch : 114 | CVC-300 : 0.8518331051994508 | CVC-ClinicDB : 0.9369283079105853 | CVC-ColonDB : 0.7670870916238525 | ETIS-LaribPolypDB : 0.7670783827417267 | Kvasir : 0.8166687547127958 |
2021-12-31 14:03:05.702 | CRITICAL | __main__:<module>:241 - | epoch : 114 | best_val_dice_score : 0.8279191284376821 |
2021-12-31 14:04:32.798 | INFO     | __main__:<module>:111 - | epoch : 115 | training done |
2021-12-31 14:04:54.386 | INFO     | __main__:<module>:244 - | epoch : 115 | val done |
2021-12-31 14:06:22.002 | INFO     | __main__:<module>:111 - | epoch : 116 | training done |
2021-12-31 14:06:45.887 | INFO     | __main__:<module>:244 - | epoch : 116 | val done |
2021-12-31 14:08:08.080 | INFO     | __main__:<module>:111 - | epoch : 117 | training done |
2021-12-31 14:08:30.223 | INFO     | __main__:<module>:240 - | epoch : 117 | CVC-300 : 0.8314794589039609 | CVC-ClinicDB : 0.9357758036998244 | CVC-ColonDB : 0.768799708051076 | ETIS-LaribPolypDB : 0.7750916387993412 | Kvasir : 0.8368481693658698 |
2021-12-31 14:08:30.224 | CRITICAL | __main__:<module>:241 - | epoch : 117 | best_val_dice_score : 0.8295989557640144 |
2021-12-31 14:09:58.859 | INFO     | __main__:<module>:111 - | epoch : 118 | training done |
2021-12-31 14:10:22.597 | INFO     | __main__:<module>:244 - | epoch : 118 | val done |
2021-12-31 14:11:39.977 | INFO     | __main__:<module>:111 - | epoch : 119 | training done |
2021-12-31 14:12:03.406 | INFO     | __main__:<module>:244 - | epoch : 119 | val done |
2021-12-31 14:13:31.247 | INFO     | __main__:<module>:111 - | epoch : 120 | training done |
2021-12-31 14:13:55.228 | INFO     | __main__:<module>:244 - | epoch : 120 | val done |
2021-12-31 14:15:12.052 | INFO     | __main__:<module>:111 - | epoch : 121 | training done |
2021-12-31 14:15:35.783 | INFO     | __main__:<module>:244 - | epoch : 121 | val done |
2021-12-31 14:17:03.753 | INFO     | __main__:<module>:111 - | epoch : 122 | training done |
2021-12-31 14:17:27.495 | INFO     | __main__:<module>:244 - | epoch : 122 | val done |
2021-12-31 14:18:44.123 | INFO     | __main__:<module>:111 - | epoch : 123 | training done |
2021-12-31 14:19:07.873 | INFO     | __main__:<module>:244 - | epoch : 123 | val done |
2021-12-31 14:20:35.867 | INFO     | __main__:<module>:111 - | epoch : 124 | training done |
2021-12-31 14:20:59.542 | INFO     | __main__:<module>:244 - | epoch : 124 | val done |
2021-12-31 14:22:16.252 | INFO     | __main__:<module>:111 - | epoch : 125 | training done |
2021-12-31 14:22:39.827 | INFO     | __main__:<module>:244 - | epoch : 125 | val done |
2021-12-31 14:24:07.951 | INFO     | __main__:<module>:111 - | epoch : 126 | training done |
2021-12-31 14:24:30.833 | INFO     | __main__:<module>:244 - | epoch : 126 | val done |
2021-12-31 14:25:52.057 | INFO     | __main__:<module>:111 - | epoch : 127 | training done |
2021-12-31 14:26:15.714 | INFO     | __main__:<module>:244 - | epoch : 127 | val done |
2021-12-31 14:27:43.830 | INFO     | __main__:<module>:111 - | epoch : 128 | training done |
2021-12-31 14:28:05.209 | INFO     | __main__:<module>:244 - | epoch : 128 | val done |
2021-12-31 14:29:30.613 | INFO     | __main__:<module>:111 - | epoch : 129 | training done |
2021-12-31 14:29:54.294 | INFO     | __main__:<module>:244 - | epoch : 129 | val done |
2021-12-31 14:31:18.429 | INFO     | __main__:<module>:111 - | epoch : 130 | training done |
2021-12-31 14:31:39.863 | INFO     | __main__:<module>:240 - | epoch : 130 | CVC-300 : 0.8251757228678718 | CVC-ClinicDB : 0.9423411023444571 | CVC-ColonDB : 0.783554957918311 | ETIS-LaribPolypDB : 0.7328130027512575 | Kvasir : 0.8668277480752359 |
2021-12-31 14:31:39.864 | CRITICAL | __main__:<module>:241 - | epoch : 130 | best_val_dice_score : 0.8301425067914266 |
2021-12-31 14:33:08.541 | INFO     | __main__:<module>:111 - | epoch : 131 | training done |
2021-12-31 14:33:32.321 | INFO     | __main__:<module>:240 - | epoch : 131 | CVC-300 : 0.8401101920842857 | CVC-ClinicDB : 0.9392683629436958 | CVC-ColonDB : 0.7796377091097272 | ETIS-LaribPolypDB : 0.7647467497375359 | Kvasir : 0.8496341130759691 |
2021-12-31 14:33:32.321 | CRITICAL | __main__:<module>:241 - | epoch : 131 | best_val_dice_score : 0.8346794253902428 |
2021-12-31 14:34:52.424 | INFO     | __main__:<module>:111 - | epoch : 132 | training done |
2021-12-31 14:35:15.820 | INFO     | __main__:<module>:244 - | epoch : 132 | val done |
2021-12-31 14:36:43.846 | INFO     | __main__:<module>:111 - | epoch : 133 | training done |
2021-12-31 14:37:07.396 | INFO     | __main__:<module>:244 - | epoch : 133 | val done |
2021-12-31 14:38:24.160 | INFO     | __main__:<module>:111 - | epoch : 134 | training done |
2021-12-31 14:38:47.799 | INFO     | __main__:<module>:244 - | epoch : 134 | val done |
2021-12-31 14:40:16.064 | INFO     | __main__:<module>:111 - | epoch : 135 | training done |
2021-12-31 14:40:39.610 | INFO     | __main__:<module>:244 - | epoch : 135 | val done |
2021-12-31 14:41:56.435 | INFO     | __main__:<module>:111 - | epoch : 136 | training done |
2021-12-31 14:42:20.097 | INFO     | __main__:<module>:240 - | epoch : 136 | CVC-300 : 0.8348679950974891 | CVC-ClinicDB : 0.9382162026248553 | CVC-ColonDB : 0.7892189021521454 | ETIS-LaribPolypDB : 0.7453901519391667 | Kvasir : 0.8761636056017734 |
2021-12-31 14:42:20.097 | CRITICAL | __main__:<module>:241 - | epoch : 136 | best_val_dice_score : 0.836771371483086 |
2021-12-31 14:43:48.715 | INFO     | __main__:<module>:111 - | epoch : 137 | training done |
2021-12-31 14:44:12.385 | INFO     | __main__:<module>:244 - | epoch : 137 | val done |
2021-12-31 14:45:29.337 | INFO     | __main__:<module>:111 - | epoch : 138 | training done |
2021-12-31 14:45:53.020 | INFO     | __main__:<module>:244 - | epoch : 138 | val done |
2021-12-31 14:47:21.114 | INFO     | __main__:<module>:111 - | epoch : 139 | training done |
2021-12-31 14:47:43.876 | INFO     | __main__:<module>:244 - | epoch : 139 | val done |
2021-12-31 14:49:04.241 | INFO     | __main__:<module>:111 - | epoch : 140 | training done |
2021-12-31 14:49:28.053 | INFO     | __main__:<module>:244 - | epoch : 140 | val done |
2021-12-31 14:50:56.065 | INFO     | __main__:<module>:111 - | epoch : 141 | training done |
2021-12-31 14:51:17.150 | INFO     | __main__:<module>:244 - | epoch : 141 | val done |
2021-12-31 14:52:41.682 | INFO     | __main__:<module>:111 - | epoch : 142 | training done |
2021-12-31 14:53:05.190 | INFO     | __main__:<module>:244 - | epoch : 142 | val done |
2021-12-31 14:54:30.543 | INFO     | __main__:<module>:111 - | epoch : 143 | training done |
2021-12-31 14:54:51.800 | INFO     | __main__:<module>:244 - | epoch : 143 | val done |
2021-12-31 14:56:19.954 | INFO     | __main__:<module>:111 - | epoch : 144 | training done |
2021-12-31 14:56:43.700 | INFO     | __main__:<module>:244 - | epoch : 144 | val done |
2021-12-31 14:58:04.574 | INFO     | __main__:<module>:111 - | epoch : 145 | training done |
2021-12-31 14:58:27.324 | INFO     | __main__:<module>:244 - | epoch : 145 | val done |
2021-12-31 14:59:55.400 | INFO     | __main__:<module>:111 - | epoch : 146 | training done |
2021-12-31 15:00:19.286 | INFO     | __main__:<module>:244 - | epoch : 146 | val done |
2021-12-31 15:01:36.059 | INFO     | __main__:<module>:111 - | epoch : 147 | training done |
2021-12-31 15:01:59.718 | INFO     | __main__:<module>:244 - | epoch : 147 | val done |
2021-12-31 15:03:27.722 | INFO     | __main__:<module>:111 - | epoch : 148 | training done |
2021-12-31 15:03:51.521 | INFO     | __main__:<module>:244 - | epoch : 148 | val done |
2021-12-31 15:05:08.153 | INFO     | __main__:<module>:111 - | epoch : 149 | training done |
2021-12-31 15:05:32.149 | INFO     | __main__:<module>:244 - | epoch : 149 | val done |
2021-12-31 15:07:00.199 | INFO     | __main__:<module>:111 - | epoch : 150 | training done |
2021-12-31 15:07:23.796 | INFO     | __main__:<module>:244 - | epoch : 150 | val done |
2021-12-31 15:08:40.389 | INFO     | __main__:<module>:111 - | epoch : 151 | training done |
2021-12-31 15:09:04.163 | INFO     | __main__:<module>:244 - | epoch : 151 | val done |
2021-12-31 15:10:32.308 | INFO     | __main__:<module>:111 - | epoch : 152 | training done |
2021-12-31 15:10:55.921 | INFO     | __main__:<module>:244 - | epoch : 152 | val done |
2021-12-31 15:12:13.741 | INFO     | __main__:<module>:111 - | epoch : 153 | training done |
2021-12-31 15:12:37.515 | INFO     | __main__:<module>:244 - | epoch : 153 | val done |
2021-12-31 15:14:05.634 | INFO     | __main__:<module>:111 - | epoch : 154 | training done |
2021-12-31 15:14:27.863 | INFO     | __main__:<module>:244 - | epoch : 154 | val done |
2021-12-31 15:15:49.977 | INFO     | __main__:<module>:111 - | epoch : 155 | training done |
2021-12-31 15:16:13.839 | INFO     | __main__:<module>:244 - | epoch : 155 | val done |
2021-12-31 15:17:41.707 | INFO     | __main__:<module>:111 - | epoch : 156 | training done |
2021-12-31 15:18:03.027 | INFO     | __main__:<module>:244 - | epoch : 156 | val done |
2021-12-31 15:19:29.795 | INFO     | __main__:<module>:111 - | epoch : 157 | training done |
2021-12-31 15:19:53.590 | INFO     | __main__:<module>:244 - | epoch : 157 | val done |
2021-12-31 15:21:16.810 | INFO     | __main__:<module>:111 - | epoch : 158 | training done |
2021-12-31 15:21:39.120 | INFO     | __main__:<module>:244 - | epoch : 158 | val done |
2021-12-31 15:23:07.292 | INFO     | __main__:<module>:111 - | epoch : 159 | training done |
2021-12-31 15:23:31.282 | INFO     | __main__:<module>:244 - | epoch : 159 | val done |
2021-12-31 15:24:49.535 | INFO     | __main__:<module>:111 - | epoch : 160 | training done |
2021-12-31 15:25:13.470 | INFO     | __main__:<module>:244 - | epoch : 160 | val done |
2021-12-31 15:26:41.609 | INFO     | __main__:<module>:111 - | epoch : 161 | training done |
2021-12-31 15:27:05.247 | INFO     | __main__:<module>:244 - | epoch : 161 | val done |
2021-12-31 15:28:21.922 | INFO     | __main__:<module>:111 - | epoch : 162 | training done |
2021-12-31 15:28:45.824 | INFO     | __main__:<module>:240 - | epoch : 162 | CVC-300 : 0.8516432965597404 | CVC-ClinicDB : 0.9388668189094553 | CVC-ColonDB : 0.7890827861295446 | ETIS-LaribPolypDB : 0.7466553115532519 | Kvasir : 0.8800372842163651 |
2021-12-31 15:28:45.824 | CRITICAL | __main__:<module>:241 - | epoch : 162 | best_val_dice_score : 0.8412570994736714 |
2021-12-31 15:30:14.396 | INFO     | __main__:<module>:111 - | epoch : 163 | training done |
2021-12-31 15:30:38.052 | INFO     | __main__:<module>:240 - | epoch : 163 | CVC-300 : 0.8540693421537053 | CVC-ClinicDB : 0.9434350271192387 | CVC-ColonDB : 0.7828579343263106 | ETIS-LaribPolypDB : 0.7517249166317208 | Kvasir : 0.8781960489543015 |
2021-12-31 15:30:38.053 | CRITICAL | __main__:<module>:241 - | epoch : 163 | best_val_dice_score : 0.8420566538370554 |
2021-12-31 15:31:55.278 | INFO     | __main__:<module>:111 - | epoch : 164 | training done |
2021-12-31 15:32:19.170 | INFO     | __main__:<module>:244 - | epoch : 164 | val done |
2021-12-31 15:33:47.221 | INFO     | __main__:<module>:111 - | epoch : 165 | training done |
2021-12-31 15:34:10.915 | INFO     | __main__:<module>:244 - | epoch : 165 | val done |
2021-12-31 15:35:27.485 | INFO     | __main__:<module>:111 - | epoch : 166 | training done |
2021-12-31 15:35:51.228 | INFO     | __main__:<module>:244 - | epoch : 166 | val done |
2021-12-31 15:37:19.526 | INFO     | __main__:<module>:111 - | epoch : 167 | training done |
2021-12-31 15:37:41.736 | INFO     | __main__:<module>:244 - | epoch : 167 | val done |
2021-12-31 15:39:02.419 | INFO     | __main__:<module>:111 - | epoch : 168 | training done |
2021-12-31 15:39:26.201 | INFO     | __main__:<module>:244 - | epoch : 168 | val done |
2021-12-31 15:40:54.514 | INFO     | __main__:<module>:111 - | epoch : 169 | training done |
2021-12-31 15:41:15.711 | INFO     | __main__:<module>:244 - | epoch : 169 | val done |
2021-12-31 15:42:40.491 | INFO     | __main__:<module>:111 - | epoch : 170 | training done |
2021-12-31 15:43:04.430 | INFO     | __main__:<module>:244 - | epoch : 170 | val done |
2021-12-31 15:44:28.975 | INFO     | __main__:<module>:111 - | epoch : 171 | training done |
2021-12-31 15:44:50.438 | INFO     | __main__:<module>:244 - | epoch : 171 | val done |
2021-12-31 15:46:18.664 | INFO     | __main__:<module>:111 - | epoch : 172 | training done |
2021-12-31 15:46:42.249 | INFO     | __main__:<module>:244 - | epoch : 172 | val done |
2021-12-31 15:48:02.797 | INFO     | __main__:<module>:111 - | epoch : 173 | training done |
2021-12-31 15:48:25.628 | INFO     | __main__:<module>:244 - | epoch : 173 | val done |
2021-12-31 15:49:53.865 | INFO     | __main__:<module>:111 - | epoch : 174 | training done |
2021-12-31 15:50:17.588 | INFO     | __main__:<module>:244 - | epoch : 174 | val done |
2021-12-31 15:51:34.525 | INFO     | __main__:<module>:111 - | epoch : 175 | training done |
2021-12-31 15:51:58.223 | INFO     | __main__:<module>:244 - | epoch : 175 | val done |
2021-12-31 15:53:26.342 | INFO     | __main__:<module>:111 - | epoch : 176 | training done |
2021-12-31 15:53:50.093 | INFO     | __main__:<module>:244 - | epoch : 176 | val done |
2021-12-31 15:55:06.946 | INFO     | __main__:<module>:111 - | epoch : 177 | training done |
2021-12-31 15:55:30.574 | INFO     | __main__:<module>:244 - | epoch : 177 | val done |
2021-12-31 15:56:58.784 | INFO     | __main__:<module>:111 - | epoch : 178 | training done |
2021-12-31 15:57:22.439 | INFO     | __main__:<module>:244 - | epoch : 178 | val done |
2021-12-31 15:58:39.013 | INFO     | __main__:<module>:111 - | epoch : 179 | training done |
2021-12-31 15:59:02.628 | INFO     | __main__:<module>:244 - | epoch : 179 | val done |
2021-12-31 16:00:30.592 | INFO     | __main__:<module>:111 - | epoch : 180 | training done |
2021-12-31 16:00:53.998 | INFO     | __main__:<module>:244 - | epoch : 180 | val done |
2021-12-31 16:02:11.766 | INFO     | __main__:<module>:111 - | epoch : 181 | training done |
2021-12-31 16:02:35.586 | INFO     | __main__:<module>:244 - | epoch : 181 | val done |
2021-12-31 16:04:03.462 | INFO     | __main__:<module>:111 - | epoch : 182 | training done |
2021-12-31 16:04:25.861 | INFO     | __main__:<module>:244 - | epoch : 182 | val done |
2021-12-31 16:05:48.184 | INFO     | __main__:<module>:111 - | epoch : 183 | training done |
2021-12-31 16:06:11.802 | INFO     | __main__:<module>:244 - | epoch : 183 | val done |
2021-12-31 16:07:39.216 | INFO     | __main__:<module>:111 - | epoch : 184 | training done |
2021-12-31 16:08:01.258 | INFO     | __main__:<module>:244 - | epoch : 184 | val done |
2021-12-31 16:09:28.838 | INFO     | __main__:<module>:111 - | epoch : 185 | training done |
2021-12-31 16:09:52.540 | INFO     | __main__:<module>:244 - | epoch : 185 | val done |
2021-12-31 16:11:15.136 | INFO     | __main__:<module>:111 - | epoch : 186 | training done |
2021-12-31 16:11:37.302 | INFO     | __main__:<module>:244 - | epoch : 186 | val done |
2021-12-31 16:13:05.540 | INFO     | __main__:<module>:111 - | epoch : 187 | training done |
2021-12-31 16:13:29.238 | INFO     | __main__:<module>:244 - | epoch : 187 | val done |
2021-12-31 16:14:47.271 | INFO     | __main__:<module>:111 - | epoch : 188 | training done |
2021-12-31 16:15:11.187 | INFO     | __main__:<module>:244 - | epoch : 188 | val done |
2021-12-31 16:16:39.966 | INFO     | __main__:<module>:111 - | epoch : 189 | training done |
2021-12-31 16:17:03.950 | INFO     | __main__:<module>:244 - | epoch : 189 | val done |
2021-12-31 16:18:21.628 | INFO     | __main__:<module>:111 - | epoch : 190 | training done |
2021-12-31 16:18:45.734 | INFO     | __main__:<module>:244 - | epoch : 190 | val done |
2021-12-31 16:20:14.431 | INFO     | __main__:<module>:111 - | epoch : 191 | training done |
2021-12-31 16:20:38.338 | INFO     | __main__:<module>:244 - | epoch : 191 | val done |
2021-12-31 16:21:55.182 | INFO     | __main__:<module>:111 - | epoch : 192 | training done |
2021-12-31 16:22:18.902 | INFO     | __main__:<module>:244 - | epoch : 192 | val done |
2021-12-31 16:23:46.944 | INFO     | __main__:<module>:111 - | epoch : 193 | training done |
2021-12-31 16:24:11.046 | INFO     | __main__:<module>:244 - | epoch : 193 | val done |
2021-12-31 16:25:28.252 | INFO     | __main__:<module>:111 - | epoch : 194 | training done |
2021-12-31 16:25:52.304 | INFO     | __main__:<module>:244 - | epoch : 194 | val done |
2021-12-31 16:27:20.794 | INFO     | __main__:<module>:111 - | epoch : 195 | training done |
2021-12-31 16:27:43.635 | INFO     | __main__:<module>:244 - | epoch : 195 | val done |
2021-12-31 16:29:04.835 | INFO     | __main__:<module>:111 - | epoch : 196 | training done |
2021-12-31 16:29:28.643 | INFO     | __main__:<module>:244 - | epoch : 196 | val done |
2021-12-31 16:30:56.728 | INFO     | __main__:<module>:111 - | epoch : 197 | training done |
2021-12-31 16:31:18.079 | INFO     | __main__:<module>:244 - | epoch : 197 | val done |
2021-12-31 16:32:43.463 | INFO     | __main__:<module>:111 - | epoch : 198 | training done |
2021-12-31 16:33:07.238 | INFO     | __main__:<module>:244 - | epoch : 198 | val done |
2021-12-31 16:34:31.322 | INFO     | __main__:<module>:111 - | epoch : 199 | training done |
2021-12-31 16:34:52.805 | INFO     | __main__:<module>:244 - | epoch : 199 | val done |
