2021-12-31 07:12:18.330 | INFO     | __main__:<module>:81 - | start training .... |
2021-12-31 07:14:06.463 | INFO     | __main__:<module>:109 - | epoch : 0 | training done |
2021-12-31 07:14:28.470 | INFO     | __main__:<module>:238 - | epoch : 0 | CVC-300 : 0.6977639410089859 | CVC-ClinicDB : 0.7525315893405427 | CVC-ColonDB : 0.6862992245923235 | ETIS-LaribPolypDB : 0.6629509519251612 | Kvasir : 0.8254365670165943 |
2021-12-31 07:14:28.470 | CRITICAL | __main__:<module>:239 - | epoch : 0 | best_val_dice_score : 0.7249964547767215 |
2021-12-31 07:16:17.009 | INFO     | __main__:<module>:109 - | epoch : 1 | training done |
2021-12-31 07:16:38.950 | INFO     | __main__:<module>:238 - | epoch : 1 | CVC-300 : 0.7855586972530996 | CVC-ClinicDB : 0.8093097847419416 | CVC-ColonDB : 0.7234806314989485 | ETIS-LaribPolypDB : 0.7142758784242198 | Kvasir : 0.8030350234002347 |
2021-12-31 07:16:38.950 | CRITICAL | __main__:<module>:239 - | epoch : 1 | best_val_dice_score : 0.7671320030636888 |
2021-12-31 07:18:27.788 | INFO     | __main__:<module>:109 - | epoch : 2 | training done |
2021-12-31 07:18:49.775 | INFO     | __main__:<module>:238 - | epoch : 2 | CVC-300 : 0.7761072624438259 | CVC-ClinicDB : 0.8180918192838676 | CVC-ColonDB : 0.7451704602716944 | ETIS-LaribPolypDB : 0.7203974272174416 | Kvasir : 0.825356174623867 |
2021-12-31 07:18:49.775 | CRITICAL | __main__:<module>:239 - | epoch : 2 | best_val_dice_score : 0.7770246287681394 |
2021-12-31 07:20:38.351 | INFO     | __main__:<module>:109 - | epoch : 3 | training done |
2021-12-31 07:21:00.389 | INFO     | __main__:<module>:238 - | epoch : 3 | CVC-300 : 0.8021671103014112 | CVC-ClinicDB : 0.8497015287666193 | CVC-ColonDB : 0.7336385007796713 | ETIS-LaribPolypDB : 0.7812663116275552 | Kvasir : 0.8380694413969804 |
2021-12-31 07:21:00.389 | CRITICAL | __main__:<module>:239 - | epoch : 3 | best_val_dice_score : 0.8009685785744475 |
2021-12-31 07:22:48.987 | INFO     | __main__:<module>:109 - | epoch : 4 | training done |
2021-12-31 07:23:11.022 | INFO     | __main__:<module>:238 - | epoch : 4 | CVC-300 : 0.8473479037938347 | CVC-ClinicDB : 0.8570193082981648 | CVC-ColonDB : 0.7694951813776791 | ETIS-LaribPolypDB : 0.7798145243970419 | Kvasir : 0.867154931482093 |
2021-12-31 07:23:11.022 | CRITICAL | __main__:<module>:239 - | epoch : 4 | best_val_dice_score : 0.8241663698697627 |
2021-12-31 07:24:59.551 | INFO     | __main__:<module>:109 - | epoch : 5 | training done |
2021-12-31 07:25:21.539 | INFO     | __main__:<module>:238 - | epoch : 5 | CVC-300 : 0.8226061199589549 | CVC-ClinicDB : 0.8739130107854579 | CVC-ColonDB : 0.7872482190523107 | ETIS-LaribPolypDB : 0.7681985475797798 | Kvasir : 0.8874965018531286 |
2021-12-31 07:25:21.539 | CRITICAL | __main__:<module>:239 - | epoch : 5 | best_val_dice_score : 0.8278924798459263 |
2021-12-31 07:27:10.160 | INFO     | __main__:<module>:109 - | epoch : 6 | training done |
2021-12-31 07:27:32.243 | INFO     | __main__:<module>:238 - | epoch : 6 | CVC-300 : 0.8788343407820667 | CVC-ClinicDB : 0.8956858812870216 | CVC-ColonDB : 0.8009667317163055 | ETIS-LaribPolypDB : 0.7633377745916775 | Kvasir : 0.8961265473649347 |
2021-12-31 07:27:32.244 | CRITICAL | __main__:<module>:239 - | epoch : 6 | best_val_dice_score : 0.8469902551484012 |
2021-12-31 07:29:20.834 | INFO     | __main__:<module>:109 - | epoch : 7 | training done |
2021-12-31 07:29:42.863 | INFO     | __main__:<module>:238 - | epoch : 7 | CVC-300 : 0.8651472382579257 | CVC-ClinicDB : 0.8923252836877731 | CVC-ColonDB : 0.7974303996042048 | ETIS-LaribPolypDB : 0.8069340487867535 | Kvasir : 0.9059905066679613 |
2021-12-31 07:29:42.864 | CRITICAL | __main__:<module>:239 - | epoch : 7 | best_val_dice_score : 0.8535654954009237 |
2021-12-31 07:31:31.265 | INFO     | __main__:<module>:109 - | epoch : 8 | training done |
2021-12-31 07:31:53.343 | INFO     | __main__:<module>:238 - | epoch : 8 | CVC-300 : 0.9172767703253283 | CVC-ClinicDB : 0.9289178394678579 | CVC-ColonDB : 0.8276398856533439 | ETIS-LaribPolypDB : 0.8106252949872579 | Kvasir : 0.913602921902116 |
2021-12-31 07:31:53.343 | CRITICAL | __main__:<module>:239 - | epoch : 8 | best_val_dice_score : 0.8796125424671807 |
2021-12-31 07:33:41.862 | INFO     | __main__:<module>:109 - | epoch : 9 | training done |
2021-12-31 07:34:03.885 | INFO     | __main__:<module>:242 - | epoch : 9 | val done |
2021-12-31 07:35:51.849 | INFO     | __main__:<module>:109 - | epoch : 10 | training done |
2021-12-31 07:36:13.901 | INFO     | __main__:<module>:242 - | epoch : 10 | val done |
2021-12-31 07:38:02.197 | INFO     | __main__:<module>:109 - | epoch : 11 | training done |
2021-12-31 07:38:24.234 | INFO     | __main__:<module>:242 - | epoch : 11 | val done |
2021-12-31 07:40:12.394 | INFO     | __main__:<module>:109 - | epoch : 12 | training done |
2021-12-31 07:40:34.408 | INFO     | __main__:<module>:242 - | epoch : 12 | val done |
2021-12-31 07:42:22.909 | INFO     | __main__:<module>:109 - | epoch : 13 | training done |
2021-12-31 07:42:44.937 | INFO     | __main__:<module>:242 - | epoch : 13 | val done |
2021-12-31 07:44:33.090 | INFO     | __main__:<module>:109 - | epoch : 14 | training done |
2021-12-31 07:44:55.075 | INFO     | __main__:<module>:242 - | epoch : 14 | val done |
2021-12-31 07:46:43.405 | INFO     | __main__:<module>:109 - | epoch : 15 | training done |
2021-12-31 07:47:05.506 | INFO     | __main__:<module>:238 - | epoch : 15 | CVC-300 : 0.9081264742044021 | CVC-ClinicDB : 0.9258701284245663 | CVC-ColonDB : 0.8469237599049518 | ETIS-LaribPolypDB : 0.8414861676597791 | Kvasir : 0.9211266024995913 |
2021-12-31 07:47:05.507 | CRITICAL | __main__:<module>:239 - | epoch : 15 | best_val_dice_score : 0.8887066265386581 |
2021-12-31 07:48:54.104 | INFO     | __main__:<module>:109 - | epoch : 16 | training done |
2021-12-31 07:49:16.154 | INFO     | __main__:<module>:238 - | epoch : 16 | CVC-300 : 0.9287673815424834 | CVC-ClinicDB : 0.9361422877629223 | CVC-ColonDB : 0.8494176629972585 | ETIS-LaribPolypDB : 0.8424332876696079 | Kvasir : 0.9246758714243998 |
2021-12-31 07:49:16.154 | CRITICAL | __main__:<module>:239 - | epoch : 16 | best_val_dice_score : 0.8962872982793344 |
2021-12-31 07:51:04.777 | INFO     | __main__:<module>:109 - | epoch : 17 | training done |
2021-12-31 07:51:26.806 | INFO     | __main__:<module>:238 - | epoch : 17 | CVC-300 : 0.9210100324102076 | CVC-ClinicDB : 0.9323917047026334 | CVC-ColonDB : 0.8525704312666792 | ETIS-LaribPolypDB : 0.8593436006749346 | Kvasir : 0.9224432859515431 |
2021-12-31 07:51:26.806 | CRITICAL | __main__:<module>:239 - | epoch : 17 | best_val_dice_score : 0.8975518110011995 |
2021-12-31 07:53:15.286 | INFO     | __main__:<module>:109 - | epoch : 18 | training done |
2021-12-31 07:53:37.248 | INFO     | __main__:<module>:242 - | epoch : 18 | val done |
2021-12-31 07:55:25.458 | INFO     | __main__:<module>:109 - | epoch : 19 | training done |
2021-12-31 07:55:47.508 | INFO     | __main__:<module>:242 - | epoch : 19 | val done |
2021-12-31 07:57:35.933 | INFO     | __main__:<module>:109 - | epoch : 20 | training done |
2021-12-31 07:57:57.945 | INFO     | __main__:<module>:242 - | epoch : 20 | val done |
2021-12-31 07:59:46.212 | INFO     | __main__:<module>:109 - | epoch : 21 | training done |
2021-12-31 08:00:08.252 | INFO     | __main__:<module>:242 - | epoch : 21 | val done |
2021-12-31 08:01:56.572 | INFO     | __main__:<module>:109 - | epoch : 22 | training done |
2021-12-31 08:02:18.667 | INFO     | __main__:<module>:238 - | epoch : 22 | CVC-300 : 0.919828425243533 | CVC-ClinicDB : 0.9383117118531095 | CVC-ColonDB : 0.8570819814871093 | ETIS-LaribPolypDB : 0.8659493940844242 | Kvasir : 0.9249796603910907 |
2021-12-31 08:02:18.668 | CRITICAL | __main__:<module>:239 - | epoch : 22 | best_val_dice_score : 0.9012302346118535 |
2021-12-31 08:04:07.221 | INFO     | __main__:<module>:109 - | epoch : 23 | training done |
2021-12-31 08:04:29.320 | INFO     | __main__:<module>:242 - | epoch : 23 | val done |
2021-12-31 08:06:17.550 | INFO     | __main__:<module>:109 - | epoch : 24 | training done |
2021-12-31 08:06:39.547 | INFO     | __main__:<module>:242 - | epoch : 24 | val done |
2021-12-31 08:08:27.800 | INFO     | __main__:<module>:109 - | epoch : 25 | training done |
2021-12-31 08:08:49.924 | INFO     | __main__:<module>:242 - | epoch : 25 | val done |
2021-12-31 08:10:38.269 | INFO     | __main__:<module>:109 - | epoch : 26 | training done |
2021-12-31 08:11:00.330 | INFO     | __main__:<module>:242 - | epoch : 26 | val done |
2021-12-31 08:12:48.693 | INFO     | __main__:<module>:109 - | epoch : 27 | training done |
2021-12-31 08:13:10.774 | INFO     | __main__:<module>:242 - | epoch : 27 | val done |
2021-12-31 08:14:58.982 | INFO     | __main__:<module>:109 - | epoch : 28 | training done |
2021-12-31 08:15:20.974 | INFO     | __main__:<module>:242 - | epoch : 28 | val done |
2021-12-31 08:17:09.338 | INFO     | __main__:<module>:109 - | epoch : 29 | training done |
2021-12-31 08:17:31.240 | INFO     | __main__:<module>:242 - | epoch : 29 | val done |
2021-12-31 08:19:19.550 | INFO     | __main__:<module>:109 - | epoch : 30 | training done |
2021-12-31 08:19:41.515 | INFO     | __main__:<module>:242 - | epoch : 30 | val done |
2021-12-31 08:21:30.041 | INFO     | __main__:<module>:109 - | epoch : 31 | training done |
2021-12-31 08:21:52.086 | INFO     | __main__:<module>:242 - | epoch : 31 | val done |
2021-12-31 08:23:40.263 | INFO     | __main__:<module>:109 - | epoch : 32 | training done |
2021-12-31 08:24:02.286 | INFO     | __main__:<module>:242 - | epoch : 32 | val done |
2021-12-31 08:25:50.614 | INFO     | __main__:<module>:109 - | epoch : 33 | training done |
2021-12-31 08:26:12.633 | INFO     | __main__:<module>:242 - | epoch : 33 | val done |
2021-12-31 08:28:01.250 | INFO     | __main__:<module>:109 - | epoch : 34 | training done |
2021-12-31 08:28:23.237 | INFO     | __main__:<module>:242 - | epoch : 34 | val done |
2021-12-31 08:30:11.573 | INFO     | __main__:<module>:109 - | epoch : 35 | training done |
2021-12-31 08:30:33.584 | INFO     | __main__:<module>:242 - | epoch : 35 | val done |
2021-12-31 08:32:21.947 | INFO     | __main__:<module>:109 - | epoch : 36 | training done |
2021-12-31 08:32:43.967 | INFO     | __main__:<module>:242 - | epoch : 36 | val done |
2021-12-31 08:34:32.407 | INFO     | __main__:<module>:109 - | epoch : 37 | training done |
2021-12-31 08:34:54.408 | INFO     | __main__:<module>:242 - | epoch : 37 | val done |
2021-12-31 08:36:42.727 | INFO     | __main__:<module>:109 - | epoch : 38 | training done |
2021-12-31 08:37:04.736 | INFO     | __main__:<module>:238 - | epoch : 38 | CVC-300 : 0.9339397335096009 | CVC-ClinicDB : 0.9360904886858721 | CVC-ColonDB : 0.8613108263472097 | ETIS-LaribPolypDB : 0.8471131678239006 | Kvasir : 0.9280024333456934 |
2021-12-31 08:37:04.736 | CRITICAL | __main__:<module>:239 - | epoch : 38 | best_val_dice_score : 0.9012913299424554 |
2021-12-31 08:38:53.509 | INFO     | __main__:<module>:109 - | epoch : 39 | training done |
2021-12-31 08:39:15.510 | INFO     | __main__:<module>:242 - | epoch : 39 | val done |
2021-12-31 08:41:03.899 | INFO     | __main__:<module>:109 - | epoch : 40 | training done |
2021-12-31 08:41:25.970 | INFO     | __main__:<module>:242 - | epoch : 40 | val done |
2021-12-31 08:43:14.427 | INFO     | __main__:<module>:109 - | epoch : 41 | training done |
2021-12-31 08:43:36.421 | INFO     | __main__:<module>:242 - | epoch : 41 | val done |
2021-12-31 08:45:24.658 | INFO     | __main__:<module>:109 - | epoch : 42 | training done |
2021-12-31 08:45:46.658 | INFO     | __main__:<module>:242 - | epoch : 42 | val done |
2021-12-31 08:47:35.051 | INFO     | __main__:<module>:109 - | epoch : 43 | training done |
2021-12-31 08:47:57.121 | INFO     | __main__:<module>:238 - | epoch : 43 | CVC-300 : 0.9324425036154042 | CVC-ClinicDB : 0.9394189701311263 | CVC-ColonDB : 0.8621623754436752 | ETIS-LaribPolypDB : 0.8501199627180648 | Kvasir : 0.9374806074278714 |
2021-12-31 08:47:57.122 | CRITICAL | __main__:<module>:239 - | epoch : 43 | best_val_dice_score : 0.9043248838672284 |
2021-12-31 08:49:45.977 | INFO     | __main__:<module>:109 - | epoch : 44 | training done |
2021-12-31 08:50:08.002 | INFO     | __main__:<module>:238 - | epoch : 44 | CVC-300 : 0.9394913432067945 | CVC-ClinicDB : 0.9481194385396524 | CVC-ColonDB : 0.8616718404930916 | ETIS-LaribPolypDB : 0.8460626918501666 | Kvasir : 0.9299089403744838 |
2021-12-31 08:50:08.003 | CRITICAL | __main__:<module>:239 - | epoch : 44 | best_val_dice_score : 0.9050508508928378 |
2021-12-31 08:51:56.864 | INFO     | __main__:<module>:109 - | epoch : 45 | training done |
2021-12-31 08:52:18.875 | INFO     | __main__:<module>:242 - | epoch : 45 | val done |
2021-12-31 08:54:07.319 | INFO     | __main__:<module>:109 - | epoch : 46 | training done |
2021-12-31 08:54:29.367 | INFO     | __main__:<module>:242 - | epoch : 46 | val done |
2021-12-31 08:56:17.629 | INFO     | __main__:<module>:109 - | epoch : 47 | training done |
2021-12-31 08:56:39.614 | INFO     | __main__:<module>:242 - | epoch : 47 | val done |
2021-12-31 08:58:27.867 | INFO     | __main__:<module>:109 - | epoch : 48 | training done |
2021-12-31 08:58:49.897 | INFO     | __main__:<module>:238 - | epoch : 48 | CVC-300 : 0.9363281688889166 | CVC-ClinicDB : 0.9474824811340572 | CVC-ColonDB : 0.8640631472556182 | ETIS-LaribPolypDB : 0.8615735359938191 | Kvasir : 0.9281919118973313 |
2021-12-31 08:58:49.897 | CRITICAL | __main__:<module>:239 - | epoch : 48 | best_val_dice_score : 0.9075278490339483 |
2021-12-31 09:00:38.533 | INFO     | __main__:<module>:109 - | epoch : 49 | training done |
2021-12-31 09:01:00.543 | INFO     | __main__:<module>:242 - | epoch : 49 | val done |
2021-12-31 09:02:48.949 | INFO     | __main__:<module>:109 - | epoch : 50 | training done |
2021-12-31 09:03:10.978 | INFO     | __main__:<module>:242 - | epoch : 50 | val done |
2021-12-31 09:04:59.176 | INFO     | __main__:<module>:109 - | epoch : 51 | training done |
2021-12-31 09:05:21.222 | INFO     | __main__:<module>:242 - | epoch : 51 | val done |
2021-12-31 09:07:09.310 | INFO     | __main__:<module>:109 - | epoch : 52 | training done |
2021-12-31 09:07:31.340 | INFO     | __main__:<module>:242 - | epoch : 52 | val done |
2021-12-31 09:09:19.724 | INFO     | __main__:<module>:109 - | epoch : 53 | training done |
2021-12-31 09:09:41.800 | INFO     | __main__:<module>:242 - | epoch : 53 | val done |
2021-12-31 09:11:29.972 | INFO     | __main__:<module>:109 - | epoch : 54 | training done |
2021-12-31 09:11:51.981 | INFO     | __main__:<module>:242 - | epoch : 54 | val done |
2021-12-31 09:13:39.983 | INFO     | __main__:<module>:109 - | epoch : 55 | training done |
2021-12-31 09:14:02.051 | INFO     | __main__:<module>:242 - | epoch : 55 | val done |
2021-12-31 09:15:50.353 | INFO     | __main__:<module>:109 - | epoch : 56 | training done |
2021-12-31 09:16:12.320 | INFO     | __main__:<module>:242 - | epoch : 56 | val done |
2021-12-31 09:18:00.754 | INFO     | __main__:<module>:109 - | epoch : 57 | training done |
2021-12-31 09:18:22.753 | INFO     | __main__:<module>:242 - | epoch : 57 | val done |
2021-12-31 09:20:10.892 | INFO     | __main__:<module>:109 - | epoch : 58 | training done |
2021-12-31 09:20:32.974 | INFO     | __main__:<module>:242 - | epoch : 58 | val done |
2021-12-31 09:22:20.980 | INFO     | __main__:<module>:109 - | epoch : 59 | training done |
2021-12-31 09:22:43.163 | INFO     | __main__:<module>:242 - | epoch : 59 | val done |
2021-12-31 09:27:04.029 | INFO     | __main__:<module>:242 - | epoch : 61 | val done |
2021-12-31 09:28:52.221 | INFO     | __main__:<module>:109 - | epoch : 62 | training done |
2021-12-31 09:29:14.355 | INFO     | __main__:<module>:242 - | epoch : 62 | val done |
2021-12-31 09:31:02.795 | INFO     | __main__:<module>:109 - | epoch : 63 | training done |
2021-12-31 09:31:24.852 | INFO     | __main__:<module>:242 - | epoch : 63 | val done |
2021-12-31 09:33:13.395 | INFO     | __main__:<module>:109 - | epoch : 64 | training done |
2021-12-31 09:33:35.482 | INFO     | __main__:<module>:242 - | epoch : 64 | val done |
2021-12-31 09:35:24.112 | INFO     | __main__:<module>:109 - | epoch : 65 | training done |
2021-12-31 09:35:46.174 | INFO     | __main__:<module>:242 - | epoch : 65 | val done |
2021-12-31 09:37:34.878 | INFO     | __main__:<module>:109 - | epoch : 66 | training done |
2021-12-31 09:37:56.946 | INFO     | __main__:<module>:242 - | epoch : 66 | val done |
2021-12-31 09:39:45.214 | INFO     | __main__:<module>:109 - | epoch : 67 | training done |
2021-12-31 09:40:07.323 | INFO     | __main__:<module>:242 - | epoch : 67 | val done |
2021-12-31 09:41:55.715 | INFO     | __main__:<module>:109 - | epoch : 68 | training done |
2021-12-31 09:42:17.721 | INFO     | __main__:<module>:242 - | epoch : 68 | val done |
2021-12-31 09:44:06.114 | INFO     | __main__:<module>:109 - | epoch : 69 | training done |
2021-12-31 09:44:28.197 | INFO     | __main__:<module>:242 - | epoch : 69 | val done |
2021-12-31 09:46:16.754 | INFO     | __main__:<module>:109 - | epoch : 70 | training done |
2021-12-31 09:46:38.871 | INFO     | __main__:<module>:242 - | epoch : 70 | val done |
2021-12-31 09:48:27.250 | INFO     | __main__:<module>:109 - | epoch : 71 | training done |
2021-12-31 09:48:49.347 | INFO     | __main__:<module>:242 - | epoch : 71 | val done |
2021-12-31 09:50:37.596 | INFO     | __main__:<module>:109 - | epoch : 72 | training done |
2021-12-31 09:50:59.682 | INFO     | __main__:<module>:242 - | epoch : 72 | val done |
2021-12-31 09:52:48.262 | INFO     | __main__:<module>:109 - | epoch : 73 | training done |
2021-12-31 09:53:10.778 | INFO     | __main__:<module>:242 - | epoch : 73 | val done |
2021-12-31 09:54:59.561 | INFO     | __main__:<module>:109 - | epoch : 74 | training done |
2021-12-31 09:55:21.629 | INFO     | __main__:<module>:242 - | epoch : 74 | val done |
2021-12-31 09:57:10.375 | INFO     | __main__:<module>:109 - | epoch : 75 | training done |
2021-12-31 09:57:32.505 | INFO     | __main__:<module>:242 - | epoch : 75 | val done |
2021-12-31 09:59:21.709 | INFO     | __main__:<module>:109 - | epoch : 76 | training done |
2021-12-31 09:59:43.818 | INFO     | __main__:<module>:242 - | epoch : 76 | val done |
2021-12-31 10:01:33.001 | INFO     | __main__:<module>:109 - | epoch : 77 | training done |
2021-12-31 10:01:55.088 | INFO     | __main__:<module>:242 - | epoch : 77 | val done |
2021-12-31 10:03:44.519 | INFO     | __main__:<module>:109 - | epoch : 78 | training done |
2021-12-31 10:04:06.818 | INFO     | __main__:<module>:242 - | epoch : 78 | val done |
2021-12-31 10:05:56.148 | INFO     | __main__:<module>:109 - | epoch : 79 | training done |
2021-12-31 10:06:18.203 | INFO     | __main__:<module>:242 - | epoch : 79 | val done |
2021-12-31 10:08:06.904 | INFO     | __main__:<module>:109 - | epoch : 80 | training done |
2021-12-31 10:08:28.984 | INFO     | __main__:<module>:242 - | epoch : 80 | val done |
2021-12-31 10:10:17.908 | INFO     | __main__:<module>:109 - | epoch : 81 | training done |
2021-12-31 10:10:40.011 | INFO     | __main__:<module>:242 - | epoch : 81 | val done |
2021-12-31 10:12:29.791 | INFO     | __main__:<module>:109 - | epoch : 82 | training done |
2021-12-31 10:12:52.209 | INFO     | __main__:<module>:242 - | epoch : 82 | val done |
2021-12-31 10:14:42.406 | INFO     | __main__:<module>:109 - | epoch : 83 | training done |
2021-12-31 10:15:04.845 | INFO     | __main__:<module>:242 - | epoch : 83 | val done |
2021-12-31 10:16:55.536 | INFO     | __main__:<module>:109 - | epoch : 84 | training done |
2021-12-31 10:17:17.690 | INFO     | __main__:<module>:242 - | epoch : 84 | val done |
2021-12-31 10:19:07.865 | INFO     | __main__:<module>:109 - | epoch : 85 | training done |
2021-12-31 10:19:30.680 | INFO     | __main__:<module>:242 - | epoch : 85 | val done |
2021-12-31 10:21:20.537 | INFO     | __main__:<module>:109 - | epoch : 86 | training done |
2021-12-31 10:21:43.606 | INFO     | __main__:<module>:242 - | epoch : 86 | val done |
2021-12-31 10:23:34.387 | INFO     | __main__:<module>:109 - | epoch : 87 | training done |
2021-12-31 10:23:56.599 | INFO     | __main__:<module>:242 - | epoch : 87 | val done |
2021-12-31 10:25:47.747 | INFO     | __main__:<module>:109 - | epoch : 88 | training done |
2021-12-31 10:26:10.286 | INFO     | __main__:<module>:242 - | epoch : 88 | val done |
2021-12-31 10:27:59.513 | INFO     | __main__:<module>:109 - | epoch : 89 | training done |
2021-12-31 10:28:22.179 | INFO     | __main__:<module>:242 - | epoch : 89 | val done |
2021-12-31 10:30:12.340 | INFO     | __main__:<module>:109 - | epoch : 90 | training done |
2021-12-31 10:30:34.943 | INFO     | __main__:<module>:242 - | epoch : 90 | val done |
2021-12-31 10:32:25.589 | INFO     | __main__:<module>:109 - | epoch : 91 | training done |
2021-12-31 10:32:48.359 | INFO     | __main__:<module>:242 - | epoch : 91 | val done |
2021-12-31 10:35:26.205 | INFO     | __main__:<module>:109 - | epoch : 92 | training done |
2021-12-31 10:35:53.194 | INFO     | __main__:<module>:242 - | epoch : 92 | val done |
2021-12-31 10:38:24.355 | INFO     | __main__:<module>:109 - | epoch : 93 | training done |
2021-12-31 10:38:51.128 | INFO     | __main__:<module>:242 - | epoch : 93 | val done |
2021-12-31 10:41:40.594 | INFO     | __main__:<module>:109 - | epoch : 94 | training done |
2021-12-31 10:42:07.425 | INFO     | __main__:<module>:242 - | epoch : 94 | val done |
2021-12-31 10:44:58.331 | INFO     | __main__:<module>:109 - | epoch : 95 | training done |
2021-12-31 10:45:24.913 | INFO     | __main__:<module>:242 - | epoch : 95 | val done |
2021-12-31 10:48:20.342 | INFO     | __main__:<module>:109 - | epoch : 96 | training done |
2021-12-31 10:48:45.848 | INFO     | __main__:<module>:242 - | epoch : 96 | val done |
2021-12-31 10:51:44.102 | INFO     | __main__:<module>:109 - | epoch : 97 | training done |
2021-12-31 10:52:08.868 | INFO     | __main__:<module>:242 - | epoch : 97 | val done |
2021-12-31 10:55:07.374 | INFO     | __main__:<module>:109 - | epoch : 98 | training done |
2021-12-31 10:55:33.207 | INFO     | __main__:<module>:242 - | epoch : 98 | val done |
2021-12-31 10:58:26.286 | INFO     | __main__:<module>:109 - | epoch : 99 | training done |
2021-12-31 10:58:52.906 | INFO     | __main__:<module>:242 - | epoch : 99 | val done |
2021-12-31 11:01:41.259 | INFO     | __main__:<module>:109 - | epoch : 100 | training done |
2021-12-31 11:02:08.003 | INFO     | __main__:<module>:242 - | epoch : 100 | val done |
2021-12-31 11:04:56.770 | INFO     | __main__:<module>:109 - | epoch : 101 | training done |
2021-12-31 11:05:23.526 | INFO     | __main__:<module>:242 - | epoch : 101 | val done |
2021-12-31 11:08:13.847 | INFO     | __main__:<module>:109 - | epoch : 102 | training done |
2021-12-31 11:08:40.479 | INFO     | __main__:<module>:242 - | epoch : 102 | val done |
2021-12-31 11:11:35.052 | INFO     | __main__:<module>:109 - | epoch : 103 | training done |
2021-12-31 11:12:00.694 | INFO     | __main__:<module>:242 - | epoch : 103 | val done |
2021-12-31 11:14:58.618 | INFO     | __main__:<module>:109 - | epoch : 104 | training done |
2021-12-31 11:15:23.455 | INFO     | __main__:<module>:238 - | epoch : 104 | CVC-300 : 0.9316924270891971 | CVC-ClinicDB : 0.9415474479500645 | CVC-ColonDB : 0.8695172874065533 | ETIS-LaribPolypDB : 0.8654465173680664 | Kvasir : 0.937142511119857 |
2021-12-31 11:15:23.455 | CRITICAL | __main__:<module>:239 - | epoch : 104 | best_val_dice_score : 0.9090692381867477 |
2021-12-31 11:18:22.626 | INFO     | __main__:<module>:109 - | epoch : 105 | training done |
2021-12-31 11:18:48.375 | INFO     | __main__:<module>:242 - | epoch : 105 | val done |
2021-12-31 11:21:41.447 | INFO     | __main__:<module>:109 - | epoch : 106 | training done |
2021-12-31 11:22:08.157 | INFO     | __main__:<module>:242 - | epoch : 106 | val done |
2021-12-31 11:24:57.606 | INFO     | __main__:<module>:109 - | epoch : 107 | training done |
2021-12-31 11:25:24.398 | INFO     | __main__:<module>:242 - | epoch : 107 | val done |
2021-12-31 11:28:13.475 | INFO     | __main__:<module>:109 - | epoch : 108 | training done |
2021-12-31 11:28:40.269 | INFO     | __main__:<module>:242 - | epoch : 108 | val done |
2021-12-31 11:31:29.401 | INFO     | __main__:<module>:109 - | epoch : 109 | training done |
2021-12-31 11:31:56.408 | INFO     | __main__:<module>:242 - | epoch : 109 | val done |
2021-12-31 11:34:50.249 | INFO     | __main__:<module>:109 - | epoch : 110 | training done |
2021-12-31 11:35:16.060 | INFO     | __main__:<module>:242 - | epoch : 110 | val done |
2021-12-31 11:38:14.278 | INFO     | __main__:<module>:109 - | epoch : 111 | training done |
2021-12-31 11:38:39.216 | INFO     | __main__:<module>:242 - | epoch : 111 | val done |
2021-12-31 11:41:37.804 | INFO     | __main__:<module>:109 - | epoch : 112 | training done |
2021-12-31 11:42:03.063 | INFO     | __main__:<module>:242 - | epoch : 112 | val done |
2021-12-31 11:44:58.452 | INFO     | __main__:<module>:109 - | epoch : 113 | training done |
2021-12-31 11:45:24.573 | INFO     | __main__:<module>:242 - | epoch : 113 | val done |
2021-12-31 11:48:15.768 | INFO     | __main__:<module>:109 - | epoch : 114 | training done |
2021-12-31 11:48:42.587 | INFO     | __main__:<module>:242 - | epoch : 114 | val done |
2021-12-31 11:51:30.807 | INFO     | __main__:<module>:109 - | epoch : 115 | training done |
2021-12-31 11:51:57.747 | INFO     | __main__:<module>:242 - | epoch : 115 | val done |
2021-12-31 11:54:47.062 | INFO     | __main__:<module>:109 - | epoch : 116 | training done |
2021-12-31 11:55:13.968 | INFO     | __main__:<module>:242 - | epoch : 116 | val done |
2021-12-31 11:58:05.658 | INFO     | __main__:<module>:109 - | epoch : 117 | training done |
2021-12-31 11:58:31.936 | INFO     | __main__:<module>:242 - | epoch : 117 | val done |
2021-12-31 12:01:28.972 | INFO     | __main__:<module>:109 - | epoch : 118 | training done |
2021-12-31 12:01:54.131 | INFO     | __main__:<module>:242 - | epoch : 118 | val done |
2021-12-31 12:04:52.212 | INFO     | __main__:<module>:109 - | epoch : 119 | training done |
2021-12-31 12:05:17.215 | INFO     | __main__:<module>:242 - | epoch : 119 | val done |
2021-12-31 12:08:12.496 | INFO     | __main__:<module>:109 - | epoch : 120 | training done |
2021-12-31 12:08:38.648 | INFO     | __main__:<module>:242 - | epoch : 120 | val done |
2021-12-31 12:11:29.658 | INFO     | __main__:<module>:109 - | epoch : 121 | training done |
2021-12-31 12:11:56.375 | INFO     | __main__:<module>:242 - | epoch : 121 | val done |
2021-12-31 12:14:45.441 | INFO     | __main__:<module>:109 - | epoch : 122 | training done |
2021-12-31 12:15:12.169 | INFO     | __main__:<module>:242 - | epoch : 122 | val done |
2021-12-31 12:18:00.556 | INFO     | __main__:<module>:109 - | epoch : 123 | training done |
2021-12-31 12:18:27.341 | INFO     | __main__:<module>:242 - | epoch : 123 | val done |
2021-12-31 12:21:20.236 | INFO     | __main__:<module>:109 - | epoch : 124 | training done |
2021-12-31 12:21:46.389 | INFO     | __main__:<module>:242 - | epoch : 124 | val done |
2021-12-31 12:24:43.242 | INFO     | __main__:<module>:109 - | epoch : 125 | training done |
2021-12-31 12:25:08.512 | INFO     | __main__:<module>:242 - | epoch : 125 | val done |
2021-12-31 12:28:06.505 | INFO     | __main__:<module>:109 - | epoch : 126 | training done |
2021-12-31 12:28:31.655 | INFO     | __main__:<module>:242 - | epoch : 126 | val done |
2021-12-31 12:31:26.933 | INFO     | __main__:<module>:109 - | epoch : 127 | training done |
2021-12-31 12:31:53.308 | INFO     | __main__:<module>:242 - | epoch : 127 | val done |
2021-12-31 12:34:45.931 | INFO     | __main__:<module>:109 - | epoch : 128 | training done |
2021-12-31 12:35:12.749 | INFO     | __main__:<module>:242 - | epoch : 128 | val done |
2021-12-31 12:38:02.580 | INFO     | __main__:<module>:109 - | epoch : 129 | training done |
2021-12-31 12:38:29.506 | INFO     | __main__:<module>:242 - | epoch : 129 | val done |
2021-12-31 12:41:18.657 | INFO     | __main__:<module>:109 - | epoch : 130 | training done |
2021-12-31 12:41:45.485 | INFO     | __main__:<module>:242 - | epoch : 130 | val done |
2021-12-31 12:44:36.186 | INFO     | __main__:<module>:109 - | epoch : 131 | training done |
2021-12-31 12:45:02.718 | INFO     | __main__:<module>:242 - | epoch : 131 | val done |
2021-12-31 12:47:57.826 | INFO     | __main__:<module>:109 - | epoch : 132 | training done |
2021-12-31 12:48:23.146 | INFO     | __main__:<module>:242 - | epoch : 132 | val done |
2021-12-31 12:51:21.393 | INFO     | __main__:<module>:109 - | epoch : 133 | training done |
2021-12-31 12:51:45.956 | INFO     | __main__:<module>:242 - | epoch : 133 | val done |
2021-12-31 12:54:44.276 | INFO     | __main__:<module>:109 - | epoch : 134 | training done |
2021-12-31 12:55:10.296 | INFO     | __main__:<module>:242 - | epoch : 134 | val done |
2021-12-31 12:58:03.525 | INFO     | __main__:<module>:109 - | epoch : 135 | training done |
2021-12-31 12:58:30.259 | INFO     | __main__:<module>:242 - | epoch : 135 | val done |
2021-12-31 13:01:19.861 | INFO     | __main__:<module>:109 - | epoch : 136 | training done |
2021-12-31 13:01:46.580 | INFO     | __main__:<module>:242 - | epoch : 136 | val done |
2021-12-31 13:04:34.716 | INFO     | __main__:<module>:109 - | epoch : 137 | training done |
2021-12-31 13:05:01.477 | INFO     | __main__:<module>:242 - | epoch : 137 | val done |
2021-12-31 13:07:51.068 | INFO     | __main__:<module>:109 - | epoch : 138 | training done |
2021-12-31 13:08:17.923 | INFO     | __main__:<module>:242 - | epoch : 138 | val done |
2021-12-31 13:11:12.837 | INFO     | __main__:<module>:109 - | epoch : 139 | training done |
2021-12-31 13:11:38.417 | INFO     | __main__:<module>:242 - | epoch : 139 | val done |
2021-12-31 13:14:36.453 | INFO     | __main__:<module>:109 - | epoch : 140 | training done |
2021-12-31 13:15:01.148 | INFO     | __main__:<module>:242 - | epoch : 140 | val done |
2021-12-31 13:17:59.471 | INFO     | __main__:<module>:109 - | epoch : 141 | training done |
2021-12-31 13:18:25.057 | INFO     | __main__:<module>:242 - | epoch : 141 | val done |
2021-12-31 13:21:20.059 | INFO     | __main__:<module>:109 - | epoch : 142 | training done |
2021-12-31 13:21:46.460 | INFO     | __main__:<module>:242 - | epoch : 142 | val done |
2021-12-31 13:24:37.632 | INFO     | __main__:<module>:109 - | epoch : 143 | training done |
2021-12-31 13:25:04.329 | INFO     | __main__:<module>:242 - | epoch : 143 | val done |
2021-12-31 13:27:53.513 | INFO     | __main__:<module>:109 - | epoch : 144 | training done |
2021-12-31 13:28:20.429 | INFO     | __main__:<module>:242 - | epoch : 144 | val done |
2021-12-31 13:31:09.453 | INFO     | __main__:<module>:109 - | epoch : 145 | training done |
2021-12-31 13:31:36.250 | INFO     | __main__:<module>:242 - | epoch : 145 | val done |
2021-12-31 13:34:28.738 | INFO     | __main__:<module>:109 - | epoch : 146 | training done |
2021-12-31 13:34:55.029 | INFO     | __main__:<module>:242 - | epoch : 146 | val done |
2021-12-31 13:37:51.232 | INFO     | __main__:<module>:109 - | epoch : 147 | training done |
2021-12-31 13:38:16.452 | INFO     | __main__:<module>:242 - | epoch : 147 | val done |
2021-12-31 13:41:14.956 | INFO     | __main__:<module>:109 - | epoch : 148 | training done |
2021-12-31 13:41:39.754 | INFO     | __main__:<module>:242 - | epoch : 148 | val done |
2021-12-31 13:44:36.683 | INFO     | __main__:<module>:109 - | epoch : 149 | training done |
2021-12-31 13:45:02.731 | INFO     | __main__:<module>:242 - | epoch : 149 | val done |
2021-12-31 13:47:54.735 | INFO     | __main__:<module>:109 - | epoch : 150 | training done |
2021-12-31 13:48:21.465 | INFO     | __main__:<module>:242 - | epoch : 150 | val done |
2021-12-31 13:51:10.800 | INFO     | __main__:<module>:109 - | epoch : 151 | training done |
2021-12-31 13:51:37.586 | INFO     | __main__:<module>:242 - | epoch : 151 | val done |
2021-12-31 13:54:27.292 | INFO     | __main__:<module>:109 - | epoch : 152 | training done |
2021-12-31 13:54:54.037 | INFO     | __main__:<module>:242 - | epoch : 152 | val done |
2021-12-31 13:57:44.810 | INFO     | __main__:<module>:109 - | epoch : 153 | training done |
2021-12-31 13:58:11.408 | INFO     | __main__:<module>:242 - | epoch : 153 | val done |
2021-12-31 14:01:06.543 | INFO     | __main__:<module>:109 - | epoch : 154 | training done |
2021-12-31 14:01:32.004 | INFO     | __main__:<module>:242 - | epoch : 154 | val done |
2021-12-31 14:04:30.236 | INFO     | __main__:<module>:109 - | epoch : 155 | training done |
2021-12-31 14:04:54.997 | INFO     | __main__:<module>:242 - | epoch : 155 | val done |
2021-12-31 14:07:53.722 | INFO     | __main__:<module>:109 - | epoch : 156 | training done |
2021-12-31 14:08:19.729 | INFO     | __main__:<module>:242 - | epoch : 156 | val done |
2021-12-31 14:11:13.840 | INFO     | __main__:<module>:109 - | epoch : 157 | training done |
2021-12-31 14:11:40.601 | INFO     | __main__:<module>:242 - | epoch : 157 | val done |
2021-12-31 14:14:31.043 | INFO     | __main__:<module>:109 - | epoch : 158 | training done |
2021-12-31 14:14:57.891 | INFO     | __main__:<module>:242 - | epoch : 158 | val done |
2021-12-31 14:17:47.196 | INFO     | __main__:<module>:109 - | epoch : 159 | training done |
2021-12-31 14:18:14.044 | INFO     | __main__:<module>:242 - | epoch : 159 | val done |
2021-12-31 14:21:03.288 | INFO     | __main__:<module>:109 - | epoch : 160 | training done |
2021-12-31 14:21:30.157 | INFO     | __main__:<module>:242 - | epoch : 160 | val done |
2021-12-31 14:24:23.080 | INFO     | __main__:<module>:109 - | epoch : 161 | training done |
2021-12-31 14:24:49.371 | INFO     | __main__:<module>:242 - | epoch : 161 | val done |
2021-12-31 14:27:46.529 | INFO     | __main__:<module>:109 - | epoch : 162 | training done |
2021-12-31 14:28:11.714 | INFO     | __main__:<module>:242 - | epoch : 162 | val done |
2021-12-31 14:31:09.931 | INFO     | __main__:<module>:109 - | epoch : 163 | training done |
2021-12-31 14:31:35.141 | INFO     | __main__:<module>:242 - | epoch : 163 | val done |
2021-12-31 14:34:30.562 | INFO     | __main__:<module>:109 - | epoch : 164 | training done |
2021-12-31 14:34:56.650 | INFO     | __main__:<module>:242 - | epoch : 164 | val done |
2021-12-31 14:37:48.765 | INFO     | __main__:<module>:109 - | epoch : 165 | training done |
2021-12-31 14:38:15.550 | INFO     | __main__:<module>:242 - | epoch : 165 | val done |
2021-12-31 14:41:04.565 | INFO     | __main__:<module>:109 - | epoch : 166 | training done |
2021-12-31 14:41:31.417 | INFO     | __main__:<module>:242 - | epoch : 166 | val done |
2021-12-31 14:44:20.296 | INFO     | __main__:<module>:109 - | epoch : 167 | training done |
2021-12-31 14:44:47.009 | INFO     | __main__:<module>:242 - | epoch : 167 | val done |
2021-12-31 14:47:38.999 | INFO     | __main__:<module>:109 - | epoch : 168 | training done |
2021-12-31 14:48:05.557 | INFO     | __main__:<module>:242 - | epoch : 168 | val done |
2021-12-31 14:51:01.566 | INFO     | __main__:<module>:109 - | epoch : 169 | training done |
2021-12-31 14:51:26.997 | INFO     | __main__:<module>:242 - | epoch : 169 | val done |
2021-12-31 14:54:25.536 | INFO     | __main__:<module>:109 - | epoch : 170 | training done |
2021-12-31 14:54:50.291 | INFO     | __main__:<module>:242 - | epoch : 170 | val done |
2021-12-31 14:57:47.276 | INFO     | __main__:<module>:109 - | epoch : 171 | training done |
2021-12-31 14:58:13.171 | INFO     | __main__:<module>:242 - | epoch : 171 | val done |
2021-12-31 15:01:05.935 | INFO     | __main__:<module>:109 - | epoch : 172 | training done |
2021-12-31 15:01:32.656 | INFO     | __main__:<module>:242 - | epoch : 172 | val done |
2021-12-31 15:04:21.695 | INFO     | __main__:<module>:109 - | epoch : 173 | training done |
2021-12-31 15:04:48.595 | INFO     | __main__:<module>:242 - | epoch : 173 | val done |
2021-12-31 15:07:38.248 | INFO     | __main__:<module>:109 - | epoch : 174 | training done |
2021-12-31 15:08:05.129 | INFO     | __main__:<module>:242 - | epoch : 174 | val done |
2021-12-31 15:10:55.209 | INFO     | __main__:<module>:109 - | epoch : 175 | training done |
2021-12-31 15:11:22.013 | INFO     | __main__:<module>:242 - | epoch : 175 | val done |
2021-12-31 15:14:17.078 | INFO     | __main__:<module>:109 - | epoch : 176 | training done |
2021-12-31 15:14:42.897 | INFO     | __main__:<module>:242 - | epoch : 176 | val done |
2021-12-31 15:17:41.491 | INFO     | __main__:<module>:109 - | epoch : 177 | training done |
2021-12-31 15:18:06.421 | INFO     | __main__:<module>:242 - | epoch : 177 | val done |
2021-12-31 15:21:04.971 | INFO     | __main__:<module>:109 - | epoch : 178 | training done |
2021-12-31 15:21:30.556 | INFO     | __main__:<module>:242 - | epoch : 178 | val done |
2021-12-31 15:24:25.464 | INFO     | __main__:<module>:109 - | epoch : 179 | training done |
2021-12-31 15:24:51.972 | INFO     | __main__:<module>:242 - | epoch : 179 | val done |
2021-12-31 15:27:43.328 | INFO     | __main__:<module>:109 - | epoch : 180 | training done |
2021-12-31 15:28:10.139 | INFO     | __main__:<module>:242 - | epoch : 180 | val done |
2021-12-31 15:30:59.508 | INFO     | __main__:<module>:109 - | epoch : 181 | training done |
2021-12-31 15:31:26.375 | INFO     | __main__:<module>:242 - | epoch : 181 | val done |
2021-12-31 15:34:16.609 | INFO     | __main__:<module>:109 - | epoch : 182 | training done |
2021-12-31 15:34:43.508 | INFO     | __main__:<module>:242 - | epoch : 182 | val done |
2021-12-31 15:37:35.906 | INFO     | __main__:<module>:109 - | epoch : 183 | training done |
2021-12-31 15:38:02.186 | INFO     | __main__:<module>:242 - | epoch : 183 | val done |
2021-12-31 15:40:58.931 | INFO     | __main__:<module>:109 - | epoch : 184 | training done |
2021-12-31 15:41:24.345 | INFO     | __main__:<module>:242 - | epoch : 184 | val done |
2021-12-31 15:44:22.496 | INFO     | __main__:<module>:109 - | epoch : 185 | training done |
2021-12-31 15:44:47.397 | INFO     | __main__:<module>:242 - | epoch : 185 | val done |
2021-12-31 15:47:44.697 | INFO     | __main__:<module>:109 - | epoch : 186 | training done |
2021-12-31 15:48:10.652 | INFO     | __main__:<module>:242 - | epoch : 186 | val done |
2021-12-31 15:51:03.301 | INFO     | __main__:<module>:109 - | epoch : 187 | training done |
2021-12-31 15:51:30.076 | INFO     | __main__:<module>:242 - | epoch : 187 | val done |
2021-12-31 15:54:19.651 | INFO     | __main__:<module>:109 - | epoch : 188 | training done |
2021-12-31 15:54:46.507 | INFO     | __main__:<module>:242 - | epoch : 188 | val done |
2021-12-31 15:57:36.137 | INFO     | __main__:<module>:109 - | epoch : 189 | training done |
2021-12-31 15:58:03.115 | INFO     | __main__:<module>:242 - | epoch : 189 | val done |
2021-12-31 16:00:53.651 | INFO     | __main__:<module>:109 - | epoch : 190 | training done |
2021-12-31 16:01:20.537 | INFO     | __main__:<module>:242 - | epoch : 190 | val done |
2021-12-31 16:04:14.646 | INFO     | __main__:<module>:109 - | epoch : 191 | training done |
2021-12-31 16:04:40.195 | INFO     | __main__:<module>:242 - | epoch : 191 | val done |
2021-12-31 16:07:38.695 | INFO     | __main__:<module>:109 - | epoch : 192 | training done |
2021-12-31 16:08:03.232 | INFO     | __main__:<module>:242 - | epoch : 192 | val done |
2021-12-31 16:11:01.621 | INFO     | __main__:<module>:109 - | epoch : 193 | training done |
2021-12-31 16:11:27.293 | INFO     | __main__:<module>:242 - | epoch : 193 | val done |
2021-12-31 16:14:21.668 | INFO     | __main__:<module>:109 - | epoch : 194 | training done |
2021-12-31 16:14:48.200 | INFO     | __main__:<module>:242 - | epoch : 194 | val done |
2021-12-31 16:17:40.546 | INFO     | __main__:<module>:109 - | epoch : 195 | training done |
2021-12-31 16:18:07.826 | INFO     | __main__:<module>:242 - | epoch : 195 | val done |
2021-12-31 16:20:58.056 | INFO     | __main__:<module>:109 - | epoch : 196 | training done |
2021-12-31 16:21:25.079 | INFO     | __main__:<module>:242 - | epoch : 196 | val done |
2021-12-31 16:24:15.589 | INFO     | __main__:<module>:109 - | epoch : 197 | training done |
2021-12-31 16:24:42.480 | INFO     | __main__:<module>:242 - | epoch : 197 | val done |
2021-12-31 16:27:36.360 | INFO     | __main__:<module>:109 - | epoch : 198 | training done |
2021-12-31 16:28:02.843 | INFO     | __main__:<module>:242 - | epoch : 198 | val done |
2021-12-31 16:30:59.738 | INFO     | __main__:<module>:109 - | epoch : 199 | training done |
2021-12-31 16:31:24.976 | INFO     | __main__:<module>:242 - | epoch : 199 | val done |
2021-12-31 16:34:23.377 | INFO     | __main__:<module>:109 - | epoch : 200 | training done |
2021-12-31 16:34:48.993 | INFO     | __main__:<module>:242 - | epoch : 200 | val done |
2021-12-31 16:36:39.667 | INFO     | __main__:<module>:109 - | epoch : 201 | training done |
2021-12-31 16:37:02.090 | INFO     | __main__:<module>:242 - | epoch : 201 | val done |
2021-12-31 16:38:52.406 | INFO     | __main__:<module>:109 - | epoch : 202 | training done |
2021-12-31 16:39:14.633 | INFO     | __main__:<module>:242 - | epoch : 202 | val done |
2021-12-31 16:41:03.703 | INFO     | __main__:<module>:109 - | epoch : 203 | training done |
2021-12-31 16:41:25.880 | INFO     | __main__:<module>:242 - | epoch : 203 | val done |
2021-12-31 16:43:14.323 | INFO     | __main__:<module>:109 - | epoch : 204 | training done |
2021-12-31 16:43:36.580 | INFO     | __main__:<module>:242 - | epoch : 204 | val done |
2021-12-31 16:45:25.050 | INFO     | __main__:<module>:109 - | epoch : 205 | training done |
2021-12-31 16:45:47.165 | INFO     | __main__:<module>:242 - | epoch : 205 | val done |
2021-12-31 16:47:35.744 | INFO     | __main__:<module>:109 - | epoch : 206 | training done |
2021-12-31 16:47:58.231 | INFO     | __main__:<module>:242 - | epoch : 206 | val done |
2021-12-31 16:49:46.743 | INFO     | __main__:<module>:109 - | epoch : 207 | training done |
2021-12-31 16:50:09.293 | INFO     | __main__:<module>:242 - | epoch : 207 | val done |
2021-12-31 16:51:57.989 | INFO     | __main__:<module>:109 - | epoch : 208 | training done |
2021-12-31 16:52:20.561 | INFO     | __main__:<module>:242 - | epoch : 208 | val done |
2021-12-31 16:54:48.399 | INFO     | __main__:<module>:109 - | epoch : 209 | training done |
2021-12-31 16:55:15.635 | INFO     | __main__:<module>:242 - | epoch : 209 | val done |
2021-12-31 16:58:03.658 | INFO     | __main__:<module>:109 - | epoch : 210 | training done |
2021-12-31 16:58:30.892 | INFO     | __main__:<module>:242 - | epoch : 210 | val done |
2021-12-31 17:01:18.557 | INFO     | __main__:<module>:109 - | epoch : 211 | training done |
2021-12-31 17:01:45.767 | INFO     | __main__:<module>:242 - | epoch : 211 | val done |
2021-12-31 17:04:33.517 | INFO     | __main__:<module>:109 - | epoch : 212 | training done |
2021-12-31 17:04:59.910 | INFO     | __main__:<module>:242 - | epoch : 212 | val done |
2021-12-31 17:07:50.974 | INFO     | __main__:<module>:109 - | epoch : 213 | training done |
2021-12-31 17:08:16.734 | INFO     | __main__:<module>:242 - | epoch : 213 | val done |
2021-12-31 17:11:11.533 | INFO     | __main__:<module>:109 - | epoch : 214 | training done |
2021-12-31 17:11:36.587 | INFO     | __main__:<module>:242 - | epoch : 214 | val done |
2021-12-31 17:14:31.863 | INFO     | __main__:<module>:109 - | epoch : 215 | training done |
2021-12-31 17:14:57.667 | INFO     | __main__:<module>:242 - | epoch : 215 | val done |
2021-12-31 17:17:50.238 | INFO     | __main__:<module>:109 - | epoch : 216 | training done |
2021-12-31 17:18:16.734 | INFO     | __main__:<module>:242 - | epoch : 216 | val done |
2021-12-31 17:21:05.723 | INFO     | __main__:<module>:109 - | epoch : 217 | training done |
2021-12-31 17:21:33.120 | INFO     | __main__:<module>:242 - | epoch : 217 | val done |
2021-12-31 17:24:21.443 | INFO     | __main__:<module>:109 - | epoch : 218 | training done |
2021-12-31 17:24:48.622 | INFO     | __main__:<module>:242 - | epoch : 218 | val done |
2021-12-31 17:27:36.526 | INFO     | __main__:<module>:109 - | epoch : 219 | training done |
2021-12-31 17:28:03.751 | INFO     | __main__:<module>:242 - | epoch : 219 | val done |
2021-12-31 17:30:50.888 | INFO     | __main__:<module>:109 - | epoch : 220 | training done |
2021-12-31 17:31:17.922 | INFO     | __main__:<module>:242 - | epoch : 220 | val done |
2021-12-31 17:34:07.135 | INFO     | __main__:<module>:109 - | epoch : 221 | training done |
2021-12-31 17:34:33.496 | INFO     | __main__:<module>:242 - | epoch : 221 | val done |
2021-12-31 17:37:25.945 | INFO     | __main__:<module>:109 - | epoch : 222 | training done |
2021-12-31 17:37:51.284 | INFO     | __main__:<module>:242 - | epoch : 222 | val done |
2021-12-31 17:40:46.733 | INFO     | __main__:<module>:109 - | epoch : 223 | training done |
2021-12-31 17:41:12.234 | INFO     | __main__:<module>:242 - | epoch : 223 | val done |
2021-12-31 17:44:06.816 | INFO     | __main__:<module>:109 - | epoch : 224 | training done |
2021-12-31 17:44:32.659 | INFO     | __main__:<module>:242 - | epoch : 224 | val done |
2021-12-31 17:47:23.425 | INFO     | __main__:<module>:109 - | epoch : 225 | training done |
2021-12-31 17:47:50.371 | INFO     | __main__:<module>:242 - | epoch : 225 | val done |
2021-12-31 17:50:38.904 | INFO     | __main__:<module>:109 - | epoch : 226 | training done |
2021-12-31 17:51:06.148 | INFO     | __main__:<module>:242 - | epoch : 226 | val done |
2021-12-31 17:53:54.002 | INFO     | __main__:<module>:109 - | epoch : 227 | training done |
2021-12-31 17:54:21.111 | INFO     | __main__:<module>:242 - | epoch : 227 | val done |
2021-12-31 17:57:08.584 | INFO     | __main__:<module>:109 - | epoch : 228 | training done |
2021-12-31 17:57:35.624 | INFO     | __main__:<module>:242 - | epoch : 228 | val done |
2021-12-31 18:00:24.201 | INFO     | __main__:<module>:109 - | epoch : 229 | training done |
2021-12-31 18:00:50.632 | INFO     | __main__:<module>:242 - | epoch : 229 | val done |
2021-12-31 20:30:59.114 | INFO     | __main__:<module>:83 - | start training .... | current model segformer_b2 |
2021-12-31 20:31:51.227 | INFO     | __main__:<module>:111 - | epoch : 0 | training done |
2021-12-31 20:32:06.731 | INFO     | __main__:<module>:240 - | epoch : 0 | CVC-300 : 0.38527612383765186 | CVC-ClinicDB : 0.5089878371438057 | CVC-ColonDB : 0.45329585139947953 | ETIS-LaribPolypDB : 0.3941741744658833 | Kvasir : 0.5461537638126762 |
2021-12-31 20:32:06.731 | CRITICAL | __main__:<module>:241 - | epoch : 0 | best_val_dice_score : 0.4575775501318994 |
2021-12-31 20:32:58.923 | INFO     | __main__:<module>:111 - | epoch : 1 | training done |
2021-12-31 20:33:14.417 | INFO     | __main__:<module>:240 - | epoch : 1 | CVC-300 : 0.4329171466940227 | CVC-ClinicDB : 0.5610820051942191 | CVC-ColonDB : 0.49364210840675254 | ETIS-LaribPolypDB : 0.4373017345272638 | Kvasir : 0.5980795633196563 |
2021-12-31 20:33:14.418 | CRITICAL | __main__:<module>:241 - | epoch : 1 | best_val_dice_score : 0.5046045116283829 |
2021-12-31 20:34:06.867 | INFO     | __main__:<module>:111 - | epoch : 2 | training done |
2021-12-31 20:34:22.460 | INFO     | __main__:<module>:240 - | epoch : 2 | CVC-300 : 0.46550667057506384 | CVC-ClinicDB : 0.5812943532674076 | CVC-ColonDB : 0.5411406239853513 | ETIS-LaribPolypDB : 0.5080024772787533 | Kvasir : 0.6207667590233862 |
2021-12-31 20:34:22.460 | CRITICAL | __main__:<module>:241 - | epoch : 2 | best_val_dice_score : 0.5433421768259924 |
2021-12-31 20:35:14.958 | INFO     | __main__:<module>:111 - | epoch : 3 | training done |
2021-12-31 20:35:30.647 | INFO     | __main__:<module>:240 - | epoch : 3 | CVC-300 : 0.4812303827866704 | CVC-ClinicDB : 0.5905870405344301 | CVC-ColonDB : 0.5370873506297736 | ETIS-LaribPolypDB : 0.49354799785831455 | Kvasir : 0.628679288564186 |
2021-12-31 20:35:30.648 | CRITICAL | __main__:<module>:241 - | epoch : 3 | best_val_dice_score : 0.5462264120746749 |
2021-12-31 20:36:23.183 | INFO     | __main__:<module>:111 - | epoch : 4 | training done |
2021-12-31 20:36:38.928 | INFO     | __main__:<module>:240 - | epoch : 4 | CVC-300 : 0.6461733542339749 | CVC-ClinicDB : 0.822535440094339 | CVC-ColonDB : 0.7359632258345438 | ETIS-LaribPolypDB : 0.7052771385219543 | Kvasir : 0.8895153239751171 |
2021-12-31 20:36:38.928 | CRITICAL | __main__:<module>:241 - | epoch : 4 | best_val_dice_score : 0.7598928965319859 |
2021-12-31 20:37:31.448 | INFO     | __main__:<module>:111 - | epoch : 5 | training done |
2021-12-31 20:37:46.984 | INFO     | __main__:<module>:240 - | epoch : 5 | CVC-300 : 0.6879635246196854 | CVC-ClinicDB : 0.911058851438437 | CVC-ColonDB : 0.7758960537564713 | ETIS-LaribPolypDB : 0.7415060968463004 | Kvasir : 0.9059405063426854 |
2021-12-31 20:37:46.984 | CRITICAL | __main__:<module>:241 - | epoch : 5 | best_val_dice_score : 0.804473006600716 |
2021-12-31 20:38:39.422 | INFO     | __main__:<module>:111 - | epoch : 6 | training done |
2021-12-31 20:38:55.235 | INFO     | __main__:<module>:244 - | epoch : 6 | val done |
2021-12-31 20:39:47.380 | INFO     | __main__:<module>:111 - | epoch : 7 | training done |
2021-12-31 20:40:03.039 | INFO     | __main__:<module>:240 - | epoch : 7 | CVC-300 : 0.7941339645640159 | CVC-ClinicDB : 0.8979991108351387 | CVC-ColonDB : 0.813443624021967 | ETIS-LaribPolypDB : 0.7887277117672582 | Kvasir : 0.9205465390263617 |
2021-12-31 20:40:03.039 | CRITICAL | __main__:<module>:241 - | epoch : 7 | best_val_dice_score : 0.8429701900429484 |
2021-12-31 20:40:55.490 | INFO     | __main__:<module>:111 - | epoch : 8 | training done |
2021-12-31 20:41:11.199 | INFO     | __main__:<module>:240 - | epoch : 8 | CVC-300 : 0.8018507882826188 | CVC-ClinicDB : 0.9129657606331353 | CVC-ColonDB : 0.8067464431288953 | ETIS-LaribPolypDB : 0.7914252345953935 | Kvasir : 0.9106502896459894 |
2021-12-31 20:41:11.199 | CRITICAL | __main__:<module>:241 - | epoch : 8 | best_val_dice_score : 0.8447277032572064 |
2021-12-31 20:42:03.580 | INFO     | __main__:<module>:111 - | epoch : 9 | training done |
2021-12-31 20:42:19.414 | INFO     | __main__:<module>:240 - | epoch : 9 | CVC-300 : 0.7969850736684657 | CVC-ClinicDB : 0.9144520723974947 | CVC-ColonDB : 0.8134953324045727 | ETIS-LaribPolypDB : 0.8261072418312557 | Kvasir : 0.9159016800273125 |
2021-12-31 20:42:19.414 | CRITICAL | __main__:<module>:241 - | epoch : 9 | best_val_dice_score : 0.8533882800658203 |
2021-12-31 20:43:11.939 | INFO     | __main__:<module>:111 - | epoch : 10 | training done |
2021-12-31 20:43:27.581 | INFO     | __main__:<module>:244 - | epoch : 10 | val done |
2021-12-31 20:44:19.719 | INFO     | __main__:<module>:111 - | epoch : 11 | training done |
2021-12-31 20:44:35.387 | INFO     | __main__:<module>:240 - | epoch : 11 | CVC-300 : 0.8842035839842024 | CVC-ClinicDB : 0.9167380478904906 | CVC-ColonDB : 0.8285244912789226 | ETIS-LaribPolypDB : 0.8398204739779667 | Kvasir : 0.9240378891482204 |
2021-12-31 20:44:35.387 | CRITICAL | __main__:<module>:241 - | epoch : 11 | best_val_dice_score : 0.8786648972559605 |
2021-12-31 20:45:27.943 | INFO     | __main__:<module>:111 - | epoch : 12 | training done |
2021-12-31 20:45:43.662 | INFO     | __main__:<module>:240 - | epoch : 12 | CVC-300 : 0.8852727251208488 | CVC-ClinicDB : 0.9177219127869704 | CVC-ColonDB : 0.8450259075492191 | ETIS-LaribPolypDB : 0.8571246665489789 | Kvasir : 0.9298767111540323 |
2021-12-31 20:45:43.663 | CRITICAL | __main__:<module>:241 - | epoch : 12 | best_val_dice_score : 0.8870043846320097 |
2021-12-31 20:46:36.208 | INFO     | __main__:<module>:111 - | epoch : 13 | training done |
2021-12-31 20:46:51.938 | INFO     | __main__:<module>:244 - | epoch : 13 | val done |
2021-12-31 20:47:44.082 | INFO     | __main__:<module>:111 - | epoch : 14 | training done |
2021-12-31 20:47:59.707 | INFO     | __main__:<module>:240 - | epoch : 14 | CVC-300 : 0.9104294571836394 | CVC-ClinicDB : 0.9287238921350942 | CVC-ColonDB : 0.858263381525661 | ETIS-LaribPolypDB : 0.8756781847196423 | Kvasir : 0.9331809494708057 |
2021-12-31 20:47:59.707 | CRITICAL | __main__:<module>:241 - | epoch : 14 | best_val_dice_score : 0.9012551730069684 |
2021-12-31 20:48:52.270 | INFO     | __main__:<module>:111 - | epoch : 15 | training done |
2021-12-31 20:49:08.093 | INFO     | __main__:<module>:244 - | epoch : 15 | val done |
2021-12-31 20:50:00.247 | INFO     | __main__:<module>:111 - | epoch : 16 | training done |
2021-12-31 20:50:16.043 | INFO     | __main__:<module>:244 - | epoch : 16 | val done |
2021-12-31 20:51:08.127 | INFO     | __main__:<module>:111 - | epoch : 17 | training done |
2021-12-31 20:51:23.857 | INFO     | __main__:<module>:244 - | epoch : 17 | val done |
2021-12-31 20:52:15.947 | INFO     | __main__:<module>:111 - | epoch : 18 | training done |
2021-12-31 20:52:31.611 | INFO     | __main__:<module>:244 - | epoch : 18 | val done |
2021-12-31 20:53:23.757 | INFO     | __main__:<module>:111 - | epoch : 19 | training done |
2021-12-31 20:53:39.501 | INFO     | __main__:<module>:244 - | epoch : 19 | val done |
2021-12-31 20:54:31.637 | INFO     | __main__:<module>:111 - | epoch : 20 | training done |
2021-12-31 20:54:47.513 | INFO     | __main__:<module>:244 - | epoch : 20 | val done |
2021-12-31 20:55:39.634 | INFO     | __main__:<module>:111 - | epoch : 21 | training done |
2021-12-31 20:55:55.205 | INFO     | __main__:<module>:244 - | epoch : 21 | val done |
2021-12-31 20:56:47.288 | INFO     | __main__:<module>:111 - | epoch : 22 | training done |
2021-12-31 20:57:03.005 | INFO     | __main__:<module>:244 - | epoch : 22 | val done |
2021-12-31 20:57:55.164 | INFO     | __main__:<module>:111 - | epoch : 23 | training done |
2021-12-31 20:58:10.958 | INFO     | __main__:<module>:244 - | epoch : 23 | val done |
2021-12-31 20:59:03.121 | INFO     | __main__:<module>:111 - | epoch : 24 | training done |
2021-12-31 20:59:18.876 | INFO     | __main__:<module>:244 - | epoch : 24 | val done |
2021-12-31 21:00:11.070 | INFO     | __main__:<module>:111 - | epoch : 25 | training done |
2021-12-31 21:00:26.823 | INFO     | __main__:<module>:244 - | epoch : 25 | val done |
2021-12-31 21:01:18.930 | INFO     | __main__:<module>:111 - | epoch : 26 | training done |
2021-12-31 21:01:34.657 | INFO     | __main__:<module>:244 - | epoch : 26 | val done |
2021-12-31 21:02:26.845 | INFO     | __main__:<module>:111 - | epoch : 27 | training done |
2021-12-31 21:02:42.529 | INFO     | __main__:<module>:240 - | epoch : 27 | CVC-300 : 0.9139705163514842 | CVC-ClinicDB : 0.9377216643243393 | CVC-ColonDB : 0.8482936664490653 | ETIS-LaribPolypDB : 0.8765059642506592 | Kvasir : 0.9346196044676757 |
2021-12-31 21:02:42.530 | CRITICAL | __main__:<module>:241 - | epoch : 27 | best_val_dice_score : 0.9022222831686447 |
2021-12-31 21:03:35.162 | INFO     | __main__:<module>:111 - | epoch : 28 | training done |
2021-12-31 21:03:50.964 | INFO     | __main__:<module>:244 - | epoch : 28 | val done |
2021-12-31 21:04:43.039 | INFO     | __main__:<module>:111 - | epoch : 29 | training done |
2021-12-31 21:04:58.849 | INFO     | __main__:<module>:240 - | epoch : 29 | CVC-300 : 0.9119290360050066 | CVC-ClinicDB : 0.926399086012999 | CVC-ColonDB : 0.8498555699108309 | ETIS-LaribPolypDB : 0.8870366111617147 | Kvasir : 0.9381164237244227 |
2021-12-31 21:04:58.849 | CRITICAL | __main__:<module>:241 - | epoch : 29 | best_val_dice_score : 0.9026673453629949 |
2021-12-31 21:05:51.310 | INFO     | __main__:<module>:111 - | epoch : 30 | training done |
2021-12-31 21:06:07.175 | INFO     | __main__:<module>:240 - | epoch : 30 | CVC-300 : 0.9010452160444533 | CVC-ClinicDB : 0.9432180817949931 | CVC-ColonDB : 0.8441452358405132 | ETIS-LaribPolypDB : 0.8925905889872099 | Kvasir : 0.9377626448893843 |
2021-12-31 21:06:07.176 | CRITICAL | __main__:<module>:241 - | epoch : 30 | best_val_dice_score : 0.9037523535113108 |
2021-12-31 21:06:59.749 | INFO     | __main__:<module>:111 - | epoch : 31 | training done |
2021-12-31 21:07:15.287 | INFO     | __main__:<module>:244 - | epoch : 31 | val done |
2021-12-31 21:08:07.462 | INFO     | __main__:<module>:111 - | epoch : 32 | training done |
2021-12-31 21:08:23.228 | INFO     | __main__:<module>:244 - | epoch : 32 | val done |
2021-12-31 21:09:15.349 | INFO     | __main__:<module>:111 - | epoch : 33 | training done |
2021-12-31 21:09:30.910 | INFO     | __main__:<module>:240 - | epoch : 33 | CVC-300 : 0.9176860997748181 | CVC-ClinicDB : 0.9361759428416083 | CVC-ColonDB : 0.8407976364436435 | ETIS-LaribPolypDB : 0.8869296605344388 | Kvasir : 0.9445645630777466 |
2021-12-31 21:09:30.911 | CRITICAL | __main__:<module>:241 - | epoch : 33 | best_val_dice_score : 0.905230780534451 |
2021-12-31 21:10:23.405 | INFO     | __main__:<module>:111 - | epoch : 34 | training done |
2021-12-31 21:10:39.223 | INFO     | __main__:<module>:244 - | epoch : 34 | val done |
2021-12-31 21:11:31.357 | INFO     | __main__:<module>:111 - | epoch : 35 | training done |
2021-12-31 21:11:47.128 | INFO     | __main__:<module>:244 - | epoch : 35 | val done |
2021-12-31 21:12:39.221 | INFO     | __main__:<module>:111 - | epoch : 36 | training done |
2021-12-31 21:12:54.997 | INFO     | __main__:<module>:244 - | epoch : 36 | val done |
2021-12-31 21:13:47.144 | INFO     | __main__:<module>:111 - | epoch : 37 | training done |
2021-12-31 21:14:03.014 | INFO     | __main__:<module>:244 - | epoch : 37 | val done |
2021-12-31 21:14:55.133 | INFO     | __main__:<module>:111 - | epoch : 38 | training done |
2021-12-31 21:15:10.776 | INFO     | __main__:<module>:244 - | epoch : 38 | val done |
2021-12-31 21:16:02.950 | INFO     | __main__:<module>:111 - | epoch : 39 | training done |
2021-12-31 21:16:18.601 | INFO     | __main__:<module>:240 - | epoch : 39 | CVC-300 : 0.9219618823961815 | CVC-ClinicDB : 0.9514787927109976 | CVC-ColonDB : 0.840541995127008 | ETIS-LaribPolypDB : 0.8835417982756024 | Kvasir : 0.9326263721442613 |
2021-12-31 21:16:18.601 | CRITICAL | __main__:<module>:241 - | epoch : 39 | best_val_dice_score : 0.90603016813081 |
2021-12-31 21:17:11.180 | INFO     | __main__:<module>:111 - | epoch : 40 | training done |
2021-12-31 21:17:26.887 | INFO     | __main__:<module>:244 - | epoch : 40 | val done |
2021-12-31 21:18:19.021 | INFO     | __main__:<module>:111 - | epoch : 41 | training done |
2021-12-31 21:18:34.812 | INFO     | __main__:<module>:244 - | epoch : 41 | val done |
2021-12-31 21:19:26.947 | INFO     | __main__:<module>:111 - | epoch : 42 | training done |
2021-12-31 21:19:42.598 | INFO     | __main__:<module>:244 - | epoch : 42 | val done |
2021-12-31 21:20:34.740 | INFO     | __main__:<module>:111 - | epoch : 43 | training done |
2021-12-31 21:20:50.490 | INFO     | __main__:<module>:244 - | epoch : 43 | val done |
2021-12-31 21:21:42.719 | INFO     | __main__:<module>:111 - | epoch : 44 | training done |
2021-12-31 21:21:58.471 | INFO     | __main__:<module>:240 - | epoch : 44 | CVC-300 : 0.9180094379264689 | CVC-ClinicDB : 0.946645582788659 | CVC-ColonDB : 0.8473677572693304 | ETIS-LaribPolypDB : 0.8938938099008555 | Kvasir : 0.9287465799375669 |
2021-12-31 21:21:58.471 | CRITICAL | __main__:<module>:241 - | epoch : 44 | best_val_dice_score : 0.9069326335645762 |
2021-12-31 21:22:51.062 | INFO     | __main__:<module>:111 - | epoch : 45 | training done |
2021-12-31 21:23:06.788 | INFO     | __main__:<module>:244 - | epoch : 45 | val done |
2021-12-31 21:23:58.931 | INFO     | __main__:<module>:111 - | epoch : 46 | training done |
2021-12-31 21:24:14.526 | INFO     | __main__:<module>:244 - | epoch : 46 | val done |
2021-12-31 21:25:06.673 | INFO     | __main__:<module>:111 - | epoch : 47 | training done |
2021-12-31 21:25:22.621 | INFO     | __main__:<module>:244 - | epoch : 47 | val done |
2021-12-31 21:26:14.852 | INFO     | __main__:<module>:111 - | epoch : 48 | training done |
2021-12-31 21:26:30.553 | INFO     | __main__:<module>:244 - | epoch : 48 | val done |
2021-12-31 21:27:22.708 | INFO     | __main__:<module>:111 - | epoch : 49 | training done |
2021-12-31 21:27:38.459 | INFO     | __main__:<module>:244 - | epoch : 49 | val done |
2021-12-31 21:28:30.636 | INFO     | __main__:<module>:111 - | epoch : 50 | training done |
2021-12-31 21:28:46.375 | INFO     | __main__:<module>:244 - | epoch : 50 | val done |
2021-12-31 21:29:38.521 | INFO     | __main__:<module>:111 - | epoch : 51 | training done |
2021-12-31 21:29:54.159 | INFO     | __main__:<module>:244 - | epoch : 51 | val done |
2021-12-31 21:30:46.327 | INFO     | __main__:<module>:111 - | epoch : 52 | training done |
2021-12-31 21:31:02.043 | INFO     | __main__:<module>:244 - | epoch : 52 | val done |
2021-12-31 21:31:54.128 | INFO     | __main__:<module>:111 - | epoch : 53 | training done |
2021-12-31 21:32:09.970 | INFO     | __main__:<module>:244 - | epoch : 53 | val done |
2021-12-31 21:33:02.055 | INFO     | __main__:<module>:111 - | epoch : 54 | training done |
2021-12-31 21:33:17.802 | INFO     | __main__:<module>:244 - | epoch : 54 | val done |
2021-12-31 21:34:09.942 | INFO     | __main__:<module>:111 - | epoch : 55 | training done |
2021-12-31 21:34:25.744 | INFO     | __main__:<module>:244 - | epoch : 55 | val done |
2021-12-31 21:35:17.884 | INFO     | __main__:<module>:111 - | epoch : 56 | training done |
2021-12-31 21:35:33.639 | INFO     | __main__:<module>:244 - | epoch : 56 | val done |
2021-12-31 21:36:25.757 | INFO     | __main__:<module>:111 - | epoch : 57 | training done |
2021-12-31 21:36:41.386 | INFO     | __main__:<module>:244 - | epoch : 57 | val done |
2021-12-31 21:37:33.567 | INFO     | __main__:<module>:111 - | epoch : 58 | training done |
2021-12-31 21:37:49.236 | INFO     | __main__:<module>:244 - | epoch : 58 | val done |
2021-12-31 21:38:41.375 | INFO     | __main__:<module>:111 - | epoch : 59 | training done |
2021-12-31 21:38:56.935 | INFO     | __main__:<module>:244 - | epoch : 59 | val done |
2021-12-31 21:39:49.067 | INFO     | __main__:<module>:111 - | epoch : 60 | training done |
2021-12-31 21:40:04.882 | INFO     | __main__:<module>:244 - | epoch : 60 | val done |
2021-12-31 21:40:57.100 | INFO     | __main__:<module>:111 - | epoch : 61 | training done |
2021-12-31 21:41:12.787 | INFO     | __main__:<module>:244 - | epoch : 61 | val done |
2021-12-31 21:42:04.955 | INFO     | __main__:<module>:111 - | epoch : 62 | training done |
2021-12-31 21:42:20.757 | INFO     | __main__:<module>:244 - | epoch : 62 | val done |
2021-12-31 21:43:12.919 | INFO     | __main__:<module>:111 - | epoch : 63 | training done |
2021-12-31 21:43:28.691 | INFO     | __main__:<module>:244 - | epoch : 63 | val done |
2021-12-31 21:44:35.476 | INFO     | __main__:<module>:111 - | epoch : 64 | training done |
2021-12-31 21:44:57.725 | INFO     | __main__:<module>:244 - | epoch : 64 | val done |
2021-12-31 21:46:29.751 | INFO     | __main__:<module>:111 - | epoch : 65 | training done |
2021-12-31 21:46:52.046 | INFO     | __main__:<module>:244 - | epoch : 65 | val done |
2021-12-31 21:48:23.876 | INFO     | __main__:<module>:111 - | epoch : 66 | training done |
2021-12-31 21:48:46.165 | INFO     | __main__:<module>:244 - | epoch : 66 | val done |
2021-12-31 21:50:18.001 | INFO     | __main__:<module>:111 - | epoch : 67 | training done |
2021-12-31 21:50:40.111 | INFO     | __main__:<module>:244 - | epoch : 67 | val done |
2021-12-31 21:52:12.159 | INFO     | __main__:<module>:111 - | epoch : 68 | training done |
2021-12-31 21:52:33.991 | INFO     | __main__:<module>:244 - | epoch : 68 | val done |
2021-12-31 21:54:08.038 | INFO     | __main__:<module>:111 - | epoch : 69 | training done |
2021-12-31 21:54:28.623 | INFO     | __main__:<module>:244 - | epoch : 69 | val done |
2021-12-31 21:56:05.303 | INFO     | __main__:<module>:111 - | epoch : 70 | training done |
2021-12-31 21:56:25.277 | INFO     | __main__:<module>:244 - | epoch : 70 | val done |
2021-12-31 21:58:04.084 | INFO     | __main__:<module>:111 - | epoch : 71 | training done |
2021-12-31 21:58:22.764 | INFO     | __main__:<module>:240 - | epoch : 71 | CVC-300 : 0.927025205089753 | CVC-ClinicDB : 0.9459010097063638 | CVC-ColonDB : 0.8536341891339431 | ETIS-LaribPolypDB : 0.8862958457237267 | Kvasir : 0.9303689775012173 |
2021-12-31 21:58:22.764 | CRITICAL | __main__:<module>:241 - | epoch : 71 | best_val_dice_score : 0.9086450454310008 |
2021-12-31 22:00:05.316 | INFO     | __main__:<module>:111 - | epoch : 72 | training done |
2021-12-31 22:00:24.291 | INFO     | __main__:<module>:244 - | epoch : 72 | val done |
2021-12-31 22:02:05.838 | INFO     | __main__:<module>:111 - | epoch : 73 | training done |
2021-12-31 22:02:23.814 | INFO     | __main__:<module>:244 - | epoch : 73 | val done |
2021-12-31 22:04:05.793 | INFO     | __main__:<module>:111 - | epoch : 74 | training done |
2021-12-31 22:04:24.835 | INFO     | __main__:<module>:244 - | epoch : 74 | val done |
2021-12-31 22:06:04.305 | INFO     | __main__:<module>:111 - | epoch : 75 | training done |
2021-12-31 22:06:23.878 | INFO     | __main__:<module>:244 - | epoch : 75 | val done |
2021-12-31 22:08:00.159 | INFO     | __main__:<module>:111 - | epoch : 76 | training done |
2021-12-31 22:08:21.360 | INFO     | __main__:<module>:244 - | epoch : 76 | val done |
2021-12-31 22:09:54.527 | INFO     | __main__:<module>:111 - | epoch : 77 | training done |
2021-12-31 22:10:16.592 | INFO     | __main__:<module>:244 - | epoch : 77 | val done |
2021-12-31 22:11:48.252 | INFO     | __main__:<module>:111 - | epoch : 78 | training done |
2021-12-31 22:12:10.485 | INFO     | __main__:<module>:244 - | epoch : 78 | val done |
2021-12-31 22:13:42.222 | INFO     | __main__:<module>:111 - | epoch : 79 | training done |
2021-12-31 22:14:04.402 | INFO     | __main__:<module>:244 - | epoch : 79 | val done |
2021-12-31 22:15:36.365 | INFO     | __main__:<module>:111 - | epoch : 80 | training done |
2021-12-31 22:15:58.630 | INFO     | __main__:<module>:244 - | epoch : 80 | val done |
2021-12-31 22:17:30.146 | INFO     | __main__:<module>:111 - | epoch : 81 | training done |
2021-12-31 22:17:52.391 | INFO     | __main__:<module>:244 - | epoch : 81 | val done |
2021-12-31 22:19:24.194 | INFO     | __main__:<module>:111 - | epoch : 82 | training done |
2021-12-31 22:19:46.914 | INFO     | __main__:<module>:244 - | epoch : 82 | val done |
2021-12-31 22:21:18.734 | INFO     | __main__:<module>:111 - | epoch : 83 | training done |
2021-12-31 22:21:40.820 | INFO     | __main__:<module>:244 - | epoch : 83 | val done |
2021-12-31 22:23:14.166 | INFO     | __main__:<module>:111 - | epoch : 84 | training done |
2021-12-31 22:23:36.203 | INFO     | __main__:<module>:244 - | epoch : 84 | val done |
2021-12-31 22:25:07.974 | INFO     | __main__:<module>:111 - | epoch : 85 | training done |
2021-12-31 22:25:29.299 | INFO     | __main__:<module>:244 - | epoch : 85 | val done |
2021-12-31 22:27:04.439 | INFO     | __main__:<module>:111 - | epoch : 86 | training done |
2021-12-31 22:27:25.192 | INFO     | __main__:<module>:240 - | epoch : 86 | CVC-300 : 0.9332420392277456 | CVC-ClinicDB : 0.9514281859905548 | CVC-ColonDB : 0.854687543064311 | ETIS-LaribPolypDB : 0.8716065161449791 | Kvasir : 0.9393808536844239 |
2021-12-31 22:27:25.193 | CRITICAL | __main__:<module>:241 - | epoch : 86 | best_val_dice_score : 0.9100690276224028 |
2021-12-31 22:29:03.149 | INFO     | __main__:<module>:111 - | epoch : 87 | training done |
2021-12-31 22:29:22.978 | INFO     | __main__:<module>:240 - | epoch : 87 | CVC-300 : 0.9237714506789232 | CVC-ClinicDB : 0.9508991996281879 | CVC-ColonDB : 0.8526762374157114 | ETIS-LaribPolypDB : 0.9009648318495579 | Kvasir : 0.9316913053406336 |
2021-12-31 22:29:22.978 | CRITICAL | __main__:<module>:241 - | epoch : 87 | best_val_dice_score : 0.9120006049826028 |
2021-12-31 22:31:03.947 | INFO     | __main__:<module>:111 - | epoch : 88 | training done |
2021-12-31 22:31:22.387 | INFO     | __main__:<module>:244 - | epoch : 88 | val done |
2021-12-31 22:33:04.131 | INFO     | __main__:<module>:111 - | epoch : 89 | training done |
2021-12-31 22:33:22.880 | INFO     | __main__:<module>:244 - | epoch : 89 | val done |
2021-12-31 22:35:04.132 | INFO     | __main__:<module>:111 - | epoch : 90 | training done |
2021-12-31 22:35:22.717 | INFO     | __main__:<module>:244 - | epoch : 90 | val done |
2021-12-31 22:37:03.626 | INFO     | __main__:<module>:111 - | epoch : 91 | training done |
2021-12-31 22:37:23.539 | INFO     | __main__:<module>:244 - | epoch : 91 | val done |
2021-12-31 22:39:01.189 | INFO     | __main__:<module>:111 - | epoch : 92 | training done |
2021-12-31 22:39:21.760 | INFO     | __main__:<module>:244 - | epoch : 92 | val done |
2021-12-31 22:40:56.730 | INFO     | __main__:<module>:111 - | epoch : 93 | training done |
2021-12-31 22:41:18.497 | INFO     | __main__:<module>:244 - | epoch : 93 | val done |
2021-12-31 22:42:49.983 | INFO     | __main__:<module>:111 - | epoch : 94 | training done |
2021-12-31 22:43:12.052 | INFO     | __main__:<module>:244 - | epoch : 94 | val done |
2021-12-31 22:44:44.101 | INFO     | __main__:<module>:111 - | epoch : 95 | training done |
2021-12-31 22:45:06.309 | INFO     | __main__:<module>:244 - | epoch : 95 | val done |
2021-12-31 22:46:38.386 | INFO     | __main__:<module>:111 - | epoch : 96 | training done |
2021-12-31 22:47:00.773 | INFO     | __main__:<module>:244 - | epoch : 96 | val done |
2021-12-31 22:48:32.587 | INFO     | __main__:<module>:111 - | epoch : 97 | training done |
2021-12-31 22:48:54.581 | INFO     | __main__:<module>:244 - | epoch : 97 | val done |
2021-12-31 22:50:26.467 | INFO     | __main__:<module>:111 - | epoch : 98 | training done |
2021-12-31 22:50:48.782 | INFO     | __main__:<module>:244 - | epoch : 98 | val done |
2021-12-31 22:52:20.394 | INFO     | __main__:<module>:111 - | epoch : 99 | training done |
2021-12-31 22:52:42.478 | INFO     | __main__:<module>:244 - | epoch : 99 | val done |
2021-12-31 22:54:14.394 | INFO     | __main__:<module>:111 - | epoch : 100 | training done |
2021-12-31 22:54:36.413 | INFO     | __main__:<module>:244 - | epoch : 100 | val done |
2021-12-31 22:56:08.785 | INFO     | __main__:<module>:111 - | epoch : 101 | training done |
2021-12-31 22:56:30.238 | INFO     | __main__:<module>:244 - | epoch : 101 | val done |
2021-12-31 22:58:04.332 | INFO     | __main__:<module>:111 - | epoch : 102 | training done |
2021-12-31 22:58:24.857 | INFO     | __main__:<module>:244 - | epoch : 102 | val done |
2021-12-31 23:00:01.713 | INFO     | __main__:<module>:111 - | epoch : 103 | training done |
2021-12-31 23:00:21.767 | INFO     | __main__:<module>:244 - | epoch : 103 | val done |
2021-12-31 23:02:00.098 | INFO     | __main__:<module>:111 - | epoch : 104 | training done |
2021-12-31 23:02:18.669 | INFO     | __main__:<module>:244 - | epoch : 104 | val done |
2021-12-31 23:04:00.474 | INFO     | __main__:<module>:111 - | epoch : 105 | training done |
2021-12-31 23:04:18.456 | INFO     | __main__:<module>:244 - | epoch : 105 | val done |
2021-12-31 23:05:59.901 | INFO     | __main__:<module>:111 - | epoch : 106 | training done |
2021-12-31 23:06:18.200 | INFO     | __main__:<module>:244 - | epoch : 106 | val done |
2021-12-31 23:07:59.475 | INFO     | __main__:<module>:111 - | epoch : 107 | training done |
2021-12-31 23:08:18.667 | INFO     | __main__:<module>:244 - | epoch : 107 | val done |
2021-12-31 23:09:58.863 | INFO     | __main__:<module>:111 - | epoch : 108 | training done |
2021-12-31 23:10:18.705 | INFO     | __main__:<module>:244 - | epoch : 108 | val done |
2021-12-31 23:11:55.312 | INFO     | __main__:<module>:111 - | epoch : 109 | training done |
2021-12-31 23:12:16.217 | INFO     | __main__:<module>:244 - | epoch : 109 | val done |
2021-12-31 23:13:49.964 | INFO     | __main__:<module>:111 - | epoch : 110 | training done |
2021-12-31 23:14:11.988 | INFO     | __main__:<module>:244 - | epoch : 110 | val done |
2021-12-31 23:15:43.790 | INFO     | __main__:<module>:111 - | epoch : 111 | training done |
2021-12-31 23:16:06.070 | INFO     | __main__:<module>:244 - | epoch : 111 | val done |
2021-12-31 23:17:38.026 | INFO     | __main__:<module>:111 - | epoch : 112 | training done |
2021-12-31 23:18:00.273 | INFO     | __main__:<module>:244 - | epoch : 112 | val done |
2021-12-31 23:19:31.884 | INFO     | __main__:<module>:111 - | epoch : 113 | training done |
2021-12-31 23:19:54.159 | INFO     | __main__:<module>:244 - | epoch : 113 | val done |
2021-12-31 23:21:26.311 | INFO     | __main__:<module>:111 - | epoch : 114 | training done |
2021-12-31 23:21:48.481 | INFO     | __main__:<module>:244 - | epoch : 114 | val done |
2021-12-31 23:23:20.668 | INFO     | __main__:<module>:111 - | epoch : 115 | training done |
2021-12-31 23:23:42.911 | INFO     | __main__:<module>:244 - | epoch : 115 | val done |
2021-12-31 23:25:14.246 | INFO     | __main__:<module>:111 - | epoch : 116 | training done |
2021-12-31 23:25:36.331 | INFO     | __main__:<module>:244 - | epoch : 116 | val done |
2021-12-31 23:27:08.569 | INFO     | __main__:<module>:111 - | epoch : 117 | training done |
2021-12-31 23:27:30.588 | INFO     | __main__:<module>:244 - | epoch : 117 | val done |
2021-12-31 23:29:02.925 | INFO     | __main__:<module>:111 - | epoch : 118 | training done |
2021-12-31 23:29:23.721 | INFO     | __main__:<module>:244 - | epoch : 118 | val done |
2021-12-31 23:30:59.353 | INFO     | __main__:<module>:111 - | epoch : 119 | training done |
2021-12-31 23:31:19.733 | INFO     | __main__:<module>:244 - | epoch : 119 | val done |
2021-12-31 23:32:57.546 | INFO     | __main__:<module>:111 - | epoch : 120 | training done |
2021-12-31 23:33:16.612 | INFO     | __main__:<module>:244 - | epoch : 120 | val done |
2021-12-31 23:34:57.575 | INFO     | __main__:<module>:111 - | epoch : 121 | training done |
2021-12-31 23:35:16.139 | INFO     | __main__:<module>:244 - | epoch : 121 | val done |
2021-12-31 23:36:57.545 | INFO     | __main__:<module>:111 - | epoch : 122 | training done |
2021-12-31 23:37:16.208 | INFO     | __main__:<module>:244 - | epoch : 122 | val done |
2021-12-31 23:38:57.432 | INFO     | __main__:<module>:111 - | epoch : 123 | training done |
2021-12-31 23:39:16.036 | INFO     | __main__:<module>:244 - | epoch : 123 | val done |
2021-12-31 23:40:56.804 | INFO     | __main__:<module>:111 - | epoch : 124 | training done |
2021-12-31 23:41:16.179 | INFO     | __main__:<module>:244 - | epoch : 124 | val done |
2021-12-31 23:42:54.636 | INFO     | __main__:<module>:111 - | epoch : 125 | training done |
2021-12-31 23:43:14.487 | INFO     | __main__:<module>:244 - | epoch : 125 | val done |
2021-12-31 23:44:50.151 | INFO     | __main__:<module>:111 - | epoch : 126 | training done |
2021-12-31 23:45:11.455 | INFO     | __main__:<module>:244 - | epoch : 126 | val done |
2021-12-31 23:46:44.538 | INFO     | __main__:<module>:111 - | epoch : 127 | training done |
2021-12-31 23:47:06.539 | INFO     | __main__:<module>:244 - | epoch : 127 | val done |
2021-12-31 23:48:38.377 | INFO     | __main__:<module>:111 - | epoch : 128 | training done |
2021-12-31 23:49:00.391 | INFO     | __main__:<module>:244 - | epoch : 128 | val done |
2021-12-31 23:50:32.586 | INFO     | __main__:<module>:111 - | epoch : 129 | training done |
2021-12-31 23:50:54.748 | INFO     | __main__:<module>:244 - | epoch : 129 | val done |
2021-12-31 23:52:26.818 | INFO     | __main__:<module>:111 - | epoch : 130 | training done |
2021-12-31 23:52:48.947 | INFO     | __main__:<module>:244 - | epoch : 130 | val done |
2021-12-31 23:54:20.575 | INFO     | __main__:<module>:111 - | epoch : 131 | training done |
2021-12-31 23:54:42.717 | INFO     | __main__:<module>:244 - | epoch : 131 | val done |
2021-12-31 23:56:14.820 | INFO     | __main__:<module>:111 - | epoch : 132 | training done |
2021-12-31 23:56:37.208 | INFO     | __main__:<module>:244 - | epoch : 132 | val done |
2021-12-31 23:58:08.867 | INFO     | __main__:<module>:111 - | epoch : 133 | training done |
2021-12-31 23:58:31.225 | INFO     | __main__:<module>:244 - | epoch : 133 | val done |
2022-01-01 00:00:03.339 | INFO     | __main__:<module>:111 - | epoch : 134 | training done |
2022-01-01 00:00:25.193 | INFO     | __main__:<module>:244 - | epoch : 134 | val done |
2022-01-01 00:01:58.357 | INFO     | __main__:<module>:111 - | epoch : 135 | training done |
2022-01-01 00:02:19.149 | INFO     | __main__:<module>:244 - | epoch : 135 | val done |
2022-01-01 00:03:56.055 | INFO     | __main__:<module>:111 - | epoch : 136 | training done |
2022-01-01 00:04:16.102 | INFO     | __main__:<module>:244 - | epoch : 136 | val done |
2022-01-01 00:05:54.425 | INFO     | __main__:<module>:111 - | epoch : 137 | training done |
2022-01-01 00:06:12.821 | INFO     | __main__:<module>:244 - | epoch : 137 | val done |
2022-01-01 00:07:54.156 | INFO     | __main__:<module>:111 - | epoch : 138 | training done |
2022-01-01 00:08:12.452 | INFO     | __main__:<module>:244 - | epoch : 138 | val done |
2022-01-01 00:09:53.681 | INFO     | __main__:<module>:111 - | epoch : 139 | training done |
2022-01-01 00:10:12.137 | INFO     | __main__:<module>:244 - | epoch : 139 | val done |
2022-01-01 00:11:53.713 | INFO     | __main__:<module>:111 - | epoch : 140 | training done |
2022-01-01 00:12:12.516 | INFO     | __main__:<module>:244 - | epoch : 140 | val done |
2022-01-01 00:13:52.770 | INFO     | __main__:<module>:111 - | epoch : 141 | training done |
2022-01-01 00:14:12.549 | INFO     | __main__:<module>:244 - | epoch : 141 | val done |
2022-01-01 00:15:49.210 | INFO     | __main__:<module>:111 - | epoch : 142 | training done |
2022-01-01 00:16:10.173 | INFO     | __main__:<module>:244 - | epoch : 142 | val done |
2022-01-01 00:17:43.844 | INFO     | __main__:<module>:111 - | epoch : 143 | training done |
2022-01-01 00:18:05.856 | INFO     | __main__:<module>:244 - | epoch : 143 | val done |
2022-01-01 00:19:37.995 | INFO     | __main__:<module>:111 - | epoch : 144 | training done |
2022-01-01 00:20:00.275 | INFO     | __main__:<module>:244 - | epoch : 144 | val done |
2022-01-01 00:21:32.294 | INFO     | __main__:<module>:111 - | epoch : 145 | training done |
2022-01-01 00:21:54.640 | INFO     | __main__:<module>:244 - | epoch : 145 | val done |
2022-01-01 00:23:26.299 | INFO     | __main__:<module>:111 - | epoch : 146 | training done |
2022-01-01 00:23:48.507 | INFO     | __main__:<module>:244 - | epoch : 146 | val done |
2022-01-01 00:25:20.448 | INFO     | __main__:<module>:111 - | epoch : 147 | training done |
2022-01-01 00:25:42.870 | INFO     | __main__:<module>:244 - | epoch : 147 | val done |
2022-01-01 00:27:14.846 | INFO     | __main__:<module>:111 - | epoch : 148 | training done |
2022-01-01 00:27:37.116 | INFO     | __main__:<module>:244 - | epoch : 148 | val done |
2022-01-01 00:29:08.591 | INFO     | __main__:<module>:111 - | epoch : 149 | training done |
2022-01-01 00:29:30.816 | INFO     | __main__:<module>:244 - | epoch : 149 | val done |
2022-01-01 00:31:02.855 | INFO     | __main__:<module>:111 - | epoch : 150 | training done |
2022-01-01 00:31:24.848 | INFO     | __main__:<module>:244 - | epoch : 150 | val done |
2022-01-01 00:32:57.618 | INFO     | __main__:<module>:111 - | epoch : 151 | training done |
2022-01-01 00:33:18.516 | INFO     | __main__:<module>:244 - | epoch : 151 | val done |
2022-01-01 00:34:54.461 | INFO     | __main__:<module>:111 - | epoch : 152 | training done |
2022-01-01 00:35:14.396 | INFO     | __main__:<module>:244 - | epoch : 152 | val done |
2022-01-01 00:36:52.192 | INFO     | __main__:<module>:111 - | epoch : 153 | training done |
2022-01-01 00:37:11.528 | INFO     | __main__:<module>:244 - | epoch : 153 | val done |
2022-01-01 00:38:51.972 | INFO     | __main__:<module>:111 - | epoch : 154 | training done |
2022-01-01 00:39:10.773 | INFO     | __main__:<module>:244 - | epoch : 154 | val done |
2022-01-01 00:40:52.280 | INFO     | __main__:<module>:111 - | epoch : 155 | training done |
2022-01-01 00:41:11.080 | INFO     | __main__:<module>:244 - | epoch : 155 | val done |
2022-01-01 00:42:52.418 | INFO     | __main__:<module>:111 - | epoch : 156 | training done |
2022-01-01 00:43:11.438 | INFO     | __main__:<module>:244 - | epoch : 156 | val done |
2022-01-01 00:44:51.509 | INFO     | __main__:<module>:111 - | epoch : 157 | training done |
2022-01-01 00:45:11.165 | INFO     | __main__:<module>:244 - | epoch : 157 | val done |
2022-01-01 00:46:47.093 | INFO     | __main__:<module>:111 - | epoch : 158 | training done |
2022-01-01 00:47:07.729 | INFO     | __main__:<module>:244 - | epoch : 158 | val done |
2022-01-01 00:48:41.298 | INFO     | __main__:<module>:111 - | epoch : 159 | training done |
2022-01-01 00:49:03.197 | INFO     | __main__:<module>:244 - | epoch : 159 | val done |
2022-01-01 00:50:35.133 | INFO     | __main__:<module>:111 - | epoch : 160 | training done |
2022-01-01 00:50:57.111 | INFO     | __main__:<module>:244 - | epoch : 160 | val done |
2022-01-01 00:52:28.738 | INFO     | __main__:<module>:111 - | epoch : 161 | training done |
2022-01-01 00:52:50.848 | INFO     | __main__:<module>:244 - | epoch : 161 | val done |
2022-01-01 00:54:21.916 | INFO     | __main__:<module>:111 - | epoch : 162 | training done |
2022-01-01 00:54:44.143 | INFO     | __main__:<module>:244 - | epoch : 162 | val done |
2022-01-01 00:56:16.310 | INFO     | __main__:<module>:111 - | epoch : 163 | training done |
2022-01-01 00:56:38.370 | INFO     | __main__:<module>:244 - | epoch : 163 | val done |
2022-01-01 00:58:10.247 | INFO     | __main__:<module>:111 - | epoch : 164 | training done |
2022-01-01 00:58:32.200 | INFO     | __main__:<module>:244 - | epoch : 164 | val done |
2022-01-01 01:00:04.149 | INFO     | __main__:<module>:111 - | epoch : 165 | training done |
2022-01-01 01:00:26.147 | INFO     | __main__:<module>:244 - | epoch : 165 | val done |
2022-01-01 01:01:58.169 | INFO     | __main__:<module>:111 - | epoch : 166 | training done |
2022-01-01 01:02:20.250 | INFO     | __main__:<module>:244 - | epoch : 166 | val done |
2022-01-01 01:03:52.200 | INFO     | __main__:<module>:111 - | epoch : 167 | training done |
2022-01-01 01:04:13.866 | INFO     | __main__:<module>:244 - | epoch : 167 | val done |
2022-01-01 01:05:48.185 | INFO     | __main__:<module>:111 - | epoch : 168 | training done |
2022-01-01 01:06:08.654 | INFO     | __main__:<module>:244 - | epoch : 168 | val done |
2022-01-01 01:07:45.744 | INFO     | __main__:<module>:111 - | epoch : 169 | training done |
2022-01-01 01:08:05.427 | INFO     | __main__:<module>:244 - | epoch : 169 | val done |
2022-01-01 01:09:44.340 | INFO     | __main__:<module>:111 - | epoch : 170 | training done |
2022-01-01 01:10:03.429 | INFO     | __main__:<module>:244 - | epoch : 170 | val done |
2022-01-01 01:11:45.184 | INFO     | __main__:<module>:111 - | epoch : 171 | training done |
2022-01-01 01:12:04.134 | INFO     | __main__:<module>:244 - | epoch : 171 | val done |
2022-01-01 01:13:45.576 | INFO     | __main__:<module>:111 - | epoch : 172 | training done |
2022-01-01 01:14:04.229 | INFO     | __main__:<module>:244 - | epoch : 172 | val done |
2022-01-01 01:15:45.144 | INFO     | __main__:<module>:111 - | epoch : 173 | training done |
2022-01-01 01:16:05.098 | INFO     | __main__:<module>:244 - | epoch : 173 | val done |
2022-01-01 01:17:42.901 | INFO     | __main__:<module>:111 - | epoch : 174 | training done |
2022-01-01 01:18:03.491 | INFO     | __main__:<module>:244 - | epoch : 174 | val done |
2022-01-01 01:19:38.532 | INFO     | __main__:<module>:111 - | epoch : 175 | training done |
2022-01-01 01:20:00.352 | INFO     | __main__:<module>:244 - | epoch : 175 | val done |
2022-01-01 01:21:32.045 | INFO     | __main__:<module>:111 - | epoch : 176 | training done |
2022-01-01 01:21:54.122 | INFO     | __main__:<module>:244 - | epoch : 176 | val done |
2022-01-01 01:23:26.053 | INFO     | __main__:<module>:111 - | epoch : 177 | training done |
2022-01-01 01:23:48.228 | INFO     | __main__:<module>:244 - | epoch : 177 | val done |
2022-01-01 01:25:20.330 | INFO     | __main__:<module>:111 - | epoch : 178 | training done |
2022-01-01 01:25:42.343 | INFO     | __main__:<module>:244 - | epoch : 178 | val done |
2022-01-01 01:27:14.172 | INFO     | __main__:<module>:111 - | epoch : 179 | training done |
2022-01-01 01:27:36.204 | INFO     | __main__:<module>:244 - | epoch : 179 | val done |
2022-01-01 01:29:08.195 | INFO     | __main__:<module>:111 - | epoch : 180 | training done |
2022-01-01 01:29:30.220 | INFO     | __main__:<module>:244 - | epoch : 180 | val done |
2022-01-01 01:31:01.927 | INFO     | __main__:<module>:111 - | epoch : 181 | training done |
2022-01-01 01:31:24.324 | INFO     | __main__:<module>:244 - | epoch : 181 | val done |
2022-01-01 01:32:56.352 | INFO     | __main__:<module>:111 - | epoch : 182 | training done |
2022-01-01 01:33:18.399 | INFO     | __main__:<module>:244 - | epoch : 182 | val done |
2022-01-01 01:34:50.355 | INFO     | __main__:<module>:111 - | epoch : 183 | training done |
2022-01-01 01:35:12.046 | INFO     | __main__:<module>:244 - | epoch : 183 | val done |
2022-01-01 01:36:46.019 | INFO     | __main__:<module>:111 - | epoch : 184 | training done |
2022-01-01 01:37:06.266 | INFO     | __main__:<module>:244 - | epoch : 184 | val done |
2022-01-01 01:38:43.377 | INFO     | __main__:<module>:111 - | epoch : 185 | training done |
2022-01-01 01:39:03.317 | INFO     | __main__:<module>:244 - | epoch : 185 | val done |
2022-01-01 01:40:42.502 | INFO     | __main__:<module>:111 - | epoch : 186 | training done |
2022-01-01 01:41:01.184 | INFO     | __main__:<module>:244 - | epoch : 186 | val done |
2022-01-01 01:42:43.298 | INFO     | __main__:<module>:111 - | epoch : 187 | training done |
2022-01-01 01:43:01.982 | INFO     | __main__:<module>:244 - | epoch : 187 | val done |
2022-01-01 01:44:43.807 | INFO     | __main__:<module>:111 - | epoch : 188 | training done |
2022-01-01 01:45:02.085 | INFO     | __main__:<module>:244 - | epoch : 188 | val done |
2022-01-01 01:46:44.072 | INFO     | __main__:<module>:111 - | epoch : 189 | training done |
2022-01-01 01:47:03.108 | INFO     | __main__:<module>:244 - | epoch : 189 | val done |
2022-01-01 01:48:43.201 | INFO     | __main__:<module>:111 - | epoch : 190 | training done |
2022-01-01 01:49:02.779 | INFO     | __main__:<module>:244 - | epoch : 190 | val done |
2022-01-01 01:50:39.191 | INFO     | __main__:<module>:111 - | epoch : 191 | training done |
2022-01-01 01:51:00.404 | INFO     | __main__:<module>:244 - | epoch : 191 | val done |
2022-01-01 01:52:34.138 | INFO     | __main__:<module>:111 - | epoch : 192 | training done |
2022-01-01 01:52:56.326 | INFO     | __main__:<module>:244 - | epoch : 192 | val done |
2022-01-01 01:54:27.788 | INFO     | __main__:<module>:111 - | epoch : 193 | training done |
2022-01-01 01:54:49.830 | INFO     | __main__:<module>:244 - | epoch : 193 | val done |
2022-01-01 01:56:22.147 | INFO     | __main__:<module>:111 - | epoch : 194 | training done |
2022-01-01 01:56:44.273 | INFO     | __main__:<module>:244 - | epoch : 194 | val done |
2022-01-01 01:58:15.990 | INFO     | __main__:<module>:111 - | epoch : 195 | training done |
2022-01-01 01:58:38.216 | INFO     | __main__:<module>:240 - | epoch : 195 | CVC-300 : 0.9399406851513733 | CVC-ClinicDB : 0.9475161407771793 | CVC-ColonDB : 0.8672973403813367 | ETIS-LaribPolypDB : 0.8796949613249823 | Kvasir : 0.9282689968750284 |
2022-01-01 01:58:38.216 | CRITICAL | __main__:<module>:241 - | epoch : 195 | best_val_dice_score : 0.9125436249019799 |
2022-01-01 02:00:10.502 | INFO     | __main__:<module>:111 - | epoch : 196 | training done |
2022-01-01 02:00:32.598 | INFO     | __main__:<module>:244 - | epoch : 196 | val done |
2022-01-01 02:02:04.533 | INFO     | __main__:<module>:111 - | epoch : 197 | training done |
2022-01-01 02:02:26.731 | INFO     | __main__:<module>:244 - | epoch : 197 | val done |
2022-01-01 02:03:58.672 | INFO     | __main__:<module>:111 - | epoch : 198 | training done |
2022-01-01 02:04:21.018 | INFO     | __main__:<module>:244 - | epoch : 198 | val done |
2022-01-01 02:05:52.622 | INFO     | __main__:<module>:111 - | epoch : 199 | training done |
2022-01-01 02:06:14.841 | INFO     | __main__:<module>:244 - | epoch : 199 | val done |
2022-01-01 02:07:47.339 | INFO     | __main__:<module>:111 - | epoch : 200 | training done |
2022-01-01 02:08:08.185 | INFO     | __main__:<module>:244 - | epoch : 200 | val done |
2022-01-01 02:09:44.050 | INFO     | __main__:<module>:111 - | epoch : 201 | training done |
2022-01-01 02:10:04.362 | INFO     | __main__:<module>:244 - | epoch : 201 | val done |
2022-01-01 02:11:42.557 | INFO     | __main__:<module>:111 - | epoch : 202 | training done |
2022-01-01 02:12:01.479 | INFO     | __main__:<module>:244 - | epoch : 202 | val done |
2022-01-01 02:13:42.329 | INFO     | __main__:<module>:111 - | epoch : 203 | training done |
2022-01-01 02:14:01.057 | INFO     | __main__:<module>:244 - | epoch : 203 | val done |
2022-01-01 02:15:42.304 | INFO     | __main__:<module>:111 - | epoch : 204 | training done |
2022-01-01 02:16:01.177 | INFO     | __main__:<module>:244 - | epoch : 204 | val done |
2022-01-01 02:17:42.619 | INFO     | __main__:<module>:111 - | epoch : 205 | training done |
2022-01-01 02:18:01.650 | INFO     | __main__:<module>:244 - | epoch : 205 | val done |
2022-01-01 02:19:42.142 | INFO     | __main__:<module>:111 - | epoch : 206 | training done |
2022-01-01 02:20:01.844 | INFO     | __main__:<module>:244 - | epoch : 206 | val done |
2022-01-01 02:21:38.625 | INFO     | __main__:<module>:111 - | epoch : 207 | training done |
2022-01-01 02:21:59.398 | INFO     | __main__:<module>:244 - | epoch : 207 | val done |
2022-01-01 02:23:33.113 | INFO     | __main__:<module>:111 - | epoch : 208 | training done |
2022-01-01 02:23:55.144 | INFO     | __main__:<module>:244 - | epoch : 208 | val done |
2022-01-01 02:25:27.291 | INFO     | __main__:<module>:111 - | epoch : 209 | training done |
2022-01-01 02:25:49.482 | INFO     | __main__:<module>:244 - | epoch : 209 | val done |
2022-01-01 02:27:21.477 | INFO     | __main__:<module>:111 - | epoch : 210 | training done |
2022-01-01 02:27:43.639 | INFO     | __main__:<module>:244 - | epoch : 210 | val done |
2022-01-01 02:29:15.725 | INFO     | __main__:<module>:111 - | epoch : 211 | training done |
2022-01-01 02:29:37.804 | INFO     | __main__:<module>:244 - | epoch : 211 | val done |
2022-01-01 02:31:09.816 | INFO     | __main__:<module>:111 - | epoch : 212 | training done |
2022-01-01 02:31:31.964 | INFO     | __main__:<module>:244 - | epoch : 212 | val done |
2022-01-01 02:33:04.130 | INFO     | __main__:<module>:111 - | epoch : 213 | training done |
2022-01-01 02:33:26.345 | INFO     | __main__:<module>:244 - | epoch : 213 | val done |
2022-01-01 02:34:58.389 | INFO     | __main__:<module>:111 - | epoch : 214 | training done |
2022-01-01 02:35:20.659 | INFO     | __main__:<module>:244 - | epoch : 214 | val done |
2022-01-01 02:36:52.817 | INFO     | __main__:<module>:111 - | epoch : 215 | training done |
2022-01-01 02:37:14.739 | INFO     | __main__:<module>:244 - | epoch : 215 | val done |
2022-01-01 02:38:46.927 | INFO     | __main__:<module>:111 - | epoch : 216 | training done |
2022-01-01 02:39:07.981 | INFO     | __main__:<module>:244 - | epoch : 216 | val done |
2022-01-01 02:40:43.612 | INFO     | __main__:<module>:111 - | epoch : 217 | training done |
2022-01-01 02:41:04.047 | INFO     | __main__:<module>:244 - | epoch : 217 | val done |
2022-01-01 02:42:42.333 | INFO     | __main__:<module>:111 - | epoch : 218 | training done |
2022-01-01 02:43:00.915 | INFO     | __main__:<module>:244 - | epoch : 218 | val done |
2022-01-01 02:44:41.655 | INFO     | __main__:<module>:111 - | epoch : 219 | training done |
2022-01-01 02:45:00.397 | INFO     | __main__:<module>:244 - | epoch : 219 | val done |
2022-01-01 02:46:41.915 | INFO     | __main__:<module>:111 - | epoch : 220 | training done |
2022-01-01 02:47:00.454 | INFO     | __main__:<module>:244 - | epoch : 220 | val done |
2022-01-01 02:48:41.908 | INFO     | __main__:<module>:111 - | epoch : 221 | training done |
2022-01-01 02:49:00.691 | INFO     | __main__:<module>:244 - | epoch : 221 | val done |
2022-01-01 02:50:40.776 | INFO     | __main__:<module>:111 - | epoch : 222 | training done |
2022-01-01 02:51:00.454 | INFO     | __main__:<module>:244 - | epoch : 222 | val done |
2022-01-01 02:52:37.191 | INFO     | __main__:<module>:111 - | epoch : 223 | training done |
2022-01-01 02:52:58.195 | INFO     | __main__:<module>:244 - | epoch : 223 | val done |
2022-01-01 02:54:32.073 | INFO     | __main__:<module>:111 - | epoch : 224 | training done |
2022-01-01 02:54:54.225 | INFO     | __main__:<module>:244 - | epoch : 224 | val done |
2022-01-01 02:56:26.226 | INFO     | __main__:<module>:111 - | epoch : 225 | training done |
2022-01-01 02:56:48.351 | INFO     | __main__:<module>:244 - | epoch : 225 | val done |
2022-01-01 02:58:20.097 | INFO     | __main__:<module>:111 - | epoch : 226 | training done |
2022-01-01 02:58:42.166 | INFO     | __main__:<module>:244 - | epoch : 226 | val done |
2022-01-01 03:00:14.254 | INFO     | __main__:<module>:111 - | epoch : 227 | training done |
2022-01-01 03:00:36.504 | INFO     | __main__:<module>:244 - | epoch : 227 | val done |
2022-01-01 03:02:08.577 | INFO     | __main__:<module>:111 - | epoch : 228 | training done |
2022-01-01 03:02:30.691 | INFO     | __main__:<module>:244 - | epoch : 228 | val done |
2022-01-01 03:04:02.678 | INFO     | __main__:<module>:111 - | epoch : 229 | training done |
2022-01-01 03:04:24.783 | INFO     | __main__:<module>:244 - | epoch : 229 | val done |
