2021-12-30 02:29:20.241 | INFO     | __main__:<module>:82 - | start training .... |
2021-12-30 02:30:17.856 | INFO     | __main__:<module>:110 - | epoch : 0 | training done |
2021-12-30 02:30:36.464 | INFO     | __main__:<module>:239 - | epoch : 0 | CVC-300 : 0.3766139244504619 | CVC-ClinicDB : 0.43809025770314897 | CVC-ColonDB : 0.4222009252594476 | ETIS-LaribPolypDB : 0.38096172313552 | Kvasir : 0.497192919575056 |
2021-12-30 02:30:36.465 | CRITICAL | __main__:<module>:240 - | epoch : 0 | best_val_dice_score : 0.42301195002472686 |
2021-12-30 02:31:34.610 | INFO     | __main__:<module>:110 - | epoch : 1 | training done |
2021-12-30 02:31:53.461 | INFO     | __main__:<module>:239 - | epoch : 1 | CVC-300 : 0.40603498296989654 | CVC-ClinicDB : 0.4961249325717255 | CVC-ColonDB : 0.46073580631154637 | ETIS-LaribPolypDB : 0.4156870725780563 | Kvasir : 0.5677785158877757 |
2021-12-30 02:31:53.462 | CRITICAL | __main__:<module>:240 - | epoch : 1 | best_val_dice_score : 0.4692722620638001 |
2021-12-30 02:32:51.567 | INFO     | __main__:<module>:110 - | epoch : 2 | training done |
2021-12-30 02:33:10.346 | INFO     | __main__:<module>:239 - | epoch : 2 | CVC-300 : 0.43580173276393736 | CVC-ClinicDB : 0.5335897889426083 | CVC-ColonDB : 0.4940627169646321 | ETIS-LaribPolypDB : 0.45738329461136473 | Kvasir : 0.5791075686197854 |
2021-12-30 02:33:10.346 | CRITICAL | __main__:<module>:240 - | epoch : 2 | best_val_dice_score : 0.49998902038046555 |
2021-12-30 02:34:08.678 | INFO     | __main__:<module>:110 - | epoch : 3 | training done |
2021-12-30 02:34:27.382 | INFO     | __main__:<module>:243 - | epoch : 3 | val done |
2021-12-30 02:35:24.660 | INFO     | __main__:<module>:110 - | epoch : 4 | training done |
2021-12-30 02:35:43.360 | INFO     | __main__:<module>:239 - | epoch : 4 | CVC-300 : 0.44151884612483105 | CVC-ClinicDB : 0.5524654244585343 | CVC-ColonDB : 0.5073187175520714 | ETIS-LaribPolypDB : 0.4803011464044515 | Kvasir : 0.5973106662679775 |
2021-12-30 02:35:43.361 | CRITICAL | __main__:<module>:240 - | epoch : 4 | best_val_dice_score : 0.5157829601615731 |
2021-12-30 02:36:41.647 | INFO     | __main__:<module>:110 - | epoch : 5 | training done |
2021-12-30 02:37:00.466 | INFO     | __main__:<module>:243 - | epoch : 5 | val done |
2021-12-30 02:37:57.742 | INFO     | __main__:<module>:110 - | epoch : 6 | training done |
2021-12-30 02:38:16.566 | INFO     | __main__:<module>:239 - | epoch : 6 | CVC-300 : 0.44945830692878097 | CVC-ClinicDB : 0.5788272141321127 | CVC-ColonDB : 0.5216764250704456 | ETIS-LaribPolypDB : 0.4801760139015296 | Kvasir : 0.6211754086490477 |
2021-12-30 02:38:16.566 | CRITICAL | __main__:<module>:240 - | epoch : 6 | best_val_dice_score : 0.5302626737363832 |
2021-12-30 02:39:14.623 | INFO     | __main__:<module>:110 - | epoch : 7 | training done |
2021-12-30 02:39:33.395 | INFO     | __main__:<module>:239 - | epoch : 7 | CVC-300 : 0.45651350180557626 | CVC-ClinicDB : 0.5799514941330212 | CVC-ColonDB : 0.5206695640760264 | ETIS-LaribPolypDB : 0.5128193807806906 | Kvasir : 0.624690151876903 |
2021-12-30 02:39:33.395 | CRITICAL | __main__:<module>:240 - | epoch : 7 | best_val_dice_score : 0.5389288185344435 |
2021-12-30 02:40:31.517 | INFO     | __main__:<module>:110 - | epoch : 8 | training done |
2021-12-30 02:40:50.299 | INFO     | __main__:<module>:243 - | epoch : 8 | val done |
2021-12-30 02:41:47.595 | INFO     | __main__:<module>:110 - | epoch : 9 | training done |
2021-12-30 02:42:06.434 | INFO     | __main__:<module>:239 - | epoch : 9 | CVC-300 : 0.477477218525388 | CVC-ClinicDB : 0.6059946311667846 | CVC-ColonDB : 0.5369565037260465 | ETIS-LaribPolypDB : 0.5082027642207994 | Kvasir : 0.6540950972641059 |
2021-12-30 02:42:06.434 | CRITICAL | __main__:<module>:240 - | epoch : 9 | best_val_dice_score : 0.5565452429806249 |
2021-12-30 02:43:04.623 | INFO     | __main__:<module>:110 - | epoch : 10 | training done |
2021-12-30 02:43:23.440 | INFO     | __main__:<module>:243 - | epoch : 10 | val done |
2021-12-30 02:44:20.818 | INFO     | __main__:<module>:110 - | epoch : 11 | training done |
2021-12-30 02:44:39.697 | INFO     | __main__:<module>:243 - | epoch : 11 | val done |
2021-12-30 02:45:36.856 | INFO     | __main__:<module>:110 - | epoch : 12 | training done |
2021-12-30 02:45:55.754 | INFO     | __main__:<module>:239 - | epoch : 12 | CVC-300 : 0.49261172536680364 | CVC-ClinicDB : 0.6327805360562155 | CVC-ColonDB : 0.5463022416461987 | ETIS-LaribPolypDB : 0.4878536228302231 | Kvasir : 0.6868611872001106 |
2021-12-30 02:45:55.754 | CRITICAL | __main__:<module>:240 - | epoch : 12 | best_val_dice_score : 0.5692818626199103 |
2021-12-30 02:46:53.806 | INFO     | __main__:<module>:110 - | epoch : 13 | training done |
2021-12-30 02:47:12.575 | INFO     | __main__:<module>:243 - | epoch : 13 | val done |
2021-12-30 02:48:10.029 | INFO     | __main__:<module>:110 - | epoch : 14 | training done |
2021-12-30 02:48:28.817 | INFO     | __main__:<module>:239 - | epoch : 14 | CVC-300 : 0.5018463273100445 | CVC-ClinicDB : 0.63913057527819 | CVC-ColonDB : 0.5547834125739493 | ETIS-LaribPolypDB : 0.47175408391239226 | Kvasir : 0.6811825266771075 |
2021-12-30 02:48:28.818 | CRITICAL | __main__:<module>:240 - | epoch : 14 | best_val_dice_score : 0.5697393851503367 |
2021-12-30 02:49:27.111 | INFO     | __main__:<module>:110 - | epoch : 15 | training done |
2021-12-30 02:49:45.872 | INFO     | __main__:<module>:243 - | epoch : 15 | val done |
2021-12-30 02:50:43.116 | INFO     | __main__:<module>:110 - | epoch : 16 | training done |
2021-12-30 02:51:01.937 | INFO     | __main__:<module>:239 - | epoch : 16 | CVC-300 : 0.5056451867560935 | CVC-ClinicDB : 0.6807433605867201 | CVC-ColonDB : 0.5583876915695892 | ETIS-LaribPolypDB : 0.4779827936108411 | Kvasir : 0.6938024135119114 |
2021-12-30 02:51:01.938 | CRITICAL | __main__:<module>:240 - | epoch : 16 | best_val_dice_score : 0.583312289207031 |
2021-12-30 02:51:59.968 | INFO     | __main__:<module>:110 - | epoch : 17 | training done |
2021-12-30 02:52:18.848 | INFO     | __main__:<module>:239 - | epoch : 17 | CVC-300 : 0.5141698071282667 | CVC-ClinicDB : 0.6855104534596549 | CVC-ColonDB : 0.5561141929513889 | ETIS-LaribPolypDB : 0.5243232068478367 | Kvasir : 0.663180744053227 |
2021-12-30 02:52:18.849 | CRITICAL | __main__:<module>:240 - | epoch : 17 | best_val_dice_score : 0.5886596808880749 |
2021-12-30 02:53:17.090 | INFO     | __main__:<module>:110 - | epoch : 18 | training done |
2021-12-30 02:53:35.970 | INFO     | __main__:<module>:239 - | epoch : 18 | CVC-300 : 0.549244742498093 | CVC-ClinicDB : 0.7152766814928648 | CVC-ColonDB : 0.5807559356428765 | ETIS-LaribPolypDB : 0.5674703325685847 | Kvasir : 0.6767096265375678 |
2021-12-30 02:53:35.970 | CRITICAL | __main__:<module>:240 - | epoch : 18 | best_val_dice_score : 0.6178914637479973 |
2021-12-30 02:54:34.480 | INFO     | __main__:<module>:110 - | epoch : 19 | training done |
2021-12-30 02:54:53.484 | INFO     | __main__:<module>:239 - | epoch : 19 | CVC-300 : 0.5601706930615042 | CVC-ClinicDB : 0.7469539462938948 | CVC-ColonDB : 0.5928145607533941 | ETIS-LaribPolypDB : 0.5286911821314219 | Kvasir : 0.7015810422535795 |
2021-12-30 02:54:53.485 | CRITICAL | __main__:<module>:240 - | epoch : 19 | best_val_dice_score : 0.626042284898759 |
2021-12-30 02:55:51.569 | INFO     | __main__:<module>:110 - | epoch : 20 | training done |
2021-12-30 02:56:10.421 | INFO     | __main__:<module>:239 - | epoch : 20 | CVC-300 : 0.6130386178319991 | CVC-ClinicDB : 0.7676902949021512 | CVC-ColonDB : 0.6358936291918614 | ETIS-LaribPolypDB : 0.5816963548150179 | Kvasir : 0.7395703691899307 |
2021-12-30 02:56:10.421 | CRITICAL | __main__:<module>:240 - | epoch : 20 | best_val_dice_score : 0.6675778531861921 |
2021-12-30 02:57:08.661 | INFO     | __main__:<module>:110 - | epoch : 21 | training done |
2021-12-30 02:57:27.559 | INFO     | __main__:<module>:239 - | epoch : 21 | CVC-300 : 0.6315033838069093 | CVC-ClinicDB : 0.7736494458130203 | CVC-ColonDB : 0.6424477567984063 | ETIS-LaribPolypDB : 0.6172114760415229 | Kvasir : 0.7472819639151655 |
2021-12-30 02:57:27.559 | CRITICAL | __main__:<module>:240 - | epoch : 21 | best_val_dice_score : 0.6824188052750049 |
2021-12-30 02:58:25.662 | INFO     | __main__:<module>:110 - | epoch : 22 | training done |
2021-12-30 02:58:44.762 | INFO     | __main__:<module>:239 - | epoch : 22 | CVC-300 : 0.7337999764641523 | CVC-ClinicDB : 0.8293800064436698 | CVC-ColonDB : 0.6934053014503543 | ETIS-LaribPolypDB : 0.6560573142647144 | Kvasir : 0.7679419063609015 |
2021-12-30 02:58:44.763 | CRITICAL | __main__:<module>:240 - | epoch : 22 | best_val_dice_score : 0.7361169009967584 |
2021-12-30 02:59:42.966 | INFO     | __main__:<module>:110 - | epoch : 23 | training done |
2021-12-30 03:00:01.926 | INFO     | __main__:<module>:243 - | epoch : 23 | val done |
2021-12-30 03:00:59.267 | INFO     | __main__:<module>:110 - | epoch : 24 | training done |
2021-12-30 03:01:18.356 | INFO     | __main__:<module>:239 - | epoch : 24 | CVC-300 : 0.7166273120665547 | CVC-ClinicDB : 0.8362418615001928 | CVC-ColonDB : 0.6750902877893671 | ETIS-LaribPolypDB : 0.710933370791326 | Kvasir : 0.828121746259078 |
2021-12-30 03:01:18.356 | CRITICAL | __main__:<module>:240 - | epoch : 24 | best_val_dice_score : 0.7534029156813037 |
2021-12-30 03:02:16.486 | INFO     | __main__:<module>:110 - | epoch : 25 | training done |
2021-12-30 03:02:35.469 | INFO     | __main__:<module>:239 - | epoch : 25 | CVC-300 : 0.736610203893497 | CVC-ClinicDB : 0.8423198363720448 | CVC-ColonDB : 0.70711382766275 | ETIS-LaribPolypDB : 0.7132500547072146 | Kvasir : 0.8436208267876188 |
2021-12-30 03:02:35.469 | CRITICAL | __main__:<module>:240 - | epoch : 25 | best_val_dice_score : 0.768582949884625 |
2021-12-30 03:03:33.656 | INFO     | __main__:<module>:110 - | epoch : 26 | training done |
2021-12-30 03:03:52.582 | INFO     | __main__:<module>:239 - | epoch : 26 | CVC-300 : 0.770461890147992 | CVC-ClinicDB : 0.8633681149233567 | CVC-ColonDB : 0.728235674072034 | ETIS-LaribPolypDB : 0.6971343765541196 | Kvasir : 0.8246805806177929 |
2021-12-30 03:03:52.583 | CRITICAL | __main__:<module>:240 - | epoch : 26 | best_val_dice_score : 0.776776127263059 |
2021-12-30 03:04:50.612 | INFO     | __main__:<module>:110 - | epoch : 27 | training done |
2021-12-30 03:05:09.622 | INFO     | __main__:<module>:243 - | epoch : 27 | val done |
2021-12-30 03:06:06.975 | INFO     | __main__:<module>:110 - | epoch : 28 | training done |
2021-12-30 03:06:25.953 | INFO     | __main__:<module>:243 - | epoch : 28 | val done |
2021-12-30 03:07:23.321 | INFO     | __main__:<module>:110 - | epoch : 29 | training done |
2021-12-30 03:07:42.208 | INFO     | __main__:<module>:239 - | epoch : 29 | CVC-300 : 0.7695626860583651 | CVC-ClinicDB : 0.8678728287225336 | CVC-ColonDB : 0.7365260259465843 | ETIS-LaribPolypDB : 0.7307253059347979 | Kvasir : 0.8402818020870139 |
2021-12-30 03:07:42.208 | CRITICAL | __main__:<module>:240 - | epoch : 29 | best_val_dice_score : 0.788993729749859 |
2021-12-30 03:08:40.406 | INFO     | __main__:<module>:110 - | epoch : 30 | training done |
2021-12-30 03:08:59.443 | INFO     | __main__:<module>:243 - | epoch : 30 | val done |
2021-12-30 03:09:56.838 | INFO     | __main__:<module>:110 - | epoch : 31 | training done |
2021-12-30 03:10:15.841 | INFO     | __main__:<module>:243 - | epoch : 31 | val done |
2021-12-30 03:11:13.164 | INFO     | __main__:<module>:110 - | epoch : 32 | training done |
2021-12-30 03:11:32.100 | INFO     | __main__:<module>:239 - | epoch : 32 | CVC-300 : 0.8202016251574289 | CVC-ClinicDB : 0.8816976372618367 | CVC-ColonDB : 0.740917369814594 | ETIS-LaribPolypDB : 0.7172447777838569 | Kvasir : 0.8469350513959162 |
2021-12-30 03:11:32.101 | CRITICAL | __main__:<module>:240 - | epoch : 32 | best_val_dice_score : 0.8013992922827265 |
2021-12-30 03:12:30.215 | INFO     | __main__:<module>:110 - | epoch : 33 | training done |
2021-12-30 03:12:49.220 | INFO     | __main__:<module>:239 - | epoch : 33 | CVC-300 : 0.8401087111301618 | CVC-ClinicDB : 0.9004913468268405 | CVC-ColonDB : 0.7517630678574836 | ETIS-LaribPolypDB : 0.758908353553884 | Kvasir : 0.8692270494404677 |
2021-12-30 03:12:49.221 | CRITICAL | __main__:<module>:240 - | epoch : 33 | best_val_dice_score : 0.8240997057617676 |
2021-12-30 03:13:47.450 | INFO     | __main__:<module>:110 - | epoch : 34 | training done |
2021-12-30 03:14:06.397 | INFO     | __main__:<module>:243 - | epoch : 34 | val done |
2021-12-30 03:15:03.657 | INFO     | __main__:<module>:110 - | epoch : 35 | training done |
2021-12-30 03:15:22.597 | INFO     | __main__:<module>:243 - | epoch : 35 | val done |
2021-12-30 03:16:19.844 | INFO     | __main__:<module>:110 - | epoch : 36 | training done |
2021-12-30 03:16:38.782 | INFO     | __main__:<module>:243 - | epoch : 36 | val done |
2021-12-30 03:17:36.059 | INFO     | __main__:<module>:110 - | epoch : 37 | training done |
2021-12-30 03:17:55.068 | INFO     | __main__:<module>:243 - | epoch : 37 | val done |
2021-12-30 03:18:52.308 | INFO     | __main__:<module>:110 - | epoch : 38 | training done |
2021-12-30 03:19:11.383 | INFO     | __main__:<module>:243 - | epoch : 38 | val done |
2021-12-30 03:20:08.771 | INFO     | __main__:<module>:110 - | epoch : 39 | training done |
2021-12-30 03:20:27.713 | INFO     | __main__:<module>:243 - | epoch : 39 | val done |
2021-12-30 03:21:25.047 | INFO     | __main__:<module>:110 - | epoch : 40 | training done |
2021-12-30 03:21:43.995 | INFO     | __main__:<module>:243 - | epoch : 40 | val done |
2021-12-30 03:22:41.372 | INFO     | __main__:<module>:110 - | epoch : 41 | training done |
2021-12-30 03:23:00.330 | INFO     | __main__:<module>:239 - | epoch : 41 | CVC-300 : 0.8424822343025685 | CVC-ClinicDB : 0.9083091183237724 | CVC-ColonDB : 0.754694375647981 | ETIS-LaribPolypDB : 0.7409627870688839 | Kvasir : 0.8791634128800279 |
2021-12-30 03:23:00.330 | CRITICAL | __main__:<module>:240 - | epoch : 41 | best_val_dice_score : 0.8251223856446467 |
2021-12-30 03:23:58.424 | INFO     | __main__:<module>:110 - | epoch : 42 | training done |
2021-12-30 03:24:17.496 | INFO     | __main__:<module>:243 - | epoch : 42 | val done |
2021-12-30 03:25:14.895 | INFO     | __main__:<module>:110 - | epoch : 43 | training done |
2021-12-30 03:25:33.880 | INFO     | __main__:<module>:239 - | epoch : 43 | CVC-300 : 0.8448907280294812 | CVC-ClinicDB : 0.921390452110235 | CVC-ColonDB : 0.7803743487964611 | ETIS-LaribPolypDB : 0.7932655074634195 | Kvasir : 0.8714763422530305 |
2021-12-30 03:25:33.880 | CRITICAL | __main__:<module>:240 - | epoch : 43 | best_val_dice_score : 0.8422794757305254 |
2021-12-30 03:26:32.292 | INFO     | __main__:<module>:110 - | epoch : 44 | training done |
2021-12-30 03:26:51.301 | INFO     | __main__:<module>:243 - | epoch : 44 | val done |
2021-12-30 03:27:48.729 | INFO     | __main__:<module>:110 - | epoch : 45 | training done |
2021-12-30 03:28:07.741 | INFO     | __main__:<module>:243 - | epoch : 45 | val done |
2021-12-30 03:29:05.215 | INFO     | __main__:<module>:110 - | epoch : 46 | training done |
2021-12-30 03:29:24.170 | INFO     | __main__:<module>:243 - | epoch : 46 | val done |
2021-12-30 03:30:21.564 | INFO     | __main__:<module>:110 - | epoch : 47 | training done |
2021-12-30 03:30:40.568 | INFO     | __main__:<module>:243 - | epoch : 47 | val done |
2021-12-30 03:31:37.862 | INFO     | __main__:<module>:110 - | epoch : 48 | training done |
2021-12-30 03:31:56.838 | INFO     | __main__:<module>:243 - | epoch : 48 | val done |
2021-12-30 03:32:54.232 | INFO     | __main__:<module>:110 - | epoch : 49 | training done |
2021-12-30 03:33:13.293 | INFO     | __main__:<module>:243 - | epoch : 49 | val done |
2021-12-30 03:34:10.608 | INFO     | __main__:<module>:110 - | epoch : 50 | training done |
2021-12-30 03:34:29.579 | INFO     | __main__:<module>:243 - | epoch : 50 | val done |
2021-12-30 03:35:26.851 | INFO     | __main__:<module>:110 - | epoch : 51 | training done |
2021-12-30 03:35:45.840 | INFO     | __main__:<module>:243 - | epoch : 51 | val done |
2021-12-30 03:36:43.121 | INFO     | __main__:<module>:110 - | epoch : 52 | training done |
2021-12-30 03:37:02.034 | INFO     | __main__:<module>:243 - | epoch : 52 | val done |
2021-12-30 03:37:59.497 | INFO     | __main__:<module>:110 - | epoch : 53 | training done |
2021-12-30 03:38:18.526 | INFO     | __main__:<module>:243 - | epoch : 53 | val done |
2021-12-30 03:39:15.777 | INFO     | __main__:<module>:110 - | epoch : 54 | training done |
2021-12-30 03:39:34.704 | INFO     | __main__:<module>:243 - | epoch : 54 | val done |
2021-12-30 03:40:31.927 | INFO     | __main__:<module>:110 - | epoch : 55 | training done |
2021-12-30 03:40:50.926 | INFO     | __main__:<module>:243 - | epoch : 55 | val done |
2021-12-30 03:41:48.333 | INFO     | __main__:<module>:110 - | epoch : 56 | training done |
2021-12-30 03:42:07.342 | INFO     | __main__:<module>:243 - | epoch : 56 | val done |
2021-12-30 03:43:04.591 | INFO     | __main__:<module>:110 - | epoch : 57 | training done |
2021-12-30 03:43:23.514 | INFO     | __main__:<module>:243 - | epoch : 57 | val done |
2021-12-30 03:44:20.812 | INFO     | __main__:<module>:110 - | epoch : 58 | training done |
2021-12-30 03:44:39.774 | INFO     | __main__:<module>:243 - | epoch : 58 | val done |
2021-12-30 03:45:37.045 | INFO     | __main__:<module>:110 - | epoch : 59 | training done |
2021-12-30 03:45:56.040 | INFO     | __main__:<module>:243 - | epoch : 59 | val done |
2021-12-30 03:46:53.307 | INFO     | __main__:<module>:110 - | epoch : 60 | training done |
2021-12-30 03:47:12.379 | INFO     | __main__:<module>:243 - | epoch : 60 | val done |
2021-12-30 03:48:09.623 | INFO     | __main__:<module>:110 - | epoch : 61 | training done |
2021-12-30 03:48:28.610 | INFO     | __main__:<module>:243 - | epoch : 61 | val done |
2021-12-30 03:49:25.838 | INFO     | __main__:<module>:110 - | epoch : 62 | training done |
2021-12-30 03:49:44.816 | INFO     | __main__:<module>:243 - | epoch : 62 | val done |
2021-12-30 03:50:42.261 | INFO     | __main__:<module>:110 - | epoch : 63 | training done |
2021-12-30 03:51:01.369 | INFO     | __main__:<module>:243 - | epoch : 63 | val done |
2021-12-30 03:51:58.704 | INFO     | __main__:<module>:110 - | epoch : 64 | training done |
2021-12-30 03:52:17.734 | INFO     | __main__:<module>:243 - | epoch : 64 | val done |
2021-12-30 03:53:15.130 | INFO     | __main__:<module>:110 - | epoch : 65 | training done |
2021-12-30 03:53:34.119 | INFO     | __main__:<module>:243 - | epoch : 65 | val done |
2021-12-30 03:54:31.500 | INFO     | __main__:<module>:110 - | epoch : 66 | training done |
2021-12-30 03:54:50.479 | INFO     | __main__:<module>:243 - | epoch : 66 | val done |
2021-12-30 03:55:47.762 | INFO     | __main__:<module>:110 - | epoch : 67 | training done |
2021-12-30 03:56:06.763 | INFO     | __main__:<module>:243 - | epoch : 67 | val done |
2021-12-30 03:57:04.032 | INFO     | __main__:<module>:110 - | epoch : 68 | training done |
2021-12-30 03:57:22.972 | INFO     | __main__:<module>:243 - | epoch : 68 | val done |
2021-12-30 03:58:20.285 | INFO     | __main__:<module>:110 - | epoch : 69 | training done |
2021-12-30 03:58:39.410 | INFO     | __main__:<module>:243 - | epoch : 69 | val done |
2021-12-30 03:59:36.752 | INFO     | __main__:<module>:110 - | epoch : 70 | training done |
2021-12-30 03:59:55.734 | INFO     | __main__:<module>:243 - | epoch : 70 | val done |
2021-12-30 04:00:53.121 | INFO     | __main__:<module>:110 - | epoch : 71 | training done |
2021-12-30 04:01:12.117 | INFO     | __main__:<module>:239 - | epoch : 71 | CVC-300 : 0.8748498057387842 | CVC-ClinicDB : 0.936493758540967 | CVC-ColonDB : 0.7770023317494071 | ETIS-LaribPolypDB : 0.7546122746010132 | Kvasir : 0.8743766820652263 |
2021-12-30 04:01:12.117 | CRITICAL | __main__:<module>:240 - | epoch : 71 | best_val_dice_score : 0.8434669705390796 |
2021-12-30 04:02:10.281 | INFO     | __main__:<module>:110 - | epoch : 72 | training done |
2021-12-30 04:02:29.396 | INFO     | __main__:<module>:239 - | epoch : 72 | CVC-300 : 0.848885807553017 | CVC-ClinicDB : 0.9299466263976699 | CVC-ColonDB : 0.7769704435088399 | ETIS-LaribPolypDB : 0.7836335577647688 | Kvasir : 0.8805406158601381 |
2021-12-30 04:02:29.396 | CRITICAL | __main__:<module>:240 - | epoch : 72 | best_val_dice_score : 0.8439954102168867 |
2021-12-30 04:03:27.567 | INFO     | __main__:<module>:110 - | epoch : 73 | training done |
2021-12-30 04:03:46.524 | INFO     | __main__:<module>:243 - | epoch : 73 | val done |
2021-12-30 04:04:43.885 | INFO     | __main__:<module>:110 - | epoch : 74 | training done |
2021-12-30 04:05:02.931 | INFO     | __main__:<module>:239 - | epoch : 74 | CVC-300 : 0.8765902696965002 | CVC-ClinicDB : 0.9358391776781804 | CVC-ColonDB : 0.7736618572332393 | ETIS-LaribPolypDB : 0.7725348597308563 | Kvasir : 0.8825232500211229 |
2021-12-30 04:05:02.931 | CRITICAL | __main__:<module>:240 - | epoch : 74 | best_val_dice_score : 0.8482298828719799 |
2021-12-30 04:06:01.176 | INFO     | __main__:<module>:110 - | epoch : 75 | training done |
2021-12-30 04:06:20.171 | INFO     | __main__:<module>:243 - | epoch : 75 | val done |
2021-12-30 04:07:17.453 | INFO     | __main__:<module>:110 - | epoch : 76 | training done |
2021-12-30 04:07:36.417 | INFO     | __main__:<module>:243 - | epoch : 76 | val done |
2021-12-30 04:08:33.803 | INFO     | __main__:<module>:110 - | epoch : 77 | training done |
2021-12-30 04:08:52.738 | INFO     | __main__:<module>:243 - | epoch : 77 | val done |
2021-12-30 04:09:50.025 | INFO     | __main__:<module>:110 - | epoch : 78 | training done |
2021-12-30 04:10:08.969 | INFO     | __main__:<module>:239 - | epoch : 78 | CVC-300 : 0.8431414777153587 | CVC-ClinicDB : 0.9316508212426386 | CVC-ColonDB : 0.785856112634938 | ETIS-LaribPolypDB : 0.7953878285068056 | Kvasir : 0.8956949334957753 |
2021-12-30 04:10:08.970 | CRITICAL | __main__:<module>:240 - | epoch : 78 | best_val_dice_score : 0.8503462347191032 |
2021-12-30 04:11:07.671 | INFO     | __main__:<module>:110 - | epoch : 79 | training done |
2021-12-30 04:11:26.708 | INFO     | __main__:<module>:239 - | epoch : 79 | CVC-300 : 0.8596856571692657 | CVC-ClinicDB : 0.9361468642488939 | CVC-ColonDB : 0.7944874603975522 | ETIS-LaribPolypDB : 0.7792891915597451 | Kvasir : 0.8963507160743709 |
2021-12-30 04:11:26.709 | CRITICAL | __main__:<module>:240 - | epoch : 79 | best_val_dice_score : 0.8531919778899656 |
2021-12-30 04:12:24.966 | INFO     | __main__:<module>:110 - | epoch : 80 | training done |
2021-12-30 04:12:43.945 | INFO     | __main__:<module>:243 - | epoch : 80 | val done |
2021-12-30 04:13:41.332 | INFO     | __main__:<module>:110 - | epoch : 81 | training done |
2021-12-30 04:14:00.304 | INFO     | __main__:<module>:243 - | epoch : 81 | val done |
2021-12-30 04:14:57.625 | INFO     | __main__:<module>:110 - | epoch : 82 | training done |
2021-12-30 04:15:16.621 | INFO     | __main__:<module>:243 - | epoch : 82 | val done |
2021-12-30 04:16:13.971 | INFO     | __main__:<module>:110 - | epoch : 83 | training done |
2021-12-30 04:16:32.939 | INFO     | __main__:<module>:243 - | epoch : 83 | val done |
2021-12-30 04:17:30.305 | INFO     | __main__:<module>:110 - | epoch : 84 | training done |
2021-12-30 04:17:49.270 | INFO     | __main__:<module>:243 - | epoch : 84 | val done |
2021-12-30 04:18:46.593 | INFO     | __main__:<module>:110 - | epoch : 85 | training done |
2021-12-30 04:19:05.536 | INFO     | __main__:<module>:243 - | epoch : 85 | val done |
2021-12-30 04:20:02.919 | INFO     | __main__:<module>:110 - | epoch : 86 | training done |
2021-12-30 04:20:21.935 | INFO     | __main__:<module>:243 - | epoch : 86 | val done |
2021-12-30 04:21:19.285 | INFO     | __main__:<module>:110 - | epoch : 87 | training done |
2021-12-30 04:21:38.324 | INFO     | __main__:<module>:239 - | epoch : 87 | CVC-300 : 0.8843900226922043 | CVC-ClinicDB : 0.9388441564608947 | CVC-ColonDB : 0.782399795694889 | ETIS-LaribPolypDB : 0.7912176281803348 | Kvasir : 0.9060898195403408 |
2021-12-30 04:21:38.324 | CRITICAL | __main__:<module>:240 - | epoch : 87 | best_val_dice_score : 0.8605882845137328 |
2021-12-30 04:22:36.475 | INFO     | __main__:<module>:110 - | epoch : 88 | training done |
2021-12-30 04:22:55.487 | INFO     | __main__:<module>:243 - | epoch : 88 | val done |
2021-12-30 04:23:52.712 | INFO     | __main__:<module>:110 - | epoch : 89 | training done |
2021-12-30 04:24:11.812 | INFO     | __main__:<module>:243 - | epoch : 89 | val done |
2021-12-30 04:25:09.177 | INFO     | __main__:<module>:110 - | epoch : 90 | training done |
2021-12-30 04:25:28.096 | INFO     | __main__:<module>:243 - | epoch : 90 | val done |
2021-12-30 04:26:25.348 | INFO     | __main__:<module>:110 - | epoch : 91 | training done |
2021-12-30 04:26:44.410 | INFO     | __main__:<module>:243 - | epoch : 91 | val done |
2021-12-30 04:27:41.628 | INFO     | __main__:<module>:110 - | epoch : 92 | training done |
2021-12-30 04:28:00.650 | INFO     | __main__:<module>:243 - | epoch : 92 | val done |
2021-12-30 04:28:57.943 | INFO     | __main__:<module>:110 - | epoch : 93 | training done |
2021-12-30 04:29:16.978 | INFO     | __main__:<module>:243 - | epoch : 93 | val done |
2021-12-30 04:30:14.218 | INFO     | __main__:<module>:110 - | epoch : 94 | training done |
2021-12-30 04:30:33.178 | INFO     | __main__:<module>:243 - | epoch : 94 | val done |
2021-12-30 04:31:30.485 | INFO     | __main__:<module>:110 - | epoch : 95 | training done |
2021-12-30 04:31:49.430 | INFO     | __main__:<module>:243 - | epoch : 95 | val done |
2021-12-30 04:32:46.823 | INFO     | __main__:<module>:110 - | epoch : 96 | training done |
2021-12-30 04:33:06.041 | INFO     | __main__:<module>:243 - | epoch : 96 | val done |
2021-12-30 04:34:03.312 | INFO     | __main__:<module>:110 - | epoch : 97 | training done |
2021-12-30 04:34:22.291 | INFO     | __main__:<module>:243 - | epoch : 97 | val done |
2021-12-30 04:35:19.573 | INFO     | __main__:<module>:110 - | epoch : 98 | training done |
2021-12-30 04:35:38.579 | INFO     | __main__:<module>:243 - | epoch : 98 | val done |
2021-12-30 04:36:35.922 | INFO     | __main__:<module>:110 - | epoch : 99 | training done |
2021-12-30 04:36:54.927 | INFO     | __main__:<module>:243 - | epoch : 99 | val done |
2021-12-30 04:37:52.325 | INFO     | __main__:<module>:110 - | epoch : 100 | training done |
2021-12-30 04:38:11.359 | INFO     | __main__:<module>:243 - | epoch : 100 | val done |
2021-12-30 04:39:08.711 | INFO     | __main__:<module>:110 - | epoch : 101 | training done |
2021-12-30 04:39:27.690 | INFO     | __main__:<module>:243 - | epoch : 101 | val done |
2021-12-30 04:40:25.050 | INFO     | __main__:<module>:110 - | epoch : 102 | training done |
2021-12-30 04:40:44.015 | INFO     | __main__:<module>:243 - | epoch : 102 | val done |
2021-12-30 04:41:41.316 | INFO     | __main__:<module>:110 - | epoch : 103 | training done |
2021-12-30 04:42:00.329 | INFO     | __main__:<module>:243 - | epoch : 103 | val done |
2021-12-30 04:42:57.677 | INFO     | __main__:<module>:110 - | epoch : 104 | training done |
2021-12-30 04:43:16.749 | INFO     | __main__:<module>:243 - | epoch : 104 | val done |
2021-12-30 04:44:14.020 | INFO     | __main__:<module>:110 - | epoch : 105 | training done |
2021-12-30 04:44:32.950 | INFO     | __main__:<module>:239 - | epoch : 105 | CVC-300 : 0.9193887597944876 | CVC-ClinicDB : 0.9323624025089124 | CVC-ColonDB : 0.8062132075266022 | ETIS-LaribPolypDB : 0.7913302939285234 | Kvasir : 0.8959302823034289 |
2021-12-30 04:44:32.950 | CRITICAL | __main__:<module>:240 - | epoch : 105 | best_val_dice_score : 0.8690449892123908 |
2021-12-30 04:45:31.532 | INFO     | __main__:<module>:110 - | epoch : 106 | training done |
2021-12-30 04:45:50.546 | INFO     | __main__:<module>:243 - | epoch : 106 | val done |
2021-12-30 04:46:47.891 | INFO     | __main__:<module>:110 - | epoch : 107 | training done |
2021-12-30 04:47:06.896 | INFO     | __main__:<module>:243 - | epoch : 107 | val done |
2021-12-30 04:48:04.164 | INFO     | __main__:<module>:110 - | epoch : 108 | training done |
2021-12-30 04:48:23.090 | INFO     | __main__:<module>:243 - | epoch : 108 | val done |
2021-12-30 04:49:20.313 | INFO     | __main__:<module>:110 - | epoch : 109 | training done |
2021-12-30 04:49:39.269 | INFO     | __main__:<module>:243 - | epoch : 109 | val done |
2021-12-30 04:50:36.596 | INFO     | __main__:<module>:110 - | epoch : 110 | training done |
2021-12-30 04:50:55.535 | INFO     | __main__:<module>:243 - | epoch : 110 | val done |
2021-12-30 04:51:52.818 | INFO     | __main__:<module>:110 - | epoch : 111 | training done |
2021-12-30 04:52:11.764 | INFO     | __main__:<module>:243 - | epoch : 111 | val done |
2021-12-30 04:53:09.135 | INFO     | __main__:<module>:110 - | epoch : 112 | training done |
2021-12-30 04:53:28.072 | INFO     | __main__:<module>:243 - | epoch : 112 | val done |
2021-12-30 04:54:25.325 | INFO     | __main__:<module>:110 - | epoch : 113 | training done |
2021-12-30 04:54:44.276 | INFO     | __main__:<module>:243 - | epoch : 113 | val done |
2021-12-30 04:55:41.541 | INFO     | __main__:<module>:110 - | epoch : 114 | training done |
2021-12-30 04:56:00.525 | INFO     | __main__:<module>:243 - | epoch : 114 | val done |
2021-12-30 04:56:57.810 | INFO     | __main__:<module>:110 - | epoch : 115 | training done |
2021-12-30 04:57:16.692 | INFO     | __main__:<module>:243 - | epoch : 115 | val done |
2021-12-30 04:58:14.003 | INFO     | __main__:<module>:110 - | epoch : 116 | training done |
2021-12-30 04:58:32.893 | INFO     | __main__:<module>:243 - | epoch : 116 | val done |
2021-12-30 04:59:30.144 | INFO     | __main__:<module>:110 - | epoch : 117 | training done |
2021-12-30 04:59:49.088 | INFO     | __main__:<module>:243 - | epoch : 117 | val done |
2021-12-30 05:00:46.390 | INFO     | __main__:<module>:110 - | epoch : 118 | training done |
2021-12-30 05:01:05.390 | INFO     | __main__:<module>:243 - | epoch : 118 | val done |
2021-12-30 05:02:02.793 | INFO     | __main__:<module>:110 - | epoch : 119 | training done |
2021-12-30 05:02:21.795 | INFO     | __main__:<module>:243 - | epoch : 119 | val done |
2021-12-30 05:03:19.068 | INFO     | __main__:<module>:110 - | epoch : 120 | training done |
2021-12-30 05:03:38.050 | INFO     | __main__:<module>:243 - | epoch : 120 | val done |
2021-12-30 05:04:35.363 | INFO     | __main__:<module>:110 - | epoch : 121 | training done |
2021-12-30 05:04:54.540 | INFO     | __main__:<module>:243 - | epoch : 121 | val done |
2021-12-30 05:05:51.851 | INFO     | __main__:<module>:110 - | epoch : 122 | training done |
2021-12-30 05:06:10.913 | INFO     | __main__:<module>:243 - | epoch : 122 | val done |
2021-12-30 05:07:08.172 | INFO     | __main__:<module>:110 - | epoch : 123 | training done |
2021-12-30 05:07:27.176 | INFO     | __main__:<module>:243 - | epoch : 123 | val done |
2021-12-30 05:08:24.449 | INFO     | __main__:<module>:110 - | epoch : 124 | training done |
2021-12-30 05:08:43.446 | INFO     | __main__:<module>:243 - | epoch : 124 | val done |
2021-12-30 05:09:40.793 | INFO     | __main__:<module>:110 - | epoch : 125 | training done |
2021-12-30 05:09:59.881 | INFO     | __main__:<module>:243 - | epoch : 125 | val done |
2021-12-30 05:10:57.184 | INFO     | __main__:<module>:110 - | epoch : 126 | training done |
2021-12-30 05:11:16.224 | INFO     | __main__:<module>:243 - | epoch : 126 | val done |
2021-12-30 05:12:13.525 | INFO     | __main__:<module>:110 - | epoch : 127 | training done |
2021-12-30 05:12:32.532 | INFO     | __main__:<module>:243 - | epoch : 127 | val done |
2021-12-30 05:13:29.806 | INFO     | __main__:<module>:110 - | epoch : 128 | training done |
2021-12-30 05:13:48.740 | INFO     | __main__:<module>:243 - | epoch : 128 | val done |
2021-12-30 05:14:46.003 | INFO     | __main__:<module>:110 - | epoch : 129 | training done |
2021-12-30 05:15:05.027 | INFO     | __main__:<module>:243 - | epoch : 129 | val done |
2021-12-30 05:16:02.549 | INFO     | __main__:<module>:110 - | epoch : 130 | training done |
2021-12-30 05:16:21.468 | INFO     | __main__:<module>:243 - | epoch : 130 | val done |
2021-12-30 05:17:18.781 | INFO     | __main__:<module>:110 - | epoch : 131 | training done |
2021-12-30 05:17:37.716 | INFO     | __main__:<module>:243 - | epoch : 131 | val done |
2021-12-30 05:18:35.129 | INFO     | __main__:<module>:110 - | epoch : 132 | training done |
2021-12-30 05:18:54.275 | INFO     | __main__:<module>:243 - | epoch : 132 | val done |
2021-12-30 05:19:51.636 | INFO     | __main__:<module>:110 - | epoch : 133 | training done |
2021-12-30 05:20:10.641 | INFO     | __main__:<module>:243 - | epoch : 133 | val done |
2021-12-30 05:21:07.912 | INFO     | __main__:<module>:110 - | epoch : 134 | training done |
2021-12-30 05:21:26.846 | INFO     | __main__:<module>:243 - | epoch : 134 | val done |
2021-12-30 05:22:24.121 | INFO     | __main__:<module>:110 - | epoch : 135 | training done |
2021-12-30 05:22:43.139 | INFO     | __main__:<module>:243 - | epoch : 135 | val done |
2021-12-30 05:23:40.443 | INFO     | __main__:<module>:110 - | epoch : 136 | training done |
2021-12-30 05:23:59.385 | INFO     | __main__:<module>:243 - | epoch : 136 | val done |
2021-12-30 05:24:56.742 | INFO     | __main__:<module>:110 - | epoch : 137 | training done |
2021-12-30 05:25:15.710 | INFO     | __main__:<module>:243 - | epoch : 137 | val done |
2021-12-30 05:26:13.073 | INFO     | __main__:<module>:110 - | epoch : 138 | training done |
2021-12-30 05:26:32.062 | INFO     | __main__:<module>:243 - | epoch : 138 | val done |
2021-12-30 05:27:29.263 | INFO     | __main__:<module>:110 - | epoch : 139 | training done |
2021-12-30 05:27:48.204 | INFO     | __main__:<module>:243 - | epoch : 139 | val done |
2021-12-30 05:28:45.508 | INFO     | __main__:<module>:110 - | epoch : 140 | training done |
2021-12-30 05:29:04.500 | INFO     | __main__:<module>:243 - | epoch : 140 | val done |
2021-12-30 05:30:01.961 | INFO     | __main__:<module>:110 - | epoch : 141 | training done |
2021-12-30 05:30:20.950 | INFO     | __main__:<module>:243 - | epoch : 141 | val done |
2021-12-30 05:31:18.301 | INFO     | __main__:<module>:110 - | epoch : 142 | training done |
2021-12-30 05:31:37.297 | INFO     | __main__:<module>:243 - | epoch : 142 | val done |
2021-12-30 05:32:34.629 | INFO     | __main__:<module>:110 - | epoch : 143 | training done |
2021-12-30 05:32:53.636 | INFO     | __main__:<module>:243 - | epoch : 143 | val done |
2021-12-30 05:33:50.943 | INFO     | __main__:<module>:110 - | epoch : 144 | training done |
2021-12-30 05:34:10.085 | INFO     | __main__:<module>:243 - | epoch : 144 | val done |
2021-12-30 05:35:07.361 | INFO     | __main__:<module>:110 - | epoch : 145 | training done |
2021-12-30 05:35:26.379 | INFO     | __main__:<module>:243 - | epoch : 145 | val done |
2021-12-30 05:36:23.755 | INFO     | __main__:<module>:110 - | epoch : 146 | training done |
2021-12-30 05:36:42.756 | INFO     | __main__:<module>:243 - | epoch : 146 | val done |
2021-12-30 05:37:40.032 | INFO     | __main__:<module>:110 - | epoch : 147 | training done |
2021-12-30 05:37:59.067 | INFO     | __main__:<module>:243 - | epoch : 147 | val done |
2021-12-30 05:38:56.336 | INFO     | __main__:<module>:110 - | epoch : 148 | training done |
2021-12-30 05:39:15.401 | INFO     | __main__:<module>:243 - | epoch : 148 | val done |
2021-12-30 05:40:12.683 | INFO     | __main__:<module>:110 - | epoch : 149 | training done |
2021-12-30 05:40:31.680 | INFO     | __main__:<module>:243 - | epoch : 149 | val done |
2021-12-30 05:41:29.037 | INFO     | __main__:<module>:110 - | epoch : 150 | training done |
2021-12-30 05:41:48.110 | INFO     | __main__:<module>:243 - | epoch : 150 | val done |
2021-12-30 05:42:45.386 | INFO     | __main__:<module>:110 - | epoch : 151 | training done |
2021-12-30 05:43:04.458 | INFO     | __main__:<module>:243 - | epoch : 151 | val done |
2021-12-30 05:44:01.756 | INFO     | __main__:<module>:110 - | epoch : 152 | training done |
2021-12-30 05:44:20.748 | INFO     | __main__:<module>:243 - | epoch : 152 | val done |
2021-12-30 05:45:18.094 | INFO     | __main__:<module>:110 - | epoch : 153 | training done |
2021-12-30 05:45:37.207 | INFO     | __main__:<module>:243 - | epoch : 153 | val done |
2021-12-30 05:46:34.578 | INFO     | __main__:<module>:110 - | epoch : 154 | training done |
2021-12-30 05:46:53.603 | INFO     | __main__:<module>:243 - | epoch : 154 | val done |
2021-12-30 05:47:50.989 | INFO     | __main__:<module>:110 - | epoch : 155 | training done |
2021-12-30 05:48:09.942 | INFO     | __main__:<module>:243 - | epoch : 155 | val done |
2021-12-30 05:49:07.160 | INFO     | __main__:<module>:110 - | epoch : 156 | training done |
2021-12-30 05:49:26.169 | INFO     | __main__:<module>:243 - | epoch : 156 | val done |
2021-12-30 05:50:23.441 | INFO     | __main__:<module>:110 - | epoch : 157 | training done |
2021-12-30 05:50:42.399 | INFO     | __main__:<module>:243 - | epoch : 157 | val done |
2021-12-30 05:51:39.753 | INFO     | __main__:<module>:110 - | epoch : 158 | training done |
2021-12-30 05:51:58.837 | INFO     | __main__:<module>:243 - | epoch : 158 | val done |
2021-12-30 05:52:56.127 | INFO     | __main__:<module>:110 - | epoch : 159 | training done |
2021-12-30 05:53:15.090 | INFO     | __main__:<module>:243 - | epoch : 159 | val done |
2021-12-30 05:54:12.437 | INFO     | __main__:<module>:110 - | epoch : 160 | training done |
2021-12-30 05:54:31.474 | INFO     | __main__:<module>:243 - | epoch : 160 | val done |
2021-12-30 05:55:28.820 | INFO     | __main__:<module>:110 - | epoch : 161 | training done |
2021-12-30 05:55:47.759 | INFO     | __main__:<module>:243 - | epoch : 161 | val done |
2021-12-30 05:56:45.115 | INFO     | __main__:<module>:110 - | epoch : 162 | training done |
2021-12-30 05:57:04.088 | INFO     | __main__:<module>:243 - | epoch : 162 | val done |
2021-12-30 05:58:01.403 | INFO     | __main__:<module>:110 - | epoch : 163 | training done |
2021-12-30 05:58:20.504 | INFO     | __main__:<module>:243 - | epoch : 163 | val done |
2021-12-30 05:59:17.887 | INFO     | __main__:<module>:110 - | epoch : 164 | training done |
2021-12-30 05:59:36.865 | INFO     | __main__:<module>:243 - | epoch : 164 | val done |
2021-12-30 06:00:34.354 | INFO     | __main__:<module>:110 - | epoch : 165 | training done |
2021-12-30 06:00:53.369 | INFO     | __main__:<module>:243 - | epoch : 165 | val done |
2021-12-30 06:01:50.655 | INFO     | __main__:<module>:110 - | epoch : 166 | training done |
2021-12-30 06:02:09.717 | INFO     | __main__:<module>:243 - | epoch : 166 | val done |
2021-12-30 06:03:07.031 | INFO     | __main__:<module>:110 - | epoch : 167 | training done |
2021-12-30 06:03:26.317 | INFO     | __main__:<module>:243 - | epoch : 167 | val done |
2021-12-30 06:04:23.631 | INFO     | __main__:<module>:110 - | epoch : 168 | training done |
2021-12-30 06:04:42.652 | INFO     | __main__:<module>:243 - | epoch : 168 | val done |
2021-12-30 06:05:40.119 | INFO     | __main__:<module>:110 - | epoch : 169 | training done |
2021-12-30 06:05:59.047 | INFO     | __main__:<module>:243 - | epoch : 169 | val done |
2021-12-30 06:06:56.320 | INFO     | __main__:<module>:110 - | epoch : 170 | training done |
2021-12-30 06:07:15.477 | INFO     | __main__:<module>:243 - | epoch : 170 | val done |
2021-12-30 06:08:12.824 | INFO     | __main__:<module>:110 - | epoch : 171 | training done |
2021-12-30 06:08:31.874 | INFO     | __main__:<module>:243 - | epoch : 171 | val done |
2021-12-30 06:09:29.200 | INFO     | __main__:<module>:110 - | epoch : 172 | training done |
2021-12-30 06:09:48.289 | INFO     | __main__:<module>:243 - | epoch : 172 | val done |
2021-12-30 06:10:45.616 | INFO     | __main__:<module>:110 - | epoch : 173 | training done |
2021-12-30 06:11:04.579 | INFO     | __main__:<module>:243 - | epoch : 173 | val done |
2021-12-30 06:12:02.069 | INFO     | __main__:<module>:110 - | epoch : 174 | training done |
2021-12-30 06:12:21.053 | INFO     | __main__:<module>:243 - | epoch : 174 | val done |
2021-12-30 06:13:18.417 | INFO     | __main__:<module>:110 - | epoch : 175 | training done |
2021-12-30 06:13:37.417 | INFO     | __main__:<module>:243 - | epoch : 175 | val done |
2021-12-30 06:14:34.866 | INFO     | __main__:<module>:110 - | epoch : 176 | training done |
2021-12-30 06:14:53.808 | INFO     | __main__:<module>:243 - | epoch : 176 | val done |
2021-12-30 06:15:51.075 | INFO     | __main__:<module>:110 - | epoch : 177 | training done |
2021-12-30 06:16:10.066 | INFO     | __main__:<module>:243 - | epoch : 177 | val done |
2021-12-30 06:17:07.399 | INFO     | __main__:<module>:110 - | epoch : 178 | training done |
2021-12-30 06:17:26.397 | INFO     | __main__:<module>:243 - | epoch : 178 | val done |
2021-12-30 06:18:23.730 | INFO     | __main__:<module>:110 - | epoch : 179 | training done |
2021-12-30 06:18:42.699 | INFO     | __main__:<module>:243 - | epoch : 179 | val done |
2021-12-30 06:19:40.055 | INFO     | __main__:<module>:110 - | epoch : 180 | training done |
2021-12-30 06:19:59.052 | INFO     | __main__:<module>:243 - | epoch : 180 | val done |
2021-12-30 06:20:56.299 | INFO     | __main__:<module>:110 - | epoch : 181 | training done |
2021-12-30 06:21:15.298 | INFO     | __main__:<module>:243 - | epoch : 181 | val done |
2021-12-30 06:22:12.647 | INFO     | __main__:<module>:110 - | epoch : 182 | training done |
2021-12-30 06:22:31.733 | INFO     | __main__:<module>:243 - | epoch : 182 | val done |
2021-12-30 06:23:29.129 | INFO     | __main__:<module>:110 - | epoch : 183 | training done |
2021-12-30 06:23:48.260 | INFO     | __main__:<module>:243 - | epoch : 183 | val done |
2021-12-30 06:24:45.585 | INFO     | __main__:<module>:110 - | epoch : 184 | training done |
2021-12-30 06:25:04.549 | INFO     | __main__:<module>:243 - | epoch : 184 | val done |
2021-12-30 06:26:01.900 | INFO     | __main__:<module>:110 - | epoch : 185 | training done |
2021-12-30 06:26:20.925 | INFO     | __main__:<module>:243 - | epoch : 185 | val done |
2021-12-30 06:27:18.241 | INFO     | __main__:<module>:110 - | epoch : 186 | training done |
2021-12-30 06:27:37.215 | INFO     | __main__:<module>:243 - | epoch : 186 | val done |
2021-12-30 06:28:34.582 | INFO     | __main__:<module>:110 - | epoch : 187 | training done |
2021-12-30 06:28:53.539 | INFO     | __main__:<module>:243 - | epoch : 187 | val done |
2021-12-30 06:29:50.889 | INFO     | __main__:<module>:110 - | epoch : 188 | training done |
2021-12-30 06:30:09.932 | INFO     | __main__:<module>:243 - | epoch : 188 | val done |
2021-12-30 06:31:07.269 | INFO     | __main__:<module>:110 - | epoch : 189 | training done |
2021-12-30 06:31:26.270 | INFO     | __main__:<module>:243 - | epoch : 189 | val done |
2021-12-30 06:32:23.580 | INFO     | __main__:<module>:110 - | epoch : 190 | training done |
2021-12-30 06:32:42.551 | INFO     | __main__:<module>:243 - | epoch : 190 | val done |
2021-12-30 06:33:39.859 | INFO     | __main__:<module>:110 - | epoch : 191 | training done |
2021-12-30 06:33:58.966 | INFO     | __main__:<module>:243 - | epoch : 191 | val done |
2021-12-30 06:34:56.337 | INFO     | __main__:<module>:110 - | epoch : 192 | training done |
2021-12-30 06:35:15.386 | INFO     | __main__:<module>:243 - | epoch : 192 | val done |
2021-12-30 06:36:12.702 | INFO     | __main__:<module>:110 - | epoch : 193 | training done |
2021-12-30 06:36:31.705 | INFO     | __main__:<module>:243 - | epoch : 193 | val done |
2021-12-30 06:37:29.064 | INFO     | __main__:<module>:110 - | epoch : 194 | training done |
2021-12-30 06:37:48.061 | INFO     | __main__:<module>:243 - | epoch : 194 | val done |
2021-12-30 06:38:45.382 | INFO     | __main__:<module>:110 - | epoch : 195 | training done |
2021-12-30 06:39:04.342 | INFO     | __main__:<module>:243 - | epoch : 195 | val done |
2021-12-30 06:40:01.637 | INFO     | __main__:<module>:110 - | epoch : 196 | training done |
2021-12-30 06:40:20.689 | INFO     | __main__:<module>:243 - | epoch : 196 | val done |
2021-12-30 06:41:17.935 | INFO     | __main__:<module>:110 - | epoch : 197 | training done |
2021-12-30 06:41:36.923 | INFO     | __main__:<module>:243 - | epoch : 197 | val done |
2021-12-30 06:42:34.404 | INFO     | __main__:<module>:110 - | epoch : 198 | training done |
2021-12-30 06:42:53.450 | INFO     | __main__:<module>:243 - | epoch : 198 | val done |
2021-12-30 06:43:50.765 | INFO     | __main__:<module>:110 - | epoch : 199 | training done |
2021-12-30 06:44:09.725 | INFO     | __main__:<module>:243 - | epoch : 199 | val done |
