2021-12-29 22:43:03.601 | INFO     | __main__:<module>:82 - | start training .... |
2021-12-29 22:43:49.663 | INFO     | __main__:<module>:110 - | epoch : 0 | training done |
2021-12-29 22:44:06.031 | INFO     | __main__:<module>:239 - | epoch : 0 | CVC-300 : 0.5228869789211007 | CVC-ClinicDB : 0.6063629325608755 | CVC-ColonDB : 0.5455612007218534 | ETIS-LaribPolypDB : 0.561293686403508 | Kvasir : 0.5992077150437624 |
2021-12-29 22:44:06.031 | CRITICAL | __main__:<module>:240 - | epoch : 0 | best_val_dice_score : 0.56706250273022 |
2021-12-29 22:44:52.076 | INFO     | __main__:<module>:110 - | epoch : 1 | training done |
2021-12-29 22:45:08.441 | INFO     | __main__:<module>:239 - | epoch : 1 | CVC-300 : 0.5533048891691209 | CVC-ClinicDB : 0.662140442962221 | CVC-ColonDB : 0.5606991837633891 | ETIS-LaribPolypDB : 0.5706106178684605 | Kvasir : 0.6813429825649906 |
2021-12-29 22:45:08.441 | CRITICAL | __main__:<module>:240 - | epoch : 1 | best_val_dice_score : 0.6056196232656365 |
2021-12-29 22:45:54.539 | INFO     | __main__:<module>:110 - | epoch : 2 | training done |
2021-12-29 22:46:11.000 | INFO     | __main__:<module>:239 - | epoch : 2 | CVC-300 : 0.5440586565363367 | CVC-ClinicDB : 0.6866176000208399 | CVC-ColonDB : 0.5881464181499623 | ETIS-LaribPolypDB : 0.5903421088161193 | Kvasir : 0.6808420565502171 |
2021-12-29 22:46:11.000 | CRITICAL | __main__:<module>:240 - | epoch : 2 | best_val_dice_score : 0.6180013680146951 |
2021-12-29 22:46:57.112 | INFO     | __main__:<module>:110 - | epoch : 3 | training done |
2021-12-29 22:47:13.523 | INFO     | __main__:<module>:243 - | epoch : 3 | val done |
2021-12-29 22:47:59.371 | INFO     | __main__:<module>:110 - | epoch : 4 | training done |
2021-12-29 22:48:15.698 | INFO     | __main__:<module>:239 - | epoch : 4 | CVC-300 : 0.5552713518615836 | CVC-ClinicDB : 0.7387352272577294 | CVC-ColonDB : 0.5927661495224529 | ETIS-LaribPolypDB : 0.5785949872489172 | Kvasir : 0.6567054906314251 |
2021-12-29 22:48:15.699 | CRITICAL | __main__:<module>:240 - | epoch : 4 | best_val_dice_score : 0.6244146413044216 |
2021-12-29 22:49:01.892 | INFO     | __main__:<module>:110 - | epoch : 5 | training done |
2021-12-29 22:49:18.224 | INFO     | __main__:<module>:239 - | epoch : 5 | CVC-300 : 0.5592700563363372 | CVC-ClinicDB : 0.7524727406646285 | CVC-ColonDB : 0.597483070568622 | ETIS-LaribPolypDB : 0.5793844870633256 | Kvasir : 0.6513857911506136 |
2021-12-29 22:49:18.224 | CRITICAL | __main__:<module>:240 - | epoch : 5 | best_val_dice_score : 0.6279992291567055 |
2021-12-29 22:50:04.440 | INFO     | __main__:<module>:110 - | epoch : 6 | training done |
2021-12-29 22:50:20.795 | INFO     | __main__:<module>:239 - | epoch : 6 | CVC-300 : 0.5846509405414231 | CVC-ClinicDB : 0.759217165614195 | CVC-ColonDB : 0.6068524303575343 | ETIS-LaribPolypDB : 0.5942978000188666 | Kvasir : 0.7102056278538658 |
2021-12-29 22:50:20.796 | CRITICAL | __main__:<module>:240 - | epoch : 6 | best_val_dice_score : 0.651044792877177 |
2021-12-29 22:51:06.936 | INFO     | __main__:<module>:110 - | epoch : 7 | training done |
2021-12-29 22:51:23.343 | INFO     | __main__:<module>:243 - | epoch : 7 | val done |
2021-12-29 22:52:09.144 | INFO     | __main__:<module>:110 - | epoch : 8 | training done |
2021-12-29 22:52:25.519 | INFO     | __main__:<module>:239 - | epoch : 8 | CVC-300 : 0.5937872917921486 | CVC-ClinicDB : 0.760085884688729 | CVC-ColonDB : 0.6165735468902763 | ETIS-LaribPolypDB : 0.6103329316271127 | Kvasir : 0.680917875878156 |
2021-12-29 22:52:25.519 | CRITICAL | __main__:<module>:240 - | epoch : 8 | best_val_dice_score : 0.6523395061752846 |
2021-12-29 22:53:11.723 | INFO     | __main__:<module>:110 - | epoch : 9 | training done |
2021-12-29 22:53:28.087 | INFO     | __main__:<module>:243 - | epoch : 9 | val done |
2021-12-29 22:54:14.154 | INFO     | __main__:<module>:110 - | epoch : 10 | training done |
2021-12-29 22:54:30.538 | INFO     | __main__:<module>:239 - | epoch : 10 | CVC-300 : 0.5903406998131621 | CVC-ClinicDB : 0.7636971881442133 | CVC-ColonDB : 0.6186548289821568 | ETIS-LaribPolypDB : 0.6487515003887632 | Kvasir : 0.7178673530249946 |
2021-12-29 22:54:30.538 | CRITICAL | __main__:<module>:240 - | epoch : 10 | best_val_dice_score : 0.667862314070658 |
2021-12-29 22:55:16.688 | INFO     | __main__:<module>:110 - | epoch : 11 | training done |
2021-12-29 22:55:33.183 | INFO     | __main__:<module>:239 - | epoch : 11 | CVC-300 : 0.6076535368002896 | CVC-ClinicDB : 0.8110237022986815 | CVC-ColonDB : 0.6431865048062376 | ETIS-LaribPolypDB : 0.6403863820693368 | Kvasir : 0.7411632519321565 |
2021-12-29 22:55:33.184 | CRITICAL | __main__:<module>:240 - | epoch : 11 | best_val_dice_score : 0.6886826755813404 |
2021-12-29 22:56:19.332 | INFO     | __main__:<module>:110 - | epoch : 12 | training done |
2021-12-29 22:56:35.855 | INFO     | __main__:<module>:243 - | epoch : 12 | val done |
2021-12-29 22:57:21.729 | INFO     | __main__:<module>:110 - | epoch : 13 | training done |
2021-12-29 22:57:38.071 | INFO     | __main__:<module>:243 - | epoch : 13 | val done |
2021-12-29 22:58:23.904 | INFO     | __main__:<module>:110 - | epoch : 14 | training done |
2021-12-29 22:58:40.301 | INFO     | __main__:<module>:239 - | epoch : 14 | CVC-300 : 0.5895325338285038 | CVC-ClinicDB : 0.8127884182752667 | CVC-ColonDB : 0.6400846309035404 | ETIS-LaribPolypDB : 0.6938470447636303 | Kvasir : 0.7207946241964829 |
2021-12-29 22:58:40.301 | CRITICAL | __main__:<module>:240 - | epoch : 14 | best_val_dice_score : 0.6914094503934848 |
2021-12-29 22:59:26.482 | INFO     | __main__:<module>:110 - | epoch : 15 | training done |
2021-12-29 22:59:42.887 | INFO     | __main__:<module>:243 - | epoch : 15 | val done |
2021-12-29 23:00:28.807 | INFO     | __main__:<module>:110 - | epoch : 16 | training done |
2021-12-29 23:00:45.316 | INFO     | __main__:<module>:239 - | epoch : 16 | CVC-300 : 0.653355970649331 | CVC-ClinicDB : 0.8070580099454202 | CVC-ColonDB : 0.6714414608032268 | ETIS-LaribPolypDB : 0.6677986672338238 | Kvasir : 0.7319669321761346 |
2021-12-29 23:00:45.316 | CRITICAL | __main__:<module>:240 - | epoch : 16 | best_val_dice_score : 0.7063242081615873 |
2021-12-29 23:01:31.527 | INFO     | __main__:<module>:110 - | epoch : 17 | training done |
2021-12-29 23:01:47.944 | INFO     | __main__:<module>:239 - | epoch : 17 | CVC-300 : 0.6407761699380139 | CVC-ClinicDB : 0.8320888065897019 | CVC-ColonDB : 0.6837225199166869 | ETIS-LaribPolypDB : 0.682709113783844 | Kvasir : 0.7663365458319462 |
2021-12-29 23:01:47.945 | CRITICAL | __main__:<module>:240 - | epoch : 17 | best_val_dice_score : 0.7211266312120386 |
2021-12-29 23:02:34.241 | INFO     | __main__:<module>:110 - | epoch : 18 | training done |
2021-12-29 23:02:50.555 | INFO     | __main__:<module>:243 - | epoch : 18 | val done |
2021-12-29 23:03:36.484 | INFO     | __main__:<module>:110 - | epoch : 19 | training done |
2021-12-29 23:03:52.838 | INFO     | __main__:<module>:239 - | epoch : 19 | CVC-300 : 0.631200219927716 | CVC-ClinicDB : 0.845474089032445 | CVC-ColonDB : 0.675340976958633 | ETIS-LaribPolypDB : 0.6819545424175727 | Kvasir : 0.7775755942706508 |
2021-12-29 23:03:52.838 | CRITICAL | __main__:<module>:240 - | epoch : 19 | best_val_dice_score : 0.7223090845214035 |
2021-12-29 23:04:39.041 | INFO     | __main__:<module>:110 - | epoch : 20 | training done |
2021-12-29 23:04:55.537 | INFO     | __main__:<module>:239 - | epoch : 20 | CVC-300 : 0.6304661347198526 | CVC-ClinicDB : 0.8299373809388495 | CVC-ColonDB : 0.7013718430796715 | ETIS-LaribPolypDB : 0.6671232953006841 | Kvasir : 0.7945775419061861 |
2021-12-29 23:04:55.537 | CRITICAL | __main__:<module>:240 - | epoch : 20 | best_val_dice_score : 0.7246952391890488 |
2021-12-29 23:05:41.797 | INFO     | __main__:<module>:110 - | epoch : 21 | training done |
2021-12-29 23:05:58.361 | INFO     | __main__:<module>:243 - | epoch : 21 | val done |
2021-12-29 23:06:44.330 | INFO     | __main__:<module>:110 - | epoch : 22 | training done |
2021-12-29 23:07:00.826 | INFO     | __main__:<module>:239 - | epoch : 22 | CVC-300 : 0.675048103944174 | CVC-ClinicDB : 0.8400350086240492 | CVC-ColonDB : 0.7045543545331351 | ETIS-LaribPolypDB : 0.7041431053314854 | Kvasir : 0.8380910071727024 |
2021-12-29 23:07:00.826 | CRITICAL | __main__:<module>:240 - | epoch : 22 | best_val_dice_score : 0.7523743159211093 |
2021-12-29 23:07:47.085 | INFO     | __main__:<module>:110 - | epoch : 23 | training done |
2021-12-29 23:08:03.464 | INFO     | __main__:<module>:239 - | epoch : 23 | CVC-300 : 0.7276791741576522 | CVC-ClinicDB : 0.8591305046329744 | CVC-ColonDB : 0.7179780404470887 | ETIS-LaribPolypDB : 0.7244802694906755 | Kvasir : 0.7835453880208378 |
2021-12-29 23:08:03.464 | CRITICAL | __main__:<module>:240 - | epoch : 23 | best_val_dice_score : 0.7625626753498457 |
2021-12-29 23:08:49.767 | INFO     | __main__:<module>:110 - | epoch : 24 | training done |
2021-12-29 23:09:06.211 | INFO     | __main__:<module>:243 - | epoch : 24 | val done |
2021-12-29 23:09:52.135 | INFO     | __main__:<module>:110 - | epoch : 25 | training done |
2021-12-29 23:10:08.565 | INFO     | __main__:<module>:243 - | epoch : 25 | val done |
2021-12-29 23:10:54.446 | INFO     | __main__:<module>:110 - | epoch : 26 | training done |
2021-12-29 23:11:10.788 | INFO     | __main__:<module>:243 - | epoch : 26 | val done |
2021-12-29 23:11:56.599 | INFO     | __main__:<module>:110 - | epoch : 27 | training done |
2021-12-29 23:12:13.012 | INFO     | __main__:<module>:243 - | epoch : 27 | val done |
2021-12-29 23:12:58.840 | INFO     | __main__:<module>:110 - | epoch : 28 | training done |
2021-12-29 23:13:15.209 | INFO     | __main__:<module>:243 - | epoch : 28 | val done |
2021-12-29 23:14:01.105 | INFO     | __main__:<module>:110 - | epoch : 29 | training done |
2021-12-29 23:14:17.550 | INFO     | __main__:<module>:243 - | epoch : 29 | val done |
2021-12-29 23:15:03.475 | INFO     | __main__:<module>:110 - | epoch : 30 | training done |
2021-12-29 23:15:19.856 | INFO     | __main__:<module>:243 - | epoch : 30 | val done |
2021-12-29 23:16:05.861 | INFO     | __main__:<module>:110 - | epoch : 31 | training done |
2021-12-29 23:16:22.316 | INFO     | __main__:<module>:243 - | epoch : 31 | val done |
2021-12-29 23:17:08.191 | INFO     | __main__:<module>:110 - | epoch : 32 | training done |
2021-12-29 23:17:24.579 | INFO     | __main__:<module>:243 - | epoch : 32 | val done |
2021-12-29 23:18:10.493 | INFO     | __main__:<module>:110 - | epoch : 33 | training done |
2021-12-29 23:18:26.890 | INFO     | __main__:<module>:239 - | epoch : 33 | CVC-300 : 0.7513654933797851 | CVC-ClinicDB : 0.8756808416226194 | CVC-ColonDB : 0.7229629765455505 | ETIS-LaribPolypDB : 0.6635090902139603 | Kvasir : 0.8144105254746185 |
2021-12-29 23:18:26.891 | CRITICAL | __main__:<module>:240 - | epoch : 33 | best_val_dice_score : 0.7655857854473067 |
2021-12-29 23:19:13.042 | INFO     | __main__:<module>:110 - | epoch : 34 | training done |
2021-12-29 23:19:29.401 | INFO     | __main__:<module>:239 - | epoch : 34 | CVC-300 : 0.7480535325997096 | CVC-ClinicDB : 0.8963505795390796 | CVC-ColonDB : 0.7116626523039983 | ETIS-LaribPolypDB : 0.7060246960380117 | Kvasir : 0.8063600317312386 |
2021-12-29 23:19:29.401 | CRITICAL | __main__:<module>:240 - | epoch : 34 | best_val_dice_score : 0.7736902984424076 |
2021-12-29 23:20:15.693 | INFO     | __main__:<module>:110 - | epoch : 35 | training done |
2021-12-29 23:20:32.104 | INFO     | __main__:<module>:243 - | epoch : 35 | val done |
2021-12-29 23:21:18.023 | INFO     | __main__:<module>:110 - | epoch : 36 | training done |
2021-12-29 23:21:34.509 | INFO     | __main__:<module>:243 - | epoch : 36 | val done |
2021-12-29 23:22:20.520 | INFO     | __main__:<module>:110 - | epoch : 37 | training done |
2021-12-29 23:22:37.030 | INFO     | __main__:<module>:243 - | epoch : 37 | val done |
2021-12-29 23:23:22.992 | INFO     | __main__:<module>:110 - | epoch : 38 | training done |
2021-12-29 23:23:39.351 | INFO     | __main__:<module>:239 - | epoch : 38 | CVC-300 : 0.7749570094893203 | CVC-ClinicDB : 0.8672313223991831 | CVC-ColonDB : 0.7320483255337983 | ETIS-LaribPolypDB : 0.6961714719179876 | Kvasir : 0.821832526086985 |
2021-12-29 23:23:39.352 | CRITICAL | __main__:<module>:240 - | epoch : 38 | best_val_dice_score : 0.7784481310854549 |
2021-12-29 23:24:25.637 | INFO     | __main__:<module>:110 - | epoch : 39 | training done |
2021-12-29 23:24:42.060 | INFO     | __main__:<module>:243 - | epoch : 39 | val done |
2021-12-29 23:25:28.040 | INFO     | __main__:<module>:110 - | epoch : 40 | training done |
2021-12-29 23:25:44.587 | INFO     | __main__:<module>:239 - | epoch : 40 | CVC-300 : 0.7818274558136307 | CVC-ClinicDB : 0.8863180398836378 | CVC-ColonDB : 0.7432455106555169 | ETIS-LaribPolypDB : 0.6729899490400311 | Kvasir : 0.8186230750510588 |
2021-12-29 23:25:44.587 | CRITICAL | __main__:<module>:240 - | epoch : 40 | best_val_dice_score : 0.7806008060887751 |
2021-12-29 23:26:30.834 | INFO     | __main__:<module>:110 - | epoch : 41 | training done |
2021-12-29 23:26:47.233 | INFO     | __main__:<module>:243 - | epoch : 41 | val done |
2021-12-29 23:27:33.138 | INFO     | __main__:<module>:110 - | epoch : 42 | training done |
2021-12-29 23:27:49.617 | INFO     | __main__:<module>:243 - | epoch : 42 | val done |
2021-12-29 23:28:35.594 | INFO     | __main__:<module>:110 - | epoch : 43 | training done |
2021-12-29 23:28:52.016 | INFO     | __main__:<module>:239 - | epoch : 43 | CVC-300 : 0.7522394808629391 | CVC-ClinicDB : 0.8987645576920846 | CVC-ColonDB : 0.7156233215525601 | ETIS-LaribPolypDB : 0.7237288731433711 | Kvasir : 0.8401762503703503 |
2021-12-29 23:28:52.017 | CRITICAL | __main__:<module>:240 - | epoch : 43 | best_val_dice_score : 0.7861064967242611 |
2021-12-29 23:29:38.195 | INFO     | __main__:<module>:110 - | epoch : 44 | training done |
2021-12-29 23:29:54.536 | INFO     | __main__:<module>:243 - | epoch : 44 | val done |
2021-12-29 23:30:40.447 | INFO     | __main__:<module>:110 - | epoch : 45 | training done |
2021-12-29 23:30:56.894 | INFO     | __main__:<module>:243 - | epoch : 45 | val done |
2021-12-29 23:31:42.810 | INFO     | __main__:<module>:110 - | epoch : 46 | training done |
2021-12-29 23:31:59.223 | INFO     | __main__:<module>:243 - | epoch : 46 | val done |
2021-12-29 23:32:45.111 | INFO     | __main__:<module>:110 - | epoch : 47 | training done |
2021-12-29 23:33:01.546 | INFO     | __main__:<module>:243 - | epoch : 47 | val done |
2021-12-29 23:33:47.428 | INFO     | __main__:<module>:110 - | epoch : 48 | training done |
2021-12-29 23:34:03.832 | INFO     | __main__:<module>:243 - | epoch : 48 | val done |
2021-12-29 23:34:49.858 | INFO     | __main__:<module>:110 - | epoch : 49 | training done |
2021-12-29 23:35:06.255 | INFO     | __main__:<module>:243 - | epoch : 49 | val done |
2021-12-29 23:35:52.200 | INFO     | __main__:<module>:110 - | epoch : 50 | training done |
2021-12-29 23:36:08.548 | INFO     | __main__:<module>:243 - | epoch : 50 | val done |
2021-12-29 23:36:54.680 | INFO     | __main__:<module>:110 - | epoch : 51 | training done |
2021-12-29 23:37:10.999 | INFO     | __main__:<module>:239 - | epoch : 51 | CVC-300 : 0.7807237355118956 | CVC-ClinicDB : 0.8890660747312127 | CVC-ColonDB : 0.7307306697741532 | ETIS-LaribPolypDB : 0.7190337804542922 | Kvasir : 0.8442081930186285 |
2021-12-29 23:37:10.999 | CRITICAL | __main__:<module>:240 - | epoch : 51 | best_val_dice_score : 0.7927524906980364 |
2021-12-29 23:37:57.336 | INFO     | __main__:<module>:110 - | epoch : 52 | training done |
2021-12-29 23:38:13.783 | INFO     | __main__:<module>:243 - | epoch : 52 | val done |
2021-12-29 23:38:59.775 | INFO     | __main__:<module>:110 - | epoch : 53 | training done |
2021-12-29 23:39:16.286 | INFO     | __main__:<module>:243 - | epoch : 53 | val done |
2021-12-29 23:40:02.253 | INFO     | __main__:<module>:110 - | epoch : 54 | training done |
2021-12-29 23:40:18.718 | INFO     | __main__:<module>:243 - | epoch : 54 | val done |
2021-12-29 23:41:04.644 | INFO     | __main__:<module>:110 - | epoch : 55 | training done |
2021-12-29 23:41:21.019 | INFO     | __main__:<module>:243 - | epoch : 55 | val done |
2021-12-29 23:42:06.964 | INFO     | __main__:<module>:110 - | epoch : 56 | training done |
2021-12-29 23:42:23.390 | INFO     | __main__:<module>:243 - | epoch : 56 | val done |
2021-12-29 23:43:09.357 | INFO     | __main__:<module>:110 - | epoch : 57 | training done |
2021-12-29 23:43:25.753 | INFO     | __main__:<module>:239 - | epoch : 57 | CVC-300 : 0.8132789035504382 | CVC-ClinicDB : 0.9128761386092225 | CVC-ColonDB : 0.7364609423751332 | ETIS-LaribPolypDB : 0.7009318614322012 | Kvasir : 0.8446580588421262 |
2021-12-29 23:43:25.753 | CRITICAL | __main__:<module>:240 - | epoch : 57 | best_val_dice_score : 0.8016411809618242 |
2021-12-29 23:44:12.053 | INFO     | __main__:<module>:110 - | epoch : 58 | training done |
2021-12-29 23:44:28.448 | INFO     | __main__:<module>:243 - | epoch : 58 | val done |
2021-12-29 23:45:14.386 | INFO     | __main__:<module>:110 - | epoch : 59 | training done |
2021-12-29 23:45:30.743 | INFO     | __main__:<module>:243 - | epoch : 59 | val done |
2021-12-29 23:46:16.845 | INFO     | __main__:<module>:110 - | epoch : 60 | training done |
2021-12-29 23:46:33.312 | INFO     | __main__:<module>:243 - | epoch : 60 | val done |
2021-12-29 23:47:19.311 | INFO     | __main__:<module>:110 - | epoch : 61 | training done |
2021-12-29 23:47:35.676 | INFO     | __main__:<module>:243 - | epoch : 61 | val done |
2021-12-29 23:48:21.611 | INFO     | __main__:<module>:110 - | epoch : 62 | training done |
2021-12-29 23:48:38.059 | INFO     | __main__:<module>:243 - | epoch : 62 | val done |
2021-12-29 23:49:24.035 | INFO     | __main__:<module>:110 - | epoch : 63 | training done |
2021-12-29 23:49:40.483 | INFO     | __main__:<module>:243 - | epoch : 63 | val done |
2021-12-29 23:50:26.386 | INFO     | __main__:<module>:110 - | epoch : 64 | training done |
2021-12-29 23:50:42.781 | INFO     | __main__:<module>:243 - | epoch : 64 | val done |
2021-12-29 23:51:28.746 | INFO     | __main__:<module>:110 - | epoch : 65 | training done |
2021-12-29 23:51:45.122 | INFO     | __main__:<module>:243 - | epoch : 65 | val done |
2021-12-29 23:52:31.027 | INFO     | __main__:<module>:110 - | epoch : 66 | training done |
2021-12-29 23:52:47.484 | INFO     | __main__:<module>:243 - | epoch : 66 | val done |
2021-12-29 23:53:33.335 | INFO     | __main__:<module>:110 - | epoch : 67 | training done |
2021-12-29 23:53:49.764 | INFO     | __main__:<module>:243 - | epoch : 67 | val done |
2021-12-29 23:54:35.710 | INFO     | __main__:<module>:110 - | epoch : 68 | training done |
2021-12-29 23:54:52.056 | INFO     | __main__:<module>:239 - | epoch : 68 | CVC-300 : 0.8019288729446705 | CVC-ClinicDB : 0.9115091184991653 | CVC-ColonDB : 0.7464677284422502 | ETIS-LaribPolypDB : 0.7290244837744725 | Kvasir : 0.830496745101461 |
2021-12-29 23:54:52.056 | CRITICAL | __main__:<module>:240 - | epoch : 68 | best_val_dice_score : 0.8038853897524039 |
2021-12-29 23:55:38.291 | INFO     | __main__:<module>:110 - | epoch : 69 | training done |
2021-12-29 23:55:54.729 | INFO     | __main__:<module>:243 - | epoch : 69 | val done |
2021-12-29 23:56:40.596 | INFO     | __main__:<module>:110 - | epoch : 70 | training done |
2021-12-29 23:56:56.956 | INFO     | __main__:<module>:243 - | epoch : 70 | val done |
2021-12-29 23:57:42.851 | INFO     | __main__:<module>:110 - | epoch : 71 | training done |
2021-12-29 23:57:59.256 | INFO     | __main__:<module>:243 - | epoch : 71 | val done |
2021-12-29 23:58:45.221 | INFO     | __main__:<module>:110 - | epoch : 72 | training done |
2021-12-29 23:59:01.617 | INFO     | __main__:<module>:243 - | epoch : 72 | val done |
2021-12-29 23:59:47.540 | INFO     | __main__:<module>:110 - | epoch : 73 | training done |
2021-12-30 00:00:03.995 | INFO     | __main__:<module>:239 - | epoch : 73 | CVC-300 : 0.8129874497358216 | CVC-ClinicDB : 0.918935897099608 | CVC-ColonDB : 0.7646575325289762 | ETIS-LaribPolypDB : 0.691649571200324 | Kvasir : 0.8533939644002924 |
2021-12-30 00:00:03.995 | CRITICAL | __main__:<module>:240 - | epoch : 73 | best_val_dice_score : 0.8083248829930044 |
2021-12-30 00:00:50.302 | INFO     | __main__:<module>:110 - | epoch : 74 | training done |
2021-12-30 00:01:06.795 | INFO     | __main__:<module>:243 - | epoch : 74 | val done |
2021-12-30 00:01:52.752 | INFO     | __main__:<module>:110 - | epoch : 75 | training done |
2021-12-30 00:02:09.172 | INFO     | __main__:<module>:243 - | epoch : 75 | val done |
2021-12-30 00:02:55.086 | INFO     | __main__:<module>:110 - | epoch : 76 | training done |
2021-12-30 00:03:11.493 | INFO     | __main__:<module>:243 - | epoch : 76 | val done |
2021-12-30 00:03:57.378 | INFO     | __main__:<module>:110 - | epoch : 77 | training done |
2021-12-30 00:04:13.814 | INFO     | __main__:<module>:243 - | epoch : 77 | val done |
2021-12-30 00:04:59.738 | INFO     | __main__:<module>:110 - | epoch : 78 | training done |
2021-12-30 00:05:16.210 | INFO     | __main__:<module>:239 - | epoch : 78 | CVC-300 : 0.8073417655336395 | CVC-ClinicDB : 0.925781449821439 | CVC-ColonDB : 0.7480408382631859 | ETIS-LaribPolypDB : 0.7162130859853099 | Kvasir : 0.8690807773645269 |
2021-12-30 00:05:16.210 | CRITICAL | __main__:<module>:240 - | epoch : 78 | best_val_dice_score : 0.8132915833936203 |
2021-12-30 00:06:02.490 | INFO     | __main__:<module>:110 - | epoch : 79 | training done |
2021-12-30 00:06:19.007 | INFO     | __main__:<module>:239 - | epoch : 79 | CVC-300 : 0.8290773949545507 | CVC-ClinicDB : 0.9265498775331443 | CVC-ColonDB : 0.7568143763663646 | ETIS-LaribPolypDB : 0.7249256237970033 | Kvasir : 0.8656596535635178 |
2021-12-30 00:06:19.007 | CRITICAL | __main__:<module>:240 - | epoch : 79 | best_val_dice_score : 0.820605385242916 |
2021-12-30 00:07:05.347 | INFO     | __main__:<module>:110 - | epoch : 80 | training done |
2021-12-30 00:07:21.737 | INFO     | __main__:<module>:243 - | epoch : 80 | val done |
2021-12-30 00:08:07.668 | INFO     | __main__:<module>:110 - | epoch : 81 | training done |
2021-12-30 00:08:24.054 | INFO     | __main__:<module>:243 - | epoch : 81 | val done |
2021-12-30 00:09:09.992 | INFO     | __main__:<module>:110 - | epoch : 82 | training done |
2021-12-30 00:09:26.473 | INFO     | __main__:<module>:243 - | epoch : 82 | val done |
2021-12-30 00:10:12.367 | INFO     | __main__:<module>:110 - | epoch : 83 | training done |
2021-12-30 00:10:28.784 | INFO     | __main__:<module>:243 - | epoch : 83 | val done |
2021-12-30 00:11:14.744 | INFO     | __main__:<module>:110 - | epoch : 84 | training done |
2021-12-30 00:11:31.214 | INFO     | __main__:<module>:243 - | epoch : 84 | val done |
2021-12-30 00:12:17.159 | INFO     | __main__:<module>:110 - | epoch : 85 | training done |
2021-12-30 00:12:33.613 | INFO     | __main__:<module>:243 - | epoch : 85 | val done |
2021-12-30 00:13:19.586 | INFO     | __main__:<module>:110 - | epoch : 86 | training done |
2021-12-30 00:13:36.038 | INFO     | __main__:<module>:243 - | epoch : 86 | val done |
2021-12-30 00:14:21.972 | INFO     | __main__:<module>:110 - | epoch : 87 | training done |
2021-12-30 00:14:38.358 | INFO     | __main__:<module>:243 - | epoch : 87 | val done |
2021-12-30 00:15:24.344 | INFO     | __main__:<module>:110 - | epoch : 88 | training done |
2021-12-30 00:15:40.933 | INFO     | __main__:<module>:243 - | epoch : 88 | val done |
2021-12-30 00:16:26.777 | INFO     | __main__:<module>:110 - | epoch : 89 | training done |
2021-12-30 00:16:43.351 | INFO     | __main__:<module>:243 - | epoch : 89 | val done |
2021-12-30 00:17:29.286 | INFO     | __main__:<module>:110 - | epoch : 90 | training done |
2021-12-30 00:17:45.681 | INFO     | __main__:<module>:243 - | epoch : 90 | val done |
2021-12-30 00:18:31.578 | INFO     | __main__:<module>:110 - | epoch : 91 | training done |
2021-12-30 00:18:48.004 | INFO     | __main__:<module>:243 - | epoch : 91 | val done |
2021-12-30 00:19:33.992 | INFO     | __main__:<module>:110 - | epoch : 92 | training done |
2021-12-30 00:19:50.399 | INFO     | __main__:<module>:243 - | epoch : 92 | val done |
2021-12-30 00:20:36.349 | INFO     | __main__:<module>:110 - | epoch : 93 | training done |
2021-12-30 00:20:52.862 | INFO     | __main__:<module>:243 - | epoch : 93 | val done |
2021-12-30 00:21:38.806 | INFO     | __main__:<module>:110 - | epoch : 94 | training done |
2021-12-30 00:21:55.289 | INFO     | __main__:<module>:243 - | epoch : 94 | val done |
2021-12-30 00:22:41.195 | INFO     | __main__:<module>:110 - | epoch : 95 | training done |
2021-12-30 00:22:57.784 | INFO     | __main__:<module>:243 - | epoch : 95 | val done |
2021-12-30 00:23:43.677 | INFO     | __main__:<module>:110 - | epoch : 96 | training done |
2021-12-30 00:24:00.136 | INFO     | __main__:<module>:243 - | epoch : 96 | val done |
2021-12-30 00:24:46.035 | INFO     | __main__:<module>:110 - | epoch : 97 | training done |
2021-12-30 00:25:02.522 | INFO     | __main__:<module>:243 - | epoch : 97 | val done |
2021-12-30 00:25:48.401 | INFO     | __main__:<module>:110 - | epoch : 98 | training done |
2021-12-30 00:26:04.867 | INFO     | __main__:<module>:243 - | epoch : 98 | val done |
2021-12-30 00:26:50.798 | INFO     | __main__:<module>:110 - | epoch : 99 | training done |
2021-12-30 00:27:07.236 | INFO     | __main__:<module>:243 - | epoch : 99 | val done |
2021-12-30 00:27:53.154 | INFO     | __main__:<module>:110 - | epoch : 100 | training done |
2021-12-30 00:28:09.562 | INFO     | __main__:<module>:243 - | epoch : 100 | val done |
2021-12-30 00:28:55.462 | INFO     | __main__:<module>:110 - | epoch : 101 | training done |
2021-12-30 00:29:11.936 | INFO     | __main__:<module>:243 - | epoch : 101 | val done |
2021-12-30 00:29:57.801 | INFO     | __main__:<module>:110 - | epoch : 102 | training done |
2021-12-30 00:30:14.346 | INFO     | __main__:<module>:243 - | epoch : 102 | val done |
2021-12-30 00:31:00.282 | INFO     | __main__:<module>:110 - | epoch : 103 | training done |
2021-12-30 00:31:16.773 | INFO     | __main__:<module>:243 - | epoch : 103 | val done |
2021-12-30 00:32:02.622 | INFO     | __main__:<module>:110 - | epoch : 104 | training done |
2021-12-30 00:32:19.061 | INFO     | __main__:<module>:243 - | epoch : 104 | val done |
2021-12-30 00:33:04.891 | INFO     | __main__:<module>:110 - | epoch : 105 | training done |
2021-12-30 00:33:21.323 | INFO     | __main__:<module>:239 - | epoch : 105 | CVC-300 : 0.8462269434538148 | CVC-ClinicDB : 0.9144669461444823 | CVC-ColonDB : 0.7716130871144596 | ETIS-LaribPolypDB : 0.7459316780603935 | Kvasir : 0.8671694199006404 |
2021-12-30 00:33:21.323 | CRITICAL | __main__:<module>:240 - | epoch : 105 | best_val_dice_score : 0.8290816149347581 |
2021-12-30 00:34:07.397 | INFO     | __main__:<module>:110 - | epoch : 106 | training done |
2021-12-30 00:34:23.864 | INFO     | __main__:<module>:243 - | epoch : 106 | val done |
2021-12-30 00:35:09.747 | INFO     | __main__:<module>:110 - | epoch : 107 | training done |
2021-12-30 00:35:26.210 | INFO     | __main__:<module>:243 - | epoch : 107 | val done |
2021-12-30 00:36:12.218 | INFO     | __main__:<module>:110 - | epoch : 108 | training done |
2021-12-30 00:36:28.716 | INFO     | __main__:<module>:243 - | epoch : 108 | val done |
2021-12-30 00:37:14.541 | INFO     | __main__:<module>:110 - | epoch : 109 | training done |
2021-12-30 00:37:31.047 | INFO     | __main__:<module>:243 - | epoch : 109 | val done |
2021-12-30 00:38:17.025 | INFO     | __main__:<module>:110 - | epoch : 110 | training done |
2021-12-30 00:38:33.476 | INFO     | __main__:<module>:243 - | epoch : 110 | val done |
2021-12-30 00:39:19.288 | INFO     | __main__:<module>:110 - | epoch : 111 | training done |
2021-12-30 00:39:35.793 | INFO     | __main__:<module>:243 - | epoch : 111 | val done |
2021-12-30 00:40:21.729 | INFO     | __main__:<module>:110 - | epoch : 112 | training done |
2021-12-30 00:40:38.122 | INFO     | __main__:<module>:243 - | epoch : 112 | val done |
2021-12-30 00:41:24.031 | INFO     | __main__:<module>:110 - | epoch : 113 | training done |
2021-12-30 00:41:40.476 | INFO     | __main__:<module>:243 - | epoch : 113 | val done |
2021-12-30 00:42:26.498 | INFO     | __main__:<module>:110 - | epoch : 114 | training done |
2021-12-30 00:42:42.949 | INFO     | __main__:<module>:243 - | epoch : 114 | val done |
2021-12-30 00:43:28.828 | INFO     | __main__:<module>:110 - | epoch : 115 | training done |
2021-12-30 00:43:45.227 | INFO     | __main__:<module>:243 - | epoch : 115 | val done |
2021-12-30 00:44:31.148 | INFO     | __main__:<module>:110 - | epoch : 116 | training done |
2021-12-30 00:44:47.629 | INFO     | __main__:<module>:243 - | epoch : 116 | val done |
2021-12-30 00:45:33.480 | INFO     | __main__:<module>:110 - | epoch : 117 | training done |
2021-12-30 00:45:49.905 | INFO     | __main__:<module>:243 - | epoch : 117 | val done |
2021-12-30 00:46:35.794 | INFO     | __main__:<module>:110 - | epoch : 118 | training done |
2021-12-30 00:46:52.347 | INFO     | __main__:<module>:243 - | epoch : 118 | val done |
2021-12-30 00:47:38.185 | INFO     | __main__:<module>:110 - | epoch : 119 | training done |
2021-12-30 00:47:54.628 | INFO     | __main__:<module>:243 - | epoch : 119 | val done |
2021-12-30 00:48:40.466 | INFO     | __main__:<module>:110 - | epoch : 120 | training done |
2021-12-30 00:48:56.868 | INFO     | __main__:<module>:243 - | epoch : 120 | val done |
2021-12-30 00:49:42.920 | INFO     | __main__:<module>:110 - | epoch : 121 | training done |
2021-12-30 00:49:59.397 | INFO     | __main__:<module>:243 - | epoch : 121 | val done |
2021-12-30 00:50:45.283 | INFO     | __main__:<module>:110 - | epoch : 122 | training done |
2021-12-30 00:51:01.805 | INFO     | __main__:<module>:243 - | epoch : 122 | val done |
2021-12-30 00:51:47.683 | INFO     | __main__:<module>:110 - | epoch : 123 | training done |
2021-12-30 00:52:04.273 | INFO     | __main__:<module>:239 - | epoch : 123 | CVC-300 : 0.8395532942501512 | CVC-ClinicDB : 0.9311716672476226 | CVC-ColonDB : 0.7697578551943586 | ETIS-LaribPolypDB : 0.7626190690625975 | Kvasir : 0.882783350941361 |
2021-12-30 00:52:04.273 | CRITICAL | __main__:<module>:240 - | epoch : 123 | best_val_dice_score : 0.8371770473392182 |
2021-12-30 00:52:50.602 | INFO     | __main__:<module>:110 - | epoch : 124 | training done |
2021-12-30 00:53:07.053 | INFO     | __main__:<module>:243 - | epoch : 124 | val done |
2021-12-30 00:53:52.952 | INFO     | __main__:<module>:110 - | epoch : 125 | training done |
2021-12-30 00:54:09.459 | INFO     | __main__:<module>:243 - | epoch : 125 | val done |
2021-12-30 00:54:55.372 | INFO     | __main__:<module>:110 - | epoch : 126 | training done |
2021-12-30 00:55:11.815 | INFO     | __main__:<module>:243 - | epoch : 126 | val done |
2021-12-30 00:55:57.890 | INFO     | __main__:<module>:110 - | epoch : 127 | training done |
2021-12-30 00:56:14.349 | INFO     | __main__:<module>:243 - | epoch : 127 | val done |
2021-12-30 00:57:00.266 | INFO     | __main__:<module>:110 - | epoch : 128 | training done |
2021-12-30 00:57:16.800 | INFO     | __main__:<module>:243 - | epoch : 128 | val done |
2021-12-30 00:58:02.875 | INFO     | __main__:<module>:110 - | epoch : 129 | training done |
2021-12-30 00:58:19.284 | INFO     | __main__:<module>:243 - | epoch : 129 | val done |
2021-12-30 00:59:05.100 | INFO     | __main__:<module>:110 - | epoch : 130 | training done |
2021-12-30 00:59:21.539 | INFO     | __main__:<module>:243 - | epoch : 130 | val done |
2021-12-30 01:00:07.454 | INFO     | __main__:<module>:110 - | epoch : 131 | training done |
2021-12-30 01:00:23.869 | INFO     | __main__:<module>:243 - | epoch : 131 | val done |
2021-12-30 01:01:09.700 | INFO     | __main__:<module>:110 - | epoch : 132 | training done |
2021-12-30 01:01:26.135 | INFO     | __main__:<module>:243 - | epoch : 132 | val done |
2021-12-30 01:02:11.935 | INFO     | __main__:<module>:110 - | epoch : 133 | training done |
2021-12-30 01:02:28.488 | INFO     | __main__:<module>:243 - | epoch : 133 | val done |
2021-12-30 01:03:14.453 | INFO     | __main__:<module>:110 - | epoch : 134 | training done |
2021-12-30 01:03:30.894 | INFO     | __main__:<module>:243 - | epoch : 134 | val done |
2021-12-30 01:04:16.813 | INFO     | __main__:<module>:110 - | epoch : 135 | training done |
2021-12-30 01:04:33.270 | INFO     | __main__:<module>:243 - | epoch : 135 | val done |
2021-12-30 01:05:19.145 | INFO     | __main__:<module>:110 - | epoch : 136 | training done |
2021-12-30 01:05:35.544 | INFO     | __main__:<module>:243 - | epoch : 136 | val done |
2021-12-30 01:06:21.538 | INFO     | __main__:<module>:110 - | epoch : 137 | training done |
2021-12-30 01:06:38.065 | INFO     | __main__:<module>:243 - | epoch : 137 | val done |
2021-12-30 01:07:24.062 | INFO     | __main__:<module>:110 - | epoch : 138 | training done |
2021-12-30 01:07:40.492 | INFO     | __main__:<module>:243 - | epoch : 138 | val done |
2021-12-30 01:08:26.522 | INFO     | __main__:<module>:110 - | epoch : 139 | training done |
2021-12-30 01:08:43.181 | INFO     | __main__:<module>:243 - | epoch : 139 | val done |
2021-12-30 01:09:29.282 | INFO     | __main__:<module>:110 - | epoch : 140 | training done |
2021-12-30 01:09:45.730 | INFO     | __main__:<module>:243 - | epoch : 140 | val done |
2021-12-30 01:10:31.585 | INFO     | __main__:<module>:110 - | epoch : 141 | training done |
2021-12-30 01:10:48.050 | INFO     | __main__:<module>:243 - | epoch : 141 | val done |
2021-12-30 01:11:34.027 | INFO     | __main__:<module>:110 - | epoch : 142 | training done |
2021-12-30 01:11:50.512 | INFO     | __main__:<module>:243 - | epoch : 142 | val done |
2021-12-30 01:12:36.383 | INFO     | __main__:<module>:110 - | epoch : 143 | training done |
2021-12-30 01:12:52.830 | INFO     | __main__:<module>:243 - | epoch : 143 | val done |
2021-12-30 01:13:38.897 | INFO     | __main__:<module>:110 - | epoch : 144 | training done |
2021-12-30 01:13:55.272 | INFO     | __main__:<module>:243 - | epoch : 144 | val done |
2021-12-30 01:14:41.216 | INFO     | __main__:<module>:110 - | epoch : 145 | training done |
2021-12-30 01:14:57.644 | INFO     | __main__:<module>:243 - | epoch : 145 | val done |
2021-12-30 01:15:43.611 | INFO     | __main__:<module>:110 - | epoch : 146 | training done |
2021-12-30 01:16:00.037 | INFO     | __main__:<module>:243 - | epoch : 146 | val done |
2021-12-30 01:16:46.052 | INFO     | __main__:<module>:110 - | epoch : 147 | training done |
2021-12-30 01:17:02.474 | INFO     | __main__:<module>:243 - | epoch : 147 | val done |
2021-12-30 01:17:48.484 | INFO     | __main__:<module>:110 - | epoch : 148 | training done |
2021-12-30 01:18:04.884 | INFO     | __main__:<module>:243 - | epoch : 148 | val done |
2021-12-30 01:18:50.899 | INFO     | __main__:<module>:110 - | epoch : 149 | training done |
2021-12-30 01:19:07.419 | INFO     | __main__:<module>:243 - | epoch : 149 | val done |
2021-12-30 01:19:53.407 | INFO     | __main__:<module>:110 - | epoch : 150 | training done |
2021-12-30 01:20:09.879 | INFO     | __main__:<module>:243 - | epoch : 150 | val done |
2021-12-30 01:20:55.875 | INFO     | __main__:<module>:110 - | epoch : 151 | training done |
2021-12-30 01:21:12.510 | INFO     | __main__:<module>:243 - | epoch : 151 | val done |
2021-12-30 01:21:58.556 | INFO     | __main__:<module>:110 - | epoch : 152 | training done |
2021-12-30 01:22:15.045 | INFO     | __main__:<module>:243 - | epoch : 152 | val done |
2021-12-30 01:23:01.098 | INFO     | __main__:<module>:110 - | epoch : 153 | training done |
2021-12-30 01:23:17.526 | INFO     | __main__:<module>:243 - | epoch : 153 | val done |
2021-12-30 01:24:03.462 | INFO     | __main__:<module>:110 - | epoch : 154 | training done |
2021-12-30 01:24:19.887 | INFO     | __main__:<module>:243 - | epoch : 154 | val done |
2021-12-30 01:25:05.907 | INFO     | __main__:<module>:110 - | epoch : 155 | training done |
2021-12-30 01:25:22.385 | INFO     | __main__:<module>:243 - | epoch : 155 | val done |
2021-12-30 01:26:08.262 | INFO     | __main__:<module>:110 - | epoch : 156 | training done |
2021-12-30 01:26:24.742 | INFO     | __main__:<module>:243 - | epoch : 156 | val done |
2021-12-30 01:27:10.682 | INFO     | __main__:<module>:110 - | epoch : 157 | training done |
2021-12-30 01:27:27.150 | INFO     | __main__:<module>:243 - | epoch : 157 | val done |
2021-12-30 01:28:13.081 | INFO     | __main__:<module>:110 - | epoch : 158 | training done |
2021-12-30 01:28:29.592 | INFO     | __main__:<module>:243 - | epoch : 158 | val done |
2021-12-30 01:29:15.633 | INFO     | __main__:<module>:110 - | epoch : 159 | training done |
2021-12-30 01:29:32.225 | INFO     | __main__:<module>:243 - | epoch : 159 | val done |
2021-12-30 01:30:18.155 | INFO     | __main__:<module>:110 - | epoch : 160 | training done |
2021-12-30 01:30:34.676 | INFO     | __main__:<module>:243 - | epoch : 160 | val done |
2021-12-30 01:31:20.557 | INFO     | __main__:<module>:110 - | epoch : 161 | training done |
2021-12-30 01:31:37.095 | INFO     | __main__:<module>:243 - | epoch : 161 | val done |
2021-12-30 01:32:22.994 | INFO     | __main__:<module>:110 - | epoch : 162 | training done |
2021-12-30 01:32:39.472 | INFO     | __main__:<module>:243 - | epoch : 162 | val done |
2021-12-30 01:33:25.347 | INFO     | __main__:<module>:110 - | epoch : 163 | training done |
2021-12-30 01:33:41.743 | INFO     | __main__:<module>:243 - | epoch : 163 | val done |
2021-12-30 01:34:27.756 | INFO     | __main__:<module>:110 - | epoch : 164 | training done |
2021-12-30 01:34:44.185 | INFO     | __main__:<module>:243 - | epoch : 164 | val done |
2021-12-30 01:35:30.146 | INFO     | __main__:<module>:110 - | epoch : 165 | training done |
2021-12-30 01:35:46.697 | INFO     | __main__:<module>:243 - | epoch : 165 | val done |
2021-12-30 01:36:32.667 | INFO     | __main__:<module>:110 - | epoch : 166 | training done |
2021-12-30 01:36:49.195 | INFO     | __main__:<module>:243 - | epoch : 166 | val done |
2021-12-30 01:37:35.165 | INFO     | __main__:<module>:110 - | epoch : 167 | training done |
2021-12-30 01:37:51.713 | INFO     | __main__:<module>:243 - | epoch : 167 | val done |
2021-12-30 01:38:37.778 | INFO     | __main__:<module>:110 - | epoch : 168 | training done |
2021-12-30 01:38:54.300 | INFO     | __main__:<module>:243 - | epoch : 168 | val done |
2021-12-30 01:39:40.350 | INFO     | __main__:<module>:110 - | epoch : 169 | training done |
2021-12-30 01:39:56.849 | INFO     | __main__:<module>:243 - | epoch : 169 | val done |
2021-12-30 01:40:42.817 | INFO     | __main__:<module>:110 - | epoch : 170 | training done |
2021-12-30 01:40:59.285 | INFO     | __main__:<module>:243 - | epoch : 170 | val done |
2021-12-30 01:41:45.214 | INFO     | __main__:<module>:110 - | epoch : 171 | training done |
2021-12-30 01:42:01.743 | INFO     | __main__:<module>:243 - | epoch : 171 | val done |
2021-12-30 01:42:47.654 | INFO     | __main__:<module>:110 - | epoch : 172 | training done |
2021-12-30 01:43:04.121 | INFO     | __main__:<module>:243 - | epoch : 172 | val done |
2021-12-30 01:43:49.994 | INFO     | __main__:<module>:110 - | epoch : 173 | training done |
2021-12-30 01:44:06.517 | INFO     | __main__:<module>:243 - | epoch : 173 | val done |
2021-12-30 01:44:52.462 | INFO     | __main__:<module>:110 - | epoch : 174 | training done |
2021-12-30 01:45:08.886 | INFO     | __main__:<module>:243 - | epoch : 174 | val done |
2021-12-30 01:45:54.838 | INFO     | __main__:<module>:110 - | epoch : 175 | training done |
2021-12-30 01:46:11.442 | INFO     | __main__:<module>:243 - | epoch : 175 | val done |
2021-12-30 01:46:57.377 | INFO     | __main__:<module>:110 - | epoch : 176 | training done |
2021-12-30 01:47:13.838 | INFO     | __main__:<module>:243 - | epoch : 176 | val done |
2021-12-30 01:47:59.826 | INFO     | __main__:<module>:110 - | epoch : 177 | training done |
2021-12-30 01:48:16.217 | INFO     | __main__:<module>:243 - | epoch : 177 | val done |
2021-12-30 01:49:02.129 | INFO     | __main__:<module>:110 - | epoch : 178 | training done |
2021-12-30 01:49:18.601 | INFO     | __main__:<module>:243 - | epoch : 178 | val done |
2021-12-30 01:50:04.608 | INFO     | __main__:<module>:110 - | epoch : 179 | training done |
2021-12-30 01:50:21.063 | INFO     | __main__:<module>:243 - | epoch : 179 | val done |
2021-12-30 01:51:07.010 | INFO     | __main__:<module>:110 - | epoch : 180 | training done |
2021-12-30 01:51:23.422 | INFO     | __main__:<module>:243 - | epoch : 180 | val done |
2021-12-30 01:52:09.328 | INFO     | __main__:<module>:110 - | epoch : 181 | training done |
2021-12-30 01:52:25.902 | INFO     | __main__:<module>:243 - | epoch : 181 | val done |
2021-12-30 01:53:11.896 | INFO     | __main__:<module>:110 - | epoch : 182 | training done |
2021-12-30 01:53:28.537 | INFO     | __main__:<module>:243 - | epoch : 182 | val done |
2021-12-30 01:54:14.422 | INFO     | __main__:<module>:110 - | epoch : 183 | training done |
2021-12-30 01:54:30.870 | INFO     | __main__:<module>:243 - | epoch : 183 | val done |
2021-12-30 01:55:16.768 | INFO     | __main__:<module>:110 - | epoch : 184 | training done |
2021-12-30 01:55:33.296 | INFO     | __main__:<module>:243 - | epoch : 184 | val done |
2021-12-30 01:56:19.241 | INFO     | __main__:<module>:110 - | epoch : 185 | training done |
2021-12-30 01:56:35.704 | INFO     | __main__:<module>:243 - | epoch : 185 | val done |
2021-12-30 01:57:21.665 | INFO     | __main__:<module>:110 - | epoch : 186 | training done |
2021-12-30 01:57:38.159 | INFO     | __main__:<module>:243 - | epoch : 186 | val done |
2021-12-30 01:58:24.207 | INFO     | __main__:<module>:110 - | epoch : 187 | training done |
2021-12-30 01:58:40.653 | INFO     | __main__:<module>:243 - | epoch : 187 | val done |
2021-12-30 01:59:26.593 | INFO     | __main__:<module>:110 - | epoch : 188 | training done |
2021-12-30 01:59:43.010 | INFO     | __main__:<module>:243 - | epoch : 188 | val done |
2021-12-30 02:00:28.938 | INFO     | __main__:<module>:110 - | epoch : 189 | training done |
2021-12-30 02:00:45.377 | INFO     | __main__:<module>:243 - | epoch : 189 | val done |
2021-12-30 02:01:31.320 | INFO     | __main__:<module>:110 - | epoch : 190 | training done |
2021-12-30 02:01:47.790 | INFO     | __main__:<module>:243 - | epoch : 190 | val done |
2021-12-30 02:02:33.715 | INFO     | __main__:<module>:110 - | epoch : 191 | training done |
2021-12-30 02:02:50.179 | INFO     | __main__:<module>:243 - | epoch : 191 | val done |
2021-12-30 02:03:36.166 | INFO     | __main__:<module>:110 - | epoch : 192 | training done |
2021-12-30 02:03:52.618 | INFO     | __main__:<module>:243 - | epoch : 192 | val done |
2021-12-30 02:04:38.515 | INFO     | __main__:<module>:110 - | epoch : 193 | training done |
2021-12-30 02:04:55.108 | INFO     | __main__:<module>:243 - | epoch : 193 | val done |
2021-12-30 02:05:41.075 | INFO     | __main__:<module>:110 - | epoch : 194 | training done |
2021-12-30 02:05:57.491 | INFO     | __main__:<module>:243 - | epoch : 194 | val done |
2021-12-30 02:06:43.638 | INFO     | __main__:<module>:110 - | epoch : 195 | training done |
2021-12-30 02:07:00.140 | INFO     | __main__:<module>:243 - | epoch : 195 | val done |
2021-12-30 02:07:46.127 | INFO     | __main__:<module>:110 - | epoch : 196 | training done |
2021-12-30 02:08:02.536 | INFO     | __main__:<module>:243 - | epoch : 196 | val done |
2021-12-30 02:08:48.460 | INFO     | __main__:<module>:110 - | epoch : 197 | training done |
2021-12-30 02:09:04.941 | INFO     | __main__:<module>:243 - | epoch : 197 | val done |
2021-12-30 02:09:50.844 | INFO     | __main__:<module>:110 - | epoch : 198 | training done |
2021-12-30 02:10:07.484 | INFO     | __main__:<module>:243 - | epoch : 198 | val done |
2021-12-30 02:10:53.399 | INFO     | __main__:<module>:110 - | epoch : 199 | training done |
2021-12-30 02:11:09.871 | INFO     | __main__:<module>:243 - | epoch : 199 | val done |
2021-12-30 02:19:40.266 | INFO     | __main__:<module>:82 - | start training .... |
