2022-01-01 22:34:27.112 | INFO     | __main__:<module>:83 - | start training .... | current model feilong_conv_b2 |
2022-01-01 22:35:34.324 | INFO     | __main__:<module>:111 - | epoch : 0 | training done |
2022-01-01 22:35:51.689 | INFO     | __main__:<module>:240 - | epoch : 0 | CVC-300 : 0.9159316711942833 | CVC-ClinicDB : 0.9097003706152316 | CVC-ColonDB : 0.8295416238897039 | ETIS-LaribPolypDB : 0.8338308024779337 | Kvasir : 0.9054264364693443 |
2022-01-01 22:35:51.690 | CRITICAL | __main__:<module>:241 - | epoch : 0 | best_val_dice_score : 0.8788861809292994 |
2022-01-01 22:36:59.280 | INFO     | __main__:<module>:111 - | epoch : 1 | training done |
2022-01-01 22:37:16.383 | INFO     | __main__:<module>:244 - | epoch : 1 | val done |
2022-01-01 22:38:24.112 | INFO     | __main__:<module>:111 - | epoch : 2 | training done |
2022-01-01 22:38:41.619 | INFO     | __main__:<module>:240 - | epoch : 2 | CVC-300 : 0.8987769087253666 | CVC-ClinicDB : 0.9321522635934822 | CVC-ColonDB : 0.8463632182054303 | ETIS-LaribPolypDB : 0.8628638181169263 | Kvasir : 0.9332505227024759 |
2022-01-01 22:38:41.620 | CRITICAL | __main__:<module>:241 - | epoch : 2 | best_val_dice_score : 0.8946813462687363 |
2022-01-01 22:39:49.408 | INFO     | __main__:<module>:111 - | epoch : 3 | training done |
2022-01-01 22:40:06.525 | INFO     | __main__:<module>:240 - | epoch : 3 | CVC-300 : 0.9141096673935627 | CVC-ClinicDB : 0.918177007574433 | CVC-ColonDB : 0.8577475637075812 | ETIS-LaribPolypDB : 0.8487787979437136 | Kvasir : 0.939867814554357 |
2022-01-01 22:40:06.525 | CRITICAL | __main__:<module>:241 - | epoch : 3 | best_val_dice_score : 0.8957361702347295 |
2022-01-01 22:41:15.988 | INFO     | __main__:<module>:111 - | epoch : 4 | training done |
2022-01-01 22:41:32.284 | INFO     | __main__:<module>:244 - | epoch : 4 | val done |
2022-01-01 22:42:43.144 | INFO     | __main__:<module>:111 - | epoch : 5 | training done |
2022-01-01 22:42:59.439 | INFO     | __main__:<module>:240 - | epoch : 5 | CVC-300 : 0.923999151501316 | CVC-ClinicDB : 0.9525572407051521 | CVC-ColonDB : 0.8755538127061282 | ETIS-LaribPolypDB : 0.8538360981489737 | Kvasir : 0.9312140236046732 |
2022-01-01 22:42:59.440 | CRITICAL | __main__:<module>:241 - | epoch : 5 | best_val_dice_score : 0.9074320653332487 |
2022-01-01 22:44:12.769 | INFO     | __main__:<module>:111 - | epoch : 6 | training done |
2022-01-01 22:44:28.508 | INFO     | __main__:<module>:244 - | epoch : 6 | val done |
2022-01-01 22:45:43.764 | INFO     | __main__:<module>:111 - | epoch : 7 | training done |
2022-01-01 22:45:59.412 | INFO     | __main__:<module>:240 - | epoch : 7 | CVC-300 : 0.9280991757136431 | CVC-ClinicDB : 0.9540743613590725 | CVC-ColonDB : 0.8673548757803786 | ETIS-LaribPolypDB : 0.8743114322157054 | Kvasir : 0.9389027185411396 |
2022-01-01 22:45:59.412 | CRITICAL | __main__:<module>:241 - | epoch : 7 | best_val_dice_score : 0.9125485127219879 |
2022-01-01 22:47:15.663 | INFO     | __main__:<module>:111 - | epoch : 8 | training done |
2022-01-01 22:47:31.783 | INFO     | __main__:<module>:240 - | epoch : 8 | CVC-300 : 0.9342819671174041 | CVC-ClinicDB : 0.9479300626998968 | CVC-ColonDB : 0.8719787675362088 | ETIS-LaribPolypDB : 0.8779623670776846 | Kvasir : 0.9477974349577146 |
2022-01-01 22:47:31.784 | CRITICAL | __main__:<module>:241 - | epoch : 8 | best_val_dice_score : 0.9159901198777819 |
2022-01-01 22:48:45.415 | INFO     | __main__:<module>:111 - | epoch : 9 | training done |
2022-01-01 22:49:02.212 | INFO     | __main__:<module>:244 - | epoch : 9 | val done |
2022-01-01 22:50:12.671 | INFO     | __main__:<module>:111 - | epoch : 10 | training done |
2022-01-01 22:50:30.414 | INFO     | __main__:<module>:244 - | epoch : 10 | val done |
2022-01-01 22:51:38.393 | INFO     | __main__:<module>:111 - | epoch : 11 | training done |
2022-01-01 22:51:56.184 | INFO     | __main__:<module>:244 - | epoch : 11 | val done |
2022-01-01 22:53:03.740 | INFO     | __main__:<module>:111 - | epoch : 12 | training done |
2022-01-01 22:53:21.541 | INFO     | __main__:<module>:244 - | epoch : 12 | val done |
2022-01-01 22:54:28.756 | INFO     | __main__:<module>:111 - | epoch : 13 | training done |
2022-01-01 22:54:46.598 | INFO     | __main__:<module>:240 - | epoch : 13 | CVC-300 : 0.9345529199966452 | CVC-ClinicDB : 0.9469940507867132 | CVC-ColonDB : 0.8829986244521049 | ETIS-LaribPolypDB : 0.8948554386995832 | Kvasir : 0.9327976652406207 |
2022-01-01 22:54:46.598 | CRITICAL | __main__:<module>:241 - | epoch : 13 | best_val_dice_score : 0.9184397398351333 |
2022-01-01 22:55:54.453 | INFO     | __main__:<module>:111 - | epoch : 14 | training done |
2022-01-01 22:56:11.671 | INFO     | __main__:<module>:244 - | epoch : 14 | val done |
2022-01-01 22:57:19.079 | INFO     | __main__:<module>:111 - | epoch : 15 | training done |
2022-01-01 22:57:36.340 | INFO     | __main__:<module>:240 - | epoch : 15 | CVC-300 : 0.9392621773229513 | CVC-ClinicDB : 0.9509564733728832 | CVC-ColonDB : 0.8676915882866959 | ETIS-LaribPolypDB : 0.8923431228702425 | Kvasir : 0.9491825324144086 |
2022-01-01 22:57:36.341 | CRITICAL | __main__:<module>:241 - | epoch : 15 | best_val_dice_score : 0.9198871788534364 |
2022-01-01 22:58:43.847 | INFO     | __main__:<module>:111 - | epoch : 16 | training done |
2022-01-01 22:59:01.158 | INFO     | __main__:<module>:244 - | epoch : 16 | val done |
2022-01-01 23:00:08.471 | INFO     | __main__:<module>:111 - | epoch : 17 | training done |
2022-01-01 23:00:25.864 | INFO     | __main__:<module>:244 - | epoch : 17 | val done |
2022-01-01 23:01:33.038 | INFO     | __main__:<module>:111 - | epoch : 18 | training done |
2022-01-01 23:01:50.353 | INFO     | __main__:<module>:244 - | epoch : 18 | val done |
2022-01-01 23:02:57.476 | INFO     | __main__:<module>:111 - | epoch : 19 | training done |
2022-01-01 23:03:14.383 | INFO     | __main__:<module>:244 - | epoch : 19 | val done |
2022-01-01 23:04:23.675 | INFO     | __main__:<module>:111 - | epoch : 20 | training done |
2022-01-01 23:04:39.982 | INFO     | __main__:<module>:244 - | epoch : 20 | val done |
2022-01-01 23:05:50.696 | INFO     | __main__:<module>:111 - | epoch : 21 | training done |
2022-01-01 23:06:07.095 | INFO     | __main__:<module>:240 - | epoch : 21 | CVC-300 : 0.9361269420780396 | CVC-ClinicDB : 0.9707354463563371 | CVC-ColonDB : 0.8826469185546187 | ETIS-LaribPolypDB : 0.8897231937956349 | Kvasir : 0.9379743090150989 |
2022-01-01 23:06:07.096 | CRITICAL | __main__:<module>:241 - | epoch : 21 | best_val_dice_score : 0.9234413619599458 |
2022-01-01 23:07:20.411 | INFO     | __main__:<module>:111 - | epoch : 22 | training done |
2022-01-01 23:07:35.528 | INFO     | __main__:<module>:244 - | epoch : 22 | val done |
2022-01-01 23:08:50.010 | INFO     | __main__:<module>:111 - | epoch : 23 | training done |
2022-01-01 23:09:05.499 | INFO     | __main__:<module>:244 - | epoch : 23 | val done |
2022-01-01 23:10:21.451 | INFO     | __main__:<module>:111 - | epoch : 24 | training done |
2022-01-01 23:10:36.966 | INFO     | __main__:<module>:244 - | epoch : 24 | val done |
2022-01-01 23:11:51.945 | INFO     | __main__:<module>:111 - | epoch : 25 | training done |
2022-01-01 23:12:08.094 | INFO     | __main__:<module>:244 - | epoch : 25 | val done |
2022-01-01 23:13:21.128 | INFO     | __main__:<module>:111 - | epoch : 26 | training done |
2022-01-01 23:13:37.628 | INFO     | __main__:<module>:240 - | epoch : 26 | CVC-300 : 0.9408615401214702 | CVC-ClinicDB : 0.9712137408945966 | CVC-ColonDB : 0.8837515061694763 | ETIS-LaribPolypDB : 0.8833436364493131 | Kvasir : 0.938542780374897 |
2022-01-01 23:13:37.628 | CRITICAL | __main__:<module>:241 - | epoch : 26 | best_val_dice_score : 0.9235426408019507 |
2022-01-01 23:14:49.080 | INFO     | __main__:<module>:111 - | epoch : 27 | training done |
2022-01-01 23:15:05.845 | INFO     | __main__:<module>:244 - | epoch : 27 | val done |
2022-01-01 23:16:14.987 | INFO     | __main__:<module>:111 - | epoch : 28 | training done |
2022-01-01 23:16:32.277 | INFO     | __main__:<module>:240 - | epoch : 28 | CVC-300 : 0.941025918552493 | CVC-ClinicDB : 0.969784302823071 | CVC-ColonDB : 0.8926343407764327 | ETIS-LaribPolypDB : 0.8809571011184886 | Kvasir : 0.9345980083184379 |
2022-01-01 23:16:32.278 | CRITICAL | __main__:<module>:241 - | epoch : 28 | best_val_dice_score : 0.9237999343177847 |
2022-01-01 23:17:39.792 | INFO     | __main__:<module>:111 - | epoch : 29 | training done |
2022-01-01 23:17:57.032 | INFO     | __main__:<module>:244 - | epoch : 29 | val done |
2022-01-01 23:19:04.021 | INFO     | __main__:<module>:111 - | epoch : 30 | training done |
2022-01-01 23:19:21.292 | INFO     | __main__:<module>:244 - | epoch : 30 | val done |
2022-01-01 23:20:28.381 | INFO     | __main__:<module>:111 - | epoch : 31 | training done |
2022-01-01 23:20:45.669 | INFO     | __main__:<module>:244 - | epoch : 31 | val done |
2022-01-01 23:21:52.938 | INFO     | __main__:<module>:111 - | epoch : 32 | training done |
2022-01-01 23:22:10.320 | INFO     | __main__:<module>:240 - | epoch : 32 | CVC-300 : 0.939287726417495 | CVC-ClinicDB : 0.9602630510158903 | CVC-ColonDB : 0.8700260808494548 | ETIS-LaribPolypDB : 0.9220270951687695 | Kvasir : 0.935929000191708 |
2022-01-01 23:22:10.321 | CRITICAL | __main__:<module>:241 - | epoch : 32 | best_val_dice_score : 0.9255065907286635 |
2022-01-01 23:23:17.978 | INFO     | __main__:<module>:111 - | epoch : 33 | training done |
2022-01-01 23:23:35.295 | INFO     | __main__:<module>:244 - | epoch : 33 | val done |
2022-01-01 23:24:42.623 | INFO     | __main__:<module>:111 - | epoch : 34 | training done |
2022-01-01 23:24:59.859 | INFO     | __main__:<module>:244 - | epoch : 34 | val done |
2022-01-01 23:26:06.917 | INFO     | __main__:<module>:111 - | epoch : 35 | training done |
2022-01-01 23:26:24.222 | INFO     | __main__:<module>:244 - | epoch : 35 | val done |
2022-01-01 23:27:31.230 | INFO     | __main__:<module>:111 - | epoch : 36 | training done |
2022-01-01 23:27:48.555 | INFO     | __main__:<module>:244 - | epoch : 36 | val done |
2022-01-01 23:28:55.794 | INFO     | __main__:<module>:111 - | epoch : 37 | training done |
2022-01-01 23:29:13.102 | INFO     | __main__:<module>:244 - | epoch : 37 | val done |
2022-01-01 23:30:20.314 | INFO     | __main__:<module>:111 - | epoch : 38 | training done |
2022-01-01 23:30:37.454 | INFO     | __main__:<module>:240 - | epoch : 38 | CVC-300 : 0.9461726638190598 | CVC-ClinicDB : 0.9708360077441803 | CVC-ColonDB : 0.8929304597763474 | ETIS-LaribPolypDB : 0.8820010547295395 | Kvasir : 0.9411580788832853 |
2022-01-01 23:30:37.454 | CRITICAL | __main__:<module>:241 - | epoch : 38 | best_val_dice_score : 0.9266196529904824 |
2022-01-01 23:31:47.879 | INFO     | __main__:<module>:111 - | epoch : 39 | training done |
2022-01-01 23:32:04.762 | INFO     | __main__:<module>:244 - | epoch : 39 | val done |
2022-01-01 23:33:16.857 | INFO     | __main__:<module>:111 - | epoch : 40 | training done |
2022-01-01 23:33:32.933 | INFO     | __main__:<module>:244 - | epoch : 40 | val done |
2022-01-01 23:34:41.125 | INFO     | __main__:<module>:111 - | epoch : 41 | training done |
2022-01-01 23:34:54.969 | INFO     | __main__:<module>:240 - | epoch : 41 | CVC-300 : 0.9410128969624484 | CVC-ClinicDB : 0.9711725610829196 | CVC-ColonDB : 0.8949566609757239 | ETIS-LaribPolypDB : 0.9006500793455444 | Kvasir : 0.9412848561480498 |
2022-01-01 23:34:54.969 | CRITICAL | __main__:<module>:241 - | epoch : 41 | best_val_dice_score : 0.9298154109029373 |
2022-01-01 23:35:35.508 | INFO     | __main__:<module>:111 - | epoch : 42 | training done |
2022-01-01 23:35:49.372 | INFO     | __main__:<module>:244 - | epoch : 42 | val done |
2022-01-01 23:36:29.423 | INFO     | __main__:<module>:111 - | epoch : 43 | training done |
2022-01-01 23:36:43.283 | INFO     | __main__:<module>:244 - | epoch : 43 | val done |
2022-01-01 23:37:23.374 | INFO     | __main__:<module>:111 - | epoch : 44 | training done |
2022-01-01 23:37:36.960 | INFO     | __main__:<module>:244 - | epoch : 44 | val done |
2022-01-01 23:38:16.997 | INFO     | __main__:<module>:111 - | epoch : 45 | training done |
2022-01-01 23:38:30.662 | INFO     | __main__:<module>:244 - | epoch : 45 | val done |
2022-01-01 23:39:10.757 | INFO     | __main__:<module>:111 - | epoch : 46 | training done |
2022-01-01 23:39:24.375 | INFO     | __main__:<module>:244 - | epoch : 46 | val done |
2022-01-01 23:40:04.454 | INFO     | __main__:<module>:111 - | epoch : 47 | training done |
2022-01-01 23:40:18.279 | INFO     | __main__:<module>:244 - | epoch : 47 | val done |
2022-01-01 23:40:58.372 | INFO     | __main__:<module>:111 - | epoch : 48 | training done |
2022-01-01 23:41:12.212 | INFO     | __main__:<module>:244 - | epoch : 48 | val done |
2022-01-01 23:41:52.249 | INFO     | __main__:<module>:111 - | epoch : 49 | training done |
2022-01-01 23:42:06.041 | INFO     | __main__:<module>:244 - | epoch : 49 | val done |
2022-01-01 23:42:46.152 | INFO     | __main__:<module>:111 - | epoch : 50 | training done |
2022-01-01 23:42:59.906 | INFO     | __main__:<module>:244 - | epoch : 50 | val done |
2022-01-01 23:43:40.005 | INFO     | __main__:<module>:111 - | epoch : 51 | training done |
2022-01-01 23:43:53.737 | INFO     | __main__:<module>:244 - | epoch : 51 | val done |
2022-01-01 23:44:33.833 | INFO     | __main__:<module>:111 - | epoch : 52 | training done |
2022-01-01 23:44:47.495 | INFO     | __main__:<module>:244 - | epoch : 52 | val done |
2022-01-01 23:45:27.461 | INFO     | __main__:<module>:111 - | epoch : 53 | training done |
2022-01-01 23:45:41.179 | INFO     | __main__:<module>:244 - | epoch : 53 | val done |
2022-01-01 23:46:21.197 | INFO     | __main__:<module>:111 - | epoch : 54 | training done |
2022-01-01 23:46:34.738 | INFO     | __main__:<module>:244 - | epoch : 54 | val done |
2022-01-01 23:47:14.792 | INFO     | __main__:<module>:111 - | epoch : 55 | training done |
2022-01-01 23:47:28.446 | INFO     | __main__:<module>:244 - | epoch : 55 | val done |
2022-01-01 23:48:08.481 | INFO     | __main__:<module>:111 - | epoch : 56 | training done |
2022-01-01 23:48:22.197 | INFO     | __main__:<module>:244 - | epoch : 56 | val done |
2022-01-01 23:49:02.307 | INFO     | __main__:<module>:111 - | epoch : 57 | training done |
2022-01-01 23:49:16.044 | INFO     | __main__:<module>:244 - | epoch : 57 | val done |
2022-01-01 23:49:56.058 | INFO     | __main__:<module>:111 - | epoch : 58 | training done |
2022-01-01 23:50:09.756 | INFO     | __main__:<module>:244 - | epoch : 58 | val done |
2022-01-01 23:50:49.797 | INFO     | __main__:<module>:111 - | epoch : 59 | training done |
2022-01-01 23:51:03.465 | INFO     | __main__:<module>:244 - | epoch : 59 | val done |
2022-01-01 23:51:43.511 | INFO     | __main__:<module>:111 - | epoch : 60 | training done |
2022-01-01 23:51:57.408 | INFO     | __main__:<module>:244 - | epoch : 60 | val done |
2022-01-01 23:52:37.482 | INFO     | __main__:<module>:111 - | epoch : 61 | training done |
2022-01-01 23:52:51.287 | INFO     | __main__:<module>:244 - | epoch : 61 | val done |
2022-01-01 23:53:31.410 | INFO     | __main__:<module>:111 - | epoch : 62 | training done |
2022-01-01 23:53:45.226 | INFO     | __main__:<module>:244 - | epoch : 62 | val done |
2022-01-01 23:54:25.256 | INFO     | __main__:<module>:111 - | epoch : 63 | training done |
2022-01-01 23:54:38.827 | INFO     | __main__:<module>:244 - | epoch : 63 | val done |
2022-01-01 23:55:18.963 | INFO     | __main__:<module>:111 - | epoch : 64 | training done |
2022-01-01 23:55:32.657 | INFO     | __main__:<module>:244 - | epoch : 64 | val done |
2022-01-01 23:56:12.689 | INFO     | __main__:<module>:111 - | epoch : 65 | training done |
2022-01-01 23:56:26.548 | INFO     | __main__:<module>:244 - | epoch : 65 | val done |
2022-01-01 23:57:06.600 | INFO     | __main__:<module>:111 - | epoch : 66 | training done |
2022-01-01 23:57:20.138 | INFO     | __main__:<module>:244 - | epoch : 66 | val done |
2022-01-01 23:58:00.261 | INFO     | __main__:<module>:111 - | epoch : 67 | training done |
2022-01-01 23:58:14.181 | INFO     | __main__:<module>:244 - | epoch : 67 | val done |
2022-01-01 23:58:54.314 | INFO     | __main__:<module>:111 - | epoch : 68 | training done |
2022-01-01 23:59:08.166 | INFO     | __main__:<module>:244 - | epoch : 68 | val done |
2022-01-01 23:59:48.250 | INFO     | __main__:<module>:111 - | epoch : 69 | training done |
2022-01-02 00:00:02.077 | INFO     | __main__:<module>:244 - | epoch : 69 | val done |
2022-01-02 00:00:42.166 | INFO     | __main__:<module>:111 - | epoch : 70 | training done |
2022-01-02 00:00:55.850 | INFO     | __main__:<module>:244 - | epoch : 70 | val done |
2022-01-02 00:01:35.995 | INFO     | __main__:<module>:111 - | epoch : 71 | training done |
2022-01-02 00:01:49.699 | INFO     | __main__:<module>:244 - | epoch : 71 | val done |
2022-01-02 00:02:29.735 | INFO     | __main__:<module>:111 - | epoch : 72 | training done |
2022-01-02 00:02:43.413 | INFO     | __main__:<module>:244 - | epoch : 72 | val done |
2022-01-02 00:03:23.490 | INFO     | __main__:<module>:111 - | epoch : 73 | training done |
2022-01-02 00:03:37.135 | INFO     | __main__:<module>:244 - | epoch : 73 | val done |
2022-01-02 00:04:17.255 | INFO     | __main__:<module>:111 - | epoch : 74 | training done |
2022-01-02 00:04:30.870 | INFO     | __main__:<module>:244 - | epoch : 74 | val done |
2022-01-02 00:05:10.904 | INFO     | __main__:<module>:111 - | epoch : 75 | training done |
2022-01-02 00:05:24.393 | INFO     | __main__:<module>:244 - | epoch : 75 | val done |
2022-01-02 00:06:04.423 | INFO     | __main__:<module>:111 - | epoch : 76 | training done |
2022-01-02 00:06:18.222 | INFO     | __main__:<module>:244 - | epoch : 76 | val done |
2022-01-02 00:06:58.217 | INFO     | __main__:<module>:111 - | epoch : 77 | training done |
2022-01-02 00:07:12.021 | INFO     | __main__:<module>:244 - | epoch : 77 | val done |
2022-01-02 00:07:52.038 | INFO     | __main__:<module>:111 - | epoch : 78 | training done |
2022-01-02 00:08:05.624 | INFO     | __main__:<module>:244 - | epoch : 78 | val done |
2022-01-02 00:08:45.662 | INFO     | __main__:<module>:111 - | epoch : 79 | training done |
2022-01-02 00:08:59.494 | INFO     | __main__:<module>:244 - | epoch : 79 | val done |
2022-01-02 00:09:39.574 | INFO     | __main__:<module>:111 - | epoch : 80 | training done |
2022-01-02 00:09:53.411 | INFO     | __main__:<module>:244 - | epoch : 80 | val done |
2022-01-02 00:10:33.425 | INFO     | __main__:<module>:111 - | epoch : 81 | training done |
2022-01-02 00:10:47.033 | INFO     | __main__:<module>:244 - | epoch : 81 | val done |
2022-01-02 00:11:27.049 | INFO     | __main__:<module>:111 - | epoch : 82 | training done |
2022-01-02 00:11:40.952 | INFO     | __main__:<module>:244 - | epoch : 82 | val done |
2022-01-02 00:12:21.003 | INFO     | __main__:<module>:111 - | epoch : 83 | training done |
2022-01-02 00:12:34.864 | INFO     | __main__:<module>:244 - | epoch : 83 | val done |
2022-01-02 00:13:14.830 | INFO     | __main__:<module>:111 - | epoch : 84 | training done |
2022-01-02 00:13:28.648 | INFO     | __main__:<module>:244 - | epoch : 84 | val done |
2022-01-02 00:14:08.641 | INFO     | __main__:<module>:111 - | epoch : 85 | training done |
2022-01-02 00:14:22.203 | INFO     | __main__:<module>:244 - | epoch : 85 | val done |
2022-01-02 00:15:02.256 | INFO     | __main__:<module>:111 - | epoch : 86 | training done |
2022-01-02 00:15:16.061 | INFO     | __main__:<module>:244 - | epoch : 86 | val done |
2022-01-02 00:15:56.039 | INFO     | __main__:<module>:111 - | epoch : 87 | training done |
2022-01-02 00:16:09.670 | INFO     | __main__:<module>:244 - | epoch : 87 | val done |
2022-01-02 00:16:49.724 | INFO     | __main__:<module>:111 - | epoch : 88 | training done |
2022-01-02 00:17:03.336 | INFO     | __main__:<module>:244 - | epoch : 88 | val done |
2022-01-02 00:17:43.451 | INFO     | __main__:<module>:111 - | epoch : 89 | training done |
2022-01-02 00:17:57.311 | INFO     | __main__:<module>:244 - | epoch : 89 | val done |
2022-01-02 00:18:37.365 | INFO     | __main__:<module>:111 - | epoch : 90 | training done |
2022-01-02 00:18:50.898 | INFO     | __main__:<module>:244 - | epoch : 90 | val done |
2022-01-02 00:19:30.955 | INFO     | __main__:<module>:111 - | epoch : 91 | training done |
2022-01-02 00:19:44.416 | INFO     | __main__:<module>:244 - | epoch : 91 | val done |
2022-01-02 00:20:24.444 | INFO     | __main__:<module>:111 - | epoch : 92 | training done |
2022-01-02 00:20:38.079 | INFO     | __main__:<module>:244 - | epoch : 92 | val done |
2022-01-02 00:21:18.097 | INFO     | __main__:<module>:111 - | epoch : 93 | training done |
2022-01-02 00:21:31.691 | INFO     | __main__:<module>:244 - | epoch : 93 | val done |
2022-01-02 00:22:11.661 | INFO     | __main__:<module>:111 - | epoch : 94 | training done |
2022-01-02 00:22:25.355 | INFO     | __main__:<module>:244 - | epoch : 94 | val done |
2022-01-02 00:23:05.368 | INFO     | __main__:<module>:111 - | epoch : 95 | training done |
2022-01-02 00:23:19.123 | INFO     | __main__:<module>:244 - | epoch : 95 | val done |
2022-01-02 00:23:59.088 | INFO     | __main__:<module>:111 - | epoch : 96 | training done |
2022-01-02 00:24:12.819 | INFO     | __main__:<module>:244 - | epoch : 96 | val done |
2022-01-02 00:24:52.862 | INFO     | __main__:<module>:111 - | epoch : 97 | training done |
2022-01-02 00:25:06.699 | INFO     | __main__:<module>:244 - | epoch : 97 | val done |
2022-01-02 00:25:46.740 | INFO     | __main__:<module>:111 - | epoch : 98 | training done |
2022-01-02 00:26:00.277 | INFO     | __main__:<module>:244 - | epoch : 98 | val done |
2022-01-02 00:26:40.325 | INFO     | __main__:<module>:111 - | epoch : 99 | training done |
2022-01-02 00:26:53.850 | INFO     | __main__:<module>:244 - | epoch : 99 | val done |
2022-01-02 00:27:33.814 | INFO     | __main__:<module>:111 - | epoch : 100 | training done |
2022-01-02 00:27:47.295 | INFO     | __main__:<module>:244 - | epoch : 100 | val done |
2022-01-02 00:28:27.242 | INFO     | __main__:<module>:111 - | epoch : 101 | training done |
2022-01-02 00:28:41.006 | INFO     | __main__:<module>:244 - | epoch : 101 | val done |
2022-01-02 00:29:20.979 | INFO     | __main__:<module>:111 - | epoch : 102 | training done |
2022-01-02 00:29:34.852 | INFO     | __main__:<module>:244 - | epoch : 102 | val done |
2022-01-02 00:30:14.865 | INFO     | __main__:<module>:111 - | epoch : 103 | training done |
2022-01-02 00:30:28.595 | INFO     | __main__:<module>:244 - | epoch : 103 | val done |
2022-01-02 00:31:08.633 | INFO     | __main__:<module>:111 - | epoch : 104 | training done |
2022-01-02 00:31:22.149 | INFO     | __main__:<module>:244 - | epoch : 104 | val done |
2022-01-02 00:32:02.090 | INFO     | __main__:<module>:111 - | epoch : 105 | training done |
2022-01-02 00:32:15.639 | INFO     | __main__:<module>:244 - | epoch : 105 | val done |
2022-01-02 00:32:55.609 | INFO     | __main__:<module>:111 - | epoch : 106 | training done |
2022-01-02 00:33:09.219 | INFO     | __main__:<module>:244 - | epoch : 106 | val done |
2022-01-02 00:33:49.260 | INFO     | __main__:<module>:111 - | epoch : 107 | training done |
2022-01-02 00:34:02.933 | INFO     | __main__:<module>:244 - | epoch : 107 | val done |
2022-01-02 00:34:42.945 | INFO     | __main__:<module>:111 - | epoch : 108 | training done |
2022-01-02 00:34:56.570 | INFO     | __main__:<module>:244 - | epoch : 108 | val done |
2022-01-02 00:35:36.684 | INFO     | __main__:<module>:111 - | epoch : 109 | training done |
2022-01-02 00:35:50.492 | INFO     | __main__:<module>:244 - | epoch : 109 | val done |
2022-01-02 00:36:30.508 | INFO     | __main__:<module>:111 - | epoch : 110 | training done |
2022-01-02 00:36:44.339 | INFO     | __main__:<module>:244 - | epoch : 110 | val done |
2022-01-02 00:37:24.260 | INFO     | __main__:<module>:111 - | epoch : 111 | training done |
2022-01-02 00:37:37.903 | INFO     | __main__:<module>:244 - | epoch : 111 | val done |
2022-01-02 00:38:17.874 | INFO     | __main__:<module>:111 - | epoch : 112 | training done |
2022-01-02 00:38:31.705 | INFO     | __main__:<module>:244 - | epoch : 112 | val done |
2022-01-02 00:39:11.612 | INFO     | __main__:<module>:111 - | epoch : 113 | training done |
2022-01-02 00:39:25.137 | INFO     | __main__:<module>:244 - | epoch : 113 | val done |
2022-01-02 00:40:05.063 | INFO     | __main__:<module>:111 - | epoch : 114 | training done |
2022-01-02 00:40:18.574 | INFO     | __main__:<module>:244 - | epoch : 114 | val done |
2022-01-02 00:40:58.469 | INFO     | __main__:<module>:111 - | epoch : 115 | training done |
2022-01-02 00:41:11.860 | INFO     | __main__:<module>:244 - | epoch : 115 | val done |
2022-01-02 00:41:51.834 | INFO     | __main__:<module>:111 - | epoch : 116 | training done |
2022-01-02 00:42:05.642 | INFO     | __main__:<module>:244 - | epoch : 116 | val done |
2022-01-02 00:42:45.643 | INFO     | __main__:<module>:111 - | epoch : 117 | training done |
2022-01-02 00:42:59.346 | INFO     | __main__:<module>:244 - | epoch : 117 | val done |
2022-01-02 00:43:39.330 | INFO     | __main__:<module>:111 - | epoch : 118 | training done |
2022-01-02 00:43:52.926 | INFO     | __main__:<module>:244 - | epoch : 118 | val done |
2022-01-02 00:44:33.013 | INFO     | __main__:<module>:111 - | epoch : 119 | training done |
2022-01-02 00:44:46.762 | INFO     | __main__:<module>:244 - | epoch : 119 | val done |
2022-01-02 00:45:26.708 | INFO     | __main__:<module>:111 - | epoch : 120 | training done |
2022-01-02 00:45:40.294 | INFO     | __main__:<module>:244 - | epoch : 120 | val done |
2022-01-02 00:46:20.288 | INFO     | __main__:<module>:111 - | epoch : 121 | training done |
2022-01-02 00:46:34.107 | INFO     | __main__:<module>:244 - | epoch : 121 | val done |
2022-01-02 00:47:14.165 | INFO     | __main__:<module>:111 - | epoch : 122 | training done |
2022-01-02 00:47:27.963 | INFO     | __main__:<module>:244 - | epoch : 122 | val done |
2022-01-02 00:48:07.956 | INFO     | __main__:<module>:111 - | epoch : 123 | training done |
2022-01-02 00:48:21.514 | INFO     | __main__:<module>:244 - | epoch : 123 | val done |
2022-01-02 00:49:01.467 | INFO     | __main__:<module>:111 - | epoch : 124 | training done |
2022-01-02 00:49:15.216 | INFO     | __main__:<module>:244 - | epoch : 124 | val done |
2022-01-02 00:49:55.175 | INFO     | __main__:<module>:111 - | epoch : 125 | training done |
2022-01-02 00:50:08.932 | INFO     | __main__:<module>:244 - | epoch : 125 | val done |
2022-01-02 00:50:48.963 | INFO     | __main__:<module>:111 - | epoch : 126 | training done |
2022-01-02 00:51:02.809 | INFO     | __main__:<module>:244 - | epoch : 126 | val done |
2022-01-02 00:51:42.841 | INFO     | __main__:<module>:111 - | epoch : 127 | training done |
2022-01-02 00:51:56.566 | INFO     | __main__:<module>:244 - | epoch : 127 | val done |
2022-01-02 00:52:36.575 | INFO     | __main__:<module>:111 - | epoch : 128 | training done |
2022-01-02 00:52:50.277 | INFO     | __main__:<module>:244 - | epoch : 128 | val done |
2022-01-02 00:53:30.334 | INFO     | __main__:<module>:111 - | epoch : 129 | training done |
2022-01-02 00:53:43.997 | INFO     | __main__:<module>:244 - | epoch : 129 | val done |
2022-01-02 00:54:23.993 | INFO     | __main__:<module>:111 - | epoch : 130 | training done |
2022-01-02 00:54:37.788 | INFO     | __main__:<module>:244 - | epoch : 130 | val done |
2022-01-02 00:55:17.750 | INFO     | __main__:<module>:111 - | epoch : 131 | training done |
2022-01-02 00:55:31.431 | INFO     | __main__:<module>:244 - | epoch : 131 | val done |
2022-01-02 00:56:11.422 | INFO     | __main__:<module>:111 - | epoch : 132 | training done |
2022-01-02 00:56:25.240 | INFO     | __main__:<module>:244 - | epoch : 132 | val done |
2022-01-02 00:57:05.158 | INFO     | __main__:<module>:111 - | epoch : 133 | training done |
2022-01-02 00:57:18.821 | INFO     | __main__:<module>:244 - | epoch : 133 | val done |
2022-01-02 00:57:58.733 | INFO     | __main__:<module>:111 - | epoch : 134 | training done |
2022-01-02 00:58:12.320 | INFO     | __main__:<module>:244 - | epoch : 134 | val done |
2022-01-02 00:58:52.274 | INFO     | __main__:<module>:111 - | epoch : 135 | training done |
2022-01-02 00:59:05.756 | INFO     | __main__:<module>:244 - | epoch : 135 | val done |
2022-01-02 00:59:45.736 | INFO     | __main__:<module>:111 - | epoch : 136 | training done |
2022-01-02 00:59:59.546 | INFO     | __main__:<module>:244 - | epoch : 136 | val done |
2022-01-02 01:00:39.472 | INFO     | __main__:<module>:111 - | epoch : 137 | training done |
2022-01-02 01:00:53.129 | INFO     | __main__:<module>:244 - | epoch : 137 | val done |
2022-01-02 01:01:33.086 | INFO     | __main__:<module>:111 - | epoch : 138 | training done |
2022-01-02 01:01:46.738 | INFO     | __main__:<module>:244 - | epoch : 138 | val done |
2022-01-02 01:02:26.702 | INFO     | __main__:<module>:111 - | epoch : 139 | training done |
2022-01-02 01:02:40.321 | INFO     | __main__:<module>:244 - | epoch : 139 | val done |
2022-01-02 01:03:20.280 | INFO     | __main__:<module>:111 - | epoch : 140 | training done |
2022-01-02 01:03:33.887 | INFO     | __main__:<module>:244 - | epoch : 140 | val done |
2022-01-02 01:04:13.819 | INFO     | __main__:<module>:111 - | epoch : 141 | training done |
2022-01-02 01:04:27.621 | INFO     | __main__:<module>:244 - | epoch : 141 | val done |
2022-01-02 01:05:07.553 | INFO     | __main__:<module>:111 - | epoch : 142 | training done |
2022-01-02 01:05:21.228 | INFO     | __main__:<module>:244 - | epoch : 142 | val done |
2022-01-02 01:06:01.212 | INFO     | __main__:<module>:111 - | epoch : 143 | training done |
2022-01-02 01:06:14.876 | INFO     | __main__:<module>:244 - | epoch : 143 | val done |
2022-01-02 01:06:54.847 | INFO     | __main__:<module>:111 - | epoch : 144 | training done |
2022-01-02 01:07:08.554 | INFO     | __main__:<module>:244 - | epoch : 144 | val done |
2022-01-02 01:07:48.512 | INFO     | __main__:<module>:111 - | epoch : 145 | training done |
2022-01-02 01:08:02.223 | INFO     | __main__:<module>:244 - | epoch : 145 | val done |
2022-01-02 01:08:42.182 | INFO     | __main__:<module>:111 - | epoch : 146 | training done |
2022-01-02 01:08:55.913 | INFO     | __main__:<module>:244 - | epoch : 146 | val done |
2022-01-02 01:09:36.005 | INFO     | __main__:<module>:111 - | epoch : 147 | training done |
2022-01-02 01:09:49.839 | INFO     | __main__:<module>:244 - | epoch : 147 | val done |
2022-01-02 01:10:29.857 | INFO     | __main__:<module>:111 - | epoch : 148 | training done |
2022-01-02 01:10:43.483 | INFO     | __main__:<module>:244 - | epoch : 148 | val done |
2022-01-02 01:11:23.440 | INFO     | __main__:<module>:111 - | epoch : 149 | training done |
2022-01-02 01:11:37.218 | INFO     | __main__:<module>:244 - | epoch : 149 | val done |
2022-01-02 01:12:17.198 | INFO     | __main__:<module>:111 - | epoch : 150 | training done |
2022-01-02 01:12:30.917 | INFO     | __main__:<module>:244 - | epoch : 150 | val done |
2022-01-02 01:13:10.859 | INFO     | __main__:<module>:111 - | epoch : 151 | training done |
2022-01-02 01:13:24.631 | INFO     | __main__:<module>:244 - | epoch : 151 | val done |
2022-01-02 01:14:04.671 | INFO     | __main__:<module>:111 - | epoch : 152 | training done |
2022-01-02 01:14:18.394 | INFO     | __main__:<module>:244 - | epoch : 152 | val done |
2022-01-02 01:14:58.467 | INFO     | __main__:<module>:111 - | epoch : 153 | training done |
2022-01-02 01:15:12.046 | INFO     | __main__:<module>:244 - | epoch : 153 | val done |
2022-01-02 01:15:52.018 | INFO     | __main__:<module>:111 - | epoch : 154 | training done |
2022-01-02 01:16:05.735 | INFO     | __main__:<module>:244 - | epoch : 154 | val done |
2022-01-02 01:16:45.737 | INFO     | __main__:<module>:111 - | epoch : 155 | training done |
2022-01-02 01:16:59.413 | INFO     | __main__:<module>:244 - | epoch : 155 | val done |
2022-01-02 01:17:39.377 | INFO     | __main__:<module>:111 - | epoch : 156 | training done |
2022-01-02 01:17:53.084 | INFO     | __main__:<module>:244 - | epoch : 156 | val done |
2022-01-02 01:18:33.043 | INFO     | __main__:<module>:111 - | epoch : 157 | training done |
2022-01-02 01:18:46.707 | INFO     | __main__:<module>:244 - | epoch : 157 | val done |
2022-01-02 01:19:26.780 | INFO     | __main__:<module>:111 - | epoch : 158 | training done |
2022-01-02 01:19:40.445 | INFO     | __main__:<module>:244 - | epoch : 158 | val done |
2022-01-02 01:20:20.489 | INFO     | __main__:<module>:111 - | epoch : 159 | training done |
2022-01-02 01:20:34.278 | INFO     | __main__:<module>:244 - | epoch : 159 | val done |
2022-01-02 01:21:14.307 | INFO     | __main__:<module>:111 - | epoch : 160 | training done |
2022-01-02 01:21:28.037 | INFO     | __main__:<module>:244 - | epoch : 160 | val done |
2022-01-02 01:22:08.081 | INFO     | __main__:<module>:111 - | epoch : 161 | training done |
2022-01-02 01:22:21.675 | INFO     | __main__:<module>:244 - | epoch : 161 | val done |
2022-01-02 01:23:01.662 | INFO     | __main__:<module>:111 - | epoch : 162 | training done |
2022-01-02 01:23:15.478 | INFO     | __main__:<module>:244 - | epoch : 162 | val done |
2022-01-02 01:24:10.664 | INFO     | __main__:<module>:111 - | epoch : 163 | training done |
2022-01-02 01:24:27.707 | INFO     | __main__:<module>:244 - | epoch : 163 | val done |
