2021-12-27 16:06:23.648 | INFO     | __main__:<module>:76 - | start training .... |
2021-12-27 16:09:24.640 | INFO     | __main__:<module>:106 - | epoch : 0 | training done |
2021-12-27 16:09:47.054 | CRITICAL | __main__:<module>:132 - | epoch : 0 | best_val_dice_score : 0.8743069899414472 |
2021-12-27 16:12:47.037 | INFO     | __main__:<module>:106 - | epoch : 1 | training done |
2021-12-27 16:13:09.466 | CRITICAL | __main__:<module>:132 - | epoch : 1 | best_val_dice_score : 0.8809629158127956 |
2021-12-27 16:16:10.606 | INFO     | __main__:<module>:106 - | epoch : 2 | training done |
2021-12-27 16:16:33.797 | CRITICAL | __main__:<module>:132 - | epoch : 2 | best_val_dice_score : 0.8892797562634837 |
2021-12-27 16:19:33.526 | INFO     | __main__:<module>:106 - | epoch : 3 | training done |
2021-12-27 16:19:58.084 | CRITICAL | __main__:<module>:132 - | epoch : 3 | best_val_dice_score : 0.9002103828507111 |
2021-12-27 16:22:58.515 | INFO     | __main__:<module>:106 - | epoch : 4 | training done |
2021-12-27 16:23:20.781 | CRITICAL | __main__:<module>:132 - | epoch : 4 | best_val_dice_score : 0.9017893134175431 |
2021-12-27 16:26:20.537 | INFO     | __main__:<module>:106 - | epoch : 5 | training done |
2021-12-27 16:26:45.534 | INFO     | __main__:<module>:135 - | epoch : 5 | val done |
2021-12-27 16:29:46.801 | INFO     | __main__:<module>:106 - | epoch : 6 | training done |
2021-12-27 16:30:10.654 | CRITICAL | __main__:<module>:132 - | epoch : 6 | best_val_dice_score : 0.9140194263438643 |
2021-12-27 16:33:10.781 | INFO     | __main__:<module>:106 - | epoch : 7 | training done |
2021-12-27 16:33:32.798 | INFO     | __main__:<module>:135 - | epoch : 7 | val done |
2021-12-27 16:36:32.494 | INFO     | __main__:<module>:106 - | epoch : 8 | training done |
2021-12-27 16:36:55.720 | INFO     | __main__:<module>:135 - | epoch : 8 | val done |
2021-12-27 16:39:55.120 | INFO     | __main__:<module>:106 - | epoch : 9 | training done |
2021-12-27 16:40:19.558 | INFO     | __main__:<module>:135 - | epoch : 9 | val done |
2021-12-27 16:43:18.775 | INFO     | __main__:<module>:106 - | epoch : 10 | training done |
2021-12-27 16:43:40.003 | INFO     | __main__:<module>:135 - | epoch : 10 | val done |
2021-12-27 16:46:39.538 | INFO     | __main__:<module>:106 - | epoch : 11 | training done |
2021-12-27 16:47:02.957 | INFO     | __main__:<module>:135 - | epoch : 11 | val done |
2021-12-27 16:50:01.883 | INFO     | __main__:<module>:106 - | epoch : 12 | training done |
2021-12-27 16:50:25.310 | INFO     | __main__:<module>:135 - | epoch : 12 | val done |
2021-12-27 16:53:25.289 | INFO     | __main__:<module>:106 - | epoch : 13 | training done |
2021-12-27 16:53:47.872 | CRITICAL | __main__:<module>:132 - | epoch : 13 | best_val_dice_score : 0.9203102958149131 |
2021-12-27 16:56:48.477 | INFO     | __main__:<module>:106 - | epoch : 14 | training done |
2021-12-27 16:57:12.358 | INFO     | __main__:<module>:135 - | epoch : 14 | val done |
2021-12-27 17:00:12.108 | INFO     | __main__:<module>:106 - | epoch : 15 | training done |
2021-12-27 17:00:34.260 | INFO     | __main__:<module>:135 - | epoch : 15 | val done |
2021-12-27 17:03:35.397 | INFO     | __main__:<module>:106 - | epoch : 16 | training done |
2021-12-27 17:04:00.029 | INFO     | __main__:<module>:135 - | epoch : 16 | val done |
2021-12-27 17:07:00.260 | INFO     | __main__:<module>:106 - | epoch : 17 | training done |
2021-12-27 17:07:21.568 | INFO     | __main__:<module>:135 - | epoch : 17 | val done |
2021-12-27 17:10:23.478 | INFO     | __main__:<module>:106 - | epoch : 18 | training done |
2021-12-27 17:10:47.764 | CRITICAL | __main__:<module>:132 - | epoch : 18 | best_val_dice_score : 0.9212477040530342 |
2021-12-27 17:13:49.948 | INFO     | __main__:<module>:106 - | epoch : 19 | training done |
2021-12-27 17:14:10.940 | INFO     | __main__:<module>:135 - | epoch : 19 | val done |
2021-12-27 17:17:10.045 | INFO     | __main__:<module>:106 - | epoch : 20 | training done |
2021-12-27 17:17:33.667 | INFO     | __main__:<module>:135 - | epoch : 20 | val done |
2021-12-27 17:20:35.646 | INFO     | __main__:<module>:106 - | epoch : 21 | training done |
2021-12-27 17:20:56.752 | INFO     | __main__:<module>:135 - | epoch : 21 | val done |
2021-12-27 17:23:56.649 | INFO     | __main__:<module>:106 - | epoch : 22 | training done |
2021-12-27 17:24:18.531 | INFO     | __main__:<module>:135 - | epoch : 22 | val done |
2021-12-27 17:27:18.366 | INFO     | __main__:<module>:106 - | epoch : 23 | training done |
2021-12-27 17:27:40.243 | INFO     | __main__:<module>:135 - | epoch : 23 | val done |
2021-12-27 17:30:39.928 | INFO     | __main__:<module>:106 - | epoch : 24 | training done |
2021-12-27 17:31:04.171 | INFO     | __main__:<module>:135 - | epoch : 24 | val done |
2021-12-27 17:34:05.181 | INFO     | __main__:<module>:106 - | epoch : 25 | training done |
2021-12-27 17:34:27.304 | INFO     | __main__:<module>:135 - | epoch : 25 | val done |
2021-12-27 17:37:29.100 | INFO     | __main__:<module>:106 - | epoch : 26 | training done |
2021-12-27 17:37:51.337 | INFO     | __main__:<module>:135 - | epoch : 26 | val done |
2021-12-27 17:40:52.077 | INFO     | __main__:<module>:106 - | epoch : 27 | training done |
2021-12-27 17:41:15.781 | INFO     | __main__:<module>:135 - | epoch : 27 | val done |
2021-12-27 17:44:16.442 | INFO     | __main__:<module>:106 - | epoch : 28 | training done |
2021-12-27 17:44:38.351 | INFO     | __main__:<module>:135 - | epoch : 28 | val done |
2021-12-27 17:47:38.669 | INFO     | __main__:<module>:106 - | epoch : 29 | training done |
2021-12-27 17:48:01.512 | INFO     | __main__:<module>:135 - | epoch : 29 | val done |
2021-12-27 17:51:01.920 | INFO     | __main__:<module>:106 - | epoch : 30 | training done |
2021-12-27 17:51:26.737 | INFO     | __main__:<module>:135 - | epoch : 30 | val done |
2021-12-27 17:54:28.192 | INFO     | __main__:<module>:106 - | epoch : 31 | training done |
2021-12-27 17:54:50.405 | INFO     | __main__:<module>:135 - | epoch : 31 | val done |
2021-12-27 17:57:50.500 | INFO     | __main__:<module>:106 - | epoch : 32 | training done |
2021-12-27 17:58:14.649 | INFO     | __main__:<module>:135 - | epoch : 32 | val done |
2021-12-27 18:01:15.661 | INFO     | __main__:<module>:106 - | epoch : 33 | training done |
2021-12-27 18:01:36.882 | INFO     | __main__:<module>:135 - | epoch : 33 | val done |
2021-12-27 18:04:40.214 | INFO     | __main__:<module>:106 - | epoch : 34 | training done |
2021-12-27 18:05:04.799 | INFO     | __main__:<module>:135 - | epoch : 34 | val done |
2021-12-27 18:08:06.153 | INFO     | __main__:<module>:106 - | epoch : 35 | training done |
2021-12-27 18:08:27.521 | INFO     | __main__:<module>:135 - | epoch : 35 | val done |
2021-12-27 18:11:28.189 | INFO     | __main__:<module>:106 - | epoch : 36 | training done |
2021-12-27 18:11:50.791 | INFO     | __main__:<module>:135 - | epoch : 36 | val done |
2021-12-27 18:14:50.598 | INFO     | __main__:<module>:106 - | epoch : 37 | training done |
2021-12-27 18:15:11.573 | INFO     | __main__:<module>:135 - | epoch : 37 | val done |
2021-12-27 18:18:13.680 | INFO     | __main__:<module>:106 - | epoch : 38 | training done |
2021-12-27 18:18:38.638 | INFO     | __main__:<module>:135 - | epoch : 38 | val done |
2021-12-27 18:21:37.225 | INFO     | __main__:<module>:106 - | epoch : 39 | training done |
2021-12-27 18:21:59.624 | INFO     | __main__:<module>:135 - | epoch : 39 | val done |
2021-12-27 18:25:00.424 | INFO     | __main__:<module>:106 - | epoch : 40 | training done |
2021-12-27 18:25:23.055 | CRITICAL | __main__:<module>:132 - | epoch : 40 | best_val_dice_score : 0.9243534810123786 |
2021-12-27 18:28:23.686 | INFO     | __main__:<module>:106 - | epoch : 41 | training done |
2021-12-27 18:28:48.337 | INFO     | __main__:<module>:135 - | epoch : 41 | val done |
2021-12-27 18:31:49.606 | INFO     | __main__:<module>:106 - | epoch : 42 | training done |
2021-12-27 18:32:13.471 | INFO     | __main__:<module>:135 - | epoch : 42 | val done |
2021-12-27 18:35:13.224 | INFO     | __main__:<module>:106 - | epoch : 43 | training done |
2021-12-27 18:35:34.524 | INFO     | __main__:<module>:135 - | epoch : 43 | val done |
2021-12-27 18:38:35.455 | INFO     | __main__:<module>:106 - | epoch : 44 | training done |
2021-12-27 18:39:00.043 | INFO     | __main__:<module>:135 - | epoch : 44 | val done |
2021-12-27 18:42:00.811 | INFO     | __main__:<module>:106 - | epoch : 45 | training done |
2021-12-27 18:42:25.696 | INFO     | __main__:<module>:135 - | epoch : 45 | val done |
2021-12-27 18:45:27.132 | INFO     | __main__:<module>:106 - | epoch : 46 | training done |
2021-12-27 18:45:50.685 | INFO     | __main__:<module>:135 - | epoch : 46 | val done |
2021-12-27 18:48:51.491 | INFO     | __main__:<module>:106 - | epoch : 47 | training done |
2021-12-27 18:49:14.463 | INFO     | __main__:<module>:135 - | epoch : 47 | val done |
2021-12-27 18:52:14.391 | INFO     | __main__:<module>:106 - | epoch : 48 | training done |
2021-12-27 18:52:35.171 | INFO     | __main__:<module>:135 - | epoch : 48 | val done |
2021-12-27 18:55:35.110 | INFO     | __main__:<module>:106 - | epoch : 49 | training done |
2021-12-27 18:55:57.363 | INFO     | __main__:<module>:135 - | epoch : 49 | val done |
2021-12-27 18:58:58.368 | INFO     | __main__:<module>:106 - | epoch : 50 | training done |
2021-12-27 18:59:22.650 | INFO     | __main__:<module>:135 - | epoch : 50 | val done |
2021-12-27 19:02:22.300 | INFO     | __main__:<module>:106 - | epoch : 51 | training done |
2021-12-27 19:02:46.827 | INFO     | __main__:<module>:135 - | epoch : 51 | val done |
2021-12-27 19:05:48.020 | INFO     | __main__:<module>:106 - | epoch : 52 | training done |
2021-12-27 19:06:15.486 | INFO     | __main__:<module>:135 - | epoch : 52 | val done |
2021-12-27 19:09:16.667 | INFO     | __main__:<module>:106 - | epoch : 53 | training done |
2021-12-27 19:09:39.728 | INFO     | __main__:<module>:135 - | epoch : 53 | val done |
2021-12-27 19:12:38.647 | INFO     | __main__:<module>:106 - | epoch : 54 | training done |
2021-12-27 19:13:00.165 | INFO     | __main__:<module>:135 - | epoch : 54 | val done |
2021-12-27 19:15:59.671 | INFO     | __main__:<module>:106 - | epoch : 55 | training done |
2021-12-27 19:16:26.248 | INFO     | __main__:<module>:135 - | epoch : 55 | val done |
2021-12-27 19:19:26.865 | INFO     | __main__:<module>:106 - | epoch : 56 | training done |
2021-12-27 19:19:50.194 | INFO     | __main__:<module>:135 - | epoch : 56 | val done |
2021-12-27 19:22:49.805 | INFO     | __main__:<module>:106 - | epoch : 57 | training done |
2021-12-27 19:23:11.550 | INFO     | __main__:<module>:135 - | epoch : 57 | val done |
2021-12-27 19:26:11.249 | INFO     | __main__:<module>:106 - | epoch : 58 | training done |
2021-12-27 19:26:33.240 | INFO     | __main__:<module>:135 - | epoch : 58 | val done |
2021-12-27 19:29:34.857 | INFO     | __main__:<module>:106 - | epoch : 59 | training done |
2021-12-27 19:29:59.187 | INFO     | __main__:<module>:135 - | epoch : 59 | val done |
2021-12-27 19:32:58.543 | INFO     | __main__:<module>:106 - | epoch : 60 | training done |
2021-12-27 19:33:20.266 | INFO     | __main__:<module>:135 - | epoch : 60 | val done |
2021-12-27 19:36:18.858 | INFO     | __main__:<module>:106 - | epoch : 61 | training done |
2021-12-27 19:36:42.164 | INFO     | __main__:<module>:135 - | epoch : 61 | val done |
2021-12-27 19:39:42.448 | INFO     | __main__:<module>:106 - | epoch : 62 | training done |
2021-12-27 19:40:05.433 | INFO     | __main__:<module>:135 - | epoch : 62 | val done |
2021-12-27 19:43:07.257 | INFO     | __main__:<module>:106 - | epoch : 63 | training done |
2021-12-27 19:43:32.394 | INFO     | __main__:<module>:135 - | epoch : 63 | val done |
2021-12-27 19:46:33.653 | INFO     | __main__:<module>:106 - | epoch : 64 | training done |
2021-12-27 19:46:57.009 | INFO     | __main__:<module>:135 - | epoch : 64 | val done |
2021-12-27 19:49:58.171 | INFO     | __main__:<module>:106 - | epoch : 65 | training done |
2021-12-27 19:50:19.924 | INFO     | __main__:<module>:135 - | epoch : 65 | val done |
2021-12-27 19:53:19.705 | INFO     | __main__:<module>:106 - | epoch : 66 | training done |
2021-12-27 19:53:43.508 | INFO     | __main__:<module>:135 - | epoch : 66 | val done |
2021-12-27 19:56:44.157 | INFO     | __main__:<module>:106 - | epoch : 67 | training done |
2021-12-27 19:57:05.551 | INFO     | __main__:<module>:135 - | epoch : 67 | val done |
2021-12-27 20:00:05.601 | INFO     | __main__:<module>:106 - | epoch : 68 | training done |
2021-12-27 20:00:27.867 | INFO     | __main__:<module>:135 - | epoch : 68 | val done |
2021-12-27 20:03:27.741 | INFO     | __main__:<module>:106 - | epoch : 69 | training done |
2021-12-27 20:03:51.057 | INFO     | __main__:<module>:135 - | epoch : 69 | val done |
2021-12-27 20:06:52.530 | INFO     | __main__:<module>:106 - | epoch : 70 | training done |
2021-12-27 20:07:15.441 | CRITICAL | __main__:<module>:132 - | epoch : 70 | best_val_dice_score : 0.9246823379951664 |
2021-12-27 20:10:16.527 | INFO     | __main__:<module>:106 - | epoch : 71 | training done |
2021-12-27 20:10:38.057 | INFO     | __main__:<module>:135 - | epoch : 71 | val done |
2021-12-27 20:13:39.189 | INFO     | __main__:<module>:106 - | epoch : 72 | training done |
2021-12-27 20:14:02.282 | INFO     | __main__:<module>:135 - | epoch : 72 | val done |
2021-12-27 20:17:01.858 | INFO     | __main__:<module>:106 - | epoch : 73 | training done |
2021-12-27 20:17:25.563 | INFO     | __main__:<module>:135 - | epoch : 73 | val done |
2021-12-27 20:20:25.393 | INFO     | __main__:<module>:106 - | epoch : 74 | training done |
2021-12-27 20:20:45.707 | INFO     | __main__:<module>:135 - | epoch : 74 | val done |
2021-12-27 20:23:46.459 | INFO     | __main__:<module>:106 - | epoch : 75 | training done |
2021-12-27 20:24:09.109 | INFO     | __main__:<module>:135 - | epoch : 75 | val done |
2021-12-27 20:27:09.156 | INFO     | __main__:<module>:106 - | epoch : 76 | training done |
2021-12-27 20:27:35.180 | INFO     | __main__:<module>:135 - | epoch : 76 | val done |
2021-12-27 20:30:35.006 | INFO     | __main__:<module>:106 - | epoch : 77 | training done |
2021-12-27 20:30:58.755 | INFO     | __main__:<module>:135 - | epoch : 77 | val done |
2021-12-27 20:33:59.196 | INFO     | __main__:<module>:106 - | epoch : 78 | training done |
2021-12-27 20:34:22.880 | INFO     | __main__:<module>:135 - | epoch : 78 | val done |
2021-12-27 20:37:22.632 | INFO     | __main__:<module>:106 - | epoch : 79 | training done |
2021-12-27 20:37:47.495 | INFO     | __main__:<module>:135 - | epoch : 79 | val done |
2021-12-27 20:40:47.744 | INFO     | __main__:<module>:106 - | epoch : 80 | training done |
2021-12-27 20:41:11.968 | INFO     | __main__:<module>:135 - | epoch : 80 | val done |
2021-12-27 20:44:12.486 | INFO     | __main__:<module>:106 - | epoch : 81 | training done |
2021-12-27 20:44:34.115 | INFO     | __main__:<module>:135 - | epoch : 81 | val done |
2021-12-27 20:47:33.345 | INFO     | __main__:<module>:106 - | epoch : 82 | training done |
2021-12-27 20:47:57.927 | INFO     | __main__:<module>:135 - | epoch : 82 | val done |
2021-12-27 20:50:58.847 | INFO     | __main__:<module>:106 - | epoch : 83 | training done |
2021-12-27 20:51:22.526 | INFO     | __main__:<module>:135 - | epoch : 83 | val done |
2021-12-27 20:54:22.496 | INFO     | __main__:<module>:106 - | epoch : 84 | training done |
2021-12-27 20:54:48.243 | INFO     | __main__:<module>:135 - | epoch : 84 | val done |
2021-12-27 20:57:47.591 | INFO     | __main__:<module>:106 - | epoch : 85 | training done |
2021-12-27 20:58:11.363 | INFO     | __main__:<module>:135 - | epoch : 85 | val done |
2021-12-27 21:01:11.606 | INFO     | __main__:<module>:106 - | epoch : 86 | training done |
2021-12-27 21:01:35.023 | INFO     | __main__:<module>:135 - | epoch : 86 | val done |
2021-12-27 21:04:36.623 | INFO     | __main__:<module>:106 - | epoch : 87 | training done |
2021-12-27 21:04:58.501 | INFO     | __main__:<module>:135 - | epoch : 87 | val done |
2021-12-27 21:07:59.751 | INFO     | __main__:<module>:106 - | epoch : 88 | training done |
2021-12-27 21:08:22.984 | INFO     | __main__:<module>:135 - | epoch : 88 | val done |
2021-12-27 21:11:26.159 | INFO     | __main__:<module>:106 - | epoch : 89 | training done |
2021-12-27 21:11:47.982 | INFO     | __main__:<module>:135 - | epoch : 89 | val done |
2021-12-27 21:14:49.999 | INFO     | __main__:<module>:106 - | epoch : 90 | training done |
2021-12-27 21:15:12.075 | INFO     | __main__:<module>:135 - | epoch : 90 | val done |
2021-12-27 21:18:13.401 | INFO     | __main__:<module>:106 - | epoch : 91 | training done |
2021-12-27 21:18:36.160 | INFO     | __main__:<module>:135 - | epoch : 91 | val done |
2021-12-27 21:21:35.441 | INFO     | __main__:<module>:106 - | epoch : 92 | training done |
2021-12-27 21:21:56.611 | INFO     | __main__:<module>:135 - | epoch : 92 | val done |
2021-12-27 21:24:58.078 | INFO     | __main__:<module>:106 - | epoch : 93 | training done |
2021-12-27 21:25:21.187 | INFO     | __main__:<module>:135 - | epoch : 93 | val done |
2021-12-27 21:28:22.156 | INFO     | __main__:<module>:106 - | epoch : 94 | training done |
2021-12-27 21:28:44.085 | INFO     | __main__:<module>:135 - | epoch : 94 | val done |
2021-12-27 21:31:46.567 | INFO     | __main__:<module>:106 - | epoch : 95 | training done |
2021-12-27 21:32:07.135 | INFO     | __main__:<module>:135 - | epoch : 95 | val done |
2021-12-27 21:35:07.319 | INFO     | __main__:<module>:106 - | epoch : 96 | training done |
2021-12-27 21:35:30.895 | INFO     | __main__:<module>:135 - | epoch : 96 | val done |
2021-12-27 21:38:32.401 | INFO     | __main__:<module>:106 - | epoch : 97 | training done |
2021-12-27 21:39:00.153 | INFO     | __main__:<module>:135 - | epoch : 97 | val done |
2021-12-27 21:42:00.987 | INFO     | __main__:<module>:106 - | epoch : 98 | training done |
2021-12-27 21:42:22.824 | INFO     | __main__:<module>:135 - | epoch : 98 | val done |
2021-12-27 21:45:23.945 | INFO     | __main__:<module>:106 - | epoch : 99 | training done |
2021-12-27 21:45:45.583 | INFO     | __main__:<module>:135 - | epoch : 99 | val done |
2021-12-27 21:48:46.477 | INFO     | __main__:<module>:106 - | epoch : 100 | training done |
2021-12-27 21:49:08.337 | INFO     | __main__:<module>:135 - | epoch : 100 | val done |
2021-12-27 21:52:08.986 | INFO     | __main__:<module>:106 - | epoch : 101 | training done |
2021-12-27 21:52:33.011 | CRITICAL | __main__:<module>:132 - | epoch : 101 | best_val_dice_score : 0.9253052602901605 |
2021-12-27 21:55:33.447 | INFO     | __main__:<module>:106 - | epoch : 102 | training done |
2021-12-27 21:55:54.400 | INFO     | __main__:<module>:135 - | epoch : 102 | val done |
2021-12-27 21:58:54.918 | INFO     | __main__:<module>:106 - | epoch : 103 | training done |
2021-12-27 21:59:20.506 | INFO     | __main__:<module>:135 - | epoch : 103 | val done |
2021-12-27 22:02:20.935 | INFO     | __main__:<module>:106 - | epoch : 104 | training done |
2021-12-27 22:02:44.444 | INFO     | __main__:<module>:135 - | epoch : 104 | val done |
2021-12-27 22:05:45.509 | INFO     | __main__:<module>:106 - | epoch : 105 | training done |
2021-12-27 22:06:09.729 | INFO     | __main__:<module>:135 - | epoch : 105 | val done |
2021-12-27 22:09:09.251 | INFO     | __main__:<module>:106 - | epoch : 106 | training done |
2021-12-27 22:09:34.029 | INFO     | __main__:<module>:135 - | epoch : 106 | val done |
2021-12-27 22:12:35.125 | INFO     | __main__:<module>:106 - | epoch : 107 | training done |
2021-12-27 22:12:55.239 | INFO     | __main__:<module>:135 - | epoch : 107 | val done |
2021-12-27 22:15:56.019 | INFO     | __main__:<module>:106 - | epoch : 108 | training done |
2021-12-27 22:16:18.454 | INFO     | __main__:<module>:135 - | epoch : 108 | val done |
2021-12-27 22:19:18.848 | INFO     | __main__:<module>:106 - | epoch : 109 | training done |
2021-12-27 22:19:40.976 | INFO     | __main__:<module>:135 - | epoch : 109 | val done |
2021-12-27 22:22:42.893 | INFO     | __main__:<module>:106 - | epoch : 110 | training done |
2021-12-27 22:23:08.362 | INFO     | __main__:<module>:135 - | epoch : 110 | val done |
2021-12-27 22:26:10.681 | INFO     | __main__:<module>:106 - | epoch : 111 | training done |
2021-12-27 22:26:33.118 | INFO     | __main__:<module>:135 - | epoch : 111 | val done |
2021-12-27 22:29:31.826 | INFO     | __main__:<module>:106 - | epoch : 112 | training done |
2021-12-27 22:29:52.763 | INFO     | __main__:<module>:135 - | epoch : 112 | val done |
2021-12-27 22:32:53.420 | INFO     | __main__:<module>:106 - | epoch : 113 | training done |
2021-12-27 22:33:13.814 | INFO     | __main__:<module>:135 - | epoch : 113 | val done |
2021-12-27 22:36:15.228 | INFO     | __main__:<module>:106 - | epoch : 114 | training done |
2021-12-27 22:36:37.866 | INFO     | __main__:<module>:135 - | epoch : 114 | val done |
2021-12-27 22:39:38.405 | INFO     | __main__:<module>:106 - | epoch : 115 | training done |
2021-12-27 22:40:03.435 | INFO     | __main__:<module>:135 - | epoch : 115 | val done |
2021-12-27 22:43:03.670 | INFO     | __main__:<module>:106 - | epoch : 116 | training done |
2021-12-27 22:43:27.090 | INFO     | __main__:<module>:135 - | epoch : 116 | val done |
2021-12-27 22:46:27.292 | INFO     | __main__:<module>:106 - | epoch : 117 | training done |
2021-12-27 22:46:50.330 | INFO     | __main__:<module>:135 - | epoch : 117 | val done |
2021-12-27 22:49:49.234 | INFO     | __main__:<module>:106 - | epoch : 118 | training done |
2021-12-27 22:50:12.190 | INFO     | __main__:<module>:135 - | epoch : 118 | val done |
2021-12-27 22:53:12.588 | INFO     | __main__:<module>:106 - | epoch : 119 | training done |
2021-12-27 22:53:35.372 | INFO     | __main__:<module>:135 - | epoch : 119 | val done |
2021-12-27 22:56:36.662 | INFO     | __main__:<module>:106 - | epoch : 120 | training done |
2021-12-27 22:57:01.217 | INFO     | __main__:<module>:135 - | epoch : 120 | val done |
2021-12-27 23:00:01.444 | INFO     | __main__:<module>:106 - | epoch : 121 | training done |
2021-12-27 23:00:25.274 | INFO     | __main__:<module>:135 - | epoch : 121 | val done |
2021-12-27 23:03:24.376 | INFO     | __main__:<module>:106 - | epoch : 122 | training done |
2021-12-27 23:03:46.447 | INFO     | __main__:<module>:135 - | epoch : 122 | val done |
2021-12-27 23:06:48.396 | INFO     | __main__:<module>:106 - | epoch : 123 | training done |
2021-12-27 23:07:14.831 | INFO     | __main__:<module>:135 - | epoch : 123 | val done |
2021-12-27 23:10:15.080 | INFO     | __main__:<module>:106 - | epoch : 124 | training done |
2021-12-27 23:10:37.565 | INFO     | __main__:<module>:135 - | epoch : 124 | val done |
2021-12-27 23:13:38.043 | INFO     | __main__:<module>:106 - | epoch : 125 | training done |
2021-12-27 23:14:00.598 | INFO     | __main__:<module>:135 - | epoch : 125 | val done |
2021-12-27 23:16:58.576 | INFO     | __main__:<module>:106 - | epoch : 126 | training done |
2021-12-27 23:17:20.528 | INFO     | __main__:<module>:135 - | epoch : 126 | val done |
2021-12-27 23:20:20.093 | INFO     | __main__:<module>:106 - | epoch : 127 | training done |
2021-12-27 23:20:45.423 | INFO     | __main__:<module>:135 - | epoch : 127 | val done |
2021-12-27 23:23:46.717 | INFO     | __main__:<module>:106 - | epoch : 128 | training done |
2021-12-27 23:24:11.219 | INFO     | __main__:<module>:135 - | epoch : 128 | val done |
2021-12-27 23:27:11.773 | INFO     | __main__:<module>:106 - | epoch : 129 | training done |
2021-12-27 23:27:34.767 | INFO     | __main__:<module>:135 - | epoch : 129 | val done |
2021-12-27 23:30:34.976 | INFO     | __main__:<module>:106 - | epoch : 130 | training done |
2021-12-27 23:30:56.745 | INFO     | __main__:<module>:135 - | epoch : 130 | val done |
2021-12-27 23:33:56.289 | INFO     | __main__:<module>:106 - | epoch : 131 | training done |
2021-12-27 23:34:17.663 | INFO     | __main__:<module>:135 - | epoch : 131 | val done |
2021-12-27 23:37:17.026 | INFO     | __main__:<module>:106 - | epoch : 132 | training done |
2021-12-27 23:37:41.800 | INFO     | __main__:<module>:135 - | epoch : 132 | val done |
2021-12-27 23:40:42.636 | INFO     | __main__:<module>:106 - | epoch : 133 | training done |
2021-12-27 23:41:08.119 | INFO     | __main__:<module>:135 - | epoch : 133 | val done |
2021-12-27 23:44:07.110 | INFO     | __main__:<module>:106 - | epoch : 134 | training done |
2021-12-27 23:44:29.648 | INFO     | __main__:<module>:135 - | epoch : 134 | val done |
2021-12-27 23:47:29.840 | INFO     | __main__:<module>:106 - | epoch : 135 | training done |
2021-12-27 23:47:56.306 | INFO     | __main__:<module>:135 - | epoch : 135 | val done |
2021-12-27 23:50:56.860 | INFO     | __main__:<module>:106 - | epoch : 136 | training done |
2021-12-27 23:51:18.552 | INFO     | __main__:<module>:135 - | epoch : 136 | val done |
2021-12-27 23:54:19.402 | INFO     | __main__:<module>:106 - | epoch : 137 | training done |
2021-12-27 23:54:40.763 | INFO     | __main__:<module>:135 - | epoch : 137 | val done |
2021-12-27 23:57:42.193 | INFO     | __main__:<module>:106 - | epoch : 138 | training done |
2021-12-27 23:58:05.994 | INFO     | __main__:<module>:135 - | epoch : 138 | val done |
2021-12-28 00:01:06.579 | INFO     | __main__:<module>:106 - | epoch : 139 | training done |
2021-12-28 00:01:28.651 | INFO     | __main__:<module>:135 - | epoch : 139 | val done |
2021-12-28 00:04:29.878 | INFO     | __main__:<module>:106 - | epoch : 140 | training done |
2021-12-28 00:04:52.280 | INFO     | __main__:<module>:135 - | epoch : 140 | val done |
2021-12-28 00:07:52.381 | INFO     | __main__:<module>:106 - | epoch : 141 | training done |
2021-12-28 00:08:13.857 | INFO     | __main__:<module>:135 - | epoch : 141 | val done |
2021-12-28 00:11:14.174 | INFO     | __main__:<module>:106 - | epoch : 142 | training done |
2021-12-28 00:11:37.975 | INFO     | __main__:<module>:135 - | epoch : 142 | val done |
2021-12-28 00:14:38.898 | INFO     | __main__:<module>:106 - | epoch : 143 | training done |
2021-12-28 00:15:00.057 | INFO     | __main__:<module>:135 - | epoch : 143 | val done |
2021-12-28 00:18:02.397 | INFO     | __main__:<module>:106 - | epoch : 144 | training done |
2021-12-28 00:18:26.102 | INFO     | __main__:<module>:135 - | epoch : 144 | val done |
2021-12-28 00:21:27.203 | INFO     | __main__:<module>:106 - | epoch : 145 | training done |
2021-12-28 00:21:50.328 | INFO     | __main__:<module>:135 - | epoch : 145 | val done |
2021-12-28 00:24:52.025 | INFO     | __main__:<module>:106 - | epoch : 146 | training done |
2021-12-28 00:25:13.701 | INFO     | __main__:<module>:135 - | epoch : 146 | val done |
2021-12-28 00:28:13.378 | INFO     | __main__:<module>:106 - | epoch : 147 | training done |
2021-12-28 00:28:36.044 | INFO     | __main__:<module>:135 - | epoch : 147 | val done |
2021-12-28 00:31:37.125 | INFO     | __main__:<module>:106 - | epoch : 148 | training done |
2021-12-28 00:31:58.775 | INFO     | __main__:<module>:135 - | epoch : 148 | val done |
2021-12-28 00:34:58.030 | INFO     | __main__:<module>:106 - | epoch : 149 | training done |
2021-12-28 00:35:19.787 | INFO     | __main__:<module>:135 - | epoch : 149 | val done |
2021-12-28 00:38:21.240 | INFO     | __main__:<module>:106 - | epoch : 150 | training done |
2021-12-28 00:38:43.814 | INFO     | __main__:<module>:135 - | epoch : 150 | val done |
2021-12-28 00:41:44.668 | INFO     | __main__:<module>:106 - | epoch : 151 | training done |
2021-12-28 00:42:07.506 | INFO     | __main__:<module>:135 - | epoch : 151 | val done |
2021-12-28 00:45:09.229 | INFO     | __main__:<module>:106 - | epoch : 152 | training done |
2021-12-28 00:45:33.282 | INFO     | __main__:<module>:135 - | epoch : 152 | val done |
2021-12-28 00:48:33.331 | INFO     | __main__:<module>:106 - | epoch : 153 | training done |
2021-12-28 00:48:58.340 | INFO     | __main__:<module>:135 - | epoch : 153 | val done |
2021-12-28 00:51:57.869 | INFO     | __main__:<module>:106 - | epoch : 154 | training done |
2021-12-28 00:52:20.276 | INFO     | __main__:<module>:135 - | epoch : 154 | val done |
2021-12-28 00:55:21.014 | INFO     | __main__:<module>:106 - | epoch : 155 | training done |
2021-12-28 00:55:42.259 | INFO     | __main__:<module>:135 - | epoch : 155 | val done |
2021-12-28 00:58:42.945 | INFO     | __main__:<module>:106 - | epoch : 156 | training done |
2021-12-28 00:59:05.632 | INFO     | __main__:<module>:135 - | epoch : 156 | val done |
2021-12-28 01:02:06.095 | INFO     | __main__:<module>:106 - | epoch : 157 | training done |
2021-12-28 01:02:30.419 | INFO     | __main__:<module>:135 - | epoch : 157 | val done |
2021-12-28 01:05:30.408 | INFO     | __main__:<module>:106 - | epoch : 158 | training done |
2021-12-28 01:05:52.503 | INFO     | __main__:<module>:135 - | epoch : 158 | val done |
2021-12-28 01:08:53.281 | INFO     | __main__:<module>:106 - | epoch : 159 | training done |
2021-12-28 01:09:16.488 | INFO     | __main__:<module>:135 - | epoch : 159 | val done |
2021-12-28 01:12:17.318 | INFO     | __main__:<module>:106 - | epoch : 160 | training done |
2021-12-28 01:12:38.742 | CRITICAL | __main__:<module>:132 - | epoch : 160 | best_val_dice_score : 0.9284724211044907 |
2021-12-28 01:15:37.782 | INFO     | __main__:<module>:106 - | epoch : 161 | training done |
2021-12-28 01:16:00.280 | INFO     | __main__:<module>:135 - | epoch : 161 | val done |
2021-12-28 01:19:00.994 | INFO     | __main__:<module>:106 - | epoch : 162 | training done |
2021-12-28 01:19:21.511 | INFO     | __main__:<module>:135 - | epoch : 162 | val done |
2021-12-28 01:22:22.306 | INFO     | __main__:<module>:106 - | epoch : 163 | training done |
2021-12-28 01:22:47.818 | INFO     | __main__:<module>:135 - | epoch : 163 | val done |
2021-12-28 01:25:47.374 | INFO     | __main__:<module>:106 - | epoch : 164 | training done |
2021-12-28 01:26:12.110 | INFO     | __main__:<module>:135 - | epoch : 164 | val done |
2021-12-28 01:29:13.183 | INFO     | __main__:<module>:106 - | epoch : 165 | training done |
2021-12-28 01:29:37.392 | INFO     | __main__:<module>:135 - | epoch : 165 | val done |
2021-12-28 01:32:38.979 | INFO     | __main__:<module>:106 - | epoch : 166 | training done |
2021-12-28 01:33:01.496 | INFO     | __main__:<module>:135 - | epoch : 166 | val done |
2021-12-28 01:36:02.212 | INFO     | __main__:<module>:106 - | epoch : 167 | training done |
2021-12-28 01:36:25.732 | INFO     | __main__:<module>:135 - | epoch : 167 | val done |
2021-12-28 01:39:27.561 | INFO     | __main__:<module>:106 - | epoch : 168 | training done |
2021-12-28 01:39:49.840 | INFO     | __main__:<module>:135 - | epoch : 168 | val done |
2021-12-28 01:42:48.998 | INFO     | __main__:<module>:106 - | epoch : 169 | training done |
2021-12-28 01:43:12.968 | INFO     | __main__:<module>:135 - | epoch : 169 | val done |
2021-12-28 01:46:13.796 | INFO     | __main__:<module>:106 - | epoch : 170 | training done |
2021-12-28 01:46:37.696 | INFO     | __main__:<module>:135 - | epoch : 170 | val done |
2021-12-28 01:49:37.244 | INFO     | __main__:<module>:106 - | epoch : 171 | training done |
2021-12-28 01:50:00.276 | INFO     | __main__:<module>:135 - | epoch : 171 | val done |
2021-12-28 01:53:00.829 | INFO     | __main__:<module>:106 - | epoch : 172 | training done |
2021-12-28 01:53:24.452 | INFO     | __main__:<module>:135 - | epoch : 172 | val done |
2021-12-28 01:56:24.683 | INFO     | __main__:<module>:106 - | epoch : 173 | training done |
2021-12-28 01:56:48.654 | INFO     | __main__:<module>:135 - | epoch : 173 | val done |
2021-12-28 01:59:48.939 | INFO     | __main__:<module>:106 - | epoch : 174 | training done |
2021-12-28 02:00:12.447 | INFO     | __main__:<module>:135 - | epoch : 174 | val done |
2021-12-28 02:03:12.682 | INFO     | __main__:<module>:106 - | epoch : 175 | training done |
2021-12-28 02:03:34.604 | INFO     | __main__:<module>:135 - | epoch : 175 | val done |
2021-12-28 02:06:34.340 | INFO     | __main__:<module>:106 - | epoch : 176 | training done |
2021-12-28 02:06:56.369 | INFO     | __main__:<module>:135 - | epoch : 176 | val done |
2021-12-28 02:09:58.083 | INFO     | __main__:<module>:106 - | epoch : 177 | training done |
2021-12-28 02:10:20.928 | INFO     | __main__:<module>:135 - | epoch : 177 | val done |
2021-12-28 02:13:21.869 | INFO     | __main__:<module>:106 - | epoch : 178 | training done |
2021-12-28 02:13:43.907 | INFO     | __main__:<module>:135 - | epoch : 178 | val done |
2021-12-28 02:16:44.581 | INFO     | __main__:<module>:106 - | epoch : 179 | training done |
2021-12-28 02:17:05.683 | INFO     | __main__:<module>:135 - | epoch : 179 | val done |
2021-12-28 02:20:07.523 | INFO     | __main__:<module>:106 - | epoch : 180 | training done |
2021-12-28 02:20:31.635 | INFO     | __main__:<module>:135 - | epoch : 180 | val done |
2021-12-28 02:23:33.356 | INFO     | __main__:<module>:106 - | epoch : 181 | training done |
2021-12-28 02:23:55.774 | INFO     | __main__:<module>:135 - | epoch : 181 | val done |
2021-12-28 02:26:55.879 | INFO     | __main__:<module>:106 - | epoch : 182 | training done |
2021-12-28 02:27:21.624 | INFO     | __main__:<module>:135 - | epoch : 182 | val done |
2021-12-28 02:30:22.000 | INFO     | __main__:<module>:106 - | epoch : 183 | training done |
2021-12-28 02:30:43.782 | INFO     | __main__:<module>:135 - | epoch : 183 | val done |
2021-12-28 02:33:44.460 | INFO     | __main__:<module>:106 - | epoch : 184 | training done |
2021-12-28 02:34:08.130 | INFO     | __main__:<module>:135 - | epoch : 184 | val done |
2021-12-28 02:37:08.104 | INFO     | __main__:<module>:106 - | epoch : 185 | training done |
2021-12-28 02:37:31.115 | INFO     | __main__:<module>:135 - | epoch : 185 | val done |
2021-12-28 02:40:31.707 | INFO     | __main__:<module>:106 - | epoch : 186 | training done |
2021-12-28 02:40:54.070 | INFO     | __main__:<module>:135 - | epoch : 186 | val done |
2021-12-28 02:43:54.612 | INFO     | __main__:<module>:106 - | epoch : 187 | training done |
2021-12-28 02:44:16.095 | INFO     | __main__:<module>:135 - | epoch : 187 | val done |
2021-12-28 02:47:17.445 | INFO     | __main__:<module>:106 - | epoch : 188 | training done |
2021-12-28 02:47:40.947 | INFO     | __main__:<module>:135 - | epoch : 188 | val done |
2021-12-28 02:50:41.294 | INFO     | __main__:<module>:106 - | epoch : 189 | training done |
2021-12-28 02:51:03.232 | INFO     | __main__:<module>:135 - | epoch : 189 | val done |
2021-12-28 02:54:03.029 | INFO     | __main__:<module>:106 - | epoch : 190 | training done |
2021-12-28 02:54:24.614 | INFO     | __main__:<module>:135 - | epoch : 190 | val done |
2021-12-28 02:57:23.687 | INFO     | __main__:<module>:106 - | epoch : 191 | training done |
2021-12-28 02:57:49.083 | INFO     | __main__:<module>:135 - | epoch : 191 | val done |
2021-12-28 03:00:48.530 | INFO     | __main__:<module>:106 - | epoch : 192 | training done |
2021-12-28 03:01:09.791 | INFO     | __main__:<module>:135 - | epoch : 192 | val done |
2021-12-28 03:04:11.198 | INFO     | __main__:<module>:106 - | epoch : 193 | training done |
2021-12-28 03:04:35.246 | INFO     | __main__:<module>:135 - | epoch : 193 | val done |
2021-12-28 03:07:36.322 | INFO     | __main__:<module>:106 - | epoch : 194 | training done |
2021-12-28 03:08:00.574 | INFO     | __main__:<module>:135 - | epoch : 194 | val done |
2021-12-28 03:11:01.288 | INFO     | __main__:<module>:106 - | epoch : 195 | training done |
2021-12-28 03:11:22.740 | INFO     | __main__:<module>:135 - | epoch : 195 | val done |
2021-12-28 03:14:23.241 | INFO     | __main__:<module>:106 - | epoch : 196 | training done |
2021-12-28 03:14:45.474 | INFO     | __main__:<module>:135 - | epoch : 196 | val done |
2021-12-28 03:17:47.089 | INFO     | __main__:<module>:106 - | epoch : 197 | training done |
2021-12-28 03:18:12.221 | INFO     | __main__:<module>:135 - | epoch : 197 | val done |
2021-12-28 03:21:12.674 | INFO     | __main__:<module>:106 - | epoch : 198 | training done |
2021-12-28 03:21:37.115 | INFO     | __main__:<module>:135 - | epoch : 198 | val done |
2021-12-28 03:24:38.023 | INFO     | __main__:<module>:106 - | epoch : 199 | training done |
2021-12-28 03:25:00.756 | INFO     | __main__:<module>:135 - | epoch : 199 | val done |
2021-12-28 03:27:59.864 | INFO     | __main__:<module>:106 - | epoch : 200 | training done |
2021-12-28 03:28:21.438 | INFO     | __main__:<module>:135 - | epoch : 200 | val done |
2021-12-28 03:31:22.557 | INFO     | __main__:<module>:106 - | epoch : 201 | training done |
2021-12-28 03:31:43.797 | INFO     | __main__:<module>:135 - | epoch : 201 | val done |
2021-12-28 03:34:43.440 | INFO     | __main__:<module>:106 - | epoch : 202 | training done |
2021-12-28 03:35:05.713 | INFO     | __main__:<module>:135 - | epoch : 202 | val done |
2021-12-28 03:38:05.869 | INFO     | __main__:<module>:106 - | epoch : 203 | training done |
2021-12-28 03:38:30.142 | INFO     | __main__:<module>:135 - | epoch : 203 | val done |
2021-12-28 03:41:30.383 | INFO     | __main__:<module>:106 - | epoch : 204 | training done |
2021-12-28 03:41:52.502 | INFO     | __main__:<module>:135 - | epoch : 204 | val done |
2021-12-28 03:44:55.177 | INFO     | __main__:<module>:106 - | epoch : 205 | training done |
2021-12-28 03:45:18.996 | INFO     | __main__:<module>:135 - | epoch : 205 | val done |
2021-12-28 03:48:20.136 | INFO     | __main__:<module>:106 - | epoch : 206 | training done |
2021-12-28 03:48:42.040 | INFO     | __main__:<module>:135 - | epoch : 206 | val done |
2021-12-28 03:51:43.130 | INFO     | __main__:<module>:106 - | epoch : 207 | training done |
2021-12-28 03:52:04.917 | INFO     | __main__:<module>:135 - | epoch : 207 | val done |
2021-12-28 03:55:05.166 | INFO     | __main__:<module>:106 - | epoch : 208 | training done |
2021-12-28 03:55:29.579 | INFO     | __main__:<module>:135 - | epoch : 208 | val done |
2021-12-28 03:58:31.252 | INFO     | __main__:<module>:106 - | epoch : 209 | training done |
2021-12-28 03:58:53.930 | INFO     | __main__:<module>:135 - | epoch : 209 | val done |
2021-12-28 04:01:53.926 | INFO     | __main__:<module>:106 - | epoch : 210 | training done |
2021-12-28 04:02:19.150 | INFO     | __main__:<module>:135 - | epoch : 210 | val done |
2021-12-28 04:05:19.863 | INFO     | __main__:<module>:106 - | epoch : 211 | training done |
2021-12-28 04:05:44.302 | INFO     | __main__:<module>:135 - | epoch : 211 | val done |
2021-12-28 04:08:43.584 | INFO     | __main__:<module>:106 - | epoch : 212 | training done |
2021-12-28 04:09:07.345 | INFO     | __main__:<module>:135 - | epoch : 212 | val done |
2021-12-28 04:12:06.957 | INFO     | __main__:<module>:106 - | epoch : 213 | training done |
2021-12-28 04:12:29.817 | INFO     | __main__:<module>:135 - | epoch : 213 | val done |
2021-12-28 04:15:29.236 | INFO     | __main__:<module>:106 - | epoch : 214 | training done |
2021-12-28 04:15:51.691 | INFO     | __main__:<module>:135 - | epoch : 214 | val done |
2021-12-28 04:18:51.613 | INFO     | __main__:<module>:106 - | epoch : 215 | training done |
2021-12-28 04:19:13.610 | INFO     | __main__:<module>:135 - | epoch : 215 | val done |
2021-12-28 04:22:14.040 | INFO     | __main__:<module>:106 - | epoch : 216 | training done |
2021-12-28 04:22:41.165 | INFO     | __main__:<module>:135 - | epoch : 216 | val done |
2021-12-28 04:25:42.017 | INFO     | __main__:<module>:106 - | epoch : 217 | training done |
2021-12-28 04:26:04.750 | INFO     | __main__:<module>:135 - | epoch : 217 | val done |
2021-12-28 04:29:05.347 | INFO     | __main__:<module>:106 - | epoch : 218 | training done |
2021-12-28 04:29:28.779 | INFO     | __main__:<module>:135 - | epoch : 218 | val done |
2021-12-28 04:32:28.375 | INFO     | __main__:<module>:106 - | epoch : 219 | training done |
2021-12-28 04:32:52.936 | INFO     | __main__:<module>:135 - | epoch : 219 | val done |
2021-12-28 04:35:53.799 | INFO     | __main__:<module>:106 - | epoch : 220 | training done |
2021-12-28 04:36:17.104 | INFO     | __main__:<module>:135 - | epoch : 220 | val done |
2021-12-28 04:39:18.669 | INFO     | __main__:<module>:106 - | epoch : 221 | training done |
2021-12-28 04:39:40.149 | INFO     | __main__:<module>:135 - | epoch : 221 | val done |
2021-12-28 04:42:41.206 | INFO     | __main__:<module>:106 - | epoch : 222 | training done |
2021-12-28 04:43:02.959 | INFO     | __main__:<module>:135 - | epoch : 222 | val done |
2021-12-28 04:46:01.309 | INFO     | __main__:<module>:106 - | epoch : 223 | training done |
2021-12-28 04:46:24.725 | INFO     | __main__:<module>:135 - | epoch : 223 | val done |
2021-12-28 04:49:25.219 | INFO     | __main__:<module>:106 - | epoch : 224 | training done |
2021-12-28 04:49:49.167 | INFO     | __main__:<module>:135 - | epoch : 224 | val done |
2021-12-28 04:52:49.393 | INFO     | __main__:<module>:106 - | epoch : 225 | training done |
2021-12-28 04:53:11.709 | INFO     | __main__:<module>:135 - | epoch : 225 | val done |
2021-12-28 04:56:11.703 | INFO     | __main__:<module>:106 - | epoch : 226 | training done |
2021-12-28 04:56:33.431 | INFO     | __main__:<module>:135 - | epoch : 226 | val done |
2021-12-28 04:59:34.400 | INFO     | __main__:<module>:106 - | epoch : 227 | training done |
2021-12-28 04:59:56.924 | INFO     | __main__:<module>:135 - | epoch : 227 | val done |
2021-12-28 05:02:56.255 | INFO     | __main__:<module>:106 - | epoch : 228 | training done |
2021-12-28 05:03:19.069 | INFO     | __main__:<module>:135 - | epoch : 228 | val done |
2021-12-28 05:06:20.465 | INFO     | __main__:<module>:106 - | epoch : 229 | training done |
2021-12-28 05:06:42.008 | INFO     | __main__:<module>:135 - | epoch : 229 | val done |
2021-12-28 05:09:42.657 | INFO     | __main__:<module>:106 - | epoch : 230 | training done |
2021-12-28 05:10:06.695 | INFO     | __main__:<module>:135 - | epoch : 230 | val done |
2021-12-28 05:13:07.707 | INFO     | __main__:<module>:106 - | epoch : 231 | training done |
2021-12-28 05:13:33.928 | INFO     | __main__:<module>:135 - | epoch : 231 | val done |
2021-12-28 05:16:34.158 | INFO     | __main__:<module>:106 - | epoch : 232 | training done |
2021-12-28 05:16:55.291 | INFO     | __main__:<module>:135 - | epoch : 232 | val done |
2021-12-28 05:19:53.947 | INFO     | __main__:<module>:106 - | epoch : 233 | training done |
2021-12-28 05:20:17.566 | INFO     | __main__:<module>:135 - | epoch : 233 | val done |
2021-12-28 05:23:17.345 | INFO     | __main__:<module>:106 - | epoch : 234 | training done |
2021-12-28 05:23:42.277 | INFO     | __main__:<module>:135 - | epoch : 234 | val done |
2021-12-28 05:26:41.606 | INFO     | __main__:<module>:106 - | epoch : 235 | training done |
2021-12-28 05:27:04.559 | INFO     | __main__:<module>:135 - | epoch : 235 | val done |
2021-12-28 05:30:03.948 | INFO     | __main__:<module>:106 - | epoch : 236 | training done |
2021-12-28 05:30:26.408 | INFO     | __main__:<module>:135 - | epoch : 236 | val done |
2021-12-28 05:33:26.029 | INFO     | __main__:<module>:106 - | epoch : 237 | training done |
2021-12-28 05:33:48.348 | INFO     | __main__:<module>:135 - | epoch : 237 | val done |
2021-12-28 05:36:47.425 | INFO     | __main__:<module>:106 - | epoch : 238 | training done |
2021-12-28 05:37:11.185 | INFO     | __main__:<module>:135 - | epoch : 238 | val done |
2021-12-28 05:40:10.746 | INFO     | __main__:<module>:106 - | epoch : 239 | training done |
2021-12-28 05:40:34.462 | INFO     | __main__:<module>:135 - | epoch : 239 | val done |
2021-12-28 05:43:34.349 | INFO     | __main__:<module>:106 - | epoch : 240 | training done |
2021-12-28 05:43:54.929 | INFO     | __main__:<module>:135 - | epoch : 240 | val done |
2021-12-28 05:46:54.249 | INFO     | __main__:<module>:106 - | epoch : 241 | training done |
2021-12-28 05:47:19.955 | INFO     | __main__:<module>:135 - | epoch : 241 | val done |
2021-12-28 05:50:20.055 | INFO     | __main__:<module>:106 - | epoch : 242 | training done |
2021-12-28 05:50:41.851 | INFO     | __main__:<module>:135 - | epoch : 242 | val done |
2021-12-28 05:53:43.450 | INFO     | __main__:<module>:106 - | epoch : 243 | training done |
2021-12-28 05:54:06.744 | INFO     | __main__:<module>:135 - | epoch : 243 | val done |
2021-12-28 05:57:07.196 | INFO     | __main__:<module>:106 - | epoch : 244 | training done |
2021-12-28 05:57:29.588 | INFO     | __main__:<module>:135 - | epoch : 244 | val done |
2021-12-28 06:00:31.073 | INFO     | __main__:<module>:106 - | epoch : 245 | training done |
2021-12-28 06:00:53.581 | INFO     | __main__:<module>:135 - | epoch : 245 | val done |
2021-12-28 06:03:55.057 | INFO     | __main__:<module>:106 - | epoch : 246 | training done |
2021-12-28 06:04:18.308 | INFO     | __main__:<module>:135 - | epoch : 246 | val done |
2021-12-28 06:07:19.732 | INFO     | __main__:<module>:106 - | epoch : 247 | training done |
2021-12-28 06:07:41.443 | INFO     | __main__:<module>:135 - | epoch : 247 | val done |
2021-12-28 06:10:41.748 | INFO     | __main__:<module>:106 - | epoch : 248 | training done |
2021-12-28 06:11:06.728 | INFO     | __main__:<module>:135 - | epoch : 248 | val done |
2021-12-28 06:14:06.970 | INFO     | __main__:<module>:106 - | epoch : 249 | training done |
2021-12-28 06:14:31.101 | INFO     | __main__:<module>:135 - | epoch : 249 | val done |
2021-12-28 06:17:31.936 | INFO     | __main__:<module>:106 - | epoch : 250 | training done |
2021-12-28 06:17:55.456 | INFO     | __main__:<module>:135 - | epoch : 250 | val done |
2021-12-28 06:20:56.559 | INFO     | __main__:<module>:106 - | epoch : 251 | training done |
2021-12-28 06:21:20.360 | INFO     | __main__:<module>:135 - | epoch : 251 | val done |
2021-12-28 06:24:20.887 | INFO     | __main__:<module>:106 - | epoch : 252 | training done |
2021-12-28 06:24:43.499 | INFO     | __main__:<module>:135 - | epoch : 252 | val done |
2021-12-28 06:27:44.225 | INFO     | __main__:<module>:106 - | epoch : 253 | training done |
2021-12-28 06:28:06.809 | INFO     | __main__:<module>:135 - | epoch : 253 | val done |
2021-12-28 06:31:05.648 | INFO     | __main__:<module>:106 - | epoch : 254 | training done |
2021-12-28 06:31:31.602 | INFO     | __main__:<module>:135 - | epoch : 254 | val done |
2021-12-28 06:34:33.291 | INFO     | __main__:<module>:106 - | epoch : 255 | training done |
2021-12-28 06:34:55.758 | INFO     | __main__:<module>:135 - | epoch : 255 | val done |
2021-12-28 06:37:56.372 | INFO     | __main__:<module>:106 - | epoch : 256 | training done |
2021-12-28 06:38:20.747 | INFO     | __main__:<module>:135 - | epoch : 256 | val done |
2021-12-28 06:41:21.313 | INFO     | __main__:<module>:106 - | epoch : 257 | training done |
2021-12-28 06:41:45.420 | INFO     | __main__:<module>:135 - | epoch : 257 | val done |
2021-12-28 06:44:47.961 | INFO     | __main__:<module>:106 - | epoch : 258 | training done |
2021-12-28 06:45:11.117 | INFO     | __main__:<module>:135 - | epoch : 258 | val done |
2021-12-28 06:48:10.897 | INFO     | __main__:<module>:106 - | epoch : 259 | training done |
2021-12-28 06:48:33.356 | INFO     | __main__:<module>:135 - | epoch : 259 | val done |
2021-12-28 06:51:33.296 | INFO     | __main__:<module>:106 - | epoch : 260 | training done |
2021-12-28 06:51:54.850 | INFO     | __main__:<module>:135 - | epoch : 260 | val done |
2021-12-28 06:54:54.008 | INFO     | __main__:<module>:106 - | epoch : 261 | training done |
2021-12-28 06:55:16.997 | INFO     | __main__:<module>:135 - | epoch : 261 | val done |
2021-12-28 06:58:16.988 | INFO     | __main__:<module>:106 - | epoch : 262 | training done |
2021-12-28 06:58:41.168 | INFO     | __main__:<module>:135 - | epoch : 262 | val done |
2021-12-28 07:01:41.842 | INFO     | __main__:<module>:106 - | epoch : 263 | training done |
2021-12-28 07:02:03.537 | INFO     | __main__:<module>:135 - | epoch : 263 | val done |
2021-12-28 07:05:02.353 | INFO     | __main__:<module>:106 - | epoch : 264 | training done |
2021-12-28 07:05:25.221 | INFO     | __main__:<module>:135 - | epoch : 264 | val done |
2021-12-28 07:08:23.345 | INFO     | __main__:<module>:106 - | epoch : 265 | training done |
2021-12-28 07:08:45.948 | INFO     | __main__:<module>:135 - | epoch : 265 | val done |
2021-12-28 07:11:46.047 | INFO     | __main__:<module>:106 - | epoch : 266 | training done |
2021-12-28 07:12:10.845 | INFO     | __main__:<module>:135 - | epoch : 266 | val done |
2021-12-28 07:15:11.517 | INFO     | __main__:<module>:106 - | epoch : 267 | training done |
2021-12-28 07:15:35.853 | INFO     | __main__:<module>:135 - | epoch : 267 | val done |
2021-12-28 07:18:34.091 | INFO     | __main__:<module>:106 - | epoch : 268 | training done |
2021-12-28 07:18:55.260 | INFO     | __main__:<module>:135 - | epoch : 268 | val done |
2021-12-28 07:21:55.493 | INFO     | __main__:<module>:106 - | epoch : 269 | training done |
2021-12-28 07:22:16.607 | INFO     | __main__:<module>:135 - | epoch : 269 | val done |
2021-12-28 07:25:18.962 | INFO     | __main__:<module>:106 - | epoch : 270 | training done |
2021-12-28 07:25:41.161 | INFO     | __main__:<module>:135 - | epoch : 270 | val done |
2021-12-28 07:28:39.834 | INFO     | __main__:<module>:106 - | epoch : 271 | training done |
2021-12-28 07:29:02.519 | INFO     | __main__:<module>:135 - | epoch : 271 | val done |
2021-12-28 07:32:03.355 | INFO     | __main__:<module>:106 - | epoch : 272 | training done |
2021-12-28 07:32:25.836 | INFO     | __main__:<module>:135 - | epoch : 272 | val done |
2021-12-28 07:35:26.859 | INFO     | __main__:<module>:106 - | epoch : 273 | training done |
2021-12-28 07:35:49.915 | INFO     | __main__:<module>:135 - | epoch : 273 | val done |
2021-12-28 07:38:50.868 | INFO     | __main__:<module>:106 - | epoch : 274 | training done |
2021-12-28 07:39:14.175 | INFO     | __main__:<module>:135 - | epoch : 274 | val done |
2021-12-28 07:42:12.763 | INFO     | __main__:<module>:106 - | epoch : 275 | training done |
2021-12-28 07:42:36.690 | INFO     | __main__:<module>:135 - | epoch : 275 | val done |
2021-12-28 07:45:37.037 | INFO     | __main__:<module>:106 - | epoch : 276 | training done |
2021-12-28 07:45:59.181 | INFO     | __main__:<module>:135 - | epoch : 276 | val done |
2021-12-28 07:48:58.482 | INFO     | __main__:<module>:106 - | epoch : 277 | training done |
2021-12-28 07:49:22.835 | INFO     | __main__:<module>:135 - | epoch : 277 | val done |
2021-12-28 07:52:22.939 | INFO     | __main__:<module>:106 - | epoch : 278 | training done |
2021-12-28 07:52:48.813 | INFO     | __main__:<module>:135 - | epoch : 278 | val done |
2021-12-28 07:55:47.477 | INFO     | __main__:<module>:106 - | epoch : 279 | training done |
2021-12-28 07:56:10.943 | INFO     | __main__:<module>:135 - | epoch : 279 | val done |
2021-12-28 07:59:10.799 | INFO     | __main__:<module>:106 - | epoch : 280 | training done |
2021-12-28 07:59:34.331 | INFO     | __main__:<module>:135 - | epoch : 280 | val done |
2021-12-28 08:02:34.428 | INFO     | __main__:<module>:106 - | epoch : 281 | training done |
2021-12-28 08:02:55.903 | INFO     | __main__:<module>:135 - | epoch : 281 | val done |
2021-12-28 08:05:55.353 | INFO     | __main__:<module>:106 - | epoch : 282 | training done |
2021-12-28 08:06:19.045 | INFO     | __main__:<module>:135 - | epoch : 282 | val done |
2021-12-28 08:09:21.453 | INFO     | __main__:<module>:106 - | epoch : 283 | training done |
2021-12-28 08:09:43.781 | INFO     | __main__:<module>:135 - | epoch : 283 | val done |
2021-12-28 08:12:44.338 | INFO     | __main__:<module>:106 - | epoch : 284 | training done |
2021-12-28 08:13:06.162 | INFO     | __main__:<module>:135 - | epoch : 284 | val done |
2021-12-28 08:16:05.223 | INFO     | __main__:<module>:106 - | epoch : 285 | training done |
2021-12-28 08:16:27.975 | INFO     | __main__:<module>:135 - | epoch : 285 | val done |
2021-12-28 08:19:28.191 | INFO     | __main__:<module>:106 - | epoch : 286 | training done |
2021-12-28 08:19:49.277 | INFO     | __main__:<module>:135 - | epoch : 286 | val done |
2021-12-28 08:22:48.361 | INFO     | __main__:<module>:106 - | epoch : 287 | training done |
2021-12-28 08:23:12.008 | INFO     | __main__:<module>:135 - | epoch : 287 | val done |
2021-12-28 08:26:11.917 | INFO     | __main__:<module>:106 - | epoch : 288 | training done |
2021-12-28 08:26:36.214 | INFO     | __main__:<module>:135 - | epoch : 288 | val done |
2021-12-28 08:29:36.231 | INFO     | __main__:<module>:106 - | epoch : 289 | training done |
2021-12-28 08:29:59.660 | INFO     | __main__:<module>:135 - | epoch : 289 | val done |
2021-12-28 08:33:00.729 | INFO     | __main__:<module>:106 - | epoch : 290 | training done |
2021-12-28 08:33:22.237 | INFO     | __main__:<module>:135 - | epoch : 290 | val done |
2021-12-28 08:36:22.609 | INFO     | __main__:<module>:106 - | epoch : 291 | training done |
2021-12-28 08:36:46.628 | INFO     | __main__:<module>:135 - | epoch : 291 | val done |
2021-12-28 08:39:44.624 | INFO     | __main__:<module>:106 - | epoch : 292 | training done |
2021-12-28 08:40:09.617 | INFO     | __main__:<module>:135 - | epoch : 292 | val done |
2021-12-28 08:43:07.970 | INFO     | __main__:<module>:106 - | epoch : 293 | training done |
2021-12-28 08:43:33.005 | INFO     | __main__:<module>:135 - | epoch : 293 | val done |
2021-12-28 08:46:32.418 | INFO     | __main__:<module>:106 - | epoch : 294 | training done |
2021-12-28 08:46:56.412 | INFO     | __main__:<module>:135 - | epoch : 294 | val done |
2021-12-28 08:49:57.352 | INFO     | __main__:<module>:106 - | epoch : 295 | training done |
2021-12-28 08:50:18.493 | INFO     | __main__:<module>:135 - | epoch : 295 | val done |
2021-12-28 08:53:17.258 | INFO     | __main__:<module>:106 - | epoch : 296 | training done |
2021-12-28 08:53:40.601 | INFO     | __main__:<module>:135 - | epoch : 296 | val done |
