2022-01-02 01:23:40.315 | INFO     | __main__:<module>:83 - | start training .... | current model feilong_conv2 |
2022-01-02 01:24:47.872 | INFO     | __main__:<module>:111 - | epoch : 0 | training done |
2022-01-02 01:25:01.350 | INFO     | __main__:<module>:240 - | epoch : 0 | CVC-300 : 0.8973927705367494 | CVC-ClinicDB : 0.9018805606293809 | CVC-ColonDB : 0.8066213166554531 | ETIS-LaribPolypDB : 0.775630055361257 | Kvasir : 0.9024746594006385 |
2022-01-02 01:25:01.351 | CRITICAL | __main__:<module>:241 - | epoch : 0 | best_val_dice_score : 0.8567998725166959 |
2022-01-02 01:25:41.609 | INFO     | __main__:<module>:111 - | epoch : 1 | training done |
2022-01-02 01:25:54.959 | INFO     | __main__:<module>:240 - | epoch : 1 | CVC-300 : 0.9031239109065645 | CVC-ClinicDB : 0.904707977929681 | CVC-ColonDB : 0.8422293960993953 | ETIS-LaribPolypDB : 0.8463103159422488 | Kvasir : 0.9160480814656871 |
2022-01-02 01:25:54.959 | CRITICAL | __main__:<module>:241 - | epoch : 1 | best_val_dice_score : 0.8824839364687154 |
2022-01-02 01:26:35.490 | INFO     | __main__:<module>:111 - | epoch : 2 | training done |
2022-01-02 01:26:49.126 | INFO     | __main__:<module>:244 - | epoch : 2 | val done |
2022-01-02 01:27:29.738 | INFO     | __main__:<module>:111 - | epoch : 3 | training done |
2022-01-02 01:27:43.309 | INFO     | __main__:<module>:240 - | epoch : 3 | CVC-300 : 0.9168401245760528 | CVC-ClinicDB : 0.9309207283172587 | CVC-ColonDB : 0.8623012598284565 | ETIS-LaribPolypDB : 0.848735075367542 | Kvasir : 0.9282091630478464 |
2022-01-02 01:27:43.309 | CRITICAL | __main__:<module>:241 - | epoch : 3 | best_val_dice_score : 0.8974012702274313 |
2022-01-02 01:28:23.834 | INFO     | __main__:<module>:111 - | epoch : 4 | training done |
2022-01-02 01:28:37.151 | INFO     | __main__:<module>:244 - | epoch : 4 | val done |
2022-01-02 01:29:17.248 | INFO     | __main__:<module>:111 - | epoch : 5 | training done |
2022-01-02 01:29:30.688 | INFO     | __main__:<module>:244 - | epoch : 5 | val done |
2022-01-02 01:30:10.756 | INFO     | __main__:<module>:111 - | epoch : 6 | training done |
2022-01-02 01:30:24.169 | INFO     | __main__:<module>:240 - | epoch : 6 | CVC-300 : 0.9229156282916618 | CVC-ClinicDB : 0.9642825813398567 | CVC-ColonDB : 0.8886025365562524 | ETIS-LaribPolypDB : 0.872667755730707 | Kvasir : 0.9377070803492464 |
2022-01-02 01:30:24.169 | CRITICAL | __main__:<module>:241 - | epoch : 6 | best_val_dice_score : 0.9172351164535449 |
2022-01-02 01:31:04.740 | INFO     | __main__:<module>:111 - | epoch : 7 | training done |
2022-01-02 01:31:18.269 | INFO     | __main__:<module>:244 - | epoch : 7 | val done |
2022-01-02 01:31:58.385 | INFO     | __main__:<module>:111 - | epoch : 8 | training done |
2022-01-02 01:32:11.851 | INFO     | __main__:<module>:240 - | epoch : 8 | CVC-300 : 0.9327841434630919 | CVC-ClinicDB : 0.9577799997260452 | CVC-ColonDB : 0.8890033378728331 | ETIS-LaribPolypDB : 0.8948889271090743 | Kvasir : 0.9365536603122263 |
2022-01-02 01:32:11.851 | CRITICAL | __main__:<module>:241 - | epoch : 8 | best_val_dice_score : 0.9222020136966542 |
2022-01-02 01:32:52.306 | INFO     | __main__:<module>:111 - | epoch : 9 | training done |
2022-01-02 01:33:05.622 | INFO     | __main__:<module>:244 - | epoch : 9 | val done |
2022-01-02 01:33:45.795 | INFO     | __main__:<module>:111 - | epoch : 10 | training done |
2022-01-02 01:33:59.325 | INFO     | __main__:<module>:244 - | epoch : 10 | val done |
2022-01-02 01:34:39.484 | INFO     | __main__:<module>:111 - | epoch : 11 | training done |
2022-01-02 01:34:52.991 | INFO     | __main__:<module>:244 - | epoch : 11 | val done |
2022-01-02 01:35:33.087 | INFO     | __main__:<module>:111 - | epoch : 12 | training done |
2022-01-02 01:35:46.501 | INFO     | __main__:<module>:244 - | epoch : 12 | val done |
2022-01-02 01:36:26.716 | INFO     | __main__:<module>:111 - | epoch : 13 | training done |
2022-01-02 01:36:40.234 | INFO     | __main__:<module>:244 - | epoch : 13 | val done |
2022-01-02 01:37:20.433 | INFO     | __main__:<module>:111 - | epoch : 14 | training done |
2022-01-02 01:37:34.062 | INFO     | __main__:<module>:240 - | epoch : 14 | CVC-300 : 0.9450408858569403 | CVC-ClinicDB : 0.9681194347866673 | CVC-ColonDB : 0.8840181657174907 | ETIS-LaribPolypDB : 0.8851400145832613 | Kvasir : 0.9363796811982752 |
2022-01-02 01:37:34.062 | CRITICAL | __main__:<module>:241 - | epoch : 14 | best_val_dice_score : 0.9237396364285269 |
2022-01-02 01:38:14.735 | INFO     | __main__:<module>:111 - | epoch : 15 | training done |
2022-01-02 01:38:28.434 | INFO     | __main__:<module>:244 - | epoch : 15 | val done |
2022-01-02 01:39:08.613 | INFO     | __main__:<module>:111 - | epoch : 16 | training done |
2022-01-02 01:39:22.542 | INFO     | __main__:<module>:244 - | epoch : 16 | val done |
2022-01-02 01:40:02.797 | INFO     | __main__:<module>:111 - | epoch : 17 | training done |
2022-01-02 01:40:16.576 | INFO     | __main__:<module>:244 - | epoch : 17 | val done |
2022-01-02 01:40:56.773 | INFO     | __main__:<module>:111 - | epoch : 18 | training done |
2022-01-02 01:41:10.652 | INFO     | __main__:<module>:244 - | epoch : 18 | val done |
2022-01-02 01:41:50.885 | INFO     | __main__:<module>:111 - | epoch : 19 | training done |
2022-01-02 01:42:04.859 | INFO     | __main__:<module>:244 - | epoch : 19 | val done |
2022-01-02 01:42:45.086 | INFO     | __main__:<module>:111 - | epoch : 20 | training done |
2022-01-02 01:42:59.041 | INFO     | __main__:<module>:244 - | epoch : 20 | val done |
2022-01-02 01:43:39.193 | INFO     | __main__:<module>:111 - | epoch : 21 | training done |
2022-01-02 01:43:52.985 | INFO     | __main__:<module>:244 - | epoch : 21 | val done |
2022-01-02 01:44:33.245 | INFO     | __main__:<module>:111 - | epoch : 22 | training done |
2022-01-02 01:44:47.152 | INFO     | __main__:<module>:244 - | epoch : 22 | val done |
2022-01-02 01:45:27.307 | INFO     | __main__:<module>:111 - | epoch : 23 | training done |
2022-01-02 01:45:41.218 | INFO     | __main__:<module>:244 - | epoch : 23 | val done |
2022-01-02 01:46:21.336 | INFO     | __main__:<module>:111 - | epoch : 24 | training done |
2022-01-02 01:46:35.161 | INFO     | __main__:<module>:244 - | epoch : 24 | val done |
2022-01-02 01:47:15.440 | INFO     | __main__:<module>:111 - | epoch : 25 | training done |
2022-01-02 01:47:29.371 | INFO     | __main__:<module>:244 - | epoch : 25 | val done |
2022-01-02 01:48:09.586 | INFO     | __main__:<module>:111 - | epoch : 26 | training done |
2022-01-02 01:48:23.640 | INFO     | __main__:<module>:244 - | epoch : 26 | val done |
2022-01-02 01:49:03.942 | INFO     | __main__:<module>:111 - | epoch : 27 | training done |
2022-01-02 01:49:17.761 | INFO     | __main__:<module>:244 - | epoch : 27 | val done |
2022-01-02 01:49:58.007 | INFO     | __main__:<module>:111 - | epoch : 28 | training done |
2022-01-02 01:50:11.965 | INFO     | __main__:<module>:244 - | epoch : 28 | val done |
2022-01-02 01:50:52.175 | INFO     | __main__:<module>:111 - | epoch : 29 | training done |
2022-01-02 01:51:05.879 | INFO     | __main__:<module>:244 - | epoch : 29 | val done |
2022-01-02 01:51:46.054 | INFO     | __main__:<module>:111 - | epoch : 30 | training done |
2022-01-02 01:51:59.952 | INFO     | __main__:<module>:244 - | epoch : 30 | val done |
2022-01-02 01:52:40.205 | INFO     | __main__:<module>:111 - | epoch : 31 | training done |
2022-01-02 01:52:54.253 | INFO     | __main__:<module>:244 - | epoch : 31 | val done |
2022-01-02 01:53:34.547 | INFO     | __main__:<module>:111 - | epoch : 32 | training done |
2022-01-02 01:53:48.462 | INFO     | __main__:<module>:240 - | epoch : 32 | CVC-300 : 0.9337472495685925 | CVC-ClinicDB : 0.9712163815477861 | CVC-ColonDB : 0.8878347805352996 | ETIS-LaribPolypDB : 0.8947116316619323 | Kvasir : 0.9459253245377766 |
2022-01-02 01:53:48.463 | CRITICAL | __main__:<module>:241 - | epoch : 32 | best_val_dice_score : 0.9266870735702775 |
2022-01-02 01:54:29.161 | INFO     | __main__:<module>:111 - | epoch : 33 | training done |
2022-01-02 01:54:42.646 | INFO     | __main__:<module>:244 - | epoch : 33 | val done |
2022-01-02 01:55:22.716 | INFO     | __main__:<module>:111 - | epoch : 34 | training done |
2022-01-02 01:55:36.082 | INFO     | __main__:<module>:244 - | epoch : 34 | val done |
2022-01-02 01:56:16.327 | INFO     | __main__:<module>:111 - | epoch : 35 | training done |
2022-01-02 01:56:30.751 | INFO     | __main__:<module>:244 - | epoch : 35 | val done |
2022-01-02 01:57:10.890 | INFO     | __main__:<module>:111 - | epoch : 36 | training done |
2022-01-02 01:57:24.385 | INFO     | __main__:<module>:244 - | epoch : 36 | val done |
2022-01-02 01:58:04.565 | INFO     | __main__:<module>:111 - | epoch : 37 | training done |
2022-01-02 01:58:18.044 | INFO     | __main__:<module>:244 - | epoch : 37 | val done |
2022-01-02 01:58:58.186 | INFO     | __main__:<module>:111 - | epoch : 38 | training done |
2022-01-02 01:59:11.752 | INFO     | __main__:<module>:244 - | epoch : 38 | val done |
2022-01-02 01:59:51.889 | INFO     | __main__:<module>:111 - | epoch : 39 | training done |
2022-01-02 02:00:05.383 | INFO     | __main__:<module>:244 - | epoch : 39 | val done |
2022-01-02 02:00:45.522 | INFO     | __main__:<module>:111 - | epoch : 40 | training done |
2022-01-02 02:00:59.102 | INFO     | __main__:<module>:244 - | epoch : 40 | val done |
2022-01-02 02:01:39.260 | INFO     | __main__:<module>:111 - | epoch : 41 | training done |
2022-01-02 02:01:52.579 | INFO     | __main__:<module>:244 - | epoch : 41 | val done |
2022-01-02 02:02:44.233 | INFO     | __main__:<module>:111 - | epoch : 42 | training done |
2022-01-02 02:03:01.381 | INFO     | __main__:<module>:244 - | epoch : 42 | val done |
2022-01-02 02:04:08.234 | INFO     | __main__:<module>:111 - | epoch : 43 | training done |
2022-01-02 02:04:25.458 | INFO     | __main__:<module>:240 - | epoch : 43 | CVC-300 : 0.9323563595631286 | CVC-ClinicDB : 0.9621044514301333 | CVC-ColonDB : 0.8840012273760817 | ETIS-LaribPolypDB : 0.9124754031575025 | Kvasir : 0.9456076782272261 |
2022-01-02 02:04:25.458 | CRITICAL | __main__:<module>:241 - | epoch : 43 | best_val_dice_score : 0.9273090239508145 |
2022-01-02 02:05:33.368 | INFO     | __main__:<module>:111 - | epoch : 44 | training done |
2022-01-02 02:05:50.577 | INFO     | __main__:<module>:244 - | epoch : 44 | val done |
2022-01-02 02:07:02.537 | INFO     | __main__:<module>:111 - | epoch : 45 | training done |
2022-01-02 02:07:18.354 | INFO     | __main__:<module>:244 - | epoch : 45 | val done |
2022-01-02 02:08:34.177 | INFO     | __main__:<module>:111 - | epoch : 46 | training done |
2022-01-02 02:08:49.576 | INFO     | __main__:<module>:244 - | epoch : 46 | val done |
2022-01-02 02:10:07.826 | INFO     | __main__:<module>:111 - | epoch : 47 | training done |
2022-01-02 02:10:23.429 | INFO     | __main__:<module>:244 - | epoch : 47 | val done |
2022-01-02 02:11:38.742 | INFO     | __main__:<module>:111 - | epoch : 48 | training done |
2022-01-02 02:11:54.970 | INFO     | __main__:<module>:244 - | epoch : 48 | val done |
2022-01-02 02:13:05.549 | INFO     | __main__:<module>:111 - | epoch : 49 | training done |
2022-01-02 02:13:22.583 | INFO     | __main__:<module>:244 - | epoch : 49 | val done |
2022-01-02 02:14:29.865 | INFO     | __main__:<module>:111 - | epoch : 50 | training done |
2022-01-02 02:14:47.027 | INFO     | __main__:<module>:244 - | epoch : 50 | val done |
2022-01-02 02:15:53.867 | INFO     | __main__:<module>:111 - | epoch : 51 | training done |
2022-01-02 02:16:11.001 | INFO     | __main__:<module>:240 - | epoch : 51 | CVC-300 : 0.9317752939472889 | CVC-ClinicDB : 0.9674206433848178 | CVC-ColonDB : 0.8870210717715095 | ETIS-LaribPolypDB : 0.9083213658843632 | Kvasir : 0.9448883039852364 |
2022-01-02 02:16:11.001 | CRITICAL | __main__:<module>:241 - | epoch : 51 | best_val_dice_score : 0.9278853357946432 |
2022-01-02 02:17:18.347 | INFO     | __main__:<module>:111 - | epoch : 52 | training done |
2022-01-02 02:17:35.230 | INFO     | __main__:<module>:244 - | epoch : 52 | val done |
2022-01-02 02:18:42.139 | INFO     | __main__:<module>:111 - | epoch : 53 | training done |
2022-01-02 02:18:59.244 | INFO     | __main__:<module>:244 - | epoch : 53 | val done |
2022-01-02 02:20:07.404 | INFO     | __main__:<module>:111 - | epoch : 54 | training done |
2022-01-02 02:20:24.625 | INFO     | __main__:<module>:244 - | epoch : 54 | val done |
2022-01-02 02:21:37.105 | INFO     | __main__:<module>:111 - | epoch : 55 | training done |
2022-01-02 02:21:52.990 | INFO     | __main__:<module>:244 - | epoch : 55 | val done |
2022-01-02 02:23:09.219 | INFO     | __main__:<module>:111 - | epoch : 56 | training done |
2022-01-02 02:23:24.149 | INFO     | __main__:<module>:244 - | epoch : 56 | val done |
2022-01-02 02:24:42.366 | INFO     | __main__:<module>:111 - | epoch : 57 | training done |
2022-01-02 02:24:57.554 | INFO     | __main__:<module>:244 - | epoch : 57 | val done |
2022-01-02 02:26:12.180 | INFO     | __main__:<module>:111 - | epoch : 58 | training done |
2022-01-02 02:26:28.375 | INFO     | __main__:<module>:244 - | epoch : 58 | val done |
2022-01-02 02:27:38.935 | INFO     | __main__:<module>:111 - | epoch : 59 | training done |
2022-01-02 02:27:55.835 | INFO     | __main__:<module>:244 - | epoch : 59 | val done |
2022-01-02 02:29:02.930 | INFO     | __main__:<module>:111 - | epoch : 60 | training done |
2022-01-02 02:29:19.817 | INFO     | __main__:<module>:244 - | epoch : 60 | val done |
2022-01-02 02:30:26.808 | INFO     | __main__:<module>:111 - | epoch : 61 | training done |
2022-01-02 02:30:43.885 | INFO     | __main__:<module>:244 - | epoch : 61 | val done |
2022-01-02 02:31:51.240 | INFO     | __main__:<module>:111 - | epoch : 62 | training done |
2022-01-02 02:32:08.385 | INFO     | __main__:<module>:244 - | epoch : 62 | val done |
2022-01-02 02:33:15.662 | INFO     | __main__:<module>:111 - | epoch : 63 | training done |
2022-01-02 02:33:32.723 | INFO     | __main__:<module>:244 - | epoch : 63 | val done |
2022-01-02 02:34:40.933 | INFO     | __main__:<module>:111 - | epoch : 64 | training done |
2022-01-02 02:34:57.804 | INFO     | __main__:<module>:244 - | epoch : 64 | val done |
2022-01-02 02:36:10.004 | INFO     | __main__:<module>:111 - | epoch : 65 | training done |
2022-01-02 02:36:25.721 | INFO     | __main__:<module>:244 - | epoch : 65 | val done |
2022-01-02 02:37:41.935 | INFO     | __main__:<module>:111 - | epoch : 66 | training done |
2022-01-02 02:37:56.728 | INFO     | __main__:<module>:244 - | epoch : 66 | val done |
2022-01-02 02:39:14.845 | INFO     | __main__:<module>:111 - | epoch : 67 | training done |
2022-01-02 02:39:29.752 | INFO     | __main__:<module>:244 - | epoch : 67 | val done |
2022-01-02 02:40:44.487 | INFO     | __main__:<module>:111 - | epoch : 68 | training done |
2022-01-02 02:41:00.583 | INFO     | __main__:<module>:244 - | epoch : 68 | val done |
2022-01-02 02:42:11.205 | INFO     | __main__:<module>:111 - | epoch : 69 | training done |
2022-01-02 02:42:28.085 | INFO     | __main__:<module>:244 - | epoch : 69 | val done |
2022-01-02 02:43:34.639 | INFO     | __main__:<module>:111 - | epoch : 70 | training done |
2022-01-02 02:43:51.538 | INFO     | __main__:<module>:244 - | epoch : 70 | val done |
2022-01-02 02:44:58.519 | INFO     | __main__:<module>:111 - | epoch : 71 | training done |
2022-01-02 02:45:15.347 | INFO     | __main__:<module>:244 - | epoch : 71 | val done |
2022-01-02 02:46:22.627 | INFO     | __main__:<module>:111 - | epoch : 72 | training done |
2022-01-02 02:46:39.622 | INFO     | __main__:<module>:244 - | epoch : 72 | val done |
2022-01-02 02:47:46.730 | INFO     | __main__:<module>:111 - | epoch : 73 | training done |
2022-01-02 02:48:03.824 | INFO     | __main__:<module>:244 - | epoch : 73 | val done |
2022-01-02 02:49:11.990 | INFO     | __main__:<module>:111 - | epoch : 74 | training done |
2022-01-02 02:49:29.136 | INFO     | __main__:<module>:244 - | epoch : 74 | val done |
2022-01-02 02:50:41.490 | INFO     | __main__:<module>:111 - | epoch : 75 | training done |
2022-01-02 02:50:57.879 | INFO     | __main__:<module>:244 - | epoch : 75 | val done |
2022-01-02 02:52:13.268 | INFO     | __main__:<module>:111 - | epoch : 76 | training done |
2022-01-02 02:52:28.500 | INFO     | __main__:<module>:244 - | epoch : 76 | val done |
2022-01-02 02:53:46.703 | INFO     | __main__:<module>:111 - | epoch : 77 | training done |
2022-01-02 02:54:02.063 | INFO     | __main__:<module>:244 - | epoch : 77 | val done |
2022-01-02 02:55:17.651 | INFO     | __main__:<module>:111 - | epoch : 78 | training done |
2022-01-02 02:55:34.047 | INFO     | __main__:<module>:244 - | epoch : 78 | val done |
2022-01-02 02:56:45.540 | INFO     | __main__:<module>:111 - | epoch : 79 | training done |
2022-01-02 02:57:02.384 | INFO     | __main__:<module>:244 - | epoch : 79 | val done |
2022-01-02 02:58:09.351 | INFO     | __main__:<module>:111 - | epoch : 80 | training done |
2022-01-02 02:58:26.197 | INFO     | __main__:<module>:244 - | epoch : 80 | val done |
2022-01-02 02:59:33.140 | INFO     | __main__:<module>:111 - | epoch : 81 | training done |
2022-01-02 02:59:50.035 | INFO     | __main__:<module>:244 - | epoch : 81 | val done |
2022-01-02 03:00:57.327 | INFO     | __main__:<module>:111 - | epoch : 82 | training done |
2022-01-02 03:01:14.443 | INFO     | __main__:<module>:244 - | epoch : 82 | val done |
2022-01-02 03:02:21.880 | INFO     | __main__:<module>:111 - | epoch : 83 | training done |
2022-01-02 03:02:38.782 | INFO     | __main__:<module>:244 - | epoch : 83 | val done |
2022-01-02 03:03:45.958 | INFO     | __main__:<module>:111 - | epoch : 84 | training done |
2022-01-02 03:04:02.925 | INFO     | __main__:<module>:244 - | epoch : 84 | val done |
2022-01-02 03:05:14.238 | INFO     | __main__:<module>:111 - | epoch : 85 | training done |
2022-01-02 03:05:30.834 | INFO     | __main__:<module>:244 - | epoch : 85 | val done |
2022-01-02 03:06:45.553 | INFO     | __main__:<module>:111 - | epoch : 86 | training done |
2022-01-02 03:07:01.039 | INFO     | __main__:<module>:244 - | epoch : 86 | val done |
2022-01-02 03:08:19.107 | INFO     | __main__:<module>:111 - | epoch : 87 | training done |
2022-01-02 03:08:34.272 | INFO     | __main__:<module>:244 - | epoch : 87 | val done |
2022-01-02 03:09:50.909 | INFO     | __main__:<module>:111 - | epoch : 88 | training done |
2022-01-02 03:10:07.023 | INFO     | __main__:<module>:244 - | epoch : 88 | val done |
2022-01-02 03:11:19.231 | INFO     | __main__:<module>:111 - | epoch : 89 | training done |
2022-01-02 03:11:36.171 | INFO     | __main__:<module>:244 - | epoch : 89 | val done |
2022-01-02 03:12:45.286 | INFO     | __main__:<module>:111 - | epoch : 90 | training done |
2022-01-02 03:13:02.228 | INFO     | __main__:<module>:244 - | epoch : 90 | val done |
2022-01-02 03:14:09.327 | INFO     | __main__:<module>:111 - | epoch : 91 | training done |
2022-01-02 03:14:26.179 | INFO     | __main__:<module>:244 - | epoch : 91 | val done |
2022-01-02 03:15:33.331 | INFO     | __main__:<module>:111 - | epoch : 92 | training done |
2022-01-02 03:15:50.276 | INFO     | __main__:<module>:244 - | epoch : 92 | val done |
2022-01-02 03:16:57.162 | INFO     | __main__:<module>:111 - | epoch : 93 | training done |
2022-01-02 03:17:14.021 | INFO     | __main__:<module>:244 - | epoch : 93 | val done |
2022-01-02 03:18:20.756 | INFO     | __main__:<module>:111 - | epoch : 94 | training done |
2022-01-02 03:18:37.675 | INFO     | __main__:<module>:244 - | epoch : 94 | val done |
2022-01-02 03:19:47.627 | INFO     | __main__:<module>:111 - | epoch : 95 | training done |
2022-01-02 03:20:04.347 | INFO     | __main__:<module>:244 - | epoch : 95 | val done |
2022-01-02 03:21:18.077 | INFO     | __main__:<module>:111 - | epoch : 96 | training done |
2022-01-02 03:21:33.822 | INFO     | __main__:<module>:244 - | epoch : 96 | val done |
2022-01-02 03:22:51.903 | INFO     | __main__:<module>:111 - | epoch : 97 | training done |
2022-01-02 03:23:07.460 | INFO     | __main__:<module>:244 - | epoch : 97 | val done |
2022-01-02 03:24:24.923 | INFO     | __main__:<module>:111 - | epoch : 98 | training done |
2022-01-02 03:24:40.561 | INFO     | __main__:<module>:244 - | epoch : 98 | val done |
2022-01-02 03:25:53.965 | INFO     | __main__:<module>:111 - | epoch : 99 | training done |
2022-01-02 03:26:10.553 | INFO     | __main__:<module>:244 - | epoch : 99 | val done |
2022-01-02 03:27:19.945 | INFO     | __main__:<module>:111 - | epoch : 100 | training done |
2022-01-02 03:27:36.862 | INFO     | __main__:<module>:244 - | epoch : 100 | val done |
2022-01-02 03:28:44.068 | INFO     | __main__:<module>:111 - | epoch : 101 | training done |
2022-01-02 03:29:01.113 | INFO     | __main__:<module>:244 - | epoch : 101 | val done |
2022-01-02 03:30:08.282 | INFO     | __main__:<module>:111 - | epoch : 102 | training done |
2022-01-02 03:30:25.189 | INFO     | __main__:<module>:244 - | epoch : 102 | val done |
2022-01-02 03:31:32.478 | INFO     | __main__:<module>:111 - | epoch : 103 | training done |
2022-01-02 03:31:49.452 | INFO     | __main__:<module>:244 - | epoch : 103 | val done |
2022-01-02 03:32:56.292 | INFO     | __main__:<module>:111 - | epoch : 104 | training done |
2022-01-02 03:33:13.247 | INFO     | __main__:<module>:244 - | epoch : 104 | val done |
2022-01-02 03:34:22.735 | INFO     | __main__:<module>:111 - | epoch : 105 | training done |
2022-01-02 03:34:39.499 | INFO     | __main__:<module>:244 - | epoch : 105 | val done |
2022-01-02 03:35:52.778 | INFO     | __main__:<module>:111 - | epoch : 106 | training done |
2022-01-02 03:36:08.653 | INFO     | __main__:<module>:244 - | epoch : 106 | val done |
2022-01-02 03:37:25.595 | INFO     | __main__:<module>:111 - | epoch : 107 | training done |
2022-01-02 03:37:40.946 | INFO     | __main__:<module>:244 - | epoch : 107 | val done |
2022-01-02 03:38:58.613 | INFO     | __main__:<module>:111 - | epoch : 108 | training done |
2022-01-02 03:39:13.971 | INFO     | __main__:<module>:244 - | epoch : 108 | val done |
2022-01-02 03:40:27.330 | INFO     | __main__:<module>:111 - | epoch : 109 | training done |
2022-01-02 03:40:43.935 | INFO     | __main__:<module>:244 - | epoch : 109 | val done |
2022-01-02 03:41:53.503 | INFO     | __main__:<module>:111 - | epoch : 110 | training done |
2022-01-02 03:42:10.377 | INFO     | __main__:<module>:244 - | epoch : 110 | val done |
2022-01-02 03:43:17.511 | INFO     | __main__:<module>:111 - | epoch : 111 | training done |
2022-01-02 03:43:34.310 | INFO     | __main__:<module>:244 - | epoch : 111 | val done |
2022-01-02 03:44:41.059 | INFO     | __main__:<module>:111 - | epoch : 112 | training done |
2022-01-02 03:44:58.133 | INFO     | __main__:<module>:244 - | epoch : 112 | val done |
2022-01-02 03:46:05.046 | INFO     | __main__:<module>:111 - | epoch : 113 | training done |
2022-01-02 03:46:21.974 | INFO     | __main__:<module>:244 - | epoch : 113 | val done |
2022-01-02 03:47:28.974 | INFO     | __main__:<module>:111 - | epoch : 114 | training done |
2022-01-02 03:47:46.145 | INFO     | __main__:<module>:244 - | epoch : 114 | val done |
2022-01-02 03:48:55.882 | INFO     | __main__:<module>:111 - | epoch : 115 | training done |
2022-01-02 03:49:12.580 | INFO     | __main__:<module>:244 - | epoch : 115 | val done |
2022-01-02 03:50:26.102 | INFO     | __main__:<module>:111 - | epoch : 116 | training done |
2022-01-02 03:50:42.124 | INFO     | __main__:<module>:244 - | epoch : 116 | val done |
2022-01-02 03:51:59.787 | INFO     | __main__:<module>:111 - | epoch : 117 | training done |
2022-01-02 03:52:15.303 | INFO     | __main__:<module>:244 - | epoch : 117 | val done |
2022-01-02 03:53:33.185 | INFO     | __main__:<module>:111 - | epoch : 118 | training done |
2022-01-02 03:53:48.860 | INFO     | __main__:<module>:244 - | epoch : 118 | val done |
2022-01-02 03:55:02.531 | INFO     | __main__:<module>:111 - | epoch : 119 | training done |
2022-01-02 03:55:18.819 | INFO     | __main__:<module>:244 - | epoch : 119 | val done |
2022-01-02 03:56:28.680 | INFO     | __main__:<module>:111 - | epoch : 120 | training done |
2022-01-02 03:56:45.722 | INFO     | __main__:<module>:244 - | epoch : 120 | val done |
2022-01-02 03:57:52.494 | INFO     | __main__:<module>:111 - | epoch : 121 | training done |
2022-01-02 03:58:09.548 | INFO     | __main__:<module>:244 - | epoch : 121 | val done |
2022-01-02 03:59:16.533 | INFO     | __main__:<module>:111 - | epoch : 122 | training done |
2022-01-02 03:59:33.405 | INFO     | __main__:<module>:244 - | epoch : 122 | val done |
2022-01-02 04:00:40.544 | INFO     | __main__:<module>:111 - | epoch : 123 | training done |
2022-01-02 04:00:57.594 | INFO     | __main__:<module>:244 - | epoch : 123 | val done |
2022-01-02 04:02:04.881 | INFO     | __main__:<module>:111 - | epoch : 124 | training done |
2022-01-02 04:02:21.837 | INFO     | __main__:<module>:244 - | epoch : 124 | val done |
2022-01-02 04:03:30.487 | INFO     | __main__:<module>:111 - | epoch : 125 | training done |
2022-01-02 04:03:47.387 | INFO     | __main__:<module>:244 - | epoch : 125 | val done |
2022-01-02 04:05:00.248 | INFO     | __main__:<module>:111 - | epoch : 126 | training done |
2022-01-02 04:05:16.072 | INFO     | __main__:<module>:244 - | epoch : 126 | val done |
2022-01-02 04:06:32.760 | INFO     | __main__:<module>:111 - | epoch : 127 | training done |
2022-01-02 04:06:47.596 | INFO     | __main__:<module>:244 - | epoch : 127 | val done |
2022-01-02 04:08:05.646 | INFO     | __main__:<module>:111 - | epoch : 128 | training done |
2022-01-02 04:08:20.748 | INFO     | __main__:<module>:244 - | epoch : 128 | val done |
2022-01-02 04:09:35.529 | INFO     | __main__:<module>:111 - | epoch : 129 | training done |
2022-01-02 04:09:51.611 | INFO     | __main__:<module>:244 - | epoch : 129 | val done |
2022-01-02 04:11:02.287 | INFO     | __main__:<module>:111 - | epoch : 130 | training done |
2022-01-02 04:11:19.332 | INFO     | __main__:<module>:244 - | epoch : 130 | val done |
2022-01-02 04:12:26.409 | INFO     | __main__:<module>:111 - | epoch : 131 | training done |
2022-01-02 04:12:43.298 | INFO     | __main__:<module>:244 - | epoch : 131 | val done |
2022-01-02 04:13:50.269 | INFO     | __main__:<module>:111 - | epoch : 132 | training done |
2022-01-02 04:14:07.157 | INFO     | __main__:<module>:244 - | epoch : 132 | val done |
2022-01-02 04:15:14.477 | INFO     | __main__:<module>:111 - | epoch : 133 | training done |
2022-01-02 04:15:31.409 | INFO     | __main__:<module>:244 - | epoch : 133 | val done |
2022-01-02 04:16:38.192 | INFO     | __main__:<module>:111 - | epoch : 134 | training done |
2022-01-02 04:16:55.440 | INFO     | __main__:<module>:244 - | epoch : 134 | val done |
2022-01-02 04:18:03.809 | INFO     | __main__:<module>:111 - | epoch : 135 | training done |
2022-01-02 04:18:20.783 | INFO     | __main__:<module>:244 - | epoch : 135 | val done |
2022-01-02 04:19:33.482 | INFO     | __main__:<module>:111 - | epoch : 136 | training done |
2022-01-02 04:19:49.506 | INFO     | __main__:<module>:244 - | epoch : 136 | val done |
2022-01-02 04:21:05.832 | INFO     | __main__:<module>:111 - | epoch : 137 | training done |
2022-01-02 04:21:20.481 | INFO     | __main__:<module>:244 - | epoch : 137 | val done |
2022-01-02 04:22:38.741 | INFO     | __main__:<module>:111 - | epoch : 138 | training done |
2022-01-02 04:22:53.703 | INFO     | __main__:<module>:244 - | epoch : 138 | val done |
2022-01-02 04:24:08.409 | INFO     | __main__:<module>:111 - | epoch : 139 | training done |
2022-01-02 04:24:24.694 | INFO     | __main__:<module>:244 - | epoch : 139 | val done |
2022-01-02 04:25:35.631 | INFO     | __main__:<module>:111 - | epoch : 140 | training done |
2022-01-02 04:25:52.503 | INFO     | __main__:<module>:244 - | epoch : 140 | val done |
2022-01-02 04:26:59.738 | INFO     | __main__:<module>:111 - | epoch : 141 | training done |
2022-01-02 04:27:16.482 | INFO     | __main__:<module>:244 - | epoch : 141 | val done |
2022-01-02 04:28:23.648 | INFO     | __main__:<module>:111 - | epoch : 142 | training done |
2022-01-02 04:28:40.526 | INFO     | __main__:<module>:244 - | epoch : 142 | val done |
2022-01-02 04:29:47.572 | INFO     | __main__:<module>:111 - | epoch : 143 | training done |
2022-01-02 04:30:04.588 | INFO     | __main__:<module>:244 - | epoch : 143 | val done |
2022-01-02 04:31:11.574 | INFO     | __main__:<module>:111 - | epoch : 144 | training done |
2022-01-02 04:31:28.602 | INFO     | __main__:<module>:244 - | epoch : 144 | val done |
2022-01-02 04:32:36.753 | INFO     | __main__:<module>:111 - | epoch : 145 | training done |
2022-01-02 04:32:53.553 | INFO     | __main__:<module>:244 - | epoch : 145 | val done |
2022-01-02 04:34:06.014 | INFO     | __main__:<module>:111 - | epoch : 146 | training done |
2022-01-02 04:34:21.957 | INFO     | __main__:<module>:244 - | epoch : 146 | val done |
2022-01-02 04:35:37.904 | INFO     | __main__:<module>:111 - | epoch : 147 | training done |
2022-01-02 04:35:53.625 | INFO     | __main__:<module>:244 - | epoch : 147 | val done |
2022-01-02 04:37:11.533 | INFO     | __main__:<module>:111 - | epoch : 148 | training done |
2022-01-02 04:37:27.156 | INFO     | __main__:<module>:244 - | epoch : 148 | val done |
2022-01-02 04:38:42.158 | INFO     | __main__:<module>:111 - | epoch : 149 | training done |
2022-01-02 04:38:58.541 | INFO     | __main__:<module>:244 - | epoch : 149 | val done |
2022-01-02 04:40:09.698 | INFO     | __main__:<module>:111 - | epoch : 150 | training done |
2022-01-02 04:40:26.768 | INFO     | __main__:<module>:244 - | epoch : 150 | val done |
2022-01-02 04:41:33.509 | INFO     | __main__:<module>:111 - | epoch : 151 | training done |
2022-01-02 04:41:50.397 | INFO     | __main__:<module>:244 - | epoch : 151 | val done |
2022-01-02 04:42:57.378 | INFO     | __main__:<module>:111 - | epoch : 152 | training done |
2022-01-02 04:43:14.461 | INFO     | __main__:<module>:244 - | epoch : 152 | val done |
2022-01-02 04:44:21.392 | INFO     | __main__:<module>:111 - | epoch : 153 | training done |
2022-01-02 04:44:38.219 | INFO     | __main__:<module>:244 - | epoch : 153 | val done |
2022-01-02 04:45:45.403 | INFO     | __main__:<module>:111 - | epoch : 154 | training done |
2022-01-02 04:46:02.256 | INFO     | __main__:<module>:244 - | epoch : 154 | val done |
2022-01-02 04:47:10.090 | INFO     | __main__:<module>:111 - | epoch : 155 | training done |
2022-01-02 04:47:26.973 | INFO     | __main__:<module>:244 - | epoch : 155 | val done |
2022-01-02 04:48:39.093 | INFO     | __main__:<module>:111 - | epoch : 156 | training done |
2022-01-02 04:48:55.407 | INFO     | __main__:<module>:244 - | epoch : 156 | val done |
2022-01-02 04:50:11.191 | INFO     | __main__:<module>:111 - | epoch : 157 | training done |
2022-01-02 04:50:26.601 | INFO     | __main__:<module>:244 - | epoch : 157 | val done |
2022-01-02 04:51:44.705 | INFO     | __main__:<module>:111 - | epoch : 158 | training done |
2022-01-02 04:52:00.094 | INFO     | __main__:<module>:244 - | epoch : 158 | val done |
2022-01-02 04:53:15.719 | INFO     | __main__:<module>:111 - | epoch : 159 | training done |
2022-01-02 04:53:31.970 | INFO     | __main__:<module>:244 - | epoch : 159 | val done |
2022-01-02 04:54:43.325 | INFO     | __main__:<module>:111 - | epoch : 160 | training done |
2022-01-02 04:55:00.403 | INFO     | __main__:<module>:244 - | epoch : 160 | val done |
2022-01-02 04:56:07.938 | INFO     | __main__:<module>:111 - | epoch : 161 | training done |
2022-01-02 04:56:25.118 | INFO     | __main__:<module>:244 - | epoch : 161 | val done |
2022-01-02 04:57:32.554 | INFO     | __main__:<module>:111 - | epoch : 162 | training done |
2022-01-02 04:57:49.432 | INFO     | __main__:<module>:244 - | epoch : 162 | val done |
2022-01-02 04:58:56.473 | INFO     | __main__:<module>:111 - | epoch : 163 | training done |
2022-01-02 04:59:13.483 | INFO     | __main__:<module>:244 - | epoch : 163 | val done |
2022-01-02 05:00:20.461 | INFO     | __main__:<module>:111 - | epoch : 164 | training done |
2022-01-02 05:00:37.450 | INFO     | __main__:<module>:244 - | epoch : 164 | val done |
2022-01-02 05:01:44.477 | INFO     | __main__:<module>:111 - | epoch : 165 | training done |
2022-01-02 05:02:01.342 | INFO     | __main__:<module>:244 - | epoch : 165 | val done |
2022-01-02 05:03:12.398 | INFO     | __main__:<module>:111 - | epoch : 166 | training done |
2022-01-02 05:03:28.515 | INFO     | __main__:<module>:244 - | epoch : 166 | val done |
2022-01-02 05:04:43.581 | INFO     | __main__:<module>:111 - | epoch : 167 | training done |
2022-01-02 05:04:58.702 | INFO     | __main__:<module>:244 - | epoch : 167 | val done |
2022-01-02 05:06:16.865 | INFO     | __main__:<module>:111 - | epoch : 168 | training done |
2022-01-02 05:06:31.808 | INFO     | __main__:<module>:244 - | epoch : 168 | val done |
2022-01-02 05:07:47.434 | INFO     | __main__:<module>:111 - | epoch : 169 | training done |
2022-01-02 05:08:03.833 | INFO     | __main__:<module>:244 - | epoch : 169 | val done |
2022-01-02 05:09:15.590 | INFO     | __main__:<module>:111 - | epoch : 170 | training done |
2022-01-02 05:09:32.480 | INFO     | __main__:<module>:244 - | epoch : 170 | val done |
2022-01-02 05:10:40.154 | INFO     | __main__:<module>:111 - | epoch : 171 | training done |
2022-01-02 05:10:57.102 | INFO     | __main__:<module>:244 - | epoch : 171 | val done |
2022-01-02 05:12:04.212 | INFO     | __main__:<module>:111 - | epoch : 172 | training done |
2022-01-02 05:12:21.250 | INFO     | __main__:<module>:244 - | epoch : 172 | val done |
2022-01-02 05:13:28.172 | INFO     | __main__:<module>:111 - | epoch : 173 | training done |
2022-01-02 05:13:45.278 | INFO     | __main__:<module>:244 - | epoch : 173 | val done |
2022-01-02 05:14:52.281 | INFO     | __main__:<module>:111 - | epoch : 174 | training done |
2022-01-02 05:15:09.382 | INFO     | __main__:<module>:244 - | epoch : 174 | val done |
2022-01-02 05:16:16.505 | INFO     | __main__:<module>:111 - | epoch : 175 | training done |
2022-01-02 05:16:33.375 | INFO     | __main__:<module>:244 - | epoch : 175 | val done |
2022-01-02 05:17:44.165 | INFO     | __main__:<module>:111 - | epoch : 176 | training done |
2022-01-02 05:18:00.718 | INFO     | __main__:<module>:244 - | epoch : 176 | val done |
2022-01-02 05:19:15.224 | INFO     | __main__:<module>:111 - | epoch : 177 | training done |
2022-01-02 05:19:31.070 | INFO     | __main__:<module>:244 - | epoch : 177 | val done |
2022-01-02 05:20:49.087 | INFO     | __main__:<module>:111 - | epoch : 178 | training done |
2022-01-02 05:21:04.385 | INFO     | __main__:<module>:244 - | epoch : 178 | val done |
2022-01-02 05:22:21.453 | INFO     | __main__:<module>:111 - | epoch : 179 | training done |
2022-01-02 05:22:37.058 | INFO     | __main__:<module>:244 - | epoch : 179 | val done |
2022-01-02 05:23:49.955 | INFO     | __main__:<module>:111 - | epoch : 180 | training done |
2022-01-02 05:24:06.879 | INFO     | __main__:<module>:244 - | epoch : 180 | val done |
2022-01-02 05:25:16.155 | INFO     | __main__:<module>:111 - | epoch : 181 | training done |
2022-01-02 05:25:33.139 | INFO     | __main__:<module>:244 - | epoch : 181 | val done |
2022-01-02 05:26:40.317 | INFO     | __main__:<module>:111 - | epoch : 182 | training done |
2022-01-02 05:26:57.131 | INFO     | __main__:<module>:244 - | epoch : 182 | val done |
2022-01-02 05:28:03.865 | INFO     | __main__:<module>:111 - | epoch : 183 | training done |
2022-01-02 05:28:20.893 | INFO     | __main__:<module>:244 - | epoch : 183 | val done |
2022-01-02 05:29:28.050 | INFO     | __main__:<module>:111 - | epoch : 184 | training done |
2022-01-02 05:29:45.236 | INFO     | __main__:<module>:244 - | epoch : 184 | val done |
2022-01-02 05:30:52.562 | INFO     | __main__:<module>:111 - | epoch : 185 | training done |
2022-01-02 05:31:09.600 | INFO     | __main__:<module>:244 - | epoch : 185 | val done |
2022-01-02 05:32:18.680 | INFO     | __main__:<module>:111 - | epoch : 186 | training done |
2022-01-02 05:32:35.451 | INFO     | __main__:<module>:244 - | epoch : 186 | val done |
2022-01-02 05:33:48.523 | INFO     | __main__:<module>:111 - | epoch : 187 | training done |
2022-01-02 05:34:04.437 | INFO     | __main__:<module>:244 - | epoch : 187 | val done |
2022-01-02 05:35:21.481 | INFO     | __main__:<module>:111 - | epoch : 188 | training done |
2022-01-02 05:35:36.850 | INFO     | __main__:<module>:244 - | epoch : 188 | val done |
2022-01-02 05:36:55.149 | INFO     | __main__:<module>:111 - | epoch : 189 | training done |
2022-01-02 05:37:10.593 | INFO     | __main__:<module>:244 - | epoch : 189 | val done |
2022-01-02 05:38:24.787 | INFO     | __main__:<module>:111 - | epoch : 190 | training done |
2022-01-02 05:38:41.198 | INFO     | __main__:<module>:244 - | epoch : 190 | val done |
2022-01-02 05:39:51.494 | INFO     | __main__:<module>:111 - | epoch : 191 | training done |
2022-01-02 05:40:08.426 | INFO     | __main__:<module>:244 - | epoch : 191 | val done |
2022-01-02 05:41:15.459 | INFO     | __main__:<module>:111 - | epoch : 192 | training done |
2022-01-02 05:41:32.550 | INFO     | __main__:<module>:244 - | epoch : 192 | val done |
2022-01-02 05:42:39.528 | INFO     | __main__:<module>:111 - | epoch : 193 | training done |
2022-01-02 05:42:56.308 | INFO     | __main__:<module>:244 - | epoch : 193 | val done |
2022-01-02 05:44:03.588 | INFO     | __main__:<module>:111 - | epoch : 194 | training done |
2022-01-02 05:44:20.517 | INFO     | __main__:<module>:244 - | epoch : 194 | val done |
2022-01-02 05:45:27.666 | INFO     | __main__:<module>:111 - | epoch : 195 | training done |
2022-01-02 05:45:44.611 | INFO     | __main__:<module>:244 - | epoch : 195 | val done |
2022-01-02 05:46:53.747 | INFO     | __main__:<module>:111 - | epoch : 196 | training done |
2022-01-02 05:47:10.439 | INFO     | __main__:<module>:244 - | epoch : 196 | val done |
2022-01-02 05:48:23.461 | INFO     | __main__:<module>:111 - | epoch : 197 | training done |
2022-01-02 05:48:39.313 | INFO     | __main__:<module>:244 - | epoch : 197 | val done |
2022-01-02 05:49:56.172 | INFO     | __main__:<module>:111 - | epoch : 198 | training done |
2022-01-02 05:50:11.385 | INFO     | __main__:<module>:244 - | epoch : 198 | val done |
2022-01-02 05:51:29.522 | INFO     | __main__:<module>:111 - | epoch : 199 | training done |
2022-01-02 05:51:44.532 | INFO     | __main__:<module>:244 - | epoch : 199 | val done |
2022-01-03 00:09:02.996 | INFO     | __main__:<module>:95 - | start training .... | current model srm |
2022-01-03 00:37:33.105 | INFO     | __main__:<module>:95 - | start training .... | current model srm |
2022-01-03 00:38:44.077 | INFO     | __main__:<module>:127 - | epoch : 0 | training done |
2022-01-03 00:38:59.187 | INFO     | __main__:<module>:254 - | epoch : 0 | CVC-300 : 0.5879148975755617 | CVC-ClinicDB : 0.6863427547827341 | CVC-ColonDB : 0.5665462148644536 | ETIS-LaribPolypDB : 0.6305111420932086 | Kvasir : 0.6081577821079015 |
2022-01-03 00:38:59.187 | INFO     | __main__:<module>:258 - | epoch : 0 | CVC-300 : 0.5879148975755617 | CVC-ClinicDB : 0.6863427547827341 | CVC-ColonDB : 0.5665462148644536 | ETIS-LaribPolypDB : 0.6305111420932086 | Kvasir : 0.6081577821079015 |
2022-01-03 00:38:59.187 | CRITICAL | __main__:<module>:259 - | epoch : 0 | best_val_dice_score : 0.6158945582847719 |
2022-01-03 00:39:36.695 | INFO     | __main__:<module>:95 - | start training .... | current model srm |
2022-01-03 00:40:17.341 | INFO     | __main__:<module>:127 - | epoch : 0 | training done |
2022-01-03 00:40:30.666 | INFO     | __main__:<module>:254 - | epoch : 0 | CVC-300 : 0.8833819669087708 | CVC-ClinicDB : 0.8978298490191116 | CVC-ColonDB : 0.8368935184435854 | ETIS-LaribPolypDB : 0.8528445565407293 | Kvasir : 0.8847214588981033 |
2022-01-03 00:40:30.667 | INFO     | __main__:<module>:258 - | epoch : 0 | CVC-300 : 0.8833819669087708 | CVC-ClinicDB : 0.8978298490191116 | CVC-ColonDB : 0.8368935184435854 | ETIS-LaribPolypDB : 0.8528445565407293 | Kvasir : 0.8847214588981033 |
2022-01-03 00:40:30.667 | CRITICAL | __main__:<module>:259 - | epoch : 0 | best_val_dice_score : 0.87113426996206 |
2022-01-03 00:41:12.328 | INFO     | __main__:<module>:127 - | epoch : 1 | training done |
2022-01-03 00:41:25.755 | INFO     | __main__:<module>:254 - | epoch : 1 | CVC-300 : 0.8935566950738354 | CVC-ClinicDB : 0.9147797051564814 | CVC-ColonDB : 0.8368630739521953 | ETIS-LaribPolypDB : 0.8627737062744599 | Kvasir : 0.9226074800105982 |
2022-01-03 00:41:25.755 | INFO     | __main__:<module>:258 - | epoch : 1 | CVC-300 : 0.8935566950738354 | CVC-ClinicDB : 0.9147797051564814 | CVC-ColonDB : 0.8368630739521953 | ETIS-LaribPolypDB : 0.8627737062744599 | Kvasir : 0.9226074800105982 |
2022-01-03 00:41:25.755 | CRITICAL | __main__:<module>:259 - | epoch : 1 | best_val_dice_score : 0.886116132093514 |
2022-01-03 00:42:06.788 | INFO     | __main__:<module>:127 - | epoch : 2 | training done |
2022-01-03 00:42:20.639 | INFO     | __main__:<module>:254 - | epoch : 2 | CVC-300 : 0.9003965752586338 | CVC-ClinicDB : 0.9297910407608216 | CVC-ColonDB : 0.8387645313972995 | ETIS-LaribPolypDB : 0.872461742568276 | Kvasir : 0.9306389525770824 |
2022-01-03 00:42:20.639 | INFO     | __main__:<module>:258 - | epoch : 2 | CVC-300 : 0.9003965752586338 | CVC-ClinicDB : 0.9297910407608216 | CVC-ColonDB : 0.8387645313972995 | ETIS-LaribPolypDB : 0.872461742568276 | Kvasir : 0.9306389525770824 |
2022-01-03 00:42:20.641 | CRITICAL | __main__:<module>:259 - | epoch : 2 | best_val_dice_score : 0.8944105685124226 |
2022-01-03 00:43:01.575 | INFO     | __main__:<module>:127 - | epoch : 3 | training done |
2022-01-03 00:43:15.069 | INFO     | __main__:<module>:254 - | epoch : 3 | CVC-300 : 0.9185642755721171 | CVC-ClinicDB : 0.927464124421854 | CVC-ColonDB : 0.8408423448026806 | ETIS-LaribPolypDB : 0.8326755139050335 | Kvasir : 0.9322779072179961 |
2022-01-03 00:43:15.070 | INFO     | __main__:<module>:262 - | epoch : 3 | val done |
2022-01-03 00:43:55.743 | INFO     | __main__:<module>:127 - | epoch : 4 | training done |
2022-01-03 00:44:09.063 | INFO     | __main__:<module>:254 - | epoch : 4 | CVC-300 : 0.9321853702611702 | CVC-ClinicDB : 0.9240327296758255 | CVC-ColonDB : 0.8498095726884287 | ETIS-LaribPolypDB : 0.8661841071546584 | Kvasir : 0.9413594657462812 |
2022-01-03 00:44:09.064 | INFO     | __main__:<module>:258 - | epoch : 4 | CVC-300 : 0.9321853702611702 | CVC-ClinicDB : 0.9240327296758255 | CVC-ColonDB : 0.8498095726884287 | ETIS-LaribPolypDB : 0.8661841071546584 | Kvasir : 0.9413594657462812 |
2022-01-03 00:44:09.064 | CRITICAL | __main__:<module>:259 - | epoch : 4 | best_val_dice_score : 0.9027142491052729 |
2022-01-03 00:44:50.059 | INFO     | __main__:<module>:127 - | epoch : 5 | training done |
2022-01-03 00:45:03.561 | INFO     | __main__:<module>:254 - | epoch : 5 | CVC-300 : 0.8950670038173585 | CVC-ClinicDB : 0.9528572256420811 | CVC-ColonDB : 0.850155113233602 | ETIS-LaribPolypDB : 0.8525390853566117 | Kvasir : 0.9347199151217047 |
2022-01-03 00:45:03.561 | INFO     | __main__:<module>:262 - | epoch : 5 | val done |
2022-01-03 00:45:44.790 | INFO     | __main__:<module>:127 - | epoch : 6 | training done |
2022-01-03 00:45:58.108 | INFO     | __main__:<module>:254 - | epoch : 6 | CVC-300 : 0.9044202062992754 | CVC-ClinicDB : 0.9596751082333228 | CVC-ColonDB : 0.8371221060508809 | ETIS-LaribPolypDB : 0.8462131827478068 | Kvasir : 0.9440194541985184 |
2022-01-03 00:45:58.108 | INFO     | __main__:<module>:262 - | epoch : 6 | val done |
2022-01-03 00:46:39.484 | INFO     | __main__:<module>:127 - | epoch : 7 | training done |
2022-01-03 00:46:53.170 | INFO     | __main__:<module>:254 - | epoch : 7 | CVC-300 : 0.9156205247461829 | CVC-ClinicDB : 0.9652544919350474 | CVC-ColonDB : 0.8607958335783034 | ETIS-LaribPolypDB : 0.8579673113705545 | Kvasir : 0.9502013899846643 |
2022-01-03 00:46:53.171 | INFO     | __main__:<module>:258 - | epoch : 7 | CVC-300 : 0.9156205247461829 | CVC-ClinicDB : 0.9652544919350474 | CVC-ColonDB : 0.8607958335783034 | ETIS-LaribPolypDB : 0.8579673113705545 | Kvasir : 0.9502013899846643 |
2022-01-03 00:46:53.171 | CRITICAL | __main__:<module>:259 - | epoch : 7 | best_val_dice_score : 0.9099679103229505 |
2022-01-03 00:47:34.326 | INFO     | __main__:<module>:127 - | epoch : 8 | training done |
2022-01-03 00:47:47.870 | INFO     | __main__:<module>:254 - | epoch : 8 | CVC-300 : 0.9346847057782736 | CVC-ClinicDB : 0.9565399684319993 | CVC-ColonDB : 0.8746441767913794 | ETIS-LaribPolypDB : 0.905385695643196 | Kvasir : 0.9392012039497201 |
2022-01-03 00:47:47.871 | INFO     | __main__:<module>:258 - | epoch : 8 | CVC-300 : 0.9346847057782736 | CVC-ClinicDB : 0.9565399684319993 | CVC-ColonDB : 0.8746441767913794 | ETIS-LaribPolypDB : 0.905385695643196 | Kvasir : 0.9392012039497201 |
2022-01-03 00:47:47.871 | CRITICAL | __main__:<module>:259 - | epoch : 8 | best_val_dice_score : 0.9220911501189135 |
2022-01-03 00:48:28.954 | INFO     | __main__:<module>:127 - | epoch : 9 | training done |
2022-01-03 00:48:42.354 | INFO     | __main__:<module>:254 - | epoch : 9 | CVC-300 : 0.9271397462968769 | CVC-ClinicDB : 0.9458686132355598 | CVC-ColonDB : 0.8699152230334272 | ETIS-LaribPolypDB : 0.8974744666053911 | Kvasir : 0.9410320069368451 |
2022-01-03 00:48:42.355 | INFO     | __main__:<module>:262 - | epoch : 9 | val done |
2022-01-03 00:49:23.096 | INFO     | __main__:<module>:127 - | epoch : 10 | training done |
2022-01-03 00:49:37.315 | INFO     | __main__:<module>:254 - | epoch : 10 | CVC-300 : 0.9370040160858186 | CVC-ClinicDB : 0.9627650307413411 | CVC-ColonDB : 0.8747788538415913 | ETIS-LaribPolypDB : 0.8944222919082169 | Kvasir : 0.943773158504887 |
2022-01-03 00:49:37.315 | INFO     | __main__:<module>:258 - | epoch : 10 | CVC-300 : 0.9370040160858186 | CVC-ClinicDB : 0.9627650307413411 | CVC-ColonDB : 0.8747788538415913 | ETIS-LaribPolypDB : 0.8944222919082169 | Kvasir : 0.943773158504887 |
2022-01-03 00:49:37.316 | CRITICAL | __main__:<module>:259 - | epoch : 10 | best_val_dice_score : 0.922548670216371 |
2022-01-03 00:50:18.442 | INFO     | __main__:<module>:127 - | epoch : 11 | training done |
2022-01-03 00:50:31.816 | INFO     | __main__:<module>:254 - | epoch : 11 | CVC-300 : 0.9246039042125923 | CVC-ClinicDB : 0.9572625375562467 | CVC-ColonDB : 0.8778652421949248 | ETIS-LaribPolypDB : 0.8689013753529915 | Kvasir : 0.9336952935230538 |
2022-01-03 00:50:31.816 | INFO     | __main__:<module>:262 - | epoch : 11 | val done |
2022-01-03 00:51:12.385 | INFO     | __main__:<module>:127 - | epoch : 12 | training done |
2022-01-03 00:51:25.880 | INFO     | __main__:<module>:254 - | epoch : 12 | CVC-300 : 0.9359186549700417 | CVC-ClinicDB : 0.9644526089312373 | CVC-ColonDB : 0.888099387533274 | ETIS-LaribPolypDB : 0.9081841586985593 | Kvasir : 0.943925916976271 |
2022-01-03 00:51:25.880 | INFO     | __main__:<module>:258 - | epoch : 12 | CVC-300 : 0.9359186549700417 | CVC-ClinicDB : 0.9644526089312373 | CVC-ColonDB : 0.888099387533274 | ETIS-LaribPolypDB : 0.9081841586985593 | Kvasir : 0.943925916976271 |
2022-01-03 00:51:25.880 | CRITICAL | __main__:<module>:259 - | epoch : 12 | best_val_dice_score : 0.9281161454218767 |
2022-01-03 00:52:06.960 | INFO     | __main__:<module>:127 - | epoch : 13 | training done |
2022-01-03 00:52:20.421 | INFO     | __main__:<module>:254 - | epoch : 13 | CVC-300 : 0.9349978784432125 | CVC-ClinicDB : 0.9519348237975678 | CVC-ColonDB : 0.8740201755933876 | ETIS-LaribPolypDB : 0.9131734335173826 | Kvasir : 0.9379057130226355 |
2022-01-03 00:52:20.421 | INFO     | __main__:<module>:262 - | epoch : 13 | val done |
2022-01-03 00:53:01.230 | INFO     | __main__:<module>:127 - | epoch : 14 | training done |
2022-01-03 00:53:14.711 | INFO     | __main__:<module>:254 - | epoch : 14 | CVC-300 : 0.9274223099918888 | CVC-ClinicDB : 0.9597162172866203 | CVC-ColonDB : 0.8629903272956015 | ETIS-LaribPolypDB : 0.8872757025781239 | Kvasir : 0.938899590837784 |
2022-01-03 00:53:14.711 | INFO     | __main__:<module>:262 - | epoch : 14 | val done |
2022-01-03 00:53:55.358 | INFO     | __main__:<module>:127 - | epoch : 15 | training done |
2022-01-03 00:54:08.864 | INFO     | __main__:<module>:254 - | epoch : 15 | CVC-300 : 0.9277638568772925 | CVC-ClinicDB : 0.8954452455465316 | CVC-ColonDB : 0.8228694561544886 | ETIS-LaribPolypDB : 0.8092506317748622 | Kvasir : 0.9216497240617441 |
2022-01-03 00:54:08.864 | INFO     | __main__:<module>:262 - | epoch : 15 | val done |
2022-01-03 00:54:49.527 | INFO     | __main__:<module>:127 - | epoch : 16 | training done |
2022-01-03 00:55:02.883 | INFO     | __main__:<module>:254 - | epoch : 16 | CVC-300 : 0.915362272679543 | CVC-ClinicDB : 0.9403943520893078 | CVC-ColonDB : 0.8428087536072398 | ETIS-LaribPolypDB : 0.7981565924770382 | Kvasir : 0.928369815390456 |
2022-01-03 00:55:02.883 | INFO     | __main__:<module>:262 - | epoch : 16 | val done |
2022-01-03 00:55:43.508 | INFO     | __main__:<module>:127 - | epoch : 17 | training done |
2022-01-03 00:55:56.968 | INFO     | __main__:<module>:254 - | epoch : 17 | CVC-300 : 0.9147635321179609 | CVC-ClinicDB : 0.9544227305036964 | CVC-ColonDB : 0.8303354563473394 | ETIS-LaribPolypDB : 0.8585167664186902 | Kvasir : 0.9308286584766061 |
2022-01-03 00:55:56.968 | INFO     | __main__:<module>:262 - | epoch : 17 | val done |
2022-01-03 00:56:37.642 | INFO     | __main__:<module>:127 - | epoch : 18 | training done |
2022-01-03 00:56:51.118 | INFO     | __main__:<module>:254 - | epoch : 18 | CVC-300 : 0.9248754810821072 | CVC-ClinicDB : 0.9395968886186324 | CVC-ColonDB : 0.8406116004270614 | ETIS-LaribPolypDB : 0.815198383127555 | Kvasir : 0.934174656889014 |
2022-01-03 00:56:51.119 | INFO     | __main__:<module>:262 - | epoch : 18 | val done |
2022-01-03 00:57:31.800 | INFO     | __main__:<module>:127 - | epoch : 19 | training done |
2022-01-03 00:57:45.289 | INFO     | __main__:<module>:254 - | epoch : 19 | CVC-300 : 0.925158572009374 | CVC-ClinicDB : 0.93953670467034 | CVC-ColonDB : 0.8488237983333035 | ETIS-LaribPolypDB : 0.8223007597203876 | Kvasir : 0.9420689369901958 |
2022-01-03 00:57:45.289 | INFO     | __main__:<module>:262 - | epoch : 19 | val done |
2022-01-03 00:58:26.565 | INFO     | __main__:<module>:127 - | epoch : 20 | training done |
2022-01-03 00:58:39.905 | INFO     | __main__:<module>:254 - | epoch : 20 | CVC-300 : 0.9319314767946199 | CVC-ClinicDB : 0.9546974385529182 | CVC-ColonDB : 0.8501198342693513 | ETIS-LaribPolypDB : 0.8535401550572207 | Kvasir : 0.9446717505388527 |
2022-01-03 00:58:39.905 | INFO     | __main__:<module>:262 - | epoch : 20 | val done |
2022-01-03 00:59:20.619 | INFO     | __main__:<module>:127 - | epoch : 21 | training done |
2022-01-03 00:59:33.918 | INFO     | __main__:<module>:254 - | epoch : 21 | CVC-300 : 0.8992377809608618 | CVC-ClinicDB : 0.9368849279920177 | CVC-ColonDB : 0.8084339282104112 | ETIS-LaribPolypDB : 0.7944226172026556 | Kvasir : 0.9295626510764871 |
2022-01-03 00:59:33.918 | INFO     | __main__:<module>:262 - | epoch : 21 | val done |
2022-01-03 01:00:15.217 | INFO     | __main__:<module>:127 - | epoch : 22 | training done |
2022-01-03 01:00:28.560 | INFO     | __main__:<module>:254 - | epoch : 22 | CVC-300 : 0.9084432885081772 | CVC-ClinicDB : 0.9637716807326193 | CVC-ColonDB : 0.8519162819431001 | ETIS-LaribPolypDB : 0.81919462071141 | Kvasir : 0.9409970738135561 |
2022-01-03 01:00:28.561 | INFO     | __main__:<module>:262 - | epoch : 22 | val done |
2022-01-03 01:01:09.852 | INFO     | __main__:<module>:127 - | epoch : 23 | training done |
2022-01-03 01:01:23.527 | INFO     | __main__:<module>:254 - | epoch : 23 | CVC-300 : 0.924111577336856 | CVC-ClinicDB : 0.9615924809798905 | CVC-ColonDB : 0.8601750786601258 | ETIS-LaribPolypDB : 0.847542911483631 | Kvasir : 0.9436170889533505 |
2022-01-03 01:01:23.528 | INFO     | __main__:<module>:262 - | epoch : 23 | val done |
2022-01-03 01:02:04.182 | INFO     | __main__:<module>:127 - | epoch : 24 | training done |
2022-01-03 01:02:17.848 | INFO     | __main__:<module>:254 - | epoch : 24 | CVC-300 : 0.9362147608908691 | CVC-ClinicDB : 0.9640999416824694 | CVC-ColonDB : 0.8626977186473254 | ETIS-LaribPolypDB : 0.8735337444039084 | Kvasir : 0.9452812918260836 |
2022-01-03 01:02:17.848 | INFO     | __main__:<module>:262 - | epoch : 24 | val done |
2022-01-03 01:02:59.089 | INFO     | __main__:<module>:127 - | epoch : 25 | training done |
2022-01-03 01:03:13.065 | INFO     | __main__:<module>:254 - | epoch : 25 | CVC-300 : 0.9373771812676157 | CVC-ClinicDB : 0.9583122736251246 | CVC-ColonDB : 0.8663735766402808 | ETIS-LaribPolypDB : 0.8327519705073314 | Kvasir : 0.9510264484077617 |
2022-01-03 01:03:13.065 | INFO     | __main__:<module>:262 - | epoch : 25 | val done |
2022-01-03 01:03:54.579 | INFO     | __main__:<module>:127 - | epoch : 26 | training done |
2022-01-03 01:04:07.896 | INFO     | __main__:<module>:254 - | epoch : 26 | CVC-300 : 0.9377656861582315 | CVC-ClinicDB : 0.9665151657343991 | CVC-ColonDB : 0.8651654600309856 | ETIS-LaribPolypDB : 0.8492559094632646 | Kvasir : 0.948089853079992 |
2022-01-03 01:04:07.896 | INFO     | __main__:<module>:262 - | epoch : 26 | val done |
2022-01-03 01:04:48.534 | INFO     | __main__:<module>:127 - | epoch : 27 | training done |
2022-01-03 01:05:01.823 | INFO     | __main__:<module>:254 - | epoch : 27 | CVC-300 : 0.9316443733991122 | CVC-ClinicDB : 0.960100353829618 | CVC-ColonDB : 0.8626953225246702 | ETIS-LaribPolypDB : 0.8636583944761291 | Kvasir : 0.9402130676266116 |
2022-01-03 01:05:01.823 | INFO     | __main__:<module>:262 - | epoch : 27 | val done |
2022-01-03 01:05:42.457 | INFO     | __main__:<module>:127 - | epoch : 28 | training done |
2022-01-03 01:05:55.927 | INFO     | __main__:<module>:254 - | epoch : 28 | CVC-300 : 0.926427015380026 | CVC-ClinicDB : 0.9635720732286537 | CVC-ColonDB : 0.8673774784306083 | ETIS-LaribPolypDB : 0.8582544658073933 | Kvasir : 0.9477424256081234 |
2022-01-03 01:05:55.927 | INFO     | __main__:<module>:262 - | epoch : 28 | val done |
2022-01-03 01:06:36.666 | INFO     | __main__:<module>:127 - | epoch : 29 | training done |
2022-01-03 01:06:50.056 | INFO     | __main__:<module>:254 - | epoch : 29 | CVC-300 : 0.9400942886872321 | CVC-ClinicDB : 0.965580797348874 | CVC-ColonDB : 0.8792560403260691 | ETIS-LaribPolypDB : 0.8714460563911305 | Kvasir : 0.9441139721720079 |
2022-01-03 01:06:50.056 | INFO     | __main__:<module>:262 - | epoch : 29 | val done |
2022-01-03 01:07:30.711 | INFO     | __main__:<module>:127 - | epoch : 30 | training done |
2022-01-03 01:07:44.083 | INFO     | __main__:<module>:254 - | epoch : 30 | CVC-300 : 0.9286183783942699 | CVC-ClinicDB : 0.9376752085975629 | CVC-ColonDB : 0.8423050385909522 | ETIS-LaribPolypDB : 0.8318846161196308 | Kvasir : 0.9357840450235274 |
2022-01-03 01:07:44.084 | INFO     | __main__:<module>:262 - | epoch : 30 | val done |
2022-01-03 01:08:24.691 | INFO     | __main__:<module>:127 - | epoch : 31 | training done |
2022-01-03 01:08:38.163 | INFO     | __main__:<module>:254 - | epoch : 31 | CVC-300 : 0.9253568809087103 | CVC-ClinicDB : 0.9464211267332142 | CVC-ColonDB : 0.8549478564655941 | ETIS-LaribPolypDB : 0.8349054213437032 | Kvasir : 0.9295267177242962 |
2022-01-03 01:08:38.163 | INFO     | __main__:<module>:262 - | epoch : 31 | val done |
2022-01-03 01:09:18.767 | INFO     | __main__:<module>:127 - | epoch : 32 | training done |
2022-01-03 01:09:32.227 | INFO     | __main__:<module>:254 - | epoch : 32 | CVC-300 : 0.9256496315143057 | CVC-ClinicDB : 0.9490709288709138 | CVC-ColonDB : 0.8778998050018898 | ETIS-LaribPolypDB : 0.8566811655583072 | Kvasir : 0.9411604594235363 |
2022-01-03 01:09:32.227 | INFO     | __main__:<module>:262 - | epoch : 32 | val done |
2022-01-03 01:10:12.896 | INFO     | __main__:<module>:127 - | epoch : 33 | training done |
2022-01-03 01:10:26.120 | INFO     | __main__:<module>:254 - | epoch : 33 | CVC-300 : 0.931983023480009 | CVC-ClinicDB : 0.9412761817223712 | CVC-ColonDB : 0.8698673593166282 | ETIS-LaribPolypDB : 0.8453881822062934 | Kvasir : 0.9407990618615886 |
2022-01-03 01:10:26.120 | INFO     | __main__:<module>:262 - | epoch : 33 | val done |
2022-01-03 01:11:06.818 | INFO     | __main__:<module>:127 - | epoch : 34 | training done |
2022-01-03 01:11:20.489 | INFO     | __main__:<module>:254 - | epoch : 34 | CVC-300 : 0.9345505598748058 | CVC-ClinicDB : 0.9576000062463054 | CVC-ColonDB : 0.8713779584976322 | ETIS-LaribPolypDB : 0.876494572656036 | Kvasir : 0.9331235165844767 |
2022-01-03 01:11:20.489 | INFO     | __main__:<module>:262 - | epoch : 34 | val done |
2022-01-03 01:12:01.233 | INFO     | __main__:<module>:127 - | epoch : 35 | training done |
2022-01-03 01:12:14.712 | INFO     | __main__:<module>:254 - | epoch : 35 | CVC-300 : 0.9344104940660779 | CVC-ClinicDB : 0.9503547432378028 | CVC-ColonDB : 0.870424491081832 | ETIS-LaribPolypDB : 0.8566143797824162 | Kvasir : 0.9420057249305428 |
2022-01-03 01:12:14.713 | INFO     | __main__:<module>:262 - | epoch : 35 | val done |
2022-01-03 01:12:55.420 | INFO     | __main__:<module>:127 - | epoch : 36 | training done |
2022-01-03 01:13:08.822 | INFO     | __main__:<module>:254 - | epoch : 36 | CVC-300 : 0.9263415892955287 | CVC-ClinicDB : 0.9459691249739637 | CVC-ColonDB : 0.8760150893066566 | ETIS-LaribPolypDB : 0.8594098098836079 | Kvasir : 0.9442427077624517 |
2022-01-03 01:13:08.822 | INFO     | __main__:<module>:262 - | epoch : 36 | val done |
2022-01-03 01:13:49.480 | INFO     | __main__:<module>:127 - | epoch : 37 | training done |
2022-01-03 01:14:02.745 | INFO     | __main__:<module>:254 - | epoch : 37 | CVC-300 : 0.9321954029537669 | CVC-ClinicDB : 0.9469470101904363 | CVC-ColonDB : 0.8737671597903388 | ETIS-LaribPolypDB : 0.8789157382745887 | Kvasir : 0.942531129518638 |
2022-01-03 01:14:02.745 | INFO     | __main__:<module>:262 - | epoch : 37 | val done |
2022-01-03 01:14:43.359 | INFO     | __main__:<module>:127 - | epoch : 38 | training done |
2022-01-03 01:14:56.785 | INFO     | __main__:<module>:254 - | epoch : 38 | CVC-300 : 0.9372224737086805 | CVC-ClinicDB : 0.9442541305705499 | CVC-ColonDB : 0.8660495925612718 | ETIS-LaribPolypDB : 0.8356950797115513 | Kvasir : 0.9277053682806327 |
2022-01-03 01:14:56.786 | INFO     | __main__:<module>:262 - | epoch : 38 | val done |
2022-01-03 01:15:37.444 | INFO     | __main__:<module>:127 - | epoch : 39 | training done |
2022-01-03 01:15:50.825 | INFO     | __main__:<module>:254 - | epoch : 39 | CVC-300 : 0.9001669881901472 | CVC-ClinicDB : 0.9353798169182159 | CVC-ColonDB : 0.8121946967078212 | ETIS-LaribPolypDB : 0.7665098861698851 | Kvasir : 0.9200922078145747 |
2022-01-03 01:15:50.825 | INFO     | __main__:<module>:262 - | epoch : 39 | val done |
2022-01-03 01:16:31.531 | INFO     | __main__:<module>:127 - | epoch : 40 | training done |
2022-01-03 01:16:45.012 | INFO     | __main__:<module>:254 - | epoch : 40 | CVC-300 : 0.9098227835870554 | CVC-ClinicDB : 0.9381715688451913 | CVC-ColonDB : 0.8444239102052541 | ETIS-LaribPolypDB : 0.8718855570246814 | Kvasir : 0.9281458516948857 |
2022-01-03 01:16:45.012 | INFO     | __main__:<module>:262 - | epoch : 40 | val done |
2022-01-03 01:17:25.717 | INFO     | __main__:<module>:127 - | epoch : 41 | training done |
2022-01-03 01:17:38.994 | INFO     | __main__:<module>:254 - | epoch : 41 | CVC-300 : 0.9310164471014432 | CVC-ClinicDB : 0.9284114073913836 | CVC-ColonDB : 0.8349213317594392 | ETIS-LaribPolypDB : 0.8258912197762396 | Kvasir : 0.9185722088904759 |
2022-01-03 01:17:38.995 | INFO     | __main__:<module>:262 - | epoch : 41 | val done |
2022-01-03 01:18:19.693 | INFO     | __main__:<module>:127 - | epoch : 42 | training done |
2022-01-03 01:18:32.931 | INFO     | __main__:<module>:254 - | epoch : 42 | CVC-300 : 0.9306585604504951 | CVC-ClinicDB : 0.9374142021885743 | CVC-ColonDB : 0.862996306619169 | ETIS-LaribPolypDB : 0.8531083154958037 | Kvasir : 0.9374572449029343 |
2022-01-03 01:18:32.932 | INFO     | __main__:<module>:262 - | epoch : 42 | val done |
2022-01-03 01:19:27.115 | INFO     | __main__:<module>:127 - | epoch : 43 | training done |
2022-01-03 01:19:46.349 | INFO     | __main__:<module>:254 - | epoch : 43 | CVC-300 : 0.9259930327732797 | CVC-ClinicDB : 0.9509181262640447 | CVC-ColonDB : 0.8649163009387509 | ETIS-LaribPolypDB : 0.8714503447484033 | Kvasir : 0.9456705360536385 |
2022-01-03 01:19:46.349 | INFO     | __main__:<module>:262 - | epoch : 43 | val done |
2022-01-03 01:21:07.220 | INFO     | __main__:<module>:127 - | epoch : 44 | training done |
2022-01-03 01:21:20.838 | INFO     | __main__:<module>:254 - | epoch : 44 | CVC-300 : 0.9351967248463771 | CVC-ClinicDB : 0.9384636809065381 | CVC-ColonDB : 0.8553572606994772 | ETIS-LaribPolypDB : 0.8487474155431082 | Kvasir : 0.9450851581729238 |
2022-01-03 01:21:20.838 | INFO     | __main__:<module>:262 - | epoch : 44 | val done |
2022-01-03 01:22:01.563 | INFO     | __main__:<module>:127 - | epoch : 45 | training done |
2022-01-03 01:22:15.303 | INFO     | __main__:<module>:254 - | epoch : 45 | CVC-300 : 0.9279022476623277 | CVC-ClinicDB : 0.949654306593476 | CVC-ColonDB : 0.8704751693411298 | ETIS-LaribPolypDB : 0.8683339597800918 | Kvasir : 0.9405424948343761 |
2022-01-03 01:22:15.303 | INFO     | __main__:<module>:262 - | epoch : 45 | val done |
2022-01-03 01:22:55.959 | INFO     | __main__:<module>:127 - | epoch : 46 | training done |
2022-01-03 01:23:09.466 | INFO     | __main__:<module>:254 - | epoch : 46 | CVC-300 : 0.9360643807242799 | CVC-ClinicDB : 0.9495669449314544 | CVC-ColonDB : 0.8743729576933954 | ETIS-LaribPolypDB : 0.8638484035490367 | Kvasir : 0.943862417574415 |
2022-01-03 01:23:09.466 | INFO     | __main__:<module>:262 - | epoch : 46 | val done |
2022-01-03 01:23:50.191 | INFO     | __main__:<module>:127 - | epoch : 47 | training done |
2022-01-03 01:24:03.847 | INFO     | __main__:<module>:254 - | epoch : 47 | CVC-300 : 0.9336552515980958 | CVC-ClinicDB : 0.8927371355576252 | CVC-ColonDB : 0.8218239887202321 | ETIS-LaribPolypDB : 0.8445987265578964 | Kvasir : 0.8526731565231219 |
2022-01-03 01:24:03.847 | INFO     | __main__:<module>:262 - | epoch : 47 | val done |
2022-01-03 01:24:45.077 | INFO     | __main__:<module>:127 - | epoch : 48 | training done |
2022-01-03 01:24:58.490 | INFO     | __main__:<module>:254 - | epoch : 48 | CVC-300 : 0.9246420140249452 | CVC-ClinicDB : 0.9547882724240269 | CVC-ColonDB : 0.8720724984730964 | ETIS-LaribPolypDB : 0.8949676500197589 | Kvasir : 0.9451826274296227 |
2022-01-03 01:24:58.491 | INFO     | __main__:<module>:262 - | epoch : 48 | val done |
2022-01-03 01:25:50.892 | INFO     | __main__:<module>:127 - | epoch : 49 | training done |
2022-01-03 01:26:10.528 | INFO     | __main__:<module>:254 - | epoch : 49 | CVC-300 : 0.9295496835504744 | CVC-ClinicDB : 0.9495038917921275 | CVC-ColonDB : 0.8716830765707938 | ETIS-LaribPolypDB : 0.8641045277872599 | Kvasir : 0.944793659998039 |
2022-01-03 01:26:10.529 | INFO     | __main__:<module>:262 - | epoch : 49 | val done |
2022-01-03 01:27:31.379 | INFO     | __main__:<module>:127 - | epoch : 50 | training done |
2022-01-03 01:27:50.783 | INFO     | __main__:<module>:254 - | epoch : 50 | CVC-300 : 0.9284625113177031 | CVC-ClinicDB : 0.939954869365458 | CVC-ColonDB : 0.8566643236839494 | ETIS-LaribPolypDB : 0.8441249853057539 | Kvasir : 0.9261597094633591 |
2022-01-03 01:27:50.784 | INFO     | __main__:<module>:262 - | epoch : 50 | val done |
2022-01-03 01:29:01.379 | INFO     | __main__:<module>:127 - | epoch : 51 | training done |
2022-01-03 01:29:20.482 | INFO     | __main__:<module>:254 - | epoch : 51 | CVC-300 : 0.7862861616186883 | CVC-ClinicDB : 0.9285787268762038 | CVC-ColonDB : 0.7935339198304782 | ETIS-LaribPolypDB : 0.7356210381187558 | Kvasir : 0.9185276864508833 |
2022-01-03 01:29:20.482 | INFO     | __main__:<module>:262 - | epoch : 51 | val done |
2022-01-03 01:30:38.735 | INFO     | __main__:<module>:127 - | epoch : 52 | training done |
2022-01-03 01:30:58.224 | INFO     | __main__:<module>:254 - | epoch : 52 | CVC-300 : 0.896973967529415 | CVC-ClinicDB : 0.941803626912389 | CVC-ColonDB : 0.8571468979702672 | ETIS-LaribPolypDB : 0.8314387604949809 | Kvasir : 0.9323262176918464 |
2022-01-03 01:30:58.224 | INFO     | __main__:<module>:262 - | epoch : 52 | val done |
2022-01-03 01:32:17.920 | INFO     | __main__:<module>:127 - | epoch : 53 | training done |
2022-01-03 01:32:34.172 | INFO     | __main__:<module>:254 - | epoch : 53 | CVC-300 : 0.9193088644166499 | CVC-ClinicDB : 0.9512119353115365 | CVC-ColonDB : 0.8633208885482024 | ETIS-LaribPolypDB : 0.8613449734736952 | Kvasir : 0.9327036336709398 |
2022-01-03 01:32:34.173 | INFO     | __main__:<module>:262 - | epoch : 53 | val done |
2022-01-03 01:33:55.062 | INFO     | __main__:<module>:127 - | epoch : 54 | training done |
2022-01-03 01:34:14.241 | INFO     | __main__:<module>:254 - | epoch : 54 | CVC-300 : 0.9252150626116433 | CVC-ClinicDB : 0.952860322511711 | CVC-ColonDB : 0.8713487375890226 | ETIS-LaribPolypDB : 0.8789244540890363 | Kvasir : 0.9314161520917182 |
2022-01-03 01:34:14.242 | INFO     | __main__:<module>:262 - | epoch : 54 | val done |
2022-01-03 01:35:35.141 | INFO     | __main__:<module>:127 - | epoch : 55 | training done |
2022-01-03 01:35:52.696 | INFO     | __main__:<module>:254 - | epoch : 55 | CVC-300 : 0.9362226769057087 | CVC-ClinicDB : 0.9553029523591496 | CVC-ColonDB : 0.8725540438440614 | ETIS-LaribPolypDB : 0.8716737656850291 | Kvasir : 0.9397428904749887 |
2022-01-03 01:35:52.697 | INFO     | __main__:<module>:262 - | epoch : 55 | val done |
2022-01-03 01:37:08.612 | INFO     | __main__:<module>:127 - | epoch : 56 | training done |
2022-01-03 01:37:27.717 | INFO     | __main__:<module>:254 - | epoch : 56 | CVC-300 : 0.9237988461688669 | CVC-ClinicDB : 0.9524804832561873 | CVC-ColonDB : 0.8734760490808925 | ETIS-LaribPolypDB : 0.8817411228644901 | Kvasir : 0.9262454913352743 |
2022-01-03 01:37:27.717 | INFO     | __main__:<module>:262 - | epoch : 56 | val done |
2022-01-03 01:38:48.328 | INFO     | __main__:<module>:127 - | epoch : 57 | training done |
2022-01-03 01:39:07.659 | INFO     | __main__:<module>:254 - | epoch : 57 | CVC-300 : 0.9272021038092183 | CVC-ClinicDB : 0.9478725904716745 | CVC-ColonDB : 0.8733591410914516 | ETIS-LaribPolypDB : 0.8567729790352445 | Kvasir : 0.9430968732045166 |
2022-01-03 01:39:07.659 | INFO     | __main__:<module>:262 - | epoch : 57 | val done |
2022-01-03 01:40:20.639 | INFO     | __main__:<module>:127 - | epoch : 58 | training done |
2022-01-03 01:40:39.606 | INFO     | __main__:<module>:254 - | epoch : 58 | CVC-300 : 0.9267884839682522 | CVC-ClinicDB : 0.9475742772039373 | CVC-ColonDB : 0.8811548903906705 | ETIS-LaribPolypDB : 0.87282029006511 | Kvasir : 0.9335648475027756 |
2022-01-03 01:40:39.606 | INFO     | __main__:<module>:262 - | epoch : 58 | val done |
2022-01-03 01:42:00.276 | INFO     | __main__:<module>:127 - | epoch : 59 | training done |
2022-01-03 01:42:19.447 | INFO     | __main__:<module>:254 - | epoch : 59 | CVC-300 : 0.9263752088368867 | CVC-ClinicDB : 0.9240132469374462 | CVC-ColonDB : 0.8715844110156682 | ETIS-LaribPolypDB : 0.8622888457000009 | Kvasir : 0.9406038153415772 |
2022-01-03 01:42:19.448 | INFO     | __main__:<module>:262 - | epoch : 59 | val done |
2022-01-03 01:43:32.378 | INFO     | __main__:<module>:127 - | epoch : 60 | training done |
2022-01-03 01:43:51.165 | INFO     | __main__:<module>:254 - | epoch : 60 | CVC-300 : 0.9312375048257104 | CVC-ClinicDB : 0.9527199948501986 | CVC-ColonDB : 0.885331838931931 | ETIS-LaribPolypDB : 0.897562594285734 | Kvasir : 0.9420446912838663 |
2022-01-03 01:43:51.165 | INFO     | __main__:<module>:262 - | epoch : 60 | val done |
2022-01-03 01:45:11.656 | INFO     | __main__:<module>:127 - | epoch : 61 | training done |
2022-01-03 01:45:30.708 | INFO     | __main__:<module>:254 - | epoch : 61 | CVC-300 : 0.9277195003540034 | CVC-ClinicDB : 0.9467085735023291 | CVC-ColonDB : 0.8846492782523407 | ETIS-LaribPolypDB : 0.8883806899191256 | Kvasir : 0.9444681400350208 |
2022-01-03 01:45:30.708 | INFO     | __main__:<module>:262 - | epoch : 61 | val done |
2022-01-03 01:46:44.711 | INFO     | __main__:<module>:127 - | epoch : 62 | training done |
2022-01-03 01:47:04.124 | INFO     | __main__:<module>:254 - | epoch : 62 | CVC-300 : 0.9314263019292686 | CVC-ClinicDB : 0.9502493423279117 | CVC-ColonDB : 0.8761171975610594 | ETIS-LaribPolypDB : 0.8968211009626637 | Kvasir : 0.9354519555019875 |
2022-01-03 01:47:04.124 | INFO     | __main__:<module>:262 - | epoch : 62 | val done |
2022-01-03 01:48:24.765 | INFO     | __main__:<module>:127 - | epoch : 63 | training done |
2022-01-03 01:48:43.972 | INFO     | __main__:<module>:254 - | epoch : 63 | CVC-300 : 0.9251964154512562 | CVC-ClinicDB : 0.9525266658982772 | CVC-ColonDB : 0.8856402808767773 | ETIS-LaribPolypDB : 0.8864027825736914 | Kvasir : 0.9404886587443363 |
2022-01-03 01:48:43.972 | INFO     | __main__:<module>:262 - | epoch : 63 | val done |
2022-01-03 01:49:56.944 | INFO     | __main__:<module>:127 - | epoch : 64 | training done |
2022-01-03 01:50:16.023 | INFO     | __main__:<module>:254 - | epoch : 64 | CVC-300 : 0.9329386416775598 | CVC-ClinicDB : 0.9501174100569454 | CVC-ColonDB : 0.8805797341553104 | ETIS-LaribPolypDB : 0.8806538439100072 | Kvasir : 0.9414877784642679 |
2022-01-03 01:50:16.024 | INFO     | __main__:<module>:262 - | epoch : 64 | val done |
2022-01-03 01:51:36.509 | INFO     | __main__:<module>:127 - | epoch : 65 | training done |
2022-01-03 01:51:56.011 | INFO     | __main__:<module>:254 - | epoch : 65 | CVC-300 : 0.9324096946499453 | CVC-ClinicDB : 0.9508017872399191 | CVC-ColonDB : 0.8850337501961031 | ETIS-LaribPolypDB : 0.8797778132292978 | Kvasir : 0.9397517606574243 |
2022-01-03 01:51:56.011 | INFO     | __main__:<module>:262 - | epoch : 65 | val done |
2022-01-03 01:53:12.165 | INFO     | __main__:<module>:127 - | epoch : 66 | training done |
2022-01-03 01:53:30.578 | INFO     | __main__:<module>:254 - | epoch : 66 | CVC-300 : 0.9264715881653555 | CVC-ClinicDB : 0.955477990419817 | CVC-ColonDB : 0.8775496518438617 | ETIS-LaribPolypDB : 0.8863911965812303 | Kvasir : 0.945881346271751 |
2022-01-03 01:53:30.578 | INFO     | __main__:<module>:262 - | epoch : 66 | val done |
2022-01-03 01:54:50.071 | INFO     | __main__:<module>:127 - | epoch : 67 | training done |
2022-01-03 01:55:09.502 | INFO     | __main__:<module>:254 - | epoch : 67 | CVC-300 : 0.9332278843789719 | CVC-ClinicDB : 0.9551118131030873 | CVC-ColonDB : 0.8821000725809743 | ETIS-LaribPolypDB : 0.8816484697878139 | Kvasir : 0.9430952387921108 |
2022-01-03 01:55:09.502 | INFO     | __main__:<module>:262 - | epoch : 67 | val done |
2022-01-03 01:56:30.998 | INFO     | __main__:<module>:127 - | epoch : 68 | training done |
2022-01-03 01:56:47.010 | INFO     | __main__:<module>:254 - | epoch : 68 | CVC-300 : 0.9310903036692493 | CVC-ClinicDB : 0.9496752388667716 | CVC-ColonDB : 0.8805095903812538 | ETIS-LaribPolypDB : 0.8850108429910679 | Kvasir : 0.94529990830602 |
2022-01-03 01:56:47.011 | INFO     | __main__:<module>:262 - | epoch : 68 | val done |
2022-01-03 01:58:08.135 | INFO     | __main__:<module>:127 - | epoch : 69 | training done |
2022-01-03 01:58:27.539 | INFO     | __main__:<module>:254 - | epoch : 69 | CVC-300 : 0.8419809000637308 | CVC-ClinicDB : 0.9094604231298744 | CVC-ColonDB : 0.7859190642787693 | ETIS-LaribPolypDB : 0.8102159103757429 | Kvasir : 0.8893404340876325 |
2022-01-03 01:58:27.539 | INFO     | __main__:<module>:262 - | epoch : 69 | val done |
2022-01-03 01:59:48.804 | INFO     | __main__:<module>:127 - | epoch : 70 | training done |
2022-01-03 02:00:07.476 | INFO     | __main__:<module>:254 - | epoch : 70 | CVC-300 : 0.9161002429508835 | CVC-ClinicDB : 0.9397516121135063 | CVC-ColonDB : 0.8609476574096943 | ETIS-LaribPolypDB : 0.8281072291352174 | Kvasir : 0.9310013848286857 |
2022-01-03 02:00:07.476 | INFO     | __main__:<module>:262 - | epoch : 70 | val done |
2022-01-03 02:01:19.519 | INFO     | __main__:<module>:127 - | epoch : 71 | training done |
2022-01-03 02:01:38.995 | INFO     | __main__:<module>:254 - | epoch : 71 | CVC-300 : 0.9284355422252095 | CVC-ClinicDB : 0.9328752185233543 | CVC-ColonDB : 0.8665353867895303 | ETIS-LaribPolypDB : 0.8681225791041964 | Kvasir : 0.9363411594475592 |
2022-01-03 02:01:38.996 | INFO     | __main__:<module>:262 - | epoch : 71 | val done |
2022-01-03 02:03:00.102 | INFO     | __main__:<module>:127 - | epoch : 72 | training done |
2022-01-03 02:03:19.611 | INFO     | __main__:<module>:254 - | epoch : 72 | CVC-300 : 0.9091468377490955 | CVC-ClinicDB : 0.9443809476719716 | CVC-ColonDB : 0.8742239663068276 | ETIS-LaribPolypDB : 0.884169554372717 | Kvasir : 0.9414020497921283 |
2022-01-03 02:03:19.611 | INFO     | __main__:<module>:262 - | epoch : 72 | val done |
2022-01-03 02:04:32.898 | INFO     | __main__:<module>:127 - | epoch : 73 | training done |
2022-01-03 02:04:52.714 | INFO     | __main__:<module>:254 - | epoch : 73 | CVC-300 : 0.9225481989289978 | CVC-ClinicDB : 0.9396100647654964 | CVC-ColonDB : 0.8786232562396675 | ETIS-LaribPolypDB : 0.8714067553212907 | Kvasir : 0.9383781929206827 |
2022-01-03 02:04:52.715 | INFO     | __main__:<module>:262 - | epoch : 73 | val done |
2022-01-03 02:06:13.638 | INFO     | __main__:<module>:127 - | epoch : 74 | training done |
2022-01-03 02:06:34.504 | INFO     | __main__:<module>:254 - | epoch : 74 | CVC-300 : 0.9220953006736643 | CVC-ClinicDB : 0.9378807228184358 | CVC-ColonDB : 0.8702681306981148 | ETIS-LaribPolypDB : 0.8684624585412938 | Kvasir : 0.9444073023883136 |
2022-01-03 02:06:34.504 | INFO     | __main__:<module>:262 - | epoch : 74 | val done |
2022-01-03 02:07:48.722 | INFO     | __main__:<module>:127 - | epoch : 75 | training done |
2022-01-03 02:08:08.120 | INFO     | __main__:<module>:254 - | epoch : 75 | CVC-300 : 0.926863741501261 | CVC-ClinicDB : 0.9564554674070977 | CVC-ColonDB : 0.8716689547481199 | ETIS-LaribPolypDB : 0.898388662921542 | Kvasir : 0.9404200800847995 |
2022-01-03 02:08:08.120 | INFO     | __main__:<module>:262 - | epoch : 75 | val done |
2022-01-03 02:09:28.647 | INFO     | __main__:<module>:127 - | epoch : 76 | training done |
2022-01-03 02:09:49.855 | INFO     | __main__:<module>:254 - | epoch : 76 | CVC-300 : 0.9265306033777418 | CVC-ClinicDB : 0.9545073068917976 | CVC-ColonDB : 0.8762544639150501 | ETIS-LaribPolypDB : 0.8727371613030078 | Kvasir : 0.9374561783997515 |
2022-01-03 02:09:49.856 | INFO     | __main__:<module>:262 - | epoch : 76 | val done |
2022-01-03 02:11:00.789 | INFO     | __main__:<module>:127 - | epoch : 77 | training done |
2022-01-03 02:11:20.417 | INFO     | __main__:<module>:254 - | epoch : 77 | CVC-300 : 0.9267167912936451 | CVC-ClinicDB : 0.9540820562286467 | CVC-ColonDB : 0.875606579627861 | ETIS-LaribPolypDB : 0.8960181038009012 | Kvasir : 0.9390489955102984 |
2022-01-03 02:11:20.418 | INFO     | __main__:<module>:262 - | epoch : 77 | val done |
2022-01-03 02:12:41.378 | INFO     | __main__:<module>:127 - | epoch : 78 | training done |
2022-01-03 02:13:00.338 | INFO     | __main__:<module>:254 - | epoch : 78 | CVC-300 : 0.934367900353148 | CVC-ClinicDB : 0.9570864146473346 | CVC-ColonDB : 0.8753396714088139 | ETIS-LaribPolypDB : 0.9016328067074099 | Kvasir : 0.9365932604409005 |
2022-01-03 02:13:00.338 | INFO     | __main__:<module>:262 - | epoch : 78 | val done |
