2022-01-06 23:03:19.302 | INFO     | __main__:<module>:75 - | start training .... | current model srm |
2022-01-06 23:03:51.208 | INFO     | __main__:<module>:96 - | epoch : 0 | training done | best loss: 0.1527730724313757 |
2022-01-06 23:04:05.525 | INFO     | __main__:<module>:216 - | epoch : 0 | CVC-300 : 0.6905567252272194 | CVC-ClinicDB : 0.7948026692005523 | CVC-ColonDB : 0.671015240413008 | ETIS-LaribPolypDB : 0.6016820689444653 | Kvasir : 0.8681946193415593 |
2022-01-06 23:04:05.525 | CRITICAL | __main__:<module>:217 - | epoch : 0 | best_val_dice_score : 0.7252502646253609 |
2022-01-06 23:04:37.819 | INFO     | __main__:<module>:96 - | epoch : 1 | training done | best loss: 0.07103033773191683 |
2022-01-06 23:04:52.107 | INFO     | __main__:<module>:220 - | epoch : 1 | val done |
2022-01-06 23:05:24.020 | INFO     | __main__:<module>:96 - | epoch : 2 | training done | best loss: 0.06299622176767705 |
2022-01-06 23:05:38.533 | INFO     | __main__:<module>:216 - | epoch : 2 | CVC-300 : 0.8019139001221056 | CVC-ClinicDB : 0.8282066764515256 | CVC-ColonDB : 0.6903781452947183 | ETIS-LaribPolypDB : 0.6751971577114819 | Kvasir : 0.8913591786434895 |
2022-01-06 23:05:38.533 | CRITICAL | __main__:<module>:217 - | epoch : 2 | best_val_dice_score : 0.7774110116446642 |
2022-01-06 23:06:10.827 | INFO     | __main__:<module>:96 - | epoch : 3 | training done | best loss: 0.05586252762721135 |
2022-01-06 23:06:25.819 | INFO     | __main__:<module>:216 - | epoch : 3 | CVC-300 : 0.8174207501026446 | CVC-ClinicDB : 0.8207047039656361 | CVC-ColonDB : 0.7359949323004008 | ETIS-LaribPolypDB : 0.7288904684640216 | Kvasir : 0.9057638818563767 |
2022-01-06 23:06:25.820 | CRITICAL | __main__:<module>:217 - | epoch : 3 | best_val_dice_score : 0.801754947337816 |
2022-01-06 23:07:27.462 | INFO     | __main__:<module>:96 - | epoch : 4 | training done | best loss: 0.05113533171978626 |
2022-01-06 23:07:43.750 | INFO     | __main__:<module>:220 - | epoch : 4 | val done |
2022-01-06 23:08:43.122 | INFO     | __main__:<module>:96 - | epoch : 5 | training done | best loss: 0.04910204305753603 |
2022-01-06 23:08:59.839 | INFO     | __main__:<module>:220 - | epoch : 5 | val done |
2022-01-06 23:09:57.922 | INFO     | __main__:<module>:96 - | epoch : 6 | training done | best loss: 0.04419476645333426 |
2022-01-06 23:10:14.662 | INFO     | __main__:<module>:220 - | epoch : 6 | val done |
2022-01-06 23:11:10.694 | INFO     | __main__:<module>:96 - | epoch : 7 | training done | best loss: 0.04440022235388284 |
2022-01-06 23:11:28.492 | INFO     | __main__:<module>:216 - | epoch : 7 | CVC-300 : 0.8700014723953007 | CVC-ClinicDB : 0.8654295936179439 | CVC-ColonDB : 0.7406678385432461 | ETIS-LaribPolypDB : 0.7541991963274669 | Kvasir : 0.917686870848638 |
2022-01-06 23:11:28.492 | CRITICAL | __main__:<module>:217 - | epoch : 7 | best_val_dice_score : 0.8295969943465191 |
2022-01-06 23:12:22.404 | INFO     | __main__:<module>:96 - | epoch : 8 | training done | best loss: 0.04288754161897596 |
2022-01-06 23:12:40.495 | INFO     | __main__:<module>:220 - | epoch : 8 | val done |
2022-01-06 23:13:31.600 | INFO     | __main__:<module>:96 - | epoch : 9 | training done | best loss: 0.04066152887029962 |
2022-01-06 23:13:49.711 | INFO     | __main__:<module>:220 - | epoch : 9 | val done |
2022-01-06 23:14:41.536 | INFO     | __main__:<module>:96 - | epoch : 10 | training done | best loss: 0.040776028082920954 |
2022-01-06 23:14:59.619 | INFO     | __main__:<module>:220 - | epoch : 10 | val done |
2022-01-06 23:15:51.170 | INFO     | __main__:<module>:96 - | epoch : 11 | training done | best loss: 0.03796640857235416 |
2022-01-06 23:16:09.255 | INFO     | __main__:<module>:220 - | epoch : 11 | val done |
2022-01-06 23:17:00.913 | INFO     | __main__:<module>:96 - | epoch : 12 | training done | best loss: 0.038643060804723385 |
2022-01-06 23:17:18.971 | INFO     | __main__:<module>:216 - | epoch : 12 | CVC-300 : 0.8501815404838752 | CVC-ClinicDB : 0.8907102657950258 | CVC-ColonDB : 0.734146931843605 | ETIS-LaribPolypDB : 0.7621076263218237 | Kvasir : 0.9206812966607464 |
2022-01-06 23:17:18.971 | CRITICAL | __main__:<module>:217 - | epoch : 12 | best_val_dice_score : 0.8315655322210151 |
2022-01-06 23:18:10.641 | INFO     | __main__:<module>:96 - | epoch : 13 | training done | best loss: 0.037306471185369804 |
2022-01-06 23:18:29.077 | INFO     | __main__:<module>:220 - | epoch : 13 | val done |
2022-01-06 23:19:20.385 | INFO     | __main__:<module>:96 - | epoch : 14 | training done | best loss: 0.03801059657400781 |
2022-01-06 23:19:38.675 | INFO     | __main__:<module>:220 - | epoch : 14 | val done |
2022-01-06 23:20:30.100 | INFO     | __main__:<module>:96 - | epoch : 15 | training done | best loss: 0.03471044393686148 |
2022-01-06 23:20:47.640 | INFO     | __main__:<module>:220 - | epoch : 15 | val done |
2022-01-06 23:21:41.440 | INFO     | __main__:<module>:96 - | epoch : 16 | training done | best loss: 0.03384709292715722 |
2022-01-06 23:21:58.872 | INFO     | __main__:<module>:220 - | epoch : 16 | val done |
2022-01-06 23:22:55.394 | INFO     | __main__:<module>:96 - | epoch : 17 | training done | best loss: 0.032931587853274505 |
2022-01-06 23:23:12.760 | INFO     | __main__:<module>:220 - | epoch : 17 | val done |
2022-01-06 23:24:10.028 | INFO     | __main__:<module>:96 - | epoch : 18 | training done | best loss: 0.036357381841638586 |
2022-01-06 23:24:26.836 | INFO     | __main__:<module>:216 - | epoch : 18 | CVC-300 : 0.8566128535337527 | CVC-ClinicDB : 0.8851527139343206 | CVC-ColonDB : 0.694848618345465 | ETIS-LaribPolypDB : 0.8088227141444861 | Kvasir : 0.9137602038490532 |
2022-01-06 23:24:26.836 | CRITICAL | __main__:<module>:217 - | epoch : 18 | best_val_dice_score : 0.8318394207614155 |
2022-01-06 23:25:28.048 | INFO     | __main__:<module>:96 - | epoch : 19 | training done | best loss: 0.03268091888218136 |
2022-01-06 23:25:43.995 | INFO     | __main__:<module>:216 - | epoch : 19 | CVC-300 : 0.882528736576476 | CVC-ClinicDB : 0.8910130495933142 | CVC-ColonDB : 0.7399495368895012 | ETIS-LaribPolypDB : 0.7615401939706794 | Kvasir : 0.9061252404006527 |
2022-01-06 23:25:43.996 | CRITICAL | __main__:<module>:217 - | epoch : 19 | best_val_dice_score : 0.8362313514861247 |
2022-01-06 23:26:47.672 | INFO     | __main__:<module>:96 - | epoch : 20 | training done | best loss: 0.038275687249152215 |
2022-01-06 23:27:04.261 | INFO     | __main__:<module>:220 - | epoch : 20 | val done |
2022-01-06 23:28:06.806 | INFO     | __main__:<module>:96 - | epoch : 21 | training done | best loss: 0.03296344096844013 |
2022-01-06 23:28:22.687 | INFO     | __main__:<module>:220 - | epoch : 21 | val done |
2022-01-06 23:29:22.814 | INFO     | __main__:<module>:96 - | epoch : 22 | training done | best loss: 0.03218567764366066 |
2022-01-06 23:29:39.615 | INFO     | __main__:<module>:220 - | epoch : 22 | val done |
2022-01-06 23:30:38.131 | INFO     | __main__:<module>:96 - | epoch : 23 | training done | best loss: 0.033070228257022063 |
2022-01-06 23:30:54.905 | INFO     | __main__:<module>:220 - | epoch : 23 | val done |
2022-01-06 23:31:50.916 | INFO     | __main__:<module>:96 - | epoch : 24 | training done | best loss: 0.031134159355373173 |
2022-01-06 23:32:08.745 | INFO     | __main__:<module>:220 - | epoch : 24 | val done |
2022-01-06 23:33:02.571 | INFO     | __main__:<module>:96 - | epoch : 25 | training done | best loss: 0.029345431825616858 |
2022-01-06 23:33:20.635 | INFO     | __main__:<module>:220 - | epoch : 25 | val done |
2022-01-06 23:34:11.871 | INFO     | __main__:<module>:96 - | epoch : 26 | training done | best loss: 0.030255323582953148 |
2022-01-06 23:34:30.117 | INFO     | __main__:<module>:216 - | epoch : 26 | CVC-300 : 0.8870418016523802 | CVC-ClinicDB : 0.9035292145753108 | CVC-ColonDB : 0.7276187677290645 | ETIS-LaribPolypDB : 0.8105426219372658 | Kvasir : 0.9186420132744093 |
2022-01-06 23:34:30.117 | CRITICAL | __main__:<module>:217 - | epoch : 26 | best_val_dice_score : 0.8494748838336861 |
2022-01-06 23:35:21.915 | INFO     | __main__:<module>:96 - | epoch : 27 | training done | best loss: 0.029392187411968525 |
2022-01-06 23:35:40.026 | INFO     | __main__:<module>:220 - | epoch : 27 | val done |
2022-01-06 23:36:31.422 | INFO     | __main__:<module>:96 - | epoch : 28 | training done | best loss: 0.03157565881917765 |
2022-01-06 23:36:49.796 | INFO     | __main__:<module>:220 - | epoch : 28 | val done |
2022-01-06 23:37:40.970 | INFO     | __main__:<module>:96 - | epoch : 29 | training done | best loss: 0.032725235918066004 |
2022-01-06 23:37:59.162 | INFO     | __main__:<module>:220 - | epoch : 29 | val done |
2022-01-06 23:38:50.726 | INFO     | __main__:<module>:96 - | epoch : 30 | training done | best loss: 0.03236734081100631 |
2022-01-06 23:39:09.323 | INFO     | __main__:<module>:220 - | epoch : 30 | val done |
2022-01-06 23:40:01.002 | INFO     | __main__:<module>:96 - | epoch : 31 | training done | best loss: 0.03203797602391505 |
2022-01-06 23:40:19.208 | INFO     | __main__:<module>:220 - | epoch : 31 | val done |
2022-01-06 23:41:11.487 | INFO     | __main__:<module>:96 - | epoch : 32 | training done | best loss: 0.02804594970011449 |
2022-01-06 23:41:29.162 | INFO     | __main__:<module>:216 - | epoch : 32 | CVC-300 : 0.8397929615736989 | CVC-ClinicDB : 0.917411391320936 | CVC-ColonDB : 0.7731721186082101 | ETIS-LaribPolypDB : 0.7987450855061619 | Kvasir : 0.918472247974884 |
2022-01-06 23:41:29.162 | CRITICAL | __main__:<module>:217 - | epoch : 32 | best_val_dice_score : 0.8495187609967783 |
2022-01-06 23:42:24.200 | INFO     | __main__:<module>:96 - | epoch : 33 | training done | best loss: 0.028185880446172023 |
2022-01-06 23:42:41.330 | INFO     | __main__:<module>:216 - | epoch : 33 | CVC-300 : 0.8476173180649621 | CVC-ClinicDB : 0.8944454212641 | CVC-ColonDB : 0.7713200991211608 | ETIS-LaribPolypDB : 0.8074002718194462 | Kvasir : 0.9321104850387751 |
2022-01-06 23:42:41.330 | CRITICAL | __main__:<module>:217 - | epoch : 33 | best_val_dice_score : 0.8505787190616889 |
2022-01-06 23:43:38.512 | INFO     | __main__:<module>:96 - | epoch : 34 | training done | best loss: 0.0275946665596176 |
2022-01-06 23:43:55.361 | INFO     | __main__:<module>:220 - | epoch : 34 | val done |
2022-01-06 23:44:53.975 | INFO     | __main__:<module>:96 - | epoch : 35 | training done | best loss: 0.028482082125904796 |
2022-01-06 23:45:09.919 | INFO     | __main__:<module>:220 - | epoch : 35 | val done |
2022-01-06 23:46:10.511 | INFO     | __main__:<module>:96 - | epoch : 36 | training done | best loss: 0.032034182941520606 |
2022-01-06 23:46:26.152 | INFO     | __main__:<module>:220 - | epoch : 36 | val done |
2022-01-06 23:47:28.221 | INFO     | __main__:<module>:96 - | epoch : 37 | training done | best loss: 0.029998611617874312 |
2022-01-06 23:47:44.045 | INFO     | __main__:<module>:220 - | epoch : 37 | val done |
2022-01-06 23:48:47.159 | INFO     | __main__:<module>:96 - | epoch : 38 | training done | best loss: 0.02820273022075276 |
2022-01-06 23:49:03.097 | INFO     | __main__:<module>:220 - | epoch : 38 | val done |
2022-01-06 23:50:04.466 | INFO     | __main__:<module>:96 - | epoch : 39 | training done | best loss: 0.027228268948230116 |
2022-01-06 23:50:21.751 | INFO     | __main__:<module>:220 - | epoch : 39 | val done |
2022-01-06 23:51:20.579 | INFO     | __main__:<module>:96 - | epoch : 40 | training done | best loss: 0.02578957722737239 |
2022-01-06 23:51:37.225 | INFO     | __main__:<module>:220 - | epoch : 40 | val done |
2022-01-06 23:52:33.705 | INFO     | __main__:<module>:96 - | epoch : 41 | training done | best loss: 0.025227956064454802 |
2022-01-06 23:52:50.937 | INFO     | __main__:<module>:220 - | epoch : 41 | val done |
2022-01-06 23:53:45.740 | INFO     | __main__:<module>:96 - | epoch : 42 | training done | best loss: 0.025977017460288583 |
2022-01-06 23:54:03.436 | INFO     | __main__:<module>:220 - | epoch : 42 | val done |
2022-01-06 23:54:55.793 | INFO     | __main__:<module>:96 - | epoch : 43 | training done | best loss: 0.02648583676788833 |
2022-01-06 23:55:14.302 | INFO     | __main__:<module>:220 - | epoch : 43 | val done |
2022-01-06 23:56:05.292 | INFO     | __main__:<module>:96 - | epoch : 44 | training done | best loss: 0.026024098579700176 |
2022-01-06 23:56:23.527 | INFO     | __main__:<module>:220 - | epoch : 44 | val done |
2022-01-06 23:57:14.853 | INFO     | __main__:<module>:96 - | epoch : 45 | training done | best loss: 0.03122696116730407 |
2022-01-06 23:57:33.075 | INFO     | __main__:<module>:220 - | epoch : 45 | val done |
2022-01-06 23:58:24.348 | INFO     | __main__:<module>:96 - | epoch : 46 | training done | best loss: 0.032682828850798554 |
2022-01-06 23:58:42.687 | INFO     | __main__:<module>:220 - | epoch : 46 | val done |
2022-01-06 23:59:34.128 | INFO     | __main__:<module>:96 - | epoch : 47 | training done | best loss: 0.04152093156353458 |
2022-01-06 23:59:52.624 | INFO     | __main__:<module>:220 - | epoch : 47 | val done |
2022-01-07 00:00:44.020 | INFO     | __main__:<module>:96 - | epoch : 48 | training done | best loss: 0.03015324571630457 |
2022-01-07 00:01:02.229 | INFO     | __main__:<module>:220 - | epoch : 48 | val done |
2022-01-07 00:01:53.403 | INFO     | __main__:<module>:96 - | epoch : 49 | training done | best loss: 0.026526564425164528 |
2022-01-07 00:02:11.458 | INFO     | __main__:<module>:220 - | epoch : 49 | val done |
2022-01-07 00:03:03.930 | INFO     | __main__:<module>:96 - | epoch : 50 | training done | best loss: 0.02690405767042558 |
2022-01-07 00:03:21.555 | INFO     | __main__:<module>:220 - | epoch : 50 | val done |
2022-01-07 00:04:16.129 | INFO     | __main__:<module>:96 - | epoch : 51 | training done | best loss: 0.02539561214027824 |
2022-01-07 00:04:33.135 | INFO     | __main__:<module>:220 - | epoch : 51 | val done |
2022-01-07 00:05:30.022 | INFO     | __main__:<module>:96 - | epoch : 52 | training done | best loss: 0.026076800220615263 |
2022-01-07 00:05:46.920 | INFO     | __main__:<module>:220 - | epoch : 52 | val done |
2022-01-07 00:06:45.031 | INFO     | __main__:<module>:96 - | epoch : 53 | training done | best loss: 0.027097458367819315 |
2022-01-07 00:07:01.238 | INFO     | __main__:<module>:220 - | epoch : 53 | val done |
2022-01-07 00:08:01.759 | INFO     | __main__:<module>:96 - | epoch : 54 | training done | best loss: 0.02633823798252986 |
2022-01-07 00:08:17.449 | INFO     | __main__:<module>:220 - | epoch : 54 | val done |
2022-01-07 00:09:19.849 | INFO     | __main__:<module>:96 - | epoch : 55 | training done | best loss: 0.024499705859592984 |
2022-01-07 00:09:35.951 | INFO     | __main__:<module>:220 - | epoch : 55 | val done |
2022-01-07 00:10:39.294 | INFO     | __main__:<module>:96 - | epoch : 56 | training done | best loss: 0.024891984986734915 |
2022-01-07 00:10:55.514 | INFO     | __main__:<module>:220 - | epoch : 56 | val done |
2022-01-07 00:11:56.422 | INFO     | __main__:<module>:96 - | epoch : 57 | training done | best loss: 0.023710808911166347 |
2022-01-07 00:12:13.367 | INFO     | __main__:<module>:220 - | epoch : 57 | val done |
2022-01-07 00:13:12.177 | INFO     | __main__:<module>:96 - | epoch : 58 | training done | best loss: 0.024616641657693044 |
2022-01-07 00:13:28.919 | INFO     | __main__:<module>:220 - | epoch : 58 | val done |
2022-01-07 00:14:25.426 | INFO     | __main__:<module>:96 - | epoch : 59 | training done | best loss: 0.023598753488980807 |
2022-01-07 00:14:42.877 | INFO     | __main__:<module>:220 - | epoch : 59 | val done |
2022-01-07 00:15:37.376 | INFO     | __main__:<module>:96 - | epoch : 60 | training done | best loss: 0.023774426062028488 |
2022-01-07 00:15:55.726 | INFO     | __main__:<module>:220 - | epoch : 60 | val done |
2022-01-07 00:16:47.820 | INFO     | __main__:<module>:96 - | epoch : 61 | training done | best loss: 0.02276886033487844 |
2022-01-07 00:17:06.210 | INFO     | __main__:<module>:220 - | epoch : 61 | val done |
2022-01-07 00:17:58.159 | INFO     | __main__:<module>:96 - | epoch : 62 | training done | best loss: 0.02488449052139953 |
2022-01-07 00:18:16.246 | INFO     | __main__:<module>:220 - | epoch : 62 | val done |
2022-01-07 00:19:07.647 | INFO     | __main__:<module>:96 - | epoch : 63 | training done | best loss: 0.02885062812448858 |
2022-01-07 00:19:26.077 | INFO     | __main__:<module>:220 - | epoch : 63 | val done |
2022-01-07 00:20:17.549 | INFO     | __main__:<module>:96 - | epoch : 64 | training done | best loss: 0.028697198563879662 |
2022-01-07 00:20:35.629 | INFO     | __main__:<module>:220 - | epoch : 64 | val done |
2022-01-07 00:21:27.010 | INFO     | __main__:<module>:96 - | epoch : 65 | training done | best loss: 0.02632762115080278 |
2022-01-07 00:21:45.344 | INFO     | __main__:<module>:220 - | epoch : 65 | val done |
2022-01-07 00:22:36.681 | INFO     | __main__:<module>:96 - | epoch : 66 | training done | best loss: 0.02322620480925172 |
2022-01-07 00:22:54.645 | INFO     | __main__:<module>:220 - | epoch : 66 | val done |
2022-01-07 00:23:45.908 | INFO     | __main__:<module>:96 - | epoch : 67 | training done | best loss: 0.02689187474303193 |
2022-01-07 00:24:03.810 | INFO     | __main__:<module>:220 - | epoch : 67 | val done |
2022-01-07 00:24:56.900 | INFO     | __main__:<module>:96 - | epoch : 68 | training done | best loss: 0.02451348108249706 |
2022-01-07 00:25:14.482 | INFO     | __main__:<module>:220 - | epoch : 68 | val done |
2022-01-07 00:26:10.147 | INFO     | __main__:<module>:96 - | epoch : 69 | training done | best loss: 0.025036176482399742 |
2022-01-07 00:26:27.429 | INFO     | __main__:<module>:220 - | epoch : 69 | val done |
2022-01-07 00:27:24.673 | INFO     | __main__:<module>:96 - | epoch : 70 | training done | best loss: 0.02312535440528786 |
2022-01-07 00:27:41.758 | INFO     | __main__:<module>:220 - | epoch : 70 | val done |
2022-01-07 00:28:41.705 | INFO     | __main__:<module>:96 - | epoch : 71 | training done | best loss: 0.023416792298411274 |
2022-01-07 00:28:58.074 | INFO     | __main__:<module>:220 - | epoch : 71 | val done |
2022-01-07 00:29:59.816 | INFO     | __main__:<module>:96 - | epoch : 72 | training done | best loss: 0.022130452669583835 |
2022-01-07 00:30:15.638 | INFO     | __main__:<module>:220 - | epoch : 72 | val done |
2022-01-07 00:31:18.817 | INFO     | __main__:<module>:96 - | epoch : 73 | training done | best loss: 0.022792166405981713 |
2022-01-07 00:31:34.445 | INFO     | __main__:<module>:220 - | epoch : 73 | val done |
2022-01-07 00:32:36.210 | INFO     | __main__:<module>:96 - | epoch : 74 | training done | best loss: 0.022903839965443033 |
2022-01-07 00:32:53.120 | INFO     | __main__:<module>:220 - | epoch : 74 | val done |
2022-01-07 00:33:52.254 | INFO     | __main__:<module>:96 - | epoch : 75 | training done | best loss: 0.025098301552154204 |
2022-01-07 00:34:09.271 | INFO     | __main__:<module>:216 - | epoch : 75 | CVC-300 : 0.8966831920498841 | CVC-ClinicDB : 0.9256891739772981 | CVC-ColonDB : 0.7307383265244033 | ETIS-LaribPolypDB : 0.8007000676965169 | Kvasir : 0.9032840895667337 |
2022-01-07 00:34:09.272 | CRITICAL | __main__:<module>:217 - | epoch : 75 | best_val_dice_score : 0.8514189699629672 |
2022-01-07 00:35:06.389 | INFO     | __main__:<module>:96 - | epoch : 76 | training done | best loss: 0.03222497020448957 |
2022-01-07 00:35:24.231 | INFO     | __main__:<module>:220 - | epoch : 76 | val done |
2022-01-07 00:36:18.462 | INFO     | __main__:<module>:96 - | epoch : 77 | training done | best loss: 0.035874935951861704 |
2022-01-07 00:36:36.683 | INFO     | __main__:<module>:220 - | epoch : 77 | val done |
2022-01-07 00:37:28.031 | INFO     | __main__:<module>:96 - | epoch : 78 | training done | best loss: 0.030101297975896477 |
2022-01-07 00:37:46.220 | INFO     | __main__:<module>:220 - | epoch : 78 | val done |
2022-01-07 00:38:37.582 | INFO     | __main__:<module>:96 - | epoch : 79 | training done | best loss: 0.026325808121607855 |
2022-01-07 00:38:56.095 | INFO     | __main__:<module>:220 - | epoch : 79 | val done |
2022-01-07 00:39:47.176 | INFO     | __main__:<module>:96 - | epoch : 80 | training done | best loss: 0.026570084330799815 |
2022-01-07 00:40:05.181 | INFO     | __main__:<module>:220 - | epoch : 80 | val done |
2022-01-07 00:40:56.844 | INFO     | __main__:<module>:96 - | epoch : 81 | training done | best loss: 0.02358836721587967 |
2022-01-07 00:41:14.946 | INFO     | __main__:<module>:216 - | epoch : 81 | CVC-300 : 0.8876595264809941 | CVC-ClinicDB : 0.9436927240295565 | CVC-ColonDB : 0.7535249756789383 | ETIS-LaribPolypDB : 0.8066448506764062 | Kvasir : 0.8818218401805302 |
2022-01-07 00:41:14.946 | CRITICAL | __main__:<module>:217 - | epoch : 81 | best_val_dice_score : 0.854668783409285 |
2022-01-07 00:42:06.417 | INFO     | __main__:<module>:96 - | epoch : 82 | training done | best loss: 0.0227700792826139 |
2022-01-07 00:42:24.800 | INFO     | __main__:<module>:220 - | epoch : 82 | val done |
2022-01-07 00:43:16.390 | INFO     | __main__:<module>:96 - | epoch : 83 | training done | best loss: 0.02252275865156572 |
2022-01-07 00:43:34.487 | INFO     | __main__:<module>:220 - | epoch : 83 | val done |
2022-01-07 00:44:26.128 | INFO     | __main__:<module>:96 - | epoch : 84 | training done | best loss: 0.02284749523623959 |
2022-01-07 00:44:44.087 | INFO     | __main__:<module>:220 - | epoch : 84 | val done |
2022-01-07 00:45:36.969 | INFO     | __main__:<module>:96 - | epoch : 85 | training done | best loss: 0.022732369192353972 |
2022-01-07 00:45:54.470 | INFO     | __main__:<module>:220 - | epoch : 85 | val done |
2022-01-07 00:46:50.008 | INFO     | __main__:<module>:96 - | epoch : 86 | training done | best loss: 0.021912642887660434 |
2022-01-07 00:47:06.975 | INFO     | __main__:<module>:220 - | epoch : 86 | val done |
2022-01-07 00:48:03.849 | INFO     | __main__:<module>:96 - | epoch : 87 | training done | best loss: 0.021646203575553476 |
2022-01-07 00:48:20.568 | INFO     | __main__:<module>:220 - | epoch : 87 | val done |
2022-01-07 00:49:19.635 | INFO     | __main__:<module>:96 - | epoch : 88 | training done | best loss: 0.020991253983843456 |
2022-01-07 00:49:35.349 | INFO     | __main__:<module>:220 - | epoch : 88 | val done |
2022-01-07 00:50:36.312 | INFO     | __main__:<module>:96 - | epoch : 89 | training done | best loss: 0.02112302413353553 |
2022-01-07 00:50:51.840 | INFO     | __main__:<module>:220 - | epoch : 89 | val done |
2022-01-07 00:51:55.058 | INFO     | __main__:<module>:96 - | epoch : 90 | training done | best loss: 0.021696384791489484 |
2022-01-07 00:52:11.525 | INFO     | __main__:<module>:220 - | epoch : 90 | val done |
2022-01-07 00:53:14.423 | INFO     | __main__:<module>:96 - | epoch : 91 | training done | best loss: 0.021923633067162482 |
2022-01-07 00:53:30.335 | INFO     | __main__:<module>:220 - | epoch : 91 | val done |
2022-01-07 00:54:30.530 | INFO     | __main__:<module>:96 - | epoch : 92 | training done | best loss: 0.024475383234548044 |
2022-01-07 00:54:47.339 | INFO     | __main__:<module>:220 - | epoch : 92 | val done |
2022-01-07 00:55:45.801 | INFO     | __main__:<module>:96 - | epoch : 93 | training done | best loss: 0.035510095266195446 |
2022-01-07 00:56:02.169 | INFO     | __main__:<module>:220 - | epoch : 93 | val done |
2022-01-07 00:56:58.331 | INFO     | __main__:<module>:96 - | epoch : 94 | training done | best loss: 0.02712170763330145 |
2022-01-07 00:57:16.331 | INFO     | __main__:<module>:220 - | epoch : 94 | val done |
2022-01-07 00:58:10.062 | INFO     | __main__:<module>:96 - | epoch : 95 | training done | best loss: 0.023342519671052366 |
2022-01-07 00:58:28.321 | INFO     | __main__:<module>:220 - | epoch : 95 | val done |
2022-01-07 00:59:19.583 | INFO     | __main__:<module>:96 - | epoch : 96 | training done | best loss: 0.022488031413528946 |
2022-01-07 00:59:37.911 | INFO     | __main__:<module>:220 - | epoch : 96 | val done |
2022-01-07 01:00:29.282 | INFO     | __main__:<module>:96 - | epoch : 97 | training done | best loss: 0.021844782672085606 |
2022-01-07 01:00:47.587 | INFO     | __main__:<module>:220 - | epoch : 97 | val done |
2022-01-07 01:01:38.972 | INFO     | __main__:<module>:96 - | epoch : 98 | training done | best loss: 0.022563826251815963 |
2022-01-07 01:01:57.175 | INFO     | __main__:<module>:220 - | epoch : 98 | val done |
2022-01-07 01:02:48.345 | INFO     | __main__:<module>:96 - | epoch : 99 | training done | best loss: 0.025574359265002577 |
2022-01-07 01:03:06.362 | INFO     | __main__:<module>:220 - | epoch : 99 | val done |
2022-01-07 01:03:57.633 | INFO     | __main__:<module>:96 - | epoch : 100 | training done | best loss: 0.033382080413483 |
2022-01-07 01:04:15.740 | INFO     | __main__:<module>:220 - | epoch : 100 | val done |
2022-01-07 01:05:06.670 | INFO     | __main__:<module>:96 - | epoch : 101 | training done | best loss: 0.025536451365921524 |
2022-01-07 01:05:24.861 | INFO     | __main__:<module>:220 - | epoch : 101 | val done |
2022-01-07 01:06:16.193 | INFO     | __main__:<module>:96 - | epoch : 102 | training done | best loss: 0.023895973687643533 |
2022-01-07 01:06:33.948 | INFO     | __main__:<module>:220 - | epoch : 102 | val done |
2022-01-07 01:07:27.183 | INFO     | __main__:<module>:96 - | epoch : 103 | training done | best loss: 0.022378752519796184 |
2022-01-07 01:07:44.744 | INFO     | __main__:<module>:220 - | epoch : 103 | val done |
2022-01-07 01:08:40.471 | INFO     | __main__:<module>:96 - | epoch : 104 | training done | best loss: 0.022812456220060916 |
2022-01-07 01:08:57.515 | INFO     | __main__:<module>:220 - | epoch : 104 | val done |
2022-01-07 01:09:54.552 | INFO     | __main__:<module>:96 - | epoch : 105 | training done | best loss: 0.02237199034009661 |
2022-01-07 01:10:11.249 | INFO     | __main__:<module>:220 - | epoch : 105 | val done |
2022-01-07 01:11:10.219 | INFO     | __main__:<module>:96 - | epoch : 106 | training done | best loss: 0.021069193934346295 |
2022-01-07 01:11:26.094 | INFO     | __main__:<module>:220 - | epoch : 106 | val done |
2022-01-07 01:12:26.798 | INFO     | __main__:<module>:96 - | epoch : 107 | training done | best loss: 0.020194549481947342 |
2022-01-07 01:12:42.714 | INFO     | __main__:<module>:216 - | epoch : 107 | CVC-300 : 0.9005023266268499 | CVC-ClinicDB : 0.940732496573344 | CVC-ColonDB : 0.7602044470642874 | ETIS-LaribPolypDB : 0.7552048774899005 | Kvasir : 0.9192619327474126 |
2022-01-07 01:12:42.714 | CRITICAL | __main__:<module>:217 - | epoch : 107 | best_val_dice_score : 0.8551812161003587 |
2022-01-07 01:13:46.121 | INFO     | __main__:<module>:96 - | epoch : 108 | training done | best loss: 0.021470199574481 |
2022-01-07 01:14:01.962 | INFO     | __main__:<module>:220 - | epoch : 108 | val done |
2022-01-07 01:15:04.565 | INFO     | __main__:<module>:96 - | epoch : 109 | training done | best loss: 0.020833539438771677 |
2022-01-07 01:15:20.968 | INFO     | __main__:<module>:220 - | epoch : 109 | val done |
2022-01-07 01:16:20.677 | INFO     | __main__:<module>:96 - | epoch : 110 | training done | best loss: 0.0195841880945059 |
2022-01-07 01:16:37.602 | INFO     | __main__:<module>:220 - | epoch : 110 | val done |
2022-01-07 01:17:35.497 | INFO     | __main__:<module>:96 - | epoch : 111 | training done | best loss: 0.01968785170670394 |
2022-01-07 01:17:52.587 | INFO     | __main__:<module>:220 - | epoch : 111 | val done |
2022-01-07 01:18:48.437 | INFO     | __main__:<module>:96 - | epoch : 112 | training done | best loss: 0.019678471507606925 |
2022-01-07 01:19:06.497 | INFO     | __main__:<module>:220 - | epoch : 112 | val done |
2022-01-07 01:19:59.805 | INFO     | __main__:<module>:96 - | epoch : 113 | training done | best loss: 0.019777821970509958 |
2022-01-07 01:20:18.051 | INFO     | __main__:<module>:220 - | epoch : 113 | val done |
2022-01-07 01:21:09.545 | INFO     | __main__:<module>:96 - | epoch : 114 | training done | best loss: 0.020043337083124852 |
2022-01-07 01:21:27.874 | INFO     | __main__:<module>:220 - | epoch : 114 | val done |
2022-01-07 01:22:19.013 | INFO     | __main__:<module>:96 - | epoch : 115 | training done | best loss: 0.019614651307954895 |
2022-01-07 01:22:37.163 | INFO     | __main__:<module>:220 - | epoch : 115 | val done |
2022-01-07 01:23:28.445 | INFO     | __main__:<module>:96 - | epoch : 116 | training done | best loss: 0.020024093297811654 |
2022-01-07 01:23:46.386 | INFO     | __main__:<module>:220 - | epoch : 116 | val done |
2022-01-07 01:24:37.963 | INFO     | __main__:<module>:96 - | epoch : 117 | training done | best loss: 0.0197242341198764 |
2022-01-07 01:24:55.996 | INFO     | __main__:<module>:220 - | epoch : 117 | val done |
2022-01-07 01:25:47.647 | INFO     | __main__:<module>:96 - | epoch : 118 | training done | best loss: 0.01927320184288444 |
2022-01-07 01:26:05.706 | INFO     | __main__:<module>:220 - | epoch : 118 | val done |
2022-01-07 01:26:57.316 | INFO     | __main__:<module>:96 - | epoch : 119 | training done | best loss: 0.019451660769326345 |
2022-01-07 01:27:15.442 | INFO     | __main__:<module>:220 - | epoch : 119 | val done |
2022-01-07 01:28:06.838 | INFO     | __main__:<module>:96 - | epoch : 120 | training done | best loss: 0.01927572095787132 |
2022-01-07 01:28:24.426 | INFO     | __main__:<module>:220 - | epoch : 120 | val done |
2022-01-07 01:29:18.196 | INFO     | __main__:<module>:96 - | epoch : 121 | training done | best loss: 0.019043521566705388 |
2022-01-07 01:29:35.521 | INFO     | __main__:<module>:220 - | epoch : 121 | val done |
2022-01-07 01:30:31.713 | INFO     | __main__:<module>:96 - | epoch : 122 | training done | best loss: 0.01855754852294922 |
2022-01-07 01:30:48.991 | INFO     | __main__:<module>:220 - | epoch : 122 | val done |
2022-01-07 01:31:46.672 | INFO     | __main__:<module>:96 - | epoch : 123 | training done | best loss: 0.020781720077598487 |
2022-01-07 01:32:03.583 | INFO     | __main__:<module>:220 - | epoch : 123 | val done |
2022-01-07 01:33:03.879 | INFO     | __main__:<module>:96 - | epoch : 124 | training done | best loss: 0.021118407066051777 |
2022-01-07 01:33:20.410 | INFO     | __main__:<module>:220 - | epoch : 124 | val done |
2022-01-07 01:34:22.702 | INFO     | __main__:<module>:96 - | epoch : 125 | training done | best loss: 0.01964360279041332 |
2022-01-07 01:34:38.201 | INFO     | __main__:<module>:220 - | epoch : 125 | val done |
2022-01-07 01:35:41.422 | INFO     | __main__:<module>:96 - | epoch : 126 | training done | best loss: 0.01896339916920924 |
2022-01-07 01:35:56.996 | INFO     | __main__:<module>:220 - | epoch : 126 | val done |
2022-01-07 01:36:58.673 | INFO     | __main__:<module>:96 - | epoch : 127 | training done | best loss: 0.019419471641163248 |
2022-01-07 01:37:14.519 | INFO     | __main__:<module>:220 - | epoch : 127 | val done |
2022-01-07 01:38:14.203 | INFO     | __main__:<module>:96 - | epoch : 128 | training done | best loss: 0.02172808922254122 |
2022-01-07 01:38:31.370 | INFO     | __main__:<module>:220 - | epoch : 128 | val done |
2022-01-07 01:39:29.200 | INFO     | __main__:<module>:96 - | epoch : 129 | training done | best loss: 0.030461994501260612 |
2022-01-07 01:39:46.084 | INFO     | __main__:<module>:220 - | epoch : 129 | val done |
2022-01-07 01:40:41.660 | INFO     | __main__:<module>:96 - | epoch : 130 | training done | best loss: 0.02408343946540749 |
2022-01-07 01:40:59.822 | INFO     | __main__:<module>:220 - | epoch : 130 | val done |
2022-01-07 01:41:53.059 | INFO     | __main__:<module>:96 - | epoch : 131 | training done | best loss: 0.032738227110642656 |
2022-01-07 01:42:11.109 | INFO     | __main__:<module>:220 - | epoch : 131 | val done |
2022-01-07 01:43:02.758 | INFO     | __main__:<module>:96 - | epoch : 132 | training done | best loss: 0.03288089443039108 |
2022-01-07 01:43:20.837 | INFO     | __main__:<module>:220 - | epoch : 132 | val done |
2022-01-07 01:44:12.265 | INFO     | __main__:<module>:96 - | epoch : 133 | training done | best loss: 0.0262503499513144 |
2022-01-07 01:44:30.501 | INFO     | __main__:<module>:220 - | epoch : 133 | val done |
2022-01-07 01:45:21.736 | INFO     | __main__:<module>:96 - | epoch : 134 | training done | best loss: 0.02258829428599431 |
2022-01-07 01:45:40.113 | INFO     | __main__:<module>:220 - | epoch : 134 | val done |
2022-01-07 01:46:31.516 | INFO     | __main__:<module>:96 - | epoch : 135 | training done | best loss: 0.021568435889024 |
2022-01-07 01:46:49.850 | INFO     | __main__:<module>:220 - | epoch : 135 | val done |
2022-01-07 01:47:41.079 | INFO     | __main__:<module>:96 - | epoch : 136 | training done | best loss: 0.025452522786109003 |
2022-01-07 01:47:59.280 | INFO     | __main__:<module>:220 - | epoch : 136 | val done |
2022-01-07 01:48:50.549 | INFO     | __main__:<module>:96 - | epoch : 137 | training done | best loss: 0.023651168241605652 |
2022-01-07 01:49:08.621 | INFO     | __main__:<module>:220 - | epoch : 137 | val done |
2022-01-07 01:50:00.118 | INFO     | __main__:<module>:96 - | epoch : 138 | training done | best loss: 0.021793191249553975 |
2022-01-07 01:50:17.839 | INFO     | __main__:<module>:220 - | epoch : 138 | val done |
2022-01-07 01:51:11.434 | INFO     | __main__:<module>:96 - | epoch : 139 | training done | best loss: 0.020156276095044483 |
2022-01-07 01:51:28.874 | INFO     | __main__:<module>:220 - | epoch : 139 | val done |
2022-01-07 01:52:24.939 | INFO     | __main__:<module>:96 - | epoch : 140 | training done | best loss: 0.019596456171392083 |
2022-01-07 01:52:42.492 | INFO     | __main__:<module>:220 - | epoch : 140 | val done |
2022-01-07 01:53:39.606 | INFO     | __main__:<module>:96 - | epoch : 141 | training done | best loss: 0.019245187659840006 |
2022-01-07 01:53:56.492 | INFO     | __main__:<module>:220 - | epoch : 141 | val done |
2022-01-07 01:54:58.758 | INFO     | __main__:<module>:96 - | epoch : 142 | training done | best loss: 0.01952997406760415 |
2022-01-07 01:55:15.468 | INFO     | __main__:<module>:220 - | epoch : 142 | val done |
2022-01-07 01:56:16.044 | INFO     | __main__:<module>:96 - | epoch : 143 | training done | best loss: 0.019995761441660452 |
2022-01-07 01:56:32.379 | INFO     | __main__:<module>:220 - | epoch : 143 | val done |
2022-01-07 01:57:35.379 | INFO     | __main__:<module>:96 - | epoch : 144 | training done | best loss: 0.019626435997721913 |
2022-01-07 01:57:51.629 | INFO     | __main__:<module>:220 - | epoch : 144 | val done |
2022-01-07 01:58:54.781 | INFO     | __main__:<module>:96 - | epoch : 145 | training done | best loss: 0.019046190675798352 |
2022-01-07 01:59:10.327 | INFO     | __main__:<module>:220 - | epoch : 145 | val done |
2022-01-07 02:00:11.248 | INFO     | __main__:<module>:96 - | epoch : 146 | training done | best loss: 0.019770885561848736 |
2022-01-07 02:00:28.410 | INFO     | __main__:<module>:220 - | epoch : 146 | val done |
2022-01-07 02:01:26.883 | INFO     | __main__:<module>:96 - | epoch : 147 | training done | best loss: 0.022043303473965152 |
2022-01-07 02:01:43.344 | INFO     | __main__:<module>:220 - | epoch : 147 | val done |
2022-01-07 02:02:39.730 | INFO     | __main__:<module>:96 - | epoch : 148 | training done | best loss: 0.020384381105611613 |
2022-01-07 02:02:57.512 | INFO     | __main__:<module>:220 - | epoch : 148 | val done |
2022-01-07 02:03:51.329 | INFO     | __main__:<module>:96 - | epoch : 149 | training done | best loss: 0.019359117025857443 |
2022-01-07 02:04:09.456 | INFO     | __main__:<module>:220 - | epoch : 149 | val done |
2022-01-07 02:05:01.061 | INFO     | __main__:<module>:96 - | epoch : 150 | training done | best loss: 0.019599473083412255 |
2022-01-07 02:05:19.320 | INFO     | __main__:<module>:220 - | epoch : 150 | val done |
2022-01-07 02:06:10.357 | INFO     | __main__:<module>:96 - | epoch : 151 | training done | best loss: 0.025011416319962385 |
2022-01-07 02:06:28.647 | INFO     | __main__:<module>:220 - | epoch : 151 | val done |
2022-01-07 02:07:20.442 | INFO     | __main__:<module>:96 - | epoch : 152 | training done | best loss: 0.023451167803544264 |
2022-01-07 02:07:38.659 | INFO     | __main__:<module>:220 - | epoch : 152 | val done |
2022-01-07 02:08:30.046 | INFO     | __main__:<module>:96 - | epoch : 153 | training done | best loss: 0.02410284896473308 |
2022-01-07 02:08:48.087 | INFO     | __main__:<module>:220 - | epoch : 153 | val done |
2022-01-07 02:09:39.522 | INFO     | __main__:<module>:96 - | epoch : 154 | training done | best loss: 0.025248084094498184 |
2022-01-07 02:09:57.993 | INFO     | __main__:<module>:220 - | epoch : 154 | val done |
2022-01-07 02:10:49.619 | INFO     | __main__:<module>:96 - | epoch : 155 | training done | best loss: 0.02267648099542974 |
2022-01-07 02:11:07.853 | INFO     | __main__:<module>:220 - | epoch : 155 | val done |
2022-01-07 02:11:59.763 | INFO     | __main__:<module>:96 - | epoch : 156 | training done | best loss: 0.020205624810941927 |
2022-01-07 02:12:17.389 | INFO     | __main__:<module>:220 - | epoch : 156 | val done |
2022-01-07 02:13:11.424 | INFO     | __main__:<module>:96 - | epoch : 157 | training done | best loss: 0.020593682488242348 |
2022-01-07 02:13:28.455 | INFO     | __main__:<module>:220 - | epoch : 157 | val done |
2022-01-07 02:14:24.840 | INFO     | __main__:<module>:96 - | epoch : 158 | training done | best loss: 0.02138685656117869 |
2022-01-07 02:14:42.563 | INFO     | __main__:<module>:220 - | epoch : 158 | val done |
2022-01-07 02:15:40.814 | INFO     | __main__:<module>:96 - | epoch : 159 | training done | best loss: 0.019631136249709916 |
2022-01-07 02:15:57.352 | INFO     | __main__:<module>:220 - | epoch : 159 | val done |
2022-01-07 02:16:58.031 | INFO     | __main__:<module>:96 - | epoch : 160 | training done | best loss: 0.01992647071461101 |
2022-01-07 02:17:13.618 | INFO     | __main__:<module>:220 - | epoch : 160 | val done |
2022-01-07 02:18:15.724 | INFO     | __main__:<module>:96 - | epoch : 161 | training done | best loss: 0.019119610498239705 |
2022-01-07 02:18:31.709 | INFO     | __main__:<module>:220 - | epoch : 161 | val done |
2022-01-07 02:19:35.060 | INFO     | __main__:<module>:96 - | epoch : 162 | training done | best loss: 0.018470612856057975 |
2022-01-07 02:19:50.868 | INFO     | __main__:<module>:220 - | epoch : 162 | val done |
2022-01-07 02:20:52.281 | INFO     | __main__:<module>:96 - | epoch : 163 | training done | best loss: 0.018443387288313646 |
2022-01-07 02:21:08.954 | INFO     | __main__:<module>:220 - | epoch : 163 | val done |
2022-01-07 02:22:08.240 | INFO     | __main__:<module>:96 - | epoch : 164 | training done | best loss: 0.018164313101506496 |
2022-01-07 02:22:24.876 | INFO     | __main__:<module>:220 - | epoch : 164 | val done |
2022-01-07 02:23:21.927 | INFO     | __main__:<module>:96 - | epoch : 165 | training done | best loss: 0.018389412989983193 |
2022-01-07 02:23:39.228 | INFO     | __main__:<module>:220 - | epoch : 165 | val done |
2022-01-07 02:24:34.136 | INFO     | __main__:<module>:96 - | epoch : 166 | training done | best loss: 0.018897606776310846 |
2022-01-07 02:24:51.818 | INFO     | __main__:<module>:220 - | epoch : 166 | val done |
2022-01-07 02:25:44.137 | INFO     | __main__:<module>:96 - | epoch : 167 | training done | best loss: 0.018957542194114937 |
2022-01-07 02:26:02.544 | INFO     | __main__:<module>:220 - | epoch : 167 | val done |
2022-01-07 02:26:54.095 | INFO     | __main__:<module>:96 - | epoch : 168 | training done | best loss: 0.01866781711578369 |
2022-01-07 02:27:12.390 | INFO     | __main__:<module>:220 - | epoch : 168 | val done |
2022-01-07 02:28:03.732 | INFO     | __main__:<module>:96 - | epoch : 169 | training done | best loss: 0.01842336471264179 |
2022-01-07 02:28:21.807 | INFO     | __main__:<module>:220 - | epoch : 169 | val done |
2022-01-07 02:29:13.393 | INFO     | __main__:<module>:96 - | epoch : 170 | training done | best loss: 0.01816367448031247 |
2022-01-07 02:29:31.698 | INFO     | __main__:<module>:220 - | epoch : 170 | val done |
2022-01-07 02:30:23.433 | INFO     | __main__:<module>:96 - | epoch : 171 | training done | best loss: 0.018974670342036655 |
2022-01-07 02:30:41.599 | INFO     | __main__:<module>:220 - | epoch : 171 | val done |
2022-01-07 02:31:32.980 | INFO     | __main__:<module>:96 - | epoch : 172 | training done | best loss: 0.01838884969334026 |
2022-01-07 02:31:51.084 | INFO     | __main__:<module>:220 - | epoch : 172 | val done |
2022-01-07 02:32:42.617 | INFO     | __main__:<module>:96 - | epoch : 173 | training done | best loss: 0.018161110825591034 |
2022-01-07 02:33:00.279 | INFO     | __main__:<module>:220 - | epoch : 173 | val done |
2022-01-07 02:33:53.873 | INFO     | __main__:<module>:96 - | epoch : 174 | training done | best loss: 0.017903457631121625 |
2022-01-07 02:34:10.966 | INFO     | __main__:<module>:220 - | epoch : 174 | val done |
2022-01-07 02:35:06.722 | INFO     | __main__:<module>:96 - | epoch : 175 | training done | best loss: 0.01934729107133635 |
2022-01-07 02:35:23.728 | INFO     | __main__:<module>:220 - | epoch : 175 | val done |
2022-01-07 02:36:20.758 | INFO     | __main__:<module>:96 - | epoch : 176 | training done | best loss: 0.01845326004447518 |
2022-01-07 02:36:37.984 | INFO     | __main__:<module>:220 - | epoch : 176 | val done |
2022-01-07 02:37:37.815 | INFO     | __main__:<module>:96 - | epoch : 177 | training done | best loss: 0.01950322599201412 |
2022-01-07 02:37:54.004 | INFO     | __main__:<module>:220 - | epoch : 177 | val done |
2022-01-07 02:38:55.239 | INFO     | __main__:<module>:96 - | epoch : 178 | training done | best loss: 0.02596325206232595 |
2022-01-07 02:39:10.788 | INFO     | __main__:<module>:220 - | epoch : 178 | val done |
2022-01-07 02:40:13.909 | INFO     | __main__:<module>:96 - | epoch : 179 | training done | best loss: 0.022843840358021495 |
2022-01-07 02:40:29.825 | INFO     | __main__:<module>:220 - | epoch : 179 | val done |
2022-01-07 02:41:32.695 | INFO     | __main__:<module>:96 - | epoch : 180 | training done | best loss: 0.03167174019656339 |
2022-01-07 02:41:49.296 | INFO     | __main__:<module>:220 - | epoch : 180 | val done |
2022-01-07 02:42:49.472 | INFO     | __main__:<module>:96 - | epoch : 181 | training done | best loss: 0.02112842130137014 |
2022-01-07 02:43:06.197 | INFO     | __main__:<module>:220 - | epoch : 181 | val done |
2022-01-07 02:44:04.643 | INFO     | __main__:<module>:96 - | epoch : 182 | training done | best loss: 0.02777732401103764 |
2022-01-07 02:44:21.508 | INFO     | __main__:<module>:220 - | epoch : 182 | val done |
2022-01-07 02:45:17.680 | INFO     | __main__:<module>:96 - | epoch : 183 | training done | best loss: 0.021025174921685524 |
2022-01-07 02:45:35.941 | INFO     | __main__:<module>:220 - | epoch : 183 | val done |
2022-01-07 02:46:29.120 | INFO     | __main__:<module>:96 - | epoch : 184 | training done | best loss: 0.021683608437632465 |
2022-01-07 02:46:47.367 | INFO     | __main__:<module>:216 - | epoch : 184 | CVC-300 : 0.8753250789124913 | CVC-ClinicDB : 0.9603338581644091 | CVC-ColonDB : 0.7705774092895717 | ETIS-LaribPolypDB : 0.7884545242910271 | Kvasir : 0.9137465114740776 |
2022-01-07 02:46:47.368 | CRITICAL | __main__:<module>:217 - | epoch : 184 | best_val_dice_score : 0.8616874764263155 |
2022-01-07 02:47:39.120 | INFO     | __main__:<module>:96 - | epoch : 185 | training done | best loss: 0.018892236463316194 |
2022-01-07 02:47:57.138 | INFO     | __main__:<module>:220 - | epoch : 185 | val done |
2022-01-07 02:48:48.424 | INFO     | __main__:<module>:96 - | epoch : 186 | training done | best loss: 0.019381061360076234 |
2022-01-07 02:49:06.762 | INFO     | __main__:<module>:220 - | epoch : 186 | val done |
2022-01-07 02:49:58.143 | INFO     | __main__:<module>:96 - | epoch : 187 | training done | best loss: 0.02044689458805126 |
2022-01-07 02:50:16.289 | INFO     | __main__:<module>:220 - | epoch : 187 | val done |
2022-01-07 02:51:07.744 | INFO     | __main__:<module>:96 - | epoch : 188 | training done | best loss: 0.019493691213838347 |
2022-01-07 02:51:26.038 | INFO     | __main__:<module>:220 - | epoch : 188 | val done |
2022-01-07 02:52:17.868 | INFO     | __main__:<module>:96 - | epoch : 189 | training done | best loss: 0.01885271137887305 |
2022-01-07 02:52:36.249 | INFO     | __main__:<module>:220 - | epoch : 189 | val done |
2022-01-07 02:53:27.659 | INFO     | __main__:<module>:96 - | epoch : 190 | training done | best loss: 0.01895169897393866 |
2022-01-07 02:53:45.824 | INFO     | __main__:<module>:220 - | epoch : 190 | val done |
2022-01-07 02:54:38.567 | INFO     | __main__:<module>:96 - | epoch : 191 | training done | best loss: 0.021384319761297205 |
