2022-01-07 03:09:01.446 | INFO     | __main__:<module>:75 - | start training .... | current model srm |
2022-01-07 03:09:53.328 | INFO     | __main__:<module>:96 - | epoch : 0 | training done | best loss: 0.01837550021789886 |
2022-01-07 03:10:11.201 | INFO     | __main__:<module>:224 - +-------------------+------------+------------------+--------------+
| Dataset           |   srm_Dice |   UACANet_L_Dice | First_Dice   |
|-------------------+------------+------------------+--------------|
| CVC-300           |   0.870677 |            0.91  | None         |
| CVC-ColonDB       |   0.7602   |            0.751 | 0.8474       |
| CVC-ClinicDB      |   0.957813 |            0.926 | 0.9420       |
| ETIS-LaribPolypDB |   0.797573 |            0.766 | 0.766        |
| Kvasir            |   0.921837 |            0.912 | 0.9217       |
| Average           |   0.86162  |            0.853 | None         |
+-------------------+------------+------------------+--------------+
2022-01-07 03:11:02.777 | INFO     | __main__:<module>:96 - | epoch : 1 | training done | best loss: 0.01827097135585743 |
2022-01-07 03:11:20.763 | INFO     | __main__:<module>:224 - +-------------------+------------+------------------+--------------+
| Dataset           |   srm_Dice |   UACANet_L_Dice | First_Dice   |
|-------------------+------------+------------------+--------------|
| CVC-300           |   0.883682 |            0.91  | None         |
| CVC-ColonDB       |   0.776747 |            0.751 | 0.8474       |
| CVC-ClinicDB      |   0.961191 |            0.926 | 0.9420       |
| ETIS-LaribPolypDB |   0.792374 |            0.766 | 0.766        |
| Kvasir            |   0.922574 |            0.912 | 0.9217       |
| Average           |   0.867314 |            0.853 | None         |
+-------------------+------------+------------------+--------------+
2022-01-07 03:12:12.724 | INFO     | __main__:<module>:96 - | epoch : 2 | training done | best loss: 0.01824398289670001 |
2022-01-07 03:12:30.584 | INFO     | __main__:<module>:227 - | epoch : 2 | val done |
2022-01-07 03:13:22.357 | INFO     | __main__:<module>:96 - | epoch : 3 | training done | best loss: 0.017863265105656216 |
2022-01-07 03:13:40.082 | INFO     | __main__:<module>:227 - | epoch : 3 | val done |
2022-01-07 03:14:34.162 | INFO     | __main__:<module>:96 - | epoch : 4 | training done | best loss: 0.017639530229044485 |
2022-01-07 03:14:51.088 | INFO     | __main__:<module>:227 - | epoch : 4 | val done |
2022-01-07 03:16:04.546 | INFO     | __main__:<module>:224 - +-------------------+------------+------------------+--------------+
| Dataset           |   srm_Dice |   UACANet_L_Dice | First_Dice   |
|-------------------+------------+------------------+--------------|
| CVC-300           |   0.868322 |            0.91  | None         |
| CVC-ColonDB       |   0.78998  |            0.751 | 0.8474       |
| CVC-ClinicDB      |   0.953958 |            0.926 | 0.9420       |
| ETIS-LaribPolypDB |   0.799723 |            0.766 | 0.766        |
| Kvasir            |   0.929411 |            0.912 | 0.9217       |
| Average           |   0.868279 |            0.853 | None         |
+-------------------+------------+------------------+--------------+
