2021-12-30 10:08:04.726 | INFO     | __main__:<module>:82 - | start training .... |
2021-12-30 10:08:53.466 | INFO     | __main__:<module>:110 - | epoch : 0 | training done |
2021-12-30 10:09:10.244 | INFO     | __main__:<module>:239 - | epoch : 0 | CVC-300 : 0.5388454120239965 | CVC-ClinicDB : 0.6490451046712215 | CVC-ColonDB : 0.5570323289785771 | ETIS-LaribPolypDB : 0.5599937410625302 | Kvasir : 0.5793094053103061 |
2021-12-30 10:09:10.244 | CRITICAL | __main__:<module>:240 - | epoch : 0 | best_val_dice_score : 0.5768451984093264 |
2021-12-30 10:09:58.938 | INFO     | __main__:<module>:110 - | epoch : 1 | training done |
2021-12-30 10:10:15.677 | INFO     | __main__:<module>:239 - | epoch : 1 | CVC-300 : 0.5395582945347228 | CVC-ClinicDB : 0.6956353096441488 | CVC-ColonDB : 0.5670271110431171 | ETIS-LaribPolypDB : 0.5735418471021034 | Kvasir : 0.5979020588444198 |
2021-12-30 10:10:15.678 | CRITICAL | __main__:<module>:240 - | epoch : 1 | best_val_dice_score : 0.5947329242337024 |
2021-12-30 10:11:04.552 | INFO     | __main__:<module>:110 - | epoch : 2 | training done |
2021-12-30 10:11:21.287 | INFO     | __main__:<module>:239 - | epoch : 2 | CVC-300 : 0.5371694373519136 | CVC-ClinicDB : 0.721355932084784 | CVC-ColonDB : 0.5757331770868391 | ETIS-LaribPolypDB : 0.5862429233974752 | Kvasir : 0.6143688484918386 |
2021-12-30 10:11:21.288 | CRITICAL | __main__:<module>:240 - | epoch : 2 | best_val_dice_score : 0.6069740636825701 |
2021-12-30 10:12:10.066 | INFO     | __main__:<module>:110 - | epoch : 3 | training done |
2021-12-30 10:12:26.715 | INFO     | __main__:<module>:239 - | epoch : 3 | CVC-300 : 0.5354973047854289 | CVC-ClinicDB : 0.7183305398202224 | CVC-ColonDB : 0.5839855644028117 | ETIS-LaribPolypDB : 0.5764549665587575 | Kvasir : 0.624365777062762 |
2021-12-30 10:12:26.715 | CRITICAL | __main__:<module>:240 - | epoch : 3 | best_val_dice_score : 0.6077268305259965 |
2021-12-30 10:13:15.665 | INFO     | __main__:<module>:110 - | epoch : 4 | training done |
2021-12-30 10:13:32.366 | INFO     | __main__:<module>:239 - | epoch : 4 | CVC-300 : 0.5374867216260943 | CVC-ClinicDB : 0.7330999345644116 | CVC-ColonDB : 0.5887422885918396 | ETIS-LaribPolypDB : 0.5770366812964138 | Kvasir : 0.6231080955179116 |
2021-12-30 10:13:32.366 | CRITICAL | __main__:<module>:240 - | epoch : 4 | best_val_dice_score : 0.6118947443193342 |
2021-12-30 10:14:21.254 | INFO     | __main__:<module>:110 - | epoch : 5 | training done |
2021-12-30 10:14:37.975 | INFO     | __main__:<module>:239 - | epoch : 5 | CVC-300 : 0.5364850775778782 | CVC-ClinicDB : 0.7415264402549939 | CVC-ColonDB : 0.5905425169676597 | ETIS-LaribPolypDB : 0.5811746745556272 | Kvasir : 0.6212925473948858 |
2021-12-30 10:14:37.976 | CRITICAL | __main__:<module>:240 - | epoch : 5 | best_val_dice_score : 0.614204251350209 |
2021-12-30 10:15:27.424 | INFO     | __main__:<module>:110 - | epoch : 6 | training done |
2021-12-30 10:15:44.118 | INFO     | __main__:<module>:243 - | epoch : 6 | val done |
2021-12-30 10:16:32.836 | INFO     | __main__:<module>:110 - | epoch : 7 | training done |
2021-12-30 10:16:49.505 | INFO     | __main__:<module>:239 - | epoch : 7 | CVC-300 : 0.5447938931027474 | CVC-ClinicDB : 0.7578544746684057 | CVC-ColonDB : 0.5903769808995619 | ETIS-LaribPolypDB : 0.5770019891297488 | Kvasir : 0.6527811771254759 |
2021-12-30 10:16:49.505 | CRITICAL | __main__:<module>:240 - | epoch : 7 | best_val_dice_score : 0.624561702985188 |
2021-12-30 10:17:38.399 | INFO     | __main__:<module>:110 - | epoch : 8 | training done |
2021-12-30 10:17:55.074 | INFO     | __main__:<module>:239 - | epoch : 8 | CVC-300 : 0.5627325734474984 | CVC-ClinicDB : 0.750047806423874 | CVC-ColonDB : 0.5970753580682192 | ETIS-LaribPolypDB : 0.6016037103110471 | Kvasir : 0.6594441597943873 |
2021-12-30 10:17:55.074 | CRITICAL | __main__:<module>:240 - | epoch : 8 | best_val_dice_score : 0.6341807216090052 |
2021-12-30 10:18:44.010 | INFO     | __main__:<module>:110 - | epoch : 9 | training done |
2021-12-30 10:19:00.969 | INFO     | __main__:<module>:239 - | epoch : 9 | CVC-300 : 0.5659211477270185 | CVC-ClinicDB : 0.7743892470840726 | CVC-ColonDB : 0.6050897759995851 | ETIS-LaribPolypDB : 0.6166847502784629 | Kvasir : 0.6567070842622299 |
2021-12-30 10:19:00.970 | CRITICAL | __main__:<module>:240 - | epoch : 9 | best_val_dice_score : 0.6437584010702737 |
2021-12-30 10:19:51.613 | INFO     | __main__:<module>:110 - | epoch : 10 | training done |
2021-12-30 10:20:08.315 | INFO     | __main__:<module>:243 - | epoch : 10 | val done |
2021-12-30 10:20:56.900 | INFO     | __main__:<module>:110 - | epoch : 11 | training done |
2021-12-30 10:21:13.660 | INFO     | __main__:<module>:243 - | epoch : 11 | val done |
2021-12-30 10:22:02.934 | INFO     | __main__:<module>:110 - | epoch : 12 | training done |
2021-12-30 10:22:19.618 | INFO     | __main__:<module>:239 - | epoch : 12 | CVC-300 : 0.5415972232694491 | CVC-ClinicDB : 0.7898084738056542 | CVC-ColonDB : 0.6084129328581555 | ETIS-LaribPolypDB : 0.6003677947865432 | Kvasir : 0.6987924069368388 |
2021-12-30 10:22:19.618 | CRITICAL | __main__:<module>:240 - | epoch : 12 | best_val_dice_score : 0.6477957663313282 |
2021-12-30 10:23:08.418 | INFO     | __main__:<module>:110 - | epoch : 13 | training done |
2021-12-30 10:23:25.199 | INFO     | __main__:<module>:239 - | epoch : 13 | CVC-300 : 0.542509077642227 | CVC-ClinicDB : 0.8071707950565714 | CVC-ColonDB : 0.6009340940860226 | ETIS-LaribPolypDB : 0.6197134914302332 | Kvasir : 0.7175847707715244 |
2021-12-30 10:23:25.199 | CRITICAL | __main__:<module>:240 - | epoch : 13 | best_val_dice_score : 0.6575824457973157 |
2021-12-30 10:24:14.015 | INFO     | __main__:<module>:110 - | epoch : 14 | training done |
2021-12-30 10:24:30.868 | INFO     | __main__:<module>:243 - | epoch : 14 | val done |
2021-12-30 10:25:21.045 | INFO     | __main__:<module>:110 - | epoch : 15 | training done |
2021-12-30 10:25:38.383 | INFO     | __main__:<module>:239 - | epoch : 15 | CVC-300 : 0.561887842744755 | CVC-ClinicDB : 0.8168794811015622 | CVC-ColonDB : 0.6251439618674753 | ETIS-LaribPolypDB : 0.6157871170875383 | Kvasir : 0.7058914267217573 |
2021-12-30 10:25:38.384 | CRITICAL | __main__:<module>:240 - | epoch : 15 | best_val_dice_score : 0.6651179659046177 |
2021-12-30 10:26:27.173 | INFO     | __main__:<module>:110 - | epoch : 16 | training done |
2021-12-30 10:26:43.858 | INFO     | __main__:<module>:243 - | epoch : 16 | val done |
2021-12-30 10:27:32.598 | INFO     | __main__:<module>:110 - | epoch : 17 | training done |
2021-12-30 10:27:49.320 | INFO     | __main__:<module>:243 - | epoch : 17 | val done |
2021-12-30 10:28:57.094 | INFO     | __main__:<module>:110 - | epoch : 18 | training done |
2021-12-30 10:29:19.590 | INFO     | __main__:<module>:239 - | epoch : 18 | CVC-300 : 0.5654828082841831 | CVC-ClinicDB : 0.8196374437496228 | CVC-ColonDB : 0.6164783111065343 | ETIS-LaribPolypDB : 0.6418373071316116 | Kvasir : 0.7353570845874595 |
2021-12-30 10:29:19.590 | CRITICAL | __main__:<module>:240 - | epoch : 18 | best_val_dice_score : 0.6757585909718822 |
2021-12-30 10:30:12.565 | INFO     | __main__:<module>:110 - | epoch : 19 | training done |
2021-12-30 10:30:29.457 | INFO     | __main__:<module>:239 - | epoch : 19 | CVC-300 : 0.5745934563846439 | CVC-ClinicDB : 0.822792562113316 | CVC-ColonDB : 0.6397486820585716 | ETIS-LaribPolypDB : 0.6164066725486023 | Kvasir : 0.731320796861151 |
2021-12-30 10:30:29.458 | CRITICAL | __main__:<module>:240 - | epoch : 19 | best_val_dice_score : 0.6769724339932569 |
2021-12-30 10:32:13.084 | INFO     | __main__:<module>:110 - | epoch : 20 | training done |
2021-12-30 10:32:35.548 | INFO     | __main__:<module>:243 - | epoch : 20 | val done |
2021-12-30 10:34:10.139 | INFO     | __main__:<module>:110 - | epoch : 21 | training done |
2021-12-30 10:34:32.566 | INFO     | __main__:<module>:239 - | epoch : 21 | CVC-300 : 0.5692515570043435 | CVC-ClinicDB : 0.8248818109402042 | CVC-ColonDB : 0.6126245513573931 | ETIS-LaribPolypDB : 0.6325267009039326 | Kvasir : 0.7481168692562146 |
2021-12-30 10:34:32.567 | CRITICAL | __main__:<module>:240 - | epoch : 21 | best_val_dice_score : 0.6774802978924176 |
2021-12-30 10:36:16.450 | INFO     | __main__:<module>:110 - | epoch : 22 | training done |
2021-12-30 10:36:38.733 | INFO     | __main__:<module>:243 - | epoch : 22 | val done |
2021-12-30 10:38:13.061 | INFO     | __main__:<module>:110 - | epoch : 23 | training done |
2021-12-30 10:38:35.461 | INFO     | __main__:<module>:243 - | epoch : 23 | val done |
2021-12-30 10:40:14.781 | INFO     | __main__:<module>:110 - | epoch : 24 | training done |
2021-12-30 10:40:35.808 | INFO     | __main__:<module>:239 - | epoch : 24 | CVC-300 : 0.5791863323803408 | CVC-ClinicDB : 0.8549534320181944 | CVC-ColonDB : 0.6250071866877084 | ETIS-LaribPolypDB : 0.6043831306660483 | Kvasir : 0.7519240068036979 |
2021-12-30 10:40:35.808 | CRITICAL | __main__:<module>:240 - | epoch : 24 | best_val_dice_score : 0.683090817711198 |
2021-12-30 10:42:19.526 | INFO     | __main__:<module>:110 - | epoch : 25 | training done |
2021-12-30 10:42:41.927 | INFO     | __main__:<module>:239 - | epoch : 25 | CVC-300 : 0.5674886408980975 | CVC-ClinicDB : 0.848889387814119 | CVC-ColonDB : 0.6036746114001782 | ETIS-LaribPolypDB : 0.6523638649606064 | Kvasir : 0.7643120960160971 |
2021-12-30 10:42:41.927 | CRITICAL | __main__:<module>:240 - | epoch : 25 | best_val_dice_score : 0.6873457202178197 |
2021-12-30 10:44:16.213 | INFO     | __main__:<module>:110 - | epoch : 26 | training done |
2021-12-30 10:44:38.793 | INFO     | __main__:<module>:239 - | epoch : 26 | CVC-300 : 0.5941587785316769 | CVC-ClinicDB : 0.8626400613085711 | CVC-ColonDB : 0.632352118378698 | ETIS-LaribPolypDB : 0.655500521672512 | Kvasir : 0.7859267094837594 |
2021-12-30 10:44:38.793 | CRITICAL | __main__:<module>:240 - | epoch : 26 | best_val_dice_score : 0.7061156378750436 |
2021-12-30 10:46:22.756 | INFO     | __main__:<module>:110 - | epoch : 27 | training done |
2021-12-30 10:46:44.351 | INFO     | __main__:<module>:239 - | epoch : 27 | CVC-300 : 0.6282486860347645 | CVC-ClinicDB : 0.8467806621269965 | CVC-ColonDB : 0.6291850096329265 | ETIS-LaribPolypDB : 0.6404469368928529 | Kvasir : 0.7884004096970901 |
2021-12-30 10:46:44.352 | CRITICAL | __main__:<module>:240 - | epoch : 27 | best_val_dice_score : 0.7066123408769261 |
2021-12-30 10:48:21.998 | INFO     | __main__:<module>:110 - | epoch : 28 | training done |
2021-12-30 10:48:44.548 | INFO     | __main__:<module>:239 - | epoch : 28 | CVC-300 : 0.625117289020769 | CVC-ClinicDB : 0.8582385916349056 | CVC-ColonDB : 0.6379285090602984 | ETIS-LaribPolypDB : 0.6522581987412553 | Kvasir : 0.7821203911330072 |
2021-12-30 10:48:44.549 | CRITICAL | __main__:<module>:240 - | epoch : 28 | best_val_dice_score : 0.7111325959180471 |
2021-12-30 10:50:20.396 | INFO     | __main__:<module>:110 - | epoch : 29 | training done |
2021-12-30 10:50:42.521 | INFO     | __main__:<module>:239 - | epoch : 29 | CVC-300 : 0.6434506765496554 | CVC-ClinicDB : 0.8665797947635817 | CVC-ColonDB : 0.6521249572129469 | ETIS-LaribPolypDB : 0.6844353574452148 | Kvasir : 0.7725336843614039 |
2021-12-30 10:50:42.522 | CRITICAL | __main__:<module>:240 - | epoch : 29 | best_val_dice_score : 0.7238248940665606 |
2021-12-30 10:52:26.520 | INFO     | __main__:<module>:110 - | epoch : 30 | training done |
2021-12-30 10:52:49.020 | INFO     | __main__:<module>:243 - | epoch : 30 | val done |
2021-12-30 10:54:23.541 | INFO     | __main__:<module>:110 - | epoch : 31 | training done |
2021-12-30 10:54:46.106 | INFO     | __main__:<module>:239 - | epoch : 31 | CVC-300 : 0.6274435389484451 | CVC-ClinicDB : 0.8726356131432543 | CVC-ColonDB : 0.6466621509101116 | ETIS-LaribPolypDB : 0.7046985102759967 | Kvasir : 0.8005294270881436 |
2021-12-30 10:54:46.107 | CRITICAL | __main__:<module>:240 - | epoch : 31 | best_val_dice_score : 0.7303938480731902 |
2021-12-30 10:56:29.901 | INFO     | __main__:<module>:110 - | epoch : 32 | training done |
2021-12-30 10:56:50.259 | INFO     | __main__:<module>:243 - | epoch : 32 | val done |
2021-12-30 10:58:31.652 | INFO     | __main__:<module>:110 - | epoch : 33 | training done |
2021-12-30 10:58:53.944 | INFO     | __main__:<module>:243 - | epoch : 33 | val done |
2021-12-30 11:00:28.496 | INFO     | __main__:<module>:110 - | epoch : 34 | training done |
2021-12-30 11:00:51.316 | INFO     | __main__:<module>:239 - | epoch : 34 | CVC-300 : 0.6473021757184656 | CVC-ClinicDB : 0.8860377370615311 | CVC-ColonDB : 0.6514903742184334 | ETIS-LaribPolypDB : 0.6457609390678222 | Kvasir : 0.8214645885795416 |
2021-12-30 11:00:51.316 | CRITICAL | __main__:<module>:240 - | epoch : 34 | best_val_dice_score : 0.7304111629291589 |
2021-12-30 11:02:35.045 | INFO     | __main__:<module>:110 - | epoch : 35 | training done |
2021-12-30 11:02:57.529 | INFO     | __main__:<module>:243 - | epoch : 35 | val done |
2021-12-30 11:04:32.042 | INFO     | __main__:<module>:110 - | epoch : 36 | training done |
2021-12-30 11:04:54.711 | INFO     | __main__:<module>:243 - | epoch : 36 | val done |
2021-12-30 11:06:34.956 | INFO     | __main__:<module>:110 - | epoch : 37 | training done |
2021-12-30 11:06:55.506 | INFO     | __main__:<module>:243 - | epoch : 37 | val done |
2021-12-30 11:08:39.445 | INFO     | __main__:<module>:110 - | epoch : 38 | training done |
2021-12-30 11:09:01.889 | INFO     | __main__:<module>:239 - | epoch : 38 | CVC-300 : 0.6861399230635221 | CVC-ClinicDB : 0.8957517706683179 | CVC-ColonDB : 0.6436607096144119 | ETIS-LaribPolypDB : 0.682181604024396 | Kvasir : 0.7748712046290428 |
2021-12-30 11:09:01.890 | CRITICAL | __main__:<module>:240 - | epoch : 38 | best_val_dice_score : 0.7365210423999381 |
2021-12-30 11:10:36.389 | INFO     | __main__:<module>:110 - | epoch : 39 | training done |
2021-12-30 11:10:58.765 | INFO     | __main__:<module>:239 - | epoch : 39 | CVC-300 : 0.6616170079109565 | CVC-ClinicDB : 0.8791311731810858 | CVC-ColonDB : 0.6437715151394138 | ETIS-LaribPolypDB : 0.6824217685727348 | Kvasir : 0.8292045616889029 |
2021-12-30 11:10:58.765 | CRITICAL | __main__:<module>:240 - | epoch : 39 | best_val_dice_score : 0.7392292052986187 |
2021-12-30 11:12:42.521 | INFO     | __main__:<module>:110 - | epoch : 40 | training done |
2021-12-30 11:13:04.192 | INFO     | __main__:<module>:243 - | epoch : 40 | val done |
2021-12-30 11:14:41.920 | INFO     | __main__:<module>:110 - | epoch : 41 | training done |
2021-12-30 11:15:04.359 | INFO     | __main__:<module>:243 - | epoch : 41 | val done |
2021-12-30 11:16:40.968 | INFO     | __main__:<module>:110 - | epoch : 42 | training done |
2021-12-30 11:17:03.311 | INFO     | __main__:<module>:239 - | epoch : 42 | CVC-300 : 0.6781255577984449 | CVC-ClinicDB : 0.9008478484410899 | CVC-ColonDB : 0.6809285659881527 | ETIS-LaribPolypDB : 0.6699268500807652 | Kvasir : 0.8461451426353135 |
2021-12-30 11:17:03.311 | CRITICAL | __main__:<module>:240 - | epoch : 42 | best_val_dice_score : 0.7551947929887532 |
2021-12-30 11:18:47.681 | INFO     | __main__:<module>:110 - | epoch : 43 | training done |
2021-12-30 11:19:10.181 | INFO     | __main__:<module>:243 - | epoch : 43 | val done |
2021-12-30 11:20:44.930 | INFO     | __main__:<module>:110 - | epoch : 44 | training done |
2021-12-30 11:21:07.192 | INFO     | __main__:<module>:243 - | epoch : 44 | val done |
2021-12-30 11:22:50.925 | INFO     | __main__:<module>:110 - | epoch : 45 | training done |
2021-12-30 11:23:11.412 | INFO     | __main__:<module>:243 - | epoch : 45 | val done |
2021-12-30 11:24:53.024 | INFO     | __main__:<module>:110 - | epoch : 46 | training done |
2021-12-30 11:25:15.529 | INFO     | __main__:<module>:239 - | epoch : 46 | CVC-300 : 0.7099521130891386 | CVC-ClinicDB : 0.9003010382198413 | CVC-ColonDB : 0.6728538318486192 | ETIS-LaribPolypDB : 0.6859305714460407 | Kvasir : 0.8224001311238767 |
2021-12-30 11:25:15.530 | CRITICAL | __main__:<module>:240 - | epoch : 46 | best_val_dice_score : 0.7582875371455032 |
2021-12-30 11:26:50.401 | INFO     | __main__:<module>:110 - | epoch : 47 | training done |
2021-12-30 11:27:12.676 | INFO     | __main__:<module>:243 - | epoch : 47 | val done |
2021-12-30 11:28:56.517 | INFO     | __main__:<module>:110 - | epoch : 48 | training done |
2021-12-30 11:29:19.087 | INFO     | __main__:<module>:239 - | epoch : 48 | CVC-300 : 0.7134493360065813 | CVC-ClinicDB : 0.9147449779999798 | CVC-ColonDB : 0.6868907981088584 | ETIS-LaribPolypDB : 0.7088090412693663 | Kvasir : 0.818201545197981 |
2021-12-30 11:29:19.087 | CRITICAL | __main__:<module>:240 - | epoch : 48 | best_val_dice_score : 0.7684191397165534 |
2021-12-30 11:30:53.266 | INFO     | __main__:<module>:110 - | epoch : 49 | training done |
2021-12-30 11:31:15.666 | INFO     | __main__:<module>:243 - | epoch : 49 | val done |
2021-12-30 11:32:56.653 | INFO     | __main__:<module>:110 - | epoch : 50 | training done |
2021-12-30 11:33:16.872 | INFO     | __main__:<module>:243 - | epoch : 50 | val done |
2021-12-30 11:35:00.518 | INFO     | __main__:<module>:110 - | epoch : 51 | training done |
2021-12-30 11:35:23.144 | INFO     | __main__:<module>:239 - | epoch : 51 | CVC-300 : 0.7040508398542608 | CVC-ClinicDB : 0.9204483127432563 | CVC-ColonDB : 0.6859623843389989 | ETIS-LaribPolypDB : 0.7088650323509761 | Kvasir : 0.8240107871043292 |
2021-12-30 11:35:23.144 | CRITICAL | __main__:<module>:240 - | epoch : 51 | best_val_dice_score : 0.7686674712783642 |
2021-12-30 11:36:57.901 | INFO     | __main__:<module>:110 - | epoch : 52 | training done |
2021-12-30 11:37:20.201 | INFO     | __main__:<module>:239 - | epoch : 52 | CVC-300 : 0.7202827079291074 | CVC-ClinicDB : 0.9118297101152437 | CVC-ColonDB : 0.6712616559072488 | ETIS-LaribPolypDB : 0.7194534218641188 | Kvasir : 0.8219620065022092 |
2021-12-30 11:37:20.201 | CRITICAL | __main__:<module>:240 - | epoch : 52 | best_val_dice_score : 0.7689579004635856 |
2021-12-30 11:39:04.162 | INFO     | __main__:<module>:110 - | epoch : 53 | training done |
2021-12-30 11:39:25.923 | INFO     | __main__:<module>:243 - | epoch : 53 | val done |
2021-12-30 11:41:02.871 | INFO     | __main__:<module>:110 - | epoch : 54 | training done |
2021-12-30 11:41:25.213 | INFO     | __main__:<module>:239 - | epoch : 54 | CVC-300 : 0.7324863695808328 | CVC-ClinicDB : 0.9250189057701339 | CVC-ColonDB : 0.6920933971012944 | ETIS-LaribPolypDB : 0.7333781410878364 | Kvasir : 0.8094972168912222 |
2021-12-30 11:41:25.214 | CRITICAL | __main__:<module>:240 - | epoch : 54 | best_val_dice_score : 0.778494806086264 |
2021-12-30 11:43:02.781 | INFO     | __main__:<module>:110 - | epoch : 55 | training done |
2021-12-30 11:43:24.586 | INFO     | __main__:<module>:243 - | epoch : 55 | val done |
2021-12-30 11:45:08.234 | INFO     | __main__:<module>:110 - | epoch : 56 | training done |
2021-12-30 11:45:30.706 | INFO     | __main__:<module>:243 - | epoch : 56 | val done |
2021-12-30 11:47:05.160 | INFO     | __main__:<module>:110 - | epoch : 57 | training done |
2021-12-30 11:47:27.838 | INFO     | __main__:<module>:243 - | epoch : 57 | val done |
2021-12-30 11:49:11.350 | INFO     | __main__:<module>:110 - | epoch : 58 | training done |
2021-12-30 11:49:31.680 | INFO     | __main__:<module>:243 - | epoch : 58 | val done |
2021-12-30 11:51:11.796 | INFO     | __main__:<module>:110 - | epoch : 59 | training done |
2021-12-30 11:51:34.181 | INFO     | __main__:<module>:243 - | epoch : 59 | val done |
2021-12-30 11:53:08.687 | INFO     | __main__:<module>:110 - | epoch : 60 | training done |
2021-12-30 11:53:31.155 | INFO     | __main__:<module>:243 - | epoch : 60 | val done |
2021-12-30 11:55:14.845 | INFO     | __main__:<module>:110 - | epoch : 61 | training done |
2021-12-30 11:55:37.395 | INFO     | __main__:<module>:243 - | epoch : 61 | val done |
2021-12-30 11:57:11.796 | INFO     | __main__:<module>:110 - | epoch : 62 | training done |
2021-12-30 11:57:34.233 | INFO     | __main__:<module>:243 - | epoch : 62 | val done |
2021-12-30 11:59:16.443 | INFO     | __main__:<module>:110 - | epoch : 63 | training done |
2021-12-30 11:59:36.523 | INFO     | __main__:<module>:243 - | epoch : 63 | val done |
2021-12-30 12:01:20.065 | INFO     | __main__:<module>:110 - | epoch : 64 | training done |
2021-12-30 12:01:42.474 | INFO     | __main__:<module>:243 - | epoch : 64 | val done |
2021-12-30 12:03:16.925 | INFO     | __main__:<module>:110 - | epoch : 65 | training done |
2021-12-30 12:03:39.413 | INFO     | __main__:<module>:243 - | epoch : 65 | val done |
2021-12-30 12:05:23.179 | INFO     | __main__:<module>:110 - | epoch : 66 | training done |
2021-12-30 12:05:45.613 | INFO     | __main__:<module>:239 - | epoch : 66 | CVC-300 : 0.7481732983923111 | CVC-ClinicDB : 0.9200210224275494 | CVC-ColonDB : 0.6943033693319572 | ETIS-LaribPolypDB : 0.7096233811259275 | Kvasir : 0.8416419574235029 |
2021-12-30 12:05:45.614 | CRITICAL | __main__:<module>:240 - | epoch : 66 | best_val_dice_score : 0.7827526057402496 |
2021-12-30 12:07:20.864 | INFO     | __main__:<module>:110 - | epoch : 67 | training done |
2021-12-30 12:07:43.201 | INFO     | __main__:<module>:243 - | epoch : 67 | val done |
2021-12-30 12:09:22.015 | INFO     | __main__:<module>:110 - | epoch : 68 | training done |
2021-12-30 12:09:42.912 | INFO     | __main__:<module>:243 - | epoch : 68 | val done |
2021-12-30 12:11:26.661 | INFO     | __main__:<module>:110 - | epoch : 69 | training done |
2021-12-30 12:11:49.175 | INFO     | __main__:<module>:243 - | epoch : 69 | val done |
2021-12-30 12:13:24.019 | INFO     | __main__:<module>:110 - | epoch : 70 | training done |
2021-12-30 12:13:46.287 | INFO     | __main__:<module>:243 - | epoch : 70 | val done |
2021-12-30 12:15:30.035 | INFO     | __main__:<module>:110 - | epoch : 71 | training done |
2021-12-30 12:15:51.388 | INFO     | __main__:<module>:243 - | epoch : 71 | val done |
2021-12-30 12:17:29.825 | INFO     | __main__:<module>:110 - | epoch : 72 | training done |
2021-12-30 12:17:52.268 | INFO     | __main__:<module>:243 - | epoch : 72 | val done |
2021-12-30 12:19:27.484 | INFO     | __main__:<module>:110 - | epoch : 73 | training done |
2021-12-30 12:19:49.934 | INFO     | __main__:<module>:243 - | epoch : 73 | val done |
2021-12-30 12:21:33.551 | INFO     | __main__:<module>:110 - | epoch : 74 | training done |
2021-12-30 12:21:56.191 | INFO     | __main__:<module>:239 - | epoch : 74 | CVC-300 : 0.7095016343873481 | CVC-ClinicDB : 0.935518407334762 | CVC-ColonDB : 0.7121670638042618 | ETIS-LaribPolypDB : 0.6951279624187545 | Kvasir : 0.8670484581553268 |
2021-12-30 12:21:56.191 | CRITICAL | __main__:<module>:240 - | epoch : 74 | best_val_dice_score : 0.7838727052200906 |
2021-12-30 12:23:30.740 | INFO     | __main__:<module>:110 - | epoch : 75 | training done |
2021-12-30 12:23:53.077 | INFO     | __main__:<module>:243 - | epoch : 75 | val done |
2021-12-30 12:25:36.552 | INFO     | __main__:<module>:110 - | epoch : 76 | training done |
2021-12-30 12:25:56.297 | INFO     | __main__:<module>:239 - | epoch : 76 | CVC-300 : 0.7354639928198894 | CVC-ClinicDB : 0.9358041615633608 | CVC-ColonDB : 0.7217510261688845 | ETIS-LaribPolypDB : 0.6910142156866064 | Kvasir : 0.8374006391277352 |
2021-12-30 12:25:56.297 | CRITICAL | __main__:<module>:240 - | epoch : 76 | best_val_dice_score : 0.7842868070732953 |
2021-12-30 12:27:39.032 | INFO     | __main__:<module>:110 - | epoch : 77 | training done |
2021-12-30 12:28:01.484 | INFO     | __main__:<module>:243 - | epoch : 77 | val done |
2021-12-30 12:29:35.994 | INFO     | __main__:<module>:110 - | epoch : 78 | training done |
2021-12-30 12:29:58.482 | INFO     | __main__:<module>:239 - | epoch : 78 | CVC-300 : 0.7215485133322055 | CVC-ClinicDB : 0.9363895615481143 | CVC-ColonDB : 0.726167841359251 | ETIS-LaribPolypDB : 0.7387700729464578 | Kvasir : 0.854558211506367 |
2021-12-30 12:29:58.483 | CRITICAL | __main__:<module>:240 - | epoch : 78 | best_val_dice_score : 0.7954868401384791 |
2021-12-30 12:31:42.268 | INFO     | __main__:<module>:110 - | epoch : 79 | training done |
2021-12-30 12:32:04.686 | INFO     | __main__:<module>:243 - | epoch : 79 | val done |
2021-12-30 12:33:38.748 | INFO     | __main__:<module>:110 - | epoch : 80 | training done |
2021-12-30 12:34:01.085 | INFO     | __main__:<module>:243 - | epoch : 80 | val done |
2021-12-30 12:35:41.351 | INFO     | __main__:<module>:110 - | epoch : 81 | training done |
2021-12-30 12:36:02.944 | INFO     | __main__:<module>:243 - | epoch : 81 | val done |
2021-12-30 12:37:46.550 | INFO     | __main__:<module>:110 - | epoch : 82 | training done |
2021-12-30 12:38:09.047 | INFO     | __main__:<module>:243 - | epoch : 82 | val done |
2021-12-30 12:39:43.637 | INFO     | __main__:<module>:110 - | epoch : 83 | training done |
2021-12-30 12:40:06.052 | INFO     | __main__:<module>:243 - | epoch : 83 | val done |
2021-12-30 12:41:49.787 | INFO     | __main__:<module>:110 - | epoch : 84 | training done |
2021-12-30 12:42:11.302 | INFO     | __main__:<module>:243 - | epoch : 84 | val done |
2021-12-30 12:43:49.322 | INFO     | __main__:<module>:110 - | epoch : 85 | training done |
2021-12-30 12:44:11.921 | INFO     | __main__:<module>:243 - | epoch : 85 | val done |
2021-12-30 12:45:47.546 | INFO     | __main__:<module>:110 - | epoch : 86 | training done |
2021-12-30 12:46:09.764 | INFO     | __main__:<module>:243 - | epoch : 86 | val done |
2021-12-30 12:47:53.463 | INFO     | __main__:<module>:110 - | epoch : 87 | training done |
2021-12-30 12:48:16.084 | INFO     | __main__:<module>:243 - | epoch : 87 | val done |
2021-12-30 12:49:50.458 | INFO     | __main__:<module>:110 - | epoch : 88 | training done |
2021-12-30 12:50:12.907 | INFO     | __main__:<module>:243 - | epoch : 88 | val done |
2021-12-30 12:51:56.747 | INFO     | __main__:<module>:110 - | epoch : 89 | training done |
2021-12-30 12:52:16.851 | INFO     | __main__:<module>:243 - | epoch : 89 | val done |
2021-12-30 12:53:58.257 | INFO     | __main__:<module>:110 - | epoch : 90 | training done |
2021-12-30 12:54:20.544 | INFO     | __main__:<module>:243 - | epoch : 90 | val done |
2021-12-30 12:55:54.901 | INFO     | __main__:<module>:110 - | epoch : 91 | training done |
2021-12-30 12:56:17.311 | INFO     | __main__:<module>:239 - | epoch : 91 | CVC-300 : 0.7574632914246993 | CVC-ClinicDB : 0.928464468117199 | CVC-ColonDB : 0.7236215136861895 | ETIS-LaribPolypDB : 0.725062926694377 | Kvasir : 0.867394835492749 |
2021-12-30 12:56:17.311 | CRITICAL | __main__:<module>:240 - | epoch : 91 | best_val_dice_score : 0.8004014070830427 |
2021-12-30 12:57:59.229 | INFO     | __main__:<module>:110 - | epoch : 92 | training done |
2021-12-30 12:58:21.790 | INFO     | __main__:<module>:243 - | epoch : 92 | val done |
2021-12-30 12:59:55.193 | INFO     | __main__:<module>:110 - | epoch : 93 | training done |
2021-12-30 13:00:18.761 | INFO     | __main__:<module>:243 - | epoch : 93 | val done |
2021-12-30 13:02:01.231 | INFO     | __main__:<module>:110 - | epoch : 94 | training done |
2021-12-30 13:02:22.161 | INFO     | __main__:<module>:239 - | epoch : 94 | CVC-300 : 0.7496162731126558 | CVC-ClinicDB : 0.9313145863210077 | CVC-ColonDB : 0.7375141115901305 | ETIS-LaribPolypDB : 0.7389938861015233 | Kvasir : 0.8514130891351972 |
2021-12-30 13:02:22.161 | CRITICAL | __main__:<module>:240 - | epoch : 94 | best_val_dice_score : 0.8017703892521029 |
2021-12-30 13:04:05.246 | INFO     | __main__:<module>:110 - | epoch : 95 | training done |
2021-12-30 13:04:27.650 | INFO     | __main__:<module>:243 - | epoch : 95 | val done |
2021-12-30 13:06:01.473 | INFO     | __main__:<module>:110 - | epoch : 96 | training done |
2021-12-30 13:06:24.098 | INFO     | __main__:<module>:243 - | epoch : 96 | val done |
2021-12-30 13:08:07.494 | INFO     | __main__:<module>:110 - | epoch : 97 | training done |
2021-12-30 13:08:30.250 | INFO     | __main__:<module>:243 - | epoch : 97 | val done |
2021-12-30 13:10:03.899 | INFO     | __main__:<module>:110 - | epoch : 98 | training done |
2021-12-30 13:10:26.714 | INFO     | __main__:<module>:243 - | epoch : 98 | val done |
2021-12-30 13:12:06.609 | INFO     | __main__:<module>:110 - | epoch : 99 | training done |
2021-12-30 13:12:27.117 | INFO     | __main__:<module>:243 - | epoch : 99 | val done |
2021-12-30 13:14:10.312 | INFO     | __main__:<module>:110 - | epoch : 100 | training done |
2021-12-30 13:14:32.797 | INFO     | __main__:<module>:243 - | epoch : 100 | val done |
2021-12-30 13:16:05.940 | INFO     | __main__:<module>:110 - | epoch : 101 | training done |
2021-12-30 13:16:28.581 | INFO     | __main__:<module>:243 - | epoch : 101 | val done |
2021-12-30 13:18:11.603 | INFO     | __main__:<module>:110 - | epoch : 102 | training done |
2021-12-30 13:18:34.183 | INFO     | __main__:<module>:243 - | epoch : 102 | val done |
2021-12-30 13:20:08.831 | INFO     | __main__:<module>:110 - | epoch : 103 | training done |
2021-12-30 13:20:31.776 | INFO     | __main__:<module>:243 - | epoch : 103 | val done |
2021-12-30 13:22:10.503 | INFO     | __main__:<module>:110 - | epoch : 104 | training done |
2021-12-30 13:22:31.729 | INFO     | __main__:<module>:243 - | epoch : 104 | val done |
2021-12-30 13:24:15.142 | INFO     | __main__:<module>:110 - | epoch : 105 | training done |
2021-12-30 13:24:37.837 | INFO     | __main__:<module>:243 - | epoch : 105 | val done |
2021-12-30 13:26:11.662 | INFO     | __main__:<module>:110 - | epoch : 106 | training done |
2021-12-30 13:26:34.398 | INFO     | __main__:<module>:243 - | epoch : 106 | val done |
2021-12-30 13:28:17.707 | INFO     | __main__:<module>:110 - | epoch : 107 | training done |
2021-12-30 13:28:39.313 | INFO     | __main__:<module>:243 - | epoch : 107 | val done |
2021-12-30 13:30:16.564 | INFO     | __main__:<module>:110 - | epoch : 108 | training done |
2021-12-30 13:30:39.236 | INFO     | __main__:<module>:243 - | epoch : 108 | val done |
2021-12-30 13:32:15.693 | INFO     | __main__:<module>:110 - | epoch : 109 | training done |
2021-12-30 13:32:37.850 | INFO     | __main__:<module>:243 - | epoch : 109 | val done |
2021-12-30 13:34:21.118 | INFO     | __main__:<module>:110 - | epoch : 110 | training done |
2021-12-30 13:34:43.620 | INFO     | __main__:<module>:239 - | epoch : 110 | CVC-300 : 0.7797549551577037 | CVC-ClinicDB : 0.9344583387560126 | CVC-ColonDB : 0.7275681075464684 | ETIS-LaribPolypDB : 0.7414369751875034 | Kvasir : 0.8587761295579937 |
2021-12-30 13:34:43.620 | CRITICAL | __main__:<module>:240 - | epoch : 110 | best_val_dice_score : 0.8083989012411363 |
2021-12-30 13:36:17.971 | INFO     | __main__:<module>:110 - | epoch : 111 | training done |
2021-12-30 13:36:40.406 | INFO     | __main__:<module>:239 - | epoch : 111 | CVC-300 : 0.7928497899469387 | CVC-ClinicDB : 0.9385904690765496 | CVC-ColonDB : 0.7268224222007852 | ETIS-LaribPolypDB : 0.7277533261677603 | Kvasir : 0.8579816452511048 |
2021-12-30 13:36:40.406 | CRITICAL | __main__:<module>:240 - | epoch : 111 | best_val_dice_score : 0.8087995305286277 |
2021-12-30 13:38:23.885 | INFO     | __main__:<module>:110 - | epoch : 112 | training done |
2021-12-30 13:38:44.420 | INFO     | __main__:<module>:243 - | epoch : 112 | val done |
2021-12-30 13:40:24.849 | INFO     | __main__:<module>:110 - | epoch : 113 | training done |
2021-12-30 13:40:47.344 | INFO     | __main__:<module>:243 - | epoch : 113 | val done |
2021-12-30 13:42:21.376 | INFO     | __main__:<module>:110 - | epoch : 114 | training done |
2021-12-30 13:42:43.887 | INFO     | __main__:<module>:243 - | epoch : 114 | val done |
2021-12-30 13:44:27.148 | INFO     | __main__:<module>:110 - | epoch : 115 | training done |
2021-12-30 13:44:49.575 | INFO     | __main__:<module>:243 - | epoch : 115 | val done |
2021-12-30 13:46:24.009 | INFO     | __main__:<module>:110 - | epoch : 116 | training done |
2021-12-30 13:46:46.484 | INFO     | __main__:<module>:243 - | epoch : 116 | val done |
2021-12-30 13:48:29.261 | INFO     | __main__:<module>:110 - | epoch : 117 | training done |
2021-12-30 13:48:49.595 | INFO     | __main__:<module>:243 - | epoch : 117 | val done |
2021-12-30 13:50:32.469 | INFO     | __main__:<module>:110 - | epoch : 118 | training done |
2021-12-30 13:50:54.952 | INFO     | __main__:<module>:243 - | epoch : 118 | val done |
2021-12-30 13:52:29.102 | INFO     | __main__:<module>:110 - | epoch : 119 | training done |
2021-12-30 13:52:51.675 | INFO     | __main__:<module>:243 - | epoch : 119 | val done |
2021-12-30 13:54:35.113 | INFO     | __main__:<module>:110 - | epoch : 120 | training done |
2021-12-30 13:54:57.745 | INFO     | __main__:<module>:243 - | epoch : 120 | val done |
2021-12-30 13:56:31.873 | INFO     | __main__:<module>:110 - | epoch : 121 | training done |
2021-12-30 13:56:54.276 | INFO     | __main__:<module>:243 - | epoch : 121 | val done |
2021-12-30 13:57:52.605 | INFO     | __main__:<module>:110 - | epoch : 122 | training done |
2021-12-30 13:58:09.525 | INFO     | __main__:<module>:239 - | epoch : 122 | CVC-300 : 0.7947383276593535 | CVC-ClinicDB : 0.9372668953096459 | CVC-ColonDB : 0.7389873203737056 | ETIS-LaribPolypDB : 0.7343623982664012 | Kvasir : 0.8486719609863653 |
2021-12-30 13:58:09.526 | CRITICAL | __main__:<module>:240 - | epoch : 122 | best_val_dice_score : 0.8108053805190943 |
2021-12-30 13:58:58.564 | INFO     | __main__:<module>:110 - | epoch : 123 | training done |
2021-12-30 13:59:15.521 | INFO     | __main__:<module>:243 - | epoch : 123 | val done |
2021-12-30 14:00:04.235 | INFO     | __main__:<module>:110 - | epoch : 124 | training done |
2021-12-30 14:00:21.201 | INFO     | __main__:<module>:243 - | epoch : 124 | val done |
2021-12-30 14:01:09.881 | INFO     | __main__:<module>:110 - | epoch : 125 | training done |
2021-12-30 14:01:26.766 | INFO     | __main__:<module>:243 - | epoch : 125 | val done |
2021-12-30 14:02:15.527 | INFO     | __main__:<module>:110 - | epoch : 126 | training done |
2021-12-30 14:02:33.319 | INFO     | __main__:<module>:243 - | epoch : 126 | val done |
2021-12-30 14:03:22.167 | INFO     | __main__:<module>:110 - | epoch : 127 | training done |
2021-12-30 14:03:39.155 | INFO     | __main__:<module>:243 - | epoch : 127 | val done |
2021-12-30 14:10:51.668 | INFO     | __main__:<module>:81 - | start training .... |
2021-12-30 14:12:24.845 | INFO     | __main__:<module>:109 - | epoch : 0 | training done |
2021-12-30 14:12:46.741 | INFO     | __main__:<module>:238 - | epoch : 0 | CVC-300 : 0.5515022039758389 | CVC-ClinicDB : 0.6602542415560858 | CVC-ColonDB : 0.5667626164062783 | ETIS-LaribPolypDB : 0.5674003519989337 | Kvasir : 0.6606854286674524 |
2021-12-30 14:12:46.741 | CRITICAL | __main__:<module>:239 - | epoch : 0 | best_val_dice_score : 0.6013209685209178 |
2021-12-30 14:14:30.153 | INFO     | __main__:<module>:109 - | epoch : 1 | training done |
2021-12-30 14:14:51.272 | INFO     | __main__:<module>:238 - | epoch : 1 | CVC-300 : 0.5481567319537842 | CVC-ClinicDB : 0.6949319759424961 | CVC-ColonDB : 0.5785635177843456 | ETIS-LaribPolypDB : 0.5597055067908517 | Kvasir : 0.6766810193131281 |
2021-12-30 14:14:51.272 | CRITICAL | __main__:<module>:239 - | epoch : 1 | best_val_dice_score : 0.6116077503569212 |
2021-12-30 14:16:27.864 | INFO     | __main__:<module>:109 - | epoch : 2 | training done |
2021-12-30 14:16:49.813 | INFO     | __main__:<module>:238 - | epoch : 2 | CVC-300 : 0.5582797869056333 | CVC-ClinicDB : 0.6979295056016299 | CVC-ColonDB : 0.5823310805276947 | ETIS-LaribPolypDB : 0.5720168721484542 | Kvasir : 0.7188346099650601 |
2021-12-30 14:16:49.813 | CRITICAL | __main__:<module>:239 - | epoch : 2 | best_val_dice_score : 0.6258783710296945 |
2021-12-30 14:18:25.713 | INFO     | __main__:<module>:109 - | epoch : 3 | training done |
2021-12-30 14:18:46.772 | INFO     | __main__:<module>:242 - | epoch : 3 | val done |
2021-12-30 14:20:29.737 | INFO     | __main__:<module>:109 - | epoch : 4 | training done |
2021-12-30 14:20:52.012 | INFO     | __main__:<module>:238 - | epoch : 4 | CVC-300 : 0.5867260089078397 | CVC-ClinicDB : 0.7461227242763026 | CVC-ColonDB : 0.6065868589185582 | ETIS-LaribPolypDB : 0.6080015938184911 | Kvasir : 0.7161716550280744 |
2021-12-30 14:20:52.012 | CRITICAL | __main__:<module>:239 - | epoch : 4 | best_val_dice_score : 0.6527217681898532 |
2021-12-30 14:22:24.518 | INFO     | __main__:<module>:109 - | epoch : 5 | training done |
2021-12-30 14:22:46.353 | INFO     | __main__:<module>:238 - | epoch : 5 | CVC-300 : 0.6137020584176722 | CVC-ClinicDB : 0.763433664235653 | CVC-ColonDB : 0.6036732398971777 | ETIS-LaribPolypDB : 0.5877034970776965 | Kvasir : 0.7180332562065098 |
2021-12-30 14:22:46.353 | CRITICAL | __main__:<module>:239 - | epoch : 5 | best_val_dice_score : 0.6573091431669419 |
2021-12-30 14:24:29.380 | INFO     | __main__:<module>:109 - | epoch : 6 | training done |
2021-12-30 14:24:50.381 | INFO     | __main__:<module>:238 - | epoch : 6 | CVC-300 : 0.618049280414515 | CVC-ClinicDB : 0.7766396319278024 | CVC-ColonDB : 0.6034321242139228 | ETIS-LaribPolypDB : 0.5943341251704154 | Kvasir : 0.7325385355246601 |
2021-12-30 14:24:50.381 | CRITICAL | __main__:<module>:239 - | epoch : 6 | best_val_dice_score : 0.6649987394502631 |
2021-12-30 14:26:27.172 | INFO     | __main__:<module>:109 - | epoch : 7 | training done |
2021-12-30 14:26:49.094 | INFO     | __main__:<module>:242 - | epoch : 7 | val done |
2021-12-30 14:28:24.694 | INFO     | __main__:<module>:109 - | epoch : 8 | training done |
2021-12-30 14:28:46.002 | INFO     | __main__:<module>:238 - | epoch : 8 | CVC-300 : 0.6515810602440611 | CVC-ClinicDB : 0.7871660110506429 | CVC-ColonDB : 0.6237600241721372 | ETIS-LaribPolypDB : 0.6211419061022233 | Kvasir : 0.7105427185403582 |
2021-12-30 14:28:46.003 | CRITICAL | __main__:<module>:239 - | epoch : 8 | best_val_dice_score : 0.6788383440218845 |
2021-12-30 14:30:29.381 | INFO     | __main__:<module>:109 - | epoch : 9 | training done |
2021-12-30 14:30:51.523 | INFO     | __main__:<module>:242 - | epoch : 9 | val done |
2021-12-30 14:32:24.224 | INFO     | __main__:<module>:109 - | epoch : 10 | training done |
2021-12-30 14:32:46.328 | INFO     | __main__:<module>:238 - | epoch : 10 | CVC-300 : 0.6387375278676304 | CVC-ClinicDB : 0.8101457800219748 | CVC-ColonDB : 0.6339606549938676 | ETIS-LaribPolypDB : 0.6313405366631841 | Kvasir : 0.7349900735904427 |
2021-12-30 14:32:46.328 | CRITICAL | __main__:<module>:239 - | epoch : 10 | best_val_dice_score : 0.68983491462742 |
2021-12-30 14:34:29.751 | INFO     | __main__:<module>:109 - | epoch : 11 | training done |
2021-12-30 14:34:50.445 | INFO     | __main__:<module>:238 - | epoch : 11 | CVC-300 : 0.6399249466685423 | CVC-ClinicDB : 0.8161168265686569 | CVC-ColonDB : 0.6390575766863402 | ETIS-LaribPolypDB : 0.6394046950375196 | Kvasir : 0.7569040688252018 |
2021-12-30 14:34:50.446 | CRITICAL | __main__:<module>:239 - | epoch : 11 | best_val_dice_score : 0.6982816227572523 |
2021-12-30 14:36:28.240 | INFO     | __main__:<module>:109 - | epoch : 12 | training done |
2021-12-30 14:36:50.151 | INFO     | __main__:<module>:238 - | epoch : 12 | CVC-300 : 0.6304913424001439 | CVC-ClinicDB : 0.8206467121576766 | CVC-ColonDB : 0.6363922268690202 | ETIS-LaribPolypDB : 0.6571753177397267 | Kvasir : 0.7578382104089527 |
2021-12-30 14:36:50.151 | CRITICAL | __main__:<module>:239 - | epoch : 12 | best_val_dice_score : 0.7005087619151039 |
2021-12-30 14:38:24.535 | INFO     | __main__:<module>:109 - | epoch : 13 | training done |
2021-12-30 14:38:46.343 | INFO     | __main__:<module>:238 - | epoch : 13 | CVC-300 : 0.6345433704267253 | CVC-ClinicDB : 0.8235547529958389 | CVC-ColonDB : 0.6406495162992071 | ETIS-LaribPolypDB : 0.6443118230745519 | Kvasir : 0.7955533517746418 |
2021-12-30 14:38:46.343 | CRITICAL | __main__:<module>:239 - | epoch : 13 | best_val_dice_score : 0.7077225629141931 |
2021-12-30 14:40:29.520 | INFO     | __main__:<module>:109 - | epoch : 14 | training done |
2021-12-30 14:40:51.499 | INFO     | __main__:<module>:242 - | epoch : 14 | val done |
2021-12-30 14:42:23.564 | INFO     | __main__:<module>:109 - | epoch : 15 | training done |
2021-12-30 14:42:45.614 | INFO     | __main__:<module>:238 - | epoch : 15 | CVC-300 : 0.6216721145264652 | CVC-ClinicDB : 0.8535284959396457 | CVC-ColonDB : 0.6433696091561223 | ETIS-LaribPolypDB : 0.6684016335211005 | Kvasir : 0.8061018279339411 |
2021-12-30 14:42:45.614 | CRITICAL | __main__:<module>:239 - | epoch : 15 | best_val_dice_score : 0.718614736215455 |
2021-12-30 14:44:28.729 | INFO     | __main__:<module>:109 - | epoch : 16 | training done |
2021-12-30 14:44:48.941 | INFO     | __main__:<module>:238 - | epoch : 16 | CVC-300 : 0.6375359077156331 | CVC-ClinicDB : 0.8580047371292256 | CVC-ColonDB : 0.649335380432856 | ETIS-LaribPolypDB : 0.6684662539564127 | Kvasir : 0.7877464184712487 |
2021-12-30 14:44:48.941 | CRITICAL | __main__:<module>:239 - | epoch : 16 | best_val_dice_score : 0.7202177395410752 |
2021-12-30 14:46:26.968 | INFO     | __main__:<module>:109 - | epoch : 17 | training done |
2021-12-30 14:46:48.934 | INFO     | __main__:<module>:242 - | epoch : 17 | val done |
2021-12-30 14:48:22.795 | INFO     | __main__:<module>:109 - | epoch : 18 | training done |
2021-12-30 14:48:44.562 | INFO     | __main__:<module>:238 - | epoch : 18 | CVC-300 : 0.6273558284404892 | CVC-ClinicDB : 0.8523584754762601 | CVC-ColonDB : 0.6544680156353023 | ETIS-LaribPolypDB : 0.6585010376121038 | Kvasir : 0.8217724494429679 |
2021-12-30 14:48:44.562 | CRITICAL | __main__:<module>:239 - | epoch : 18 | best_val_dice_score : 0.7228911613214246 |
2021-12-30 14:50:27.608 | INFO     | __main__:<module>:109 - | epoch : 19 | training done |
2021-12-30 14:50:49.504 | INFO     | __main__:<module>:242 - | epoch : 19 | val done |
2021-12-30 14:52:22.156 | INFO     | __main__:<module>:109 - | epoch : 20 | training done |
2021-12-30 14:52:44.126 | INFO     | __main__:<module>:238 - | epoch : 20 | CVC-300 : 0.6478746316321409 | CVC-ClinicDB : 0.8629590142187538 | CVC-ColonDB : 0.6516413403652491 | ETIS-LaribPolypDB : 0.707298386902018 | Kvasir : 0.7963354634610664 |
2021-12-30 14:52:44.127 | CRITICAL | __main__:<module>:239 - | epoch : 20 | best_val_dice_score : 0.7332217673158457 |
2021-12-30 14:54:27.383 | INFO     | __main__:<module>:109 - | epoch : 21 | training done |
2021-12-30 14:54:47.243 | INFO     | __main__:<module>:242 - | epoch : 21 | val done |
2021-12-30 14:56:25.345 | INFO     | __main__:<module>:109 - | epoch : 22 | training done |
2021-12-30 14:56:47.537 | INFO     | __main__:<module>:238 - | epoch : 22 | CVC-300 : 0.6390629143796065 | CVC-ClinicDB : 0.8716382835294149 | CVC-ColonDB : 0.6633556805259251 | ETIS-LaribPolypDB : 0.719215110378144 | Kvasir : 0.7917539220732688 |
2021-12-30 14:56:47.538 | CRITICAL | __main__:<module>:239 - | epoch : 22 | best_val_dice_score : 0.7370051821772718 |
2021-12-30 14:58:21.220 | INFO     | __main__:<module>:109 - | epoch : 23 | training done |
2021-12-30 14:58:43.279 | INFO     | __main__:<module>:242 - | epoch : 23 | val done |
2021-12-30 15:00:26.069 | INFO     | __main__:<module>:109 - | epoch : 24 | training done |
2021-12-30 15:00:48.154 | INFO     | __main__:<module>:242 - | epoch : 24 | val done |
2021-12-30 15:02:20.333 | INFO     | __main__:<module>:109 - | epoch : 25 | training done |
2021-12-30 15:02:42.379 | INFO     | __main__:<module>:238 - | epoch : 25 | CVC-300 : 0.6773815435087853 | CVC-ClinicDB : 0.894343933566433 | CVC-ColonDB : 0.6807010164808854 | ETIS-LaribPolypDB : 0.6909064565677484 | Kvasir : 0.8157806242785103 |
2021-12-30 15:02:42.379 | CRITICAL | __main__:<module>:239 - | epoch : 25 | best_val_dice_score : 0.7518227148804726 |
2021-12-30 15:04:25.275 | INFO     | __main__:<module>:109 - | epoch : 26 | training done |
2021-12-30 15:04:45.113 | INFO     | __main__:<module>:238 - | epoch : 26 | CVC-300 : 0.6859802694532127 | CVC-ClinicDB : 0.8943246292809632 | CVC-ColonDB : 0.6897375028149316 | ETIS-LaribPolypDB : 0.6839575875124057 | Kvasir : 0.8527672100433872 |
2021-12-30 15:04:45.113 | CRITICAL | __main__:<module>:239 - | epoch : 26 | best_val_dice_score : 0.76135343982098 |
2021-12-30 15:06:24.638 | INFO     | __main__:<module>:109 - | epoch : 27 | training done |
2021-12-30 15:06:46.608 | INFO     | __main__:<module>:238 - | epoch : 27 | CVC-300 : 0.6831841907617927 | CVC-ClinicDB : 0.8959053179866576 | CVC-ColonDB : 0.704539976404542 | ETIS-LaribPolypDB : 0.7081536530271679 | Kvasir : 0.8295648927856325 |
2021-12-30 15:06:46.609 | CRITICAL | __main__:<module>:239 - | epoch : 27 | best_val_dice_score : 0.7642696061931586 |
2021-12-30 15:08:19.283 | INFO     | __main__:<module>:109 - | epoch : 28 | training done |
2021-12-30 15:08:41.223 | INFO     | __main__:<module>:242 - | epoch : 28 | val done |
2021-12-30 15:10:24.235 | INFO     | __main__:<module>:109 - | epoch : 29 | training done |
2021-12-30 15:10:46.110 | INFO     | __main__:<module>:242 - | epoch : 29 | val done |
2021-12-30 15:12:18.357 | INFO     | __main__:<module>:109 - | epoch : 30 | training done |
2021-12-30 15:12:40.411 | INFO     | __main__:<module>:242 - | epoch : 30 | val done |
2021-12-30 15:14:23.229 | INFO     | __main__:<module>:109 - | epoch : 31 | training done |
2021-12-30 15:14:43.138 | INFO     | __main__:<module>:242 - | epoch : 31 | val done |
2021-12-30 15:16:23.131 | INFO     | __main__:<module>:109 - | epoch : 32 | training done |
2021-12-30 15:16:45.132 | INFO     | __main__:<module>:238 - | epoch : 32 | CVC-300 : 0.6865782591549228 | CVC-ClinicDB : 0.9069835969784703 | CVC-ColonDB : 0.6820988397552852 | ETIS-LaribPolypDB : 0.7132707787038254 | Kvasir : 0.8421807714531749 |
2021-12-30 15:16:45.133 | CRITICAL | __main__:<module>:239 - | epoch : 32 | best_val_dice_score : 0.7662224492091358 |
2021-12-30 15:18:17.727 | INFO     | __main__:<module>:109 - | epoch : 33 | training done |
2021-12-30 15:18:39.664 | INFO     | __main__:<module>:238 - | epoch : 33 | CVC-300 : 0.7157403251418386 | CVC-ClinicDB : 0.9037642574913486 | CVC-ColonDB : 0.6957475111521978 | ETIS-LaribPolypDB : 0.7123577126197976 | Kvasir : 0.8059166260200377 |
2021-12-30 15:18:39.664 | CRITICAL | __main__:<module>:239 - | epoch : 33 | best_val_dice_score : 0.766705286485044 |
2021-12-30 15:20:22.773 | INFO     | __main__:<module>:109 - | epoch : 34 | training done |
2021-12-30 15:20:44.906 | INFO     | __main__:<module>:238 - | epoch : 34 | CVC-300 : 0.707226002004372 | CVC-ClinicDB : 0.9174812085163693 | CVC-ColonDB : 0.7027416295798732 | ETIS-LaribPolypDB : 0.7350050902220099 | Kvasir : 0.8180656271367064 |
2021-12-30 15:20:44.906 | CRITICAL | __main__:<module>:239 - | epoch : 34 | best_val_dice_score : 0.7761039114918662 |
2021-12-30 15:22:17.385 | INFO     | __main__:<module>:109 - | epoch : 35 | training done |
2021-12-30 15:22:39.519 | INFO     | __main__:<module>:242 - | epoch : 35 | val done |
2021-12-30 15:24:22.173 | INFO     | __main__:<module>:109 - | epoch : 36 | training done |
2021-12-30 15:24:42.234 | INFO     | __main__:<module>:242 - | epoch : 36 | val done |
2021-12-30 15:26:22.204 | INFO     | __main__:<module>:109 - | epoch : 37 | training done |
2021-12-30 15:26:44.219 | INFO     | __main__:<module>:242 - | epoch : 37 | val done |
2021-12-30 15:28:16.565 | INFO     | __main__:<module>:109 - | epoch : 38 | training done |
2021-12-30 15:28:38.439 | INFO     | __main__:<module>:242 - | epoch : 38 | val done |
2021-12-30 15:30:21.379 | INFO     | __main__:<module>:109 - | epoch : 39 | training done |
2021-12-30 15:30:43.430 | INFO     | __main__:<module>:242 - | epoch : 39 | val done |
2021-12-30 15:32:16.178 | INFO     | __main__:<module>:109 - | epoch : 40 | training done |
2021-12-30 15:32:38.249 | INFO     | __main__:<module>:242 - | epoch : 40 | val done |
2021-12-30 15:34:21.078 | INFO     | __main__:<module>:109 - | epoch : 41 | training done |
2021-12-30 15:34:40.385 | INFO     | __main__:<module>:242 - | epoch : 41 | val done |
2021-12-30 15:36:21.255 | INFO     | __main__:<module>:109 - | epoch : 42 | training done |
2021-12-30 15:36:43.235 | INFO     | __main__:<module>:238 - | epoch : 42 | CVC-300 : 0.7150571191004774 | CVC-ClinicDB : 0.9165714984070905 | CVC-ColonDB : 0.7084957528919054 | ETIS-LaribPolypDB : 0.6955435465554185 | Kvasir : 0.8451731421399493 |
2021-12-30 15:36:43.236 | CRITICAL | __main__:<module>:239 - | epoch : 42 | best_val_dice_score : 0.7761682118189682 |
2021-12-30 15:38:16.644 | INFO     | __main__:<module>:109 - | epoch : 43 | training done |
2021-12-30 15:38:38.610 | INFO     | __main__:<module>:242 - | epoch : 43 | val done |
2021-12-30 15:40:21.818 | INFO     | __main__:<module>:109 - | epoch : 44 | training done |
2021-12-30 15:40:44.232 | INFO     | __main__:<module>:242 - | epoch : 44 | val done |
2021-12-30 15:42:16.750 | INFO     | __main__:<module>:109 - | epoch : 45 | training done |
2021-12-30 15:42:38.720 | INFO     | __main__:<module>:238 - | epoch : 45 | CVC-300 : 0.7629265401283887 | CVC-ClinicDB : 0.9124238846595675 | CVC-ColonDB : 0.7186592526695921 | ETIS-LaribPolypDB : 0.6936228119905463 | Kvasir : 0.8380225634111671 |
2021-12-30 15:42:38.720 | CRITICAL | __main__:<module>:239 - | epoch : 45 | best_val_dice_score : 0.7851310105718523 |
2021-12-30 15:44:21.105 | INFO     | __main__:<module>:109 - | epoch : 46 | training done |
2021-12-30 15:44:40.666 | INFO     | __main__:<module>:242 - | epoch : 46 | val done |
2021-12-30 15:46:22.540 | INFO     | __main__:<module>:109 - | epoch : 47 | training done |
2021-12-30 15:46:44.469 | INFO     | __main__:<module>:242 - | epoch : 47 | val done |
2021-12-30 15:48:17.495 | INFO     | __main__:<module>:109 - | epoch : 48 | training done |
2021-12-30 15:48:39.404 | INFO     | __main__:<module>:238 - | epoch : 48 | CVC-300 : 0.7425880394900065 | CVC-ClinicDB : 0.925551507451281 | CVC-ColonDB : 0.7130774763318276 | ETIS-LaribPolypDB : 0.718852826174284 | Kvasir : 0.8401542993986072 |
2021-12-30 15:48:39.404 | CRITICAL | __main__:<module>:239 - | epoch : 48 | best_val_dice_score : 0.7880448297692013 |
2021-12-30 15:50:22.539 | INFO     | __main__:<module>:109 - | epoch : 49 | training done |
2021-12-30 15:50:44.502 | INFO     | __main__:<module>:242 - | epoch : 49 | val done |
2021-12-30 15:52:17.340 | INFO     | __main__:<module>:109 - | epoch : 50 | training done |
2021-12-30 15:52:39.237 | INFO     | __main__:<module>:238 - | epoch : 50 | CVC-300 : 0.7629988879614706 | CVC-ClinicDB : 0.9153904768775057 | CVC-ColonDB : 0.718717099672558 | ETIS-LaribPolypDB : 0.7146022687782009 | Kvasir : 0.8613196676367498 |
2021-12-30 15:52:39.238 | CRITICAL | __main__:<module>:239 - | epoch : 50 | best_val_dice_score : 0.794605680185297 |
2021-12-30 15:54:20.595 | INFO     | __main__:<module>:109 - | epoch : 51 | training done |
2021-12-30 15:54:40.677 | INFO     | __main__:<module>:242 - | epoch : 51 | val done |
2021-12-30 15:56:23.612 | INFO     | __main__:<module>:109 - | epoch : 52 | training done |
2021-12-30 15:56:45.592 | INFO     | __main__:<module>:242 - | epoch : 52 | val done |
2021-12-30 15:58:18.632 | INFO     | __main__:<module>:109 - | epoch : 53 | training done |
2021-12-30 15:58:40.615 | INFO     | __main__:<module>:238 - | epoch : 53 | CVC-300 : 0.7533694803466631 | CVC-ClinicDB : 0.9249321032346605 | CVC-ColonDB : 0.7120629465686878 | ETIS-LaribPolypDB : 0.7629975049804582 | Kvasir : 0.8576770471308535 |
2021-12-30 15:58:40.615 | CRITICAL | __main__:<module>:239 - | epoch : 53 | best_val_dice_score : 0.8022078164522647 |
2021-12-30 16:00:23.989 | INFO     | __main__:<module>:109 - | epoch : 54 | training done |
2021-12-30 16:00:46.117 | INFO     | __main__:<module>:242 - | epoch : 54 | val done |
2021-12-30 16:02:18.632 | INFO     | __main__:<module>:109 - | epoch : 55 | training done |
2021-12-30 16:02:40.653 | INFO     | __main__:<module>:242 - | epoch : 55 | val done |
2021-12-30 16:04:20.470 | INFO     | __main__:<module>:109 - | epoch : 56 | training done |
2021-12-30 16:04:40.378 | INFO     | __main__:<module>:242 - | epoch : 56 | val done |
2021-12-30 16:06:23.476 | INFO     | __main__:<module>:109 - | epoch : 57 | training done |
2021-12-30 16:06:45.400 | INFO     | __main__:<module>:242 - | epoch : 57 | val done |
2021-12-30 16:08:17.704 | INFO     | __main__:<module>:109 - | epoch : 58 | training done |
2021-12-30 16:08:39.629 | INFO     | __main__:<module>:242 - | epoch : 58 | val done |
2021-12-30 16:10:22.519 | INFO     | __main__:<module>:109 - | epoch : 59 | training done |
2021-12-30 16:10:44.530 | INFO     | __main__:<module>:242 - | epoch : 59 | val done |
2021-12-30 16:12:17.135 | INFO     | __main__:<module>:109 - | epoch : 60 | training done |
2021-12-30 16:12:39.261 | INFO     | __main__:<module>:242 - | epoch : 60 | val done |
2021-12-30 16:14:18.381 | INFO     | __main__:<module>:109 - | epoch : 61 | training done |
2021-12-30 16:14:38.472 | INFO     | __main__:<module>:242 - | epoch : 61 | val done |
2021-12-30 16:16:21.322 | INFO     | __main__:<module>:109 - | epoch : 62 | training done |
2021-12-30 16:16:43.487 | INFO     | __main__:<module>:242 - | epoch : 62 | val done |
2021-12-30 16:18:16.224 | INFO     | __main__:<module>:109 - | epoch : 63 | training done |
2021-12-30 16:18:38.092 | INFO     | __main__:<module>:242 - | epoch : 63 | val done |
2021-12-30 16:20:20.948 | INFO     | __main__:<module>:109 - | epoch : 64 | training done |
2021-12-30 16:20:43.109 | INFO     | __main__:<module>:242 - | epoch : 64 | val done |
2021-12-30 16:22:15.904 | INFO     | __main__:<module>:109 - | epoch : 65 | training done |
2021-12-30 16:22:38.012 | INFO     | __main__:<module>:238 - | epoch : 65 | CVC-300 : 0.7779455492465781 | CVC-ClinicDB : 0.9226888353365992 | CVC-ColonDB : 0.7293510864742295 | ETIS-LaribPolypDB : 0.7762344841416569 | Kvasir : 0.8510754080845315 |
2021-12-30 16:22:38.013 | CRITICAL | __main__:<module>:239 - | epoch : 65 | best_val_dice_score : 0.811459072656719 |
2021-12-30 16:24:17.006 | INFO     | __main__:<module>:109 - | epoch : 66 | training done |
2021-12-30 16:24:37.620 | INFO     | __main__:<module>:242 - | epoch : 66 | val done |
2021-12-30 16:26:20.551 | INFO     | __main__:<module>:109 - | epoch : 67 | training done |
2021-12-30 16:26:42.698 | INFO     | __main__:<module>:242 - | epoch : 67 | val done |
2021-12-30 16:28:15.110 | INFO     | __main__:<module>:109 - | epoch : 68 | training done |
2021-12-30 16:28:36.995 | INFO     | __main__:<module>:242 - | epoch : 68 | val done |
2021-12-30 16:30:19.896 | INFO     | __main__:<module>:109 - | epoch : 69 | training done |
2021-12-30 16:30:41.381 | INFO     | __main__:<module>:242 - | epoch : 69 | val done |
2021-12-30 16:32:15.345 | INFO     | __main__:<module>:109 - | epoch : 70 | training done |
2021-12-30 16:32:37.324 | INFO     | __main__:<module>:242 - | epoch : 70 | val done |
2021-12-30 16:34:15.210 | INFO     | __main__:<module>:109 - | epoch : 71 | training done |
2021-12-30 16:34:36.028 | INFO     | __main__:<module>:242 - | epoch : 71 | val done |
2021-12-30 16:36:18.859 | INFO     | __main__:<module>:109 - | epoch : 72 | training done |
2021-12-30 16:36:40.734 | INFO     | __main__:<module>:242 - | epoch : 72 | val done |
2021-12-30 16:38:13.426 | INFO     | __main__:<module>:109 - | epoch : 73 | training done |
2021-12-30 16:38:35.241 | INFO     | __main__:<module>:242 - | epoch : 73 | val done |
2021-12-30 16:40:18.136 | INFO     | __main__:<module>:109 - | epoch : 74 | training done |
2021-12-30 16:40:39.718 | INFO     | __main__:<module>:242 - | epoch : 74 | val done |
2021-12-30 16:42:14.079 | INFO     | __main__:<module>:109 - | epoch : 75 | training done |
2021-12-30 16:42:36.070 | INFO     | __main__:<module>:242 - | epoch : 75 | val done |
2021-12-30 16:44:13.787 | INFO     | __main__:<module>:109 - | epoch : 76 | training done |
2021-12-30 16:44:34.253 | INFO     | __main__:<module>:242 - | epoch : 76 | val done |
2021-12-30 16:46:17.183 | INFO     | __main__:<module>:109 - | epoch : 77 | training done |
2021-12-30 16:46:39.037 | INFO     | __main__:<module>:242 - | epoch : 77 | val done |
2021-12-30 16:48:11.384 | INFO     | __main__:<module>:109 - | epoch : 78 | training done |
2021-12-30 16:48:33.353 | INFO     | __main__:<module>:242 - | epoch : 78 | val done |
2021-12-30 16:50:16.173 | INFO     | __main__:<module>:109 - | epoch : 79 | training done |
2021-12-30 16:50:37.796 | INFO     | __main__:<module>:242 - | epoch : 79 | val done |
2021-12-30 16:52:13.420 | INFO     | __main__:<module>:109 - | epoch : 80 | training done |
2021-12-30 16:52:35.277 | INFO     | __main__:<module>:238 - | epoch : 80 | CVC-300 : 0.794903882746728 | CVC-ClinicDB : 0.9229072986171916 | CVC-ColonDB : 0.7437591733923453 | ETIS-LaribPolypDB : 0.7211236988476196 | Kvasir : 0.8847294827997204 |
2021-12-30 16:52:35.277 | CRITICAL | __main__:<module>:239 - | epoch : 80 | best_val_dice_score : 0.813484707280721 |
2021-12-30 16:54:12.440 | INFO     | __main__:<module>:109 - | epoch : 81 | training done |
2021-12-30 16:54:33.198 | INFO     | __main__:<module>:242 - | epoch : 81 | val done |
2021-12-30 16:56:16.131 | INFO     | __main__:<module>:109 - | epoch : 82 | training done |
2021-12-30 16:56:37.974 | INFO     | __main__:<module>:242 - | epoch : 82 | val done |
2021-12-30 16:58:11.078 | INFO     | __main__:<module>:109 - | epoch : 83 | training done |
2021-12-30 16:58:33.090 | INFO     | __main__:<module>:242 - | epoch : 83 | val done |
2021-12-30 17:00:16.320 | INFO     | __main__:<module>:109 - | epoch : 84 | training done |
2021-12-30 17:00:37.616 | INFO     | __main__:<module>:242 - | epoch : 84 | val done |
2021-12-30 17:02:14.285 | INFO     | __main__:<module>:109 - | epoch : 85 | training done |
2021-12-30 17:02:36.383 | INFO     | __main__:<module>:242 - | epoch : 85 | val done |
2021-12-30 17:04:12.083 | INFO     | __main__:<module>:109 - | epoch : 86 | training done |
2021-12-30 17:04:33.435 | INFO     | __main__:<module>:242 - | epoch : 86 | val done |
2021-12-30 17:06:16.425 | INFO     | __main__:<module>:109 - | epoch : 87 | training done |
2021-12-30 17:06:38.382 | INFO     | __main__:<module>:238 - | epoch : 87 | CVC-300 : 0.8091186743126733 | CVC-ClinicDB : 0.9253613699630172 | CVC-ColonDB : 0.73368489097439 | ETIS-LaribPolypDB : 0.7483679685291963 | Kvasir : 0.8677179388680739 |
2021-12-30 17:06:38.383 | CRITICAL | __main__:<module>:239 - | epoch : 87 | best_val_dice_score : 0.8168501685294702 |
2021-12-30 17:08:11.392 | INFO     | __main__:<module>:109 - | epoch : 88 | training done |
2021-12-30 17:08:33.359 | INFO     | __main__:<module>:238 - | epoch : 88 | CVC-300 : 0.7857147534068074 | CVC-ClinicDB : 0.9378128724731574 | CVC-ColonDB : 0.7393124450455111 | ETIS-LaribPolypDB : 0.76293335819685 | Kvasir : 0.8730327655475014 |
2021-12-30 17:08:33.360 | CRITICAL | __main__:<module>:239 - | epoch : 88 | best_val_dice_score : 0.8197612389339655 |
2021-12-30 17:10:16.328 | INFO     | __main__:<module>:109 - | epoch : 89 | training done |
2021-12-30 17:10:36.955 | INFO     | __main__:<module>:238 - | epoch : 89 | CVC-300 : 0.8192592537000081 | CVC-ClinicDB : 0.9393922395466026 | CVC-ColonDB : 0.7337936738789539 | ETIS-LaribPolypDB : 0.7709067707455083 | Kvasir : 0.8697283337133022 |
2021-12-30 17:10:36.955 | CRITICAL | __main__:<module>:239 - | epoch : 89 | best_val_dice_score : 0.826616054316875 |
2021-12-30 17:12:14.540 | INFO     | __main__:<module>:109 - | epoch : 90 | training done |
2021-12-30 17:12:36.538 | INFO     | __main__:<module>:242 - | epoch : 90 | val done |
2021-12-30 17:14:11.630 | INFO     | __main__:<module>:109 - | epoch : 91 | training done |
2021-12-30 17:14:33.408 | INFO     | __main__:<module>:242 - | epoch : 91 | val done |
2021-12-30 17:16:16.357 | INFO     | __main__:<module>:109 - | epoch : 92 | training done |
2021-12-30 17:16:38.173 | INFO     | __main__:<module>:242 - | epoch : 92 | val done |
2021-12-30 17:18:10.651 | INFO     | __main__:<module>:109 - | epoch : 93 | training done |
2021-12-30 17:18:32.603 | INFO     | __main__:<module>:242 - | epoch : 93 | val done |
2021-12-30 17:20:15.812 | INFO     | __main__:<module>:109 - | epoch : 94 | training done |
2021-12-30 17:20:36.513 | INFO     | __main__:<module>:242 - | epoch : 94 | val done |
2021-12-30 17:22:14.929 | INFO     | __main__:<module>:109 - | epoch : 95 | training done |
2021-12-30 17:22:36.935 | INFO     | __main__:<module>:242 - | epoch : 95 | val done |
2021-12-30 17:24:10.622 | INFO     | __main__:<module>:109 - | epoch : 96 | training done |
2021-12-30 17:24:32.638 | INFO     | __main__:<module>:242 - | epoch : 96 | val done |
2021-12-30 17:26:15.557 | INFO     | __main__:<module>:109 - | epoch : 97 | training done |
2021-12-30 17:26:37.582 | INFO     | __main__:<module>:238 - | epoch : 97 | CVC-300 : 0.7945421547214754 | CVC-ClinicDB : 0.9375493592061751 | CVC-ColonDB : 0.7394902339236237 | ETIS-LaribPolypDB : 0.7857864351744703 | Kvasir : 0.8911260327944044 |
2021-12-30 17:26:37.583 | CRITICAL | __main__:<module>:239 - | epoch : 97 | best_val_dice_score : 0.8296988431640298 |
2021-12-30 17:28:10.719 | INFO     | __main__:<module>:109 - | epoch : 98 | training done |
2021-12-30 17:28:32.691 | INFO     | __main__:<module>:242 - | epoch : 98 | val done |
2021-12-30 17:30:15.578 | INFO     | __main__:<module>:109 - | epoch : 99 | training done |
2021-12-30 17:30:35.280 | INFO     | __main__:<module>:242 - | epoch : 99 | val done |
2021-12-30 17:32:15.279 | INFO     | __main__:<module>:109 - | epoch : 100 | training done |
2021-12-30 17:32:37.250 | INFO     | __main__:<module>:242 - | epoch : 100 | val done |
2021-12-30 17:34:10.015 | INFO     | __main__:<module>:109 - | epoch : 101 | training done |
2021-12-30 17:34:31.974 | INFO     | __main__:<module>:242 - | epoch : 101 | val done |
2021-12-30 17:36:14.837 | INFO     | __main__:<module>:109 - | epoch : 102 | training done |
2021-12-30 17:36:36.887 | INFO     | __main__:<module>:242 - | epoch : 102 | val done |
2021-12-30 17:38:09.322 | INFO     | __main__:<module>:109 - | epoch : 103 | training done |
2021-12-30 17:38:31.388 | INFO     | __main__:<module>:242 - | epoch : 103 | val done |
2021-12-30 17:40:14.213 | INFO     | __main__:<module>:109 - | epoch : 104 | training done |
2021-12-30 17:40:33.756 | INFO     | __main__:<module>:242 - | epoch : 104 | val done |
2021-12-30 17:42:13.298 | INFO     | __main__:<module>:109 - | epoch : 105 | training done |
2021-12-30 17:42:35.225 | INFO     | __main__:<module>:242 - | epoch : 105 | val done |
2021-12-30 17:44:08.249 | INFO     | __main__:<module>:109 - | epoch : 106 | training done |
2021-12-30 17:44:30.125 | INFO     | __main__:<module>:242 - | epoch : 106 | val done |
2021-12-30 17:46:13.125 | INFO     | __main__:<module>:109 - | epoch : 107 | training done |
2021-12-30 17:46:34.930 | INFO     | __main__:<module>:242 - | epoch : 107 | val done |
2021-12-30 17:48:08.016 | INFO     | __main__:<module>:109 - | epoch : 108 | training done |
2021-12-30 17:48:29.996 | INFO     | __main__:<module>:242 - | epoch : 108 | val done |
2021-12-30 17:50:12.745 | INFO     | __main__:<module>:109 - | epoch : 109 | training done |
2021-12-30 17:50:32.661 | INFO     | __main__:<module>:242 - | epoch : 109 | val done |
2021-12-30 17:52:12.905 | INFO     | __main__:<module>:109 - | epoch : 110 | training done |
2021-12-30 17:52:35.236 | INFO     | __main__:<module>:242 - | epoch : 110 | val done |
2021-12-30 17:54:08.154 | INFO     | __main__:<module>:109 - | epoch : 111 | training done |
2021-12-30 17:54:30.059 | INFO     | __main__:<module>:242 - | epoch : 111 | val done |
2021-12-30 17:56:13.190 | INFO     | __main__:<module>:109 - | epoch : 112 | training done |
2021-12-30 17:56:35.151 | INFO     | __main__:<module>:242 - | epoch : 112 | val done |
2021-12-30 17:58:08.057 | INFO     | __main__:<module>:109 - | epoch : 113 | training done |
2021-12-30 17:58:30.042 | INFO     | __main__:<module>:242 - | epoch : 113 | val done |
2021-12-30 18:00:12.786 | INFO     | __main__:<module>:109 - | epoch : 114 | training done |
2021-12-30 18:00:32.832 | INFO     | __main__:<module>:242 - | epoch : 114 | val done |
2021-12-30 18:02:14.471 | INFO     | __main__:<module>:109 - | epoch : 115 | training done |
2021-12-30 18:02:36.771 | INFO     | __main__:<module>:242 - | epoch : 115 | val done |
2021-12-30 18:04:09.600 | INFO     | __main__:<module>:109 - | epoch : 116 | training done |
2021-12-30 18:04:31.888 | INFO     | __main__:<module>:242 - | epoch : 116 | val done |
2021-12-30 18:06:14.688 | INFO     | __main__:<module>:109 - | epoch : 117 | training done |
2021-12-30 18:06:36.842 | INFO     | __main__:<module>:242 - | epoch : 117 | val done |
2021-12-30 18:08:09.563 | INFO     | __main__:<module>:109 - | epoch : 118 | training done |
2021-12-30 18:08:31.382 | INFO     | __main__:<module>:242 - | epoch : 118 | val done |
2021-12-30 18:10:13.253 | INFO     | __main__:<module>:109 - | epoch : 119 | training done |
2021-12-30 18:10:33.240 | INFO     | __main__:<module>:242 - | epoch : 119 | val done |
2021-12-30 18:12:15.388 | INFO     | __main__:<module>:109 - | epoch : 120 | training done |
2021-12-30 18:12:37.453 | INFO     | __main__:<module>:242 - | epoch : 120 | val done |
2021-12-30 18:14:10.387 | INFO     | __main__:<module>:109 - | epoch : 121 | training done |
2021-12-30 18:14:32.451 | INFO     | __main__:<module>:242 - | epoch : 121 | val done |
2021-12-30 18:16:15.482 | INFO     | __main__:<module>:109 - | epoch : 122 | training done |
2021-12-30 18:16:37.504 | INFO     | __main__:<module>:242 - | epoch : 122 | val done |
2021-12-30 18:18:10.131 | INFO     | __main__:<module>:109 - | epoch : 123 | training done |
2021-12-30 18:18:32.102 | INFO     | __main__:<module>:242 - | epoch : 123 | val done |
2021-12-30 18:20:13.071 | INFO     | __main__:<module>:109 - | epoch : 124 | training done |
2021-12-30 18:20:33.199 | INFO     | __main__:<module>:242 - | epoch : 124 | val done |
2021-12-30 18:22:16.444 | INFO     | __main__:<module>:109 - | epoch : 125 | training done |
2021-12-30 18:22:38.276 | INFO     | __main__:<module>:242 - | epoch : 125 | val done |
2021-12-30 18:24:10.940 | INFO     | __main__:<module>:109 - | epoch : 126 | training done |
2021-12-30 18:24:32.857 | INFO     | __main__:<module>:242 - | epoch : 126 | val done |
2021-12-30 18:26:15.640 | INFO     | __main__:<module>:109 - | epoch : 127 | training done |
2021-12-30 18:26:37.515 | INFO     | __main__:<module>:242 - | epoch : 127 | val done |
2021-12-30 18:28:10.635 | INFO     | __main__:<module>:109 - | epoch : 128 | training done |
2021-12-30 18:28:32.624 | INFO     | __main__:<module>:242 - | epoch : 128 | val done |
2021-12-30 18:30:12.754 | INFO     | __main__:<module>:109 - | epoch : 129 | training done |
2021-12-30 18:30:32.499 | INFO     | __main__:<module>:242 - | epoch : 129 | val done |
2021-12-30 18:32:15.432 | INFO     | __main__:<module>:109 - | epoch : 130 | training done |
2021-12-30 18:32:37.461 | INFO     | __main__:<module>:242 - | epoch : 130 | val done |
2021-12-30 18:34:10.279 | INFO     | __main__:<module>:109 - | epoch : 131 | training done |
2021-12-30 18:34:32.320 | INFO     | __main__:<module>:238 - | epoch : 131 | CVC-300 : 0.8348353157404211 | CVC-ClinicDB : 0.9463339119411003 | CVC-ColonDB : 0.7437698589880665 | ETIS-LaribPolypDB : 0.7798363477434224 | Kvasir : 0.8883824006474178 |
2021-12-30 18:34:32.320 | CRITICAL | __main__:<module>:239 - | epoch : 131 | best_val_dice_score : 0.8386315670120856 |
2021-12-30 18:36:15.182 | INFO     | __main__:<module>:109 - | epoch : 132 | training done |
2021-12-30 18:36:37.072 | INFO     | __main__:<module>:242 - | epoch : 132 | val done |
2021-12-30 18:38:09.969 | INFO     | __main__:<module>:109 - | epoch : 133 | training done |
2021-12-30 18:38:31.912 | INFO     | __main__:<module>:242 - | epoch : 133 | val done |
2021-12-30 18:40:11.774 | INFO     | __main__:<module>:109 - | epoch : 134 | training done |
2021-12-30 18:40:31.805 | INFO     | __main__:<module>:242 - | epoch : 134 | val done |
2021-12-30 18:42:14.610 | INFO     | __main__:<module>:109 - | epoch : 135 | training done |
2021-12-30 18:42:36.505 | INFO     | __main__:<module>:242 - | epoch : 135 | val done |
2021-12-30 18:44:09.143 | INFO     | __main__:<module>:109 - | epoch : 136 | training done |
2021-12-30 18:44:31.102 | INFO     | __main__:<module>:242 - | epoch : 136 | val done |
2021-12-30 18:46:14.065 | INFO     | __main__:<module>:109 - | epoch : 137 | training done |
2021-12-30 18:46:35.980 | INFO     | __main__:<module>:242 - | epoch : 137 | val done |
2021-12-30 18:48:08.101 | INFO     | __main__:<module>:109 - | epoch : 138 | training done |
2021-12-30 18:48:30.027 | INFO     | __main__:<module>:242 - | epoch : 138 | val done |
2021-12-30 18:50:09.523 | INFO     | __main__:<module>:109 - | epoch : 139 | training done |
2021-12-30 18:50:29.584 | INFO     | __main__:<module>:242 - | epoch : 139 | val done |
2021-12-30 18:52:12.461 | INFO     | __main__:<module>:109 - | epoch : 140 | training done |
2021-12-30 18:52:34.630 | INFO     | __main__:<module>:242 - | epoch : 140 | val done |
2021-12-30 18:54:07.352 | INFO     | __main__:<module>:109 - | epoch : 141 | training done |
2021-12-30 18:54:29.096 | INFO     | __main__:<module>:242 - | epoch : 141 | val done |
2021-12-30 18:56:12.112 | INFO     | __main__:<module>:109 - | epoch : 142 | training done |
2021-12-30 18:56:34.321 | INFO     | __main__:<module>:242 - | epoch : 142 | val done |
2021-12-30 18:58:07.228 | INFO     | __main__:<module>:109 - | epoch : 143 | training done |
2021-12-30 18:58:29.604 | INFO     | __main__:<module>:242 - | epoch : 143 | val done |
2021-12-30 19:00:08.382 | INFO     | __main__:<module>:109 - | epoch : 144 | training done |
2021-12-30 19:00:28.874 | INFO     | __main__:<module>:242 - | epoch : 144 | val done |
2021-12-30 19:02:11.478 | INFO     | __main__:<module>:109 - | epoch : 145 | training done |
2021-12-30 19:02:33.942 | INFO     | __main__:<module>:242 - | epoch : 145 | val done |
2021-12-30 19:04:06.115 | INFO     | __main__:<module>:109 - | epoch : 146 | training done |
2021-12-30 19:04:28.482 | INFO     | __main__:<module>:242 - | epoch : 146 | val done |
2021-12-30 19:06:11.162 | INFO     | __main__:<module>:109 - | epoch : 147 | training done |
2021-12-30 19:06:32.888 | INFO     | __main__:<module>:242 - | epoch : 147 | val done |
2021-12-30 19:08:07.575 | INFO     | __main__:<module>:109 - | epoch : 148 | training done |
2021-12-30 19:08:29.533 | INFO     | __main__:<module>:242 - | epoch : 148 | val done |
2021-12-30 19:10:07.317 | INFO     | __main__:<module>:109 - | epoch : 149 | training done |
2021-12-30 19:10:28.418 | INFO     | __main__:<module>:242 - | epoch : 149 | val done |
2021-12-30 19:12:11.132 | INFO     | __main__:<module>:109 - | epoch : 150 | training done |
2021-12-30 19:12:33.361 | INFO     | __main__:<module>:242 - | epoch : 150 | val done |
2021-12-30 19:14:06.042 | INFO     | __main__:<module>:109 - | epoch : 151 | training done |
2021-12-30 19:14:28.410 | INFO     | __main__:<module>:242 - | epoch : 151 | val done |
2021-12-30 19:16:11.192 | INFO     | __main__:<module>:109 - | epoch : 152 | training done |
2021-12-30 19:16:32.241 | INFO     | __main__:<module>:242 - | epoch : 152 | val done |
2021-12-30 19:18:08.206 | INFO     | __main__:<module>:109 - | epoch : 153 | training done |
2021-12-30 19:18:31.020 | INFO     | __main__:<module>:242 - | epoch : 153 | val done |
2021-12-30 19:20:06.870 | INFO     | __main__:<module>:109 - | epoch : 154 | training done |
2021-12-30 19:20:28.437 | INFO     | __main__:<module>:242 - | epoch : 154 | val done |
2021-12-30 19:22:11.420 | INFO     | __main__:<module>:109 - | epoch : 155 | training done |
2021-12-30 19:22:33.738 | INFO     | __main__:<module>:242 - | epoch : 155 | val done |
2021-12-30 19:24:06.409 | INFO     | __main__:<module>:109 - | epoch : 156 | training done |
2021-12-30 19:24:28.779 | INFO     | __main__:<module>:242 - | epoch : 156 | val done |
2021-12-30 19:26:11.756 | INFO     | __main__:<module>:109 - | epoch : 157 | training done |
2021-12-30 19:26:32.906 | INFO     | __main__:<module>:242 - | epoch : 157 | val done |
2021-12-30 19:28:10.334 | INFO     | __main__:<module>:109 - | epoch : 158 | training done |
2021-12-30 19:28:32.533 | INFO     | __main__:<module>:242 - | epoch : 158 | val done |
2021-12-30 19:30:07.137 | INFO     | __main__:<module>:109 - | epoch : 159 | training done |
2021-12-30 19:30:29.157 | INFO     | __main__:<module>:242 - | epoch : 159 | val done |
2021-12-30 19:32:12.054 | INFO     | __main__:<module>:109 - | epoch : 160 | training done |
2021-12-30 19:32:34.295 | INFO     | __main__:<module>:242 - | epoch : 160 | val done |
2021-12-30 19:34:06.858 | INFO     | __main__:<module>:109 - | epoch : 161 | training done |
2021-12-30 19:34:28.972 | INFO     | __main__:<module>:242 - | epoch : 161 | val done |
2021-12-30 19:36:11.762 | INFO     | __main__:<module>:109 - | epoch : 162 | training done |
2021-12-30 19:36:32.037 | INFO     | __main__:<module>:242 - | epoch : 162 | val done |
2021-12-30 19:38:10.566 | INFO     | __main__:<module>:109 - | epoch : 163 | training done |
2021-12-30 19:38:32.776 | INFO     | __main__:<module>:242 - | epoch : 163 | val done |
2021-12-30 19:40:05.831 | INFO     | __main__:<module>:109 - | epoch : 164 | training done |
2021-12-30 19:40:28.055 | INFO     | __main__:<module>:242 - | epoch : 164 | val done |
2021-12-30 19:42:10.924 | INFO     | __main__:<module>:109 - | epoch : 165 | training done |
2021-12-30 19:42:33.225 | INFO     | __main__:<module>:242 - | epoch : 165 | val done |
2021-12-30 19:44:06.201 | INFO     | __main__:<module>:109 - | epoch : 166 | training done |
2021-12-30 19:44:28.463 | INFO     | __main__:<module>:242 - | epoch : 166 | val done |
2021-12-30 19:46:11.475 | INFO     | __main__:<module>:109 - | epoch : 167 | training done |
2021-12-30 19:46:31.573 | INFO     | __main__:<module>:242 - | epoch : 167 | val done |
2021-12-30 19:48:12.180 | INFO     | __main__:<module>:109 - | epoch : 168 | training done |
2021-12-30 19:48:34.678 | INFO     | __main__:<module>:242 - | epoch : 168 | val done |
2021-12-30 19:50:07.560 | INFO     | __main__:<module>:109 - | epoch : 169 | training done |
2021-12-30 19:50:29.857 | INFO     | __main__:<module>:242 - | epoch : 169 | val done |
2021-12-30 19:52:12.811 | INFO     | __main__:<module>:109 - | epoch : 170 | training done |
2021-12-30 19:52:35.269 | INFO     | __main__:<module>:242 - | epoch : 170 | val done |
2021-12-30 19:54:08.097 | INFO     | __main__:<module>:109 - | epoch : 171 | training done |
2021-12-30 19:54:30.307 | INFO     | __main__:<module>:242 - | epoch : 171 | val done |
2021-12-30 19:56:12.478 | INFO     | __main__:<module>:109 - | epoch : 172 | training done |
2021-12-30 19:56:32.856 | INFO     | __main__:<module>:242 - | epoch : 172 | val done |
2021-12-30 19:58:14.820 | INFO     | __main__:<module>:109 - | epoch : 173 | training done |
2021-12-30 19:58:37.156 | INFO     | __main__:<module>:242 - | epoch : 173 | val done |
2021-12-30 20:00:10.198 | INFO     | __main__:<module>:109 - | epoch : 174 | training done |
2021-12-30 20:00:32.564 | INFO     | __main__:<module>:242 - | epoch : 174 | val done |
2021-12-30 20:02:15.341 | INFO     | __main__:<module>:109 - | epoch : 175 | training done |
2021-12-30 20:02:37.583 | INFO     | __main__:<module>:238 - | epoch : 175 | CVC-300 : 0.8376123510842813 | CVC-ClinicDB : 0.9422006361356601 | CVC-ColonDB : 0.7529166632819182 | ETIS-LaribPolypDB : 0.7714105538935413 | Kvasir : 0.8982561871237855 |
2021-12-30 20:02:37.584 | CRITICAL | __main__:<module>:239 - | epoch : 175 | best_val_dice_score : 0.8404792783038373 |
2021-12-30 20:04:10.828 | INFO     | __main__:<module>:109 - | epoch : 176 | training done |
2021-12-30 20:04:32.775 | INFO     | __main__:<module>:242 - | epoch : 176 | val done |
2021-12-30 20:06:13.431 | INFO     | __main__:<module>:109 - | epoch : 177 | training done |
2021-12-30 20:06:33.169 | INFO     | __main__:<module>:242 - | epoch : 177 | val done |
2021-12-30 20:08:15.960 | INFO     | __main__:<module>:109 - | epoch : 178 | training done |
2021-12-30 20:08:38.051 | INFO     | __main__:<module>:242 - | epoch : 178 | val done |
2021-12-30 20:10:10.777 | INFO     | __main__:<module>:109 - | epoch : 179 | training done |
2021-12-30 20:10:32.593 | INFO     | __main__:<module>:238 - | epoch : 179 | CVC-300 : 0.8348042275523154 | CVC-ClinicDB : 0.947859717195191 | CVC-ColonDB : 0.7572480615423974 | ETIS-LaribPolypDB : 0.7944244855199315 | Kvasir : 0.8977311883498856 |
2021-12-30 20:10:32.593 | CRITICAL | __main__:<module>:239 - | epoch : 179 | best_val_dice_score : 0.8464135360319442 |
2021-12-30 20:12:15.592 | INFO     | __main__:<module>:109 - | epoch : 180 | training done |
2021-12-30 20:12:37.763 | INFO     | __main__:<module>:242 - | epoch : 180 | val done |
2021-12-30 20:14:10.393 | INFO     | __main__:<module>:109 - | epoch : 181 | training done |
2021-12-30 20:14:32.436 | INFO     | __main__:<module>:242 - | epoch : 181 | val done |
2021-12-30 20:16:12.276 | INFO     | __main__:<module>:109 - | epoch : 182 | training done |
2021-12-30 20:16:32.488 | INFO     | __main__:<module>:242 - | epoch : 182 | val done |
2021-12-30 20:18:15.311 | INFO     | __main__:<module>:109 - | epoch : 183 | training done |
2021-12-30 20:18:37.234 | INFO     | __main__:<module>:238 - | epoch : 183 | CVC-300 : 0.8613665737397314 | CVC-ClinicDB : 0.9460041796617847 | CVC-ColonDB : 0.75492596072135 | ETIS-LaribPolypDB : 0.8115222668195088 | Kvasir : 0.8643710744644391 |
2021-12-30 20:18:37.234 | CRITICAL | __main__:<module>:239 - | epoch : 183 | best_val_dice_score : 0.8476380110813627 |
2021-12-30 20:20:10.423 | INFO     | __main__:<module>:109 - | epoch : 184 | training done |
2021-12-30 20:20:32.330 | INFO     | __main__:<module>:242 - | epoch : 184 | val done |
2021-12-30 20:22:15.053 | INFO     | __main__:<module>:109 - | epoch : 185 | training done |
2021-12-30 20:22:37.039 | INFO     | __main__:<module>:242 - | epoch : 185 | val done |
2021-12-30 20:24:08.453 | INFO     | __main__:<module>:109 - | epoch : 186 | training done |
2021-12-30 20:24:30.737 | INFO     | __main__:<module>:242 - | epoch : 186 | val done |
2021-12-30 20:26:10.620 | INFO     | __main__:<module>:109 - | epoch : 187 | training done |
2021-12-30 20:26:30.379 | INFO     | __main__:<module>:242 - | epoch : 187 | val done |
2021-12-30 20:28:11.807 | INFO     | __main__:<module>:109 - | epoch : 188 | training done |
2021-12-30 20:28:34.403 | INFO     | __main__:<module>:242 - | epoch : 188 | val done |
2021-12-30 20:30:06.695 | INFO     | __main__:<module>:109 - | epoch : 189 | training done |
2021-12-30 20:30:28.819 | INFO     | __main__:<module>:238 - | epoch : 189 | CVC-300 : 0.831442433536571 | CVC-ClinicDB : 0.9457885598261502 | CVC-ColonDB : 0.7626885721165033 | ETIS-LaribPolypDB : 0.8192529087947477 | Kvasir : 0.895628832760071 |
2021-12-30 20:30:28.819 | CRITICAL | __main__:<module>:239 - | epoch : 189 | best_val_dice_score : 0.8509602614068086 |
2021-12-30 20:32:11.798 | INFO     | __main__:<module>:109 - | epoch : 190 | training done |
2021-12-30 20:32:34.159 | INFO     | __main__:<module>:242 - | epoch : 190 | val done |
2021-12-30 20:34:06.604 | INFO     | __main__:<module>:109 - | epoch : 191 | training done |
2021-12-30 20:34:28.519 | INFO     | __main__:<module>:242 - | epoch : 191 | val done |
2021-12-30 20:36:09.524 | INFO     | __main__:<module>:109 - | epoch : 192 | training done |
2021-12-30 20:36:29.672 | INFO     | __main__:<module>:242 - | epoch : 192 | val done |
2021-12-30 20:38:12.215 | INFO     | __main__:<module>:109 - | epoch : 193 | training done |
2021-12-30 20:38:34.388 | INFO     | __main__:<module>:242 - | epoch : 193 | val done |
2021-12-30 20:40:06.732 | INFO     | __main__:<module>:109 - | epoch : 194 | training done |
2021-12-30 20:40:28.898 | INFO     | __main__:<module>:242 - | epoch : 194 | val done |
2021-12-30 20:42:11.325 | INFO     | __main__:<module>:109 - | epoch : 195 | training done |
2021-12-30 20:42:33.288 | INFO     | __main__:<module>:238 - | epoch : 195 | CVC-300 : 0.8353796988376879 | CVC-ClinicDB : 0.9484433788029587 | CVC-ColonDB : 0.76023157812456 | ETIS-LaribPolypDB : 0.8102783281128682 | Kvasir : 0.901815108984453 |
2021-12-30 20:42:33.288 | CRITICAL | __main__:<module>:239 - | epoch : 195 | best_val_dice_score : 0.8512296185725056 |
