2021-12-25 21:16:19.810 | INFO     | __main__:<module>:55 - | start training .... |
2021-12-25 21:19:05.384 | INFO     | __main__:<module>:85 - | epoch : 0 | training done |
2021-12-25 21:19:26.766 | CRITICAL | __main__:<module>:111 - | epoch : 0 | best_val_dice_score : 0.6179802311319517 |
2021-12-25 21:22:13.167 | INFO     | __main__:<module>:85 - | epoch : 1 | training done |
2021-12-25 21:22:35.524 | CRITICAL | __main__:<module>:111 - | epoch : 1 | best_val_dice_score : 0.7321086534614969 |
2021-12-25 21:25:21.991 | INFO     | __main__:<module>:85 - | epoch : 2 | training done |
2021-12-25 21:25:45.511 | CRITICAL | __main__:<module>:111 - | epoch : 2 | best_val_dice_score : 0.815371667307356 |
2021-12-25 21:28:31.786 | INFO     | __main__:<module>:85 - | epoch : 3 | training done |
2021-12-25 21:28:53.922 | CRITICAL | __main__:<module>:111 - | epoch : 3 | best_val_dice_score : 0.8373596942927048 |
2021-12-25 21:31:37.744 | INFO     | __main__:<module>:85 - | epoch : 4 | training done |
2021-12-25 21:32:01.740 | CRITICAL | __main__:<module>:111 - | epoch : 4 | best_val_dice_score : 0.8621523993433675 |
2021-12-25 21:34:48.577 | INFO     | __main__:<module>:85 - | epoch : 5 | training done |
2021-12-25 21:35:12.307 | CRITICAL | __main__:<module>:111 - | epoch : 5 | best_val_dice_score : 0.8699113342741661 |
2021-12-25 21:37:58.535 | INFO     | __main__:<module>:85 - | epoch : 6 | training done |
2021-12-25 21:38:20.286 | INFO     | __main__:<module>:114 - | epoch : 6 | val done |
2021-12-25 21:41:04.789 | INFO     | __main__:<module>:85 - | epoch : 7 | training done |
2021-12-25 21:41:30.784 | CRITICAL | __main__:<module>:111 - | epoch : 7 | best_val_dice_score : 0.8956087397177358 |
2021-12-25 21:44:15.172 | INFO     | __main__:<module>:85 - | epoch : 8 | training done |
2021-12-25 21:44:38.758 | INFO     | __main__:<module>:114 - | epoch : 8 | val done |
2021-12-25 21:47:24.755 | INFO     | __main__:<module>:85 - | epoch : 9 | training done |
2021-12-25 21:47:46.300 | CRITICAL | __main__:<module>:111 - | epoch : 9 | best_val_dice_score : 0.9013201707801131 |
2021-12-25 21:50:34.027 | INFO     | __main__:<module>:85 - | epoch : 10 | training done |
2021-12-25 21:50:55.516 | INFO     | __main__:<module>:114 - | epoch : 10 | val done |
2021-12-25 21:53:40.383 | INFO     | __main__:<module>:85 - | epoch : 11 | training done |
2021-12-25 21:54:02.722 | CRITICAL | __main__:<module>:111 - | epoch : 11 | best_val_dice_score : 0.9034822185075281 |
2021-12-25 21:56:48.272 | INFO     | __main__:<module>:85 - | epoch : 12 | training done |
2021-12-25 21:57:12.760 | CRITICAL | __main__:<module>:111 - | epoch : 12 | best_val_dice_score : 0.9152783045812504 |
2021-12-25 21:59:57.595 | INFO     | __main__:<module>:85 - | epoch : 13 | training done |
2021-12-25 22:00:21.292 | INFO     | __main__:<module>:114 - | epoch : 13 | val done |
2021-12-25 22:03:12.227 | INFO     | __main__:<module>:85 - | epoch : 14 | training done |
2021-12-25 22:03:35.619 | INFO     | __main__:<module>:114 - | epoch : 14 | val done |
2021-12-25 22:06:20.448 | INFO     | __main__:<module>:85 - | epoch : 15 | training done |
2021-12-25 22:06:41.608 | INFO     | __main__:<module>:114 - | epoch : 15 | val done |
2021-12-25 22:09:26.668 | INFO     | __main__:<module>:85 - | epoch : 16 | training done |
2021-12-25 22:09:48.284 | INFO     | __main__:<module>:114 - | epoch : 16 | val done |
2021-12-25 22:12:32.771 | INFO     | __main__:<module>:85 - | epoch : 17 | training done |
2021-12-25 22:12:53.937 | INFO     | __main__:<module>:114 - | epoch : 17 | val done |
2021-12-25 22:15:38.261 | INFO     | __main__:<module>:85 - | epoch : 18 | training done |
2021-12-25 22:16:03.972 | INFO     | __main__:<module>:114 - | epoch : 18 | val done |
2021-12-25 22:18:48.317 | INFO     | __main__:<module>:85 - | epoch : 19 | training done |
2021-12-25 22:19:11.477 | INFO     | __main__:<module>:114 - | epoch : 19 | val done |
2021-12-25 22:21:57.597 | INFO     | __main__:<module>:85 - | epoch : 20 | training done |
2021-12-25 22:22:18.813 | INFO     | __main__:<module>:114 - | epoch : 20 | val done |
2021-12-25 22:25:03.589 | INFO     | __main__:<module>:85 - | epoch : 21 | training done |
2021-12-25 22:25:25.004 | INFO     | __main__:<module>:114 - | epoch : 21 | val done |
2021-12-25 22:28:08.067 | INFO     | __main__:<module>:85 - | epoch : 22 | training done |
2021-12-25 22:28:31.505 | INFO     | __main__:<module>:114 - | epoch : 22 | val done |
2021-12-25 22:31:16.012 | INFO     | __main__:<module>:85 - | epoch : 23 | training done |
2021-12-25 22:31:40.225 | INFO     | __main__:<module>:114 - | epoch : 23 | val done |
2021-12-25 22:34:24.490 | INFO     | __main__:<module>:85 - | epoch : 24 | training done |
2021-12-25 22:34:46.688 | INFO     | __main__:<module>:114 - | epoch : 24 | val done |
2021-12-25 22:37:30.902 | INFO     | __main__:<module>:85 - | epoch : 25 | training done |
2021-12-25 22:37:54.047 | INFO     | __main__:<module>:114 - | epoch : 25 | val done |
2021-12-25 22:40:38.356 | INFO     | __main__:<module>:85 - | epoch : 26 | training done |
2021-12-25 22:40:59.942 | INFO     | __main__:<module>:114 - | epoch : 26 | val done |
2021-12-25 22:43:44.068 | INFO     | __main__:<module>:85 - | epoch : 27 | training done |
2021-12-25 22:44:07.434 | INFO     | __main__:<module>:114 - | epoch : 27 | val done |
2021-12-25 22:46:51.574 | INFO     | __main__:<module>:85 - | epoch : 28 | training done |
2021-12-25 22:47:13.983 | INFO     | __main__:<module>:114 - | epoch : 28 | val done |
2021-12-25 22:49:58.769 | INFO     | __main__:<module>:85 - | epoch : 29 | training done |
2021-12-25 22:50:22.817 | INFO     | __main__:<module>:114 - | epoch : 29 | val done |
2021-12-25 22:53:08.870 | INFO     | __main__:<module>:85 - | epoch : 30 | training done |
2021-12-25 22:53:36.467 | INFO     | __main__:<module>:114 - | epoch : 30 | val done |
2021-12-25 22:56:21.429 | INFO     | __main__:<module>:85 - | epoch : 31 | training done |
2021-12-25 22:56:43.013 | INFO     | __main__:<module>:114 - | epoch : 31 | val done |
2021-12-25 22:59:34.962 | INFO     | __main__:<module>:85 - | epoch : 32 | training done |
2021-12-25 22:59:57.648 | INFO     | __main__:<module>:114 - | epoch : 32 | val done |
2021-12-25 23:02:43.709 | INFO     | __main__:<module>:85 - | epoch : 33 | training done |
2021-12-25 23:03:06.023 | INFO     | __main__:<module>:114 - | epoch : 33 | val done |
2021-12-25 23:05:51.283 | INFO     | __main__:<module>:85 - | epoch : 34 | training done |
2021-12-25 23:06:13.684 | INFO     | __main__:<module>:114 - | epoch : 34 | val done |
2021-12-25 23:08:57.169 | INFO     | __main__:<module>:85 - | epoch : 35 | training done |
2021-12-25 23:09:19.112 | CRITICAL | __main__:<module>:111 - | epoch : 35 | best_val_dice_score : 0.9187302746855468 |
2021-12-25 23:12:03.075 | INFO     | __main__:<module>:85 - | epoch : 36 | training done |
2021-12-25 23:12:23.520 | INFO     | __main__:<module>:114 - | epoch : 36 | val done |
2021-12-25 23:15:06.518 | INFO     | __main__:<module>:85 - | epoch : 37 | training done |
2021-12-25 23:15:30.329 | INFO     | __main__:<module>:114 - | epoch : 37 | val done |
2021-12-25 23:18:13.870 | INFO     | __main__:<module>:85 - | epoch : 38 | training done |
2021-12-25 23:18:37.294 | CRITICAL | __main__:<module>:111 - | epoch : 38 | best_val_dice_score : 0.9207203631826455 |
2021-12-25 23:21:21.402 | INFO     | __main__:<module>:85 - | epoch : 39 | training done |
2021-12-25 23:21:43.894 | INFO     | __main__:<module>:114 - | epoch : 39 | val done |
2021-12-25 23:24:26.343 | INFO     | __main__:<module>:85 - | epoch : 40 | training done |
2021-12-25 23:24:48.352 | CRITICAL | __main__:<module>:111 - | epoch : 40 | best_val_dice_score : 0.9219481231144447 |
2021-12-25 23:27:32.751 | INFO     | __main__:<module>:85 - | epoch : 41 | training done |
2021-12-25 23:27:55.111 | INFO     | __main__:<module>:114 - | epoch : 41 | val done |
2021-12-25 23:30:39.683 | INFO     | __main__:<module>:85 - | epoch : 42 | training done |
2021-12-25 23:31:00.161 | INFO     | __main__:<module>:114 - | epoch : 42 | val done |
2021-12-25 23:33:44.497 | INFO     | __main__:<module>:85 - | epoch : 43 | training done |
2021-12-25 23:34:07.483 | INFO     | __main__:<module>:114 - | epoch : 43 | val done |
2021-12-25 23:36:51.300 | INFO     | __main__:<module>:85 - | epoch : 44 | training done |
2021-12-25 23:37:12.115 | INFO     | __main__:<module>:114 - | epoch : 44 | val done |
2021-12-25 23:39:57.164 | INFO     | __main__:<module>:85 - | epoch : 45 | training done |
2021-12-25 23:40:18.673 | CRITICAL | __main__:<module>:111 - | epoch : 45 | best_val_dice_score : 0.9232269465786028 |
2021-12-25 23:43:04.883 | INFO     | __main__:<module>:85 - | epoch : 46 | training done |
2021-12-25 23:43:26.506 | INFO     | __main__:<module>:114 - | epoch : 46 | val done |
2021-12-25 23:46:08.728 | INFO     | __main__:<module>:85 - | epoch : 47 | training done |
2021-12-25 23:46:32.017 | INFO     | __main__:<module>:114 - | epoch : 47 | val done |
2021-12-25 23:49:15.634 | INFO     | __main__:<module>:85 - | epoch : 48 | training done |
2021-12-25 23:49:43.528 | INFO     | __main__:<module>:114 - | epoch : 48 | val done |
2021-12-25 23:52:27.286 | INFO     | __main__:<module>:85 - | epoch : 49 | training done |
2021-12-25 23:52:49.155 | INFO     | __main__:<module>:114 - | epoch : 49 | val done |
2021-12-25 23:55:33.492 | INFO     | __main__:<module>:85 - | epoch : 50 | training done |
2021-12-25 23:55:55.602 | CRITICAL | __main__:<module>:111 - | epoch : 50 | best_val_dice_score : 0.9251414872862783 |
2021-12-25 23:58:41.706 | INFO     | __main__:<module>:85 - | epoch : 51 | training done |
2021-12-25 23:59:02.515 | INFO     | __main__:<module>:114 - | epoch : 51 | val done |
2021-12-26 00:01:45.795 | INFO     | __main__:<module>:85 - | epoch : 52 | training done |
2021-12-26 00:02:05.930 | INFO     | __main__:<module>:114 - | epoch : 52 | val done |
2021-12-26 00:04:51.165 | INFO     | __main__:<module>:85 - | epoch : 53 | training done |
2021-12-26 00:05:16.482 | INFO     | __main__:<module>:114 - | epoch : 53 | val done |
2021-12-26 00:08:01.151 | INFO     | __main__:<module>:85 - | epoch : 54 | training done |
2021-12-26 00:08:23.603 | INFO     | __main__:<module>:114 - | epoch : 54 | val done |
2021-12-26 00:11:09.281 | INFO     | __main__:<module>:85 - | epoch : 55 | training done |
2021-12-26 00:11:32.303 | INFO     | __main__:<module>:114 - | epoch : 55 | val done |
2021-12-26 00:14:19.109 | INFO     | __main__:<module>:85 - | epoch : 56 | training done |
2021-12-26 00:14:42.878 | INFO     | __main__:<module>:114 - | epoch : 56 | val done |
2021-12-26 00:17:28.392 | INFO     | __main__:<module>:85 - | epoch : 57 | training done |
2021-12-26 00:17:54.833 | INFO     | __main__:<module>:114 - | epoch : 57 | val done |
2021-12-26 00:20:41.302 | INFO     | __main__:<module>:85 - | epoch : 58 | training done |
2021-12-26 00:21:03.683 | INFO     | __main__:<module>:114 - | epoch : 58 | val done |
2021-12-26 00:23:50.143 | INFO     | __main__:<module>:85 - | epoch : 59 | training done |
2021-12-26 00:24:14.673 | INFO     | __main__:<module>:114 - | epoch : 59 | val done |
2021-12-26 00:27:00.504 | INFO     | __main__:<module>:85 - | epoch : 60 | training done |
2021-12-26 00:27:20.799 | INFO     | __main__:<module>:114 - | epoch : 60 | val done |
2021-12-26 00:30:06.623 | INFO     | __main__:<module>:85 - | epoch : 61 | training done |
2021-12-26 00:30:30.597 | INFO     | __main__:<module>:114 - | epoch : 61 | val done |
2021-12-26 00:33:15.525 | INFO     | __main__:<module>:85 - | epoch : 62 | training done |
2021-12-26 00:33:41.285 | INFO     | __main__:<module>:114 - | epoch : 62 | val done |
2021-12-26 00:36:25.145 | INFO     | __main__:<module>:85 - | epoch : 63 | training done |
2021-12-26 00:36:48.379 | INFO     | __main__:<module>:114 - | epoch : 63 | val done |
2021-12-26 00:39:32.900 | INFO     | __main__:<module>:85 - | epoch : 64 | training done |
2021-12-26 00:39:56.413 | INFO     | __main__:<module>:114 - | epoch : 64 | val done |
2021-12-26 00:42:41.697 | INFO     | __main__:<module>:85 - | epoch : 65 | training done |
2021-12-26 00:43:04.933 | INFO     | __main__:<module>:114 - | epoch : 65 | val done |
2021-12-26 00:45:49.025 | INFO     | __main__:<module>:85 - | epoch : 66 | training done |
2021-12-26 00:46:10.512 | CRITICAL | __main__:<module>:111 - | epoch : 66 | best_val_dice_score : 0.927276933632726 |
2021-12-26 00:48:54.940 | INFO     | __main__:<module>:85 - | epoch : 67 | training done |
2021-12-26 00:49:18.286 | INFO     | __main__:<module>:114 - | epoch : 67 | val done |
2021-12-26 00:52:03.045 | INFO     | __main__:<module>:85 - | epoch : 68 | training done |
2021-12-26 00:52:23.715 | INFO     | __main__:<module>:114 - | epoch : 68 | val done |
2021-12-26 00:55:09.840 | INFO     | __main__:<module>:85 - | epoch : 69 | training done |
2021-12-26 00:55:31.780 | INFO     | __main__:<module>:114 - | epoch : 69 | val done |
2021-12-26 00:58:16.133 | INFO     | __main__:<module>:85 - | epoch : 70 | training done |
2021-12-26 00:58:37.870 | INFO     | __main__:<module>:114 - | epoch : 70 | val done |
2021-12-26 01:01:22.146 | INFO     | __main__:<module>:85 - | epoch : 71 | training done |
2021-12-26 01:01:45.788 | INFO     | __main__:<module>:114 - | epoch : 71 | val done |
2021-12-26 01:04:30.913 | INFO     | __main__:<module>:85 - | epoch : 72 | training done |
2021-12-26 01:04:55.445 | INFO     | __main__:<module>:114 - | epoch : 72 | val done |
2021-12-26 01:07:46.907 | INFO     | __main__:<module>:85 - | epoch : 73 | training done |
2021-12-26 01:08:08.050 | INFO     | __main__:<module>:114 - | epoch : 73 | val done |
2021-12-26 01:10:52.523 | INFO     | __main__:<module>:85 - | epoch : 74 | training done |
2021-12-26 01:11:17.759 | INFO     | __main__:<module>:114 - | epoch : 74 | val done |
2021-12-26 01:14:01.378 | INFO     | __main__:<module>:85 - | epoch : 75 | training done |
2021-12-26 01:14:23.855 | INFO     | __main__:<module>:114 - | epoch : 75 | val done |
2021-12-26 01:17:09.541 | INFO     | __main__:<module>:85 - | epoch : 76 | training done |
2021-12-26 01:17:31.981 | INFO     | __main__:<module>:114 - | epoch : 76 | val done |
2021-12-26 01:20:17.441 | INFO     | __main__:<module>:85 - | epoch : 77 | training done |
2021-12-26 01:20:39.485 | INFO     | __main__:<module>:114 - | epoch : 77 | val done |
2021-12-26 01:23:24.559 | INFO     | __main__:<module>:85 - | epoch : 78 | training done |
2021-12-26 01:23:45.631 | INFO     | __main__:<module>:114 - | epoch : 78 | val done |
2021-12-26 01:26:31.506 | INFO     | __main__:<module>:85 - | epoch : 79 | training done |
2021-12-26 01:26:53.354 | INFO     | __main__:<module>:114 - | epoch : 79 | val done |
2021-12-26 01:29:39.743 | INFO     | __main__:<module>:85 - | epoch : 80 | training done |
2021-12-26 01:30:04.412 | INFO     | __main__:<module>:114 - | epoch : 80 | val done |
2021-12-26 01:32:48.761 | INFO     | __main__:<module>:85 - | epoch : 81 | training done |
2021-12-26 01:33:11.965 | INFO     | __main__:<module>:114 - | epoch : 81 | val done |
2021-12-26 01:35:57.333 | INFO     | __main__:<module>:85 - | epoch : 82 | training done |
2021-12-26 01:36:19.829 | INFO     | __main__:<module>:114 - | epoch : 82 | val done |
2021-12-26 01:39:03.479 | INFO     | __main__:<module>:85 - | epoch : 83 | training done |
2021-12-26 01:39:25.889 | INFO     | __main__:<module>:114 - | epoch : 83 | val done |
2021-12-26 01:42:11.390 | INFO     | __main__:<module>:85 - | epoch : 84 | training done |
2021-12-26 01:42:33.827 | INFO     | __main__:<module>:114 - | epoch : 84 | val done |
2021-12-26 01:45:18.419 | INFO     | __main__:<module>:85 - | epoch : 85 | training done |
2021-12-26 01:45:40.616 | INFO     | __main__:<module>:114 - | epoch : 85 | val done |
2021-12-26 01:48:24.549 | INFO     | __main__:<module>:85 - | epoch : 86 | training done |
2021-12-26 01:48:46.765 | INFO     | __main__:<module>:114 - | epoch : 86 | val done |
2021-12-26 01:51:32.078 | INFO     | __main__:<module>:85 - | epoch : 87 | training done |
2021-12-26 01:51:54.734 | INFO     | __main__:<module>:114 - | epoch : 87 | val done |
2021-12-26 01:54:37.353 | INFO     | __main__:<module>:85 - | epoch : 88 | training done |
2021-12-26 01:54:59.261 | INFO     | __main__:<module>:114 - | epoch : 88 | val done |
2021-12-26 01:57:45.118 | INFO     | __main__:<module>:85 - | epoch : 89 | training done |
2021-12-26 01:58:08.780 | INFO     | __main__:<module>:114 - | epoch : 89 | val done |
2021-12-26 02:00:54.174 | INFO     | __main__:<module>:85 - | epoch : 90 | training done |
2021-12-26 02:01:14.764 | INFO     | __main__:<module>:114 - | epoch : 90 | val done |
2021-12-26 02:03:59.974 | INFO     | __main__:<module>:85 - | epoch : 91 | training done |
2021-12-26 02:04:22.657 | INFO     | __main__:<module>:114 - | epoch : 91 | val done |
2021-12-26 02:07:07.721 | INFO     | __main__:<module>:85 - | epoch : 92 | training done |
2021-12-26 02:07:29.345 | INFO     | __main__:<module>:114 - | epoch : 92 | val done |
2021-12-26 02:10:14.865 | INFO     | __main__:<module>:85 - | epoch : 93 | training done |
2021-12-26 02:10:37.482 | INFO     | __main__:<module>:114 - | epoch : 93 | val done |
2021-12-26 02:13:23.042 | INFO     | __main__:<module>:85 - | epoch : 94 | training done |
2021-12-26 02:13:44.965 | INFO     | __main__:<module>:114 - | epoch : 94 | val done |
2021-12-26 02:16:31.158 | INFO     | __main__:<module>:85 - | epoch : 95 | training done |
2021-12-26 02:16:52.218 | INFO     | __main__:<module>:114 - | epoch : 95 | val done |
2021-12-26 02:19:37.530 | INFO     | __main__:<module>:85 - | epoch : 96 | training done |
2021-12-26 02:19:59.326 | INFO     | __main__:<module>:114 - | epoch : 96 | val done |
2021-12-26 02:22:43.509 | INFO     | __main__:<module>:85 - | epoch : 97 | training done |
2021-12-26 02:23:08.409 | INFO     | __main__:<module>:114 - | epoch : 97 | val done |
2021-12-26 02:25:51.850 | INFO     | __main__:<module>:85 - | epoch : 98 | training done |
2021-12-26 02:26:14.062 | INFO     | __main__:<module>:114 - | epoch : 98 | val done |
2021-12-26 02:28:57.988 | INFO     | __main__:<module>:85 - | epoch : 99 | training done |
2021-12-26 02:29:19.734 | INFO     | __main__:<module>:114 - | epoch : 99 | val done |
2021-12-26 02:32:05.714 | INFO     | __main__:<module>:85 - | epoch : 100 | training done |
2021-12-26 02:32:27.110 | INFO     | __main__:<module>:114 - | epoch : 100 | val done |
2021-12-26 02:35:12.352 | INFO     | __main__:<module>:85 - | epoch : 101 | training done |
2021-12-26 02:35:33.276 | INFO     | __main__:<module>:114 - | epoch : 101 | val done |
2021-12-26 02:38:21.276 | INFO     | __main__:<module>:85 - | epoch : 102 | training done |
2021-12-26 02:38:42.601 | INFO     | __main__:<module>:114 - | epoch : 102 | val done |
2021-12-26 02:41:29.092 | INFO     | __main__:<module>:85 - | epoch : 103 | training done |
2021-12-26 02:41:53.070 | INFO     | __main__:<module>:114 - | epoch : 103 | val done |
2021-12-26 02:44:38.306 | INFO     | __main__:<module>:85 - | epoch : 104 | training done |
2021-12-26 02:45:00.637 | INFO     | __main__:<module>:114 - | epoch : 104 | val done |
2021-12-26 02:47:45.726 | INFO     | __main__:<module>:85 - | epoch : 105 | training done |
2021-12-26 02:48:10.352 | INFO     | __main__:<module>:114 - | epoch : 105 | val done |
2021-12-26 02:50:57.339 | INFO     | __main__:<module>:85 - | epoch : 106 | training done |
2021-12-26 02:51:20.379 | INFO     | __main__:<module>:114 - | epoch : 106 | val done |
2021-12-26 02:54:06.749 | INFO     | __main__:<module>:85 - | epoch : 107 | training done |
2021-12-26 02:54:28.001 | INFO     | __main__:<module>:114 - | epoch : 107 | val done |
2021-12-26 02:57:12.645 | INFO     | __main__:<module>:85 - | epoch : 108 | training done |
2021-12-26 02:57:37.743 | INFO     | __main__:<module>:114 - | epoch : 108 | val done |
2021-12-26 03:00:22.270 | INFO     | __main__:<module>:85 - | epoch : 109 | training done |
2021-12-26 03:00:45.075 | INFO     | __main__:<module>:114 - | epoch : 109 | val done |
2021-12-26 03:03:29.216 | INFO     | __main__:<module>:85 - | epoch : 110 | training done |
2021-12-26 03:03:52.176 | INFO     | __main__:<module>:114 - | epoch : 110 | val done |
2021-12-26 03:06:38.894 | INFO     | __main__:<module>:85 - | epoch : 111 | training done |
2021-12-26 03:07:02.259 | INFO     | __main__:<module>:114 - | epoch : 111 | val done |
2021-12-26 03:09:46.096 | INFO     | __main__:<module>:85 - | epoch : 112 | training done |
2021-12-26 03:10:07.524 | CRITICAL | __main__:<module>:111 - | epoch : 112 | best_val_dice_score : 0.9283079522152691 |
2021-12-26 03:12:53.255 | INFO     | __main__:<module>:85 - | epoch : 113 | training done |
2021-12-26 03:13:18.807 | INFO     | __main__:<module>:114 - | epoch : 113 | val done |
2021-12-26 03:16:04.617 | INFO     | __main__:<module>:85 - | epoch : 114 | training done |
2021-12-26 03:16:27.633 | CRITICAL | __main__:<module>:111 - | epoch : 114 | best_val_dice_score : 0.9301106831469695 |
2021-12-26 03:19:12.872 | INFO     | __main__:<module>:85 - | epoch : 115 | training done |
2021-12-26 03:19:34.463 | INFO     | __main__:<module>:114 - | epoch : 115 | val done |
2021-12-26 03:22:21.792 | INFO     | __main__:<module>:85 - | epoch : 116 | training done |
2021-12-26 03:22:42.746 | INFO     | __main__:<module>:114 - | epoch : 116 | val done |
2021-12-26 03:25:27.411 | INFO     | __main__:<module>:85 - | epoch : 117 | training done |
2021-12-26 03:25:48.546 | INFO     | __main__:<module>:114 - | epoch : 117 | val done |
2021-12-26 03:28:33.244 | INFO     | __main__:<module>:85 - | epoch : 118 | training done |
2021-12-26 03:28:57.201 | INFO     | __main__:<module>:114 - | epoch : 118 | val done |
2021-12-26 03:31:41.696 | INFO     | __main__:<module>:85 - | epoch : 119 | training done |
2021-12-26 03:32:06.176 | INFO     | __main__:<module>:114 - | epoch : 119 | val done |
2021-12-26 03:34:52.371 | INFO     | __main__:<module>:85 - | epoch : 120 | training done |
2021-12-26 03:35:12.450 | INFO     | __main__:<module>:114 - | epoch : 120 | val done |
2021-12-26 03:37:58.831 | INFO     | __main__:<module>:85 - | epoch : 121 | training done |
2021-12-26 03:38:22.103 | INFO     | __main__:<module>:114 - | epoch : 121 | val done |
2021-12-26 03:41:06.551 | INFO     | __main__:<module>:85 - | epoch : 122 | training done |
2021-12-26 03:41:28.529 | INFO     | __main__:<module>:114 - | epoch : 122 | val done |
2021-12-26 03:44:13.733 | INFO     | __main__:<module>:85 - | epoch : 123 | training done |
2021-12-26 03:44:36.207 | INFO     | __main__:<module>:114 - | epoch : 123 | val done |
2021-12-26 03:47:21.471 | INFO     | __main__:<module>:85 - | epoch : 124 | training done |
2021-12-26 03:47:46.663 | INFO     | __main__:<module>:114 - | epoch : 124 | val done |
2021-12-26 03:50:31.932 | INFO     | __main__:<module>:85 - | epoch : 125 | training done |
2021-12-26 03:50:56.289 | INFO     | __main__:<module>:114 - | epoch : 125 | val done |
2021-12-26 03:53:41.794 | INFO     | __main__:<module>:85 - | epoch : 126 | training done |
2021-12-26 03:54:05.798 | INFO     | __main__:<module>:114 - | epoch : 126 | val done |
2021-12-26 03:56:50.468 | INFO     | __main__:<module>:85 - | epoch : 127 | training done |
2021-12-26 03:57:13.595 | INFO     | __main__:<module>:114 - | epoch : 127 | val done |
2021-12-26 03:59:58.603 | INFO     | __main__:<module>:85 - | epoch : 128 | training done |
2021-12-26 04:00:21.510 | INFO     | __main__:<module>:114 - | epoch : 128 | val done |
2021-12-26 04:03:07.991 | INFO     | __main__:<module>:85 - | epoch : 129 | training done |
2021-12-26 04:03:30.365 | INFO     | __main__:<module>:114 - | epoch : 129 | val done |
2021-12-26 04:06:14.433 | INFO     | __main__:<module>:85 - | epoch : 130 | training done |
2021-12-26 04:06:37.472 | INFO     | __main__:<module>:114 - | epoch : 130 | val done |
2021-12-26 04:09:23.760 | INFO     | __main__:<module>:85 - | epoch : 131 | training done |
2021-12-26 04:09:50.893 | INFO     | __main__:<module>:114 - | epoch : 131 | val done |
2021-12-26 04:12:35.400 | INFO     | __main__:<module>:85 - | epoch : 132 | training done |
2021-12-26 04:12:58.908 | INFO     | __main__:<module>:114 - | epoch : 132 | val done |
2021-12-26 04:15:45.437 | INFO     | __main__:<module>:85 - | epoch : 133 | training done |
2021-12-26 04:16:08.022 | INFO     | __main__:<module>:114 - | epoch : 133 | val done |
2021-12-26 04:18:53.555 | INFO     | __main__:<module>:85 - | epoch : 134 | training done |
2021-12-26 04:19:15.731 | INFO     | __main__:<module>:114 - | epoch : 134 | val done |
2021-12-26 04:22:00.763 | INFO     | __main__:<module>:85 - | epoch : 135 | training done |
2021-12-26 04:22:24.206 | INFO     | __main__:<module>:114 - | epoch : 135 | val done |
2021-12-26 04:25:08.927 | INFO     | __main__:<module>:85 - | epoch : 136 | training done |
2021-12-26 04:25:32.482 | INFO     | __main__:<module>:114 - | epoch : 136 | val done |
2021-12-26 04:28:19.257 | INFO     | __main__:<module>:85 - | epoch : 137 | training done |
2021-12-26 04:28:41.681 | INFO     | __main__:<module>:114 - | epoch : 137 | val done |
2021-12-26 04:31:29.678 | INFO     | __main__:<module>:85 - | epoch : 138 | training done |
2021-12-26 04:31:52.930 | INFO     | __main__:<module>:114 - | epoch : 138 | val done |
2021-12-26 04:34:38.045 | INFO     | __main__:<module>:85 - | epoch : 139 | training done |
2021-12-26 04:35:01.846 | INFO     | __main__:<module>:114 - | epoch : 139 | val done |
2021-12-26 04:37:46.129 | INFO     | __main__:<module>:85 - | epoch : 140 | training done |
2021-12-26 04:38:11.300 | INFO     | __main__:<module>:114 - | epoch : 140 | val done |
2021-12-26 04:40:57.543 | INFO     | __main__:<module>:85 - | epoch : 141 | training done |
2021-12-26 04:41:21.861 | INFO     | __main__:<module>:114 - | epoch : 141 | val done |
2021-12-26 04:44:09.051 | INFO     | __main__:<module>:85 - | epoch : 142 | training done |
2021-12-26 04:44:34.321 | INFO     | __main__:<module>:114 - | epoch : 142 | val done |
2021-12-26 04:47:20.043 | INFO     | __main__:<module>:85 - | epoch : 143 | training done |
2021-12-26 04:47:43.180 | INFO     | __main__:<module>:114 - | epoch : 143 | val done |
2021-12-26 04:50:26.171 | INFO     | __main__:<module>:85 - | epoch : 144 | training done |
2021-12-26 04:50:46.926 | INFO     | __main__:<module>:114 - | epoch : 144 | val done |
2021-12-26 04:53:31.719 | INFO     | __main__:<module>:85 - | epoch : 145 | training done |
2021-12-26 04:53:54.054 | INFO     | __main__:<module>:114 - | epoch : 145 | val done |
2021-12-26 04:56:37.225 | INFO     | __main__:<module>:85 - | epoch : 146 | training done |
2021-12-26 04:57:01.219 | INFO     | __main__:<module>:114 - | epoch : 146 | val done |
2021-12-26 04:59:46.595 | INFO     | __main__:<module>:85 - | epoch : 147 | training done |
2021-12-26 05:00:11.833 | INFO     | __main__:<module>:114 - | epoch : 147 | val done |
2021-12-26 05:02:55.980 | INFO     | __main__:<module>:85 - | epoch : 148 | training done |
2021-12-26 05:03:20.982 | INFO     | __main__:<module>:114 - | epoch : 148 | val done |
2021-12-26 05:06:06.121 | INFO     | __main__:<module>:85 - | epoch : 149 | training done |
2021-12-26 05:06:30.292 | INFO     | __main__:<module>:114 - | epoch : 149 | val done |
2021-12-26 05:09:15.111 | INFO     | __main__:<module>:85 - | epoch : 150 | training done |
2021-12-26 05:09:39.255 | INFO     | __main__:<module>:114 - | epoch : 150 | val done |
2021-12-26 05:12:23.376 | INFO     | __main__:<module>:85 - | epoch : 151 | training done |
2021-12-26 05:12:48.826 | INFO     | __main__:<module>:114 - | epoch : 151 | val done |
2021-12-26 05:15:33.535 | INFO     | __main__:<module>:85 - | epoch : 152 | training done |
2021-12-26 05:15:54.655 | INFO     | __main__:<module>:114 - | epoch : 152 | val done |
2021-12-26 05:18:38.539 | INFO     | __main__:<module>:85 - | epoch : 153 | training done |
2021-12-26 05:19:00.849 | INFO     | __main__:<module>:114 - | epoch : 153 | val done |
2021-12-26 05:21:45.552 | INFO     | __main__:<module>:85 - | epoch : 154 | training done |
2021-12-26 05:22:08.377 | INFO     | __main__:<module>:114 - | epoch : 154 | val done |
2021-12-26 05:24:53.759 | INFO     | __main__:<module>:85 - | epoch : 155 | training done |
2021-12-26 05:25:18.461 | INFO     | __main__:<module>:114 - | epoch : 155 | val done |
2021-12-26 05:28:03.933 | INFO     | __main__:<module>:85 - | epoch : 156 | training done |
2021-12-26 05:28:27.048 | INFO     | __main__:<module>:114 - | epoch : 156 | val done |
2021-12-26 05:31:11.036 | INFO     | __main__:<module>:85 - | epoch : 157 | training done |
2021-12-26 05:31:33.150 | INFO     | __main__:<module>:114 - | epoch : 157 | val done |
2021-12-26 05:34:17.446 | INFO     | __main__:<module>:85 - | epoch : 158 | training done |
2021-12-26 05:34:40.765 | INFO     | __main__:<module>:114 - | epoch : 158 | val done |
2021-12-26 05:37:25.199 | INFO     | __main__:<module>:85 - | epoch : 159 | training done |
2021-12-26 05:37:47.373 | INFO     | __main__:<module>:114 - | epoch : 159 | val done |
2021-12-26 05:40:31.508 | INFO     | __main__:<module>:85 - | epoch : 160 | training done |
2021-12-26 05:40:56.019 | INFO     | __main__:<module>:114 - | epoch : 160 | val done |
2021-12-26 05:43:40.919 | INFO     | __main__:<module>:85 - | epoch : 161 | training done |
2021-12-26 05:44:03.227 | INFO     | __main__:<module>:114 - | epoch : 161 | val done |
2021-12-26 05:46:49.126 | INFO     | __main__:<module>:85 - | epoch : 162 | training done |
2021-12-26 05:47:10.882 | INFO     | __main__:<module>:114 - | epoch : 162 | val done |
2021-12-26 05:49:54.689 | INFO     | __main__:<module>:85 - | epoch : 163 | training done |
2021-12-26 05:50:15.533 | INFO     | __main__:<module>:114 - | epoch : 163 | val done |
2021-12-26 05:53:00.463 | INFO     | __main__:<module>:85 - | epoch : 164 | training done |
2021-12-26 05:53:22.606 | INFO     | __main__:<module>:114 - | epoch : 164 | val done |
2021-12-26 05:56:06.455 | INFO     | __main__:<module>:85 - | epoch : 165 | training done |
2021-12-26 05:56:27.377 | INFO     | __main__:<module>:114 - | epoch : 165 | val done |
2021-12-26 05:59:10.389 | INFO     | __main__:<module>:85 - | epoch : 166 | training done |
2021-12-26 05:59:30.819 | INFO     | __main__:<module>:114 - | epoch : 166 | val done |
2021-12-26 06:02:14.536 | INFO     | __main__:<module>:85 - | epoch : 167 | training done |
2021-12-26 06:02:39.671 | INFO     | __main__:<module>:114 - | epoch : 167 | val done |
2021-12-26 06:05:24.391 | INFO     | __main__:<module>:85 - | epoch : 168 | training done |
2021-12-26 06:05:46.358 | INFO     | __main__:<module>:114 - | epoch : 168 | val done |
2021-12-26 06:08:29.697 | INFO     | __main__:<module>:85 - | epoch : 169 | training done |
2021-12-26 06:08:50.745 | INFO     | __main__:<module>:114 - | epoch : 169 | val done |
2021-12-26 06:11:33.755 | INFO     | __main__:<module>:85 - | epoch : 170 | training done |
2021-12-26 06:11:57.060 | INFO     | __main__:<module>:114 - | epoch : 170 | val done |
2021-12-26 06:14:41.121 | INFO     | __main__:<module>:85 - | epoch : 171 | training done |
2021-12-26 06:15:07.725 | INFO     | __main__:<module>:114 - | epoch : 171 | val done |
2021-12-26 06:17:51.360 | INFO     | __main__:<module>:85 - | epoch : 172 | training done |
2021-12-26 06:18:12.746 | INFO     | __main__:<module>:114 - | epoch : 172 | val done |
2021-12-26 06:20:56.599 | INFO     | __main__:<module>:85 - | epoch : 173 | training done |
2021-12-26 06:21:20.741 | INFO     | __main__:<module>:114 - | epoch : 173 | val done |
2021-12-26 06:24:05.133 | INFO     | __main__:<module>:85 - | epoch : 174 | training done |
2021-12-26 06:24:27.909 | INFO     | __main__:<module>:114 - | epoch : 174 | val done |
2021-12-26 06:27:11.755 | INFO     | __main__:<module>:85 - | epoch : 175 | training done |
2021-12-26 06:27:34.305 | INFO     | __main__:<module>:114 - | epoch : 175 | val done |
2021-12-26 06:30:18.400 | INFO     | __main__:<module>:85 - | epoch : 176 | training done |
2021-12-26 06:30:41.801 | INFO     | __main__:<module>:114 - | epoch : 176 | val done |
2021-12-26 06:33:25.274 | INFO     | __main__:<module>:85 - | epoch : 177 | training done |
2021-12-26 06:33:48.561 | INFO     | __main__:<module>:114 - | epoch : 177 | val done |
2021-12-26 06:36:33.657 | INFO     | __main__:<module>:85 - | epoch : 178 | training done |
2021-12-26 06:36:54.222 | INFO     | __main__:<module>:114 - | epoch : 178 | val done |
2021-12-26 06:39:39.297 | INFO     | __main__:<module>:85 - | epoch : 179 | training done |
2021-12-26 06:40:00.799 | INFO     | __main__:<module>:114 - | epoch : 179 | val done |
2021-12-26 06:42:46.730 | INFO     | __main__:<module>:85 - | epoch : 180 | training done |
2021-12-26 06:43:09.807 | INFO     | __main__:<module>:114 - | epoch : 180 | val done |
2021-12-26 06:45:55.053 | INFO     | __main__:<module>:85 - | epoch : 181 | training done |
2021-12-26 06:46:17.108 | INFO     | __main__:<module>:114 - | epoch : 181 | val done |
2021-12-26 06:49:01.729 | INFO     | __main__:<module>:85 - | epoch : 182 | training done |
2021-12-26 06:49:24.247 | INFO     | __main__:<module>:114 - | epoch : 182 | val done |
2021-12-26 06:52:11.373 | INFO     | __main__:<module>:85 - | epoch : 183 | training done |
2021-12-26 06:52:36.084 | INFO     | __main__:<module>:114 - | epoch : 183 | val done |
2021-12-26 06:55:21.626 | INFO     | __main__:<module>:85 - | epoch : 184 | training done |
2021-12-26 06:55:46.203 | INFO     | __main__:<module>:114 - | epoch : 184 | val done |
2021-12-26 06:58:30.071 | INFO     | __main__:<module>:85 - | epoch : 185 | training done |
2021-12-26 06:58:52.009 | INFO     | __main__:<module>:114 - | epoch : 185 | val done |
2021-12-26 07:01:35.102 | INFO     | __main__:<module>:85 - | epoch : 186 | training done |
2021-12-26 07:01:59.073 | INFO     | __main__:<module>:114 - | epoch : 186 | val done |
2021-12-26 07:04:43.784 | INFO     | __main__:<module>:85 - | epoch : 187 | training done |
2021-12-26 07:05:06.385 | INFO     | __main__:<module>:114 - | epoch : 187 | val done |
2021-12-26 07:07:51.478 | INFO     | __main__:<module>:85 - | epoch : 188 | training done |
2021-12-26 07:08:13.248 | INFO     | __main__:<module>:114 - | epoch : 188 | val done |
2021-12-26 07:10:57.074 | INFO     | __main__:<module>:85 - | epoch : 189 | training done |
2021-12-26 07:11:18.530 | INFO     | __main__:<module>:114 - | epoch : 189 | val done |
2021-12-26 07:14:03.504 | INFO     | __main__:<module>:85 - | epoch : 190 | training done |
2021-12-26 07:14:27.183 | INFO     | __main__:<module>:114 - | epoch : 190 | val done |
2021-12-26 07:17:12.662 | INFO     | __main__:<module>:85 - | epoch : 191 | training done |
2021-12-26 07:17:35.071 | INFO     | __main__:<module>:114 - | epoch : 191 | val done |
2021-12-26 07:20:19.317 | INFO     | __main__:<module>:85 - | epoch : 192 | training done |
2021-12-26 07:20:41.847 | INFO     | __main__:<module>:114 - | epoch : 192 | val done |
2021-12-26 07:23:27.511 | INFO     | __main__:<module>:85 - | epoch : 193 | training done |
2021-12-26 07:23:52.251 | INFO     | __main__:<module>:114 - | epoch : 193 | val done |
2021-12-26 07:26:39.093 | INFO     | __main__:<module>:85 - | epoch : 194 | training done |
2021-12-26 07:27:03.304 | INFO     | __main__:<module>:114 - | epoch : 194 | val done |
2021-12-26 07:29:49.015 | INFO     | __main__:<module>:85 - | epoch : 195 | training done |
2021-12-26 07:30:13.365 | INFO     | __main__:<module>:114 - | epoch : 195 | val done |
2021-12-26 07:32:59.446 | INFO     | __main__:<module>:85 - | epoch : 196 | training done |
2021-12-26 07:33:21.994 | INFO     | __main__:<module>:114 - | epoch : 196 | val done |
2021-12-26 07:36:05.787 | INFO     | __main__:<module>:85 - | epoch : 197 | training done |
2021-12-26 07:36:28.683 | INFO     | __main__:<module>:114 - | epoch : 197 | val done |
2021-12-26 07:39:12.188 | INFO     | __main__:<module>:85 - | epoch : 198 | training done |
2021-12-26 07:39:33.272 | INFO     | __main__:<module>:114 - | epoch : 198 | val done |
2021-12-26 07:42:18.198 | INFO     | __main__:<module>:85 - | epoch : 199 | training done |
2021-12-26 07:42:42.167 | INFO     | __main__:<module>:114 - | epoch : 199 | val done |
2021-12-26 07:45:25.782 | INFO     | __main__:<module>:85 - | epoch : 200 | training done |
2021-12-26 07:45:52.308 | INFO     | __main__:<module>:114 - | epoch : 200 | val done |
2021-12-26 07:48:35.820 | INFO     | __main__:<module>:85 - | epoch : 201 | training done |
2021-12-26 07:49:01.606 | INFO     | __main__:<module>:114 - | epoch : 201 | val done |
2021-12-26 07:51:45.922 | INFO     | __main__:<module>:85 - | epoch : 202 | training done |
2021-12-26 07:52:08.256 | INFO     | __main__:<module>:114 - | epoch : 202 | val done |
2021-12-26 07:54:54.561 | INFO     | __main__:<module>:85 - | epoch : 203 | training done |
2021-12-26 07:55:16.260 | INFO     | __main__:<module>:114 - | epoch : 203 | val done |
2021-12-26 07:58:00.537 | INFO     | __main__:<module>:85 - | epoch : 204 | training done |
2021-12-26 07:58:21.956 | INFO     | __main__:<module>:114 - | epoch : 204 | val done |
2021-12-26 08:01:06.750 | INFO     | __main__:<module>:85 - | epoch : 205 | training done |
2021-12-26 08:01:30.505 | INFO     | __main__:<module>:114 - | epoch : 205 | val done |
2021-12-26 08:04:14.005 | INFO     | __main__:<module>:85 - | epoch : 206 | training done |
2021-12-26 08:04:36.639 | INFO     | __main__:<module>:114 - | epoch : 206 | val done |
2021-12-26 08:07:19.752 | INFO     | __main__:<module>:85 - | epoch : 207 | training done |
2021-12-26 08:07:40.527 | INFO     | __main__:<module>:114 - | epoch : 207 | val done |
2021-12-26 08:10:25.475 | INFO     | __main__:<module>:85 - | epoch : 208 | training done |
2021-12-26 08:10:48.267 | INFO     | __main__:<module>:114 - | epoch : 208 | val done |
2021-12-26 08:13:33.258 | INFO     | __main__:<module>:85 - | epoch : 209 | training done |
2021-12-26 08:13:55.967 | INFO     | __main__:<module>:114 - | epoch : 209 | val done |
2021-12-26 08:16:40.570 | INFO     | __main__:<module>:85 - | epoch : 210 | training done |
2021-12-26 08:17:04.718 | INFO     | __main__:<module>:114 - | epoch : 210 | val done |
2021-12-26 08:19:48.743 | INFO     | __main__:<module>:85 - | epoch : 211 | training done |
2021-12-26 08:20:11.366 | INFO     | __main__:<module>:114 - | epoch : 211 | val done |
2021-12-26 08:22:55.890 | INFO     | __main__:<module>:85 - | epoch : 212 | training done |
2021-12-26 08:23:18.140 | INFO     | __main__:<module>:114 - | epoch : 212 | val done |
2021-12-26 08:26:03.608 | INFO     | __main__:<module>:85 - | epoch : 213 | training done |
2021-12-26 08:26:26.555 | INFO     | __main__:<module>:114 - | epoch : 213 | val done |
2021-12-26 08:29:09.509 | INFO     | __main__:<module>:85 - | epoch : 214 | training done |
2021-12-26 08:29:32.507 | INFO     | __main__:<module>:114 - | epoch : 214 | val done |
2021-12-26 08:32:18.088 | INFO     | __main__:<module>:85 - | epoch : 215 | training done |
2021-12-26 08:32:41.141 | INFO     | __main__:<module>:114 - | epoch : 215 | val done |
2021-12-26 08:35:27.410 | INFO     | __main__:<module>:85 - | epoch : 216 | training done |
2021-12-26 08:35:50.601 | INFO     | __main__:<module>:114 - | epoch : 216 | val done |
2021-12-26 08:38:34.526 | INFO     | __main__:<module>:85 - | epoch : 217 | training done |
2021-12-26 08:38:57.971 | INFO     | __main__:<module>:114 - | epoch : 217 | val done |
2021-12-26 08:41:41.349 | INFO     | __main__:<module>:85 - | epoch : 218 | training done |
2021-12-26 08:42:03.796 | INFO     | __main__:<module>:114 - | epoch : 218 | val done |
2021-12-26 08:44:47.847 | INFO     | __main__:<module>:85 - | epoch : 219 | training done |
2021-12-26 08:45:09.530 | INFO     | __main__:<module>:114 - | epoch : 219 | val done |
2021-12-26 08:47:53.296 | INFO     | __main__:<module>:85 - | epoch : 220 | training done |
2021-12-26 08:48:15.348 | INFO     | __main__:<module>:114 - | epoch : 220 | val done |
2021-12-26 08:50:59.385 | INFO     | __main__:<module>:85 - | epoch : 221 | training done |
2021-12-26 08:51:21.877 | INFO     | __main__:<module>:114 - | epoch : 221 | val done |
2021-12-26 08:54:05.877 | INFO     | __main__:<module>:85 - | epoch : 222 | training done |
2021-12-26 08:54:31.083 | INFO     | __main__:<module>:114 - | epoch : 222 | val done |
2021-12-26 08:57:15.482 | INFO     | __main__:<module>:85 - | epoch : 223 | training done |
2021-12-26 08:57:36.942 | INFO     | __main__:<module>:114 - | epoch : 223 | val done |
2021-12-26 09:00:20.840 | INFO     | __main__:<module>:85 - | epoch : 224 | training done |
2021-12-26 09:00:45.371 | INFO     | __main__:<module>:114 - | epoch : 224 | val done |
2021-12-26 09:03:30.070 | INFO     | __main__:<module>:85 - | epoch : 225 | training done |
2021-12-26 09:03:59.288 | INFO     | __main__:<module>:114 - | epoch : 225 | val done |
2021-12-26 09:06:43.354 | INFO     | __main__:<module>:85 - | epoch : 226 | training done |
2021-12-26 09:07:10.608 | INFO     | __main__:<module>:114 - | epoch : 226 | val done |
2021-12-26 09:09:53.776 | INFO     | __main__:<module>:85 - | epoch : 227 | training done |
2021-12-26 09:10:17.134 | INFO     | __main__:<module>:114 - | epoch : 227 | val done |
2021-12-26 09:13:00.910 | INFO     | __main__:<module>:85 - | epoch : 228 | training done |
2021-12-26 09:13:22.192 | INFO     | __main__:<module>:114 - | epoch : 228 | val done |
2021-12-26 09:16:06.635 | INFO     | __main__:<module>:85 - | epoch : 229 | training done |
2021-12-26 09:16:30.197 | INFO     | __main__:<module>:114 - | epoch : 229 | val done |
2021-12-26 09:19:15.662 | INFO     | __main__:<module>:85 - | epoch : 230 | training done |
2021-12-26 09:19:38.365 | INFO     | __main__:<module>:114 - | epoch : 230 | val done |
2021-12-26 09:22:22.409 | INFO     | __main__:<module>:85 - | epoch : 231 | training done |
2021-12-26 09:22:43.682 | INFO     | __main__:<module>:114 - | epoch : 231 | val done |
2021-12-26 09:25:28.384 | INFO     | __main__:<module>:85 - | epoch : 232 | training done |
2021-12-26 09:25:54.334 | INFO     | __main__:<module>:114 - | epoch : 232 | val done |
2021-12-26 09:28:38.169 | INFO     | __main__:<module>:85 - | epoch : 233 | training done |
2021-12-26 09:29:00.166 | INFO     | __main__:<module>:114 - | epoch : 233 | val done |
2021-12-26 09:31:51.944 | INFO     | __main__:<module>:85 - | epoch : 234 | training done |
2021-12-26 09:32:14.056 | INFO     | __main__:<module>:114 - | epoch : 234 | val done |
2021-12-26 09:35:04.465 | INFO     | __main__:<module>:85 - | epoch : 235 | training done |
2021-12-26 09:35:28.779 | INFO     | __main__:<module>:114 - | epoch : 235 | val done |
2021-12-26 09:38:15.083 | INFO     | __main__:<module>:85 - | epoch : 236 | training done |
2021-12-26 09:38:40.640 | INFO     | __main__:<module>:114 - | epoch : 236 | val done |
2021-12-26 09:41:25.913 | INFO     | __main__:<module>:85 - | epoch : 237 | training done |
2021-12-26 09:41:48.337 | INFO     | __main__:<module>:114 - | epoch : 237 | val done |
2021-12-26 09:44:33.745 | INFO     | __main__:<module>:85 - | epoch : 238 | training done |
2021-12-26 09:44:55.652 | INFO     | __main__:<module>:114 - | epoch : 238 | val done |
2021-12-26 09:47:39.544 | INFO     | __main__:<module>:85 - | epoch : 239 | training done |
2021-12-26 09:48:01.181 | INFO     | __main__:<module>:114 - | epoch : 239 | val done |
2021-12-26 09:50:45.580 | INFO     | __main__:<module>:85 - | epoch : 240 | training done |
2021-12-26 09:51:08.074 | INFO     | __main__:<module>:114 - | epoch : 240 | val done |
2021-12-26 09:53:52.481 | INFO     | __main__:<module>:85 - | epoch : 241 | training done |
2021-12-26 09:54:16.876 | INFO     | __main__:<module>:114 - | epoch : 241 | val done |
2021-12-26 09:57:02.046 | INFO     | __main__:<module>:85 - | epoch : 242 | training done |
2021-12-26 09:57:24.227 | INFO     | __main__:<module>:114 - | epoch : 242 | val done |
2021-12-26 10:00:07.500 | INFO     | __main__:<module>:85 - | epoch : 243 | training done |
2021-12-26 10:00:32.326 | INFO     | __main__:<module>:114 - | epoch : 243 | val done |
2021-12-26 10:03:18.003 | INFO     | __main__:<module>:85 - | epoch : 244 | training done |
2021-12-26 10:03:41.211 | INFO     | __main__:<module>:114 - | epoch : 244 | val done |
2021-12-26 10:06:25.722 | INFO     | __main__:<module>:85 - | epoch : 245 | training done |
2021-12-26 10:06:47.474 | INFO     | __main__:<module>:114 - | epoch : 245 | val done |
2021-12-26 10:09:32.218 | INFO     | __main__:<module>:85 - | epoch : 246 | training done |
2021-12-26 10:09:55.990 | INFO     | __main__:<module>:114 - | epoch : 246 | val done |
2021-12-26 10:12:41.623 | INFO     | __main__:<module>:85 - | epoch : 247 | training done |
2021-12-26 10:13:05.639 | INFO     | __main__:<module>:114 - | epoch : 247 | val done |
2021-12-26 10:15:50.202 | INFO     | __main__:<module>:85 - | epoch : 248 | training done |
2021-12-26 10:16:14.593 | INFO     | __main__:<module>:114 - | epoch : 248 | val done |
2021-12-26 10:18:58.402 | INFO     | __main__:<module>:85 - | epoch : 249 | training done |
2021-12-26 10:19:21.121 | INFO     | __main__:<module>:114 - | epoch : 249 | val done |
2021-12-26 10:22:05.580 | INFO     | __main__:<module>:85 - | epoch : 250 | training done |
2021-12-26 10:22:28.917 | INFO     | __main__:<module>:114 - | epoch : 250 | val done |
2021-12-26 10:25:14.710 | INFO     | __main__:<module>:85 - | epoch : 251 | training done |
2021-12-26 10:25:39.932 | INFO     | __main__:<module>:114 - | epoch : 251 | val done |
2021-12-26 10:28:25.171 | INFO     | __main__:<module>:85 - | epoch : 252 | training done |
2021-12-26 10:28:46.095 | INFO     | __main__:<module>:114 - | epoch : 252 | val done |
2021-12-26 10:31:30.480 | INFO     | __main__:<module>:85 - | epoch : 253 | training done |
2021-12-26 10:31:51.959 | INFO     | __main__:<module>:114 - | epoch : 253 | val done |
2021-12-26 10:34:37.092 | INFO     | __main__:<module>:85 - | epoch : 254 | training done |
2021-12-26 10:34:59.579 | INFO     | __main__:<module>:114 - | epoch : 254 | val done |
2021-12-26 10:37:44.954 | INFO     | __main__:<module>:85 - | epoch : 255 | training done |
2021-12-26 10:38:07.419 | INFO     | __main__:<module>:114 - | epoch : 255 | val done |
2021-12-26 10:40:52.522 | INFO     | __main__:<module>:85 - | epoch : 256 | training done |
2021-12-26 10:41:15.154 | INFO     | __main__:<module>:114 - | epoch : 256 | val done |
2021-12-26 10:43:58.714 | INFO     | __main__:<module>:85 - | epoch : 257 | training done |
2021-12-26 10:44:21.083 | INFO     | __main__:<module>:114 - | epoch : 257 | val done |
2021-12-26 10:47:04.426 | INFO     | __main__:<module>:85 - | epoch : 258 | training done |
2021-12-26 10:47:26.701 | INFO     | __main__:<module>:114 - | epoch : 258 | val done |
2021-12-26 10:50:12.418 | INFO     | __main__:<module>:85 - | epoch : 259 | training done |
2021-12-26 10:50:34.590 | INFO     | __main__:<module>:114 - | epoch : 259 | val done |
2021-12-26 10:53:18.338 | INFO     | __main__:<module>:85 - | epoch : 260 | training done |
2021-12-26 10:53:40.195 | INFO     | __main__:<module>:114 - | epoch : 260 | val done |
2021-12-26 10:56:26.864 | INFO     | __main__:<module>:85 - | epoch : 261 | training done |
2021-12-26 10:56:47.998 | INFO     | __main__:<module>:114 - | epoch : 261 | val done |
2021-12-26 10:59:32.621 | INFO     | __main__:<module>:85 - | epoch : 262 | training done |
2021-12-26 10:59:58.279 | INFO     | __main__:<module>:114 - | epoch : 262 | val done |
2021-12-26 11:02:43.020 | INFO     | __main__:<module>:85 - | epoch : 263 | training done |
2021-12-26 11:03:06.830 | INFO     | __main__:<module>:114 - | epoch : 263 | val done |
2021-12-26 11:05:52.275 | INFO     | __main__:<module>:85 - | epoch : 264 | training done |
2021-12-26 11:06:14.852 | INFO     | __main__:<module>:114 - | epoch : 264 | val done |
2021-12-26 11:09:01.174 | INFO     | __main__:<module>:85 - | epoch : 265 | training done |
2021-12-26 11:09:22.231 | INFO     | __main__:<module>:114 - | epoch : 265 | val done |
2021-12-26 11:12:07.954 | INFO     | __main__:<module>:85 - | epoch : 266 | training done |
2021-12-26 11:12:31.305 | INFO     | __main__:<module>:114 - | epoch : 266 | val done |
2021-12-26 11:15:14.429 | INFO     | __main__:<module>:85 - | epoch : 267 | training done |
2021-12-26 11:15:39.626 | INFO     | __main__:<module>:114 - | epoch : 267 | val done |
2021-12-26 11:18:24.799 | INFO     | __main__:<module>:85 - | epoch : 268 | training done |
2021-12-26 11:18:47.549 | INFO     | __main__:<module>:114 - | epoch : 268 | val done |
2021-12-26 11:21:32.634 | INFO     | __main__:<module>:85 - | epoch : 269 | training done |
2021-12-26 11:21:54.663 | INFO     | __main__:<module>:114 - | epoch : 269 | val done |
2021-12-26 11:24:40.238 | INFO     | __main__:<module>:85 - | epoch : 270 | training done |
2021-12-26 11:25:03.997 | INFO     | __main__:<module>:114 - | epoch : 270 | val done |
2021-12-26 11:27:48.468 | INFO     | __main__:<module>:85 - | epoch : 271 | training done |
2021-12-26 11:28:11.004 | INFO     | __main__:<module>:114 - | epoch : 271 | val done |
2021-12-26 11:30:57.109 | INFO     | __main__:<module>:85 - | epoch : 272 | training done |
2021-12-26 11:31:19.106 | INFO     | __main__:<module>:114 - | epoch : 272 | val done |
2021-12-26 11:34:02.537 | INFO     | __main__:<module>:85 - | epoch : 273 | training done |
2021-12-26 11:34:24.694 | INFO     | __main__:<module>:114 - | epoch : 273 | val done |
2021-12-26 11:37:09.863 | INFO     | __main__:<module>:85 - | epoch : 274 | training done |
2021-12-26 11:37:34.848 | INFO     | __main__:<module>:114 - | epoch : 274 | val done |
2021-12-26 11:40:19.734 | INFO     | __main__:<module>:85 - | epoch : 275 | training done |
2021-12-26 11:40:40.909 | INFO     | __main__:<module>:114 - | epoch : 275 | val done |
2021-12-26 11:43:25.255 | INFO     | __main__:<module>:85 - | epoch : 276 | training done |
2021-12-26 11:43:47.782 | INFO     | __main__:<module>:114 - | epoch : 276 | val done |
2021-12-26 11:46:33.701 | INFO     | __main__:<module>:85 - | epoch : 277 | training done |
2021-12-26 11:46:54.932 | INFO     | __main__:<module>:114 - | epoch : 277 | val done |
2021-12-26 11:49:40.647 | INFO     | __main__:<module>:85 - | epoch : 278 | training done |
2021-12-26 11:50:03.462 | INFO     | __main__:<module>:114 - | epoch : 278 | val done |
2021-12-26 11:52:49.229 | INFO     | __main__:<module>:85 - | epoch : 279 | training done |
2021-12-26 11:53:12.707 | INFO     | __main__:<module>:114 - | epoch : 279 | val done |
2021-12-26 11:55:56.778 | INFO     | __main__:<module>:85 - | epoch : 280 | training done |
2021-12-26 11:56:19.074 | INFO     | __main__:<module>:114 - | epoch : 280 | val done |
2021-12-26 11:59:03.870 | INFO     | __main__:<module>:85 - | epoch : 281 | training done |
2021-12-26 11:59:27.156 | INFO     | __main__:<module>:114 - | epoch : 281 | val done |
2021-12-26 12:02:13.243 | INFO     | __main__:<module>:85 - | epoch : 282 | training done |
2021-12-26 12:02:35.275 | INFO     | __main__:<module>:114 - | epoch : 282 | val done |
2021-12-26 12:05:20.624 | INFO     | __main__:<module>:85 - | epoch : 283 | training done |
2021-12-26 12:05:41.398 | INFO     | __main__:<module>:114 - | epoch : 283 | val done |
2021-12-26 12:08:25.249 | INFO     | __main__:<module>:85 - | epoch : 284 | training done |
2021-12-26 12:08:46.068 | INFO     | __main__:<module>:114 - | epoch : 284 | val done |
2021-12-26 12:11:29.112 | INFO     | __main__:<module>:85 - | epoch : 285 | training done |
2021-12-26 12:11:54.501 | INFO     | __main__:<module>:114 - | epoch : 285 | val done |
2021-12-26 12:14:40.156 | INFO     | __main__:<module>:85 - | epoch : 286 | training done |
2021-12-26 12:15:02.847 | INFO     | __main__:<module>:114 - | epoch : 286 | val done |
2021-12-26 12:17:46.809 | INFO     | __main__:<module>:85 - | epoch : 287 | training done |
2021-12-26 12:18:08.751 | INFO     | __main__:<module>:114 - | epoch : 287 | val done |
2021-12-26 12:20:53.647 | INFO     | __main__:<module>:85 - | epoch : 288 | training done |
2021-12-26 12:21:19.429 | INFO     | __main__:<module>:114 - | epoch : 288 | val done |
2021-12-26 12:24:04.467 | INFO     | __main__:<module>:85 - | epoch : 289 | training done |
2021-12-26 12:24:26.670 | INFO     | __main__:<module>:114 - | epoch : 289 | val done |
2021-12-26 12:27:09.797 | INFO     | __main__:<module>:85 - | epoch : 290 | training done |
2021-12-26 12:27:32.129 | INFO     | __main__:<module>:114 - | epoch : 290 | val done |
2021-12-26 12:30:16.021 | INFO     | __main__:<module>:85 - | epoch : 291 | training done |
2021-12-26 12:30:40.895 | INFO     | __main__:<module>:114 - | epoch : 291 | val done |
2021-12-26 12:33:30.467 | INFO     | __main__:<module>:85 - | epoch : 292 | training done |
2021-12-26 12:33:54.385 | INFO     | __main__:<module>:114 - | epoch : 292 | val done |
2021-12-26 12:36:44.188 | INFO     | __main__:<module>:85 - | epoch : 293 | training done |
2021-12-26 12:37:08.275 | INFO     | __main__:<module>:114 - | epoch : 293 | val done |
2021-12-26 12:39:52.717 | INFO     | __main__:<module>:85 - | epoch : 294 | training done |
2021-12-26 12:40:15.072 | INFO     | __main__:<module>:114 - | epoch : 294 | val done |
2021-12-26 12:43:01.047 | INFO     | __main__:<module>:85 - | epoch : 295 | training done |
2021-12-26 12:43:23.915 | INFO     | __main__:<module>:114 - | epoch : 295 | val done |
2021-12-26 12:46:08.232 | INFO     | __main__:<module>:85 - | epoch : 296 | training done |
2021-12-26 12:46:35.496 | INFO     | __main__:<module>:114 - | epoch : 296 | val done |
2021-12-26 12:49:22.555 | INFO     | __main__:<module>:85 - | epoch : 297 | training done |
2021-12-26 12:49:46.423 | INFO     | __main__:<module>:114 - | epoch : 297 | val done |
2021-12-26 12:52:32.137 | INFO     | __main__:<module>:85 - | epoch : 298 | training done |
2021-12-26 12:52:57.113 | INFO     | __main__:<module>:114 - | epoch : 298 | val done |
2021-12-26 12:55:41.671 | INFO     | __main__:<module>:85 - | epoch : 299 | training done |
2021-12-26 12:56:05.264 | INFO     | __main__:<module>:114 - | epoch : 299 | val done |
2021-12-26 12:58:50.504 | INFO     | __main__:<module>:85 - | epoch : 300 | training done |
2021-12-26 12:59:15.234 | INFO     | __main__:<module>:114 - | epoch : 300 | val done |
2021-12-26 13:01:59.336 | INFO     | __main__:<module>:85 - | epoch : 301 | training done |
2021-12-26 13:02:24.360 | INFO     | __main__:<module>:114 - | epoch : 301 | val done |
2021-12-26 13:05:09.292 | INFO     | __main__:<module>:85 - | epoch : 302 | training done |
2021-12-26 13:05:32.000 | INFO     | __main__:<module>:114 - | epoch : 302 | val done |
2021-12-26 13:08:16.788 | INFO     | __main__:<module>:85 - | epoch : 303 | training done |
2021-12-26 13:08:40.182 | INFO     | __main__:<module>:114 - | epoch : 303 | val done |
2021-12-26 13:11:24.526 | INFO     | __main__:<module>:85 - | epoch : 304 | training done |
2021-12-26 13:11:47.193 | INFO     | __main__:<module>:114 - | epoch : 304 | val done |
2021-12-26 13:14:32.382 | INFO     | __main__:<module>:85 - | epoch : 305 | training done |
2021-12-26 13:14:52.870 | INFO     | __main__:<module>:114 - | epoch : 305 | val done |
2021-12-26 13:17:37.204 | INFO     | __main__:<module>:85 - | epoch : 306 | training done |
2021-12-26 13:17:59.093 | INFO     | __main__:<module>:114 - | epoch : 306 | val done |
2021-12-26 13:20:45.227 | INFO     | __main__:<module>:85 - | epoch : 307 | training done |
2021-12-26 13:21:08.229 | INFO     | __main__:<module>:114 - | epoch : 307 | val done |
2021-12-26 13:23:52.143 | INFO     | __main__:<module>:85 - | epoch : 308 | training done |
2021-12-26 13:24:13.948 | INFO     | __main__:<module>:114 - | epoch : 308 | val done |
2021-12-26 13:26:58.598 | INFO     | __main__:<module>:85 - | epoch : 309 | training done |
2021-12-26 13:27:19.473 | INFO     | __main__:<module>:114 - | epoch : 309 | val done |
2021-12-26 13:30:04.264 | INFO     | __main__:<module>:85 - | epoch : 310 | training done |
2021-12-26 13:30:26.576 | INFO     | __main__:<module>:114 - | epoch : 310 | val done |
2021-12-26 13:33:10.261 | INFO     | __main__:<module>:85 - | epoch : 311 | training done |
2021-12-26 13:33:34.402 | INFO     | __main__:<module>:114 - | epoch : 311 | val done |
2021-12-26 13:36:17.954 | INFO     | __main__:<module>:85 - | epoch : 312 | training done |
2021-12-26 13:36:40.814 | INFO     | __main__:<module>:114 - | epoch : 312 | val done |
2021-12-26 13:39:24.693 | INFO     | __main__:<module>:85 - | epoch : 313 | training done |
2021-12-26 13:39:49.772 | INFO     | __main__:<module>:114 - | epoch : 313 | val done |
