2021-12-29 17:15:28.380 | INFO     | __main__:<module>:80 - | start training .... |
2021-12-29 17:16:11.283 | INFO     | __main__:<module>:108 - | epoch : 0 | training done |
2021-12-29 17:16:27.210 | INFO     | __main__:<module>:237 - | epoch : 0 | CVC-300 : 0.5034641755998577 | CVC-ClinicDB : 0.4829190820253039 | CVC-ColonDB : 0.489027742558317 | ETIS-LaribPolypDB : 0.49859381535857905 | Kvasir : 0.4752466641634868 |
2021-12-29 17:16:27.210 | CRITICAL | __main__:<module>:238 - | epoch : 0 | best_val_dice_score : 0.4898502959411089 |
2021-12-29 17:17:10.294 | INFO     | __main__:<module>:108 - | epoch : 1 | training done |
2021-12-29 17:17:26.318 | INFO     | __main__:<module>:237 - | epoch : 1 | CVC-300 : 0.49807864720684253 | CVC-ClinicDB : 0.4974195058861359 | CVC-ColonDB : 0.497034324484106 | ETIS-LaribPolypDB : 0.5019606536951381 | Kvasir : 0.472788124464626 |
2021-12-29 17:17:26.318 | CRITICAL | __main__:<module>:238 - | epoch : 1 | best_val_dice_score : 0.4934562511473698 |
2021-12-29 17:18:09.329 | INFO     | __main__:<module>:108 - | epoch : 2 | training done |
2021-12-29 17:18:25.244 | INFO     | __main__:<module>:237 - | epoch : 2 | CVC-300 : 0.5206656239219367 | CVC-ClinicDB : 0.5960555313843888 | CVC-ColonDB : 0.5194609282356594 | ETIS-LaribPolypDB : 0.5058341981758033 | Kvasir : 0.48726375367987845 |
2021-12-29 17:18:25.244 | CRITICAL | __main__:<module>:238 - | epoch : 2 | best_val_dice_score : 0.5258560070795334 |
2021-12-29 17:19:08.317 | INFO     | __main__:<module>:108 - | epoch : 3 | training done |
2021-12-29 17:19:24.219 | INFO     | __main__:<module>:237 - | epoch : 3 | CVC-300 : 0.5672406589602165 | CVC-ClinicDB : 0.6759167221598952 | CVC-ColonDB : 0.5580398420025258 | ETIS-LaribPolypDB : 0.6105975727442697 | Kvasir : 0.58532515615942 |
2021-12-29 17:19:24.220 | CRITICAL | __main__:<module>:238 - | epoch : 3 | best_val_dice_score : 0.5994239904052654 |
2021-12-29 17:20:07.284 | INFO     | __main__:<module>:108 - | epoch : 4 | training done |
2021-12-29 17:20:23.248 | INFO     | __main__:<module>:237 - | epoch : 4 | CVC-300 : 0.5593381094732053 | CVC-ClinicDB : 0.7087936664629462 | CVC-ColonDB : 0.5612851966015532 | ETIS-LaribPolypDB : 0.6171014188297816 | Kvasir : 0.5837301849886216 |
2021-12-29 17:20:23.248 | CRITICAL | __main__:<module>:238 - | epoch : 4 | best_val_dice_score : 0.6060497152712216 |
2021-12-29 17:21:06.279 | INFO     | __main__:<module>:108 - | epoch : 5 | training done |
2021-12-29 17:21:22.295 | INFO     | __main__:<module>:237 - | epoch : 5 | CVC-300 : 0.5646395869375945 | CVC-ClinicDB : 0.7108411426072454 | CVC-ColonDB : 0.5673371874561733 | ETIS-LaribPolypDB : 0.6039309705955799 | Kvasir : 0.6167501995489255 |
2021-12-29 17:21:22.295 | CRITICAL | __main__:<module>:238 - | epoch : 5 | best_val_dice_score : 0.6126998174291038 |
2021-12-29 17:22:05.490 | INFO     | __main__:<module>:108 - | epoch : 6 | training done |
2021-12-29 17:22:21.472 | INFO     | __main__:<module>:237 - | epoch : 6 | CVC-300 : 0.5676830116045086 | CVC-ClinicDB : 0.7419608254985971 | CVC-ColonDB : 0.579850974695599 | ETIS-LaribPolypDB : 0.5847040793425443 | Kvasir : 0.6541703315553067 |
2021-12-29 17:22:21.473 | CRITICAL | __main__:<module>:238 - | epoch : 6 | best_val_dice_score : 0.6256738445393111 |
2021-12-29 17:23:04.427 | INFO     | __main__:<module>:108 - | epoch : 7 | training done |
2021-12-29 17:23:20.521 | INFO     | __main__:<module>:237 - | epoch : 7 | CVC-300 : 0.566396035923141 | CVC-ClinicDB : 0.747798595131983 | CVC-ColonDB : 0.577850993957239 | ETIS-LaribPolypDB : 0.6124559541138223 | Kvasir : 0.6444890169324212 |
2021-12-29 17:23:20.521 | CRITICAL | __main__:<module>:238 - | epoch : 7 | best_val_dice_score : 0.6297981192117214 |
2021-12-29 17:24:03.570 | INFO     | __main__:<module>:108 - | epoch : 8 | training done |
2021-12-29 17:24:19.597 | INFO     | __main__:<module>:241 - | epoch : 8 | val done |
2021-12-29 17:25:02.278 | INFO     | __main__:<module>:108 - | epoch : 9 | training done |
2021-12-29 17:25:18.303 | INFO     | __main__:<module>:237 - | epoch : 9 | CVC-300 : 0.5658102039568347 | CVC-ClinicDB : 0.7838571861075962 | CVC-ColonDB : 0.5980371928845883 | ETIS-LaribPolypDB : 0.6090544847920457 | Kvasir : 0.6859459488150519 |
2021-12-29 17:25:18.303 | CRITICAL | __main__:<module>:238 - | epoch : 9 | best_val_dice_score : 0.6485410033112233 |
2021-12-29 17:26:01.320 | INFO     | __main__:<module>:108 - | epoch : 10 | training done |
2021-12-29 17:26:17.341 | INFO     | __main__:<module>:241 - | epoch : 10 | val done |
2021-12-29 17:27:00.107 | INFO     | __main__:<module>:108 - | epoch : 11 | training done |
2021-12-29 17:27:16.150 | INFO     | __main__:<module>:237 - | epoch : 11 | CVC-300 : 0.5985766084758171 | CVC-ClinicDB : 0.7805299737518756 | CVC-ColonDB : 0.6252815277114917 | ETIS-LaribPolypDB : 0.616592440311661 | Kvasir : 0.6832611125582738 |
2021-12-29 17:27:16.150 | CRITICAL | __main__:<module>:238 - | epoch : 11 | best_val_dice_score : 0.6608483325618238 |
2021-12-29 17:27:59.250 | INFO     | __main__:<module>:108 - | epoch : 12 | training done |
2021-12-29 17:28:15.331 | INFO     | __main__:<module>:237 - | epoch : 12 | CVC-300 : 0.6141935617392567 | CVC-ClinicDB : 0.797611294568653 | CVC-ColonDB : 0.6407452495874085 | ETIS-LaribPolypDB : 0.632290156685399 | Kvasir : 0.6572229674527581 |
2021-12-29 17:28:15.331 | CRITICAL | __main__:<module>:238 - | epoch : 12 | best_val_dice_score : 0.668412646006695 |
2021-12-29 17:28:58.303 | INFO     | __main__:<module>:108 - | epoch : 13 | training done |
2021-12-29 17:29:14.341 | INFO     | __main__:<module>:237 - | epoch : 13 | CVC-300 : 0.6141850447373872 | CVC-ClinicDB : 0.8047417636245341 | CVC-ColonDB : 0.629163516415291 | ETIS-LaribPolypDB : 0.6385049715175286 | Kvasir : 0.7425580473893444 |
2021-12-29 17:29:14.341 | CRITICAL | __main__:<module>:238 - | epoch : 13 | best_val_dice_score : 0.6858306687368171 |
2021-12-29 17:29:57.452 | INFO     | __main__:<module>:108 - | epoch : 14 | training done |
2021-12-29 17:30:13.531 | INFO     | __main__:<module>:241 - | epoch : 14 | val done |
2021-12-29 17:30:56.224 | INFO     | __main__:<module>:108 - | epoch : 15 | training done |
2021-12-29 17:31:12.214 | INFO     | __main__:<module>:241 - | epoch : 15 | val done |
2021-12-29 17:31:55.100 | INFO     | __main__:<module>:108 - | epoch : 16 | training done |
2021-12-29 17:32:11.159 | INFO     | __main__:<module>:237 - | epoch : 16 | CVC-300 : 0.6534205657582602 | CVC-ClinicDB : 0.8165138791634343 | CVC-ColonDB : 0.6462185248229647 | ETIS-LaribPolypDB : 0.6297160064672921 | Kvasir : 0.7266323745205714 |
2021-12-29 17:32:11.159 | CRITICAL | __main__:<module>:238 - | epoch : 16 | best_val_dice_score : 0.6945002701465046 |
2021-12-29 17:32:54.136 | INFO     | __main__:<module>:108 - | epoch : 17 | training done |
2021-12-29 17:33:10.242 | INFO     | __main__:<module>:241 - | epoch : 17 | val done |
2021-12-29 17:33:52.932 | INFO     | __main__:<module>:108 - | epoch : 18 | training done |
2021-12-29 17:34:08.924 | INFO     | __main__:<module>:241 - | epoch : 18 | val done |
2021-12-29 17:34:51.747 | INFO     | __main__:<module>:108 - | epoch : 19 | training done |
2021-12-29 17:35:07.720 | INFO     | __main__:<module>:237 - | epoch : 19 | CVC-300 : 0.6376332556130689 | CVC-ClinicDB : 0.8393031229016348 | CVC-ColonDB : 0.6594017207258341 | ETIS-LaribPolypDB : 0.6587955520874326 | Kvasir : 0.7569331228494212 |
2021-12-29 17:35:07.720 | CRITICAL | __main__:<module>:238 - | epoch : 19 | best_val_dice_score : 0.7104133548354783 |
2021-12-29 17:35:50.780 | INFO     | __main__:<module>:108 - | epoch : 20 | training done |
2021-12-29 17:36:06.783 | INFO     | __main__:<module>:241 - | epoch : 20 | val done |
2021-12-29 17:36:49.586 | INFO     | __main__:<module>:108 - | epoch : 21 | training done |
2021-12-29 17:37:05.640 | INFO     | __main__:<module>:241 - | epoch : 21 | val done |
2021-12-29 17:37:48.353 | INFO     | __main__:<module>:108 - | epoch : 22 | training done |
2021-12-29 17:38:04.459 | INFO     | __main__:<module>:237 - | epoch : 22 | CVC-300 : 0.643077814211485 | CVC-ClinicDB : 0.8570986057921365 | CVC-ColonDB : 0.680568418797132 | ETIS-LaribPolypDB : 0.6499420587855128 | Kvasir : 0.7389986353703257 |
2021-12-29 17:38:04.459 | CRITICAL | __main__:<module>:238 - | epoch : 22 | best_val_dice_score : 0.7139371065913184 |
2021-12-29 17:38:47.559 | INFO     | __main__:<module>:108 - | epoch : 23 | training done |
2021-12-29 17:39:03.909 | INFO     | __main__:<module>:237 - | epoch : 23 | CVC-300 : 0.6567231590185889 | CVC-ClinicDB : 0.8421786238289255 | CVC-ColonDB : 0.6771204888066245 | ETIS-LaribPolypDB : 0.6487639446688606 | Kvasir : 0.7697766572212792 |
2021-12-29 17:39:03.910 | CRITICAL | __main__:<module>:238 - | epoch : 23 | best_val_dice_score : 0.7189125747088557 |
2021-12-29 17:39:46.886 | INFO     | __main__:<module>:108 - | epoch : 24 | training done |
2021-12-29 17:40:02.998 | INFO     | __main__:<module>:241 - | epoch : 24 | val done |
2021-12-29 17:40:45.740 | INFO     | __main__:<module>:108 - | epoch : 25 | training done |
2021-12-29 17:41:01.893 | INFO     | __main__:<module>:237 - | epoch : 25 | CVC-300 : 0.6728180128106214 | CVC-ClinicDB : 0.858325850102973 | CVC-ColonDB : 0.6734159401191618 | ETIS-LaribPolypDB : 0.6533406643295049 | Kvasir : 0.7787322426656115 |
2021-12-29 17:41:01.893 | CRITICAL | __main__:<module>:238 - | epoch : 25 | best_val_dice_score : 0.7273265420055746 |
2021-12-29 17:41:44.850 | INFO     | __main__:<module>:108 - | epoch : 26 | training done |
2021-12-29 17:42:00.870 | INFO     | __main__:<module>:237 - | epoch : 26 | CVC-300 : 0.6865773097520533 | CVC-ClinicDB : 0.8523858488945304 | CVC-ColonDB : 0.6992683132878237 | ETIS-LaribPolypDB : 0.6682785074969334 | Kvasir : 0.7623203318628367 |
2021-12-29 17:42:00.870 | CRITICAL | __main__:<module>:238 - | epoch : 26 | best_val_dice_score : 0.7337660622588354 |
2021-12-29 17:42:43.832 | INFO     | __main__:<module>:108 - | epoch : 27 | training done |
2021-12-29 17:42:59.908 | INFO     | __main__:<module>:237 - | epoch : 27 | CVC-300 : 0.6919291407106319 | CVC-ClinicDB : 0.8580470680710254 | CVC-ColonDB : 0.6916553018574193 | ETIS-LaribPolypDB : 0.6704086642388247 | Kvasir : 0.7646457870108732 |
2021-12-29 17:42:59.908 | CRITICAL | __main__:<module>:238 - | epoch : 27 | best_val_dice_score : 0.735337192377755 |
2021-12-29 17:43:43.015 | INFO     | __main__:<module>:108 - | epoch : 28 | training done |
2021-12-29 17:43:59.023 | INFO     | __main__:<module>:241 - | epoch : 28 | val done |
2021-12-29 17:44:41.892 | INFO     | __main__:<module>:108 - | epoch : 29 | training done |
2021-12-29 17:44:57.891 | INFO     | __main__:<module>:241 - | epoch : 29 | val done |
2021-12-29 17:45:40.618 | INFO     | __main__:<module>:108 - | epoch : 30 | training done |
2021-12-29 17:45:56.712 | INFO     | __main__:<module>:241 - | epoch : 30 | val done |
2021-12-29 17:46:39.720 | INFO     | __main__:<module>:108 - | epoch : 31 | training done |
2021-12-29 17:46:55.776 | INFO     | __main__:<module>:237 - | epoch : 31 | CVC-300 : 0.6707971465529905 | CVC-ClinicDB : 0.8715934349942753 | CVC-ColonDB : 0.6927751027129725 | ETIS-LaribPolypDB : 0.6981195975086553 | Kvasir : 0.8156775659777835 |
2021-12-29 17:46:55.777 | CRITICAL | __main__:<module>:238 - | epoch : 31 | best_val_dice_score : 0.7497925695493354 |
2021-12-29 17:47:38.879 | INFO     | __main__:<module>:108 - | epoch : 32 | training done |
2021-12-29 17:47:55.017 | INFO     | __main__:<module>:241 - | epoch : 32 | val done |
2021-12-29 17:48:37.719 | INFO     | __main__:<module>:108 - | epoch : 33 | training done |
2021-12-29 17:48:53.737 | INFO     | __main__:<module>:241 - | epoch : 33 | val done |
2021-12-29 17:49:36.449 | INFO     | __main__:<module>:108 - | epoch : 34 | training done |
2021-12-29 17:49:52.491 | INFO     | __main__:<module>:241 - | epoch : 34 | val done |
2021-12-29 17:50:35.269 | INFO     | __main__:<module>:108 - | epoch : 35 | training done |
2021-12-29 17:50:51.222 | INFO     | __main__:<module>:241 - | epoch : 35 | val done |
2021-12-29 17:51:33.978 | INFO     | __main__:<module>:108 - | epoch : 36 | training done |
2021-12-29 17:51:49.961 | INFO     | __main__:<module>:237 - | epoch : 36 | CVC-300 : 0.6923030142801302 | CVC-ClinicDB : 0.8818087425228154 | CVC-ColonDB : 0.7081119644736876 | ETIS-LaribPolypDB : 0.655500803404599 | Kvasir : 0.8149662369405797 |
2021-12-29 17:51:49.962 | CRITICAL | __main__:<module>:238 - | epoch : 36 | best_val_dice_score : 0.7505381523243624 |
2021-12-29 17:52:33.048 | INFO     | __main__:<module>:108 - | epoch : 37 | training done |
2021-12-29 17:52:49.100 | INFO     | __main__:<module>:241 - | epoch : 37 | val done |
2021-12-29 17:53:31.829 | INFO     | __main__:<module>:108 - | epoch : 38 | training done |
2021-12-29 17:53:47.888 | INFO     | __main__:<module>:241 - | epoch : 38 | val done |
2021-12-29 17:54:30.650 | INFO     | __main__:<module>:108 - | epoch : 39 | training done |
2021-12-29 17:54:46.739 | INFO     | __main__:<module>:237 - | epoch : 39 | CVC-300 : 0.7311672350899197 | CVC-ClinicDB : 0.8901009607335195 | CVC-ColonDB : 0.7153601183292837 | ETIS-LaribPolypDB : 0.674062999208998 | Kvasir : 0.8082700269084488 |
2021-12-29 17:54:46.739 | CRITICAL | __main__:<module>:238 - | epoch : 39 | best_val_dice_score : 0.7637922680540339 |
2021-12-29 17:55:29.902 | INFO     | __main__:<module>:108 - | epoch : 40 | training done |
2021-12-29 17:55:45.937 | INFO     | __main__:<module>:241 - | epoch : 40 | val done |
2021-12-29 17:56:28.718 | INFO     | __main__:<module>:108 - | epoch : 41 | training done |
2021-12-29 17:56:44.774 | INFO     | __main__:<module>:241 - | epoch : 41 | val done |
2021-12-29 17:57:27.488 | INFO     | __main__:<module>:108 - | epoch : 42 | training done |
2021-12-29 17:57:43.623 | INFO     | __main__:<module>:241 - | epoch : 42 | val done |
2021-12-29 17:58:26.349 | INFO     | __main__:<module>:108 - | epoch : 43 | training done |
2021-12-29 17:58:42.376 | INFO     | __main__:<module>:237 - | epoch : 43 | CVC-300 : 0.7141392476106367 | CVC-ClinicDB : 0.8992867294262337 | CVC-ColonDB : 0.7146333517889092 | ETIS-LaribPolypDB : 0.6934624455146194 | Kvasir : 0.824216228181482 |
2021-12-29 17:58:42.376 | CRITICAL | __main__:<module>:238 - | epoch : 43 | best_val_dice_score : 0.7691476005043761 |
2021-12-29 17:59:25.370 | INFO     | __main__:<module>:108 - | epoch : 44 | training done |
2021-12-29 17:59:41.465 | INFO     | __main__:<module>:241 - | epoch : 44 | val done |
2021-12-29 18:00:24.308 | INFO     | __main__:<module>:108 - | epoch : 45 | training done |
2021-12-29 18:00:40.316 | INFO     | __main__:<module>:241 - | epoch : 45 | val done |
2021-12-29 18:01:23.174 | INFO     | __main__:<module>:108 - | epoch : 46 | training done |
2021-12-29 18:01:39.251 | INFO     | __main__:<module>:241 - | epoch : 46 | val done |
2021-12-29 18:02:22.029 | INFO     | __main__:<module>:108 - | epoch : 47 | training done |
2021-12-29 18:02:38.051 | INFO     | __main__:<module>:241 - | epoch : 47 | val done |
2021-12-29 18:03:20.854 | INFO     | __main__:<module>:108 - | epoch : 48 | training done |
2021-12-29 18:03:36.852 | INFO     | __main__:<module>:241 - | epoch : 48 | val done |
2021-12-29 18:04:19.558 | INFO     | __main__:<module>:108 - | epoch : 49 | training done |
2021-12-29 18:04:35.725 | INFO     | __main__:<module>:237 - | epoch : 49 | CVC-300 : 0.7641803781176612 | CVC-ClinicDB : 0.8809420641077628 | CVC-ColonDB : 0.7274429055913559 | ETIS-LaribPolypDB : 0.6726619235225869 | Kvasir : 0.8339552624784081 |
2021-12-29 18:04:35.725 | CRITICAL | __main__:<module>:238 - | epoch : 49 | best_val_dice_score : 0.775836506763555 |
2021-12-29 18:05:18.815 | INFO     | __main__:<module>:108 - | epoch : 50 | training done |
2021-12-29 18:05:34.904 | INFO     | __main__:<module>:241 - | epoch : 50 | val done |
2021-12-29 18:06:17.776 | INFO     | __main__:<module>:108 - | epoch : 51 | training done |
2021-12-29 18:06:33.816 | INFO     | __main__:<module>:241 - | epoch : 51 | val done |
2021-12-29 18:07:16.653 | INFO     | __main__:<module>:108 - | epoch : 52 | training done |
2021-12-29 18:07:32.680 | INFO     | __main__:<module>:241 - | epoch : 52 | val done |
2021-12-29 18:08:15.434 | INFO     | __main__:<module>:108 - | epoch : 53 | training done |
2021-12-29 18:08:31.427 | INFO     | __main__:<module>:241 - | epoch : 53 | val done |
2021-12-29 18:09:14.180 | INFO     | __main__:<module>:108 - | epoch : 54 | training done |
2021-12-29 18:09:30.264 | INFO     | __main__:<module>:241 - | epoch : 54 | val done |
2021-12-29 18:10:13.078 | INFO     | __main__:<module>:108 - | epoch : 55 | training done |
2021-12-29 18:10:29.209 | INFO     | __main__:<module>:237 - | epoch : 55 | CVC-300 : 0.7671319541547611 | CVC-ClinicDB : 0.914646560416481 | CVC-ColonDB : 0.72138245078173 | ETIS-LaribPolypDB : 0.6728582863683338 | Kvasir : 0.8114460927109144 |
2021-12-29 18:10:29.210 | CRITICAL | __main__:<module>:238 - | epoch : 55 | best_val_dice_score : 0.7774930688864441 |
2021-12-29 18:11:12.363 | INFO     | __main__:<module>:108 - | epoch : 56 | training done |
2021-12-29 18:11:28.481 | INFO     | __main__:<module>:241 - | epoch : 56 | val done |
2021-12-29 18:12:11.299 | INFO     | __main__:<module>:108 - | epoch : 57 | training done |
2021-12-29 18:12:27.313 | INFO     | __main__:<module>:241 - | epoch : 57 | val done |
2021-12-29 18:13:10.020 | INFO     | __main__:<module>:108 - | epoch : 58 | training done |
2021-12-29 18:13:26.072 | INFO     | __main__:<module>:237 - | epoch : 58 | CVC-300 : 0.7556268951915931 | CVC-ClinicDB : 0.9195913125814753 | CVC-ColonDB : 0.7157059411723311 | ETIS-LaribPolypDB : 0.685814861004142 | Kvasir : 0.8146149290194217 |
2021-12-29 18:13:26.072 | CRITICAL | __main__:<module>:238 - | epoch : 58 | best_val_dice_score : 0.7782707877937927 |
2021-12-29 18:14:09.247 | INFO     | __main__:<module>:108 - | epoch : 59 | training done |
2021-12-29 18:14:25.355 | INFO     | __main__:<module>:241 - | epoch : 59 | val done |
2021-12-29 18:15:08.120 | INFO     | __main__:<module>:108 - | epoch : 60 | training done |
2021-12-29 18:15:24.346 | INFO     | __main__:<module>:237 - | epoch : 60 | CVC-300 : 0.7816788934469103 | CVC-ClinicDB : 0.9126077812165051 | CVC-ColonDB : 0.7248551246799151 | ETIS-LaribPolypDB : 0.6942874118459841 | Kvasir : 0.8485108727771837 |
2021-12-29 18:15:24.347 | CRITICAL | __main__:<module>:238 - | epoch : 60 | best_val_dice_score : 0.7923880167932996 |
2021-12-29 18:16:07.389 | INFO     | __main__:<module>:108 - | epoch : 61 | training done |
2021-12-29 18:16:23.445 | INFO     | __main__:<module>:237 - | epoch : 61 | CVC-300 : 0.7844819314988944 | CVC-ClinicDB : 0.9189028509834161 | CVC-ColonDB : 0.7327454229995496 | ETIS-LaribPolypDB : 0.7293877615383454 | Kvasir : 0.8184953262143027 |
2021-12-29 18:16:23.445 | CRITICAL | __main__:<module>:238 - | epoch : 61 | best_val_dice_score : 0.7968026586469017 |
2021-12-29 18:17:06.508 | INFO     | __main__:<module>:108 - | epoch : 62 | training done |
2021-12-29 18:17:22.502 | INFO     | __main__:<module>:241 - | epoch : 62 | val done |
2021-12-29 18:18:05.222 | INFO     | __main__:<module>:108 - | epoch : 63 | training done |
2021-12-29 18:18:21.216 | INFO     | __main__:<module>:241 - | epoch : 63 | val done |
2021-12-29 18:19:04.046 | INFO     | __main__:<module>:108 - | epoch : 64 | training done |
2021-12-29 18:19:20.107 | INFO     | __main__:<module>:241 - | epoch : 64 | val done |
2021-12-29 18:20:02.815 | INFO     | __main__:<module>:108 - | epoch : 65 | training done |
2021-12-29 18:20:18.849 | INFO     | __main__:<module>:241 - | epoch : 65 | val done |
2021-12-29 18:21:01.574 | INFO     | __main__:<module>:108 - | epoch : 66 | training done |
2021-12-29 18:21:17.721 | INFO     | __main__:<module>:241 - | epoch : 66 | val done |
2021-12-29 18:22:00.462 | INFO     | __main__:<module>:108 - | epoch : 67 | training done |
2021-12-29 18:22:16.593 | INFO     | __main__:<module>:241 - | epoch : 67 | val done |
2021-12-29 18:22:59.321 | INFO     | __main__:<module>:108 - | epoch : 68 | training done |
2021-12-29 18:23:15.393 | INFO     | __main__:<module>:241 - | epoch : 68 | val done |
2021-12-29 18:23:58.172 | INFO     | __main__:<module>:108 - | epoch : 69 | training done |
2021-12-29 18:24:14.193 | INFO     | __main__:<module>:241 - | epoch : 69 | val done |
2021-12-29 18:24:57.001 | INFO     | __main__:<module>:108 - | epoch : 70 | training done |
2021-12-29 18:25:13.110 | INFO     | __main__:<module>:241 - | epoch : 70 | val done |
2021-12-29 18:25:55.863 | INFO     | __main__:<module>:108 - | epoch : 71 | training done |
2021-12-29 18:26:12.125 | INFO     | __main__:<module>:241 - | epoch : 71 | val done |
2021-12-29 18:26:54.971 | INFO     | __main__:<module>:108 - | epoch : 72 | training done |
2021-12-29 18:27:10.985 | INFO     | __main__:<module>:241 - | epoch : 72 | val done |
2021-12-29 18:27:53.711 | INFO     | __main__:<module>:108 - | epoch : 73 | training done |
2021-12-29 18:28:09.717 | INFO     | __main__:<module>:241 - | epoch : 73 | val done |
2021-12-29 18:28:52.514 | INFO     | __main__:<module>:108 - | epoch : 74 | training done |
2021-12-29 18:29:08.623 | INFO     | __main__:<module>:241 - | epoch : 74 | val done |
2021-12-29 18:29:51.382 | INFO     | __main__:<module>:108 - | epoch : 75 | training done |
2021-12-29 18:30:07.474 | INFO     | __main__:<module>:241 - | epoch : 75 | val done |
2021-12-29 18:30:50.189 | INFO     | __main__:<module>:108 - | epoch : 76 | training done |
2021-12-29 18:31:06.197 | INFO     | __main__:<module>:241 - | epoch : 76 | val done |
2021-12-29 18:31:48.902 | INFO     | __main__:<module>:108 - | epoch : 77 | training done |
2021-12-29 18:32:04.991 | INFO     | __main__:<module>:241 - | epoch : 77 | val done |
2021-12-29 18:32:47.719 | INFO     | __main__:<module>:108 - | epoch : 78 | training done |
2021-12-29 18:33:03.678 | INFO     | __main__:<module>:241 - | epoch : 78 | val done |
2021-12-29 18:33:46.422 | INFO     | __main__:<module>:108 - | epoch : 79 | training done |
2021-12-29 18:34:02.445 | INFO     | __main__:<module>:241 - | epoch : 79 | val done |
2021-12-29 18:34:45.270 | INFO     | __main__:<module>:108 - | epoch : 80 | training done |
2021-12-29 18:35:01.425 | INFO     | __main__:<module>:241 - | epoch : 80 | val done |
2021-12-29 18:35:44.150 | INFO     | __main__:<module>:108 - | epoch : 81 | training done |
2021-12-29 18:36:00.130 | INFO     | __main__:<module>:241 - | epoch : 81 | val done |
2021-12-29 18:36:42.953 | INFO     | __main__:<module>:108 - | epoch : 82 | training done |
2021-12-29 18:36:59.023 | INFO     | __main__:<module>:241 - | epoch : 82 | val done |
2021-12-29 18:37:41.776 | INFO     | __main__:<module>:108 - | epoch : 83 | training done |
2021-12-29 18:37:57.807 | INFO     | __main__:<module>:241 - | epoch : 83 | val done |
2021-12-29 18:38:40.522 | INFO     | __main__:<module>:108 - | epoch : 84 | training done |
2021-12-29 18:38:56.703 | INFO     | __main__:<module>:241 - | epoch : 84 | val done |
2021-12-29 18:39:39.438 | INFO     | __main__:<module>:108 - | epoch : 85 | training done |
2021-12-29 18:39:55.549 | INFO     | __main__:<module>:241 - | epoch : 85 | val done |
2021-12-29 18:40:38.391 | INFO     | __main__:<module>:108 - | epoch : 86 | training done |
2021-12-29 18:40:54.543 | INFO     | __main__:<module>:241 - | epoch : 86 | val done |
2021-12-29 18:41:37.238 | INFO     | __main__:<module>:108 - | epoch : 87 | training done |
2021-12-29 18:41:53.283 | INFO     | __main__:<module>:241 - | epoch : 87 | val done |
2021-12-29 18:42:36.076 | INFO     | __main__:<module>:108 - | epoch : 88 | training done |
2021-12-29 18:42:52.182 | INFO     | __main__:<module>:237 - | epoch : 88 | CVC-300 : 0.7937643345134421 | CVC-ClinicDB : 0.9244592877056107 | CVC-ColonDB : 0.7442583819764194 | ETIS-LaribPolypDB : 0.7035269628202575 | Kvasir : 0.8359164530356227 |
2021-12-29 18:42:52.183 | CRITICAL | __main__:<module>:238 - | epoch : 88 | best_val_dice_score : 0.8003850840102704 |
2021-12-29 18:43:35.200 | INFO     | __main__:<module>:108 - | epoch : 89 | training done |
2021-12-29 18:43:51.322 | INFO     | __main__:<module>:241 - | epoch : 89 | val done |
2021-12-29 18:44:34.088 | INFO     | __main__:<module>:108 - | epoch : 90 | training done |
2021-12-29 18:44:50.119 | INFO     | __main__:<module>:241 - | epoch : 90 | val done |
2021-12-29 18:45:32.869 | INFO     | __main__:<module>:108 - | epoch : 91 | training done |
2021-12-29 18:45:48.890 | INFO     | __main__:<module>:241 - | epoch : 91 | val done |
2021-12-29 18:46:31.793 | INFO     | __main__:<module>:108 - | epoch : 92 | training done |
2021-12-29 18:46:47.873 | INFO     | __main__:<module>:241 - | epoch : 92 | val done |
2021-12-29 18:47:30.569 | INFO     | __main__:<module>:108 - | epoch : 93 | training done |
2021-12-29 18:47:46.781 | INFO     | __main__:<module>:241 - | epoch : 93 | val done |
2021-12-29 18:48:29.579 | INFO     | __main__:<module>:108 - | epoch : 94 | training done |
2021-12-29 18:48:45.616 | INFO     | __main__:<module>:241 - | epoch : 94 | val done |
2021-12-29 18:49:28.437 | INFO     | __main__:<module>:108 - | epoch : 95 | training done |
2021-12-29 18:49:44.435 | INFO     | __main__:<module>:237 - | epoch : 95 | CVC-300 : 0.7982812022736916 | CVC-ClinicDB : 0.9290294728339327 | CVC-ColonDB : 0.7503505405782266 | ETIS-LaribPolypDB : 0.6925601923732787 | Kvasir : 0.8565672480888149 |
2021-12-29 18:49:44.435 | CRITICAL | __main__:<module>:238 - | epoch : 95 | best_val_dice_score : 0.805357731229589 |
2021-12-29 18:50:27.570 | INFO     | __main__:<module>:108 - | epoch : 96 | training done |
2021-12-29 18:50:43.649 | INFO     | __main__:<module>:237 - | epoch : 96 | CVC-300 : 0.8079099210289233 | CVC-ClinicDB : 0.9264036794505335 | CVC-ColonDB : 0.7463317947974707 | ETIS-LaribPolypDB : 0.7262359364759041 | Kvasir : 0.8404552200922304 |
2021-12-29 18:50:43.649 | CRITICAL | __main__:<module>:238 - | epoch : 96 | best_val_dice_score : 0.8094673103690123 |
2021-12-29 18:51:26.894 | INFO     | __main__:<module>:108 - | epoch : 97 | training done |
2021-12-29 18:51:43.052 | INFO     | __main__:<module>:241 - | epoch : 97 | val done |
2021-12-29 18:52:25.751 | INFO     | __main__:<module>:108 - | epoch : 98 | training done |
2021-12-29 18:52:42.028 | INFO     | __main__:<module>:241 - | epoch : 98 | val done |
2021-12-29 18:53:24.892 | INFO     | __main__:<module>:108 - | epoch : 99 | training done |
2021-12-29 18:53:40.960 | INFO     | __main__:<module>:241 - | epoch : 99 | val done |
2021-12-29 18:54:23.818 | INFO     | __main__:<module>:108 - | epoch : 100 | training done |
2021-12-29 18:54:39.840 | INFO     | __main__:<module>:241 - | epoch : 100 | val done |
2021-12-29 18:55:22.667 | INFO     | __main__:<module>:108 - | epoch : 101 | training done |
2021-12-29 18:55:38.701 | INFO     | __main__:<module>:241 - | epoch : 101 | val done |
2021-12-29 18:56:21.516 | INFO     | __main__:<module>:108 - | epoch : 102 | training done |
2021-12-29 18:56:37.587 | INFO     | __main__:<module>:241 - | epoch : 102 | val done |
2021-12-29 18:57:20.438 | INFO     | __main__:<module>:108 - | epoch : 103 | training done |
2021-12-29 18:57:36.519 | INFO     | __main__:<module>:237 - | epoch : 103 | CVC-300 : 0.8236138964049896 | CVC-ClinicDB : 0.9327670617387822 | CVC-ColonDB : 0.7432667187966558 | ETIS-LaribPolypDB : 0.7180000654777636 | Kvasir : 0.8586259974600976 |
2021-12-29 18:57:36.519 | CRITICAL | __main__:<module>:238 - | epoch : 103 | best_val_dice_score : 0.8152547479756578 |
2021-12-29 18:58:19.764 | INFO     | __main__:<module>:108 - | epoch : 104 | training done |
2021-12-29 18:58:35.759 | INFO     | __main__:<module>:241 - | epoch : 104 | val done |
2021-12-29 18:59:18.569 | INFO     | __main__:<module>:108 - | epoch : 105 | training done |
2021-12-29 18:59:34.747 | INFO     | __main__:<module>:241 - | epoch : 105 | val done |
2021-12-29 19:00:17.528 | INFO     | __main__:<module>:108 - | epoch : 106 | training done |
2021-12-29 19:00:33.611 | INFO     | __main__:<module>:241 - | epoch : 106 | val done |
2021-12-29 19:01:16.315 | INFO     | __main__:<module>:108 - | epoch : 107 | training done |
2021-12-29 19:01:32.374 | INFO     | __main__:<module>:241 - | epoch : 107 | val done |
2021-12-29 19:02:15.292 | INFO     | __main__:<module>:108 - | epoch : 108 | training done |
2021-12-29 19:02:31.363 | INFO     | __main__:<module>:241 - | epoch : 108 | val done |
2021-12-29 19:03:14.193 | INFO     | __main__:<module>:108 - | epoch : 109 | training done |
2021-12-29 19:03:30.146 | INFO     | __main__:<module>:241 - | epoch : 109 | val done |
2021-12-29 19:04:12.889 | INFO     | __main__:<module>:108 - | epoch : 110 | training done |
2021-12-29 19:04:28.963 | INFO     | __main__:<module>:237 - | epoch : 110 | CVC-300 : 0.8318404495523901 | CVC-ClinicDB : 0.924963267808256 | CVC-ColonDB : 0.7572007969962686 | ETIS-LaribPolypDB : 0.7203247735656783 | Kvasir : 0.8683134521965549 |
2021-12-29 19:04:28.963 | CRITICAL | __main__:<module>:238 - | epoch : 110 | best_val_dice_score : 0.8205285480238296 |
2021-12-29 19:05:12.115 | INFO     | __main__:<module>:108 - | epoch : 111 | training done |
2021-12-29 19:05:28.199 | INFO     | __main__:<module>:241 - | epoch : 111 | val done |
2021-12-29 19:06:11.043 | INFO     | __main__:<module>:108 - | epoch : 112 | training done |
2021-12-29 19:06:27.088 | INFO     | __main__:<module>:241 - | epoch : 112 | val done |
2021-12-29 19:07:09.864 | INFO     | __main__:<module>:108 - | epoch : 113 | training done |
2021-12-29 19:07:26.053 | INFO     | __main__:<module>:241 - | epoch : 113 | val done |
2021-12-29 19:08:08.781 | INFO     | __main__:<module>:108 - | epoch : 114 | training done |
2021-12-29 19:08:24.779 | INFO     | __main__:<module>:241 - | epoch : 114 | val done |
2021-12-29 19:09:07.541 | INFO     | __main__:<module>:108 - | epoch : 115 | training done |
2021-12-29 19:09:23.550 | INFO     | __main__:<module>:241 - | epoch : 115 | val done |
2021-12-29 19:10:06.263 | INFO     | __main__:<module>:108 - | epoch : 116 | training done |
2021-12-29 19:10:22.551 | INFO     | __main__:<module>:241 - | epoch : 116 | val done |
2021-12-29 19:11:05.441 | INFO     | __main__:<module>:108 - | epoch : 117 | training done |
2021-12-29 19:11:21.462 | INFO     | __main__:<module>:241 - | epoch : 117 | val done |
2021-12-29 19:12:04.245 | INFO     | __main__:<module>:108 - | epoch : 118 | training done |
2021-12-29 19:12:20.288 | INFO     | __main__:<module>:241 - | epoch : 118 | val done |
2021-12-29 19:13:03.102 | INFO     | __main__:<module>:108 - | epoch : 119 | training done |
2021-12-29 19:13:19.185 | INFO     | __main__:<module>:241 - | epoch : 119 | val done |
2021-12-29 19:14:01.973 | INFO     | __main__:<module>:108 - | epoch : 120 | training done |
2021-12-29 19:14:17.977 | INFO     | __main__:<module>:241 - | epoch : 120 | val done |
2021-12-29 19:15:00.674 | INFO     | __main__:<module>:108 - | epoch : 121 | training done |
2021-12-29 19:15:16.666 | INFO     | __main__:<module>:241 - | epoch : 121 | val done |
2021-12-29 19:15:59.374 | INFO     | __main__:<module>:108 - | epoch : 122 | training done |
2021-12-29 19:16:15.386 | INFO     | __main__:<module>:241 - | epoch : 122 | val done |
2021-12-29 19:16:58.066 | INFO     | __main__:<module>:108 - | epoch : 123 | training done |
2021-12-29 19:17:14.049 | INFO     | __main__:<module>:241 - | epoch : 123 | val done |
2021-12-29 19:17:56.842 | INFO     | __main__:<module>:108 - | epoch : 124 | training done |
2021-12-29 19:18:12.958 | INFO     | __main__:<module>:241 - | epoch : 124 | val done |
2021-12-29 19:18:55.756 | INFO     | __main__:<module>:108 - | epoch : 125 | training done |
2021-12-29 19:19:11.769 | INFO     | __main__:<module>:241 - | epoch : 125 | val done |
2021-12-29 19:19:54.632 | INFO     | __main__:<module>:108 - | epoch : 126 | training done |
2021-12-29 19:20:10.693 | INFO     | __main__:<module>:241 - | epoch : 126 | val done |
2021-12-29 19:20:53.447 | INFO     | __main__:<module>:108 - | epoch : 127 | training done |
2021-12-29 19:21:09.498 | INFO     | __main__:<module>:241 - | epoch : 127 | val done |
2021-12-29 19:21:52.216 | INFO     | __main__:<module>:108 - | epoch : 128 | training done |
2021-12-29 19:22:08.328 | INFO     | __main__:<module>:241 - | epoch : 128 | val done |
2021-12-29 19:22:51.200 | INFO     | __main__:<module>:108 - | epoch : 129 | training done |
2021-12-29 19:23:07.288 | INFO     | __main__:<module>:241 - | epoch : 129 | val done |
2021-12-29 19:23:50.091 | INFO     | __main__:<module>:108 - | epoch : 130 | training done |
2021-12-29 19:24:06.107 | INFO     | __main__:<module>:241 - | epoch : 130 | val done |
2021-12-29 19:24:48.881 | INFO     | __main__:<module>:108 - | epoch : 131 | training done |
2021-12-29 19:25:04.917 | INFO     | __main__:<module>:237 - | epoch : 131 | CVC-300 : 0.8389378015572565 | CVC-ClinicDB : 0.9237934047537292 | CVC-ColonDB : 0.7535759899218394 | ETIS-LaribPolypDB : 0.7376329405645006 | Kvasir : 0.8582958079017833 |
2021-12-29 19:25:04.917 | CRITICAL | __main__:<module>:238 - | epoch : 131 | best_val_dice_score : 0.8224471889398217 |
2021-12-29 19:25:47.957 | INFO     | __main__:<module>:108 - | epoch : 132 | training done |
2021-12-29 19:26:04.073 | INFO     | __main__:<module>:241 - | epoch : 132 | val done |
2021-12-29 19:26:46.939 | INFO     | __main__:<module>:108 - | epoch : 133 | training done |
2021-12-29 19:27:03.036 | INFO     | __main__:<module>:241 - | epoch : 133 | val done |
2021-12-29 19:27:45.884 | INFO     | __main__:<module>:108 - | epoch : 134 | training done |
2021-12-29 19:28:01.944 | INFO     | __main__:<module>:241 - | epoch : 134 | val done |
2021-12-29 19:28:44.664 | INFO     | __main__:<module>:108 - | epoch : 135 | training done |
2021-12-29 19:29:00.687 | INFO     | __main__:<module>:241 - | epoch : 135 | val done |
2021-12-29 19:29:43.367 | INFO     | __main__:<module>:108 - | epoch : 136 | training done |
2021-12-29 19:29:59.389 | INFO     | __main__:<module>:241 - | epoch : 136 | val done |
2021-12-29 19:30:42.153 | INFO     | __main__:<module>:108 - | epoch : 137 | training done |
2021-12-29 19:30:58.177 | INFO     | __main__:<module>:241 - | epoch : 137 | val done |
2021-12-29 19:31:40.905 | INFO     | __main__:<module>:108 - | epoch : 138 | training done |
2021-12-29 19:31:56.942 | INFO     | __main__:<module>:241 - | epoch : 138 | val done |
2021-12-29 19:32:39.668 | INFO     | __main__:<module>:108 - | epoch : 139 | training done |
2021-12-29 19:32:55.739 | INFO     | __main__:<module>:241 - | epoch : 139 | val done |
2021-12-29 19:33:38.513 | INFO     | __main__:<module>:108 - | epoch : 140 | training done |
2021-12-29 19:33:54.667 | INFO     | __main__:<module>:241 - | epoch : 140 | val done |
2021-12-29 19:34:37.516 | INFO     | __main__:<module>:108 - | epoch : 141 | training done |
2021-12-29 19:34:53.679 | INFO     | __main__:<module>:241 - | epoch : 141 | val done |
2021-12-29 19:35:36.412 | INFO     | __main__:<module>:108 - | epoch : 142 | training done |
2021-12-29 19:35:52.518 | INFO     | __main__:<module>:241 - | epoch : 142 | val done |
2021-12-29 19:36:35.264 | INFO     | __main__:<module>:108 - | epoch : 143 | training done |
2021-12-29 19:36:51.249 | INFO     | __main__:<module>:241 - | epoch : 143 | val done |
2021-12-29 19:37:33.952 | INFO     | __main__:<module>:108 - | epoch : 144 | training done |
2021-12-29 19:37:49.978 | INFO     | __main__:<module>:241 - | epoch : 144 | val done |
2021-12-29 19:38:32.733 | INFO     | __main__:<module>:108 - | epoch : 145 | training done |
2021-12-29 19:38:48.814 | INFO     | __main__:<module>:241 - | epoch : 145 | val done |
2021-12-29 19:39:31.581 | INFO     | __main__:<module>:108 - | epoch : 146 | training done |
2021-12-29 19:39:47.693 | INFO     | __main__:<module>:241 - | epoch : 146 | val done |
2021-12-29 19:40:30.486 | INFO     | __main__:<module>:108 - | epoch : 147 | training done |
2021-12-29 19:40:46.588 | INFO     | __main__:<module>:241 - | epoch : 147 | val done |
2021-12-29 19:41:29.430 | INFO     | __main__:<module>:108 - | epoch : 148 | training done |
2021-12-29 19:41:45.541 | INFO     | __main__:<module>:241 - | epoch : 148 | val done |
2021-12-29 19:42:28.332 | INFO     | __main__:<module>:108 - | epoch : 149 | training done |
2021-12-29 19:42:44.424 | INFO     | __main__:<module>:241 - | epoch : 149 | val done |
2021-12-29 19:43:27.202 | INFO     | __main__:<module>:108 - | epoch : 150 | training done |
2021-12-29 19:43:43.332 | INFO     | __main__:<module>:241 - | epoch : 150 | val done |
2021-12-29 19:44:26.188 | INFO     | __main__:<module>:108 - | epoch : 151 | training done |
2021-12-29 19:44:42.309 | INFO     | __main__:<module>:241 - | epoch : 151 | val done |
2021-12-29 19:45:25.059 | INFO     | __main__:<module>:108 - | epoch : 152 | training done |
2021-12-29 19:45:41.114 | INFO     | __main__:<module>:241 - | epoch : 152 | val done |
2021-12-29 19:46:23.964 | INFO     | __main__:<module>:108 - | epoch : 153 | training done |
2021-12-29 19:46:40.025 | INFO     | __main__:<module>:241 - | epoch : 153 | val done |
2021-12-29 19:47:22.748 | INFO     | __main__:<module>:108 - | epoch : 154 | training done |
2021-12-29 19:47:39.000 | INFO     | __main__:<module>:241 - | epoch : 154 | val done |
2021-12-29 19:48:21.812 | INFO     | __main__:<module>:108 - | epoch : 155 | training done |
2021-12-29 19:48:37.810 | INFO     | __main__:<module>:241 - | epoch : 155 | val done |
2021-12-29 19:49:20.724 | INFO     | __main__:<module>:108 - | epoch : 156 | training done |
2021-12-29 19:49:36.841 | INFO     | __main__:<module>:241 - | epoch : 156 | val done |
2021-12-29 19:50:19.723 | INFO     | __main__:<module>:108 - | epoch : 157 | training done |
2021-12-29 19:50:35.784 | INFO     | __main__:<module>:241 - | epoch : 157 | val done |
2021-12-29 19:51:18.517 | INFO     | __main__:<module>:108 - | epoch : 158 | training done |
2021-12-29 19:51:34.582 | INFO     | __main__:<module>:241 - | epoch : 158 | val done |
2021-12-29 19:52:17.328 | INFO     | __main__:<module>:108 - | epoch : 159 | training done |
2021-12-29 19:52:33.434 | INFO     | __main__:<module>:241 - | epoch : 159 | val done |
2021-12-29 19:53:16.242 | INFO     | __main__:<module>:108 - | epoch : 160 | training done |
2021-12-29 19:53:32.297 | INFO     | __main__:<module>:241 - | epoch : 160 | val done |
2021-12-29 19:54:15.213 | INFO     | __main__:<module>:108 - | epoch : 161 | training done |
2021-12-29 19:54:31.280 | INFO     | __main__:<module>:241 - | epoch : 161 | val done |
2021-12-29 19:55:14.115 | INFO     | __main__:<module>:108 - | epoch : 162 | training done |
2021-12-29 19:55:30.168 | INFO     | __main__:<module>:241 - | epoch : 162 | val done |
2021-12-29 19:56:12.973 | INFO     | __main__:<module>:108 - | epoch : 163 | training done |
2021-12-29 19:56:29.062 | INFO     | __main__:<module>:241 - | epoch : 163 | val done |
2021-12-29 19:57:11.994 | INFO     | __main__:<module>:108 - | epoch : 164 | training done |
2021-12-29 19:57:28.181 | INFO     | __main__:<module>:241 - | epoch : 164 | val done |
2021-12-29 19:58:10.991 | INFO     | __main__:<module>:108 - | epoch : 165 | training done |
2021-12-29 19:58:27.092 | INFO     | __main__:<module>:241 - | epoch : 165 | val done |
2021-12-29 19:59:09.931 | INFO     | __main__:<module>:108 - | epoch : 166 | training done |
2021-12-29 19:59:26.079 | INFO     | __main__:<module>:241 - | epoch : 166 | val done |
2021-12-29 20:00:08.923 | INFO     | __main__:<module>:108 - | epoch : 167 | training done |
2021-12-29 20:00:24.939 | INFO     | __main__:<module>:241 - | epoch : 167 | val done |
2021-12-29 20:01:07.697 | INFO     | __main__:<module>:108 - | epoch : 168 | training done |
2021-12-29 20:01:23.692 | INFO     | __main__:<module>:241 - | epoch : 168 | val done |
2021-12-29 20:02:06.502 | INFO     | __main__:<module>:108 - | epoch : 169 | training done |
2021-12-29 20:02:22.619 | INFO     | __main__:<module>:241 - | epoch : 169 | val done |
2021-12-29 20:03:05.383 | INFO     | __main__:<module>:108 - | epoch : 170 | training done |
2021-12-29 20:03:21.486 | INFO     | __main__:<module>:241 - | epoch : 170 | val done |
2021-12-29 20:04:04.292 | INFO     | __main__:<module>:108 - | epoch : 171 | training done |
2021-12-29 20:04:20.339 | INFO     | __main__:<module>:241 - | epoch : 171 | val done |
2021-12-29 20:05:03.121 | INFO     | __main__:<module>:108 - | epoch : 172 | training done |
2021-12-29 20:05:19.079 | INFO     | __main__:<module>:241 - | epoch : 172 | val done |
2021-12-29 20:06:01.938 | INFO     | __main__:<module>:108 - | epoch : 173 | training done |
2021-12-29 20:06:17.958 | INFO     | __main__:<module>:241 - | epoch : 173 | val done |
2021-12-29 20:07:00.772 | INFO     | __main__:<module>:108 - | epoch : 174 | training done |
2021-12-29 20:07:16.857 | INFO     | __main__:<module>:241 - | epoch : 174 | val done |
2021-12-29 20:07:59.642 | INFO     | __main__:<module>:108 - | epoch : 175 | training done |
2021-12-29 20:08:15.654 | INFO     | __main__:<module>:237 - | epoch : 175 | CVC-300 : 0.8191257918355472 | CVC-ClinicDB : 0.9397014328874361 | CVC-ColonDB : 0.7680694790431772 | ETIS-LaribPolypDB : 0.7326928178585145 | Kvasir : 0.8664824420343745 |
2021-12-29 20:08:15.654 | CRITICAL | __main__:<module>:238 - | epoch : 175 | best_val_dice_score : 0.82521439273181 |
2021-12-29 20:08:58.666 | INFO     | __main__:<module>:108 - | epoch : 176 | training done |
2021-12-29 20:09:14.690 | INFO     | __main__:<module>:241 - | epoch : 176 | val done |
2021-12-29 20:09:57.508 | INFO     | __main__:<module>:108 - | epoch : 177 | training done |
2021-12-29 20:10:13.588 | INFO     | __main__:<module>:241 - | epoch : 177 | val done |
2021-12-29 20:10:56.347 | INFO     | __main__:<module>:108 - | epoch : 178 | training done |
2021-12-29 20:11:12.409 | INFO     | __main__:<module>:241 - | epoch : 178 | val done |
2021-12-29 20:11:55.217 | INFO     | __main__:<module>:108 - | epoch : 179 | training done |
2021-12-29 20:12:11.270 | INFO     | __main__:<module>:241 - | epoch : 179 | val done |
2021-12-29 20:12:54.098 | INFO     | __main__:<module>:108 - | epoch : 180 | training done |
2021-12-29 20:13:10.197 | INFO     | __main__:<module>:241 - | epoch : 180 | val done |
2021-12-29 20:13:52.902 | INFO     | __main__:<module>:108 - | epoch : 181 | training done |
2021-12-29 20:14:08.969 | INFO     | __main__:<module>:237 - | epoch : 181 | CVC-300 : 0.8392954413919769 | CVC-ClinicDB : 0.9353261044716235 | CVC-ColonDB : 0.7692808065029523 | ETIS-LaribPolypDB : 0.7328828158810338 | Kvasir : 0.8621696882764112 |
2021-12-29 20:14:08.970 | CRITICAL | __main__:<module>:238 - | epoch : 181 | best_val_dice_score : 0.8277909713047995 |
2021-12-29 20:14:52.118 | INFO     | __main__:<module>:108 - | epoch : 182 | training done |
2021-12-29 20:15:08.228 | INFO     | __main__:<module>:241 - | epoch : 182 | val done |
2021-12-29 20:15:50.912 | INFO     | __main__:<module>:108 - | epoch : 183 | training done |
2021-12-29 20:16:07.018 | INFO     | __main__:<module>:241 - | epoch : 183 | val done |
2021-12-29 20:16:49.761 | INFO     | __main__:<module>:108 - | epoch : 184 | training done |
2021-12-29 20:17:05.813 | INFO     | __main__:<module>:241 - | epoch : 184 | val done |
2021-12-29 20:17:48.544 | INFO     | __main__:<module>:108 - | epoch : 185 | training done |
2021-12-29 20:18:04.761 | INFO     | __main__:<module>:241 - | epoch : 185 | val done |
2021-12-29 20:18:47.490 | INFO     | __main__:<module>:108 - | epoch : 186 | training done |
2021-12-29 20:19:03.602 | INFO     | __main__:<module>:241 - | epoch : 186 | val done |
2021-12-29 20:19:46.332 | INFO     | __main__:<module>:108 - | epoch : 187 | training done |
2021-12-29 20:20:02.410 | INFO     | __main__:<module>:241 - | epoch : 187 | val done |
2021-12-29 20:20:45.269 | INFO     | __main__:<module>:108 - | epoch : 188 | training done |
2021-12-29 20:21:01.277 | INFO     | __main__:<module>:241 - | epoch : 188 | val done |
2021-12-29 20:21:44.000 | INFO     | __main__:<module>:108 - | epoch : 189 | training done |
2021-12-29 20:22:00.037 | INFO     | __main__:<module>:241 - | epoch : 189 | val done |
2021-12-29 20:22:42.970 | INFO     | __main__:<module>:108 - | epoch : 190 | training done |
2021-12-29 20:22:59.104 | INFO     | __main__:<module>:241 - | epoch : 190 | val done |
2021-12-29 20:23:41.852 | INFO     | __main__:<module>:108 - | epoch : 191 | training done |
2021-12-29 20:23:57.988 | INFO     | __main__:<module>:241 - | epoch : 191 | val done |
2021-12-29 20:24:40.730 | INFO     | __main__:<module>:108 - | epoch : 192 | training done |
2021-12-29 20:24:56.855 | INFO     | __main__:<module>:241 - | epoch : 192 | val done |
2021-12-29 20:25:39.588 | INFO     | __main__:<module>:108 - | epoch : 193 | training done |
2021-12-29 20:25:55.663 | INFO     | __main__:<module>:241 - | epoch : 193 | val done |
2021-12-29 20:26:38.437 | INFO     | __main__:<module>:108 - | epoch : 194 | training done |
2021-12-29 20:26:54.529 | INFO     | __main__:<module>:241 - | epoch : 194 | val done |
2021-12-29 20:27:37.269 | INFO     | __main__:<module>:108 - | epoch : 195 | training done |
2021-12-29 20:27:53.262 | INFO     | __main__:<module>:241 - | epoch : 195 | val done |
2021-12-29 20:28:36.024 | INFO     | __main__:<module>:108 - | epoch : 196 | training done |
2021-12-29 20:28:52.205 | INFO     | __main__:<module>:237 - | epoch : 196 | CVC-300 : 0.8378304965874522 | CVC-ClinicDB : 0.9377716816894829 | CVC-ColonDB : 0.7596882925234549 | ETIS-LaribPolypDB : 0.7467804371340085 | Kvasir : 0.8691360455365063 |
2021-12-29 20:28:52.205 | CRITICAL | __main__:<module>:238 - | epoch : 196 | best_val_dice_score : 0.830241390694181 |
2021-12-29 20:29:35.168 | INFO     | __main__:<module>:108 - | epoch : 197 | training done |
2021-12-29 20:29:51.251 | INFO     | __main__:<module>:241 - | epoch : 197 | val done |
2021-12-29 20:30:34.025 | INFO     | __main__:<module>:108 - | epoch : 198 | training done |
2021-12-29 20:30:50.089 | INFO     | __main__:<module>:241 - | epoch : 198 | val done |
2021-12-29 20:31:32.847 | INFO     | __main__:<module>:108 - | epoch : 199 | training done |
2021-12-29 20:31:48.885 | INFO     | __main__:<module>:241 - | epoch : 199 | val done |
