2022-01-01 16:01:26.167 | INFO     | __main__:<module>:83 - | start training .... | current model sct_b0_no_pretrained |
2022-01-01 16:02:17.437 | INFO     | __main__:<module>:111 - | epoch : 0 | training done |
2022-01-01 16:02:33.190 | INFO     | __main__:<module>:240 - | epoch : 0 | CVC-300 : 0.49060045643160055 | CVC-ClinicDB : 0.4782310885294266 | CVC-ColonDB : 0.48037756316747887 | ETIS-LaribPolypDB : 0.48839309157953187 | Kvasir : 0.45978516148698784 |
2022-01-01 16:02:33.191 | CRITICAL | __main__:<module>:241 - | epoch : 0 | best_val_dice_score : 0.4794774722390051 |
2022-01-01 16:03:24.345 | INFO     | __main__:<module>:111 - | epoch : 1 | training done |
2022-01-01 16:03:40.169 | INFO     | __main__:<module>:240 - | epoch : 1 | CVC-300 : 0.49146673253440515 | CVC-ClinicDB : 0.4793436771566472 | CVC-ColonDB : 0.4805129200581326 | ETIS-LaribPolypDB : 0.48844404594776797 | Kvasir : 0.46063431590992454 |
2022-01-01 16:03:40.169 | CRITICAL | __main__:<module>:241 - | epoch : 1 | best_val_dice_score : 0.48008033832137553 |
2022-01-01 16:04:29.979 | INFO     | __main__:<module>:111 - | epoch : 2 | training done |
2022-01-01 16:04:46.017 | INFO     | __main__:<module>:244 - | epoch : 2 | val done |
2022-01-01 16:05:41.373 | INFO     | __main__:<module>:111 - | epoch : 3 | training done |
2022-01-01 16:05:57.305 | INFO     | __main__:<module>:240 - | epoch : 3 | CVC-300 : 0.49139188123740396 | CVC-ClinicDB : 0.47895744238970606 | CVC-ColonDB : 0.48053705593003593 | ETIS-LaribPolypDB : 0.4884377488626769 | Kvasir : 0.46115513106821376 |
2022-01-01 16:05:57.306 | CRITICAL | __main__:<module>:241 - | epoch : 3 | best_val_dice_score : 0.48009585189760734 |
2022-01-01 16:06:49.377 | INFO     | __main__:<module>:111 - | epoch : 4 | training done |
2022-01-01 16:07:05.155 | INFO     | __main__:<module>:240 - | epoch : 4 | CVC-300 : 0.49142616341318923 | CVC-ClinicDB : 0.4791561723077381 | CVC-ColonDB : 0.480621835379007 | ETIS-LaribPolypDB : 0.4883629487672171 | Kvasir : 0.460990272057411 |
2022-01-01 16:07:05.156 | CRITICAL | __main__:<module>:241 - | epoch : 4 | best_val_dice_score : 0.4801114783849125 |
2022-01-01 16:08:01.933 | INFO     | __main__:<module>:111 - | epoch : 5 | training done |
2022-01-01 16:08:17.578 | INFO     | __main__:<module>:244 - | epoch : 5 | val done |
2022-01-01 16:09:05.856 | INFO     | __main__:<module>:111 - | epoch : 6 | training done |
2022-01-01 16:09:21.780 | INFO     | __main__:<module>:244 - | epoch : 6 | val done |
2022-01-01 16:10:14.889 | INFO     | __main__:<module>:111 - | epoch : 7 | training done |
2022-01-01 16:10:30.522 | INFO     | __main__:<module>:244 - | epoch : 7 | val done |
2022-01-01 16:11:22.060 | INFO     | __main__:<module>:111 - | epoch : 8 | training done |
2022-01-01 16:11:38.069 | INFO     | __main__:<module>:244 - | epoch : 8 | val done |
2022-01-01 16:12:31.993 | INFO     | __main__:<module>:111 - | epoch : 9 | training done |
2022-01-01 16:12:47.964 | INFO     | __main__:<module>:244 - | epoch : 9 | val done |
2022-01-01 16:13:44.122 | INFO     | __main__:<module>:111 - | epoch : 10 | training done |
2022-01-01 16:13:59.622 | INFO     | __main__:<module>:244 - | epoch : 10 | val done |
2022-01-01 16:14:51.786 | INFO     | __main__:<module>:111 - | epoch : 11 | training done |
2022-01-01 16:15:07.305 | INFO     | __main__:<module>:240 - | epoch : 11 | CVC-300 : 0.491528604367224 | CVC-ClinicDB : 0.47921902431910024 | CVC-ColonDB : 0.4805914242700245 | ETIS-LaribPolypDB : 0.4883523082169954 | Kvasir : 0.4611151750526012 |
2022-01-01 16:15:07.306 | CRITICAL | __main__:<module>:241 - | epoch : 11 | best_val_dice_score : 0.480161307245189 |
2022-01-01 16:16:04.477 | INFO     | __main__:<module>:111 - | epoch : 12 | training done |
2022-01-01 16:16:19.849 | INFO     | __main__:<module>:244 - | epoch : 12 | val done |
2022-01-01 16:17:13.519 | INFO     | __main__:<module>:111 - | epoch : 13 | training done |
2022-01-01 16:17:28.971 | INFO     | __main__:<module>:244 - | epoch : 13 | val done |
2022-01-01 16:18:27.416 | INFO     | __main__:<module>:111 - | epoch : 14 | training done |
2022-01-01 16:18:42.589 | INFO     | __main__:<module>:244 - | epoch : 14 | val done |
2022-01-01 16:19:31.342 | INFO     | __main__:<module>:111 - | epoch : 15 | training done |
2022-01-01 16:19:47.149 | INFO     | __main__:<module>:240 - | epoch : 15 | CVC-300 : 0.4915113743264951 | CVC-ClinicDB : 0.479378687637071 | CVC-ColonDB : 0.4806066942035987 | ETIS-LaribPolypDB : 0.4884913141199258 | Kvasir : 0.4610750831750043 |
2022-01-01 16:19:47.149 | CRITICAL | __main__:<module>:241 - | epoch : 15 | best_val_dice_score : 0.48021263069241893 |
2022-01-01 16:20:37.955 | INFO     | __main__:<module>:111 - | epoch : 16 | training done |
2022-01-01 16:20:53.458 | INFO     | __main__:<module>:244 - | epoch : 16 | val done |
2022-01-01 16:21:41.083 | INFO     | __main__:<module>:111 - | epoch : 17 | training done |
2022-01-01 16:21:57.085 | INFO     | __main__:<module>:244 - | epoch : 17 | val done |
2022-01-01 16:22:47.029 | INFO     | __main__:<module>:111 - | epoch : 18 | training done |
2022-01-01 16:23:02.992 | INFO     | __main__:<module>:244 - | epoch : 18 | val done |
2022-01-01 16:23:57.132 | INFO     | __main__:<module>:111 - | epoch : 19 | training done |
2022-01-01 16:24:12.729 | INFO     | __main__:<module>:244 - | epoch : 19 | val done |
2022-01-01 16:25:09.566 | INFO     | __main__:<module>:111 - | epoch : 20 | training done |
2022-01-01 16:25:25.655 | INFO     | __main__:<module>:244 - | epoch : 20 | val done |
2022-01-01 16:26:26.481 | INFO     | __main__:<module>:111 - | epoch : 21 | training done |
2022-01-01 16:26:41.866 | INFO     | __main__:<module>:244 - | epoch : 21 | val done |
2022-01-01 16:27:34.500 | INFO     | __main__:<module>:111 - | epoch : 22 | training done |
2022-01-01 16:27:49.854 | INFO     | __main__:<module>:244 - | epoch : 22 | val done |
2022-01-01 16:28:41.435 | INFO     | __main__:<module>:111 - | epoch : 23 | training done |
2022-01-01 16:28:57.047 | INFO     | __main__:<module>:244 - | epoch : 23 | val done |
2022-01-01 16:29:41.245 | INFO     | __main__:<module>:111 - | epoch : 24 | training done |
2022-01-01 16:29:57.082 | INFO     | __main__:<module>:244 - | epoch : 24 | val done |
2022-01-01 16:30:49.629 | INFO     | __main__:<module>:111 - | epoch : 25 | training done |
2022-01-01 16:31:05.081 | INFO     | __main__:<module>:244 - | epoch : 25 | val done |
2022-01-01 16:31:58.614 | INFO     | __main__:<module>:111 - | epoch : 26 | training done |
2022-01-01 16:32:14.504 | INFO     | __main__:<module>:244 - | epoch : 26 | val done |
2022-01-01 16:33:09.205 | INFO     | __main__:<module>:111 - | epoch : 27 | training done |
2022-01-01 16:33:24.836 | INFO     | __main__:<module>:244 - | epoch : 27 | val done |
2022-01-01 16:34:20.851 | INFO     | __main__:<module>:111 - | epoch : 28 | training done |
2022-01-01 16:34:36.518 | INFO     | __main__:<module>:244 - | epoch : 28 | val done |
2022-01-01 16:35:24.091 | INFO     | __main__:<module>:111 - | epoch : 29 | training done |
2022-01-01 16:35:40.064 | INFO     | __main__:<module>:244 - | epoch : 29 | val done |
2022-01-01 16:36:34.689 | INFO     | __main__:<module>:111 - | epoch : 30 | training done |
2022-01-01 16:36:50.629 | INFO     | __main__:<module>:244 - | epoch : 30 | val done |
2022-01-01 16:37:39.980 | INFO     | __main__:<module>:111 - | epoch : 31 | training done |
2022-01-01 16:37:55.859 | INFO     | __main__:<module>:244 - | epoch : 31 | val done |
2022-01-01 16:38:52.975 | INFO     | __main__:<module>:111 - | epoch : 32 | training done |
2022-01-01 16:39:08.718 | INFO     | __main__:<module>:240 - | epoch : 32 | CVC-300 : 0.711684553972182 | CVC-ClinicDB : 0.8731986310646902 | CVC-ColonDB : 0.6975428978244583 | ETIS-LaribPolypDB : 0.6381930228526318 | Kvasir : 0.8049553755973746 |
2022-01-01 16:39:08.719 | CRITICAL | __main__:<module>:241 - | epoch : 32 | best_val_dice_score : 0.7451148962622673 |
2022-01-01 16:40:01.887 | INFO     | __main__:<module>:111 - | epoch : 33 | training done |
2022-01-01 16:40:17.245 | INFO     | __main__:<module>:240 - | epoch : 33 | CVC-300 : 0.7891418722185743 | CVC-ClinicDB : 0.8712332129915146 | CVC-ColonDB : 0.7279599932835102 | ETIS-LaribPolypDB : 0.6530744616077654 | Kvasir : 0.8093839952225679 |
2022-01-01 16:40:17.246 | CRITICAL | __main__:<module>:241 - | epoch : 33 | best_val_dice_score : 0.7701587070647865 |
2022-01-01 16:41:12.748 | INFO     | __main__:<module>:111 - | epoch : 34 | training done |
2022-01-01 16:41:28.732 | INFO     | __main__:<module>:244 - | epoch : 34 | val done |
2022-01-01 16:42:23.264 | INFO     | __main__:<module>:111 - | epoch : 35 | training done |
2022-01-01 16:42:38.729 | INFO     | __main__:<module>:244 - | epoch : 35 | val done |
2022-01-01 16:43:32.282 | INFO     | __main__:<module>:111 - | epoch : 36 | training done |
2022-01-01 16:43:47.921 | INFO     | __main__:<module>:244 - | epoch : 36 | val done |
2022-01-01 16:44:46.010 | INFO     | __main__:<module>:111 - | epoch : 37 | training done |
2022-01-01 16:45:01.603 | INFO     | __main__:<module>:244 - | epoch : 37 | val done |
2022-01-01 16:45:50.350 | INFO     | __main__:<module>:111 - | epoch : 38 | training done |
2022-01-01 16:46:06.197 | INFO     | __main__:<module>:240 - | epoch : 38 | CVC-300 : 0.7934258376391365 | CVC-ClinicDB : 0.880273075746627 | CVC-ColonDB : 0.7235294634420383 | ETIS-LaribPolypDB : 0.6522044921925267 | Kvasir : 0.8277284354324773 |
2022-01-01 16:46:06.197 | CRITICAL | __main__:<module>:241 - | epoch : 38 | best_val_dice_score : 0.7754322608905613 |
2022-01-01 16:46:56.518 | INFO     | __main__:<module>:111 - | epoch : 39 | training done |
2022-01-01 16:47:12.614 | INFO     | __main__:<module>:244 - | epoch : 39 | val done |
2022-01-01 16:47:55.590 | INFO     | __main__:<module>:111 - | epoch : 40 | training done |
2022-01-01 16:48:11.553 | INFO     | __main__:<module>:244 - | epoch : 40 | val done |
2022-01-01 16:49:06.490 | INFO     | __main__:<module>:111 - | epoch : 41 | training done |
2022-01-01 16:49:22.067 | INFO     | __main__:<module>:244 - | epoch : 41 | val done |
2022-01-01 16:50:18.837 | INFO     | __main__:<module>:111 - | epoch : 42 | training done |
2022-01-01 16:50:34.857 | INFO     | __main__:<module>:240 - | epoch : 42 | CVC-300 : 0.7698445444530093 | CVC-ClinicDB : 0.8869773183273607 | CVC-ColonDB : 0.7134888626662278 | ETIS-LaribPolypDB : 0.667343813009435 | Kvasir : 0.8407634690711624 |
2022-01-01 16:50:34.857 | CRITICAL | __main__:<module>:241 - | epoch : 42 | best_val_dice_score : 0.775683601505439 |
2022-01-01 16:51:33.764 | INFO     | __main__:<module>:111 - | epoch : 43 | training done |
2022-01-01 16:51:49.541 | INFO     | __main__:<module>:244 - | epoch : 43 | val done |
2022-01-01 16:52:49.429 | INFO     | __main__:<module>:111 - | epoch : 44 | training done |
2022-01-01 16:53:04.344 | INFO     | __main__:<module>:244 - | epoch : 44 | val done |
2022-01-01 16:53:56.294 | INFO     | __main__:<module>:111 - | epoch : 45 | training done |
2022-01-01 16:54:11.834 | INFO     | __main__:<module>:244 - | epoch : 45 | val done |
2022-01-01 16:55:04.221 | INFO     | __main__:<module>:111 - | epoch : 46 | training done |
2022-01-01 16:55:20.060 | INFO     | __main__:<module>:244 - | epoch : 46 | val done |
2022-01-01 16:56:03.700 | INFO     | __main__:<module>:111 - | epoch : 47 | training done |
2022-01-01 16:56:19.683 | INFO     | __main__:<module>:240 - | epoch : 47 | CVC-300 : 0.7692453013752749 | CVC-ClinicDB : 0.9054800112603661 | CVC-ColonDB : 0.7166095033297716 | ETIS-LaribPolypDB : 0.6671760853025223 | Kvasir : 0.8246595336466487 |
2022-01-01 16:56:19.683 | CRITICAL | __main__:<module>:241 - | epoch : 47 | best_val_dice_score : 0.7766340869829167 |
2022-01-01 16:57:14.463 | INFO     | __main__:<module>:111 - | epoch : 48 | training done |
2022-01-01 16:57:30.542 | INFO     | __main__:<module>:240 - | epoch : 48 | CVC-300 : 0.7902691790254707 | CVC-ClinicDB : 0.9016405561985092 | CVC-ColonDB : 0.7139826388778574 | ETIS-LaribPolypDB : 0.6581397010312299 | Kvasir : 0.831926507377677 |
2022-01-01 16:57:30.542 | CRITICAL | __main__:<module>:241 - | epoch : 48 | best_val_dice_score : 0.7791917165021488 |
2022-01-01 16:58:23.393 | INFO     | __main__:<module>:111 - | epoch : 49 | training done |
2022-01-01 16:58:39.481 | INFO     | __main__:<module>:244 - | epoch : 49 | val done |
2022-01-01 16:59:36.773 | INFO     | __main__:<module>:111 - | epoch : 50 | training done |
2022-01-01 16:59:52.377 | INFO     | __main__:<module>:244 - | epoch : 50 | val done |
2022-01-01 17:00:44.949 | INFO     | __main__:<module>:111 - | epoch : 51 | training done |
2022-01-01 17:01:00.678 | INFO     | __main__:<module>:244 - | epoch : 51 | val done |
2022-01-01 17:01:52.204 | INFO     | __main__:<module>:111 - | epoch : 52 | training done |
2022-01-01 17:02:08.395 | INFO     | __main__:<module>:244 - | epoch : 52 | val done |
2022-01-01 17:03:00.712 | INFO     | __main__:<module>:111 - | epoch : 53 | training done |
2022-01-01 17:03:16.516 | INFO     | __main__:<module>:244 - | epoch : 53 | val done |
2022-01-01 17:04:02.919 | INFO     | __main__:<module>:111 - | epoch : 54 | training done |
2022-01-01 17:04:18.708 | INFO     | __main__:<module>:240 - | epoch : 54 | CVC-300 : 0.7669867004100025 | CVC-ClinicDB : 0.9031913023367133 | CVC-ColonDB : 0.7297277522065357 | ETIS-LaribPolypDB : 0.6812926626228858 | Kvasir : 0.8438223523899178 |
2022-01-01 17:04:18.708 | CRITICAL | __main__:<module>:241 - | epoch : 54 | best_val_dice_score : 0.7850041539932111 |
2022-01-01 17:05:15.752 | INFO     | __main__:<module>:111 - | epoch : 55 | training done |
2022-01-01 17:05:31.452 | INFO     | __main__:<module>:244 - | epoch : 55 | val done |
2022-01-01 17:06:26.933 | INFO     | __main__:<module>:111 - | epoch : 56 | training done |
2022-01-01 17:06:42.353 | INFO     | __main__:<module>:244 - | epoch : 56 | val done |
2022-01-01 17:07:41.492 | INFO     | __main__:<module>:111 - | epoch : 57 | training done |
2022-01-01 17:07:56.654 | INFO     | __main__:<module>:244 - | epoch : 57 | val done |
2022-01-01 17:08:51.663 | INFO     | __main__:<module>:111 - | epoch : 58 | training done |
2022-01-01 17:09:06.648 | INFO     | __main__:<module>:244 - | epoch : 58 | val done |
2022-01-01 17:10:01.516 | INFO     | __main__:<module>:111 - | epoch : 59 | training done |
2022-01-01 17:10:17.351 | INFO     | __main__:<module>:244 - | epoch : 59 | val done |
2022-01-01 17:11:07.036 | INFO     | __main__:<module>:111 - | epoch : 60 | training done |
2022-01-01 17:11:22.879 | INFO     | __main__:<module>:240 - | epoch : 60 | CVC-300 : 0.77685077287775 | CVC-ClinicDB : 0.913886055978177 | CVC-ColonDB : 0.7257418755103963 | ETIS-LaribPolypDB : 0.6771553761811043 | Kvasir : 0.8462555512628263 |
2022-01-01 17:11:22.880 | CRITICAL | __main__:<module>:241 - | epoch : 60 | best_val_dice_score : 0.7879779263620508 |
2022-01-01 17:12:10.659 | INFO     | __main__:<module>:111 - | epoch : 61 | training done |
2022-01-01 17:12:26.353 | INFO     | __main__:<module>:240 - | epoch : 61 | CVC-300 : 0.7948460881925992 | CVC-ClinicDB : 0.9046577012128658 | CVC-ColonDB : 0.7255990714278476 | ETIS-LaribPolypDB : 0.6835228783203178 | Kvasir : 0.8443022248814466 |
2022-01-01 17:12:26.354 | CRITICAL | __main__:<module>:241 - | epoch : 61 | best_val_dice_score : 0.7905855928070153 |
2022-01-01 17:13:16.677 | INFO     | __main__:<module>:111 - | epoch : 62 | training done |
2022-01-01 17:13:32.605 | INFO     | __main__:<module>:240 - | epoch : 62 | CVC-300 : 0.7824944430392475 | CVC-ClinicDB : 0.9065813324461416 | CVC-ColonDB : 0.721499125685853 | ETIS-LaribPolypDB : 0.689961201503685 | Kvasir : 0.8524556747673915 |
2022-01-01 17:13:32.605 | CRITICAL | __main__:<module>:241 - | epoch : 62 | best_val_dice_score : 0.7905983554884637 |
2022-01-01 17:14:22.467 | INFO     | __main__:<module>:111 - | epoch : 63 | training done |
2022-01-01 17:14:38.233 | INFO     | __main__:<module>:244 - | epoch : 63 | val done |
2022-01-01 17:15:37.432 | INFO     | __main__:<module>:111 - | epoch : 64 | training done |
2022-01-01 17:15:52.430 | INFO     | __main__:<module>:244 - | epoch : 64 | val done |
2022-01-01 17:16:47.562 | INFO     | __main__:<module>:111 - | epoch : 65 | training done |
2022-01-01 17:17:03.286 | INFO     | __main__:<module>:244 - | epoch : 65 | val done |
2022-01-01 17:18:01.271 | INFO     | __main__:<module>:111 - | epoch : 66 | training done |
2022-01-01 17:18:16.357 | INFO     | __main__:<module>:240 - | epoch : 66 | CVC-300 : 0.792459704219063 | CVC-ClinicDB : 0.9176501193170128 | CVC-ColonDB : 0.7338217511055453 | ETIS-LaribPolypDB : 0.6754643258438756 | Kvasir : 0.8538416299933976 |
2022-01-01 17:18:16.358 | CRITICAL | __main__:<module>:241 - | epoch : 66 | best_val_dice_score : 0.7946475060957788 |
2022-01-01 17:19:11.123 | INFO     | __main__:<module>:111 - | epoch : 67 | training done |
2022-01-01 17:19:26.377 | INFO     | __main__:<module>:244 - | epoch : 67 | val done |
2022-01-01 17:20:20.523 | INFO     | __main__:<module>:111 - | epoch : 68 | training done |
2022-01-01 17:20:36.403 | INFO     | __main__:<module>:244 - | epoch : 68 | val done |
2022-01-01 17:21:30.410 | INFO     | __main__:<module>:111 - | epoch : 69 | training done |
2022-01-01 17:21:46.089 | INFO     | __main__:<module>:244 - | epoch : 69 | val done |
2022-01-01 17:22:34.540 | INFO     | __main__:<module>:111 - | epoch : 70 | training done |
2022-01-01 17:22:50.207 | INFO     | __main__:<module>:244 - | epoch : 70 | val done |
2022-01-01 17:23:43.533 | INFO     | __main__:<module>:111 - | epoch : 71 | training done |
2022-01-01 17:23:59.409 | INFO     | __main__:<module>:240 - | epoch : 71 | CVC-300 : 0.8093385926227616 | CVC-ClinicDB : 0.9173441104513 | CVC-ColonDB : 0.7422683505605178 | ETIS-LaribPolypDB : 0.6895629177113453 | Kvasir : 0.8476755865496751 |
2022-01-01 17:23:59.409 | CRITICAL | __main__:<module>:241 - | epoch : 71 | best_val_dice_score : 0.8012379115791199 |
2022-01-01 17:24:49.094 | INFO     | __main__:<module>:111 - | epoch : 72 | training done |
2022-01-01 17:25:05.002 | INFO     | __main__:<module>:244 - | epoch : 72 | val done |
2022-01-01 17:26:02.222 | INFO     | __main__:<module>:111 - | epoch : 73 | training done |
2022-01-01 17:26:17.979 | INFO     | __main__:<module>:244 - | epoch : 73 | val done |
2022-01-01 17:27:09.633 | INFO     | __main__:<module>:111 - | epoch : 74 | training done |
2022-01-01 17:27:25.263 | INFO     | __main__:<module>:240 - | epoch : 74 | CVC-300 : 0.8335214737250219 | CVC-ClinicDB : 0.9164798197556039 | CVC-ColonDB : 0.7392145590244841 | ETIS-LaribPolypDB : 0.7113032766782785 | Kvasir : 0.8508312540417892 |
2022-01-01 17:27:25.264 | CRITICAL | __main__:<module>:241 - | epoch : 74 | best_val_dice_score : 0.8102700766450355 |
2022-01-01 17:28:19.109 | INFO     | __main__:<module>:111 - | epoch : 75 | training done |
2022-01-01 17:28:34.567 | INFO     | __main__:<module>:244 - | epoch : 75 | val done |
2022-01-01 17:29:25.896 | INFO     | __main__:<module>:111 - | epoch : 76 | training done |
2022-01-01 17:29:41.689 | INFO     | __main__:<module>:244 - | epoch : 76 | val done |
2022-01-01 17:30:33.718 | INFO     | __main__:<module>:111 - | epoch : 77 | training done |
2022-01-01 17:30:49.265 | INFO     | __main__:<module>:244 - | epoch : 77 | val done |
2022-01-01 17:31:44.736 | INFO     | __main__:<module>:111 - | epoch : 78 | training done |
2022-01-01 17:32:00.667 | INFO     | __main__:<module>:244 - | epoch : 78 | val done |
2022-01-01 17:32:50.968 | INFO     | __main__:<module>:111 - | epoch : 79 | training done |
2022-01-01 17:33:07.017 | INFO     | __main__:<module>:244 - | epoch : 79 | val done |
2022-01-01 17:34:04.124 | INFO     | __main__:<module>:111 - | epoch : 80 | training done |
2022-01-01 17:34:19.685 | INFO     | __main__:<module>:244 - | epoch : 80 | val done |
2022-01-01 17:35:13.520 | INFO     | __main__:<module>:111 - | epoch : 81 | training done |
2022-01-01 17:35:29.117 | INFO     | __main__:<module>:244 - | epoch : 81 | val done |
2022-01-01 17:36:26.640 | INFO     | __main__:<module>:111 - | epoch : 82 | training done |
2022-01-01 17:36:41.717 | INFO     | __main__:<module>:244 - | epoch : 82 | val done |
2022-01-01 17:37:35.561 | INFO     | __main__:<module>:111 - | epoch : 83 | training done |
2022-01-01 17:37:51.036 | INFO     | __main__:<module>:244 - | epoch : 83 | val done |
2022-01-01 17:38:45.069 | INFO     | __main__:<module>:111 - | epoch : 84 | training done |
2022-01-01 17:39:00.839 | INFO     | __main__:<module>:244 - | epoch : 84 | val done |
2022-01-01 17:39:52.284 | INFO     | __main__:<module>:111 - | epoch : 85 | training done |
2022-01-01 17:40:08.184 | INFO     | __main__:<module>:244 - | epoch : 85 | val done |
2022-01-01 17:40:53.810 | INFO     | __main__:<module>:111 - | epoch : 86 | training done |
2022-01-01 17:41:09.725 | INFO     | __main__:<module>:244 - | epoch : 86 | val done |
2022-01-01 17:41:59.826 | INFO     | __main__:<module>:111 - | epoch : 87 | training done |
2022-01-01 17:42:15.676 | INFO     | __main__:<module>:244 - | epoch : 87 | val done |
2022-01-01 17:43:06.677 | INFO     | __main__:<module>:111 - | epoch : 88 | training done |
2022-01-01 17:43:22.421 | INFO     | __main__:<module>:244 - | epoch : 88 | val done |
2022-01-01 17:44:21.937 | INFO     | __main__:<module>:111 - | epoch : 89 | training done |
2022-01-01 17:44:36.749 | INFO     | __main__:<module>:244 - | epoch : 89 | val done |
2022-01-01 17:45:32.713 | INFO     | __main__:<module>:111 - | epoch : 90 | training done |
2022-01-01 17:45:48.497 | INFO     | __main__:<module>:244 - | epoch : 90 | val done |
2022-01-01 17:46:46.700 | INFO     | __main__:<module>:111 - | epoch : 91 | training done |
2022-01-01 17:47:01.646 | INFO     | __main__:<module>:244 - | epoch : 91 | val done |
2022-01-01 17:47:51.862 | INFO     | __main__:<module>:111 - | epoch : 92 | training done |
2022-01-01 17:48:07.749 | INFO     | __main__:<module>:244 - | epoch : 92 | val done |
2022-01-01 17:48:58.901 | INFO     | __main__:<module>:111 - | epoch : 93 | training done |
2022-01-01 17:49:14.969 | INFO     | __main__:<module>:244 - | epoch : 93 | val done |
2022-01-01 17:50:07.702 | INFO     | __main__:<module>:111 - | epoch : 94 | training done |
2022-01-01 17:50:23.660 | INFO     | __main__:<module>:244 - | epoch : 94 | val done |
2022-01-01 17:51:13.407 | INFO     | __main__:<module>:111 - | epoch : 95 | training done |
2022-01-01 17:51:29.259 | INFO     | __main__:<module>:244 - | epoch : 95 | val done |
2022-01-01 17:52:25.600 | INFO     | __main__:<module>:111 - | epoch : 96 | training done |
2022-01-01 17:52:41.183 | INFO     | __main__:<module>:244 - | epoch : 96 | val done |
2022-01-01 17:53:32.991 | INFO     | __main__:<module>:111 - | epoch : 97 | training done |
2022-01-01 17:53:48.653 | INFO     | __main__:<module>:244 - | epoch : 97 | val done |
2022-01-01 17:54:43.695 | INFO     | __main__:<module>:111 - | epoch : 98 | training done |
2022-01-01 17:54:59.638 | INFO     | __main__:<module>:244 - | epoch : 98 | val done |
2022-01-01 17:55:46.258 | INFO     | __main__:<module>:111 - | epoch : 99 | training done |
2022-01-01 17:56:01.811 | INFO     | __main__:<module>:244 - | epoch : 99 | val done |
2022-01-01 17:56:55.227 | INFO     | __main__:<module>:111 - | epoch : 100 | training done |
2022-01-01 17:57:10.861 | INFO     | __main__:<module>:244 - | epoch : 100 | val done |
2022-01-01 17:58:02.155 | INFO     | __main__:<module>:111 - | epoch : 101 | training done |
2022-01-01 17:58:18.019 | INFO     | __main__:<module>:244 - | epoch : 101 | val done |
2022-01-01 17:59:13.830 | INFO     | __main__:<module>:111 - | epoch : 102 | training done |
2022-01-01 17:59:30.015 | INFO     | __main__:<module>:244 - | epoch : 102 | val done |
2022-01-01 18:00:26.814 | INFO     | __main__:<module>:111 - | epoch : 103 | training done |
2022-01-01 18:00:42.221 | INFO     | __main__:<module>:244 - | epoch : 103 | val done |
2022-01-01 18:01:35.832 | INFO     | __main__:<module>:111 - | epoch : 104 | training done |
2022-01-01 18:01:51.621 | INFO     | __main__:<module>:244 - | epoch : 104 | val done |
2022-01-01 18:02:50.031 | INFO     | __main__:<module>:111 - | epoch : 105 | training done |
2022-01-01 18:03:05.565 | INFO     | __main__:<module>:244 - | epoch : 105 | val done |
2022-01-01 18:04:00.666 | INFO     | __main__:<module>:111 - | epoch : 106 | training done |
2022-01-01 18:04:16.129 | INFO     | __main__:<module>:244 - | epoch : 106 | val done |
2022-01-01 18:05:09.235 | INFO     | __main__:<module>:111 - | epoch : 107 | training done |
2022-01-01 18:05:25.031 | INFO     | __main__:<module>:244 - | epoch : 107 | val done |
2022-01-01 18:06:05.550 | INFO     | __main__:<module>:111 - | epoch : 108 | training done |
2022-01-01 18:06:21.484 | INFO     | __main__:<module>:244 - | epoch : 108 | val done |
2022-01-01 18:07:10.907 | INFO     | __main__:<module>:111 - | epoch : 109 | training done |
2022-01-01 18:07:26.887 | INFO     | __main__:<module>:244 - | epoch : 109 | val done |
2022-01-01 18:08:19.731 | INFO     | __main__:<module>:111 - | epoch : 110 | training done |
2022-01-01 18:08:35.438 | INFO     | __main__:<module>:244 - | epoch : 110 | val done |
2022-01-01 18:09:33.550 | INFO     | __main__:<module>:111 - | epoch : 111 | training done |
2022-01-01 18:09:49.319 | INFO     | __main__:<module>:244 - | epoch : 111 | val done |
2022-01-01 18:10:47.589 | INFO     | __main__:<module>:111 - | epoch : 112 | training done |
2022-01-01 18:11:03.032 | INFO     | __main__:<module>:244 - | epoch : 112 | val done |
2022-01-01 18:11:57.497 | INFO     | __main__:<module>:111 - | epoch : 113 | training done |
2022-01-01 18:12:13.104 | INFO     | __main__:<module>:244 - | epoch : 113 | val done |
2022-01-01 18:13:11.090 | INFO     | __main__:<module>:111 - | epoch : 114 | training done |
2022-01-01 18:13:26.265 | INFO     | __main__:<module>:244 - | epoch : 114 | val done |
2022-01-01 18:14:16.307 | INFO     | __main__:<module>:111 - | epoch : 115 | training done |
2022-01-01 18:14:31.885 | INFO     | __main__:<module>:244 - | epoch : 115 | val done |
2022-01-01 18:15:26.391 | INFO     | __main__:<module>:111 - | epoch : 116 | training done |
2022-01-01 18:15:41.885 | INFO     | __main__:<module>:244 - | epoch : 116 | val done |
2022-01-01 18:16:29.358 | INFO     | __main__:<module>:111 - | epoch : 117 | training done |
2022-01-01 18:16:45.298 | INFO     | __main__:<module>:244 - | epoch : 117 | val done |
2022-01-01 18:17:39.518 | INFO     | __main__:<module>:111 - | epoch : 118 | training done |
2022-01-01 18:17:54.951 | INFO     | __main__:<module>:244 - | epoch : 118 | val done |
2022-01-01 18:18:49.638 | INFO     | __main__:<module>:111 - | epoch : 119 | training done |
2022-01-01 18:19:05.055 | INFO     | __main__:<module>:244 - | epoch : 119 | val done |
2022-01-01 18:19:59.695 | INFO     | __main__:<module>:111 - | epoch : 120 | training done |
2022-01-01 18:20:15.030 | INFO     | __main__:<module>:244 - | epoch : 120 | val done |
2022-01-01 18:21:10.891 | INFO     | __main__:<module>:111 - | epoch : 121 | training done |
2022-01-01 18:21:26.544 | INFO     | __main__:<module>:244 - | epoch : 121 | val done |
2022-01-01 18:22:13.052 | INFO     | __main__:<module>:111 - | epoch : 122 | training done |
2022-01-01 18:22:28.905 | INFO     | __main__:<module>:244 - | epoch : 122 | val done |
2022-01-01 18:23:22.235 | INFO     | __main__:<module>:111 - | epoch : 123 | training done |
2022-01-01 18:23:38.064 | INFO     | __main__:<module>:244 - | epoch : 123 | val done |
2022-01-01 18:24:27.179 | INFO     | __main__:<module>:111 - | epoch : 124 | training done |
2022-01-01 18:24:42.817 | INFO     | __main__:<module>:244 - | epoch : 124 | val done |
2022-01-01 18:25:38.709 | INFO     | __main__:<module>:111 - | epoch : 125 | training done |
2022-01-01 18:25:54.206 | INFO     | __main__:<module>:244 - | epoch : 125 | val done |
2022-01-01 18:26:49.649 | INFO     | __main__:<module>:111 - | epoch : 126 | training done |
2022-01-01 18:27:05.130 | INFO     | __main__:<module>:244 - | epoch : 126 | val done |
2022-01-01 18:28:01.599 | INFO     | __main__:<module>:111 - | epoch : 127 | training done |
2022-01-01 18:28:17.146 | INFO     | __main__:<module>:244 - | epoch : 127 | val done |
2022-01-01 18:29:15.973 | INFO     | __main__:<module>:111 - | epoch : 128 | training done |
2022-01-01 18:29:31.456 | INFO     | __main__:<module>:244 - | epoch : 128 | val done |
2022-01-01 18:30:26.801 | INFO     | __main__:<module>:111 - | epoch : 129 | training done |
2022-01-01 18:30:41.563 | INFO     | __main__:<module>:244 - | epoch : 129 | val done |
2022-01-01 18:31:36.641 | INFO     | __main__:<module>:111 - | epoch : 130 | training done |
2022-01-01 18:31:52.525 | INFO     | __main__:<module>:244 - | epoch : 130 | val done |
2022-01-01 18:32:33.288 | INFO     | __main__:<module>:111 - | epoch : 131 | training done |
2022-01-01 18:32:49.260 | INFO     | __main__:<module>:244 - | epoch : 131 | val done |
2022-01-01 18:33:38.151 | INFO     | __main__:<module>:111 - | epoch : 132 | training done |
2022-01-01 18:33:54.039 | INFO     | __main__:<module>:244 - | epoch : 132 | val done |
2022-01-01 18:34:45.906 | INFO     | __main__:<module>:111 - | epoch : 133 | training done |
2022-01-01 18:35:01.762 | INFO     | __main__:<module>:244 - | epoch : 133 | val done |
2022-01-01 18:36:01.662 | INFO     | __main__:<module>:111 - | epoch : 134 | training done |
2022-01-01 18:36:16.801 | INFO     | __main__:<module>:244 - | epoch : 134 | val done |
2022-01-01 18:37:13.804 | INFO     | __main__:<module>:111 - | epoch : 135 | training done |
2022-01-01 18:37:29.415 | INFO     | __main__:<module>:244 - | epoch : 135 | val done |
2022-01-01 18:38:26.506 | INFO     | __main__:<module>:111 - | epoch : 136 | training done |
2022-01-01 18:38:41.603 | INFO     | __main__:<module>:244 - | epoch : 136 | val done |
2022-01-01 18:39:38.269 | INFO     | __main__:<module>:111 - | epoch : 137 | training done |
2022-01-01 18:39:54.100 | INFO     | __main__:<module>:244 - | epoch : 137 | val done |
2022-01-01 18:40:42.876 | INFO     | __main__:<module>:111 - | epoch : 138 | training done |
2022-01-01 18:40:58.751 | INFO     | __main__:<module>:244 - | epoch : 138 | val done |
2022-01-01 18:41:51.334 | INFO     | __main__:<module>:111 - | epoch : 139 | training done |
2022-01-01 18:42:07.222 | INFO     | __main__:<module>:244 - | epoch : 139 | val done |
2022-01-01 18:42:52.400 | INFO     | __main__:<module>:111 - | epoch : 140 | training done |
2022-01-01 18:43:08.393 | INFO     | __main__:<module>:244 - | epoch : 140 | val done |
2022-01-01 18:44:04.028 | INFO     | __main__:<module>:111 - | epoch : 141 | training done |
2022-01-01 18:44:19.656 | INFO     | __main__:<module>:244 - | epoch : 141 | val done |
2022-01-01 18:45:13.429 | INFO     | __main__:<module>:111 - | epoch : 142 | training done |
2022-01-01 18:45:28.538 | INFO     | __main__:<module>:244 - | epoch : 142 | val done |
2022-01-01 18:46:24.440 | INFO     | __main__:<module>:111 - | epoch : 143 | training done |
2022-01-01 18:46:39.992 | INFO     | __main__:<module>:244 - | epoch : 143 | val done |
2022-01-01 18:47:33.614 | INFO     | __main__:<module>:111 - | epoch : 144 | training done |
2022-01-01 18:47:49.620 | INFO     | __main__:<module>:244 - | epoch : 144 | val done |
2022-01-01 18:48:39.450 | INFO     | __main__:<module>:111 - | epoch : 145 | training done |
2022-01-01 18:48:55.535 | INFO     | __main__:<module>:244 - | epoch : 145 | val done |
2022-01-01 18:49:50.014 | INFO     | __main__:<module>:111 - | epoch : 146 | training done |
2022-01-01 18:50:05.585 | INFO     | __main__:<module>:244 - | epoch : 146 | val done |
2022-01-01 18:50:54.454 | INFO     | __main__:<module>:111 - | epoch : 147 | training done |
2022-01-01 18:51:09.928 | INFO     | __main__:<module>:244 - | epoch : 147 | val done |
2022-01-01 18:52:07.366 | INFO     | __main__:<module>:111 - | epoch : 148 | training done |
2022-01-01 18:52:22.838 | INFO     | __main__:<module>:244 - | epoch : 148 | val done |
2022-01-01 18:53:16.494 | INFO     | __main__:<module>:111 - | epoch : 149 | training done |
2022-01-01 18:53:32.117 | INFO     | __main__:<module>:244 - | epoch : 149 | val done |
2022-01-01 18:54:29.749 | INFO     | __main__:<module>:111 - | epoch : 150 | training done |
2022-01-01 18:54:44.812 | INFO     | __main__:<module>:244 - | epoch : 150 | val done |
2022-01-01 18:55:39.710 | INFO     | __main__:<module>:111 - | epoch : 151 | training done |
2022-01-01 18:55:54.958 | INFO     | __main__:<module>:244 - | epoch : 151 | val done |
2022-01-01 18:56:51.044 | INFO     | __main__:<module>:111 - | epoch : 152 | training done |
2022-01-01 18:57:06.522 | INFO     | __main__:<module>:244 - | epoch : 152 | val done |
2022-01-01 18:58:00.754 | INFO     | __main__:<module>:111 - | epoch : 153 | training done |
2022-01-01 18:58:16.492 | INFO     | __main__:<module>:244 - | epoch : 153 | val done |
2022-01-01 18:59:01.658 | INFO     | __main__:<module>:111 - | epoch : 154 | training done |
2022-01-01 18:59:17.639 | INFO     | __main__:<module>:244 - | epoch : 154 | val done |
2022-01-01 19:00:05.872 | INFO     | __main__:<module>:111 - | epoch : 155 | training done |
2022-01-01 19:00:21.689 | INFO     | __main__:<module>:240 - | epoch : 155 | CVC-300 : 0.8195801760192478 | CVC-ClinicDB : 0.9178438443962159 | CVC-ColonDB : 0.7550306700425117 | ETIS-LaribPolypDB : 0.7110838997626889 | Kvasir : 0.8653044208756661 |
2022-01-01 19:00:21.690 | CRITICAL | __main__:<module>:241 - | epoch : 155 | best_val_dice_score : 0.8137686022192661 |
2022-01-01 19:01:12.147 | INFO     | __main__:<module>:111 - | epoch : 156 | training done |
2022-01-01 19:01:27.793 | INFO     | __main__:<module>:244 - | epoch : 156 | val done |
2022-01-01 19:02:27.484 | INFO     | __main__:<module>:111 - | epoch : 157 | training done |
2022-01-01 19:02:42.681 | INFO     | __main__:<module>:244 - | epoch : 157 | val done |
2022-01-01 19:03:38.746 | INFO     | __main__:<module>:111 - | epoch : 158 | training done |
2022-01-01 19:03:53.871 | INFO     | __main__:<module>:244 - | epoch : 158 | val done |
2022-01-01 19:04:51.701 | INFO     | __main__:<module>:111 - | epoch : 159 | training done |
2022-01-01 19:05:07.233 | INFO     | __main__:<module>:244 - | epoch : 159 | val done |
2022-01-01 19:06:04.849 | INFO     | __main__:<module>:111 - | epoch : 160 | training done |
2022-01-01 19:06:20.310 | INFO     | __main__:<module>:244 - | epoch : 160 | val done |
2022-01-01 19:07:09.892 | INFO     | __main__:<module>:111 - | epoch : 161 | training done |
2022-01-01 19:07:25.687 | INFO     | __main__:<module>:244 - | epoch : 161 | val done |
2022-01-01 19:08:18.075 | INFO     | __main__:<module>:111 - | epoch : 162 | training done |
2022-01-01 19:08:33.986 | INFO     | __main__:<module>:244 - | epoch : 162 | val done |
2022-01-01 19:09:19.450 | INFO     | __main__:<module>:111 - | epoch : 163 | training done |
2022-01-01 19:09:35.331 | INFO     | __main__:<module>:244 - | epoch : 163 | val done |
2022-01-01 19:10:30.783 | INFO     | __main__:<module>:111 - | epoch : 164 | training done |
2022-01-01 19:10:46.837 | INFO     | __main__:<module>:244 - | epoch : 164 | val done |
2022-01-01 19:11:38.786 | INFO     | __main__:<module>:111 - | epoch : 165 | training done |
2022-01-01 19:11:54.391 | INFO     | __main__:<module>:244 - | epoch : 165 | val done |
2022-01-01 19:12:50.574 | INFO     | __main__:<module>:111 - | epoch : 166 | training done |
2022-01-01 19:13:06.032 | INFO     | __main__:<module>:244 - | epoch : 166 | val done |
2022-01-01 19:13:56.032 | INFO     | __main__:<module>:111 - | epoch : 167 | training done |
2022-01-01 19:14:12.189 | INFO     | __main__:<module>:244 - | epoch : 167 | val done |
2022-01-01 19:15:04.839 | INFO     | __main__:<module>:111 - | epoch : 168 | training done |
2022-01-01 19:15:20.980 | INFO     | __main__:<module>:244 - | epoch : 168 | val done |
2022-01-01 19:16:13.694 | INFO     | __main__:<module>:111 - | epoch : 169 | training done |
2022-01-01 19:16:29.410 | INFO     | __main__:<module>:244 - | epoch : 169 | val done |
2022-01-01 19:17:18.299 | INFO     | __main__:<module>:111 - | epoch : 170 | training done |
2022-01-01 19:17:34.323 | INFO     | __main__:<module>:244 - | epoch : 170 | val done |
2022-01-01 19:18:31.611 | INFO     | __main__:<module>:111 - | epoch : 171 | training done |
2022-01-01 19:18:47.246 | INFO     | __main__:<module>:244 - | epoch : 171 | val done |
2022-01-01 19:19:40.578 | INFO     | __main__:<module>:111 - | epoch : 172 | training done |
2022-01-01 19:19:55.979 | INFO     | __main__:<module>:244 - | epoch : 172 | val done |
2022-01-01 19:20:53.817 | INFO     | __main__:<module>:111 - | epoch : 173 | training done |
2022-01-01 19:21:09.260 | INFO     | __main__:<module>:244 - | epoch : 173 | val done |
2022-01-01 19:22:02.708 | INFO     | __main__:<module>:111 - | epoch : 174 | training done |
2022-01-01 19:22:18.077 | INFO     | __main__:<module>:244 - | epoch : 174 | val done |
2022-01-01 19:23:14.020 | INFO     | __main__:<module>:111 - | epoch : 175 | training done |
2022-01-01 19:23:29.349 | INFO     | __main__:<module>:244 - | epoch : 175 | val done |
2022-01-01 19:24:16.339 | INFO     | __main__:<module>:111 - | epoch : 176 | training done |
2022-01-01 19:24:32.302 | INFO     | __main__:<module>:240 - | epoch : 176 | CVC-300 : 0.8507930476555134 | CVC-ClinicDB : 0.9230228555552298 | CVC-ColonDB : 0.761175987078051 | ETIS-LaribPolypDB : 0.7045445542993725 | Kvasir : 0.8649277807651331 |
2022-01-01 19:24:32.302 | CRITICAL | __main__:<module>:241 - | epoch : 176 | best_val_dice_score : 0.82089284507066 |
2022-01-01 19:25:20.064 | INFO     | __main__:<module>:111 - | epoch : 177 | training done |
2022-01-01 19:25:35.763 | INFO     | __main__:<module>:244 - | epoch : 177 | val done |
2022-01-01 19:26:24.920 | INFO     | __main__:<module>:111 - | epoch : 178 | training done |
2022-01-01 19:26:40.767 | INFO     | __main__:<module>:240 - | epoch : 178 | CVC-300 : 0.8499170655896106 | CVC-ClinicDB : 0.9281290469807332 | CVC-ColonDB : 0.7717630361832222 | ETIS-LaribPolypDB : 0.6997254159126224 | Kvasir : 0.866558881748582 |
2022-01-01 19:26:40.768 | CRITICAL | __main__:<module>:241 - | epoch : 178 | best_val_dice_score : 0.823218689282954 |
2022-01-01 19:27:34.560 | INFO     | __main__:<module>:111 - | epoch : 179 | training done |
2022-01-01 19:27:50.504 | INFO     | __main__:<module>:244 - | epoch : 179 | val done |
2022-01-01 19:28:49.693 | INFO     | __main__:<module>:111 - | epoch : 180 | training done |
2022-01-01 19:29:04.737 | INFO     | __main__:<module>:244 - | epoch : 180 | val done |
2022-01-01 19:29:59.698 | INFO     | __main__:<module>:111 - | epoch : 181 | training done |
2022-01-01 19:30:15.229 | INFO     | __main__:<module>:244 - | epoch : 181 | val done |
2022-01-01 19:31:13.130 | INFO     | __main__:<module>:111 - | epoch : 182 | training done |
2022-01-01 19:31:28.864 | INFO     | __main__:<module>:244 - | epoch : 182 | val done |
2022-01-01 19:32:20.269 | INFO     | __main__:<module>:111 - | epoch : 183 | training done |
2022-01-01 19:32:35.989 | INFO     | __main__:<module>:244 - | epoch : 183 | val done |
2022-01-01 19:33:32.363 | INFO     | __main__:<module>:111 - | epoch : 184 | training done |
2022-01-01 19:33:47.714 | INFO     | __main__:<module>:244 - | epoch : 184 | val done |
2022-01-01 19:34:38.525 | INFO     | __main__:<module>:111 - | epoch : 185 | training done |
2022-01-01 19:34:54.209 | INFO     | __main__:<module>:244 - | epoch : 185 | val done |
2022-01-01 19:35:46.355 | INFO     | __main__:<module>:111 - | epoch : 186 | training done |
2022-01-01 19:36:01.985 | INFO     | __main__:<module>:244 - | epoch : 186 | val done |
2022-01-01 19:36:55.328 | INFO     | __main__:<module>:111 - | epoch : 187 | training done |
2022-01-01 19:37:11.221 | INFO     | __main__:<module>:244 - | epoch : 187 | val done |
2022-01-01 19:38:01.639 | INFO     | __main__:<module>:111 - | epoch : 188 | training done |
2022-01-01 19:38:17.566 | INFO     | __main__:<module>:244 - | epoch : 188 | val done |
2022-01-01 19:39:14.735 | INFO     | __main__:<module>:111 - | epoch : 189 | training done |
2022-01-01 19:39:30.203 | INFO     | __main__:<module>:244 - | epoch : 189 | val done |
2022-01-01 19:40:20.171 | INFO     | __main__:<module>:111 - | epoch : 190 | training done |
2022-01-01 19:40:35.803 | INFO     | __main__:<module>:244 - | epoch : 190 | val done |
2022-01-01 19:41:30.162 | INFO     | __main__:<module>:111 - | epoch : 191 | training done |
2022-01-01 19:41:45.940 | INFO     | __main__:<module>:244 - | epoch : 191 | val done |
2022-01-01 19:42:32.585 | INFO     | __main__:<module>:111 - | epoch : 192 | training done |
2022-01-01 19:42:48.560 | INFO     | __main__:<module>:244 - | epoch : 192 | val done |
2022-01-01 19:43:42.039 | INFO     | __main__:<module>:111 - | epoch : 193 | training done |
2022-01-01 19:43:57.642 | INFO     | __main__:<module>:244 - | epoch : 193 | val done |
2022-01-01 19:44:50.111 | INFO     | __main__:<module>:111 - | epoch : 194 | training done |
2022-01-01 19:45:05.544 | INFO     | __main__:<module>:244 - | epoch : 194 | val done |
2022-01-01 19:46:02.194 | INFO     | __main__:<module>:111 - | epoch : 195 | training done |
2022-01-01 19:46:17.900 | INFO     | __main__:<module>:244 - | epoch : 195 | val done |
2022-01-01 19:47:16.197 | INFO     | __main__:<module>:111 - | epoch : 196 | training done |
2022-01-01 19:47:31.369 | INFO     | __main__:<module>:244 - | epoch : 196 | val done |
2022-01-01 19:48:26.242 | INFO     | __main__:<module>:111 - | epoch : 197 | training done |
2022-01-01 19:48:41.687 | INFO     | __main__:<module>:244 - | epoch : 197 | val done |
2022-01-01 19:49:40.506 | INFO     | __main__:<module>:111 - | epoch : 198 | training done |
2022-01-01 19:49:55.809 | INFO     | __main__:<module>:244 - | epoch : 198 | val done |
2022-01-01 19:50:46.330 | INFO     | __main__:<module>:111 - | epoch : 199 | training done |
2022-01-01 19:51:01.807 | INFO     | __main__:<module>:244 - | epoch : 199 | val done |
