2021-12-28 00:20:52.725 | INFO     | __main__:<module>:77 - | start training .... |
2021-12-28 00:21:30.782 | INFO     | __main__:<module>:106 - | epoch : 0 | training done |
2021-12-28 00:21:33.237 | CRITICAL | __main__:<module>:132 - | epoch : 0 | best_val_dice_score : 0.8925819701022001 |
2021-12-28 00:22:11.289 | INFO     | __main__:<module>:106 - | epoch : 1 | training done |
2021-12-28 00:22:13.770 | CRITICAL | __main__:<module>:132 - | epoch : 1 | best_val_dice_score : 0.9059400263967253 |
2021-12-28 00:22:51.942 | INFO     | __main__:<module>:106 - | epoch : 2 | training done |
2021-12-28 00:22:54.387 | CRITICAL | __main__:<module>:132 - | epoch : 2 | best_val_dice_score : 0.910455921368696 |
2021-12-28 00:23:32.559 | INFO     | __main__:<module>:106 - | epoch : 3 | training done |
2021-12-28 00:23:34.993 | CRITICAL | __main__:<module>:132 - | epoch : 3 | best_val_dice_score : 0.9209333347040665 |
2021-12-28 00:24:13.211 | INFO     | __main__:<module>:106 - | epoch : 4 | training done |
2021-12-28 00:24:15.686 | CRITICAL | __main__:<module>:132 - | epoch : 4 | best_val_dice_score : 0.9238277712200572 |
2021-12-28 00:24:53.901 | INFO     | __main__:<module>:106 - | epoch : 5 | training done |
2021-12-28 00:24:56.400 | CRITICAL | __main__:<module>:132 - | epoch : 5 | best_val_dice_score : 0.9265757187979007 |
2021-12-28 00:25:34.612 | INFO     | __main__:<module>:106 - | epoch : 6 | training done |
2021-12-28 00:25:37.053 | CRITICAL | __main__:<module>:132 - | epoch : 6 | best_val_dice_score : 0.9300738178465399 |
2021-12-28 00:26:47.391 | INFO     | __main__:<module>:106 - | epoch : 7 | training done |
2021-12-28 00:26:50.951 | INFO     | __main__:<module>:135 - | epoch : 7 | val done |
2021-12-28 00:28:11.291 | INFO     | __main__:<module>:106 - | epoch : 8 | training done |
2021-12-28 00:28:14.805 | INFO     | __main__:<module>:135 - | epoch : 8 | val done |
2021-12-28 00:29:34.898 | INFO     | __main__:<module>:106 - | epoch : 9 | training done |
2021-12-28 00:29:38.443 | INFO     | __main__:<module>:135 - | epoch : 9 | val done |
2021-12-28 00:30:58.376 | INFO     | __main__:<module>:106 - | epoch : 10 | training done |
2021-12-28 00:31:01.899 | CRITICAL | __main__:<module>:132 - | epoch : 10 | best_val_dice_score : 0.9330258012361567 |
2021-12-28 00:32:22.109 | INFO     | __main__:<module>:106 - | epoch : 11 | training done |
2021-12-28 00:32:25.655 | INFO     | __main__:<module>:135 - | epoch : 11 | val done |
2021-12-28 00:33:45.765 | INFO     | __main__:<module>:106 - | epoch : 12 | training done |
2021-12-28 00:33:49.299 | CRITICAL | __main__:<module>:132 - | epoch : 12 | best_val_dice_score : 0.9339212812994455 |
2021-12-28 00:35:09.718 | INFO     | __main__:<module>:106 - | epoch : 13 | training done |
2021-12-28 00:35:13.278 | INFO     | __main__:<module>:135 - | epoch : 13 | val done |
2021-12-28 00:36:33.365 | INFO     | __main__:<module>:106 - | epoch : 14 | training done |
2021-12-28 00:36:36.866 | INFO     | __main__:<module>:135 - | epoch : 14 | val done |
2021-12-28 00:37:57.202 | INFO     | __main__:<module>:106 - | epoch : 15 | training done |
2021-12-28 00:38:00.729 | INFO     | __main__:<module>:135 - | epoch : 15 | val done |
2021-12-28 00:39:20.816 | INFO     | __main__:<module>:106 - | epoch : 16 | training done |
2021-12-28 00:39:24.410 | CRITICAL | __main__:<module>:132 - | epoch : 16 | best_val_dice_score : 0.9342601350371953 |
2021-12-28 00:40:45.125 | INFO     | __main__:<module>:106 - | epoch : 17 | training done |
2021-12-28 00:40:48.687 | CRITICAL | __main__:<module>:132 - | epoch : 17 | best_val_dice_score : 0.9359279243669262 |
2021-12-28 00:42:09.269 | INFO     | __main__:<module>:106 - | epoch : 18 | training done |
2021-12-28 00:42:12.781 | INFO     | __main__:<module>:135 - | epoch : 18 | val done |
2021-12-28 00:43:32.856 | INFO     | __main__:<module>:106 - | epoch : 19 | training done |
2021-12-28 00:43:36.397 | CRITICAL | __main__:<module>:132 - | epoch : 19 | best_val_dice_score : 0.9390916288341304 |
2021-12-28 00:44:56.936 | INFO     | __main__:<module>:106 - | epoch : 20 | training done |
2021-12-28 00:45:00.477 | INFO     | __main__:<module>:135 - | epoch : 20 | val done |
2021-12-28 00:46:20.982 | INFO     | __main__:<module>:106 - | epoch : 21 | training done |
2021-12-28 00:46:24.550 | INFO     | __main__:<module>:135 - | epoch : 21 | val done |
2021-12-28 00:47:46.612 | INFO     | __main__:<module>:106 - | epoch : 22 | training done |
2021-12-28 00:47:49.805 | INFO     | __main__:<module>:135 - | epoch : 22 | val done |
2021-12-28 00:49:12.735 | INFO     | __main__:<module>:106 - | epoch : 23 | training done |
2021-12-28 00:49:15.372 | INFO     | __main__:<module>:135 - | epoch : 23 | val done |
2021-12-28 00:50:37.529 | INFO     | __main__:<module>:106 - | epoch : 24 | training done |
2021-12-28 00:50:41.061 | INFO     | __main__:<module>:135 - | epoch : 24 | val done |
2021-12-28 00:52:02.393 | INFO     | __main__:<module>:106 - | epoch : 25 | training done |
2021-12-28 00:52:05.941 | INFO     | __main__:<module>:135 - | epoch : 25 | val done |
2021-12-28 00:53:26.279 | INFO     | __main__:<module>:106 - | epoch : 26 | training done |
2021-12-28 00:53:29.817 | INFO     | __main__:<module>:135 - | epoch : 26 | val done |
2021-12-28 00:54:50.244 | INFO     | __main__:<module>:106 - | epoch : 27 | training done |
2021-12-28 00:54:53.708 | INFO     | __main__:<module>:135 - | epoch : 27 | val done |
2021-12-28 00:56:14.151 | INFO     | __main__:<module>:106 - | epoch : 28 | training done |
2021-12-28 00:56:17.687 | INFO     | __main__:<module>:135 - | epoch : 28 | val done |
2021-12-28 00:57:38.027 | INFO     | __main__:<module>:106 - | epoch : 29 | training done |
2021-12-28 00:57:41.573 | INFO     | __main__:<module>:135 - | epoch : 29 | val done |
2021-12-28 00:59:01.952 | INFO     | __main__:<module>:106 - | epoch : 30 | training done |
2021-12-28 00:59:05.455 | CRITICAL | __main__:<module>:132 - | epoch : 30 | best_val_dice_score : 0.9402184422722092 |
2021-12-28 01:00:26.001 | INFO     | __main__:<module>:106 - | epoch : 31 | training done |
2021-12-28 01:00:29.577 | INFO     | __main__:<module>:135 - | epoch : 31 | val done |
2021-12-28 01:01:49.681 | INFO     | __main__:<module>:106 - | epoch : 32 | training done |
2021-12-28 01:01:53.179 | INFO     | __main__:<module>:135 - | epoch : 32 | val done |
2021-12-28 01:03:13.632 | INFO     | __main__:<module>:106 - | epoch : 33 | training done |
2021-12-28 01:03:17.120 | INFO     | __main__:<module>:135 - | epoch : 33 | val done |
2021-12-28 01:04:37.232 | INFO     | __main__:<module>:106 - | epoch : 34 | training done |
2021-12-28 01:04:40.811 | CRITICAL | __main__:<module>:132 - | epoch : 34 | best_val_dice_score : 0.9413371842459879 |
2021-12-28 01:06:01.415 | INFO     | __main__:<module>:106 - | epoch : 35 | training done |
2021-12-28 01:06:04.932 | CRITICAL | __main__:<module>:132 - | epoch : 35 | best_val_dice_score : 0.9441004266007563 |
2021-12-28 01:07:25.157 | INFO     | __main__:<module>:106 - | epoch : 36 | training done |
2021-12-28 01:07:28.668 | INFO     | __main__:<module>:135 - | epoch : 36 | val done |
2021-12-28 01:08:48.683 | INFO     | __main__:<module>:106 - | epoch : 37 | training done |
2021-12-28 01:08:52.250 | INFO     | __main__:<module>:135 - | epoch : 37 | val done |
2021-12-28 01:10:12.426 | INFO     | __main__:<module>:106 - | epoch : 38 | training done |
2021-12-28 01:10:15.932 | INFO     | __main__:<module>:135 - | epoch : 38 | val done |
2021-12-28 01:11:36.331 | INFO     | __main__:<module>:106 - | epoch : 39 | training done |
2021-12-28 01:11:39.862 | INFO     | __main__:<module>:135 - | epoch : 39 | val done |
2021-12-28 01:13:00.171 | INFO     | __main__:<module>:106 - | epoch : 40 | training done |
2021-12-28 01:13:03.741 | INFO     | __main__:<module>:135 - | epoch : 40 | val done |
2021-12-28 01:14:24.085 | INFO     | __main__:<module>:106 - | epoch : 41 | training done |
2021-12-28 01:14:27.709 | INFO     | __main__:<module>:135 - | epoch : 41 | val done |
2021-12-28 01:15:47.979 | INFO     | __main__:<module>:106 - | epoch : 42 | training done |
2021-12-28 01:15:51.459 | INFO     | __main__:<module>:135 - | epoch : 42 | val done |
2021-12-28 01:17:11.454 | INFO     | __main__:<module>:106 - | epoch : 43 | training done |
2021-12-28 01:17:14.998 | INFO     | __main__:<module>:135 - | epoch : 43 | val done |
2021-12-28 01:18:36.231 | INFO     | __main__:<module>:106 - | epoch : 44 | training done |
2021-12-28 01:18:39.899 | INFO     | __main__:<module>:135 - | epoch : 44 | val done |
2021-12-28 01:20:02.239 | INFO     | __main__:<module>:106 - | epoch : 45 | training done |
2021-12-28 01:20:05.420 | INFO     | __main__:<module>:135 - | epoch : 45 | val done |
2021-12-28 01:21:28.410 | INFO     | __main__:<module>:106 - | epoch : 46 | training done |
2021-12-28 01:21:31.518 | INFO     | __main__:<module>:135 - | epoch : 46 | val done |
2021-12-28 01:22:53.279 | INFO     | __main__:<module>:106 - | epoch : 47 | training done |
2021-12-28 01:22:56.805 | INFO     | __main__:<module>:135 - | epoch : 47 | val done |
2021-12-28 01:24:16.798 | INFO     | __main__:<module>:106 - | epoch : 48 | training done |
2021-12-28 01:24:20.394 | CRITICAL | __main__:<module>:132 - | epoch : 48 | best_val_dice_score : 0.9463100342446195 |
2021-12-28 01:25:41.139 | INFO     | __main__:<module>:106 - | epoch : 49 | training done |
2021-12-28 01:25:44.689 | INFO     | __main__:<module>:135 - | epoch : 49 | val done |
2021-12-28 01:27:05.114 | INFO     | __main__:<module>:106 - | epoch : 50 | training done |
2021-12-28 01:27:08.707 | INFO     | __main__:<module>:135 - | epoch : 50 | val done |
2021-12-28 01:28:28.862 | INFO     | __main__:<module>:106 - | epoch : 51 | training done |
2021-12-28 01:28:32.416 | INFO     | __main__:<module>:135 - | epoch : 51 | val done |
2021-12-28 01:29:52.729 | INFO     | __main__:<module>:106 - | epoch : 52 | training done |
2021-12-28 01:29:56.203 | INFO     | __main__:<module>:135 - | epoch : 52 | val done |
2021-12-28 01:31:16.655 | INFO     | __main__:<module>:106 - | epoch : 53 | training done |
2021-12-28 01:31:20.171 | INFO     | __main__:<module>:135 - | epoch : 53 | val done |
2021-12-28 01:32:40.558 | INFO     | __main__:<module>:106 - | epoch : 54 | training done |
2021-12-28 01:32:44.088 | INFO     | __main__:<module>:135 - | epoch : 54 | val done |
2021-12-28 01:34:04.430 | INFO     | __main__:<module>:106 - | epoch : 55 | training done |
2021-12-28 01:34:07.989 | INFO     | __main__:<module>:135 - | epoch : 55 | val done |
2021-12-28 01:35:28.292 | INFO     | __main__:<module>:106 - | epoch : 56 | training done |
2021-12-28 01:35:31.836 | INFO     | __main__:<module>:135 - | epoch : 56 | val done |
2021-12-28 01:36:52.061 | INFO     | __main__:<module>:106 - | epoch : 57 | training done |
2021-12-28 01:36:55.515 | INFO     | __main__:<module>:135 - | epoch : 57 | val done |
2021-12-28 01:38:15.834 | INFO     | __main__:<module>:106 - | epoch : 58 | training done |
2021-12-28 01:38:19.337 | INFO     | __main__:<module>:135 - | epoch : 58 | val done |
2021-12-28 01:39:39.414 | INFO     | __main__:<module>:106 - | epoch : 59 | training done |
2021-12-28 01:39:42.986 | INFO     | __main__:<module>:135 - | epoch : 59 | val done |
2021-12-28 01:41:03.047 | INFO     | __main__:<module>:106 - | epoch : 60 | training done |
2021-12-28 01:41:06.587 | CRITICAL | __main__:<module>:132 - | epoch : 60 | best_val_dice_score : 0.9463850238136478 |
2021-12-28 01:42:27.292 | INFO     | __main__:<module>:106 - | epoch : 61 | training done |
2021-12-28 01:42:30.815 | INFO     | __main__:<module>:135 - | epoch : 61 | val done |
2021-12-28 01:43:50.757 | INFO     | __main__:<module>:106 - | epoch : 62 | training done |
2021-12-28 01:43:54.350 | INFO     | __main__:<module>:135 - | epoch : 62 | val done |
2021-12-28 01:45:14.837 | INFO     | __main__:<module>:106 - | epoch : 63 | training done |
2021-12-28 01:45:18.325 | INFO     | __main__:<module>:135 - | epoch : 63 | val done |
2021-12-28 01:46:38.944 | INFO     | __main__:<module>:106 - | epoch : 64 | training done |
2021-12-28 01:46:42.480 | INFO     | __main__:<module>:135 - | epoch : 64 | val done |
2021-12-28 01:48:02.875 | INFO     | __main__:<module>:106 - | epoch : 65 | training done |
2021-12-28 01:48:06.434 | CRITICAL | __main__:<module>:132 - | epoch : 65 | best_val_dice_score : 0.9466051339562918 |
2021-12-28 01:49:27.150 | INFO     | __main__:<module>:106 - | epoch : 66 | training done |
2021-12-28 01:49:30.750 | INFO     | __main__:<module>:135 - | epoch : 66 | val done |
2021-12-28 01:50:51.909 | INFO     | __main__:<module>:106 - | epoch : 67 | training done |
2021-12-28 01:50:55.584 | INFO     | __main__:<module>:135 - | epoch : 67 | val done |
2021-12-28 01:52:17.854 | INFO     | __main__:<module>:106 - | epoch : 68 | training done |
2021-12-28 01:52:20.907 | CRITICAL | __main__:<module>:132 - | epoch : 68 | best_val_dice_score : 0.9473452471839054 |
2021-12-28 01:53:44.053 | INFO     | __main__:<module>:106 - | epoch : 69 | training done |
2021-12-28 01:53:46.840 | INFO     | __main__:<module>:135 - | epoch : 69 | val done |
2021-12-28 01:55:09.128 | INFO     | __main__:<module>:106 - | epoch : 70 | training done |
2021-12-28 01:55:12.619 | INFO     | __main__:<module>:135 - | epoch : 70 | val done |
2021-12-28 01:56:33.274 | INFO     | __main__:<module>:106 - | epoch : 71 | training done |
2021-12-28 01:56:36.772 | CRITICAL | __main__:<module>:132 - | epoch : 71 | best_val_dice_score : 0.9475589401465876 |
2021-12-28 01:57:57.322 | INFO     | __main__:<module>:106 - | epoch : 72 | training done |
2021-12-28 01:58:00.776 | INFO     | __main__:<module>:135 - | epoch : 72 | val done |
2021-12-28 01:59:21.090 | INFO     | __main__:<module>:106 - | epoch : 73 | training done |
2021-12-28 01:59:24.580 | INFO     | __main__:<module>:135 - | epoch : 73 | val done |
2021-12-28 02:00:44.821 | INFO     | __main__:<module>:106 - | epoch : 74 | training done |
2021-12-28 02:00:48.368 | INFO     | __main__:<module>:135 - | epoch : 74 | val done |
2021-12-28 02:02:08.659 | INFO     | __main__:<module>:106 - | epoch : 75 | training done |
2021-12-28 02:02:12.194 | INFO     | __main__:<module>:135 - | epoch : 75 | val done |
2021-12-28 02:03:32.583 | INFO     | __main__:<module>:106 - | epoch : 76 | training done |
2021-12-28 02:03:36.117 | CRITICAL | __main__:<module>:132 - | epoch : 76 | best_val_dice_score : 0.9476740981390527 |
2021-12-28 02:04:56.710 | INFO     | __main__:<module>:106 - | epoch : 77 | training done |
2021-12-28 02:05:00.269 | CRITICAL | __main__:<module>:132 - | epoch : 77 | best_val_dice_score : 0.9492491625319975 |
2021-12-28 02:06:20.781 | INFO     | __main__:<module>:106 - | epoch : 78 | training done |
2021-12-28 02:06:24.332 | INFO     | __main__:<module>:135 - | epoch : 78 | val done |
2021-12-28 02:07:44.963 | INFO     | __main__:<module>:106 - | epoch : 79 | training done |
2021-12-28 02:07:48.513 | CRITICAL | __main__:<module>:132 - | epoch : 79 | best_val_dice_score : 0.9495120715747665 |
2021-12-28 02:09:09.271 | INFO     | __main__:<module>:106 - | epoch : 80 | training done |
2021-12-28 02:09:12.863 | INFO     | __main__:<module>:135 - | epoch : 80 | val done |
2021-12-28 02:10:33.227 | INFO     | __main__:<module>:106 - | epoch : 81 | training done |
2021-12-28 02:10:36.703 | INFO     | __main__:<module>:135 - | epoch : 81 | val done |
2021-12-28 02:11:57.095 | INFO     | __main__:<module>:106 - | epoch : 82 | training done |
2021-12-28 02:12:00.591 | INFO     | __main__:<module>:135 - | epoch : 82 | val done |
2021-12-28 02:13:20.954 | INFO     | __main__:<module>:106 - | epoch : 83 | training done |
2021-12-28 02:13:24.497 | CRITICAL | __main__:<module>:132 - | epoch : 83 | best_val_dice_score : 0.9497994105873495 |
2021-12-28 02:14:45.263 | INFO     | __main__:<module>:106 - | epoch : 84 | training done |
2021-12-28 02:14:48.808 | INFO     | __main__:<module>:135 - | epoch : 84 | val done |
2021-12-28 02:16:09.160 | INFO     | __main__:<module>:106 - | epoch : 85 | training done |
2021-12-28 02:16:12.738 | INFO     | __main__:<module>:135 - | epoch : 85 | val done |
2021-12-28 02:17:33.192 | INFO     | __main__:<module>:106 - | epoch : 86 | training done |
2021-12-28 02:17:36.690 | CRITICAL | __main__:<module>:132 - | epoch : 86 | best_val_dice_score : 0.9499390436868301 |
2021-12-28 02:18:57.323 | INFO     | __main__:<module>:106 - | epoch : 87 | training done |
2021-12-28 02:19:00.811 | INFO     | __main__:<module>:135 - | epoch : 87 | val done |
2021-12-28 02:20:21.204 | INFO     | __main__:<module>:106 - | epoch : 88 | training done |
2021-12-28 02:20:24.731 | CRITICAL | __main__:<module>:132 - | epoch : 88 | best_val_dice_score : 0.9509498322653904 |
2021-12-28 02:21:45.361 | INFO     | __main__:<module>:106 - | epoch : 89 | training done |
2021-12-28 02:21:48.905 | INFO     | __main__:<module>:135 - | epoch : 89 | val done |
2021-12-28 02:23:09.546 | INFO     | __main__:<module>:106 - | epoch : 90 | training done |
2021-12-28 02:23:13.111 | INFO     | __main__:<module>:135 - | epoch : 90 | val done |
2021-12-28 02:24:33.711 | INFO     | __main__:<module>:106 - | epoch : 91 | training done |
2021-12-28 02:24:37.233 | INFO     | __main__:<module>:135 - | epoch : 91 | val done |
2021-12-28 02:25:59.130 | INFO     | __main__:<module>:106 - | epoch : 92 | training done |
2021-12-28 02:26:02.119 | INFO     | __main__:<module>:135 - | epoch : 92 | val done |
2021-12-28 02:27:25.126 | INFO     | __main__:<module>:106 - | epoch : 93 | training done |
2021-12-28 02:27:27.862 | INFO     | __main__:<module>:135 - | epoch : 93 | val done |
2021-12-28 02:28:50.466 | INFO     | __main__:<module>:106 - | epoch : 94 | training done |
2021-12-28 02:28:53.996 | INFO     | __main__:<module>:135 - | epoch : 94 | val done |
2021-12-28 02:30:15.459 | INFO     | __main__:<module>:106 - | epoch : 95 | training done |
2021-12-28 02:30:18.955 | INFO     | __main__:<module>:135 - | epoch : 95 | val done |
2021-12-28 02:31:39.478 | INFO     | __main__:<module>:106 - | epoch : 96 | training done |
2021-12-28 02:31:43.003 | CRITICAL | __main__:<module>:132 - | epoch : 96 | best_val_dice_score : 0.9514935277201393 |
2021-12-28 02:33:03.688 | INFO     | __main__:<module>:106 - | epoch : 97 | training done |
2021-12-28 02:33:07.246 | INFO     | __main__:<module>:135 - | epoch : 97 | val done |
2021-12-28 02:34:27.667 | INFO     | __main__:<module>:106 - | epoch : 98 | training done |
2021-12-28 02:34:31.209 | INFO     | __main__:<module>:135 - | epoch : 98 | val done |
2021-12-28 02:35:51.600 | INFO     | __main__:<module>:106 - | epoch : 99 | training done |
2021-12-28 02:35:55.113 | INFO     | __main__:<module>:135 - | epoch : 99 | val done |
2021-12-28 02:37:15.134 | INFO     | __main__:<module>:106 - | epoch : 100 | training done |
2021-12-28 02:37:18.681 | INFO     | __main__:<module>:135 - | epoch : 100 | val done |
2021-12-28 02:38:39.252 | INFO     | __main__:<module>:106 - | epoch : 101 | training done |
2021-12-28 02:38:42.838 | INFO     | __main__:<module>:135 - | epoch : 101 | val done |
2021-12-28 02:40:02.907 | INFO     | __main__:<module>:106 - | epoch : 102 | training done |
2021-12-28 02:40:06.456 | INFO     | __main__:<module>:135 - | epoch : 102 | val done |
2021-12-28 02:41:26.941 | INFO     | __main__:<module>:106 - | epoch : 103 | training done |
2021-12-28 02:41:30.454 | INFO     | __main__:<module>:135 - | epoch : 103 | val done |
2021-12-28 02:42:50.960 | INFO     | __main__:<module>:106 - | epoch : 104 | training done |
2021-12-28 02:42:54.489 | CRITICAL | __main__:<module>:132 - | epoch : 104 | best_val_dice_score : 0.9518548667341101 |
2021-12-28 02:44:15.383 | INFO     | __main__:<module>:106 - | epoch : 105 | training done |
2021-12-28 02:44:18.916 | INFO     | __main__:<module>:135 - | epoch : 105 | val done |
2021-12-28 02:45:39.290 | INFO     | __main__:<module>:106 - | epoch : 106 | training done |
2021-12-28 02:45:42.824 | INFO     | __main__:<module>:135 - | epoch : 106 | val done |
2021-12-28 02:47:03.283 | INFO     | __main__:<module>:106 - | epoch : 107 | training done |
2021-12-28 02:47:06.867 | CRITICAL | __main__:<module>:132 - | epoch : 107 | best_val_dice_score : 0.951951305086165 |
2021-12-28 02:48:27.597 | INFO     | __main__:<module>:106 - | epoch : 108 | training done |
2021-12-28 02:48:31.198 | INFO     | __main__:<module>:135 - | epoch : 108 | val done |
2021-12-28 02:49:51.564 | INFO     | __main__:<module>:106 - | epoch : 109 | training done |
2021-12-28 02:49:55.067 | INFO     | __main__:<module>:135 - | epoch : 109 | val done |
2021-12-28 02:51:15.341 | INFO     | __main__:<module>:106 - | epoch : 110 | training done |
2021-12-28 02:51:18.931 | INFO     | __main__:<module>:135 - | epoch : 110 | val done |
2021-12-28 02:52:39.413 | INFO     | __main__:<module>:106 - | epoch : 111 | training done |
2021-12-28 02:52:43.048 | INFO     | __main__:<module>:135 - | epoch : 111 | val done |
2021-12-28 02:54:03.270 | INFO     | __main__:<module>:106 - | epoch : 112 | training done |
2021-12-28 02:54:06.865 | INFO     | __main__:<module>:135 - | epoch : 112 | val done |
2021-12-28 02:55:27.140 | INFO     | __main__:<module>:106 - | epoch : 113 | training done |
2021-12-28 02:55:30.617 | INFO     | __main__:<module>:135 - | epoch : 113 | val done |
2021-12-28 02:56:50.929 | INFO     | __main__:<module>:106 - | epoch : 114 | training done |
2021-12-28 02:56:54.501 | INFO     | __main__:<module>:135 - | epoch : 114 | val done |
2021-12-28 02:58:15.665 | INFO     | __main__:<module>:106 - | epoch : 115 | training done |
2021-12-28 02:58:19.337 | INFO     | __main__:<module>:135 - | epoch : 115 | val done |
2021-12-28 02:59:41.655 | INFO     | __main__:<module>:106 - | epoch : 116 | training done |
2021-12-28 02:59:44.226 | INFO     | __main__:<module>:135 - | epoch : 116 | val done |
2021-12-28 03:01:07.183 | INFO     | __main__:<module>:106 - | epoch : 117 | training done |
2021-12-28 03:01:10.075 | INFO     | __main__:<module>:135 - | epoch : 117 | val done |
2021-12-28 03:02:32.019 | INFO     | __main__:<module>:106 - | epoch : 118 | training done |
2021-12-28 03:02:35.557 | INFO     | __main__:<module>:135 - | epoch : 118 | val done |
2021-12-28 03:03:55.914 | INFO     | __main__:<module>:106 - | epoch : 119 | training done |
2021-12-28 03:03:59.519 | INFO     | __main__:<module>:135 - | epoch : 119 | val done |
2021-12-28 03:05:19.947 | INFO     | __main__:<module>:106 - | epoch : 120 | training done |
2021-12-28 03:05:23.557 | INFO     | __main__:<module>:135 - | epoch : 120 | val done |
2021-12-28 03:06:43.956 | INFO     | __main__:<module>:106 - | epoch : 121 | training done |
2021-12-28 03:06:47.497 | INFO     | __main__:<module>:135 - | epoch : 121 | val done |
2021-12-28 03:08:07.871 | INFO     | __main__:<module>:106 - | epoch : 122 | training done |
2021-12-28 03:08:11.382 | INFO     | __main__:<module>:135 - | epoch : 122 | val done |
2021-12-28 03:09:31.763 | INFO     | __main__:<module>:106 - | epoch : 123 | training done |
2021-12-28 03:09:35.306 | INFO     | __main__:<module>:135 - | epoch : 123 | val done |
2021-12-28 03:10:55.533 | INFO     | __main__:<module>:106 - | epoch : 124 | training done |
2021-12-28 03:10:59.086 | CRITICAL | __main__:<module>:132 - | epoch : 124 | best_val_dice_score : 0.9520356148012628 |
2021-12-28 03:12:19.855 | INFO     | __main__:<module>:106 - | epoch : 125 | training done |
2021-12-28 03:12:23.371 | INFO     | __main__:<module>:135 - | epoch : 125 | val done |
2021-12-28 03:13:43.671 | INFO     | __main__:<module>:106 - | epoch : 126 | training done |
2021-12-28 03:13:47.221 | INFO     | __main__:<module>:135 - | epoch : 126 | val done |
2021-12-28 03:15:07.634 | INFO     | __main__:<module>:106 - | epoch : 127 | training done |
2021-12-28 03:15:11.195 | INFO     | __main__:<module>:135 - | epoch : 127 | val done |
2021-12-28 03:16:31.685 | INFO     | __main__:<module>:106 - | epoch : 128 | training done |
2021-12-28 03:16:35.245 | INFO     | __main__:<module>:135 - | epoch : 128 | val done |
2021-12-28 03:17:55.653 | INFO     | __main__:<module>:106 - | epoch : 129 | training done |
2021-12-28 03:17:59.215 | INFO     | __main__:<module>:135 - | epoch : 129 | val done |
2021-12-28 03:19:19.618 | INFO     | __main__:<module>:106 - | epoch : 130 | training done |
2021-12-28 03:19:23.168 | INFO     | __main__:<module>:135 - | epoch : 130 | val done |
2021-12-28 03:20:43.463 | INFO     | __main__:<module>:106 - | epoch : 131 | training done |
2021-12-28 03:20:46.950 | INFO     | __main__:<module>:135 - | epoch : 131 | val done |
2021-12-28 03:22:07.230 | INFO     | __main__:<module>:106 - | epoch : 132 | training done |
2021-12-28 03:22:10.788 | INFO     | __main__:<module>:135 - | epoch : 132 | val done |
2021-12-28 03:23:31.106 | INFO     | __main__:<module>:106 - | epoch : 133 | training done |
2021-12-28 03:23:34.650 | INFO     | __main__:<module>:135 - | epoch : 133 | val done |
2021-12-28 03:24:55.031 | INFO     | __main__:<module>:106 - | epoch : 134 | training done |
2021-12-28 03:24:58.610 | INFO     | __main__:<module>:135 - | epoch : 134 | val done |
2021-12-28 03:26:18.910 | INFO     | __main__:<module>:106 - | epoch : 135 | training done |
2021-12-28 03:26:22.503 | INFO     | __main__:<module>:135 - | epoch : 135 | val done |
2021-12-28 03:27:42.869 | INFO     | __main__:<module>:106 - | epoch : 136 | training done |
2021-12-28 03:27:46.418 | INFO     | __main__:<module>:135 - | epoch : 136 | val done |
2021-12-28 03:29:06.578 | INFO     | __main__:<module>:106 - | epoch : 137 | training done |
2021-12-28 03:29:10.105 | INFO     | __main__:<module>:135 - | epoch : 137 | val done |
2021-12-28 03:30:30.396 | INFO     | __main__:<module>:106 - | epoch : 138 | training done |
2021-12-28 03:30:33.933 | CRITICAL | __main__:<module>:132 - | epoch : 138 | best_val_dice_score : 0.9522354749272827 |
2021-12-28 03:31:55.822 | INFO     | __main__:<module>:106 - | epoch : 139 | training done |
2021-12-28 03:31:59.003 | INFO     | __main__:<module>:135 - | epoch : 139 | val done |
2021-12-28 03:33:21.974 | INFO     | __main__:<module>:106 - | epoch : 140 | training done |
2021-12-28 03:33:24.788 | INFO     | __main__:<module>:135 - | epoch : 140 | val done |
2021-12-28 03:34:47.778 | INFO     | __main__:<module>:106 - | epoch : 141 | training done |
2021-12-28 03:34:51.042 | INFO     | __main__:<module>:135 - | epoch : 141 | val done |
2021-12-28 03:36:12.553 | INFO     | __main__:<module>:106 - | epoch : 142 | training done |
2021-12-28 03:36:16.090 | INFO     | __main__:<module>:135 - | epoch : 142 | val done |
2021-12-28 03:37:36.482 | INFO     | __main__:<module>:106 - | epoch : 143 | training done |
2021-12-28 03:37:40.033 | INFO     | __main__:<module>:135 - | epoch : 143 | val done |
2021-12-28 03:39:00.354 | INFO     | __main__:<module>:106 - | epoch : 144 | training done |
2021-12-28 03:39:03.894 | INFO     | __main__:<module>:135 - | epoch : 144 | val done |
2021-12-28 03:40:24.320 | INFO     | __main__:<module>:106 - | epoch : 145 | training done |
2021-12-28 03:40:27.872 | INFO     | __main__:<module>:135 - | epoch : 145 | val done |
2021-12-28 03:41:48.210 | INFO     | __main__:<module>:106 - | epoch : 146 | training done |
2021-12-28 03:41:51.787 | INFO     | __main__:<module>:135 - | epoch : 146 | val done |
2021-12-28 03:43:12.174 | INFO     | __main__:<module>:106 - | epoch : 147 | training done |
2021-12-28 03:43:15.777 | INFO     | __main__:<module>:135 - | epoch : 147 | val done |
2021-12-28 03:44:36.212 | INFO     | __main__:<module>:106 - | epoch : 148 | training done |
2021-12-28 03:44:39.741 | INFO     | __main__:<module>:135 - | epoch : 148 | val done |
2021-12-28 03:46:00.289 | INFO     | __main__:<module>:106 - | epoch : 149 | training done |
2021-12-28 03:46:03.815 | INFO     | __main__:<module>:135 - | epoch : 149 | val done |
2021-12-28 03:47:24.125 | INFO     | __main__:<module>:106 - | epoch : 150 | training done |
2021-12-28 03:47:27.654 | INFO     | __main__:<module>:135 - | epoch : 150 | val done |
2021-12-28 03:48:48.272 | INFO     | __main__:<module>:106 - | epoch : 151 | training done |
2021-12-28 03:48:51.771 | INFO     | __main__:<module>:135 - | epoch : 151 | val done |
2021-12-28 03:50:12.091 | INFO     | __main__:<module>:106 - | epoch : 152 | training done |
2021-12-28 03:50:15.608 | INFO     | __main__:<module>:135 - | epoch : 152 | val done |
2021-12-28 03:51:36.051 | INFO     | __main__:<module>:106 - | epoch : 153 | training done |
2021-12-28 03:51:39.618 | CRITICAL | __main__:<module>:132 - | epoch : 153 | best_val_dice_score : 0.9525415442832453 |
2021-12-28 03:53:00.305 | INFO     | __main__:<module>:106 - | epoch : 154 | training done |
2021-12-28 03:53:03.878 | INFO     | __main__:<module>:135 - | epoch : 154 | val done |
2021-12-28 03:54:24.122 | INFO     | __main__:<module>:106 - | epoch : 155 | training done |
2021-12-28 03:54:27.690 | INFO     | __main__:<module>:135 - | epoch : 155 | val done |
2021-12-28 03:55:48.100 | INFO     | __main__:<module>:106 - | epoch : 156 | training done |
2021-12-28 03:55:51.632 | INFO     | __main__:<module>:135 - | epoch : 156 | val done |
2021-12-28 03:57:11.993 | INFO     | __main__:<module>:106 - | epoch : 157 | training done |
2021-12-28 03:57:15.513 | INFO     | __main__:<module>:135 - | epoch : 157 | val done |
2021-12-28 03:58:35.858 | INFO     | __main__:<module>:106 - | epoch : 158 | training done |
2021-12-28 03:58:39.358 | INFO     | __main__:<module>:135 - | epoch : 158 | val done |
2021-12-28 03:59:59.730 | INFO     | __main__:<module>:106 - | epoch : 159 | training done |
2021-12-28 04:00:03.225 | INFO     | __main__:<module>:135 - | epoch : 159 | val done |
2021-12-28 04:01:23.613 | INFO     | __main__:<module>:106 - | epoch : 160 | training done |
2021-12-28 04:01:27.192 | INFO     | __main__:<module>:135 - | epoch : 160 | val done |
2021-12-28 04:02:47.528 | INFO     | __main__:<module>:106 - | epoch : 161 | training done |
2021-12-28 04:02:51.049 | INFO     | __main__:<module>:135 - | epoch : 161 | val done |
2021-12-28 04:04:12.062 | INFO     | __main__:<module>:106 - | epoch : 162 | training done |
2021-12-28 04:04:15.796 | INFO     | __main__:<module>:135 - | epoch : 162 | val done |
2021-12-28 04:05:38.011 | INFO     | __main__:<module>:106 - | epoch : 163 | training done |
2021-12-28 04:05:40.801 | INFO     | __main__:<module>:135 - | epoch : 163 | val done |
2021-12-28 04:07:03.806 | INFO     | __main__:<module>:106 - | epoch : 164 | training done |
2021-12-28 04:07:06.627 | INFO     | __main__:<module>:135 - | epoch : 164 | val done |
2021-12-28 04:08:28.569 | INFO     | __main__:<module>:106 - | epoch : 165 | training done |
2021-12-28 04:08:32.135 | CRITICAL | __main__:<module>:132 - | epoch : 165 | best_val_dice_score : 0.9541770287481375 |
2021-12-28 04:09:53.004 | INFO     | __main__:<module>:106 - | epoch : 166 | training done |
2021-12-28 04:09:56.528 | INFO     | __main__:<module>:135 - | epoch : 166 | val done |
2021-12-28 04:11:16.819 | INFO     | __main__:<module>:106 - | epoch : 167 | training done |
2021-12-28 04:11:20.361 | INFO     | __main__:<module>:135 - | epoch : 167 | val done |
2021-12-28 04:12:40.561 | INFO     | __main__:<module>:106 - | epoch : 168 | training done |
2021-12-28 04:12:44.078 | INFO     | __main__:<module>:135 - | epoch : 168 | val done |
2021-12-28 04:14:04.393 | INFO     | __main__:<module>:106 - | epoch : 169 | training done |
2021-12-28 04:14:07.914 | INFO     | __main__:<module>:135 - | epoch : 169 | val done |
2021-12-28 04:15:28.472 | INFO     | __main__:<module>:106 - | epoch : 170 | training done |
2021-12-28 04:15:32.039 | INFO     | __main__:<module>:135 - | epoch : 170 | val done |
2021-12-28 04:16:52.336 | INFO     | __main__:<module>:106 - | epoch : 171 | training done |
2021-12-28 04:16:55.828 | INFO     | __main__:<module>:135 - | epoch : 171 | val done |
2021-12-28 04:18:16.147 | INFO     | __main__:<module>:106 - | epoch : 172 | training done |
2021-12-28 04:18:19.708 | INFO     | __main__:<module>:135 - | epoch : 172 | val done |
2021-12-28 04:19:40.152 | INFO     | __main__:<module>:106 - | epoch : 173 | training done |
2021-12-28 04:19:43.637 | INFO     | __main__:<module>:135 - | epoch : 173 | val done |
2021-12-28 04:21:04.003 | INFO     | __main__:<module>:106 - | epoch : 174 | training done |
2021-12-28 04:21:07.555 | INFO     | __main__:<module>:135 - | epoch : 174 | val done |
2021-12-28 04:22:28.002 | INFO     | __main__:<module>:106 - | epoch : 175 | training done |
2021-12-28 04:22:31.547 | INFO     | __main__:<module>:135 - | epoch : 175 | val done |
2021-12-28 04:23:51.834 | INFO     | __main__:<module>:106 - | epoch : 176 | training done |
2021-12-28 04:23:55.409 | INFO     | __main__:<module>:135 - | epoch : 176 | val done |
2021-12-28 04:25:15.688 | INFO     | __main__:<module>:106 - | epoch : 177 | training done |
2021-12-28 04:25:19.244 | INFO     | __main__:<module>:135 - | epoch : 177 | val done |
2021-12-28 04:26:39.649 | INFO     | __main__:<module>:106 - | epoch : 178 | training done |
2021-12-28 04:26:43.130 | INFO     | __main__:<module>:135 - | epoch : 178 | val done |
2021-12-28 04:28:03.516 | INFO     | __main__:<module>:106 - | epoch : 179 | training done |
2021-12-28 04:28:07.096 | INFO     | __main__:<module>:135 - | epoch : 179 | val done |
2021-12-28 04:29:27.417 | INFO     | __main__:<module>:106 - | epoch : 180 | training done |
2021-12-28 04:29:30.918 | INFO     | __main__:<module>:135 - | epoch : 180 | val done |
2021-12-28 04:30:51.407 | INFO     | __main__:<module>:106 - | epoch : 181 | training done |
2021-12-28 04:30:54.975 | INFO     | __main__:<module>:135 - | epoch : 181 | val done |
2021-12-28 04:32:15.172 | INFO     | __main__:<module>:106 - | epoch : 182 | training done |
2021-12-28 04:32:18.713 | INFO     | __main__:<module>:135 - | epoch : 182 | val done |
2021-12-28 04:33:38.993 | INFO     | __main__:<module>:106 - | epoch : 183 | training done |
2021-12-28 04:33:42.493 | INFO     | __main__:<module>:135 - | epoch : 183 | val done |
2021-12-28 04:35:02.867 | INFO     | __main__:<module>:106 - | epoch : 184 | training done |
2021-12-28 04:35:06.434 | INFO     | __main__:<module>:135 - | epoch : 184 | val done |
2021-12-28 04:36:27.441 | INFO     | __main__:<module>:106 - | epoch : 185 | training done |
2021-12-28 04:36:31.071 | INFO     | __main__:<module>:135 - | epoch : 185 | val done |
2021-12-28 04:37:53.322 | INFO     | __main__:<module>:106 - | epoch : 186 | training done |
2021-12-28 04:37:56.497 | INFO     | __main__:<module>:135 - | epoch : 186 | val done |
2021-12-28 04:39:19.408 | INFO     | __main__:<module>:106 - | epoch : 187 | training done |
2021-12-28 04:39:22.518 | INFO     | __main__:<module>:135 - | epoch : 187 | val done |
2021-12-28 04:40:44.257 | INFO     | __main__:<module>:106 - | epoch : 188 | training done |
2021-12-28 04:40:47.790 | INFO     | __main__:<module>:135 - | epoch : 188 | val done |
2021-12-28 04:42:08.051 | INFO     | __main__:<module>:106 - | epoch : 189 | training done |
2021-12-28 04:42:11.577 | INFO     | __main__:<module>:135 - | epoch : 189 | val done |
2021-12-28 04:43:31.923 | INFO     | __main__:<module>:106 - | epoch : 190 | training done |
2021-12-28 04:43:35.464 | INFO     | __main__:<module>:135 - | epoch : 190 | val done |
2021-12-28 04:44:55.793 | INFO     | __main__:<module>:106 - | epoch : 191 | training done |
2021-12-28 04:44:59.327 | INFO     | __main__:<module>:135 - | epoch : 191 | val done |
2021-12-28 04:46:19.664 | INFO     | __main__:<module>:106 - | epoch : 192 | training done |
2021-12-28 04:46:23.260 | INFO     | __main__:<module>:135 - | epoch : 192 | val done |
2021-12-28 04:47:43.731 | INFO     | __main__:<module>:106 - | epoch : 193 | training done |
2021-12-28 04:47:47.302 | INFO     | __main__:<module>:135 - | epoch : 193 | val done |
2021-12-28 04:49:07.640 | INFO     | __main__:<module>:106 - | epoch : 194 | training done |
2021-12-28 04:49:11.211 | INFO     | __main__:<module>:135 - | epoch : 194 | val done |
2021-12-28 04:50:31.395 | INFO     | __main__:<module>:106 - | epoch : 195 | training done |
2021-12-28 04:50:34.930 | INFO     | __main__:<module>:135 - | epoch : 195 | val done |
2021-12-28 04:51:55.248 | INFO     | __main__:<module>:106 - | epoch : 196 | training done |
2021-12-28 04:51:58.808 | INFO     | __main__:<module>:135 - | epoch : 196 | val done |
2021-12-28 04:53:19.290 | INFO     | __main__:<module>:106 - | epoch : 197 | training done |
2021-12-28 04:53:22.835 | INFO     | __main__:<module>:135 - | epoch : 197 | val done |
2021-12-28 04:54:43.137 | INFO     | __main__:<module>:106 - | epoch : 198 | training done |
2021-12-28 04:54:46.699 | INFO     | __main__:<module>:135 - | epoch : 198 | val done |
2021-12-28 04:56:06.971 | INFO     | __main__:<module>:106 - | epoch : 199 | training done |
2021-12-28 04:56:10.517 | INFO     | __main__:<module>:135 - | epoch : 199 | val done |
2021-12-28 04:57:31.017 | INFO     | __main__:<module>:106 - | epoch : 200 | training done |
2021-12-28 04:57:34.543 | INFO     | __main__:<module>:135 - | epoch : 200 | val done |
2021-12-28 04:58:54.836 | INFO     | __main__:<module>:106 - | epoch : 201 | training done |
2021-12-28 04:58:58.401 | INFO     | __main__:<module>:135 - | epoch : 201 | val done |
2021-12-28 05:00:18.767 | INFO     | __main__:<module>:106 - | epoch : 202 | training done |
2021-12-28 05:00:22.334 | INFO     | __main__:<module>:135 - | epoch : 202 | val done |
2021-12-28 05:01:42.413 | INFO     | __main__:<module>:106 - | epoch : 203 | training done |
2021-12-28 05:01:45.967 | INFO     | __main__:<module>:135 - | epoch : 203 | val done |
2021-12-28 05:03:06.246 | INFO     | __main__:<module>:106 - | epoch : 204 | training done |
2021-12-28 05:03:09.805 | INFO     | __main__:<module>:135 - | epoch : 204 | val done |
2021-12-28 05:04:29.984 | INFO     | __main__:<module>:106 - | epoch : 205 | training done |
2021-12-28 05:04:33.569 | INFO     | __main__:<module>:135 - | epoch : 205 | val done |
2021-12-28 05:05:53.882 | INFO     | __main__:<module>:106 - | epoch : 206 | training done |
2021-12-28 05:05:57.457 | INFO     | __main__:<module>:135 - | epoch : 206 | val done |
2021-12-28 05:07:17.827 | INFO     | __main__:<module>:106 - | epoch : 207 | training done |
2021-12-28 05:07:21.336 | INFO     | __main__:<module>:135 - | epoch : 207 | val done |
2021-12-28 05:08:41.720 | INFO     | __main__:<module>:106 - | epoch : 208 | training done |
2021-12-28 05:08:45.237 | INFO     | __main__:<module>:135 - | epoch : 208 | val done |
2021-12-28 05:10:07.094 | INFO     | __main__:<module>:106 - | epoch : 209 | training done |
2021-12-28 05:10:10.046 | INFO     | __main__:<module>:135 - | epoch : 209 | val done |
2021-12-28 05:11:33.047 | INFO     | __main__:<module>:106 - | epoch : 210 | training done |
2021-12-28 05:11:35.581 | INFO     | __main__:<module>:135 - | epoch : 210 | val done |
2021-12-28 05:12:57.935 | INFO     | __main__:<module>:106 - | epoch : 211 | training done |
2021-12-28 05:13:01.536 | INFO     | __main__:<module>:135 - | epoch : 211 | val done |
2021-12-28 05:14:22.813 | INFO     | __main__:<module>:106 - | epoch : 212 | training done |
2021-12-28 05:14:26.359 | INFO     | __main__:<module>:135 - | epoch : 212 | val done |
2021-12-28 05:15:46.809 | INFO     | __main__:<module>:106 - | epoch : 213 | training done |
2021-12-28 05:15:50.355 | INFO     | __main__:<module>:135 - | epoch : 213 | val done |
2021-12-28 05:17:10.832 | INFO     | __main__:<module>:106 - | epoch : 214 | training done |
2021-12-28 05:17:14.361 | INFO     | __main__:<module>:135 - | epoch : 214 | val done |
2021-12-28 05:18:34.802 | INFO     | __main__:<module>:106 - | epoch : 215 | training done |
2021-12-28 05:18:38.365 | INFO     | __main__:<module>:135 - | epoch : 215 | val done |
2021-12-28 05:19:58.720 | INFO     | __main__:<module>:106 - | epoch : 216 | training done |
2021-12-28 05:20:02.271 | INFO     | __main__:<module>:135 - | epoch : 216 | val done |
2021-12-28 05:21:22.566 | INFO     | __main__:<module>:106 - | epoch : 217 | training done |
2021-12-28 05:21:26.139 | INFO     | __main__:<module>:135 - | epoch : 217 | val done |
2021-12-28 05:22:46.477 | INFO     | __main__:<module>:106 - | epoch : 218 | training done |
2021-12-28 05:22:50.049 | INFO     | __main__:<module>:135 - | epoch : 218 | val done |
2021-12-28 05:24:10.432 | INFO     | __main__:<module>:106 - | epoch : 219 | training done |
2021-12-28 05:24:13.938 | INFO     | __main__:<module>:135 - | epoch : 219 | val done |
2021-12-28 05:25:34.220 | INFO     | __main__:<module>:106 - | epoch : 220 | training done |
2021-12-28 05:25:37.745 | INFO     | __main__:<module>:135 - | epoch : 220 | val done |
2021-12-28 05:26:58.230 | INFO     | __main__:<module>:106 - | epoch : 221 | training done |
2021-12-28 05:27:01.741 | INFO     | __main__:<module>:135 - | epoch : 221 | val done |
2021-12-28 05:28:22.232 | INFO     | __main__:<module>:106 - | epoch : 222 | training done |
2021-12-28 05:28:25.804 | INFO     | __main__:<module>:135 - | epoch : 222 | val done |
2021-12-28 05:29:46.120 | INFO     | __main__:<module>:106 - | epoch : 223 | training done |
2021-12-28 05:29:49.632 | INFO     | __main__:<module>:135 - | epoch : 223 | val done |
2021-12-28 05:31:09.873 | INFO     | __main__:<module>:106 - | epoch : 224 | training done |
2021-12-28 05:31:13.439 | INFO     | __main__:<module>:135 - | epoch : 224 | val done |
2021-12-28 05:32:33.911 | INFO     | __main__:<module>:106 - | epoch : 225 | training done |
2021-12-28 05:32:37.498 | INFO     | __main__:<module>:135 - | epoch : 225 | val done |
2021-12-28 05:33:57.895 | INFO     | __main__:<module>:106 - | epoch : 226 | training done |
2021-12-28 05:34:01.382 | INFO     | __main__:<module>:135 - | epoch : 226 | val done |
2021-12-28 05:35:21.848 | INFO     | __main__:<module>:106 - | epoch : 227 | training done |
2021-12-28 05:35:25.412 | INFO     | __main__:<module>:135 - | epoch : 227 | val done |
2021-12-28 05:36:45.736 | INFO     | __main__:<module>:106 - | epoch : 228 | training done |
2021-12-28 05:36:49.235 | INFO     | __main__:<module>:135 - | epoch : 228 | val done |
2021-12-28 05:38:09.657 | INFO     | __main__:<module>:106 - | epoch : 229 | training done |
2021-12-28 05:38:13.160 | INFO     | __main__:<module>:135 - | epoch : 229 | val done |
2021-12-28 05:39:33.615 | INFO     | __main__:<module>:106 - | epoch : 230 | training done |
2021-12-28 05:39:37.114 | INFO     | __main__:<module>:135 - | epoch : 230 | val done |
2021-12-28 05:40:57.430 | INFO     | __main__:<module>:106 - | epoch : 231 | training done |
2021-12-28 05:41:01.064 | INFO     | __main__:<module>:135 - | epoch : 231 | val done |
2021-12-28 05:42:22.815 | INFO     | __main__:<module>:106 - | epoch : 232 | training done |
2021-12-28 05:42:25.953 | INFO     | __main__:<module>:135 - | epoch : 232 | val done |
2021-12-28 05:43:48.796 | INFO     | __main__:<module>:106 - | epoch : 233 | training done |
2021-12-28 05:43:52.121 | INFO     | __main__:<module>:135 - | epoch : 233 | val done |
2021-12-28 05:45:14.636 | INFO     | __main__:<module>:106 - | epoch : 234 | training done |
2021-12-28 05:45:18.215 | INFO     | __main__:<module>:135 - | epoch : 234 | val done |
2021-12-28 05:46:39.408 | INFO     | __main__:<module>:106 - | epoch : 235 | training done |
2021-12-28 05:46:42.896 | INFO     | __main__:<module>:135 - | epoch : 235 | val done |
2021-12-28 05:48:03.203 | INFO     | __main__:<module>:106 - | epoch : 236 | training done |
2021-12-28 05:48:06.767 | INFO     | __main__:<module>:135 - | epoch : 236 | val done |
2021-12-28 05:49:27.038 | INFO     | __main__:<module>:106 - | epoch : 237 | training done |
2021-12-28 05:49:30.532 | INFO     | __main__:<module>:135 - | epoch : 237 | val done |
2021-12-28 05:50:51.042 | INFO     | __main__:<module>:106 - | epoch : 238 | training done |
2021-12-28 05:50:54.531 | INFO     | __main__:<module>:135 - | epoch : 238 | val done |
2021-12-28 05:52:14.950 | INFO     | __main__:<module>:106 - | epoch : 239 | training done |
2021-12-28 05:52:18.483 | INFO     | __main__:<module>:135 - | epoch : 239 | val done |
2021-12-28 05:53:38.718 | INFO     | __main__:<module>:106 - | epoch : 240 | training done |
2021-12-28 05:53:42.299 | INFO     | __main__:<module>:135 - | epoch : 240 | val done |
2021-12-28 05:55:02.690 | INFO     | __main__:<module>:106 - | epoch : 241 | training done |
2021-12-28 05:55:06.209 | INFO     | __main__:<module>:135 - | epoch : 241 | val done |
2021-12-28 05:56:26.795 | INFO     | __main__:<module>:106 - | epoch : 242 | training done |
2021-12-28 05:56:30.261 | INFO     | __main__:<module>:135 - | epoch : 242 | val done |
2021-12-28 05:57:50.659 | INFO     | __main__:<module>:106 - | epoch : 243 | training done |
2021-12-28 05:57:54.201 | INFO     | __main__:<module>:135 - | epoch : 243 | val done |
2021-12-28 05:59:14.640 | INFO     | __main__:<module>:106 - | epoch : 244 | training done |
2021-12-28 05:59:18.159 | INFO     | __main__:<module>:135 - | epoch : 244 | val done |
2021-12-28 06:00:38.426 | INFO     | __main__:<module>:106 - | epoch : 245 | training done |
2021-12-28 06:00:41.937 | INFO     | __main__:<module>:135 - | epoch : 245 | val done |
2021-12-28 06:02:02.335 | INFO     | __main__:<module>:106 - | epoch : 246 | training done |
2021-12-28 06:02:05.862 | INFO     | __main__:<module>:135 - | epoch : 246 | val done |
2021-12-28 06:03:26.228 | INFO     | __main__:<module>:106 - | epoch : 247 | training done |
2021-12-28 06:03:29.791 | INFO     | __main__:<module>:135 - | epoch : 247 | val done |
2021-12-28 06:04:50.035 | INFO     | __main__:<module>:106 - | epoch : 248 | training done |
2021-12-28 06:04:53.576 | INFO     | __main__:<module>:135 - | epoch : 248 | val done |
2021-12-28 06:06:13.913 | INFO     | __main__:<module>:106 - | epoch : 249 | training done |
2021-12-28 06:06:17.488 | INFO     | __main__:<module>:135 - | epoch : 249 | val done |
2021-12-28 06:07:37.941 | INFO     | __main__:<module>:106 - | epoch : 250 | training done |
2021-12-28 06:07:41.514 | INFO     | __main__:<module>:135 - | epoch : 250 | val done |
2021-12-28 06:09:01.754 | INFO     | __main__:<module>:106 - | epoch : 251 | training done |
2021-12-28 06:09:05.326 | INFO     | __main__:<module>:135 - | epoch : 251 | val done |
2021-12-28 06:10:25.663 | INFO     | __main__:<module>:106 - | epoch : 252 | training done |
2021-12-28 06:10:29.176 | INFO     | __main__:<module>:135 - | epoch : 252 | val done |
2021-12-28 06:11:49.501 | INFO     | __main__:<module>:106 - | epoch : 253 | training done |
2021-12-28 06:11:53.051 | INFO     | __main__:<module>:135 - | epoch : 253 | val done |
2021-12-28 06:13:13.195 | INFO     | __main__:<module>:106 - | epoch : 254 | training done |
2021-12-28 06:13:16.707 | INFO     | __main__:<module>:135 - | epoch : 254 | val done |
2021-12-28 06:14:38.422 | INFO     | __main__:<module>:106 - | epoch : 255 | training done |
2021-12-28 06:14:41.335 | INFO     | __main__:<module>:135 - | epoch : 255 | val done |
2021-12-28 06:16:04.364 | INFO     | __main__:<module>:106 - | epoch : 256 | training done |
2021-12-28 06:16:06.884 | INFO     | __main__:<module>:135 - | epoch : 256 | val done |
2021-12-28 06:17:28.992 | INFO     | __main__:<module>:106 - | epoch : 257 | training done |
2021-12-28 06:17:32.525 | INFO     | __main__:<module>:135 - | epoch : 257 | val done |
2021-12-28 06:18:53.809 | INFO     | __main__:<module>:106 - | epoch : 258 | training done |
2021-12-28 06:18:57.359 | INFO     | __main__:<module>:135 - | epoch : 258 | val done |
2021-12-28 06:20:17.510 | INFO     | __main__:<module>:106 - | epoch : 259 | training done |
2021-12-28 06:20:21.094 | INFO     | __main__:<module>:135 - | epoch : 259 | val done |
2021-12-28 06:21:41.350 | INFO     | __main__:<module>:106 - | epoch : 260 | training done |
2021-12-28 06:21:44.901 | INFO     | __main__:<module>:135 - | epoch : 260 | val done |
2021-12-28 06:23:05.265 | INFO     | __main__:<module>:106 - | epoch : 261 | training done |
2021-12-28 06:23:08.817 | INFO     | __main__:<module>:135 - | epoch : 261 | val done |
2021-12-28 06:24:29.092 | INFO     | __main__:<module>:106 - | epoch : 262 | training done |
2021-12-28 06:24:32.606 | INFO     | __main__:<module>:135 - | epoch : 262 | val done |
2021-12-28 06:25:52.885 | INFO     | __main__:<module>:106 - | epoch : 263 | training done |
2021-12-28 06:25:56.471 | INFO     | __main__:<module>:135 - | epoch : 263 | val done |
2021-12-28 06:27:16.702 | INFO     | __main__:<module>:106 - | epoch : 264 | training done |
2021-12-28 06:27:20.285 | INFO     | __main__:<module>:135 - | epoch : 264 | val done |
2021-12-28 06:28:40.589 | INFO     | __main__:<module>:106 - | epoch : 265 | training done |
2021-12-28 06:28:44.143 | INFO     | __main__:<module>:135 - | epoch : 265 | val done |
2021-12-28 06:30:04.469 | INFO     | __main__:<module>:106 - | epoch : 266 | training done |
2021-12-28 06:30:07.957 | INFO     | __main__:<module>:135 - | epoch : 266 | val done |
2021-12-28 06:31:28.350 | INFO     | __main__:<module>:106 - | epoch : 267 | training done |
2021-12-28 06:31:31.868 | INFO     | __main__:<module>:135 - | epoch : 267 | val done |
2021-12-28 06:32:52.183 | INFO     | __main__:<module>:106 - | epoch : 268 | training done |
2021-12-28 06:32:55.722 | INFO     | __main__:<module>:135 - | epoch : 268 | val done |
2021-12-28 06:34:15.959 | INFO     | __main__:<module>:106 - | epoch : 269 | training done |
2021-12-28 06:34:19.478 | INFO     | __main__:<module>:135 - | epoch : 269 | val done |
2021-12-28 06:35:39.697 | INFO     | __main__:<module>:106 - | epoch : 270 | training done |
2021-12-28 06:35:43.206 | INFO     | __main__:<module>:135 - | epoch : 270 | val done |
2021-12-28 06:37:03.618 | INFO     | __main__:<module>:106 - | epoch : 271 | training done |
2021-12-28 06:37:07.186 | INFO     | __main__:<module>:135 - | epoch : 271 | val done |
2021-12-28 06:38:27.475 | INFO     | __main__:<module>:106 - | epoch : 272 | training done |
2021-12-28 06:38:31.075 | INFO     | __main__:<module>:135 - | epoch : 272 | val done |
2021-12-28 06:39:51.412 | INFO     | __main__:<module>:106 - | epoch : 273 | training done |
2021-12-28 06:39:54.977 | INFO     | __main__:<module>:135 - | epoch : 273 | val done |
2021-12-28 06:41:15.436 | INFO     | __main__:<module>:106 - | epoch : 274 | training done |
2021-12-28 06:41:19.004 | INFO     | __main__:<module>:135 - | epoch : 274 | val done |
2021-12-28 06:42:39.222 | INFO     | __main__:<module>:106 - | epoch : 275 | training done |
2021-12-28 06:42:42.736 | INFO     | __main__:<module>:135 - | epoch : 275 | val done |
2021-12-28 06:44:03.005 | INFO     | __main__:<module>:106 - | epoch : 276 | training done |
2021-12-28 06:44:06.540 | INFO     | __main__:<module>:135 - | epoch : 276 | val done |
2021-12-28 06:45:26.816 | INFO     | __main__:<module>:106 - | epoch : 277 | training done |
2021-12-28 06:45:30.308 | INFO     | __main__:<module>:135 - | epoch : 277 | val done |
2021-12-28 06:46:52.010 | INFO     | __main__:<module>:106 - | epoch : 278 | training done |
2021-12-28 06:46:55.141 | INFO     | __main__:<module>:135 - | epoch : 278 | val done |
2021-12-28 06:48:18.252 | INFO     | __main__:<module>:106 - | epoch : 279 | training done |
2021-12-28 06:48:21.103 | INFO     | __main__:<module>:135 - | epoch : 279 | val done |
2021-12-28 06:49:44.164 | INFO     | __main__:<module>:106 - | epoch : 280 | training done |
2021-12-28 06:49:47.424 | INFO     | __main__:<module>:135 - | epoch : 280 | val done |
2021-12-28 06:51:09.013 | INFO     | __main__:<module>:106 - | epoch : 281 | training done |
2021-12-28 06:51:12.505 | INFO     | __main__:<module>:135 - | epoch : 281 | val done |
2021-12-28 06:52:32.817 | INFO     | __main__:<module>:106 - | epoch : 282 | training done |
2021-12-28 06:52:36.299 | INFO     | __main__:<module>:135 - | epoch : 282 | val done |
2021-12-28 06:53:56.410 | INFO     | __main__:<module>:106 - | epoch : 283 | training done |
2021-12-28 06:53:59.985 | INFO     | __main__:<module>:135 - | epoch : 283 | val done |
2021-12-28 06:55:20.177 | INFO     | __main__:<module>:106 - | epoch : 284 | training done |
2021-12-28 06:55:23.742 | INFO     | __main__:<module>:135 - | epoch : 284 | val done |
2021-12-28 06:56:43.988 | INFO     | __main__:<module>:106 - | epoch : 285 | training done |
2021-12-28 06:56:47.534 | INFO     | __main__:<module>:135 - | epoch : 285 | val done |
2021-12-28 06:58:07.822 | INFO     | __main__:<module>:106 - | epoch : 286 | training done |
2021-12-28 06:58:11.320 | INFO     | __main__:<module>:135 - | epoch : 286 | val done |
2021-12-28 06:59:31.820 | INFO     | __main__:<module>:106 - | epoch : 287 | training done |
2021-12-28 06:59:35.403 | INFO     | __main__:<module>:135 - | epoch : 287 | val done |
2021-12-28 07:00:55.823 | INFO     | __main__:<module>:106 - | epoch : 288 | training done |
2021-12-28 07:00:59.426 | INFO     | __main__:<module>:135 - | epoch : 288 | val done |
2021-12-28 07:02:19.816 | INFO     | __main__:<module>:106 - | epoch : 289 | training done |
2021-12-28 07:02:23.357 | INFO     | __main__:<module>:135 - | epoch : 289 | val done |
2021-12-28 07:03:43.730 | INFO     | __main__:<module>:106 - | epoch : 290 | training done |
2021-12-28 07:03:47.314 | INFO     | __main__:<module>:135 - | epoch : 290 | val done |
2021-12-28 07:05:07.720 | INFO     | __main__:<module>:106 - | epoch : 291 | training done |
2021-12-28 07:05:11.244 | INFO     | __main__:<module>:135 - | epoch : 291 | val done |
2021-12-28 07:06:31.641 | INFO     | __main__:<module>:106 - | epoch : 292 | training done |
2021-12-28 07:06:35.223 | INFO     | __main__:<module>:135 - | epoch : 292 | val done |
2021-12-28 07:07:55.631 | INFO     | __main__:<module>:106 - | epoch : 293 | training done |
2021-12-28 07:07:59.117 | INFO     | __main__:<module>:135 - | epoch : 293 | val done |
2021-12-28 07:09:19.464 | INFO     | __main__:<module>:106 - | epoch : 294 | training done |
2021-12-28 07:09:22.971 | INFO     | __main__:<module>:135 - | epoch : 294 | val done |
2021-12-28 07:10:43.258 | INFO     | __main__:<module>:106 - | epoch : 295 | training done |
2021-12-28 07:10:46.782 | INFO     | __main__:<module>:135 - | epoch : 295 | val done |
2021-12-28 07:12:07.070 | INFO     | __main__:<module>:106 - | epoch : 296 | training done |
2021-12-28 07:12:10.601 | INFO     | __main__:<module>:135 - | epoch : 296 | val done |
2021-12-28 07:13:30.977 | INFO     | __main__:<module>:106 - | epoch : 297 | training done |
2021-12-28 07:13:34.552 | INFO     | __main__:<module>:135 - | epoch : 297 | val done |
2021-12-28 07:14:54.822 | INFO     | __main__:<module>:106 - | epoch : 298 | training done |
2021-12-28 07:14:58.315 | INFO     | __main__:<module>:135 - | epoch : 298 | val done |
2021-12-28 07:16:18.521 | INFO     | __main__:<module>:106 - | epoch : 299 | training done |
2021-12-28 07:16:22.073 | INFO     | __main__:<module>:135 - | epoch : 299 | val done |
2021-12-28 07:17:42.339 | INFO     | __main__:<module>:106 - | epoch : 300 | training done |
2021-12-28 07:17:45.907 | INFO     | __main__:<module>:135 - | epoch : 300 | val done |
2021-12-28 07:19:06.939 | INFO     | __main__:<module>:106 - | epoch : 301 | training done |
2021-12-28 07:19:10.573 | INFO     | __main__:<module>:135 - | epoch : 301 | val done |
2021-12-28 07:20:32.818 | INFO     | __main__:<module>:106 - | epoch : 302 | training done |
2021-12-28 07:20:35.739 | INFO     | __main__:<module>:135 - | epoch : 302 | val done |
2021-12-28 07:21:58.615 | INFO     | __main__:<module>:106 - | epoch : 303 | training done |
2021-12-28 07:22:01.415 | INFO     | __main__:<module>:135 - | epoch : 303 | val done |
2021-12-28 07:23:23.598 | INFO     | __main__:<module>:106 - | epoch : 304 | training done |
2021-12-28 07:23:27.131 | INFO     | __main__:<module>:135 - | epoch : 304 | val done |
2021-12-28 07:24:47.842 | INFO     | __main__:<module>:106 - | epoch : 305 | training done |
2021-12-28 07:24:51.388 | INFO     | __main__:<module>:135 - | epoch : 305 | val done |
2021-12-28 07:26:11.852 | INFO     | __main__:<module>:106 - | epoch : 306 | training done |
2021-12-28 07:26:15.402 | INFO     | __main__:<module>:135 - | epoch : 306 | val done |
2021-12-28 07:27:35.724 | INFO     | __main__:<module>:106 - | epoch : 307 | training done |
2021-12-28 07:27:39.318 | INFO     | __main__:<module>:135 - | epoch : 307 | val done |
2021-12-28 07:28:59.731 | INFO     | __main__:<module>:106 - | epoch : 308 | training done |
2021-12-28 07:29:03.280 | INFO     | __main__:<module>:135 - | epoch : 308 | val done |
2021-12-28 07:30:23.710 | INFO     | __main__:<module>:106 - | epoch : 309 | training done |
2021-12-28 07:30:27.299 | INFO     | __main__:<module>:135 - | epoch : 309 | val done |
2021-12-28 07:31:47.506 | INFO     | __main__:<module>:106 - | epoch : 310 | training done |
2021-12-28 07:31:50.961 | INFO     | __main__:<module>:135 - | epoch : 310 | val done |
2021-12-28 07:33:11.251 | INFO     | __main__:<module>:106 - | epoch : 311 | training done |
2021-12-28 07:33:14.731 | INFO     | __main__:<module>:135 - | epoch : 311 | val done |
2021-12-28 07:34:35.054 | INFO     | __main__:<module>:106 - | epoch : 312 | training done |
2021-12-28 07:34:38.556 | INFO     | __main__:<module>:135 - | epoch : 312 | val done |
2021-12-28 07:35:58.860 | INFO     | __main__:<module>:106 - | epoch : 313 | training done |
2021-12-28 07:36:02.378 | INFO     | __main__:<module>:135 - | epoch : 313 | val done |
2021-12-28 07:37:22.596 | INFO     | __main__:<module>:106 - | epoch : 314 | training done |
2021-12-28 07:37:26.165 | INFO     | __main__:<module>:135 - | epoch : 314 | val done |
2021-12-28 07:38:46.474 | INFO     | __main__:<module>:106 - | epoch : 315 | training done |
2021-12-28 07:38:50.044 | INFO     | __main__:<module>:135 - | epoch : 315 | val done |
2021-12-28 07:40:10.485 | INFO     | __main__:<module>:106 - | epoch : 316 | training done |
2021-12-28 07:40:14.083 | INFO     | __main__:<module>:135 - | epoch : 316 | val done |
2021-12-28 07:41:34.395 | INFO     | __main__:<module>:106 - | epoch : 317 | training done |
2021-12-28 07:41:37.881 | INFO     | __main__:<module>:135 - | epoch : 317 | val done |
2021-12-28 07:42:58.274 | INFO     | __main__:<module>:106 - | epoch : 318 | training done |
2021-12-28 07:43:01.831 | INFO     | __main__:<module>:135 - | epoch : 318 | val done |
2021-12-28 07:44:22.113 | INFO     | __main__:<module>:106 - | epoch : 319 | training done |
2021-12-28 07:44:25.619 | INFO     | __main__:<module>:135 - | epoch : 319 | val done |
2021-12-28 07:45:45.889 | INFO     | __main__:<module>:106 - | epoch : 320 | training done |
2021-12-28 07:45:49.427 | INFO     | __main__:<module>:135 - | epoch : 320 | val done |
2021-12-28 07:47:09.826 | INFO     | __main__:<module>:106 - | epoch : 321 | training done |
2021-12-28 07:47:13.380 | INFO     | __main__:<module>:135 - | epoch : 321 | val done |
2021-12-28 07:48:33.741 | INFO     | __main__:<module>:106 - | epoch : 322 | training done |
2021-12-28 07:48:37.315 | INFO     | __main__:<module>:135 - | epoch : 322 | val done |
2021-12-28 07:49:57.408 | INFO     | __main__:<module>:106 - | epoch : 323 | training done |
2021-12-28 07:50:00.905 | INFO     | __main__:<module>:135 - | epoch : 323 | val done |
2021-12-28 07:51:21.566 | INFO     | __main__:<module>:106 - | epoch : 324 | training done |
2021-12-28 07:51:25.161 | INFO     | __main__:<module>:135 - | epoch : 324 | val done |
2021-12-28 07:52:47.246 | INFO     | __main__:<module>:106 - | epoch : 325 | training done |
2021-12-28 07:52:50.238 | INFO     | __main__:<module>:135 - | epoch : 325 | val done |
2021-12-28 07:54:13.056 | INFO     | __main__:<module>:106 - | epoch : 326 | training done |
2021-12-28 07:54:16.126 | INFO     | __main__:<module>:135 - | epoch : 326 | val done |
2021-12-28 07:55:38.286 | INFO     | __main__:<module>:106 - | epoch : 327 | training done |
2021-12-28 07:55:41.794 | INFO     | __main__:<module>:135 - | epoch : 327 | val done |
2021-12-28 07:57:02.789 | INFO     | __main__:<module>:106 - | epoch : 328 | training done |
2021-12-28 07:57:06.370 | INFO     | __main__:<module>:135 - | epoch : 328 | val done |
2021-12-28 07:58:26.592 | INFO     | __main__:<module>:106 - | epoch : 329 | training done |
2021-12-28 07:58:30.131 | INFO     | __main__:<module>:135 - | epoch : 329 | val done |
2021-12-28 07:59:50.423 | INFO     | __main__:<module>:106 - | epoch : 330 | training done |
2021-12-28 07:59:53.975 | INFO     | __main__:<module>:135 - | epoch : 330 | val done |
2021-12-28 08:01:14.368 | INFO     | __main__:<module>:106 - | epoch : 331 | training done |
2021-12-28 08:01:17.930 | INFO     | __main__:<module>:135 - | epoch : 331 | val done |
2021-12-28 08:02:38.205 | INFO     | __main__:<module>:106 - | epoch : 332 | training done |
2021-12-28 08:02:41.715 | INFO     | __main__:<module>:135 - | epoch : 332 | val done |
2021-12-28 08:04:02.081 | INFO     | __main__:<module>:106 - | epoch : 333 | training done |
2021-12-28 08:04:05.730 | INFO     | __main__:<module>:135 - | epoch : 333 | val done |
2021-12-28 08:05:26.099 | INFO     | __main__:<module>:106 - | epoch : 334 | training done |
2021-12-28 08:05:29.636 | INFO     | __main__:<module>:135 - | epoch : 334 | val done |
2021-12-28 08:06:50.089 | INFO     | __main__:<module>:106 - | epoch : 335 | training done |
2021-12-28 08:06:53.582 | INFO     | __main__:<module>:135 - | epoch : 335 | val done |
2021-12-28 08:08:13.954 | INFO     | __main__:<module>:106 - | epoch : 336 | training done |
2021-12-28 08:08:17.486 | INFO     | __main__:<module>:135 - | epoch : 336 | val done |
2021-12-28 08:09:37.852 | INFO     | __main__:<module>:106 - | epoch : 337 | training done |
2021-12-28 08:09:41.446 | INFO     | __main__:<module>:135 - | epoch : 337 | val done |
2021-12-28 08:11:01.698 | INFO     | __main__:<module>:106 - | epoch : 338 | training done |
2021-12-28 08:11:05.281 | INFO     | __main__:<module>:135 - | epoch : 338 | val done |
2021-12-28 08:12:25.779 | INFO     | __main__:<module>:106 - | epoch : 339 | training done |
2021-12-28 08:12:29.306 | INFO     | __main__:<module>:135 - | epoch : 339 | val done |
2021-12-28 08:13:49.660 | INFO     | __main__:<module>:106 - | epoch : 340 | training done |
2021-12-28 08:13:53.241 | INFO     | __main__:<module>:135 - | epoch : 340 | val done |
2021-12-28 08:15:13.522 | INFO     | __main__:<module>:106 - | epoch : 341 | training done |
2021-12-28 08:15:17.068 | INFO     | __main__:<module>:135 - | epoch : 341 | val done |
2021-12-28 08:16:37.402 | INFO     | __main__:<module>:106 - | epoch : 342 | training done |
2021-12-28 08:16:40.957 | INFO     | __main__:<module>:135 - | epoch : 342 | val done |
2021-12-28 08:18:01.469 | INFO     | __main__:<module>:106 - | epoch : 343 | training done |
2021-12-28 08:18:05.065 | INFO     | __main__:<module>:135 - | epoch : 343 | val done |
2021-12-28 08:19:25.501 | INFO     | __main__:<module>:106 - | epoch : 344 | training done |
2021-12-28 08:19:29.118 | INFO     | __main__:<module>:135 - | epoch : 344 | val done |
2021-12-28 08:20:49.400 | INFO     | __main__:<module>:106 - | epoch : 345 | training done |
2021-12-28 08:20:52.967 | INFO     | __main__:<module>:135 - | epoch : 345 | val done |
2021-12-28 08:22:13.208 | INFO     | __main__:<module>:106 - | epoch : 346 | training done |
2021-12-28 08:22:16.771 | INFO     | __main__:<module>:135 - | epoch : 346 | val done |
2021-12-28 08:23:37.158 | INFO     | __main__:<module>:106 - | epoch : 347 | training done |
2021-12-28 08:23:40.715 | INFO     | __main__:<module>:135 - | epoch : 347 | val done |
2021-12-28 08:25:02.287 | INFO     | __main__:<module>:106 - | epoch : 348 | training done |
2021-12-28 08:25:05.520 | INFO     | __main__:<module>:135 - | epoch : 348 | val done |
2021-12-28 08:26:28.438 | INFO     | __main__:<module>:106 - | epoch : 349 | training done |
2021-12-28 08:26:31.313 | INFO     | __main__:<module>:135 - | epoch : 349 | val done |
2021-12-28 08:27:54.450 | INFO     | __main__:<module>:106 - | epoch : 350 | training done |
2021-12-28 08:27:57.711 | INFO     | __main__:<module>:135 - | epoch : 350 | val done |
2021-12-28 08:29:19.239 | INFO     | __main__:<module>:106 - | epoch : 351 | training done |
2021-12-28 08:29:22.818 | INFO     | __main__:<module>:135 - | epoch : 351 | val done |
2021-12-28 08:30:43.185 | INFO     | __main__:<module>:106 - | epoch : 352 | training done |
2021-12-28 08:30:46.752 | INFO     | __main__:<module>:135 - | epoch : 352 | val done |
2021-12-28 08:32:07.371 | INFO     | __main__:<module>:106 - | epoch : 353 | training done |
2021-12-28 08:32:10.874 | INFO     | __main__:<module>:135 - | epoch : 353 | val done |
2021-12-28 08:33:31.207 | INFO     | __main__:<module>:106 - | epoch : 354 | training done |
2021-12-28 08:33:34.755 | INFO     | __main__:<module>:135 - | epoch : 354 | val done |
2021-12-28 08:34:54.935 | INFO     | __main__:<module>:106 - | epoch : 355 | training done |
2021-12-28 08:34:58.469 | INFO     | __main__:<module>:135 - | epoch : 355 | val done |
2021-12-28 08:36:18.914 | INFO     | __main__:<module>:106 - | epoch : 356 | training done |
2021-12-28 08:36:22.483 | INFO     | __main__:<module>:135 - | epoch : 356 | val done |
