2022-01-02 02:02:21.318 | INFO     | __main__:<module>:83 - | start training .... | current model srm_b2_pixel |
2022-01-02 02:03:38.160 | INFO     | __main__:<module>:111 - | epoch : 0 | training done |
2022-01-02 02:03:57.124 | INFO     | __main__:<module>:240 - | epoch : 0 | CVC-300 : 0.7492769435182668 | CVC-ClinicDB : 0.8169552714060271 | CVC-ColonDB : 0.7432585105311581 | ETIS-LaribPolypDB : 0.7183562068779946 | Kvasir : 0.8631850967859793 |
2022-01-02 02:03:57.125 | CRITICAL | __main__:<module>:241 - | epoch : 0 | best_val_dice_score : 0.7782064058238852 |
2022-01-02 02:05:13.712 | INFO     | __main__:<module>:111 - | epoch : 1 | training done |
2022-01-02 02:05:32.714 | INFO     | __main__:<module>:240 - | epoch : 1 | CVC-300 : 0.7269692603437312 | CVC-ClinicDB : 0.8457562522369215 | CVC-ColonDB : 0.78003989313716 | ETIS-LaribPolypDB : 0.7403937302587709 | Kvasir : 0.8857807897998142 |
2022-01-02 02:05:32.715 | CRITICAL | __main__:<module>:241 - | epoch : 1 | best_val_dice_score : 0.7957879851552796 |
2022-01-02 02:06:50.733 | INFO     | __main__:<module>:111 - | epoch : 2 | training done |
2022-01-02 02:07:08.458 | INFO     | __main__:<module>:240 - | epoch : 2 | CVC-300 : 0.8749509291615546 | CVC-ClinicDB : 0.9034219423668401 | CVC-ColonDB : 0.8350551089510688 | ETIS-LaribPolypDB : 0.7996320605369237 | Kvasir : 0.8942344173114815 |
2022-01-02 02:07:08.458 | CRITICAL | __main__:<module>:241 - | epoch : 2 | best_val_dice_score : 0.8614588916655738 |
2022-01-02 02:08:30.854 | INFO     | __main__:<module>:111 - | epoch : 3 | training done |
2022-01-02 02:08:46.941 | INFO     | __main__:<module>:240 - | epoch : 3 | CVC-300 : 0.9086446794324088 | CVC-ClinicDB : 0.9117029048331162 | CVC-ColonDB : 0.8289506130555006 | ETIS-LaribPolypDB : 0.7923651046197332 | Kvasir : 0.9136898489918418 |
2022-01-02 02:08:46.941 | CRITICAL | __main__:<module>:241 - | epoch : 3 | best_val_dice_score : 0.8710706301865201 |
2022-01-02 02:10:11.354 | INFO     | __main__:<module>:111 - | epoch : 4 | training done |
2022-01-02 02:10:28.466 | INFO     | __main__:<module>:244 - | epoch : 4 | val done |
2022-01-02 02:11:49.724 | INFO     | __main__:<module>:111 - | epoch : 5 | training done |
2022-01-02 02:12:08.250 | INFO     | __main__:<module>:240 - | epoch : 5 | CVC-300 : 0.9290694263287675 | CVC-ClinicDB : 0.9326745401451287 | CVC-ColonDB : 0.8349319114081224 | ETIS-LaribPolypDB : 0.7798853311289284 | Kvasir : 0.9225212483805557 |
2022-01-02 02:12:08.250 | CRITICAL | __main__:<module>:241 - | epoch : 5 | best_val_dice_score : 0.8798164914783004 |
2022-01-02 02:13:25.457 | INFO     | __main__:<module>:111 - | epoch : 6 | training done |
2022-01-02 02:13:44.545 | INFO     | __main__:<module>:244 - | epoch : 6 | val done |
2022-01-02 02:15:01.359 | INFO     | __main__:<module>:111 - | epoch : 7 | training done |
2022-01-02 02:15:20.285 | INFO     | __main__:<module>:240 - | epoch : 7 | CVC-300 : 0.914594327945027 | CVC-ClinicDB : 0.9326343188786999 | CVC-ColonDB : 0.8602269819826839 | ETIS-LaribPolypDB : 0.8402424924907822 | Kvasir : 0.9223688159705383 |
2022-01-02 02:15:20.285 | CRITICAL | __main__:<module>:241 - | epoch : 7 | best_val_dice_score : 0.8940133874535462 |
2022-01-02 02:16:37.106 | INFO     | __main__:<module>:111 - | epoch : 8 | training done |
2022-01-02 02:16:56.049 | INFO     | __main__:<module>:244 - | epoch : 8 | val done |
2022-01-02 02:18:13.073 | INFO     | __main__:<module>:111 - | epoch : 9 | training done |
2022-01-02 02:18:32.135 | INFO     | __main__:<module>:244 - | epoch : 9 | val done |
2022-01-02 02:19:48.939 | INFO     | __main__:<module>:111 - | epoch : 10 | training done |
2022-01-02 02:20:07.720 | INFO     | __main__:<module>:240 - | epoch : 10 | CVC-300 : 0.9182040520753141 | CVC-ClinicDB : 0.9621351787023533 | CVC-ColonDB : 0.8795583270119552 | ETIS-LaribPolypDB : 0.8499949887693492 | Kvasir : 0.9348227373466839 |
2022-01-02 02:20:07.720 | CRITICAL | __main__:<module>:241 - | epoch : 10 | best_val_dice_score : 0.9089430567811311 |
2022-01-02 02:21:26.394 | INFO     | __main__:<module>:111 - | epoch : 11 | training done |
2022-01-02 02:21:44.334 | INFO     | __main__:<module>:244 - | epoch : 11 | val done |
2022-01-02 02:23:06.676 | INFO     | __main__:<module>:111 - | epoch : 12 | training done |
2022-01-02 02:23:22.956 | INFO     | __main__:<module>:244 - | epoch : 12 | val done |
2022-01-02 02:24:46.729 | INFO     | __main__:<module>:111 - | epoch : 13 | training done |
2022-01-02 02:25:03.611 | INFO     | __main__:<module>:240 - | epoch : 13 | CVC-300 : 0.9407151726913603 | CVC-ClinicDB : 0.9439811722947775 | CVC-ColonDB : 0.8832830977145623 | ETIS-LaribPolypDB : 0.8554339398158612 | Kvasir : 0.9337755248751785 |
2022-01-02 02:25:03.611 | CRITICAL | __main__:<module>:241 - | epoch : 13 | best_val_dice_score : 0.9114377814783479 |
2022-01-02 02:26:24.331 | INFO     | __main__:<module>:111 - | epoch : 14 | training done |
2022-01-02 02:26:42.784 | INFO     | __main__:<module>:244 - | epoch : 14 | val done |
2022-01-02 02:27:59.695 | INFO     | __main__:<module>:111 - | epoch : 15 | training done |
2022-01-02 02:28:18.617 | INFO     | __main__:<module>:244 - | epoch : 15 | val done |
2022-01-02 02:29:35.362 | INFO     | __main__:<module>:111 - | epoch : 16 | training done |
2022-01-02 02:29:54.489 | INFO     | __main__:<module>:244 - | epoch : 16 | val done |
2022-01-02 02:31:11.260 | INFO     | __main__:<module>:111 - | epoch : 17 | training done |
2022-01-02 02:31:30.091 | INFO     | __main__:<module>:244 - | epoch : 17 | val done |
2022-01-02 02:32:46.791 | INFO     | __main__:<module>:111 - | epoch : 18 | training done |
2022-01-02 02:33:05.701 | INFO     | __main__:<module>:244 - | epoch : 18 | val done |
2022-01-02 02:34:22.491 | INFO     | __main__:<module>:111 - | epoch : 19 | training done |
2022-01-02 02:34:41.351 | INFO     | __main__:<module>:244 - | epoch : 19 | val done |
2022-01-02 02:35:59.401 | INFO     | __main__:<module>:111 - | epoch : 20 | training done |
2022-01-02 02:36:16.973 | INFO     | __main__:<module>:244 - | epoch : 20 | val done |
2022-01-02 02:37:39.388 | INFO     | __main__:<module>:111 - | epoch : 21 | training done |
2022-01-02 02:37:55.630 | INFO     | __main__:<module>:244 - | epoch : 21 | val done |
2022-01-02 02:39:19.199 | INFO     | __main__:<module>:111 - | epoch : 22 | training done |
2022-01-02 02:39:36.023 | INFO     | __main__:<module>:244 - | epoch : 22 | val done |
2022-01-02 02:40:56.357 | INFO     | __main__:<module>:111 - | epoch : 23 | training done |
2022-01-02 02:41:14.606 | INFO     | __main__:<module>:244 - | epoch : 23 | val done |
2022-01-02 02:42:31.416 | INFO     | __main__:<module>:111 - | epoch : 24 | training done |
2022-01-02 02:42:50.502 | INFO     | __main__:<module>:244 - | epoch : 24 | val done |
2022-01-02 02:44:07.126 | INFO     | __main__:<module>:111 - | epoch : 25 | training done |
2022-01-02 02:44:25.914 | INFO     | __main__:<module>:244 - | epoch : 25 | val done |
2022-01-02 02:45:42.796 | INFO     | __main__:<module>:111 - | epoch : 26 | training done |
2022-01-02 02:46:01.656 | INFO     | __main__:<module>:244 - | epoch : 26 | val done |
2022-01-02 02:47:18.333 | INFO     | __main__:<module>:111 - | epoch : 27 | training done |
2022-01-02 02:47:37.235 | INFO     | __main__:<module>:244 - | epoch : 27 | val done |
2022-01-02 02:48:53.756 | INFO     | __main__:<module>:111 - | epoch : 28 | training done |
2022-01-02 02:49:12.436 | INFO     | __main__:<module>:244 - | epoch : 28 | val done |
2022-01-02 02:50:29.900 | INFO     | __main__:<module>:111 - | epoch : 29 | training done |
2022-01-02 02:50:47.644 | INFO     | __main__:<module>:244 - | epoch : 29 | val done |
2022-01-02 02:52:09.171 | INFO     | __main__:<module>:111 - | epoch : 30 | training done |
2022-01-02 02:52:25.713 | INFO     | __main__:<module>:244 - | epoch : 30 | val done |
2022-01-02 02:53:49.645 | INFO     | __main__:<module>:111 - | epoch : 31 | training done |
2022-01-02 02:54:06.195 | INFO     | __main__:<module>:244 - | epoch : 31 | val done |
2022-01-02 02:55:27.912 | INFO     | __main__:<module>:111 - | epoch : 32 | training done |
2022-01-02 02:55:45.683 | INFO     | __main__:<module>:244 - | epoch : 32 | val done |
2022-01-02 02:57:02.932 | INFO     | __main__:<module>:111 - | epoch : 33 | training done |
2022-01-02 02:57:21.847 | INFO     | __main__:<module>:244 - | epoch : 33 | val done |
2022-01-02 02:58:38.799 | INFO     | __main__:<module>:111 - | epoch : 34 | training done |
2022-01-02 02:58:57.700 | INFO     | __main__:<module>:244 - | epoch : 34 | val done |
2022-01-02 03:00:14.577 | INFO     | __main__:<module>:111 - | epoch : 35 | training done |
2022-01-02 03:00:33.353 | INFO     | __main__:<module>:244 - | epoch : 35 | val done |
2022-01-02 03:01:50.178 | INFO     | __main__:<module>:111 - | epoch : 36 | training done |
2022-01-02 03:02:09.196 | INFO     | __main__:<module>:244 - | epoch : 36 | val done |
2022-01-02 03:03:26.039 | INFO     | __main__:<module>:111 - | epoch : 37 | training done |
2022-01-02 03:03:44.905 | INFO     | __main__:<module>:244 - | epoch : 37 | val done |
2022-01-02 03:05:01.719 | INFO     | __main__:<module>:111 - | epoch : 38 | training done |
2022-01-02 03:05:19.518 | INFO     | __main__:<module>:244 - | epoch : 38 | val done |
2022-01-02 03:06:40.428 | INFO     | __main__:<module>:111 - | epoch : 39 | training done |
2022-01-02 03:06:56.622 | INFO     | __main__:<module>:244 - | epoch : 39 | val done |
2022-01-02 03:08:20.472 | INFO     | __main__:<module>:111 - | epoch : 40 | training done |
2022-01-02 03:08:37.062 | INFO     | __main__:<module>:244 - | epoch : 40 | val done |
2022-01-02 03:09:59.531 | INFO     | __main__:<module>:111 - | epoch : 41 | training done |
2022-01-02 03:10:16.946 | INFO     | __main__:<module>:244 - | epoch : 41 | val done |
2022-01-02 03:11:34.896 | INFO     | __main__:<module>:111 - | epoch : 42 | training done |
2022-01-02 03:11:53.426 | INFO     | __main__:<module>:244 - | epoch : 42 | val done |
2022-01-02 03:13:09.918 | INFO     | __main__:<module>:111 - | epoch : 43 | training done |
2022-01-02 03:13:28.735 | INFO     | __main__:<module>:244 - | epoch : 43 | val done |
2022-01-02 03:14:45.522 | INFO     | __main__:<module>:111 - | epoch : 44 | training done |
2022-01-02 03:15:04.300 | INFO     | __main__:<module>:244 - | epoch : 44 | val done |
2022-01-02 03:16:21.166 | INFO     | __main__:<module>:111 - | epoch : 45 | training done |
2022-01-02 03:16:39.985 | INFO     | __main__:<module>:244 - | epoch : 45 | val done |
2022-01-02 03:17:56.969 | INFO     | __main__:<module>:111 - | epoch : 46 | training done |
2022-01-02 03:18:15.855 | INFO     | __main__:<module>:244 - | epoch : 46 | val done |
2022-01-02 03:19:32.714 | INFO     | __main__:<module>:111 - | epoch : 47 | training done |
2022-01-02 03:19:50.972 | INFO     | __main__:<module>:244 - | epoch : 47 | val done |
2022-01-02 03:21:10.878 | INFO     | __main__:<module>:111 - | epoch : 48 | training done |
2022-01-02 03:21:27.523 | INFO     | __main__:<module>:244 - | epoch : 48 | val done |
2022-01-02 03:22:51.717 | INFO     | __main__:<module>:111 - | epoch : 49 | training done |
2022-01-02 03:23:08.151 | INFO     | __main__:<module>:244 - | epoch : 49 | val done |
2022-01-02 03:24:31.626 | INFO     | __main__:<module>:111 - | epoch : 50 | training done |
2022-01-02 03:24:48.839 | INFO     | __main__:<module>:244 - | epoch : 50 | val done |
2022-01-02 03:26:08.178 | INFO     | __main__:<module>:111 - | epoch : 51 | training done |
2022-01-02 03:26:26.949 | INFO     | __main__:<module>:244 - | epoch : 51 | val done |
2022-01-02 03:27:43.785 | INFO     | __main__:<module>:111 - | epoch : 52 | training done |
2022-01-02 03:28:02.603 | INFO     | __main__:<module>:244 - | epoch : 52 | val done |
2022-01-02 03:29:19.507 | INFO     | __main__:<module>:111 - | epoch : 53 | training done |
2022-01-02 03:29:38.217 | INFO     | __main__:<module>:244 - | epoch : 53 | val done |
2022-01-02 03:30:55.286 | INFO     | __main__:<module>:111 - | epoch : 54 | training done |
2022-01-02 03:31:14.385 | INFO     | __main__:<module>:244 - | epoch : 54 | val done |
2022-01-02 03:32:31.376 | INFO     | __main__:<module>:111 - | epoch : 55 | training done |
2022-01-02 03:32:50.211 | INFO     | __main__:<module>:244 - | epoch : 55 | val done |
2022-01-02 03:34:06.945 | INFO     | __main__:<module>:111 - | epoch : 56 | training done |
2022-01-02 03:34:25.093 | INFO     | __main__:<module>:244 - | epoch : 56 | val done |
2022-01-02 03:35:44.183 | INFO     | __main__:<module>:111 - | epoch : 57 | training done |
2022-01-02 03:36:01.186 | INFO     | __main__:<module>:244 - | epoch : 57 | val done |
2022-01-02 03:37:24.071 | INFO     | __main__:<module>:111 - | epoch : 58 | training done |
2022-01-02 03:37:40.809 | INFO     | __main__:<module>:240 - | epoch : 58 | CVC-300 : 0.9346639692344203 | CVC-ClinicDB : 0.948936606696527 | CVC-ColonDB : 0.8775930928461046 | ETIS-LaribPolypDB : 0.8718989157606457 | Kvasir : 0.9280911719094411 |
2022-01-02 03:37:40.810 | CRITICAL | __main__:<module>:241 - | epoch : 58 | best_val_dice_score : 0.9122367512894278 |
2022-01-02 03:39:04.821 | INFO     | __main__:<module>:111 - | epoch : 59 | training done |
2022-01-02 03:39:21.878 | INFO     | __main__:<module>:244 - | epoch : 59 | val done |
2022-01-02 03:40:41.226 | INFO     | __main__:<module>:111 - | epoch : 60 | training done |
2022-01-02 03:40:59.738 | INFO     | __main__:<module>:244 - | epoch : 60 | val done |
2022-01-02 03:42:16.691 | INFO     | __main__:<module>:111 - | epoch : 61 | training done |
2022-01-02 03:42:35.664 | INFO     | __main__:<module>:244 - | epoch : 61 | val done |
2022-01-02 03:43:52.557 | INFO     | __main__:<module>:111 - | epoch : 62 | training done |
2022-01-02 03:44:11.378 | INFO     | __main__:<module>:240 - | epoch : 62 | CVC-300 : 0.9376812859740015 | CVC-ClinicDB : 0.940825313761688 | CVC-ColonDB : 0.8779746658991906 | ETIS-LaribPolypDB : 0.8748474414994644 | Kvasir : 0.9302499735839608 |
2022-01-02 03:44:11.378 | CRITICAL | __main__:<module>:241 - | epoch : 62 | best_val_dice_score : 0.9123157361436609 |
2022-01-02 03:45:28.384 | INFO     | __main__:<module>:111 - | epoch : 63 | training done |
2022-01-02 03:45:47.369 | INFO     | __main__:<module>:244 - | epoch : 63 | val done |
2022-01-02 03:47:04.447 | INFO     | __main__:<module>:111 - | epoch : 64 | training done |
2022-01-02 03:47:23.573 | INFO     | __main__:<module>:244 - | epoch : 64 | val done |
2022-01-02 03:48:40.086 | INFO     | __main__:<module>:111 - | epoch : 65 | training done |
2022-01-02 03:48:58.525 | INFO     | __main__:<module>:244 - | epoch : 65 | val done |
2022-01-02 03:50:18.186 | INFO     | __main__:<module>:111 - | epoch : 66 | training done |
2022-01-02 03:50:35.442 | INFO     | __main__:<module>:244 - | epoch : 66 | val done |
2022-01-02 03:51:59.150 | INFO     | __main__:<module>:111 - | epoch : 67 | training done |
2022-01-02 03:52:15.589 | INFO     | __main__:<module>:244 - | epoch : 67 | val done |
2022-01-02 03:53:39.311 | INFO     | __main__:<module>:111 - | epoch : 68 | training done |
2022-01-02 03:53:56.671 | INFO     | __main__:<module>:244 - | epoch : 68 | val done |
2022-01-02 03:55:16.151 | INFO     | __main__:<module>:111 - | epoch : 69 | training done |
2022-01-02 03:55:34.320 | INFO     | __main__:<module>:244 - | epoch : 69 | val done |
2022-01-02 03:56:50.912 | INFO     | __main__:<module>:111 - | epoch : 70 | training done |
2022-01-02 03:57:09.791 | INFO     | __main__:<module>:244 - | epoch : 70 | val done |
2022-01-02 03:58:26.468 | INFO     | __main__:<module>:111 - | epoch : 71 | training done |
2022-01-02 03:58:45.283 | INFO     | __main__:<module>:244 - | epoch : 71 | val done |
2022-01-02 04:00:02.350 | INFO     | __main__:<module>:111 - | epoch : 72 | training done |
2022-01-02 04:00:21.114 | INFO     | __main__:<module>:244 - | epoch : 72 | val done |
2022-01-02 04:01:37.810 | INFO     | __main__:<module>:111 - | epoch : 73 | training done |
2022-01-02 04:01:56.675 | INFO     | __main__:<module>:244 - | epoch : 73 | val done |
2022-01-02 04:03:13.428 | INFO     | __main__:<module>:111 - | epoch : 74 | training done |
2022-01-02 04:03:31.762 | INFO     | __main__:<module>:244 - | epoch : 74 | val done |
2022-01-02 04:04:50.401 | INFO     | __main__:<module>:111 - | epoch : 75 | training done |
2022-01-02 04:05:08.158 | INFO     | __main__:<module>:244 - | epoch : 75 | val done |
2022-01-02 04:06:30.677 | INFO     | __main__:<module>:111 - | epoch : 76 | training done |
2022-01-02 04:06:46.580 | INFO     | __main__:<module>:244 - | epoch : 76 | val done |
2022-01-02 04:08:10.288 | INFO     | __main__:<module>:111 - | epoch : 77 | training done |
2022-01-02 04:08:27.068 | INFO     | __main__:<module>:244 - | epoch : 77 | val done |
2022-01-02 04:09:47.434 | INFO     | __main__:<module>:111 - | epoch : 78 | training done |
2022-01-02 04:10:05.881 | INFO     | __main__:<module>:244 - | epoch : 78 | val done |
2022-01-02 04:11:22.656 | INFO     | __main__:<module>:111 - | epoch : 79 | training done |
2022-01-02 04:11:41.765 | INFO     | __main__:<module>:244 - | epoch : 79 | val done |
2022-01-02 04:12:58.877 | INFO     | __main__:<module>:111 - | epoch : 80 | training done |
2022-01-02 04:13:17.920 | INFO     | __main__:<module>:244 - | epoch : 80 | val done |
2022-01-02 04:14:34.950 | INFO     | __main__:<module>:111 - | epoch : 81 | training done |
2022-01-02 04:14:53.840 | INFO     | __main__:<module>:244 - | epoch : 81 | val done |
2022-01-02 04:16:10.685 | INFO     | __main__:<module>:111 - | epoch : 82 | training done |
2022-01-02 04:16:29.783 | INFO     | __main__:<module>:244 - | epoch : 82 | val done |
2022-01-02 04:17:46.342 | INFO     | __main__:<module>:111 - | epoch : 83 | training done |
2022-01-02 04:18:04.896 | INFO     | __main__:<module>:244 - | epoch : 83 | val done |
2022-01-02 04:19:23.383 | INFO     | __main__:<module>:111 - | epoch : 84 | training done |
2022-01-02 04:19:40.906 | INFO     | __main__:<module>:244 - | epoch : 84 | val done |
2022-01-02 04:21:03.168 | INFO     | __main__:<module>:111 - | epoch : 85 | training done |
2022-01-02 04:21:19.262 | INFO     | __main__:<module>:244 - | epoch : 85 | val done |
2022-01-02 04:22:42.988 | INFO     | __main__:<module>:111 - | epoch : 86 | training done |
2022-01-02 04:22:59.800 | INFO     | __main__:<module>:244 - | epoch : 86 | val done |
2022-01-02 04:24:20.248 | INFO     | __main__:<module>:111 - | epoch : 87 | training done |
2022-01-02 04:24:38.343 | INFO     | __main__:<module>:244 - | epoch : 87 | val done |
2022-01-02 04:25:55.192 | INFO     | __main__:<module>:111 - | epoch : 88 | training done |
2022-01-02 04:26:13.987 | INFO     | __main__:<module>:244 - | epoch : 88 | val done |
2022-01-02 04:27:30.761 | INFO     | __main__:<module>:111 - | epoch : 89 | training done |
2022-01-02 04:27:49.755 | INFO     | __main__:<module>:244 - | epoch : 89 | val done |
2022-01-02 04:29:06.770 | INFO     | __main__:<module>:111 - | epoch : 90 | training done |
2022-01-02 04:29:25.655 | INFO     | __main__:<module>:244 - | epoch : 90 | val done |
2022-01-02 04:30:42.700 | INFO     | __main__:<module>:111 - | epoch : 91 | training done |
2022-01-02 04:31:01.699 | INFO     | __main__:<module>:244 - | epoch : 91 | val done |
2022-01-02 04:32:18.485 | INFO     | __main__:<module>:111 - | epoch : 92 | training done |
2022-01-02 04:32:37.362 | INFO     | __main__:<module>:244 - | epoch : 92 | val done |
2022-01-02 04:33:55.238 | INFO     | __main__:<module>:111 - | epoch : 93 | training done |
2022-01-02 04:34:12.907 | INFO     | __main__:<module>:244 - | epoch : 93 | val done |
2022-01-02 04:35:34.922 | INFO     | __main__:<module>:111 - | epoch : 94 | training done |
2022-01-02 04:35:50.947 | INFO     | __main__:<module>:244 - | epoch : 94 | val done |
2022-01-02 04:37:14.926 | INFO     | __main__:<module>:111 - | epoch : 95 | training done |
2022-01-02 04:37:31.728 | INFO     | __main__:<module>:244 - | epoch : 95 | val done |
2022-01-02 04:38:52.977 | INFO     | __main__:<module>:111 - | epoch : 96 | training done |
2022-01-02 04:39:11.050 | INFO     | __main__:<module>:244 - | epoch : 96 | val done |
2022-01-02 04:40:27.698 | INFO     | __main__:<module>:111 - | epoch : 97 | training done |
2022-01-02 04:40:46.687 | INFO     | __main__:<module>:244 - | epoch : 97 | val done |
2022-01-02 04:42:03.699 | INFO     | __main__:<module>:111 - | epoch : 98 | training done |
2022-01-02 04:42:22.783 | INFO     | __main__:<module>:244 - | epoch : 98 | val done |
2022-01-02 04:43:39.490 | INFO     | __main__:<module>:111 - | epoch : 99 | training done |
2022-01-02 04:43:58.333 | INFO     | __main__:<module>:244 - | epoch : 99 | val done |
2022-01-02 04:45:15.489 | INFO     | __main__:<module>:111 - | epoch : 100 | training done |
2022-01-02 04:45:34.460 | INFO     | __main__:<module>:244 - | epoch : 100 | val done |
2022-01-02 04:46:51.377 | INFO     | __main__:<module>:111 - | epoch : 101 | training done |
2022-01-02 04:47:10.254 | INFO     | __main__:<module>:244 - | epoch : 101 | val done |
2022-01-02 04:48:27.969 | INFO     | __main__:<module>:111 - | epoch : 102 | training done |
2022-01-02 04:48:45.719 | INFO     | __main__:<module>:244 - | epoch : 102 | val done |
2022-01-02 04:50:07.391 | INFO     | __main__:<module>:111 - | epoch : 103 | training done |
2022-01-02 04:50:23.931 | INFO     | __main__:<module>:244 - | epoch : 103 | val done |
2022-01-02 04:51:47.992 | INFO     | __main__:<module>:111 - | epoch : 104 | training done |
2022-01-02 04:52:04.442 | INFO     | __main__:<module>:244 - | epoch : 104 | val done |
2022-01-02 04:53:26.092 | INFO     | __main__:<module>:111 - | epoch : 105 | training done |
2022-01-02 04:53:44.282 | INFO     | __main__:<module>:244 - | epoch : 105 | val done |
2022-01-02 04:55:01.131 | INFO     | __main__:<module>:111 - | epoch : 106 | training done |
2022-01-02 04:55:19.945 | INFO     | __main__:<module>:244 - | epoch : 106 | val done |
2022-01-02 04:56:36.777 | INFO     | __main__:<module>:111 - | epoch : 107 | training done |
2022-01-02 04:56:55.726 | INFO     | __main__:<module>:244 - | epoch : 107 | val done |
2022-01-02 04:58:12.691 | INFO     | __main__:<module>:111 - | epoch : 108 | training done |
2022-01-02 04:58:31.480 | INFO     | __main__:<module>:244 - | epoch : 108 | val done |
2022-01-02 04:59:48.348 | INFO     | __main__:<module>:111 - | epoch : 109 | training done |
2022-01-02 05:00:07.149 | INFO     | __main__:<module>:244 - | epoch : 109 | val done |
2022-01-02 05:01:24.186 | INFO     | __main__:<module>:111 - | epoch : 110 | training done |
2022-01-02 05:01:42.908 | INFO     | __main__:<module>:244 - | epoch : 110 | val done |
2022-01-02 05:02:59.852 | INFO     | __main__:<module>:111 - | epoch : 111 | training done |
2022-01-02 05:03:17.676 | INFO     | __main__:<module>:244 - | epoch : 111 | val done |
2022-01-02 05:04:39.253 | INFO     | __main__:<module>:111 - | epoch : 112 | training done |
2022-01-02 05:04:55.523 | INFO     | __main__:<module>:244 - | epoch : 112 | val done |
2022-01-02 05:06:19.314 | INFO     | __main__:<module>:111 - | epoch : 113 | training done |
2022-01-02 05:06:35.327 | INFO     | __main__:<module>:244 - | epoch : 113 | val done |
2022-01-02 05:07:57.231 | INFO     | __main__:<module>:111 - | epoch : 114 | training done |
2022-01-02 05:08:14.986 | INFO     | __main__:<module>:244 - | epoch : 114 | val done |
2022-01-02 05:09:32.560 | INFO     | __main__:<module>:111 - | epoch : 115 | training done |
2022-01-02 05:09:51.605 | INFO     | __main__:<module>:244 - | epoch : 115 | val done |
2022-01-02 05:11:08.115 | INFO     | __main__:<module>:111 - | epoch : 116 | training done |
2022-01-02 05:11:26.869 | INFO     | __main__:<module>:244 - | epoch : 116 | val done |
2022-01-02 05:12:43.468 | INFO     | __main__:<module>:111 - | epoch : 117 | training done |
2022-01-02 05:13:02.292 | INFO     | __main__:<module>:244 - | epoch : 117 | val done |
2022-01-02 05:14:18.940 | INFO     | __main__:<module>:111 - | epoch : 118 | training done |
2022-01-02 05:14:37.991 | INFO     | __main__:<module>:244 - | epoch : 118 | val done |
2022-01-02 05:15:54.770 | INFO     | __main__:<module>:111 - | epoch : 119 | training done |
2022-01-02 05:16:13.619 | INFO     | __main__:<module>:244 - | epoch : 119 | val done |
2022-01-02 05:17:30.618 | INFO     | __main__:<module>:111 - | epoch : 120 | training done |
2022-01-02 05:17:48.480 | INFO     | __main__:<module>:244 - | epoch : 120 | val done |
2022-01-02 05:19:09.138 | INFO     | __main__:<module>:111 - | epoch : 121 | training done |
2022-01-02 05:19:25.894 | INFO     | __main__:<module>:244 - | epoch : 121 | val done |
2022-01-02 05:20:49.961 | INFO     | __main__:<module>:111 - | epoch : 122 | training done |
2022-01-02 05:21:06.091 | INFO     | __main__:<module>:244 - | epoch : 122 | val done |
2022-01-02 05:22:28.960 | INFO     | __main__:<module>:111 - | epoch : 123 | training done |
2022-01-02 05:22:45.850 | INFO     | __main__:<module>:244 - | epoch : 123 | val done |
2022-01-02 05:24:04.783 | INFO     | __main__:<module>:111 - | epoch : 124 | training done |
2022-01-02 05:24:23.438 | INFO     | __main__:<module>:244 - | epoch : 124 | val done |
2022-01-02 05:25:40.292 | INFO     | __main__:<module>:111 - | epoch : 125 | training done |
2022-01-02 05:25:59.097 | INFO     | __main__:<module>:244 - | epoch : 125 | val done |
2022-01-02 05:27:16.042 | INFO     | __main__:<module>:111 - | epoch : 126 | training done |
2022-01-02 05:27:34.835 | INFO     | __main__:<module>:244 - | epoch : 126 | val done |
2022-01-02 05:28:51.464 | INFO     | __main__:<module>:111 - | epoch : 127 | training done |
2022-01-02 05:29:10.245 | INFO     | __main__:<module>:244 - | epoch : 127 | val done |
2022-01-02 05:30:26.853 | INFO     | __main__:<module>:111 - | epoch : 128 | training done |
2022-01-02 05:30:45.454 | INFO     | __main__:<module>:244 - | epoch : 128 | val done |
2022-01-02 05:32:02.089 | INFO     | __main__:<module>:111 - | epoch : 129 | training done |
2022-01-02 05:32:20.663 | INFO     | __main__:<module>:244 - | epoch : 129 | val done |
2022-01-02 05:33:39.652 | INFO     | __main__:<module>:111 - | epoch : 130 | training done |
2022-01-02 05:33:56.982 | INFO     | __main__:<module>:244 - | epoch : 130 | val done |
2022-01-02 05:35:19.920 | INFO     | __main__:<module>:111 - | epoch : 131 | training done |
2022-01-02 05:35:36.758 | INFO     | __main__:<module>:244 - | epoch : 131 | val done |
2022-01-02 05:37:00.801 | INFO     | __main__:<module>:111 - | epoch : 132 | training done |
2022-01-02 05:37:18.021 | INFO     | __main__:<module>:244 - | epoch : 132 | val done |
2022-01-02 05:38:38.013 | INFO     | __main__:<module>:111 - | epoch : 133 | training done |
2022-01-02 05:38:56.593 | INFO     | __main__:<module>:244 - | epoch : 133 | val done |
2022-01-02 05:40:13.485 | INFO     | __main__:<module>:111 - | epoch : 134 | training done |
2022-01-02 05:40:32.336 | INFO     | __main__:<module>:244 - | epoch : 134 | val done |
2022-01-02 05:41:49.126 | INFO     | __main__:<module>:111 - | epoch : 135 | training done |
2022-01-02 05:42:07.923 | INFO     | __main__:<module>:244 - | epoch : 135 | val done |
2022-01-02 05:43:25.086 | INFO     | __main__:<module>:111 - | epoch : 136 | training done |
2022-01-02 05:43:43.870 | INFO     | __main__:<module>:244 - | epoch : 136 | val done |
2022-01-02 05:45:00.850 | INFO     | __main__:<module>:111 - | epoch : 137 | training done |
2022-01-02 05:45:19.804 | INFO     | __main__:<module>:244 - | epoch : 137 | val done |
2022-01-02 05:46:37.050 | INFO     | __main__:<module>:111 - | epoch : 138 | training done |
2022-01-02 05:46:55.425 | INFO     | __main__:<module>:244 - | epoch : 138 | val done |
2022-01-02 05:48:14.418 | INFO     | __main__:<module>:111 - | epoch : 139 | training done |
2022-01-02 05:48:31.678 | INFO     | __main__:<module>:244 - | epoch : 139 | val done |
2022-01-02 05:49:54.272 | INFO     | __main__:<module>:111 - | epoch : 140 | training done |
2022-01-02 05:50:10.821 | INFO     | __main__:<module>:244 - | epoch : 140 | val done |
2022-01-02 05:51:34.614 | INFO     | __main__:<module>:111 - | epoch : 141 | training done |
2022-01-02 05:51:49.943 | INFO     | __main__:<module>:244 - | epoch : 141 | val done |
2022-01-02 05:52:33.473 | INFO     | __main__:<module>:111 - | epoch : 142 | training done |
2022-01-02 05:52:47.691 | INFO     | __main__:<module>:244 - | epoch : 142 | val done |
2022-01-02 05:53:31.221 | INFO     | __main__:<module>:111 - | epoch : 143 | training done |
2022-01-02 05:53:45.254 | INFO     | __main__:<module>:244 - | epoch : 143 | val done |
2022-01-02 05:54:28.855 | INFO     | __main__:<module>:111 - | epoch : 144 | training done |
2022-01-02 05:54:42.902 | INFO     | __main__:<module>:244 - | epoch : 144 | val done |
2022-01-02 05:55:26.523 | INFO     | __main__:<module>:111 - | epoch : 145 | training done |
2022-01-02 05:55:40.674 | INFO     | __main__:<module>:244 - | epoch : 145 | val done |
2022-01-02 05:56:24.216 | INFO     | __main__:<module>:111 - | epoch : 146 | training done |
2022-01-02 05:56:38.133 | INFO     | __main__:<module>:244 - | epoch : 146 | val done |
2022-01-02 05:57:21.646 | INFO     | __main__:<module>:111 - | epoch : 147 | training done |
2022-01-02 05:57:35.720 | INFO     | __main__:<module>:244 - | epoch : 147 | val done |
2022-01-02 05:58:19.305 | INFO     | __main__:<module>:111 - | epoch : 148 | training done |
2022-01-02 05:58:33.451 | INFO     | __main__:<module>:244 - | epoch : 148 | val done |
2022-01-02 05:59:17.001 | INFO     | __main__:<module>:111 - | epoch : 149 | training done |
2022-01-02 05:59:31.125 | INFO     | __main__:<module>:244 - | epoch : 149 | val done |
2022-01-02 06:00:14.731 | INFO     | __main__:<module>:111 - | epoch : 150 | training done |
2022-01-02 06:00:28.870 | INFO     | __main__:<module>:244 - | epoch : 150 | val done |
2022-01-02 06:01:12.410 | INFO     | __main__:<module>:111 - | epoch : 151 | training done |
2022-01-02 06:01:26.517 | INFO     | __main__:<module>:244 - | epoch : 151 | val done |
2022-01-02 06:02:10.085 | INFO     | __main__:<module>:111 - | epoch : 152 | training done |
2022-01-02 06:02:24.304 | INFO     | __main__:<module>:244 - | epoch : 152 | val done |
2022-01-02 06:03:07.769 | INFO     | __main__:<module>:111 - | epoch : 153 | training done |
2022-01-02 06:03:21.796 | INFO     | __main__:<module>:244 - | epoch : 153 | val done |
2022-01-02 06:04:05.318 | INFO     | __main__:<module>:111 - | epoch : 154 | training done |
2022-01-02 06:04:19.495 | INFO     | __main__:<module>:244 - | epoch : 154 | val done |
2022-01-02 06:05:03.006 | INFO     | __main__:<module>:111 - | epoch : 155 | training done |
2022-01-02 06:05:17.061 | INFO     | __main__:<module>:244 - | epoch : 155 | val done |
2022-01-02 06:06:00.583 | INFO     | __main__:<module>:111 - | epoch : 156 | training done |
2022-01-02 06:06:14.661 | INFO     | __main__:<module>:244 - | epoch : 156 | val done |
2022-01-02 06:06:58.238 | INFO     | __main__:<module>:111 - | epoch : 157 | training done |
2022-01-02 06:07:12.439 | INFO     | __main__:<module>:244 - | epoch : 157 | val done |
2022-01-02 06:07:56.055 | INFO     | __main__:<module>:111 - | epoch : 158 | training done |
2022-01-02 06:08:10.039 | INFO     | __main__:<module>:244 - | epoch : 158 | val done |
2022-01-02 06:08:53.597 | INFO     | __main__:<module>:111 - | epoch : 159 | training done |
2022-01-02 06:09:07.700 | INFO     | __main__:<module>:244 - | epoch : 159 | val done |
2022-01-02 06:09:51.167 | INFO     | __main__:<module>:111 - | epoch : 160 | training done |
2022-01-02 06:10:05.197 | INFO     | __main__:<module>:244 - | epoch : 160 | val done |
2022-01-02 06:10:48.884 | INFO     | __main__:<module>:111 - | epoch : 161 | training done |
2022-01-02 06:11:03.009 | INFO     | __main__:<module>:244 - | epoch : 161 | val done |
2022-01-02 06:11:46.546 | INFO     | __main__:<module>:111 - | epoch : 162 | training done |
2022-01-02 06:12:00.847 | INFO     | __main__:<module>:240 - | epoch : 162 | CVC-300 : 0.9291287573218485 | CVC-ClinicDB : 0.9499666877160065 | CVC-ColonDB : 0.8740149955725626 | ETIS-LaribPolypDB : 0.8781977459429782 | Kvasir : 0.935465945405389 |
2022-01-02 06:12:00.848 | CRITICAL | __main__:<module>:241 - | epoch : 162 | best_val_dice_score : 0.913354826391757 |
2022-01-02 06:12:44.909 | INFO     | __main__:<module>:111 - | epoch : 163 | training done |
2022-01-02 06:12:59.060 | INFO     | __main__:<module>:244 - | epoch : 163 | val done |
2022-01-02 06:13:42.609 | INFO     | __main__:<module>:111 - | epoch : 164 | training done |
2022-01-02 06:13:56.783 | INFO     | __main__:<module>:244 - | epoch : 164 | val done |
2022-01-02 06:14:40.419 | INFO     | __main__:<module>:111 - | epoch : 165 | training done |
2022-01-02 06:14:54.515 | INFO     | __main__:<module>:244 - | epoch : 165 | val done |
2022-01-02 06:15:38.050 | INFO     | __main__:<module>:111 - | epoch : 166 | training done |
2022-01-02 06:15:52.076 | INFO     | __main__:<module>:244 - | epoch : 166 | val done |
2022-01-02 06:16:35.718 | INFO     | __main__:<module>:111 - | epoch : 167 | training done |
2022-01-02 06:16:49.885 | INFO     | __main__:<module>:244 - | epoch : 167 | val done |
2022-01-02 06:17:33.417 | INFO     | __main__:<module>:111 - | epoch : 168 | training done |
2022-01-02 06:17:47.392 | INFO     | __main__:<module>:244 - | epoch : 168 | val done |
2022-01-02 06:18:30.919 | INFO     | __main__:<module>:111 - | epoch : 169 | training done |
2022-01-02 06:18:45.075 | INFO     | __main__:<module>:244 - | epoch : 169 | val done |
2022-01-02 06:19:28.608 | INFO     | __main__:<module>:111 - | epoch : 170 | training done |
2022-01-02 06:19:42.789 | INFO     | __main__:<module>:244 - | epoch : 170 | val done |
2022-01-02 06:20:26.334 | INFO     | __main__:<module>:111 - | epoch : 171 | training done |
2022-01-02 06:20:40.488 | INFO     | __main__:<module>:244 - | epoch : 171 | val done |
2022-01-02 06:21:24.063 | INFO     | __main__:<module>:111 - | epoch : 172 | training done |
2022-01-02 06:21:38.421 | INFO     | __main__:<module>:244 - | epoch : 172 | val done |
2022-01-02 06:22:22.052 | INFO     | __main__:<module>:111 - | epoch : 173 | training done |
2022-01-02 06:22:36.221 | INFO     | __main__:<module>:244 - | epoch : 173 | val done |
2022-01-02 06:23:19.768 | INFO     | __main__:<module>:111 - | epoch : 174 | training done |
2022-01-02 06:23:33.947 | INFO     | __main__:<module>:244 - | epoch : 174 | val done |
2022-01-02 06:24:17.590 | INFO     | __main__:<module>:111 - | epoch : 175 | training done |
2022-01-02 06:24:31.658 | INFO     | __main__:<module>:244 - | epoch : 175 | val done |
2022-01-02 06:25:15.261 | INFO     | __main__:<module>:111 - | epoch : 176 | training done |
2022-01-02 06:25:29.385 | INFO     | __main__:<module>:244 - | epoch : 176 | val done |
2022-01-02 06:26:12.928 | INFO     | __main__:<module>:111 - | epoch : 177 | training done |
2022-01-02 06:26:26.919 | INFO     | __main__:<module>:244 - | epoch : 177 | val done |
2022-01-02 06:27:10.465 | INFO     | __main__:<module>:111 - | epoch : 178 | training done |
2022-01-02 06:27:24.470 | INFO     | __main__:<module>:244 - | epoch : 178 | val done |
2022-01-02 06:28:07.983 | INFO     | __main__:<module>:111 - | epoch : 179 | training done |
2022-01-02 06:28:22.186 | INFO     | __main__:<module>:244 - | epoch : 179 | val done |
2022-01-02 06:29:05.746 | INFO     | __main__:<module>:111 - | epoch : 180 | training done |
2022-01-02 06:29:19.880 | INFO     | __main__:<module>:244 - | epoch : 180 | val done |
2022-01-02 06:30:03.431 | INFO     | __main__:<module>:111 - | epoch : 181 | training done |
2022-01-02 06:30:17.680 | INFO     | __main__:<module>:244 - | epoch : 181 | val done |
2022-01-02 06:31:01.254 | INFO     | __main__:<module>:111 - | epoch : 182 | training done |
2022-01-02 06:31:15.402 | INFO     | __main__:<module>:244 - | epoch : 182 | val done |
2022-01-02 06:31:58.964 | INFO     | __main__:<module>:111 - | epoch : 183 | training done |
2022-01-02 06:32:12.980 | INFO     | __main__:<module>:244 - | epoch : 183 | val done |
2022-01-02 06:32:56.596 | INFO     | __main__:<module>:111 - | epoch : 184 | training done |
2022-01-02 06:33:10.883 | INFO     | __main__:<module>:244 - | epoch : 184 | val done |
2022-01-02 06:33:54.374 | INFO     | __main__:<module>:111 - | epoch : 185 | training done |
2022-01-02 06:34:08.342 | INFO     | __main__:<module>:244 - | epoch : 185 | val done |
2022-01-02 06:34:51.868 | INFO     | __main__:<module>:111 - | epoch : 186 | training done |
2022-01-02 06:35:05.867 | INFO     | __main__:<module>:244 - | epoch : 186 | val done |
2022-01-02 06:35:49.460 | INFO     | __main__:<module>:111 - | epoch : 187 | training done |
2022-01-02 06:36:03.511 | INFO     | __main__:<module>:244 - | epoch : 187 | val done |
2022-01-02 06:36:47.028 | INFO     | __main__:<module>:111 - | epoch : 188 | training done |
2022-01-02 06:37:01.269 | INFO     | __main__:<module>:244 - | epoch : 188 | val done |
2022-01-02 06:37:44.863 | INFO     | __main__:<module>:111 - | epoch : 189 | training done |
2022-01-02 06:37:59.065 | INFO     | __main__:<module>:244 - | epoch : 189 | val done |
2022-01-02 06:38:42.620 | INFO     | __main__:<module>:111 - | epoch : 190 | training done |
2022-01-02 06:38:56.871 | INFO     | __main__:<module>:244 - | epoch : 190 | val done |
2022-01-02 06:39:40.412 | INFO     | __main__:<module>:111 - | epoch : 191 | training done |
2022-01-02 06:39:54.606 | INFO     | __main__:<module>:244 - | epoch : 191 | val done |
2022-01-02 06:40:38.182 | INFO     | __main__:<module>:111 - | epoch : 192 | training done |
2022-01-02 06:40:52.331 | INFO     | __main__:<module>:244 - | epoch : 192 | val done |
2022-01-02 06:41:35.881 | INFO     | __main__:<module>:111 - | epoch : 193 | training done |
2022-01-02 06:41:50.220 | INFO     | __main__:<module>:244 - | epoch : 193 | val done |
2022-01-02 06:42:33.734 | INFO     | __main__:<module>:111 - | epoch : 194 | training done |
2022-01-02 06:42:47.944 | INFO     | __main__:<module>:244 - | epoch : 194 | val done |
2022-01-02 06:43:31.485 | INFO     | __main__:<module>:111 - | epoch : 195 | training done |
2022-01-02 06:43:45.652 | INFO     | __main__:<module>:244 - | epoch : 195 | val done |
2022-01-02 06:44:29.250 | INFO     | __main__:<module>:111 - | epoch : 196 | training done |
2022-01-02 06:44:43.444 | INFO     | __main__:<module>:244 - | epoch : 196 | val done |
2022-01-02 06:45:27.018 | INFO     | __main__:<module>:111 - | epoch : 197 | training done |
2022-01-02 06:45:41.097 | INFO     | __main__:<module>:244 - | epoch : 197 | val done |
2022-01-02 06:46:24.689 | INFO     | __main__:<module>:111 - | epoch : 198 | training done |
2022-01-02 06:46:38.902 | INFO     | __main__:<module>:244 - | epoch : 198 | val done |
2022-01-02 06:47:22.461 | INFO     | __main__:<module>:111 - | epoch : 199 | training done |
2022-01-02 06:47:36.629 | INFO     | __main__:<module>:244 - | epoch : 199 | val done |
