2021-12-31 21:44:07.389 | INFO     | __main__:<module>:83 - | start training .... | current model sct_pixel_b2 |
2021-12-31 21:45:27.311 | INFO     | __main__:<module>:111 - | epoch : 0 | training done |
2021-12-31 21:45:52.851 | INFO     | __main__:<module>:240 - | epoch : 0 | CVC-300 : 0.49293306508732176 | CVC-ClinicDB : 0.5950937025681355 | CVC-ColonDB : 0.548964671455735 | ETIS-LaribPolypDB : 0.47240356307837544 | Kvasir : 0.6019462729133142 |
2021-12-31 21:45:52.852 | CRITICAL | __main__:<module>:241 - | epoch : 0 | best_val_dice_score : 0.5422682550205764 |
2021-12-31 21:47:12.635 | INFO     | __main__:<module>:111 - | epoch : 1 | training done |
2021-12-31 21:47:37.922 | INFO     | __main__:<module>:240 - | epoch : 1 | CVC-300 : 0.49799925873871403 | CVC-ClinicDB : 0.6090620138775918 | CVC-ColonDB : 0.5590635990484003 | ETIS-LaribPolypDB : 0.4950017948100806 | Kvasir : 0.6445109954321477 |
2021-12-31 21:47:37.922 | CRITICAL | __main__:<module>:241 - | epoch : 1 | best_val_dice_score : 0.5611275323813869 |
2021-12-31 21:48:57.909 | INFO     | __main__:<module>:111 - | epoch : 2 | training done |
2021-12-31 21:49:23.195 | INFO     | __main__:<module>:240 - | epoch : 2 | CVC-300 : 0.5200636694200305 | CVC-ClinicDB : 0.6498902866830685 | CVC-ColonDB : 0.5660884731596395 | ETIS-LaribPolypDB : 0.4949498907404803 | Kvasir : 0.6656483160407614 |
2021-12-31 21:49:23.195 | CRITICAL | __main__:<module>:241 - | epoch : 2 | best_val_dice_score : 0.579328127208796 |
2021-12-31 21:50:43.675 | INFO     | __main__:<module>:111 - | epoch : 3 | training done |
2021-12-31 21:51:08.907 | INFO     | __main__:<module>:240 - | epoch : 3 | CVC-300 : 0.5202048914714651 | CVC-ClinicDB : 0.6554358081935626 | CVC-ColonDB : 0.5629229102069363 | ETIS-LaribPolypDB : 0.5341831317564926 | Kvasir : 0.6694912474852605 |
2021-12-31 21:51:08.908 | CRITICAL | __main__:<module>:241 - | epoch : 3 | best_val_dice_score : 0.5884475978227435 |
2021-12-31 21:52:31.715 | INFO     | __main__:<module>:111 - | epoch : 4 | training done |
2021-12-31 21:52:57.193 | INFO     | __main__:<module>:240 - | epoch : 4 | CVC-300 : 0.5301879684932512 | CVC-ClinicDB : 0.6650652559813686 | CVC-ColonDB : 0.5747591633607859 | ETIS-LaribPolypDB : 0.5564742678808999 | Kvasir : 0.6490756423788739 |
2021-12-31 21:52:57.194 | CRITICAL | __main__:<module>:241 - | epoch : 4 | best_val_dice_score : 0.5951124596190359 |
2021-12-31 21:54:22.471 | INFO     | __main__:<module>:111 - | epoch : 5 | training done |
2021-12-31 21:54:46.907 | INFO     | __main__:<module>:240 - | epoch : 5 | CVC-300 : 0.5646086401177052 | CVC-ClinicDB : 0.7400652364933772 | CVC-ColonDB : 0.6002569396216141 | ETIS-LaribPolypDB : 0.5794714133609293 | Kvasir : 0.6905793976689293 |
2021-12-31 21:54:46.907 | CRITICAL | __main__:<module>:241 - | epoch : 5 | best_val_dice_score : 0.6349963254525111 |
2021-12-31 21:56:14.987 | INFO     | __main__:<module>:111 - | epoch : 6 | training done |
2021-12-31 21:56:38.440 | INFO     | __main__:<module>:244 - | epoch : 6 | val done |
2021-12-31 21:58:08.514 | INFO     | __main__:<module>:111 - | epoch : 7 | training done |
2021-12-31 21:58:31.367 | INFO     | __main__:<module>:240 - | epoch : 7 | CVC-300 : 0.5908631406219447 | CVC-ClinicDB : 0.7579794470890262 | CVC-ColonDB : 0.6243003681758622 | ETIS-LaribPolypDB : 0.5774267675371936 | Kvasir : 0.736360462090133 |
2021-12-31 21:58:31.368 | CRITICAL | __main__:<module>:241 - | epoch : 7 | best_val_dice_score : 0.6573860371028319 |
2021-12-31 22:00:05.103 | INFO     | __main__:<module>:111 - | epoch : 8 | training done |
2021-12-31 22:00:27.939 | INFO     | __main__:<module>:240 - | epoch : 8 | CVC-300 : 0.5951938060791317 | CVC-ClinicDB : 0.747882289388273 | CVC-ColonDB : 0.638452129847052 | ETIS-LaribPolypDB : 0.6189646994593235 | Kvasir : 0.7592529010247386 |
2021-12-31 22:00:27.940 | CRITICAL | __main__:<module>:241 - | epoch : 8 | best_val_dice_score : 0.6719491651597037 |
2021-12-31 22:02:01.701 | INFO     | __main__:<module>:111 - | epoch : 9 | training done |
2021-12-31 22:02:23.135 | INFO     | __main__:<module>:244 - | epoch : 9 | val done |
2021-12-31 22:03:55.822 | INFO     | __main__:<module>:111 - | epoch : 10 | training done |
2021-12-31 22:04:18.686 | INFO     | __main__:<module>:240 - | epoch : 10 | CVC-300 : 0.6159930312295099 | CVC-ClinicDB : 0.7875423037978523 | CVC-ColonDB : 0.6399048558591492 | ETIS-LaribPolypDB : 0.629851301049846 | Kvasir : 0.7916517601200082 |
2021-12-31 22:04:18.686 | CRITICAL | __main__:<module>:241 - | epoch : 10 | best_val_dice_score : 0.6929886504112731 |
2021-12-31 22:05:48.988 | INFO     | __main__:<module>:111 - | epoch : 11 | training done |
2021-12-31 22:06:13.102 | INFO     | __main__:<module>:240 - | epoch : 11 | CVC-300 : 0.6235746714461979 | CVC-ClinicDB : 0.8064246586006596 | CVC-ColonDB : 0.6579582973018001 | ETIS-LaribPolypDB : 0.6519868127350856 | Kvasir : 0.777566356224751 |
2021-12-31 22:06:13.102 | CRITICAL | __main__:<module>:241 - | epoch : 11 | best_val_dice_score : 0.7035021592616989 |
2021-12-31 22:07:40.381 | INFO     | __main__:<module>:111 - | epoch : 12 | training done |
2021-12-31 22:08:04.703 | INFO     | __main__:<module>:244 - | epoch : 12 | val done |
2021-12-31 22:09:29.072 | INFO     | __main__:<module>:111 - | epoch : 13 | training done |
2021-12-31 22:09:54.570 | INFO     | __main__:<module>:240 - | epoch : 13 | CVC-300 : 0.6378176345538582 | CVC-ClinicDB : 0.8174450885905987 | CVC-ColonDB : 0.6479066468236213 | ETIS-LaribPolypDB : 0.6841824486492711 | Kvasir : 0.7729368320638813 |
2021-12-31 22:09:54.571 | CRITICAL | __main__:<module>:241 - | epoch : 13 | best_val_dice_score : 0.7120577301362461 |
2021-12-31 22:11:16.041 | INFO     | __main__:<module>:111 - | epoch : 14 | training done |
2021-12-31 22:11:41.610 | INFO     | __main__:<module>:240 - | epoch : 14 | CVC-300 : 0.665185289816209 | CVC-ClinicDB : 0.8331887005815312 | CVC-ColonDB : 0.6799228292245526 | ETIS-LaribPolypDB : 0.6841781621066142 | Kvasir : 0.7541889539147724 |
2021-12-31 22:11:41.611 | CRITICAL | __main__:<module>:241 - | epoch : 14 | best_val_dice_score : 0.7233327871287358 |
2021-12-31 22:13:01.754 | INFO     | __main__:<module>:111 - | epoch : 15 | training done |
2021-12-31 22:13:27.140 | INFO     | __main__:<module>:240 - | epoch : 15 | CVC-300 : 0.6558670804365501 | CVC-ClinicDB : 0.83517099877003 | CVC-ColonDB : 0.6674412644452522 | ETIS-LaribPolypDB : 0.6778808996645846 | Kvasir : 0.8082313531247809 |
2021-12-31 22:13:27.140 | CRITICAL | __main__:<module>:241 - | epoch : 15 | best_val_dice_score : 0.7289183192882396 |
2021-12-31 22:14:47.674 | INFO     | __main__:<module>:111 - | epoch : 16 | training done |
2021-12-31 22:15:13.304 | INFO     | __main__:<module>:244 - | epoch : 16 | val done |
2021-12-31 22:16:33.249 | INFO     | __main__:<module>:111 - | epoch : 17 | training done |
2021-12-31 22:16:58.840 | INFO     | __main__:<module>:240 - | epoch : 17 | CVC-300 : 0.6760726163382308 | CVC-ClinicDB : 0.8290667515081829 | CVC-ColonDB : 0.6711679414295472 | ETIS-LaribPolypDB : 0.7019598778475628 | Kvasir : 0.8121051726651118 |
2021-12-31 22:16:58.841 | CRITICAL | __main__:<module>:241 - | epoch : 17 | best_val_dice_score : 0.738074471957727 |
2021-12-31 22:18:19.252 | INFO     | __main__:<module>:111 - | epoch : 18 | training done |
2021-12-31 22:18:44.721 | INFO     | __main__:<module>:240 - | epoch : 18 | CVC-300 : 0.7060186896924974 | CVC-ClinicDB : 0.8608643454742915 | CVC-ColonDB : 0.6859870546299344 | ETIS-LaribPolypDB : 0.6793882049243087 | Kvasir : 0.8147815548943839 |
2021-12-31 22:18:44.722 | CRITICAL | __main__:<module>:241 - | epoch : 18 | best_val_dice_score : 0.7494079699230831 |
2021-12-31 22:20:05.973 | INFO     | __main__:<module>:111 - | epoch : 19 | training done |
2021-12-31 22:20:31.625 | INFO     | __main__:<module>:240 - | epoch : 19 | CVC-300 : 0.733107712834708 | CVC-ClinicDB : 0.8712816978144844 | CVC-ColonDB : 0.7050049421789959 | ETIS-LaribPolypDB : 0.7108637654002956 | Kvasir : 0.8107231678373084 |
2021-12-31 22:20:31.625 | CRITICAL | __main__:<module>:241 - | epoch : 19 | best_val_dice_score : 0.7661962572131584 |
2021-12-31 22:21:51.741 | INFO     | __main__:<module>:111 - | epoch : 20 | training done |
2021-12-31 22:22:17.501 | INFO     | __main__:<module>:244 - | epoch : 20 | val done |
2021-12-31 22:23:37.786 | INFO     | __main__:<module>:111 - | epoch : 21 | training done |
2021-12-31 22:24:03.373 | INFO     | __main__:<module>:244 - | epoch : 21 | val done |
2021-12-31 22:25:26.333 | INFO     | __main__:<module>:111 - | epoch : 22 | training done |
2021-12-31 22:25:51.161 | INFO     | __main__:<module>:244 - | epoch : 22 | val done |
2021-12-31 22:27:17.445 | INFO     | __main__:<module>:111 - | epoch : 23 | training done |
2021-12-31 22:27:41.764 | INFO     | __main__:<module>:240 - | epoch : 23 | CVC-300 : 0.7724343755356702 | CVC-ClinicDB : 0.8886713705442709 | CVC-ColonDB : 0.710207721637674 | ETIS-LaribPolypDB : 0.7273765001567506 | Kvasir : 0.8196270879453562 |
2021-12-31 22:27:41.765 | CRITICAL | __main__:<module>:241 - | epoch : 23 | best_val_dice_score : 0.7836634111639444 |
2021-12-31 22:29:10.730 | INFO     | __main__:<module>:111 - | epoch : 24 | training done |
2021-12-31 22:29:34.267 | INFO     | __main__:<module>:244 - | epoch : 24 | val done |
2021-12-31 22:31:06.060 | INFO     | __main__:<module>:111 - | epoch : 25 | training done |
2021-12-31 22:31:28.759 | INFO     | __main__:<module>:244 - | epoch : 25 | val done |
2021-12-31 22:33:01.994 | INFO     | __main__:<module>:111 - | epoch : 26 | training done |
2021-12-31 22:33:23.923 | INFO     | __main__:<module>:244 - | epoch : 26 | val done |
2021-12-31 22:34:57.211 | INFO     | __main__:<module>:111 - | epoch : 27 | training done |
2021-12-31 22:35:19.327 | INFO     | __main__:<module>:240 - | epoch : 27 | CVC-300 : 0.7638892057371891 | CVC-ClinicDB : 0.8866124599792646 | CVC-ColonDB : 0.7273547798364123 | ETIS-LaribPolypDB : 0.6986832325635343 | Kvasir : 0.8562694052113518 |
2021-12-31 22:35:19.327 | CRITICAL | __main__:<module>:241 - | epoch : 27 | best_val_dice_score : 0.7865618166655504 |
2021-12-31 22:36:51.478 | INFO     | __main__:<module>:111 - | epoch : 28 | training done |
2021-12-31 22:37:15.067 | INFO     | __main__:<module>:244 - | epoch : 28 | val done |
2021-12-31 22:38:44.050 | INFO     | __main__:<module>:111 - | epoch : 29 | training done |
2021-12-31 22:39:08.311 | INFO     | __main__:<module>:244 - | epoch : 29 | val done |
2021-12-31 22:40:34.218 | INFO     | __main__:<module>:111 - | epoch : 30 | training done |
2021-12-31 22:40:59.114 | INFO     | __main__:<module>:244 - | epoch : 30 | val done |
2021-12-31 22:42:21.850 | INFO     | __main__:<module>:111 - | epoch : 31 | training done |
2021-12-31 22:42:47.765 | INFO     | __main__:<module>:240 - | epoch : 31 | CVC-300 : 0.7860982861588025 | CVC-ClinicDB : 0.9000820304402828 | CVC-ColonDB : 0.7365974251011896 | ETIS-LaribPolypDB : 0.7600472914906594 | Kvasir : 0.8650250556841836 |
2021-12-31 22:42:47.766 | CRITICAL | __main__:<module>:241 - | epoch : 31 | best_val_dice_score : 0.8095700177750235 |
2021-12-31 22:44:07.903 | INFO     | __main__:<module>:111 - | epoch : 32 | training done |
2021-12-31 22:44:33.484 | INFO     | __main__:<module>:244 - | epoch : 32 | val done |
2021-12-31 22:45:53.352 | INFO     | __main__:<module>:111 - | epoch : 33 | training done |
2021-12-31 22:46:18.989 | INFO     | __main__:<module>:244 - | epoch : 33 | val done |
2021-12-31 22:47:38.732 | INFO     | __main__:<module>:111 - | epoch : 34 | training done |
2021-12-31 22:48:04.476 | INFO     | __main__:<module>:244 - | epoch : 34 | val done |
2021-12-31 22:49:24.613 | INFO     | __main__:<module>:111 - | epoch : 35 | training done |
2021-12-31 22:49:50.244 | INFO     | __main__:<module>:244 - | epoch : 35 | val done |
2021-12-31 22:51:10.043 | INFO     | __main__:<module>:111 - | epoch : 36 | training done |
2021-12-31 22:51:35.631 | INFO     | __main__:<module>:240 - | epoch : 36 | CVC-300 : 0.8030478568180217 | CVC-ClinicDB : 0.9089624428685359 | CVC-ColonDB : 0.7504196159359918 | ETIS-LaribPolypDB : 0.7536142325677633 | Kvasir : 0.8324248262059478 |
2021-12-31 22:51:35.632 | CRITICAL | __main__:<module>:241 - | epoch : 36 | best_val_dice_score : 0.8096937948792521 |
2021-12-31 22:52:55.945 | INFO     | __main__:<module>:111 - | epoch : 37 | training done |
2021-12-31 22:53:21.438 | INFO     | __main__:<module>:244 - | epoch : 37 | val done |
2021-12-31 22:54:41.545 | INFO     | __main__:<module>:111 - | epoch : 38 | training done |
2021-12-31 22:55:07.030 | INFO     | __main__:<module>:244 - | epoch : 38 | val done |
2021-12-31 22:56:28.725 | INFO     | __main__:<module>:111 - | epoch : 39 | training done |
2021-12-31 22:56:54.030 | INFO     | __main__:<module>:244 - | epoch : 39 | val done |
2021-12-31 22:58:18.822 | INFO     | __main__:<module>:111 - | epoch : 40 | training done |
2021-12-31 22:58:43.123 | INFO     | __main__:<module>:240 - | epoch : 40 | CVC-300 : 0.831223739606418 | CVC-ClinicDB : 0.9198925078042268 | CVC-ColonDB : 0.7489172742906541 | ETIS-LaribPolypDB : 0.7369700115144167 | Kvasir : 0.8253879593236662 |
2021-12-31 22:58:43.123 | CRITICAL | __main__:<module>:241 - | epoch : 40 | best_val_dice_score : 0.8124782985078763 |
2021-12-31 23:00:11.200 | INFO     | __main__:<module>:111 - | epoch : 41 | training done |
2021-12-31 23:00:34.194 | INFO     | __main__:<module>:240 - | epoch : 41 | CVC-300 : 0.7827859640444703 | CVC-ClinicDB : 0.9217513069328898 | CVC-ColonDB : 0.7450272340205206 | ETIS-LaribPolypDB : 0.7597357748120992 | Kvasir : 0.8822273756044342 |
2021-12-31 23:00:34.194 | CRITICAL | __main__:<module>:241 - | epoch : 41 | best_val_dice_score : 0.8183055310828827 |
2021-12-31 23:02:04.641 | INFO     | __main__:<module>:111 - | epoch : 42 | training done |
2021-12-31 23:02:28.238 | INFO     | __main__:<module>:244 - | epoch : 42 | val done |
2021-12-31 23:04:00.926 | INFO     | __main__:<module>:111 - | epoch : 43 | training done |
2021-12-31 23:04:22.922 | INFO     | __main__:<module>:244 - | epoch : 43 | val done |
2021-12-31 23:05:56.075 | INFO     | __main__:<module>:111 - | epoch : 44 | training done |
2021-12-31 23:06:18.291 | INFO     | __main__:<module>:240 - | epoch : 44 | CVC-300 : 0.8680087232309819 | CVC-ClinicDB : 0.9136400379675063 | CVC-ColonDB : 0.7625945092507692 | ETIS-LaribPolypDB : 0.7376410805969896 | Kvasir : 0.839387456176776 |
2021-12-31 23:06:18.292 | CRITICAL | __main__:<module>:241 - | epoch : 44 | best_val_dice_score : 0.8242543614446045 |
2021-12-31 23:07:52.115 | INFO     | __main__:<module>:111 - | epoch : 45 | training done |
2021-12-31 23:08:14.463 | INFO     | __main__:<module>:244 - | epoch : 45 | val done |
2021-12-31 23:09:44.898 | INFO     | __main__:<module>:111 - | epoch : 46 | training done |
2021-12-31 23:10:09.049 | INFO     | __main__:<module>:244 - | epoch : 46 | val done |
2021-12-31 23:11:36.567 | INFO     | __main__:<module>:111 - | epoch : 47 | training done |
2021-12-31 23:12:00.482 | INFO     | __main__:<module>:244 - | epoch : 47 | val done |
2021-12-31 23:13:25.537 | INFO     | __main__:<module>:111 - | epoch : 48 | training done |
2021-12-31 23:13:50.770 | INFO     | __main__:<module>:244 - | epoch : 48 | val done |
2021-12-31 23:15:12.419 | INFO     | __main__:<module>:111 - | epoch : 49 | training done |
2021-12-31 23:15:37.938 | INFO     | __main__:<module>:244 - | epoch : 49 | val done |
2021-12-31 23:16:57.727 | INFO     | __main__:<module>:111 - | epoch : 50 | training done |
2021-12-31 23:17:23.394 | INFO     | __main__:<module>:244 - | epoch : 50 | val done |
2021-12-31 23:18:43.217 | INFO     | __main__:<module>:111 - | epoch : 51 | training done |
2021-12-31 23:19:08.750 | INFO     | __main__:<module>:240 - | epoch : 51 | CVC-300 : 0.8223999897929517 | CVC-ClinicDB : 0.9398027446200097 | CVC-ColonDB : 0.7649596449435175 | ETIS-LaribPolypDB : 0.7529022984820365 | Kvasir : 0.8827597540481074 |
2021-12-31 23:19:08.750 | CRITICAL | __main__:<module>:241 - | epoch : 51 | best_val_dice_score : 0.8325648863773246 |
2021-12-31 23:20:28.950 | INFO     | __main__:<module>:111 - | epoch : 52 | training done |
2021-12-31 23:20:54.471 | INFO     | __main__:<module>:244 - | epoch : 52 | val done |
2021-12-31 23:22:14.113 | INFO     | __main__:<module>:111 - | epoch : 53 | training done |
2021-12-31 23:22:39.565 | INFO     | __main__:<module>:244 - | epoch : 53 | val done |
2021-12-31 23:23:59.253 | INFO     | __main__:<module>:111 - | epoch : 54 | training done |
2021-12-31 23:24:25.329 | INFO     | __main__:<module>:244 - | epoch : 54 | val done |
2021-12-31 23:25:45.104 | INFO     | __main__:<module>:111 - | epoch : 55 | training done |
2021-12-31 23:26:10.502 | INFO     | __main__:<module>:244 - | epoch : 55 | val done |
2021-12-31 23:27:31.019 | INFO     | __main__:<module>:111 - | epoch : 56 | training done |
2021-12-31 23:27:56.760 | INFO     | __main__:<module>:244 - | epoch : 56 | val done |
2021-12-31 23:29:20.144 | INFO     | __main__:<module>:111 - | epoch : 57 | training done |
2021-12-31 23:29:44.876 | INFO     | __main__:<module>:244 - | epoch : 57 | val done |
2021-12-31 23:31:11.400 | INFO     | __main__:<module>:111 - | epoch : 58 | training done |
2021-12-31 23:31:35.233 | INFO     | __main__:<module>:244 - | epoch : 58 | val done |
2021-12-31 23:33:03.927 | INFO     | __main__:<module>:111 - | epoch : 59 | training done |
2021-12-31 23:33:27.014 | INFO     | __main__:<module>:244 - | epoch : 59 | val done |
2021-12-31 23:34:59.091 | INFO     | __main__:<module>:111 - | epoch : 60 | training done |
2021-12-31 23:35:21.590 | INFO     | __main__:<module>:240 - | epoch : 60 | CVC-300 : 0.8584487318725335 | CVC-ClinicDB : 0.9257154754325867 | CVC-ColonDB : 0.7680621424698767 | ETIS-LaribPolypDB : 0.775179232463394 | Kvasir : 0.8648401437059102 |
2021-12-31 23:35:21.591 | CRITICAL | __main__:<module>:241 - | epoch : 60 | best_val_dice_score : 0.8384491451888602 |
2021-12-31 23:36:55.093 | INFO     | __main__:<module>:111 - | epoch : 61 | training done |
2021-12-31 23:37:17.995 | INFO     | __main__:<module>:244 - | epoch : 61 | val done |
2021-12-31 23:38:51.408 | INFO     | __main__:<module>:111 - | epoch : 62 | training done |
2021-12-31 23:39:13.386 | INFO     | __main__:<module>:244 - | epoch : 62 | val done |
2021-12-31 23:40:45.273 | INFO     | __main__:<module>:111 - | epoch : 63 | training done |
2021-12-31 23:41:08.800 | INFO     | __main__:<module>:244 - | epoch : 63 | val done |
2021-12-31 23:42:38.642 | INFO     | __main__:<module>:111 - | epoch : 64 | training done |
2021-12-31 23:43:02.682 | INFO     | __main__:<module>:244 - | epoch : 64 | val done |
2021-12-31 23:44:28.939 | INFO     | __main__:<module>:111 - | epoch : 65 | training done |
2021-12-31 23:44:53.865 | INFO     | __main__:<module>:240 - | epoch : 65 | CVC-300 : 0.8407739504720688 | CVC-ClinicDB : 0.9336076777895598 | CVC-ColonDB : 0.7750603856643009 | ETIS-LaribPolypDB : 0.7799754777148118 | Kvasir : 0.889848830665947 |
2021-12-31 23:44:53.865 | CRITICAL | __main__:<module>:241 - | epoch : 65 | best_val_dice_score : 0.8438532644613377 |
2021-12-31 23:46:18.820 | INFO     | __main__:<module>:111 - | epoch : 66 | training done |
2021-12-31 23:46:44.441 | INFO     | __main__:<module>:244 - | epoch : 66 | val done |
2021-12-31 23:48:05.442 | INFO     | __main__:<module>:111 - | epoch : 67 | training done |
2021-12-31 23:48:30.920 | INFO     | __main__:<module>:244 - | epoch : 67 | val done |
2021-12-31 23:49:51.055 | INFO     | __main__:<module>:111 - | epoch : 68 | training done |
2021-12-31 23:50:16.520 | INFO     | __main__:<module>:244 - | epoch : 68 | val done |
2021-12-31 23:51:36.310 | INFO     | __main__:<module>:111 - | epoch : 69 | training done |
2021-12-31 23:52:01.875 | INFO     | __main__:<module>:244 - | epoch : 69 | val done |
2021-12-31 23:53:21.638 | INFO     | __main__:<module>:111 - | epoch : 70 | training done |
2021-12-31 23:53:47.277 | INFO     | __main__:<module>:244 - | epoch : 70 | val done |
2021-12-31 23:55:06.958 | INFO     | __main__:<module>:111 - | epoch : 71 | training done |
2021-12-31 23:55:32.595 | INFO     | __main__:<module>:244 - | epoch : 71 | val done |
2021-12-31 23:56:52.096 | INFO     | __main__:<module>:111 - | epoch : 72 | training done |
2021-12-31 23:57:18.131 | INFO     | __main__:<module>:244 - | epoch : 72 | val done |
2021-12-31 23:58:37.914 | INFO     | __main__:<module>:111 - | epoch : 73 | training done |
2021-12-31 23:59:03.500 | INFO     | __main__:<module>:244 - | epoch : 73 | val done |
2022-01-01 00:00:24.840 | INFO     | __main__:<module>:111 - | epoch : 74 | training done |
2022-01-01 00:00:50.434 | INFO     | __main__:<module>:244 - | epoch : 74 | val done |
2022-01-01 00:02:14.334 | INFO     | __main__:<module>:111 - | epoch : 75 | training done |
2022-01-01 00:02:39.369 | INFO     | __main__:<module>:244 - | epoch : 75 | val done |
2022-01-01 00:04:06.617 | INFO     | __main__:<module>:111 - | epoch : 76 | training done |
2022-01-01 00:04:29.910 | INFO     | __main__:<module>:244 - | epoch : 76 | val done |
2022-01-01 00:05:59.557 | INFO     | __main__:<module>:111 - | epoch : 77 | training done |
2022-01-01 00:06:22.765 | INFO     | __main__:<module>:244 - | epoch : 77 | val done |
2022-01-01 00:07:55.098 | INFO     | __main__:<module>:111 - | epoch : 78 | training done |
2022-01-01 00:08:16.874 | INFO     | __main__:<module>:244 - | epoch : 78 | val done |
2022-01-01 00:09:50.047 | INFO     | __main__:<module>:111 - | epoch : 79 | training done |
2022-01-01 00:10:12.350 | INFO     | __main__:<module>:244 - | epoch : 79 | val done |
2022-01-01 00:11:45.727 | INFO     | __main__:<module>:111 - | epoch : 80 | training done |
2022-01-01 00:12:08.403 | INFO     | __main__:<module>:244 - | epoch : 80 | val done |
2022-01-01 00:13:39.102 | INFO     | __main__:<module>:111 - | epoch : 81 | training done |
2022-01-01 00:14:02.995 | INFO     | __main__:<module>:244 - | epoch : 81 | val done |
2022-01-01 00:15:30.432 | INFO     | __main__:<module>:111 - | epoch : 82 | training done |
2022-01-01 00:15:54.364 | INFO     | __main__:<module>:244 - | epoch : 82 | val done |
2022-01-01 00:17:19.227 | INFO     | __main__:<module>:111 - | epoch : 83 | training done |
2022-01-01 00:17:44.478 | INFO     | __main__:<module>:244 - | epoch : 83 | val done |
2022-01-01 00:19:05.783 | INFO     | __main__:<module>:111 - | epoch : 84 | training done |
2022-01-01 00:19:31.282 | INFO     | __main__:<module>:244 - | epoch : 84 | val done |
2022-01-01 00:20:50.867 | INFO     | __main__:<module>:111 - | epoch : 85 | training done |
2022-01-01 00:21:16.385 | INFO     | __main__:<module>:244 - | epoch : 85 | val done |
2022-01-01 00:22:36.091 | INFO     | __main__:<module>:111 - | epoch : 86 | training done |
2022-01-01 00:23:01.887 | INFO     | __main__:<module>:244 - | epoch : 86 | val done |
2022-01-01 00:24:21.712 | INFO     | __main__:<module>:111 - | epoch : 87 | training done |
2022-01-01 00:24:47.384 | INFO     | __main__:<module>:244 - | epoch : 87 | val done |
2022-01-01 00:26:06.986 | INFO     | __main__:<module>:111 - | epoch : 88 | training done |
2022-01-01 00:26:32.676 | INFO     | __main__:<module>:244 - | epoch : 88 | val done |
2022-01-01 00:27:52.376 | INFO     | __main__:<module>:111 - | epoch : 89 | training done |
2022-01-01 00:28:17.936 | INFO     | __main__:<module>:240 - | epoch : 89 | CVC-300 : 0.8488422375642966 | CVC-ClinicDB : 0.9429501130918088 | CVC-ColonDB : 0.7724181597351655 | ETIS-LaribPolypDB : 0.7838687917428937 | Kvasir : 0.8818507719120798 |
2022-01-01 00:28:17.936 | CRITICAL | __main__:<module>:241 - | epoch : 89 | best_val_dice_score : 0.8459860148092488 |
2022-01-01 00:29:38.095 | INFO     | __main__:<module>:111 - | epoch : 90 | training done |
2022-01-01 00:30:03.619 | INFO     | __main__:<module>:244 - | epoch : 90 | val done |
2022-01-01 00:31:24.697 | INFO     | __main__:<module>:111 - | epoch : 91 | training done |
2022-01-01 00:31:50.461 | INFO     | __main__:<module>:244 - | epoch : 91 | val done |
2022-01-01 00:33:14.356 | INFO     | __main__:<module>:111 - | epoch : 92 | training done |
2022-01-01 00:33:39.596 | INFO     | __main__:<module>:244 - | epoch : 92 | val done |
2022-01-01 00:35:06.167 | INFO     | __main__:<module>:111 - | epoch : 93 | training done |
2022-01-01 00:35:29.975 | INFO     | __main__:<module>:244 - | epoch : 93 | val done |
2022-01-01 00:36:58.615 | INFO     | __main__:<module>:111 - | epoch : 94 | training done |
2022-01-01 00:37:22.232 | INFO     | __main__:<module>:244 - | epoch : 94 | val done |
2022-01-01 00:38:54.177 | INFO     | __main__:<module>:111 - | epoch : 95 | training done |
2022-01-01 00:39:16.223 | INFO     | __main__:<module>:244 - | epoch : 95 | val done |
2022-01-01 00:40:49.319 | INFO     | __main__:<module>:111 - | epoch : 96 | training done |
2022-01-01 00:41:11.572 | INFO     | __main__:<module>:244 - | epoch : 96 | val done |
2022-01-01 00:42:44.818 | INFO     | __main__:<module>:111 - | epoch : 97 | training done |
2022-01-01 00:43:07.176 | INFO     | __main__:<module>:244 - | epoch : 97 | val done |
2022-01-01 00:44:37.476 | INFO     | __main__:<module>:111 - | epoch : 98 | training done |
2022-01-01 00:45:01.274 | INFO     | __main__:<module>:244 - | epoch : 98 | val done |
2022-01-01 00:46:28.195 | INFO     | __main__:<module>:111 - | epoch : 99 | training done |
2022-01-01 00:46:52.527 | INFO     | __main__:<module>:244 - | epoch : 99 | val done |
2022-01-01 00:48:17.640 | INFO     | __main__:<module>:111 - | epoch : 100 | training done |
2022-01-01 00:48:42.832 | INFO     | __main__:<module>:244 - | epoch : 100 | val done |
2022-01-01 00:50:05.245 | INFO     | __main__:<module>:111 - | epoch : 101 | training done |
2022-01-01 00:50:30.708 | INFO     | __main__:<module>:244 - | epoch : 101 | val done |
2022-01-01 00:51:50.937 | INFO     | __main__:<module>:111 - | epoch : 102 | training done |
2022-01-01 00:52:16.557 | INFO     | __main__:<module>:244 - | epoch : 102 | val done |
2022-01-01 00:53:36.131 | INFO     | __main__:<module>:111 - | epoch : 103 | training done |
2022-01-01 00:54:01.916 | INFO     | __main__:<module>:240 - | epoch : 103 | CVC-300 : 0.8472866992765359 | CVC-ClinicDB : 0.9315884221252159 | CVC-ColonDB : 0.7809736807420199 | ETIS-LaribPolypDB : 0.8037708929244035 | Kvasir : 0.8864497073737436 |
2022-01-01 00:54:01.917 | CRITICAL | __main__:<module>:241 - | epoch : 103 | best_val_dice_score : 0.8500138804883838 |
2022-01-01 00:55:22.445 | INFO     | __main__:<module>:111 - | epoch : 104 | training done |
2022-01-01 00:55:47.960 | INFO     | __main__:<module>:244 - | epoch : 104 | val done |
2022-01-01 00:57:07.766 | INFO     | __main__:<module>:111 - | epoch : 105 | training done |
2022-01-01 00:57:33.392 | INFO     | __main__:<module>:244 - | epoch : 105 | val done |
2022-01-01 00:58:53.562 | INFO     | __main__:<module>:111 - | epoch : 106 | training done |
2022-01-01 00:59:19.052 | INFO     | __main__:<module>:244 - | epoch : 106 | val done |
2022-01-01 01:00:39.016 | INFO     | __main__:<module>:111 - | epoch : 107 | training done |
2022-01-01 01:01:04.413 | INFO     | __main__:<module>:244 - | epoch : 107 | val done |
2022-01-01 01:02:24.323 | INFO     | __main__:<module>:111 - | epoch : 108 | training done |
2022-01-01 01:02:49.751 | INFO     | __main__:<module>:244 - | epoch : 108 | val done |
2022-01-01 01:04:11.806 | INFO     | __main__:<module>:111 - | epoch : 109 | training done |
2022-01-01 01:04:37.185 | INFO     | __main__:<module>:244 - | epoch : 109 | val done |
2022-01-01 01:06:02.351 | INFO     | __main__:<module>:111 - | epoch : 110 | training done |
2022-01-01 01:06:26.729 | INFO     | __main__:<module>:244 - | epoch : 110 | val done |
2022-01-01 01:07:54.517 | INFO     | __main__:<module>:111 - | epoch : 111 | training done |
2022-01-01 01:08:17.952 | INFO     | __main__:<module>:244 - | epoch : 111 | val done |
2022-01-01 01:09:48.397 | INFO     | __main__:<module>:111 - | epoch : 112 | training done |
2022-01-01 01:10:11.105 | INFO     | __main__:<module>:244 - | epoch : 112 | val done |
2022-01-01 01:11:44.251 | INFO     | __main__:<module>:111 - | epoch : 113 | training done |
2022-01-01 01:12:06.492 | INFO     | __main__:<module>:244 - | epoch : 113 | val done |
2022-01-01 01:13:39.675 | INFO     | __main__:<module>:111 - | epoch : 114 | training done |
2022-01-01 01:14:01.624 | INFO     | __main__:<module>:244 - | epoch : 114 | val done |
2022-01-01 01:15:33.405 | INFO     | __main__:<module>:111 - | epoch : 115 | training done |
2022-01-01 01:15:57.049 | INFO     | __main__:<module>:244 - | epoch : 115 | val done |
2022-01-01 01:17:26.068 | INFO     | __main__:<module>:111 - | epoch : 116 | training done |
2022-01-01 01:17:50.285 | INFO     | __main__:<module>:244 - | epoch : 116 | val done |
2022-01-01 01:19:16.113 | INFO     | __main__:<module>:111 - | epoch : 117 | training done |
2022-01-01 01:19:41.003 | INFO     | __main__:<module>:244 - | epoch : 117 | val done |
2022-01-01 01:21:03.719 | INFO     | __main__:<module>:111 - | epoch : 118 | training done |
2022-01-01 01:21:29.089 | INFO     | __main__:<module>:240 - | epoch : 118 | CVC-300 : 0.8655750512435271 | CVC-ClinicDB : 0.940236680410035 | CVC-ColonDB : 0.7726229252707593 | ETIS-LaribPolypDB : 0.7735796696335534 | Kvasir : 0.9006288878268298 |
2022-01-01 01:21:29.090 | CRITICAL | __main__:<module>:241 - | epoch : 118 | best_val_dice_score : 0.850528642876941 |
2022-01-01 01:22:49.489 | INFO     | __main__:<module>:111 - | epoch : 119 | training done |
2022-01-01 01:23:15.040 | INFO     | __main__:<module>:244 - | epoch : 119 | val done |
2022-01-01 01:24:34.925 | INFO     | __main__:<module>:111 - | epoch : 120 | training done |
2022-01-01 01:25:00.396 | INFO     | __main__:<module>:244 - | epoch : 120 | val done |
2022-01-01 01:26:20.477 | INFO     | __main__:<module>:111 - | epoch : 121 | training done |
2022-01-01 01:26:46.189 | INFO     | __main__:<module>:244 - | epoch : 121 | val done |
2022-01-01 01:28:06.239 | INFO     | __main__:<module>:111 - | epoch : 122 | training done |
2022-01-01 01:28:31.700 | INFO     | __main__:<module>:244 - | epoch : 122 | val done |
2022-01-01 01:29:51.805 | INFO     | __main__:<module>:111 - | epoch : 123 | training done |
2022-01-01 01:30:17.357 | INFO     | __main__:<module>:244 - | epoch : 123 | val done |
2022-01-01 01:31:37.075 | INFO     | __main__:<module>:111 - | epoch : 124 | training done |
2022-01-01 01:32:02.642 | INFO     | __main__:<module>:244 - | epoch : 124 | val done |
2022-01-01 01:33:22.596 | INFO     | __main__:<module>:111 - | epoch : 125 | training done |
2022-01-01 01:33:48.243 | INFO     | __main__:<module>:244 - | epoch : 125 | val done |
2022-01-01 01:35:10.217 | INFO     | __main__:<module>:111 - | epoch : 126 | training done |
2022-01-01 01:35:35.510 | INFO     | __main__:<module>:244 - | epoch : 126 | val done |
2022-01-01 01:37:00.546 | INFO     | __main__:<module>:111 - | epoch : 127 | training done |
2022-01-01 01:37:24.895 | INFO     | __main__:<module>:244 - | epoch : 127 | val done |
2022-01-01 01:38:52.607 | INFO     | __main__:<module>:111 - | epoch : 128 | training done |
2022-01-01 01:39:15.897 | INFO     | __main__:<module>:244 - | epoch : 128 | val done |
2022-01-01 01:40:46.462 | INFO     | __main__:<module>:111 - | epoch : 129 | training done |
2022-01-01 01:41:09.407 | INFO     | __main__:<module>:244 - | epoch : 129 | val done |
2022-01-01 01:42:42.923 | INFO     | __main__:<module>:111 - | epoch : 130 | training done |
2022-01-01 01:43:05.876 | INFO     | __main__:<module>:244 - | epoch : 130 | val done |
2022-01-01 01:44:39.362 | INFO     | __main__:<module>:111 - | epoch : 131 | training done |
2022-01-01 01:45:02.101 | INFO     | __main__:<module>:244 - | epoch : 131 | val done |
2022-01-01 01:46:35.582 | INFO     | __main__:<module>:111 - | epoch : 132 | training done |
2022-01-01 01:46:58.409 | INFO     | __main__:<module>:244 - | epoch : 132 | val done |
2022-01-01 01:48:28.505 | INFO     | __main__:<module>:111 - | epoch : 133 | training done |
2022-01-01 01:48:52.722 | INFO     | __main__:<module>:244 - | epoch : 133 | val done |
2022-01-01 01:50:20.221 | INFO     | __main__:<module>:111 - | epoch : 134 | training done |
2022-01-01 01:50:44.278 | INFO     | __main__:<module>:244 - | epoch : 134 | val done |
2022-01-01 01:52:08.899 | INFO     | __main__:<module>:111 - | epoch : 135 | training done |
2022-01-01 01:52:34.300 | INFO     | __main__:<module>:244 - | epoch : 135 | val done |
2022-01-01 01:53:55.348 | INFO     | __main__:<module>:111 - | epoch : 136 | training done |
2022-01-01 01:54:21.338 | INFO     | __main__:<module>:244 - | epoch : 136 | val done |
2022-01-01 01:55:41.385 | INFO     | __main__:<module>:111 - | epoch : 137 | training done |
2022-01-01 01:56:06.945 | INFO     | __main__:<module>:244 - | epoch : 137 | val done |
2022-01-01 01:57:26.867 | INFO     | __main__:<module>:111 - | epoch : 138 | training done |
2022-01-01 01:57:52.362 | INFO     | __main__:<module>:240 - | epoch : 138 | CVC-300 : 0.8419287030198943 | CVC-ClinicDB : 0.9370989415552275 | CVC-ColonDB : 0.7836735330036447 | ETIS-LaribPolypDB : 0.7988517944892016 | Kvasir : 0.9018340431204002 |
2022-01-01 01:57:52.362 | CRITICAL | __main__:<module>:241 - | epoch : 138 | best_val_dice_score : 0.8526774030376736 |
2022-01-01 01:59:11.980 | INFO     | __main__:<module>:111 - | epoch : 139 | training done |
2022-01-01 01:59:37.718 | INFO     | __main__:<module>:244 - | epoch : 139 | val done |
2022-01-01 02:00:57.624 | INFO     | __main__:<module>:111 - | epoch : 140 | training done |
2022-01-01 02:01:23.357 | INFO     | __main__:<module>:244 - | epoch : 140 | val done |
2022-01-01 02:02:43.277 | INFO     | __main__:<module>:111 - | epoch : 141 | training done |
2022-01-01 02:03:08.738 | INFO     | __main__:<module>:244 - | epoch : 141 | val done |
2022-01-01 02:04:28.758 | INFO     | __main__:<module>:111 - | epoch : 142 | training done |
2022-01-01 02:04:54.272 | INFO     | __main__:<module>:240 - | epoch : 142 | CVC-300 : 0.8453267313078578 | CVC-ClinicDB : 0.9393787040343495 | CVC-ColonDB : 0.7812978147683319 | ETIS-LaribPolypDB : 0.8100258160681496 | Kvasir : 0.9020817532326393 |
2022-01-01 02:04:54.273 | CRITICAL | __main__:<module>:241 - | epoch : 142 | best_val_dice_score : 0.8556221638822656 |
2022-01-01 02:06:15.115 | INFO     | __main__:<module>:111 - | epoch : 143 | training done |
2022-01-01 02:06:40.808 | INFO     | __main__:<module>:244 - | epoch : 143 | val done |
2022-01-01 02:08:04.438 | INFO     | __main__:<module>:111 - | epoch : 144 | training done |
2022-01-01 02:08:29.309 | INFO     | __main__:<module>:244 - | epoch : 144 | val done |
2022-01-01 02:09:56.099 | INFO     | __main__:<module>:111 - | epoch : 145 | training done |
2022-01-01 02:10:19.451 | INFO     | __main__:<module>:244 - | epoch : 145 | val done |
2022-01-01 02:11:48.469 | INFO     | __main__:<module>:111 - | epoch : 146 | training done |
2022-01-01 02:12:11.917 | INFO     | __main__:<module>:244 - | epoch : 146 | val done |
2022-01-01 02:13:43.933 | INFO     | __main__:<module>:111 - | epoch : 147 | training done |
2022-01-01 02:14:05.971 | INFO     | __main__:<module>:244 - | epoch : 147 | val done |
2022-01-01 02:15:39.315 | INFO     | __main__:<module>:111 - | epoch : 148 | training done |
2022-01-01 02:16:01.683 | INFO     | __main__:<module>:244 - | epoch : 148 | val done |
2022-01-01 02:17:35.324 | INFO     | __main__:<module>:111 - | epoch : 149 | training done |
2022-01-01 02:17:57.673 | INFO     | __main__:<module>:244 - | epoch : 149 | val done |
2022-01-01 02:19:28.611 | INFO     | __main__:<module>:111 - | epoch : 150 | training done |
2022-01-01 02:19:52.449 | INFO     | __main__:<module>:244 - | epoch : 150 | val done |
2022-01-01 02:21:20.399 | INFO     | __main__:<module>:111 - | epoch : 151 | training done |
2022-01-01 02:21:44.156 | INFO     | __main__:<module>:244 - | epoch : 151 | val done |
2022-01-01 02:23:09.034 | INFO     | __main__:<module>:111 - | epoch : 152 | training done |
2022-01-01 02:23:34.213 | INFO     | __main__:<module>:244 - | epoch : 152 | val done |
2022-01-01 02:24:55.883 | INFO     | __main__:<module>:111 - | epoch : 153 | training done |
2022-01-01 02:25:21.359 | INFO     | __main__:<module>:244 - | epoch : 153 | val done |
2022-01-01 02:26:41.145 | INFO     | __main__:<module>:111 - | epoch : 154 | training done |
2022-01-01 02:27:06.649 | INFO     | __main__:<module>:244 - | epoch : 154 | val done |
2022-01-01 02:28:26.602 | INFO     | __main__:<module>:111 - | epoch : 155 | training done |
2022-01-01 02:28:52.251 | INFO     | __main__:<module>:244 - | epoch : 155 | val done |
2022-01-01 02:30:12.237 | INFO     | __main__:<module>:111 - | epoch : 156 | training done |
2022-01-01 02:30:37.779 | INFO     | __main__:<module>:244 - | epoch : 156 | val done |
2022-01-01 02:31:57.706 | INFO     | __main__:<module>:111 - | epoch : 157 | training done |
2022-01-01 02:32:23.343 | INFO     | __main__:<module>:244 - | epoch : 157 | val done |
2022-01-01 02:33:43.181 | INFO     | __main__:<module>:111 - | epoch : 158 | training done |
2022-01-01 02:34:08.678 | INFO     | __main__:<module>:244 - | epoch : 158 | val done |
2022-01-01 02:35:28.404 | INFO     | __main__:<module>:111 - | epoch : 159 | training done |
2022-01-01 02:35:53.884 | INFO     | __main__:<module>:244 - | epoch : 159 | val done |
2022-01-01 02:37:14.881 | INFO     | __main__:<module>:111 - | epoch : 160 | training done |
2022-01-01 02:37:40.640 | INFO     | __main__:<module>:240 - | epoch : 160 | CVC-300 : 0.8535654308599077 | CVC-ClinicDB : 0.940457469441478 | CVC-ColonDB : 0.7907343076538388 | ETIS-LaribPolypDB : 0.8126338095172615 | Kvasir : 0.8919839885635752 |
2022-01-01 02:37:40.640 | CRITICAL | __main__:<module>:241 - | epoch : 160 | best_val_dice_score : 0.8578750012072123 |
2022-01-01 02:39:04.438 | INFO     | __main__:<module>:111 - | epoch : 161 | training done |
2022-01-01 02:39:29.231 | INFO     | __main__:<module>:244 - | epoch : 161 | val done |
2022-01-01 02:40:55.686 | INFO     | __main__:<module>:111 - | epoch : 162 | training done |
2022-01-01 02:41:18.737 | INFO     | __main__:<module>:244 - | epoch : 162 | val done |
2022-01-01 02:42:47.755 | INFO     | __main__:<module>:111 - | epoch : 163 | training done |
2022-01-01 02:43:10.972 | INFO     | __main__:<module>:244 - | epoch : 163 | val done |
2022-01-01 02:44:43.300 | INFO     | __main__:<module>:111 - | epoch : 164 | training done |
2022-01-01 02:45:05.610 | INFO     | __main__:<module>:244 - | epoch : 164 | val done |
2022-01-01 02:46:38.868 | INFO     | __main__:<module>:111 - | epoch : 165 | training done |
2022-01-01 02:47:00.888 | INFO     | __main__:<module>:244 - | epoch : 165 | val done |
2022-01-01 02:48:34.088 | INFO     | __main__:<module>:111 - | epoch : 166 | training done |
2022-01-01 02:48:56.495 | INFO     | __main__:<module>:244 - | epoch : 166 | val done |
2022-01-01 02:50:27.284 | INFO     | __main__:<module>:111 - | epoch : 167 | training done |
2022-01-01 02:50:51.154 | INFO     | __main__:<module>:244 - | epoch : 167 | val done |
2022-01-01 02:52:19.027 | INFO     | __main__:<module>:111 - | epoch : 168 | training done |
2022-01-01 02:52:42.831 | INFO     | __main__:<module>:244 - | epoch : 168 | val done |
2022-01-01 02:54:07.717 | INFO     | __main__:<module>:111 - | epoch : 169 | training done |
2022-01-01 02:54:32.817 | INFO     | __main__:<module>:244 - | epoch : 169 | val done |
2022-01-01 02:55:54.228 | INFO     | __main__:<module>:111 - | epoch : 170 | training done |
2022-01-01 02:56:19.899 | INFO     | __main__:<module>:244 - | epoch : 170 | val done |
2022-01-01 02:57:39.885 | INFO     | __main__:<module>:111 - | epoch : 171 | training done |
2022-01-01 02:58:05.511 | INFO     | __main__:<module>:244 - | epoch : 171 | val done |
2022-01-01 02:59:25.512 | INFO     | __main__:<module>:111 - | epoch : 172 | training done |
2022-01-01 02:59:51.090 | INFO     | __main__:<module>:244 - | epoch : 172 | val done |
2022-01-01 03:01:10.962 | INFO     | __main__:<module>:111 - | epoch : 173 | training done |
2022-01-01 03:01:36.493 | INFO     | __main__:<module>:244 - | epoch : 173 | val done |
2022-01-01 03:02:56.299 | INFO     | __main__:<module>:111 - | epoch : 174 | training done |
2022-01-01 03:03:21.809 | INFO     | __main__:<module>:244 - | epoch : 174 | val done |
2022-01-01 03:04:32.855 | INFO     | __main__:<module>:111 - | epoch : 175 | training done |
2022-01-01 03:04:51.472 | INFO     | __main__:<module>:244 - | epoch : 175 | val done |
2022-01-01 03:05:34.126 | INFO     | __main__:<module>:111 - | epoch : 176 | training done |
2022-01-01 03:05:52.721 | INFO     | __main__:<module>:244 - | epoch : 176 | val done |
2022-01-01 03:06:35.481 | INFO     | __main__:<module>:111 - | epoch : 177 | training done |
2022-01-01 03:06:54.078 | INFO     | __main__:<module>:244 - | epoch : 177 | val done |
2022-01-01 03:07:36.722 | INFO     | __main__:<module>:111 - | epoch : 178 | training done |
2022-01-01 03:07:55.291 | INFO     | __main__:<module>:244 - | epoch : 178 | val done |
2022-01-01 03:08:37.968 | INFO     | __main__:<module>:111 - | epoch : 179 | training done |
2022-01-01 03:08:56.558 | INFO     | __main__:<module>:244 - | epoch : 179 | val done |
2022-01-01 03:09:39.330 | INFO     | __main__:<module>:111 - | epoch : 180 | training done |
2022-01-01 03:09:58.018 | INFO     | __main__:<module>:244 - | epoch : 180 | val done |
2022-01-01 03:10:40.685 | INFO     | __main__:<module>:111 - | epoch : 181 | training done |
2022-01-01 03:10:59.338 | INFO     | __main__:<module>:244 - | epoch : 181 | val done |
2022-01-01 03:11:42.001 | INFO     | __main__:<module>:111 - | epoch : 182 | training done |
2022-01-01 03:12:00.588 | INFO     | __main__:<module>:244 - | epoch : 182 | val done |
2022-01-01 03:12:43.196 | INFO     | __main__:<module>:111 - | epoch : 183 | training done |
2022-01-01 03:13:01.784 | INFO     | __main__:<module>:244 - | epoch : 183 | val done |
2022-01-01 03:13:44.439 | INFO     | __main__:<module>:111 - | epoch : 184 | training done |
2022-01-01 03:14:03.200 | INFO     | __main__:<module>:244 - | epoch : 184 | val done |
2022-01-01 03:14:45.780 | INFO     | __main__:<module>:111 - | epoch : 185 | training done |
2022-01-01 03:15:04.469 | INFO     | __main__:<module>:244 - | epoch : 185 | val done |
2022-01-01 03:15:47.194 | INFO     | __main__:<module>:111 - | epoch : 186 | training done |
2022-01-01 03:16:05.789 | INFO     | __main__:<module>:244 - | epoch : 186 | val done |
2022-01-01 03:16:48.447 | INFO     | __main__:<module>:111 - | epoch : 187 | training done |
2022-01-01 03:17:07.119 | INFO     | __main__:<module>:244 - | epoch : 187 | val done |
2022-01-01 03:17:49.768 | INFO     | __main__:<module>:111 - | epoch : 188 | training done |
2022-01-01 03:18:08.444 | INFO     | __main__:<module>:244 - | epoch : 188 | val done |
2022-01-01 03:18:51.145 | INFO     | __main__:<module>:111 - | epoch : 189 | training done |
2022-01-01 03:19:09.718 | INFO     | __main__:<module>:244 - | epoch : 189 | val done |
2022-01-01 03:19:52.279 | INFO     | __main__:<module>:111 - | epoch : 190 | training done |
2022-01-01 03:20:11.074 | INFO     | __main__:<module>:244 - | epoch : 190 | val done |
2022-01-01 03:20:53.697 | INFO     | __main__:<module>:111 - | epoch : 191 | training done |
2022-01-01 03:21:12.330 | INFO     | __main__:<module>:244 - | epoch : 191 | val done |
2022-01-01 03:21:54.994 | INFO     | __main__:<module>:111 - | epoch : 192 | training done |
2022-01-01 03:22:13.676 | INFO     | __main__:<module>:244 - | epoch : 192 | val done |
2022-01-01 03:22:56.319 | INFO     | __main__:<module>:111 - | epoch : 193 | training done |
2022-01-01 03:23:15.054 | INFO     | __main__:<module>:244 - | epoch : 193 | val done |
2022-01-01 03:23:57.761 | INFO     | __main__:<module>:111 - | epoch : 194 | training done |
2022-01-01 03:24:16.463 | INFO     | __main__:<module>:244 - | epoch : 194 | val done |
2022-01-01 03:24:59.188 | INFO     | __main__:<module>:111 - | epoch : 195 | training done |
2022-01-01 03:25:17.941 | INFO     | __main__:<module>:244 - | epoch : 195 | val done |
2022-01-01 03:26:00.659 | INFO     | __main__:<module>:111 - | epoch : 196 | training done |
2022-01-01 03:26:19.277 | INFO     | __main__:<module>:244 - | epoch : 196 | val done |
2022-01-01 03:27:01.946 | INFO     | __main__:<module>:111 - | epoch : 197 | training done |
2022-01-01 03:27:20.542 | INFO     | __main__:<module>:240 - | epoch : 197 | CVC-300 : 0.863329765704208 | CVC-ClinicDB : 0.9505401046884032 | CVC-ColonDB : 0.7972874377736302 | ETIS-LaribPolypDB : 0.7992277641901051 | Kvasir : 0.8965349169372713 |
2022-01-01 03:27:20.543 | CRITICAL | __main__:<module>:241 - | epoch : 197 | best_val_dice_score : 0.8613839978587234 |
2022-01-01 03:28:03.653 | INFO     | __main__:<module>:111 - | epoch : 198 | training done |
2022-01-01 03:28:22.303 | INFO     | __main__:<module>:244 - | epoch : 198 | val done |
2022-01-01 03:29:05.008 | INFO     | __main__:<module>:111 - | epoch : 199 | training done |
2022-01-01 03:29:23.651 | INFO     | __main__:<module>:244 - | epoch : 199 | val done |
